#
# There is insufficient memory for the Java Runtime Environment to continue.
# Native memory allocation (malloc) failed to allocate 896976 bytes for Chunk::new
# Possible reasons:
#   The system is out of physical RAM or swap space
#   The process is running with CompressedOops enabled, and the Java Heap may be blocking the growth of the native heap
# Possible solutions:
#   Reduce memory load on the system
#   Increase physical memory or swap space
#   Check if swap backing store is full
#   Decrease Java heap size (-Xmx/-Xms)
#   Decrease number of Java threads
#   Decrease Java thread stack sizes (-Xss)
#   Set larger code cache with -XX:ReservedCodeCacheSize=
#   JVM is running with Unscaled Compressed Oops mode in which the Java heap is
#     placed in the first 4GB address space. The Java Heap base address is the
#     maximum limit for the native heap growth. Please use -XX:HeapBaseMinAddress
#     to set the Java Heap base and to place the Java Heap above 4GB virtual address.
# This output file may be truncated or incomplete.
#
#  Out of Memory Error (t:/workspace/open/src/hotspot/share/memory/arena.cpp:197), pid=1740, tid=908
#
# JRE version: Java(TM) SE Runtime Environment (12.0.1+12) (build 12.0.1+12)
# Java VM: Java HotSpot(TM) 64-Bit Server VM (12.0.1+12, mixed mode, sharing, tiered, compressed oops, g1 gc, windows-amd64)
# No core dump will be written. Minidumps are not enabled by default on client versions of Windows
#

---------------  S U M M A R Y ------------

Command Line: -Dorg.gradle.native=false -Xmx512m -Dfile.encoding=windows-1251 -Duser.country=RU -Duser.language=ru -Duser.variant -ea worker.org.gradle.process.internal.worker.GradleWorkerMain 'Gradle Test Executor 2'

Host: Intel(R) Core(TM) i3-2328M CPU @ 2.20GHz, 4 cores, 7G,  Windows 10 , 64 bit Build 18362 (10.0.18362.1110)
Time: Tue Jan 12 10:54:34 2021 Oeieyiaey (ceia) elapsed time: 4 seconds (0d 0h 0m 4s)

---------------  T H R E A D  ---------------

Current thread (0x0000021c1c148800):  JavaThread "C2 CompilerThread0" daemon [_thread_in_native, id=908, stack(0x000000d40bb00000,0x000000d40bc00000)]


Current CompileTask:
C2:   4821 2040       4       org.springframework.boot.context.properties.source.ConfigurationPropertyName$ElementsParser::parse (234 bytes)

Stack: [0x000000d40bb00000,0x000000d40bc00000]
Native frames: (J=compiled Java code, j=interpreted, Vv=VM code, C=native code)
V  [jvm.dll+0x63948a]
V  [jvm.dll+0x78b31f]
V  [jvm.dll+0x78c9c1]
V  [jvm.dll+0x78d013]
V  [jvm.dll+0x262138]
V  [jvm.dll+0xc582c]
V  [jvm.dll+0xc5dac]
V  [jvm.dll+0x379662]
V  [jvm.dll+0x345493]
V  [jvm.dll+0x34485a]
V  [jvm.dll+0x21c035]
V  [jvm.dll+0x21b20a]
V  [jvm.dll+0x199890]
V  [jvm.dll+0x22a534]
V  [jvm.dll+0x228b88]
V  [jvm.dll+0x74f660]
V  [jvm.dll+0x748648]
V  [jvm.dll+0x638566]
C  [ucrtbase.dll+0x210b2]
C  [KERNEL32.DLL+0x17c24]
C  [ntdll.dll+0x6d4d1]


---------------  P R O C E S S  ---------------

Threads class SMR info:
_java_thread_list=0x0000021c1e445be0, length=15, elements={
0x0000021c7f80c000, 0x0000021c1b927800, 0x0000021c1b92c000, 0x0000021c1c144800,
0x0000021c1c147800, 0x0000021c1c148800, 0x0000021c1c14f000, 0x0000021c1c158800,
0x0000021c1c29d000, 0x0000021c1c2af000, 0x0000021c1cb7a000, 0x0000021c1cb8f000,
0x0000021c1cb92800, 0x0000021c1cd3e800, 0x0000021c1cbfc000
}

Java Threads: ( => current thread )
  0x0000021c7f80c000 JavaThread "main" [_thread_blocked, id=6500, stack(0x000000d40b000000,0x000000d40b100000)]
  0x0000021c1b927800 JavaThread "Reference Handler" daemon [_thread_blocked, id=1504, stack(0x000000d40b700000,0x000000d40b800000)]
  0x0000021c1b92c000 JavaThread "Finalizer" daemon [_thread_blocked, id=2140, stack(0x000000d40b800000,0x000000d40b900000)]
  0x0000021c1c144800 JavaThread "Signal Dispatcher" daemon [_thread_blocked, id=2856, stack(0x000000d40b900000,0x000000d40ba00000)]
  0x0000021c1c147800 JavaThread "Attach Listener" daemon [_thread_blocked, id=9884, stack(0x000000d40ba00000,0x000000d40bb00000)]
=>0x0000021c1c148800 JavaThread "C2 CompilerThread0" daemon [_thread_in_native, id=908, stack(0x000000d40bb00000,0x000000d40bc00000)]
  0x0000021c1c14f000 JavaThread "C1 CompilerThread0" daemon [_thread_blocked, id=8200, stack(0x000000d40bc00000,0x000000d40bd00000)]
  0x0000021c1c158800 JavaThread "Sweeper thread" daemon [_thread_blocked, id=120, stack(0x000000d40bd00000,0x000000d40be00000)]
  0x0000021c1c29d000 JavaThread "Service Thread" daemon [_thread_blocked, id=3508, stack(0x000000d40be00000,0x000000d40bf00000)]
  0x0000021c1c2af000 JavaThread "Common-Cleaner" daemon [_thread_blocked, id=9248, stack(0x000000d40c000000,0x000000d40c100000)]
  0x0000021c1cb7a000 JavaThread "Test worker" [_thread_in_native, id=6224, stack(0x000000d40c400000,0x000000d40c500000)]
  0x0000021c1cb8f000 JavaThread "/127.0.0.1:51525 to /127.0.0.1:51524 workers Thread 2" [_thread_blocked, id=3852, stack(0x000000d40c500000,0x000000d40c600000)]
  0x0000021c1cb92800 JavaThread "/127.0.0.1:51525 to /127.0.0.1:51524 workers Thread 3" [_thread_in_native, id=5304, stack(0x000000d40c600000,0x000000d40c700000)]
  0x0000021c1cd3e800 JavaThread "C2 CompilerThread1" daemon [_thread_in_vm, id=2496, stack(0x000000d40c800000,0x000000d40c900000)]
  0x0000021c1cbfc000 JavaThread "background-preinit" [_thread_in_vm, id=9660, stack(0x000000d40c900000,0x000000d40ca00000)]

Other Threads:
  0x0000021c1b926800 VMThread "VM Thread" [stack: 0x000000d40b600000,0x000000d40b700000] [id=5260]
  0x0000021c1c2a8000 WatcherThread [stack: 0x000000d40bf00000,0x000000d40c000000] [id=7656]
  0x0000021c7f82e800 GCTaskThread "GC Thread#0" [stack: 0x000000d40b100000,0x000000d40b200000] [id=3360]
  0x0000021c1cb51800 GCTaskThread "GC Thread#1" [stack: 0x000000d40c200000,0x000000d40c300000] [id=4876]
  0x0000021c1cb52000 GCTaskThread "GC Thread#2" [stack: 0x000000d40c300000,0x000000d40c400000] [id=5136]
  0x0000021c1cca7000 GCTaskThread "GC Thread#3" [stack: 0x000000d40c700000,0x000000d40c800000] [id=6972]
  0x0000021c7f834800 ConcurrentGCThread "G1 Main Marker" [stack: 0x000000d40b200000,0x000000d40b300000] [id=7924]
  0x0000021c7f836800 ConcurrentGCThread "G1 Conc#0" [stack: 0x000000d40b300000,0x000000d40b400000] [id=2652]
  0x0000021c1b79e800 ConcurrentGCThread "G1 Refine#0" [stack: 0x000000d40b400000,0x000000d40b500000] [id=9888]
  0x0000021c1b7a1800 ConcurrentGCThread "G1 Young RemSet Sampling" [stack: 0x000000d40b500000,0x000000d40b600000] [id=3564]

Threads with active compile tasks:
C2 CompilerThread0  2040       4       org.springframework.boot.context.properties.source.ConfigurationPropertyName$ElementsParser::parse (234 bytes)
C2 CompilerThread1  2099       4       java.lang.invoke.MethodType::makeImpl (108 bytes)

VM state:not at safepoint (normal execution)

VM Mutex/Monitor currently owned by a thread: None

Heap address: 0x00000000e0000000, size: 512 MB, Compressed Oops mode: 32-bit
Narrow klass base: 0x0000000800000000, Narrow klass shift: 3
Compressed class space size: 1073741824 Address: 0x00000008011a0000

Heap:
 garbage-first heap   total 129024K, used 23132K [0x00000000e0000000, 0x0000000100000000)
  region size 1024K, 18 young (18432K), 4 survivors (4096K)
 Metaspace       used 18495K, capacity 19328K, committed 19456K, reserved 1067008K
  class space    used 2431K, capacity 2735K, committed 2816K, reserved 1048576K
Heap Regions: E=young(eden), S=young(survivor), O=old, HS=humongous(starts), HC=humongous(continues), CS=collection set, F=free, A=archive, TAMS=top-at-mark-start (previous, next)
|   0|0x00000000e0000000, 0x00000000e0100000, 0x00000000e0100000|100%| O|  |TAMS 0x00000000e0000000, 0x00000000e0000000| Untracked 
|   1|0x00000000e0100000, 0x00000000e0200000, 0x00000000e0200000|100%| O|  |TAMS 0x00000000e0100000, 0x00000000e0100000| Untracked 
|   2|0x00000000e0200000, 0x00000000e0300000, 0x00000000e0300000|100%| O|  |TAMS 0x00000000e0200000, 0x00000000e0200000| Untracked 
|   3|0x00000000e0300000, 0x00000000e0400000, 0x00000000e0400000|100%| O|  |TAMS 0x00000000e0300000, 0x00000000e0300000| Untracked 
|   4|0x00000000e0400000, 0x00000000e0500000, 0x00000000e0500000|100%| O|  |TAMS 0x00000000e0400000, 0x00000000e0400000| Untracked 
|   5|0x00000000e0500000, 0x00000000e0600000, 0x00000000e0600000|100%| O|  |TAMS 0x00000000e0500000, 0x00000000e0500000| Untracked 
|   6|0x00000000e0600000, 0x00000000e067c400, 0x00000000e0700000| 48%| O|  |TAMS 0x00000000e0600000, 0x00000000e0600000| Untracked 
|   7|0x00000000e0700000, 0x00000000e0700000, 0x00000000e0800000|  0%| F|  |TAMS 0x00000000e0700000, 0x00000000e0700000| Untracked 
|   8|0x00000000e0800000, 0x00000000e0800000, 0x00000000e0900000|  0%| F|  |TAMS 0x00000000e0800000, 0x00000000e0800000| Untracked 
|   9|0x00000000e0900000, 0x00000000e0900000, 0x00000000e0a00000|  0%| F|  |TAMS 0x00000000e0900000, 0x00000000e0900000| Untracked 
|  10|0x00000000e0a00000, 0x00000000e0a00000, 0x00000000e0b00000|  0%| F|  |TAMS 0x00000000e0a00000, 0x00000000e0a00000| Untracked 
|  11|0x00000000e0b00000, 0x00000000e0b00000, 0x00000000e0c00000|  0%| F|  |TAMS 0x00000000e0b00000, 0x00000000e0b00000| Untracked 
|  12|0x00000000e0c00000, 0x00000000e0c00000, 0x00000000e0d00000|  0%| F|  |TAMS 0x00000000e0c00000, 0x00000000e0c00000| Untracked 
|  13|0x00000000e0d00000, 0x00000000e0d00000, 0x00000000e0e00000|  0%| F|  |TAMS 0x00000000e0d00000, 0x00000000e0d00000| Untracked 
|  14|0x00000000e0e00000, 0x00000000e0e00000, 0x00000000e0f00000|  0%| F|  |TAMS 0x00000000e0e00000, 0x00000000e0e00000| Untracked 
|  15|0x00000000e0f00000, 0x00000000e0f00000, 0x00000000e1000000|  0%| F|  |TAMS 0x00000000e0f00000, 0x00000000e0f00000| Untracked 
|  16|0x00000000e1000000, 0x00000000e1000000, 0x00000000e1100000|  0%| F|  |TAMS 0x00000000e1000000, 0x00000000e1000000| Untracked 
|  17|0x00000000e1100000, 0x00000000e1100000, 0x00000000e1200000|  0%| F|  |TAMS 0x00000000e1100000, 0x00000000e1100000| Untracked 
|  18|0x00000000e1200000, 0x00000000e1200000, 0x00000000e1300000|  0%| F|  |TAMS 0x00000000e1200000, 0x00000000e1200000| Untracked 
|  19|0x00000000e1300000, 0x00000000e1300000, 0x00000000e1400000|  0%| F|  |TAMS 0x00000000e1300000, 0x00000000e1300000| Untracked 
|  20|0x00000000e1400000, 0x00000000e1400000, 0x00000000e1500000|  0%| F|  |TAMS 0x00000000e1400000, 0x00000000e1400000| Untracked 
|  21|0x00000000e1500000, 0x00000000e1500000, 0x00000000e1600000|  0%| F|  |TAMS 0x00000000e1500000, 0x00000000e1500000| Untracked 
|  22|0x00000000e1600000, 0x00000000e1600000, 0x00000000e1700000|  0%| F|  |TAMS 0x00000000e1600000, 0x00000000e1600000| Untracked 
|  23|0x00000000e1700000, 0x00000000e1700000, 0x00000000e1800000|  0%| F|  |TAMS 0x00000000e1700000, 0x00000000e1700000| Untracked 
|  24|0x00000000e1800000, 0x00000000e1800000, 0x00000000e1900000|  0%| F|  |TAMS 0x00000000e1800000, 0x00000000e1800000| Untracked 
|  25|0x00000000e1900000, 0x00000000e1900000, 0x00000000e1a00000|  0%| F|  |TAMS 0x00000000e1900000, 0x00000000e1900000| Untracked 
|  26|0x00000000e1a00000, 0x00000000e1a00000, 0x00000000e1b00000|  0%| F|  |TAMS 0x00000000e1a00000, 0x00000000e1a00000| Untracked 
|  27|0x00000000e1b00000, 0x00000000e1b00000, 0x00000000e1c00000|  0%| F|  |TAMS 0x00000000e1b00000, 0x00000000e1b00000| Untracked 
|  28|0x00000000e1c00000, 0x00000000e1c00000, 0x00000000e1d00000|  0%| F|  |TAMS 0x00000000e1c00000, 0x00000000e1c00000| Untracked 
|  29|0x00000000e1d00000, 0x00000000e1d00000, 0x00000000e1e00000|  0%| F|  |TAMS 0x00000000e1d00000, 0x00000000e1d00000| Untracked 
|  30|0x00000000e1e00000, 0x00000000e1e00000, 0x00000000e1f00000|  0%| F|  |TAMS 0x00000000e1e00000, 0x00000000e1e00000| Untracked 
|  31|0x00000000e1f00000, 0x00000000e1f00000, 0x00000000e2000000|  0%| F|  |TAMS 0x00000000e1f00000, 0x00000000e1f00000| Untracked 
|  32|0x00000000e2000000, 0x00000000e2000000, 0x00000000e2100000|  0%| F|  |TAMS 0x00000000e2000000, 0x00000000e2000000| Untracked 
|  33|0x00000000e2100000, 0x00000000e2100000, 0x00000000e2200000|  0%| F|  |TAMS 0x00000000e2100000, 0x00000000e2100000| Untracked 
|  34|0x00000000e2200000, 0x00000000e2200000, 0x00000000e2300000|  0%| F|  |TAMS 0x00000000e2200000, 0x00000000e2200000| Untracked 
|  35|0x00000000e2300000, 0x00000000e2300000, 0x00000000e2400000|  0%| F|  |TAMS 0x00000000e2300000, 0x00000000e2300000| Untracked 
|  36|0x00000000e2400000, 0x00000000e2400000, 0x00000000e2500000|  0%| F|  |TAMS 0x00000000e2400000, 0x00000000e2400000| Untracked 
|  37|0x00000000e2500000, 0x00000000e2500000, 0x00000000e2600000|  0%| F|  |TAMS 0x00000000e2500000, 0x00000000e2500000| Untracked 
|  38|0x00000000e2600000, 0x00000000e2600000, 0x00000000e2700000|  0%| F|  |TAMS 0x00000000e2600000, 0x00000000e2600000| Untracked 
|  39|0x00000000e2700000, 0x00000000e2700000, 0x00000000e2800000|  0%| F|  |TAMS 0x00000000e2700000, 0x00000000e2700000| Untracked 
|  40|0x00000000e2800000, 0x00000000e2800000, 0x00000000e2900000|  0%| F|  |TAMS 0x00000000e2800000, 0x00000000e2800000| Untracked 
|  41|0x00000000e2900000, 0x00000000e2900000, 0x00000000e2a00000|  0%| F|  |TAMS 0x00000000e2900000, 0x00000000e2900000| Untracked 
|  42|0x00000000e2a00000, 0x00000000e2a00000, 0x00000000e2b00000|  0%| F|  |TAMS 0x00000000e2a00000, 0x00000000e2a00000| Untracked 
|  43|0x00000000e2b00000, 0x00000000e2b00000, 0x00000000e2c00000|  0%| F|  |TAMS 0x00000000e2b00000, 0x00000000e2b00000| Untracked 
|  44|0x00000000e2c00000, 0x00000000e2c00000, 0x00000000e2d00000|  0%| F|  |TAMS 0x00000000e2c00000, 0x00000000e2c00000| Untracked 
|  45|0x00000000e2d00000, 0x00000000e2d00000, 0x00000000e2e00000|  0%| F|  |TAMS 0x00000000e2d00000, 0x00000000e2d00000| Untracked 
|  46|0x00000000e2e00000, 0x00000000e2e00000, 0x00000000e2f00000|  0%| F|  |TAMS 0x00000000e2e00000, 0x00000000e2e00000| Untracked 
|  47|0x00000000e2f00000, 0x00000000e2f00000, 0x00000000e3000000|  0%| F|  |TAMS 0x00000000e2f00000, 0x00000000e2f00000| Untracked 
|  48|0x00000000e3000000, 0x00000000e3000000, 0x00000000e3100000|  0%| F|  |TAMS 0x00000000e3000000, 0x00000000e3000000| Untracked 
|  49|0x00000000e3100000, 0x00000000e3100000, 0x00000000e3200000|  0%| F|  |TAMS 0x00000000e3100000, 0x00000000e3100000| Untracked 
|  50|0x00000000e3200000, 0x00000000e3200000, 0x00000000e3300000|  0%| F|  |TAMS 0x00000000e3200000, 0x00000000e3200000| Untracked 
|  51|0x00000000e3300000, 0x00000000e3300000, 0x00000000e3400000|  0%| F|  |TAMS 0x00000000e3300000, 0x00000000e3300000| Untracked 
|  52|0x00000000e3400000, 0x00000000e3400000, 0x00000000e3500000|  0%| F|  |TAMS 0x00000000e3400000, 0x00000000e3400000| Untracked 
|  53|0x00000000e3500000, 0x00000000e3500000, 0x00000000e3600000|  0%| F|  |TAMS 0x00000000e3500000, 0x00000000e3500000| Untracked 
|  54|0x00000000e3600000, 0x00000000e3600000, 0x00000000e3700000|  0%| F|  |TAMS 0x00000000e3600000, 0x00000000e3600000| Untracked 
|  55|0x00000000e3700000, 0x00000000e3700000, 0x00000000e3800000|  0%| F|  |TAMS 0x00000000e3700000, 0x00000000e3700000| Untracked 
|  56|0x00000000e3800000, 0x00000000e3800000, 0x00000000e3900000|  0%| F|  |TAMS 0x00000000e3800000, 0x00000000e3800000| Untracked 
|  57|0x00000000e3900000, 0x00000000e3900000, 0x00000000e3a00000|  0%| F|  |TAMS 0x00000000e3900000, 0x00000000e3900000| Untracked 
|  58|0x00000000e3a00000, 0x00000000e3a00000, 0x00000000e3b00000|  0%| F|  |TAMS 0x00000000e3a00000, 0x00000000e3a00000| Untracked 
|  59|0x00000000e3b00000, 0x00000000e3b00000, 0x00000000e3c00000|  0%| F|  |TAMS 0x00000000e3b00000, 0x00000000e3b00000| Untracked 
|  60|0x00000000e3c00000, 0x00000000e3c00000, 0x00000000e3d00000|  0%| F|  |TAMS 0x00000000e3c00000, 0x00000000e3c00000| Untracked 
|  61|0x00000000e3d00000, 0x00000000e3d00000, 0x00000000e3e00000|  0%| F|  |TAMS 0x00000000e3d00000, 0x00000000e3d00000| Untracked 
|  62|0x00000000e3e00000, 0x00000000e3e00000, 0x00000000e3f00000|  0%| F|  |TAMS 0x00000000e3e00000, 0x00000000e3e00000| Untracked 
|  63|0x00000000e3f00000, 0x00000000e3f00000, 0x00000000e4000000|  0%| F|  |TAMS 0x00000000e3f00000, 0x00000000e3f00000| Untracked 
|  64|0x00000000e4000000, 0x00000000e4000000, 0x00000000e4100000|  0%| F|  |TAMS 0x00000000e4000000, 0x00000000e4000000| Untracked 
|  65|0x00000000e4100000, 0x00000000e4100000, 0x00000000e4200000|  0%| F|  |TAMS 0x00000000e4100000, 0x00000000e4100000| Untracked 
|  66|0x00000000e4200000, 0x00000000e4200000, 0x00000000e4300000|  0%| F|  |TAMS 0x00000000e4200000, 0x00000000e4200000| Untracked 
|  67|0x00000000e4300000, 0x00000000e4300000, 0x00000000e4400000|  0%| F|  |TAMS 0x00000000e4300000, 0x00000000e4300000| Untracked 
|  68|0x00000000e4400000, 0x00000000e4400000, 0x00000000e4500000|  0%| F|  |TAMS 0x00000000e4400000, 0x00000000e4400000| Untracked 
|  69|0x00000000e4500000, 0x00000000e4500000, 0x00000000e4600000|  0%| F|  |TAMS 0x00000000e4500000, 0x00000000e4500000| Untracked 
|  70|0x00000000e4600000, 0x00000000e4600000, 0x00000000e4700000|  0%| F|  |TAMS 0x00000000e4600000, 0x00000000e4600000| Untracked 
|  71|0x00000000e4700000, 0x00000000e4700000, 0x00000000e4800000|  0%| F|  |TAMS 0x00000000e4700000, 0x00000000e4700000| Untracked 
|  72|0x00000000e4800000, 0x00000000e4800000, 0x00000000e4900000|  0%| F|  |TAMS 0x00000000e4800000, 0x00000000e4800000| Untracked 
|  73|0x00000000e4900000, 0x00000000e4900000, 0x00000000e4a00000|  0%| F|  |TAMS 0x00000000e4900000, 0x00000000e4900000| Untracked 
|  74|0x00000000e4a00000, 0x00000000e4a00000, 0x00000000e4b00000|  0%| F|  |TAMS 0x00000000e4a00000, 0x00000000e4a00000| Untracked 
|  75|0x00000000e4b00000, 0x00000000e4b00000, 0x00000000e4c00000|  0%| F|  |TAMS 0x00000000e4b00000, 0x00000000e4b00000| Untracked 
|  76|0x00000000e4c00000, 0x00000000e4c00000, 0x00000000e4d00000|  0%| F|  |TAMS 0x00000000e4c00000, 0x00000000e4c00000| Untracked 
|  77|0x00000000e4d00000, 0x00000000e4d00000, 0x00000000e4e00000|  0%| F|  |TAMS 0x00000000e4d00000, 0x00000000e4d00000| Untracked 
|  78|0x00000000e4e00000, 0x00000000e4e00000, 0x00000000e4f00000|  0%| F|  |TAMS 0x00000000e4e00000, 0x00000000e4e00000| Untracked 
|  79|0x00000000e4f00000, 0x00000000e4f1ac30, 0x00000000e5000000| 10%| S|CS|TAMS 0x00000000e4f00000, 0x00000000e4f00000| Complete 
|  80|0x00000000e5000000, 0x00000000e5100000, 0x00000000e5100000|100%| S|CS|TAMS 0x00000000e5000000, 0x00000000e5000000| Complete 
|  81|0x00000000e5100000, 0x00000000e5200000, 0x00000000e5200000|100%| S|CS|TAMS 0x00000000e5100000, 0x00000000e5100000| Complete 
|  82|0x00000000e5200000, 0x00000000e5300000, 0x00000000e5300000|100%| S|CS|TAMS 0x00000000e5200000, 0x00000000e5200000| Complete 
|  83|0x00000000e5300000, 0x00000000e5300000, 0x00000000e5400000|  0%| F|  |TAMS 0x00000000e5300000, 0x00000000e5300000| Untracked 
|  84|0x00000000e5400000, 0x00000000e5400000, 0x00000000e5500000|  0%| F|  |TAMS 0x00000000e5400000, 0x00000000e5400000| Untracked 
|  85|0x00000000e5500000, 0x00000000e5500000, 0x00000000e5600000|  0%| F|  |TAMS 0x00000000e5500000, 0x00000000e5500000| Untracked 
|  86|0x00000000e5600000, 0x00000000e5600000, 0x00000000e5700000|  0%| F|  |TAMS 0x00000000e5600000, 0x00000000e5600000| Untracked 
|  87|0x00000000e5700000, 0x00000000e5700000, 0x00000000e5800000|  0%| F|  |TAMS 0x00000000e5700000, 0x00000000e5700000| Untracked 
|  88|0x00000000e5800000, 0x00000000e5800000, 0x00000000e5900000|  0%| F|  |TAMS 0x00000000e5800000, 0x00000000e5800000| Untracked 
|  89|0x00000000e5900000, 0x00000000e5900000, 0x00000000e5a00000|  0%| F|  |TAMS 0x00000000e5900000, 0x00000000e5900000| Untracked 
|  90|0x00000000e5a00000, 0x00000000e5a00000, 0x00000000e5b00000|  0%| F|  |TAMS 0x00000000e5a00000, 0x00000000e5a00000| Untracked 
|  91|0x00000000e5b00000, 0x00000000e5b00000, 0x00000000e5c00000|  0%| F|  |TAMS 0x00000000e5b00000, 0x00000000e5b00000| Untracked 
|  92|0x00000000e5c00000, 0x00000000e5c00000, 0x00000000e5d00000|  0%| F|  |TAMS 0x00000000e5c00000, 0x00000000e5c00000| Untracked 
|  93|0x00000000e5d00000, 0x00000000e5d00000, 0x00000000e5e00000|  0%| F|  |TAMS 0x00000000e5d00000, 0x00000000e5d00000| Untracked 
|  94|0x00000000e5e00000, 0x00000000e5e00000, 0x00000000e5f00000|  0%| F|  |TAMS 0x00000000e5e00000, 0x00000000e5e00000| Untracked 
|  95|0x00000000e5f00000, 0x00000000e5f00000, 0x00000000e6000000|  0%| F|  |TAMS 0x00000000e5f00000, 0x00000000e5f00000| Untracked 
|  96|0x00000000e6000000, 0x00000000e6000000, 0x00000000e6100000|  0%| F|  |TAMS 0x00000000e6000000, 0x00000000e6000000| Untracked 
|  97|0x00000000e6100000, 0x00000000e6100000, 0x00000000e6200000|  0%| F|  |TAMS 0x00000000e6100000, 0x00000000e6100000| Untracked 
|  98|0x00000000e6200000, 0x00000000e6200000, 0x00000000e6300000|  0%| F|  |TAMS 0x00000000e6200000, 0x00000000e6200000| Untracked 
|  99|0x00000000e6300000, 0x00000000e6300000, 0x00000000e6400000|  0%| F|  |TAMS 0x00000000e6300000, 0x00000000e6300000| Untracked 
| 100|0x00000000e6400000, 0x00000000e6400000, 0x00000000e6500000|  0%| F|  |TAMS 0x00000000e6400000, 0x00000000e6400000| Untracked 
| 101|0x00000000e6500000, 0x00000000e6500000, 0x00000000e6600000|  0%| F|  |TAMS 0x00000000e6500000, 0x00000000e6500000| Untracked 
| 102|0x00000000e6600000, 0x00000000e6600000, 0x00000000e6700000|  0%| F|  |TAMS 0x00000000e6600000, 0x00000000e6600000| Untracked 
| 103|0x00000000e6700000, 0x00000000e6700000, 0x00000000e6800000|  0%| F|  |TAMS 0x00000000e6700000, 0x00000000e6700000| Untracked 
| 104|0x00000000e6800000, 0x00000000e6800000, 0x00000000e6900000|  0%| F|  |TAMS 0x00000000e6800000, 0x00000000e6800000| Untracked 
| 105|0x00000000e6900000, 0x00000000e6900000, 0x00000000e6a00000|  0%| F|  |TAMS 0x00000000e6900000, 0x00000000e6900000| Untracked 
| 106|0x00000000e6a00000, 0x00000000e6a00000, 0x00000000e6b00000|  0%| F|  |TAMS 0x00000000e6a00000, 0x00000000e6a00000| Untracked 
| 107|0x00000000e6b00000, 0x00000000e6b00000, 0x00000000e6c00000|  0%| F|  |TAMS 0x00000000e6b00000, 0x00000000e6b00000| Untracked 
| 108|0x00000000e6c00000, 0x00000000e6c00000, 0x00000000e6d00000|  0%| F|  |TAMS 0x00000000e6c00000, 0x00000000e6c00000| Untracked 
| 109|0x00000000e6d00000, 0x00000000e6d00000, 0x00000000e6e00000|  0%| F|  |TAMS 0x00000000e6d00000, 0x00000000e6d00000| Untracked 
| 110|0x00000000e6e00000, 0x00000000e6e00000, 0x00000000e6f00000|  0%| F|  |TAMS 0x00000000e6e00000, 0x00000000e6e00000| Untracked 
| 111|0x00000000e6f00000, 0x00000000e6f470e8, 0x00000000e7000000| 27%| E|  |TAMS 0x00000000e6f00000, 0x00000000e6f00000| Complete 
| 112|0x00000000e7000000, 0x00000000e7100000, 0x00000000e7100000|100%| E|CS|TAMS 0x00000000e7000000, 0x00000000e7000000| Complete 
| 113|0x00000000e7100000, 0x00000000e7200000, 0x00000000e7200000|100%| E|CS|TAMS 0x00000000e7100000, 0x00000000e7100000| Complete 
| 114|0x00000000e7200000, 0x00000000e7300000, 0x00000000e7300000|100%| E|CS|TAMS 0x00000000e7200000, 0x00000000e7200000| Complete 
| 115|0x00000000e7300000, 0x00000000e7400000, 0x00000000e7400000|100%| E|CS|TAMS 0x00000000e7300000, 0x00000000e7300000| Complete 
| 116|0x00000000e7400000, 0x00000000e7500000, 0x00000000e7500000|100%| E|CS|TAMS 0x00000000e7400000, 0x00000000e7400000| Complete 
| 117|0x00000000e7500000, 0x00000000e7600000, 0x00000000e7600000|100%| E|CS|TAMS 0x00000000e7500000, 0x00000000e7500000| Complete 
| 118|0x00000000e7600000, 0x00000000e7700000, 0x00000000e7700000|100%| E|CS|TAMS 0x00000000e7600000, 0x00000000e7600000| Complete 
| 119|0x00000000e7700000, 0x00000000e7800000, 0x00000000e7800000|100%| E|CS|TAMS 0x00000000e7700000, 0x00000000e7700000| Complete 
| 120|0x00000000e7800000, 0x00000000e7900000, 0x00000000e7900000|100%| E|CS|TAMS 0x00000000e7800000, 0x00000000e7800000| Complete 
| 121|0x00000000e7900000, 0x00000000e7a00000, 0x00000000e7a00000|100%| E|CS|TAMS 0x00000000e7900000, 0x00000000e7900000| Complete 
| 122|0x00000000e7a00000, 0x00000000e7b00000, 0x00000000e7b00000|100%| E|CS|TAMS 0x00000000e7a00000, 0x00000000e7a00000| Complete 
| 123|0x00000000e7b00000, 0x00000000e7c00000, 0x00000000e7c00000|100%| E|CS|TAMS 0x00000000e7b00000, 0x00000000e7b00000| Complete 
| 124|0x00000000e7c00000, 0x00000000e7d00000, 0x00000000e7d00000|100%| E|CS|TAMS 0x00000000e7c00000, 0x00000000e7c00000| Complete 
| 125|0x00000000e7d00000, 0x00000000e7e00000, 0x00000000e7e00000|100%| E|CS|TAMS 0x00000000e7d00000, 0x00000000e7d00000| Complete 

Card table byte_map: [0x0000021c7f860000,0x0000021c7f960000] _byte_map_base: 0x0000021c7f160000

Marking Bits (Prev, Next): (CMBitMap*) 0x0000021c7f830788, (CMBitMap*) 0x0000021c7f8307c8
 Prev Bits: [0x0000021c18740000, 0x0000021c18f40000)
 Next Bits: [0x0000021c18f40000, 0x0000021c19740000)

Polling page: 0x0000021c7eba0000

Metaspace:

Usage:
  Non-class:     16.27 MB capacity,    15.80 MB ( 97%) used,   397.34 KB (  2%) free+waste,    83.56 KB ( <1%) overhead. 
      Class:      2.70 MB capacity,     2.38 MB ( 88%) used,   285.87 KB ( 10%) free+waste,    43.63 KB (  2%) overhead. 
       Both:     18.97 MB capacity,    18.18 MB ( 96%) used,   683.21 KB (  4%) free+waste,   127.19 KB ( <1%) overhead. 

Virtual space:
  Non-class space:       18.00 MB reserved,      16.50 MB ( 92%) committed 
      Class space:        1.00 GB reserved,       2.75 MB ( <1%) committed 
             Both:        1.02 GB reserved,      19.25 MB (  2%) committed 

Chunk freelists:
   Non-Class:  5.38 KB
       Class:  1.88 KB
        Both:  7.25 KB

CodeHeap 'non-profiled nmethods': size=120064Kb used=815Kb max_used=825Kb free=119248Kb
 bounds [0x0000021c11200000, 0x0000021c11470000, 0x0000021c18740000]
CodeHeap 'profiled nmethods': size=120000Kb used=4200Kb max_used=4237Kb free=115799Kb
 bounds [0x0000021c09cd0000, 0x0000021c0a110000, 0x0000021c11200000]
CodeHeap 'non-nmethods': size=5696Kb used=1160Kb max_used=1187Kb free=4536Kb
 bounds [0x0000021c09740000, 0x0000021c099b0000, 0x0000021c09cd0000]
 total_blobs=3049 nmethods=1926 adapters=393
 compilation: enabled
              stopped_count=0, restarted_count=0
 full_count=0

Compilation events (10 events):
Event: 4.787 Thread 0x0000021c1c14f000 2064       3       java.lang.invoke.BoundMethodHandle::bindArgumentL (11 bytes)
Event: 4.787 Thread 0x0000021c1c14f000 nmethod 2064 0x0000021c09d01090 code [0x0000021c09d012a0, 0x0000021c09d01840]
Event: 4.787 Thread 0x0000021c1c14f000 2066       3       java.lang.reflect.AccessibleObject::verifyAccess (55 bytes)
Event: 4.789 Thread 0x0000021c1c14f000 nmethod 2066 0x0000021c09d14290 code [0x0000021c09d144e0, 0x0000021c09d150b0]
Event: 4.789 Thread 0x0000021c1c14f000 2065       3       java.lang.invoke.LambdaFormEditor::bindArgumentL (59 bytes)
Event: 4.789 Thread 0x0000021c1c14f000 nmethod 2065 0x0000021c09cf9610 code [0x0000021c09cf9800, 0x0000021c09cf9b30]
Event: 4.792 Thread 0x0000021c1c14f000 2067       3       org.springframework.core.annotation.TypeMappedAnnotations::access$100 (7 bytes)
Event: 4.792 Thread 0x0000021c1c14f000 nmethod 2067 0x0000021c09cfcd10 code [0x0000021c09cfcee0, 0x0000021c09cfd050]
Event: 4.792 Thread 0x0000021c1c14f000 2068       3       org.springframework.core.annotation.TypeMappedAnnotations::isMappingForType (41 bytes)
Event: 4.793 Thread 0x0000021c1c14f000 nmethod 2068 0x0000021c09d00710 code [0x0000021c09d00920, 0x0000021c09d00df0]

GC Heap History (8 events):
Event: 0.885 GC heap before
{Heap before GC invocations=0 (full 0):
 garbage-first heap   total 129024K, used 13312K [0x00000000e0000000, 0x0000000100000000)
  region size 1024K, 14 young (14336K), 0 survivors (0K)
 Metaspace       used 3605K, capacity 5815K, committed 6144K, reserved 1056768K
  class space    used 454K, capacity 676K, committed 768K, reserved 1048576K
}
Event: 0.894 GC heap after
{Heap after GC invocations=1 (full 0):
 garbage-first heap   total 129024K, used 6679K [0x00000000e0000000, 0x0000000100000000)
  region size 1024K, 2 young (2048K), 2 survivors (2048K)
 Metaspace       used 3605K, capacity 5815K, committed 6144K, reserved 1056768K
  class space    used 454K, capacity 676K, committed 768K, reserved 1048576K
}
Event: 2.253 GC heap before
{Heap before GC invocations=1 (full 0):
 garbage-first heap   total 129024K, used 11799K [0x00000000e0000000, 0x0000000100000000)
  region size 1024K, 7 young (7168K), 2 survivors (2048K)
 Metaspace       used 5057K, capacity 6627K, committed 6784K, reserved 1056768K
  class space    used 640K, capacity 800K, committed 896K, reserved 1048576K
}
Event: 2.258 GC heap after
{Heap after GC invocations=2 (full 0):
 garbage-first heap   total 129024K, used 6997K [0x00000000e0000000, 0x0000000100000000)
  region size 1024K, 1 young (1024K), 1 survivors (1024K)
 Metaspace       used 5057K, capacity 6627K, committed 6784K, reserved 1056768K
  class space    used 640K, capacity 800K, committed 896K, reserved 1048576K
}
Event: 3.205 GC heap before
{Heap before GC invocations=2 (full 0):
 garbage-first heap   total 129024K, used 29525K [0x00000000e0000000, 0x0000000100000000)
  region size 1024K, 23 young (23552K), 1 survivors (1024K)
 Metaspace       used 9302K, capacity 10136K, committed 10496K, reserved 1058816K
  class space    used 1216K, capacity 1415K, committed 1536K, reserved 1048576K
}
Event: 3.209 GC heap after
{Heap after GC invocations=3 (full 0):
 garbage-first heap   total 129024K, used 8059K [0x00000000e0000000, 0x0000000100000000)
  region size 1024K, 2 young (2048K), 2 survivors (2048K)
 Metaspace       used 9302K, capacity 10136K, committed 10496K, reserved 1058816K
  class space    used 1216K, capacity 1415K, committed 1536K, reserved 1048576K
}
Event: 4.669 GC heap before
{Heap before GC invocations=3 (full 0):
 garbage-first heap   total 129024K, used 49019K [0x00000000e0000000, 0x0000000100000000)
  region size 1024K, 43 young (44032K), 2 survivors (2048K)
 Metaspace       used 16061K, capacity 16900K, committed 17152K, reserved 1064960K
  class space    used 2177K, capacity 2480K, committed 2560K, reserved 1048576K
}
Event: 4.677 GC heap after
{Heap after GC invocations=4 (full 0):
 garbage-first heap   total 129024K, used 9820K [0x00000000e0000000, 0x0000000100000000)
  region size 1024K, 4 young (4096K), 4 survivors (4096K)
 Metaspace       used 16061K, capacity 16900K, committed 17152K, reserved 1064960K
  class space    used 2177K, capacity 2480K, committed 2560K, reserved 1048576K
}

Deoptimization events (10 events):
Event: 3.329 Thread 0x0000021c1cb7a000 Uncommon trap: reason=bimorphic_or_optimized_type_check action=maybe_recompile pc=0x0000021c11272928 method=java.util.HashMap.putVal(ILjava/lang/Object;Ljava/lang/Object;ZZ)Ljava/lang/Object; @ 152 c2
Event: 3.362 Thread 0x0000021c1cb7a000 Uncommon trap: reason=unstable_if action=reinterpret pc=0x0000021c11229970 method=java.util.zip.ZipFile$Source.getEntryPos([BZ)I @ 156 c2
Event: 3.494 Thread 0x0000021c1cb7a000 Uncommon trap: reason=bimorphic_or_optimized_type_check action=maybe_recompile pc=0x0000021c1128bca4 method=java.util.HashMap.putVal(ILjava/lang/Object;Ljava/lang/Object;ZZ)Ljava/lang/Object; @ 91 c2
Event: 3.554 Thread 0x0000021c1cb7a000 Uncommon trap: reason=unstable_if action=reinterpret pc=0x0000021c11262a60 method=sun.reflect.generics.parser.SignatureParser.current()C @ 39 c2
Event: 3.823 Thread 0x0000021c1cb7a000 Uncommon trap: reason=bimorphic_or_optimized_type_check action=maybe_recompile pc=0x0000021c1128bca4 method=java.util.HashMap.putVal(ILjava/lang/Object;Ljava/lang/Object;ZZ)Ljava/lang/Object; @ 91 c2
Event: 4.138 Thread 0x0000021c1cb7a000 Uncommon trap: reason=unstable_if action=reinterpret pc=0x0000021c112919d4 method=java.lang.String.indexOf([BBILjava/lang/String;I)I @ 21 c2
Event: 4.233 Thread 0x0000021c1cb7a000 Uncommon trap: reason=unstable_if action=reinterpret pc=0x0000021c1123f930 method=java.util.HashMap.hash(Ljava/lang/Object;)I @ 1 c2
Event: 4.352 Thread 0x0000021c1cb7a000 Uncommon trap: reason=unstable_if action=reinterpret pc=0x0000021c112b5f20 method=java.net.URLStreamHandler.parseURL(Ljava/net/URL;Ljava/lang/String;II)V @ 725 c2
Event: 4.539 Thread 0x0000021c1cb7a000 Uncommon trap: reason=unstable_if action=reinterpret pc=0x0000021c1129dac8 method=java.net.URL.<init>(Ljava/net/URL;Ljava/lang/String;Ljava/net/URLStreamHandler;)V @ 347 c2
Event: 4.571 Thread 0x0000021c1cbfc000 Uncommon trap: reason=unstable_if action=reinterpret pc=0x0000021c112738d8 method=java.util.jar.Manifest$FastInputStream.readLine([BII)I @ 90 c2

Classes redefined (0 events):
No events

Internal exceptions (10 events):
Event: 4.036 Thread 0x0000021c1cb7a000 Exception <a 'java/lang/NoSuchMethodError'{0x00000000e68493e8}: java.lang.invoke.DirectMethodHandle$Holder.invokeSpecial(Ljava/lang/Object;Ljava/lang/Object;Ljava/lang/Object;Ljava/lang/Object;)I> (0x00000000e68493e8) thrown at [t:/workspace/open/src/hots
Event: 4.073 Thread 0x0000021c1cb7a000 Exception <a 'java/lang/NoSuchMethodError'{0x00000000e67222b8}: java.lang.invoke.DirectMethodHandle$Holder.invokeStatic(Ljava/lang/Object;Ljava/lang/Object;Ljava/lang/Object;Ljava/lang/Object;Ljava/lang/Object;Ljava/lang/Object;)V> (0x00000000e67222b8) th
Event: 4.093 Thread 0x0000021c1cb7a000 Exception <a 'java/lang/NoSuchMethodError'{0x00000000e67bdf00}: java.lang.invoke.DirectMethodHandle$Holder.invokeSpecial(Ljava/lang/Object;Ljava/lang/Object;Ljava/lang/Object;Ljava/lang/Object;Ljava/lang/Object;Ljava/lang/Object;I)Ljava/lang/Object;> (0x0
Event: 4.094 Thread 0x0000021c1cb7a000 Exception <a 'java/lang/NoSuchMethodError'{0x00000000e67c74b0}: java.lang.invoke.DirectMethodHandle$Holder.invokeStatic(Ljava/lang/Object;Ljava/lang/Object;Ljava/lang/Object;Ljava/lang/Object;Ljava/lang/Object;Ljava/lang/Object;I)Ljava/lang/Object;> (0x00
Event: 4.095 Thread 0x0000021c1cb7a000 Exception <a 'java/lang/NoSuchMethodError'{0x00000000e67cb718}: java.lang.invoke.DirectMethodHandle$Holder.invokeSpecial(Ljava/lang/Object;Ljava/lang/Object;Ljava/lang/Object;Ljava/lang/Object;Ljava/lang/Object;Ljava/lang/Object;Ljava/lang/Object;I)Ljava/
Event: 4.233 Thread 0x0000021c1cb7a000 Implicit null exception at 0x0000021c1123f525 to 0x0000021c1123f91e
Event: 4.352 Thread 0x0000021c1cb7a000 Implicit null exception at 0x0000021c112b2564 to 0x0000021c112b5ede
Event: 4.379 Thread 0x0000021c1cb7a000 Exception <a 'java/lang/NoSuchMethodError'{0x00000000e5def9c0}: java.lang.invoke.DirectMethodHandle$Holder.invokeStaticInit(Ljava/lang/Object;Ljava/lang/Object;)V> (0x00000000e5def9c0) thrown at [t:/workspace/open/src/hotspot/share/interpreter/linkResolve
Event: 4.534 Thread 0x0000021c1cbfc000 Exception <a 'java/lang/NoClassDefFoundError'{0x00000000e5822de8}: javax/validation/Validation> (0x00000000e5822de8) thrown at [t:/workspace/open/src/hotspot/share/classfile/systemDictionary.cpp, line 224]
Event: 4.609 Thread 0x0000021c1cbfc000 Exception <a 'java/lang/NoSuchMethodError'{0x00000000e55de6d8}: java.lang.invoke.DirectMethodHandle$Holder.invokeStaticInit(Ljava/lang/Object;Ljava/lang/Object;Ljava/lang/Object;Ljava/lang/Object;Ljava/lang/Object;)Ljava/lang/Object;> (0x00000000e55de6d8)

Events (10 events):
Event: 4.792 loading class org/springframework/context/annotation/Description
Event: 4.792 loading class org/springframework/context/annotation/Description done
Event: 4.792 loading class com/fasterxml/jackson/databind/util/ClassUtil
Event: 4.792 loading class com/fasterxml/jackson/databind/util/ClassUtil done
Event: 4.792 loading class org/springframework/beans/factory/support/BeanDefinitionReaderUtils
Event: 4.792 loading class org/springframework/beans/factory/support/BeanDefinitionReaderUtils done
Event: 4.794 loading class org/springframework/context/ConfigurableApplicationContext
Event: 4.794 loading class org/springframework/context/ConfigurableApplicationContext done
Event: 4.794 loading class org/springframework/context/ConfigurableApplicationContext
Event: 4.794 loading class org/springframework/context/ConfigurableApplicationContext done


Dynamic libraries:
0x00007ff71b820000 - 0x00007ff71b82f000 	C:\Program Files\Java\jdk-12.0.1\bin\java.exe
0x00007ffea86c0000 - 0x00007ffea88b0000 	C:\WINDOWS\SYSTEM32\ntdll.dll
0x00007ffea7fa0000 - 0x00007ffea8052000 	C:\WINDOWS\System32\KERNEL32.DLL
0x00007ffea5690000 - 0x00007ffea5935000 	C:\WINDOWS\System32\KERNELBASE.dll
0x00007ffea5ab0000 - 0x00007ffea5baa000 	C:\WINDOWS\System32\ucrtbase.dll
0x00007ffe9b9d0000 - 0x00007ffe9b9e8000 	C:\Program Files\Java\jdk-12.0.1\bin\jli.dll
0x00007ffe8ee70000 - 0x00007ffe8ee86000 	C:\Program Files\Java\jdk-12.0.1\bin\VCRUNTIME140.dll
0x00007ffea7ef0000 - 0x00007ffea7f93000 	C:\WINDOWS\System32\ADVAPI32.dll
0x00007ffea6770000 - 0x00007ffea680e000 	C:\WINDOWS\System32\msvcrt.dll
0x00007ffea7510000 - 0x00007ffea75a7000 	C:\WINDOWS\System32\sechost.dll
0x00007ffea7dc0000 - 0x00007ffea7ee0000 	C:\WINDOWS\System32\RPCRT4.dll
0x00007ffea7c20000 - 0x00007ffea7db4000 	C:\WINDOWS\System32\USER32.dll
0x00007ffea5d50000 - 0x00007ffea5d71000 	C:\WINDOWS\System32\win32u.dll
0x00007ffea7240000 - 0x00007ffea7266000 	C:\WINDOWS\System32\GDI32.dll
0x00007ffea65a0000 - 0x00007ffea6736000 	C:\WINDOWS\System32\gdi32full.dll
0x00007ffea5bb0000 - 0x00007ffea5c4e000 	C:\WINDOWS\System32\msvcp_win.dll
0x00007ffe99510000 - 0x00007ffe99794000 	C:\WINDOWS\WinSxS\amd64_microsoft.windows.common-controls_6595b64144ccf1df_6.0.18362.1256_none_9e7e379be45e40e2\COMCTL32.dll
0x00007ffea7720000 - 0x00007ffea7a56000 	C:\WINDOWS\System32\combase.dll
0x00007ffea6510000 - 0x00007ffea6591000 	C:\WINDOWS\System32\bcryptPrimitives.dll
0x00007ffea5350000 - 0x00007ffea535a000 	C:\WINDOWS\SYSTEM32\VERSION.dll
0x00007ffea76f0000 - 0x00007ffea771e000 	C:\WINDOWS\System32\IMM32.DLL
0x00007ffea5360000 - 0x00007ffea5396000 	C:\WINDOWS\system32\DriverStore\FileRepository\nvfm.inf_amd64_76974c92c44bbb6b\nvinitx.dll
0x00007ffea6af0000 - 0x00007ffea71d7000 	C:\WINDOWS\System32\Shell32.dll
0x00007ffea5d00000 - 0x00007ffea5d4a000 	C:\WINDOWS\System32\cfgmgr32.dll
0x00007ffea7280000 - 0x00007ffea7329000 	C:\WINDOWS\System32\shcore.dll
0x00007ffea5d80000 - 0x00007ffea6501000 	C:\WINDOWS\System32\windows.storage.dll
0x00007ffea5600000 - 0x00007ffea5623000 	C:\WINDOWS\System32\profapi.dll
0x00007ffea55b0000 - 0x00007ffea55fa000 	C:\WINDOWS\System32\powrprof.dll
0x00007ffea5560000 - 0x00007ffea5570000 	C:\WINDOWS\System32\UMPDC.dll
0x00007ffea7a60000 - 0x00007ffea7ab2000 	C:\WINDOWS\System32\shlwapi.dll
0x00007ffea5570000 - 0x00007ffea5581000 	C:\WINDOWS\System32\kernel.appcore.dll
0x00007ffea5a90000 - 0x00007ffea5aa7000 	C:\WINDOWS\System32\cryptsp.dll
0x0000000053ae0000 - 0x0000000053ae6000 	C:\Program Files\NVIDIA Corporation\CoProcManager\_etoured.dll
0x00007ffe9af80000 - 0x00007ffe9afc3000 	C:\Program Files\NVIDIA Corporation\CoProcManager\nvd3d9wrapx.dll
0x00007ffea8060000 - 0x00007ffea84d0000 	C:\WINDOWS\System32\SETUPAPI.dll
0x00007ffea6740000 - 0x00007ffea6766000 	C:\WINDOWS\System32\bcrypt.dll
0x00007ffea4110000 - 0x00007ffea4130000 	C:\WINDOWS\SYSTEM32\dxcore.dll
0x00007ffe9ad70000 - 0x00007ffe9ad9d000 	C:\Program Files\NVIDIA Corporation\CoProcManager\nvdxgiwrapx.dll
0x00007ffe8edc0000 - 0x00007ffe8ee6a000 	C:\Program Files\Java\jdk-12.0.1\bin\msvcp140.dll
0x00007ffe71cb0000 - 0x00007ffe72824000 	C:\Program Files\Java\jdk-12.0.1\bin\server\jvm.dll
0x00007ffea7ee0000 - 0x00007ffea7ee8000 	C:\WINDOWS\System32\PSAPI.DLL
0x00007ffe96af0000 - 0x00007ffe96af9000 	C:\WINDOWS\SYSTEM32\WSOCK32.dll
0x00007ffea1e80000 - 0x00007ffea1ea4000 	C:\WINDOWS\SYSTEM32\WINMM.dll
0x00007ffea6a00000 - 0x00007ffea6a6f000 	C:\WINDOWS\System32\WS2_32.dll
0x00007ffea1e50000 - 0x00007ffea1e7d000 	C:\WINDOWS\SYSTEM32\winmmbase.dll
0x00007ffe8eda0000 - 0x00007ffe8edb1000 	C:\Program Files\Java\jdk-12.0.1\bin\verify.dll
0x00007ffea3ea0000 - 0x00007ffea4094000 	C:\WINDOWS\SYSTEM32\DBGHELP.DLL
0x00007ffe91470000 - 0x00007ffe9149a000 	C:\WINDOWS\SYSTEM32\dbgcore.DLL
0x00007ffe8ed70000 - 0x00007ffe8ed96000 	C:\Program Files\Java\jdk-12.0.1\bin\java.dll
0x00007ffe8ed50000 - 0x00007ffe8ed67000 	C:\Program Files\Java\jdk-12.0.1\bin\zip.dll
0x00007ffea2760000 - 0x00007ffea276a000 	C:\Program Files\Java\jdk-12.0.1\bin\jimage.dll
0x00007ffe8ed30000 - 0x00007ffe8ed49000 	C:\Program Files\Java\jdk-12.0.1\bin\net.dll
0x00007ffe9a1e0000 - 0x00007ffe9a2d0000 	C:\WINDOWS\SYSTEM32\WINHTTP.dll
0x00007ffe96fa0000 - 0x00007ffe97176000 	C:\WINDOWS\SYSTEM32\urlmon.dll
0x00007ffe972a0000 - 0x00007ffe97547000 	C:\WINDOWS\SYSTEM32\iertutil.dll
0x00007ffea4e30000 - 0x00007ffea4e3c000 	C:\WINDOWS\SYSTEM32\CRYPTBASE.DLL
0x00007ffea4cb0000 - 0x00007ffea4d17000 	C:\WINDOWS\system32\mswsock.dll
0x00007ffe8ed10000 - 0x00007ffe8ed23000 	C:\Program Files\Java\jdk-12.0.1\bin\nio.dll
0x00007ffea4830000 - 0x00007ffea4863000 	C:\WINDOWS\system32\rsaenh.dll
0x00007ffea5480000 - 0x00007ffea54a5000 	C:\WINDOWS\SYSTEM32\USERENV.dll
0x00007ffea49d0000 - 0x00007ffea4a0a000 	C:\WINDOWS\SYSTEM32\IPHLPAPI.DLL
0x00007ffea7270000 - 0x00007ffea7278000 	C:\WINDOWS\System32\NSI.dll
0x00007ffe9b2d0000 - 0x00007ffe9b2e6000 	C:\WINDOWS\SYSTEM32\dhcpcsvc6.DLL
0x00007ffe9b2b0000 - 0x00007ffe9b2cc000 	C:\WINDOWS\SYSTEM32\dhcpcsvc.DLL
0x00007ffea4a10000 - 0x00007ffea4adb000 	C:\WINDOWS\SYSTEM32\DNSAPI.dll
0x00007ffea18a0000 - 0x00007ffea18a9000 	C:\Program Files\Java\jdk-12.0.1\bin\management.dll
0x00007ffe9f9f0000 - 0x00007ffe9f9fc000 	C:\Program Files\Java\jdk-12.0.1\bin\management_ext.dll
0x00007ffe951b0000 - 0x00007ffe951c6000 	C:\WINDOWS\system32\napinsp.dll
0x00007ffe95190000 - 0x00007ffe951aa000 	C:\WINDOWS\system32\pnrpnsp.dll
0x00007ffe95180000 - 0x00007ffe9518e000 	C:\WINDOWS\System32\winrnr.dll
0x00007ffea1830000 - 0x00007ffea184c000 	C:\WINDOWS\system32\NLAapi.dll
0x00007ffea0820000 - 0x00007ffea0835000 	C:\WINDOWS\system32\wshbth.dll
0x00007ffe99c80000 - 0x00007ffe99c8a000 	C:\Windows\System32\rasadhlp.dll
0x00007ffe9b0b0000 - 0x00007ffe9b127000 	C:\WINDOWS\System32\fwpuclnt.dll

dbghelp: loaded successfully - version: 4.0.5 - missing functions: none
symbol engine: initialized successfully - sym options: 0x614 - pdb path: .;C:\Program Files\Java\jdk-12.0.1\bin;C:\WINDOWS\SYSTEM32;C:\WINDOWS\WinSxS\amd64_microsoft.windows.common-controls_6595b64144ccf1df_6.0.18362.1256_none_9e7e379be45e40e2;C:\WINDOWS\system32\DriverStore\FileRepository\nvfm.inf_amd64_76974c92c44bbb6b;C:\Program Files\NVIDIA Corporation\CoProcManager;C:\Program Files\Java\jdk-12.0.1\bin\server

VM Arguments:
jvm_args: -Dorg.gradle.native=false -Xmx512m -Dfile.encoding=windows-1251 -Duser.country=RU -Duser.language=ru -Duser.variant -ea 
java_command: worker.org.gradle.process.internal.worker.GradleWorkerMain 'Gradle Test Executor 2'
java_class_path (initial): C:\\Gradle\\gradle-5.5\\caches\\6.7.1\\workerMain\\gradle-worker.jar;D:\\testExercise\\build\\classes\\java\\test;D:\\testExercise\\build\\resources\\test;D:\\testExercise\\build\\classes\\java\\main;D:\\testExercise\\build\\resources\\main;C:\\Gradle\\gradle-5.5\\caches\\modules-2\\files-2.1\\org.springframework.boot\\spring-boot-starter-data-mongodb-reactive\\2.4.1\\655a05dfabfab178a2365c40b762f2be67698d36\\spring-boot-starter-data-mongodb-reactive-2.4.1.jar;C:\\Gradle\\gradle-5.5\\caches\\modules-2\\files-2.1\\org.springframework.boot\\spring-boot-starter-webflux\\2.4.1\\e54535216a6b6becffc044fd8abff3e6011e576d\\spring-boot-starter-webflux-2.4.1.jar;C:\\Gradle\\gradle-5.5\\caches\\modules-2\\files-2.1\\org.springframework.boot\\spring-boot-starter-test\\2.4.1\\50147ab5f3b431a397d27e2c0af313b9147cd058\\spring-boot-starter-test-2.4.1.jar;C:\\Gradle\\gradle-5.5\\caches\\modules-2\\files-2.1\\de.flapdoodle.embed\\de.flapdoodle.embed.mongo\\2.2.0\\781d14f4e3d9eeb0b4c3e00a4ec165a04b3dc5c4\\de.flapdoodle.embed.mongo-2.2.0.jar;C:\\Gradle\\gradle-5.5\\caches\\modules-2\\files-2.1\\io.projectreactor\\reactor-test\\3.4.1\\ec8cef652db7d41ebf5967910872367b5423e989\\reactor-test-3.4.1.jar;C:\\Gradle\\gradle-5.5\\caches\\modules-2\\files-2.1\\org.springframework.boot\\spring-boot-starter-json\\2.4.1\\5a4b7088c88be531cb416ef218da3e19309f8cea\\spring-boot-starter-json-2.4.1.jar;C:\\Gradle\\gradle-5.5\\caches\\modules-2\\files-2.1\\org.springframework.boot\\spring-boot-starter\\2.4.1\\15d81ffe81e26de37986d491e1cf4c1e3a324ca3\\spring-boot-starter-2.4.1.jar;C:\\Gradle\\gradle-5.5\\caches\\modules-2\\files-2.1\\org.springframework\\spring-webflux\\5.3.2\\63fe694e07b0430991671eebac9fbb0ffba08483\\spring-webflux-5.3.2.jar;C:\\Gradle\\gradle-5.5\\caches\\modules-2\\files-2.1\\org.springframework.boot\\spring-boot-starter-reactor-netty\\2.4.1\\f4e512e25c75839c946b26756e18e7bee4307091\\spring-boot-starter-reactor-netty-2.4.1.jar;C:\\Gradle\\gradle-5.5\\caches\
Launcher Type: SUN_STANDARD

[Global flags]
     intx CICompilerCount                          = 3                                         {product} {ergonomic}
     uint ConcGCThreads                            = 1                                         {product} {ergonomic}
     uint G1ConcRefinementThreads                  = 4                                         {product} {ergonomic}
   size_t G1HeapRegionSize                         = 1048576                                   {product} {ergonomic}
    uintx GCDrainStackTargetSize                   = 64                                        {product} {ergonomic}
   size_t InitialHeapSize                          = 132120576                                 {product} {ergonomic}
   size_t MarkStackSize                            = 4194304                                   {product} {ergonomic}
   size_t MaxHeapSize                              = 536870912                                 {product} {command line}
   size_t MaxNewSize                               = 321912832                                 {product} {ergonomic}
   size_t MinHeapDeltaBytes                        = 1048576                                   {product} {ergonomic}
    uintx NonNMethodCodeHeapSize                   = 5830732                                {pd product} {ergonomic}
    uintx NonProfiledCodeHeapSize                  = 122913754                              {pd product} {ergonomic}
    uintx ProfiledCodeHeapSize                     = 122913754                              {pd product} {ergonomic}
    uintx ReservedCodeCacheSize                    = 251658240                              {pd product} {ergonomic}
     bool SegmentedCodeCache                       = true                                      {product} {ergonomic}
     bool UseCompressedClassPointers               = true                                 {lp64_product} {ergonomic}
     bool UseCompressedOops                        = true                                 {lp64_product} {ergonomic}
     bool UseG1GC                                  = true                                      {product} {ergonomic}
     bool UseLargePagesIndividualAllocation        = false                                  {pd product} {ergonomic}

Logging:
Log output configuration:
 #0: stdout all=warning uptime,level,tags
 #1: stderr all=off uptime,level,tags

Environment Variables:
JAVA_HOME=C:\Program Files\Java\jdk-12.0.1
PATH=C:\ProgramData\DockerDesktop\version-bin;C:\Program Files\Docker\Docker\Resources\bin;C:\WINDOWS\system32;C:\WINDOWS;C:\WINDOWS\System32\Wbem;C:\WINDOWS\System32\WindowsPowerShell\v1.0\;C:\WINDOWS\System32\OpenSSH\;C:\Program Files\Git\cmd;C:\Gradle\gradle-5.5\bin;C:\Go\bin;C:\Program Files\MySQL\MySQL Shell 8.0\bin\;C:\Users\Diana\AppData\Local\Microsoft\WindowsApps;;C:\Program Files\JetBrains\IntelliJ IDEA Community Edition 2019.1.3\bin;;C:\Users\Diana\go\bin;C:\Users\Diana\AppData\Local\Programs\Microsoft VS Code\bin
USERNAME=Diana
OS=Windows_NT
PROCESSOR_IDENTIFIER=Intel64 Family 6 Model 42 Stepping 7, GenuineIntel



---------------  S Y S T E M  ---------------

OS: Windows 10 , 64 bit Build 18362 (10.0.18362.1110)

CPU:total 4 (initial active 4) (2 cores per cpu, 2 threads per core) family 6 model 42 stepping 7, cmov, cx8, fxsr, mmx, sse, sse2, sse3, ssse3, sse4.1, sse4.2, popcnt, avx, clmul, ht, tsc, tscinvbit

Memory: 4k page, system-wide physical 8048M (822M free)
TotalPageFile size 8848M (AvailPageFile size 5M)
current process WorkingSet (physical memory assigned to process): 139M, peak: 139M
current process commit charge ("private bytes"): 242M, peak: 242M

vm_info: Java HotSpot(TM) 64-Bit Server VM (12.0.1+12) for windows-amd64 JRE (12.0.1+12), built on Apr  2 2019 14:02:19 by "mach5one" with MS VC++ 15.5 (VS2017)

END.
