#
# There is insufficient memory for the Java Runtime Environment to continue.
# Native memory allocation (malloc) failed to allocate 32744 bytes for ChunkPool::allocate
# Possible reasons:
#   The system is out of physical RAM or swap space
#   The process is running with CompressedOops enabled, and the Java Heap may be blocking the growth of the native heap
# Possible solutions:
#   Reduce memory load on the system
#   Increase physical memory or swap space
#   Check if swap backing store is full
#   Decrease Java heap size (-Xmx/-Xms)
#   Decrease number of Java threads
#   Decrease Java thread stack sizes (-Xss)
#   Set larger code cache with -XX:ReservedCodeCacheSize=
#   JVM is running with Unscaled Compressed Oops mode in which the Java heap is
#     placed in the first 4GB address space. The Java Heap base address is the
#     maximum limit for the native heap growth. Please use -XX:HeapBaseMinAddress
#     to set the Java Heap base and to place the Java Heap above 4GB virtual address.
# This output file may be truncated or incomplete.
#
#  Out of Memory Error (t:/workspace/open/src/hotspot/share/memory/arena.cpp:81), pid=1300, tid=5296
#
# JRE version: Java(TM) SE Runtime Environment (12.0.1+12) (build 12.0.1+12)
# Java VM: Java HotSpot(TM) 64-Bit Server VM (12.0.1+12, mixed mode, sharing, tiered, compressed oops, g1 gc, windows-amd64)
# No core dump will be written. Minidumps are not enabled by default on client versions of Windows
#

---------------  S U M M A R Y ------------

Command Line: -Dorg.gradle.native=false -Xmx512m -Dfile.encoding=windows-1251 -Duser.country=RU -Duser.language=ru -Duser.variant -ea worker.org.gradle.process.internal.worker.GradleWorkerMain 'Gradle Test Executor 1'

Host: Intel(R) Core(TM) i3-2328M CPU @ 2.20GHz, 4 cores, 7G,  Windows 10 , 64 bit Build 18362 (10.0.18362.1110)
Time: Sun Jan 10 13:58:11 2021 Oeieyiaey (ceia) elapsed time: 32 seconds (0d 0h 0m 32s)

---------------  T H R E A D  ---------------

Current thread (0x0000026b36216800):  JavaThread "C2 CompilerThread0" daemon [_thread_in_native, id=5296, stack(0x000000d078f00000,0x000000d079000000)]


Current CompileTask:
C2:  32627 3815       4       org.springframework.boot.context.properties.source.ConfigurationPropertyName$ElementsParser::parse (234 bytes)

Stack: [0x000000d078f00000,0x000000d079000000]
Native frames: (J=compiled Java code, j=interpreted, Vv=VM code, C=native code)
V  [jvm.dll+0x63948a]
V  [jvm.dll+0x78b31f]
V  [jvm.dll+0x78c9c1]
V  [jvm.dll+0x78d013]
V  [jvm.dll+0x262138]
V  [jvm.dll+0xc5a56]
V  [jvm.dll+0xc5dac]
V  [jvm.dll+0x37ed58]
V  [jvm.dll+0x37e4d1]
V  [jvm.dll+0x37e514]
V  [jvm.dll+0x53996c]
V  [jvm.dll+0x53a159]
V  [jvm.dll+0x1af005]
V  [jvm.dll+0x21c142]
V  [jvm.dll+0x21b20a]
V  [jvm.dll+0x199890]
V  [jvm.dll+0x22a534]
V  [jvm.dll+0x228b88]
V  [jvm.dll+0x74f660]
V  [jvm.dll+0x748648]
V  [jvm.dll+0x638566]
C  [ucrtbase.dll+0x210b2]
C  [KERNEL32.DLL+0x17c24]
C  [ntdll.dll+0x6d4d1]


---------------  P R O C E S S  ---------------

Threads class SMR info:
_java_thread_list=0x0000026b36664a60, length=20, elements={
0x0000026b18e4b000, 0x0000026b358ea800, 0x0000026b358ec800, 0x0000026b36212000,
0x0000026b36215000, 0x0000026b36216800, 0x0000026b36217800, 0x0000026b3621c800,
0x0000026b36373000, 0x0000026b3637f800, 0x0000026b36a8f000, 0x0000026b36bf6000,
0x0000026b36c00800, 0x0000026b36c78800, 0x0000026b3b668000, 0x0000026b37f34800,
0x0000026b3921e000, 0x0000026b38001800, 0x0000026b3811c000, 0x0000026b3a4e8800
}

Java Threads: ( => current thread )
  0x0000026b18e4b000 JavaThread "main" [_thread_blocked, id=8408, stack(0x000000d078400000,0x000000d078500000)]
  0x0000026b358ea800 JavaThread "Reference Handler" daemon [_thread_blocked, id=9360, stack(0x000000d078b00000,0x000000d078c00000)]
  0x0000026b358ec800 JavaThread "Finalizer" daemon [_thread_blocked, id=2864, stack(0x000000d078c00000,0x000000d078d00000)]
  0x0000026b36212000 JavaThread "Signal Dispatcher" daemon [_thread_blocked, id=5912, stack(0x000000d078d00000,0x000000d078e00000)]
  0x0000026b36215000 JavaThread "Attach Listener" daemon [_thread_blocked, id=9808, stack(0x000000d078e00000,0x000000d078f00000)]
=>0x0000026b36216800 JavaThread "C2 CompilerThread0" daemon [_thread_in_native, id=5296, stack(0x000000d078f00000,0x000000d079000000)]
  0x0000026b36217800 JavaThread "C1 CompilerThread0" daemon [_thread_blocked, id=4780, stack(0x000000d079000000,0x000000d079100000)]
  0x0000026b3621c800 JavaThread "Sweeper thread" daemon [_thread_blocked, id=2812, stack(0x000000d079100000,0x000000d079200000)]
  0x0000026b36373000 JavaThread "Service Thread" daemon [_thread_blocked, id=4992, stack(0x000000d079200000,0x000000d079300000)]
  0x0000026b3637f800 JavaThread "Common-Cleaner" daemon [_thread_blocked, id=10124, stack(0x000000d079400000,0x000000d079500000)]
  0x0000026b36a8f000 JavaThread "Test worker" [_thread_in_native, id=8220, stack(0x000000d079900000,0x000000d079a00000)]
  0x0000026b36bf6000 JavaThread "/127.0.0.1:51292 to /127.0.0.1:51291 workers Thread 2" [_thread_blocked, id=9768, stack(0x000000d079a00000,0x000000d079b00000)]
  0x0000026b36c00800 JavaThread "/127.0.0.1:51292 to /127.0.0.1:51291 workers Thread 3" [_thread_in_native, id=1524, stack(0x000000d079b00000,0x000000d079c00000)]
  0x0000026b36c78800 JavaThread "Thread-4" daemon [_thread_in_native, id=9840, stack(0x000000d079d00000,0x000000d079e00000)]
  0x0000026b3b668000 JavaThread "Thread-5" daemon [_thread_in_native, id=5508, stack(0x000000d079e00000,0x000000d079f00000)]
  0x0000026b37f34800 JavaThread "cluster-ClusterId{value='5ffaebd08ed34e3f17166cf2', description='null'}-localhost:51317" daemon [_thread_blocked, id=9536, stack(0x000000d079f00000,0x000000d07a000000)]
  0x0000026b3921e000 JavaThread "cluster-rtt-ClusterId{value='5ffaebd08ed34e3f17166cf2', description='null'}-localhost:51317" daemon [_thread_blocked, id=8196, stack(0x000000d07a000000,0x000000d07a100000)]
  0x0000026b38001800 JavaThread "C2 CompilerThread1" daemon [_thread_in_native, id=9140, stack(0x000000d07a100000,0x000000d07a200000)]
  0x0000026b3811c000 JavaThread "nioEventLoopGroup-2-1" [_thread_in_native, id=7716, stack(0x000000d07a200000,0x000000d07a300000)]
  0x0000026b3a4e8800 JavaThread "nioEventLoopGroup-2-2" [_thread_in_native, id=6516, stack(0x000000d07a300000,0x000000d07a400000)]

Other Threads:
  0x0000026b358e5800 VMThread "VM Thread" [stack: 0x000000d078a00000,0x000000d078b00000] [id=7080]
  0x0000026b3637f000 WatcherThread [stack: 0x000000d079300000,0x000000d079400000] [id=2784]
  0x0000026b18e6d800 GCTaskThread "GC Thread#0" [stack: 0x000000d078500000,0x000000d078600000] [id=2004]
  0x0000026b36b1e000 GCTaskThread "GC Thread#1" [stack: 0x000000d079600000,0x000000d079700000] [id=9712]
  0x0000026b36b1e800 GCTaskThread "GC Thread#2" [stack: 0x000000d079700000,0x000000d079800000] [id=2708]
  0x0000026b36ccd000 GCTaskThread "GC Thread#3" [stack: 0x000000d079c00000,0x000000d079d00000] [id=936]
  0x0000026b18e73000 ConcurrentGCThread "G1 Main Marker" [stack: 0x000000d078600000,0x000000d078700000] [id=9956]
  0x0000026b18e74800 ConcurrentGCThread "G1 Conc#0" [stack: 0x000000d078700000,0x000000d078800000] [id=8400]
  0x0000026b3575f800 ConcurrentGCThread "G1 Refine#0" [stack: 0x000000d078800000,0x000000d078900000] [id=5896]
  0x0000026b36b45000 ConcurrentGCThread "G1 Refine#1" [stack: 0x000000d079800000,0x000000d079900000] [id=2420]
  0x0000026b35764000 ConcurrentGCThread "G1 Young RemSet Sampling" [stack: 0x000000d078900000,0x000000d078a00000] [id=3424]

Threads with active compile tasks:
C2 CompilerThread0  3815       4       org.springframework.boot.context.properties.source.ConfigurationPropertyName$ElementsParser::parse (234 bytes)
C2 CompilerThread1  3821       4       sun.reflect.generics.parser.SignatureParser::parsePackageNameAndSimpleClassTypeSignature (119 bytes)

VM state:not at safepoint (normal execution)

VM Mutex/Monitor currently owned by a thread: None

Heap address: 0x00000000e0000000, size: 512 MB, Compressed Oops mode: 32-bit
Narrow klass base: 0x0000000800000000, Narrow klass shift: 3
Compressed class space size: 1073741824 Address: 0x00000008011a0000

Heap:
 garbage-first heap   total 45056K, used 21351K [0x00000000e0000000, 0x0000000100000000)
  region size 1024K, 5 young (5120K), 3 survivors (3072K)
 Metaspace       used 37772K, capacity 39199K, committed 39296K, reserved 1083392K
  class space    used 5166K, capacity 5719K, committed 5760K, reserved 1048576K
Heap Regions: E=young(eden), S=young(survivor), O=old, HS=humongous(starts), HC=humongous(continues), CS=collection set, F=free, A=archive, TAMS=top-at-mark-start (previous, next)
|   0|0x00000000e0000000, 0x00000000e0100000, 0x00000000e0100000|100%| O|  |TAMS 0x00000000e0100000, 0x00000000e0000000| Untracked 
|   1|0x00000000e0100000, 0x00000000e0200000, 0x00000000e0200000|100%| O|  |TAMS 0x00000000e0200000, 0x00000000e0100000| Untracked 
|   2|0x00000000e0200000, 0x00000000e0300000, 0x00000000e0300000|100%| O|  |TAMS 0x00000000e0300000, 0x00000000e0200000| Untracked 
|   3|0x00000000e0300000, 0x00000000e0400000, 0x00000000e0400000|100%| O|  |TAMS 0x00000000e0400000, 0x00000000e0300000| Untracked 
|   4|0x00000000e0400000, 0x00000000e0500000, 0x00000000e0500000|100%| O|  |TAMS 0x00000000e0500000, 0x00000000e0400000| Untracked 
|   5|0x00000000e0500000, 0x00000000e0600000, 0x00000000e0600000|100%| O|  |TAMS 0x00000000e0600000, 0x00000000e0500000| Untracked 
|   6|0x00000000e0600000, 0x00000000e069ce00, 0x00000000e0700000| 61%| O|  |TAMS 0x00000000e069ce00, 0x00000000e0600000| Untracked 
|   7|0x00000000e0700000, 0x00000000e0800000, 0x00000000e0800000|100%| O|  |TAMS 0x00000000e0800000, 0x00000000e0700000| Untracked 
|   8|0x00000000e0800000, 0x00000000e0900000, 0x00000000e0900000|100%| O|  |TAMS 0x00000000e0900000, 0x00000000e0800000| Untracked 
|   9|0x00000000e0900000, 0x00000000e0a00000, 0x00000000e0a00000|100%| O|  |TAMS 0x00000000e0a00000, 0x00000000e0900000| Untracked 
|  10|0x00000000e0a00000, 0x00000000e0b00000, 0x00000000e0b00000|100%| O|  |TAMS 0x00000000e0b00000, 0x00000000e0a00000| Untracked 
|  11|0x00000000e0b00000, 0x00000000e0c00000, 0x00000000e0c00000|100%| O|  |TAMS 0x00000000e0c00000, 0x00000000e0b00000| Untracked 
|  12|0x00000000e0c00000, 0x00000000e0d00000, 0x00000000e0d00000|100%| O|  |TAMS 0x00000000e0d00000, 0x00000000e0c00000| Untracked 
|  13|0x00000000e0d00000, 0x00000000e0e00000, 0x00000000e0e00000|100%| O|  |TAMS 0x00000000e0e00000, 0x00000000e0d00000| Untracked 
|  14|0x00000000e0e00000, 0x00000000e0f00000, 0x00000000e0f00000|100%| O|  |TAMS 0x00000000e0e64e00, 0x00000000e0e00000| Untracked 
|  15|0x00000000e0f00000, 0x00000000e1000000, 0x00000000e1000000|100%| O|  |TAMS 0x00000000e0f00000, 0x00000000e0f00000| Untracked 
|  16|0x00000000e1000000, 0x00000000e1100000, 0x00000000e1100000|100%| O|  |TAMS 0x00000000e1000000, 0x00000000e1000000| Untracked 
|  17|0x00000000e1100000, 0x00000000e1199600, 0x00000000e1200000| 59%| O|  |TAMS 0x00000000e1100000, 0x00000000e1100000| Untracked 
|  18|0x00000000e1200000, 0x00000000e1200000, 0x00000000e1300000|  0%| F|  |TAMS 0x00000000e1200000, 0x00000000e1200000| Untracked 
|  19|0x00000000e1300000, 0x00000000e1300000, 0x00000000e1400000|  0%| F|  |TAMS 0x00000000e1300000, 0x00000000e1300000| Untracked 
|  20|0x00000000e1400000, 0x00000000e1400000, 0x00000000e1500000|  0%| F|  |TAMS 0x00000000e1400000, 0x00000000e1400000| Untracked 
|  21|0x00000000e1500000, 0x00000000e1500000, 0x00000000e1600000|  0%| F|  |TAMS 0x00000000e1500000, 0x00000000e1500000| Untracked 
|  22|0x00000000e1600000, 0x00000000e1600000, 0x00000000e1700000|  0%| F|  |TAMS 0x00000000e1600000, 0x00000000e1600000| Untracked 
|  23|0x00000000e1700000, 0x00000000e17a3808, 0x00000000e1800000| 63%| S|CS|TAMS 0x00000000e1700000, 0x00000000e1700000| Complete 
|  24|0x00000000e1800000, 0x00000000e1800000, 0x00000000e1900000|  0%| F|  |TAMS 0x00000000e1800000, 0x00000000e1800000| Untracked 
|  25|0x00000000e1900000, 0x00000000e1900000, 0x00000000e1a00000|  0%| F|  |TAMS 0x00000000e1900000, 0x00000000e1900000| Untracked 
|  26|0x00000000e1a00000, 0x00000000e1b00000, 0x00000000e1b00000|100%| S|CS|TAMS 0x00000000e1a00000, 0x00000000e1a00000| Complete 
|  27|0x00000000e1b00000, 0x00000000e1c00000, 0x00000000e1c00000|100%| S|CS|TAMS 0x00000000e1b00000, 0x00000000e1b00000| Complete 
|  28|0x00000000e1c00000, 0x00000000e1c00000, 0x00000000e1d00000|  0%| F|  |TAMS 0x00000000e1c00000, 0x00000000e1c00000| Untracked 
|  29|0x00000000e1d00000, 0x00000000e1d00000, 0x00000000e1e00000|  0%| F|  |TAMS 0x00000000e1d00000, 0x00000000e1d00000| Untracked 
|  30|0x00000000e1e00000, 0x00000000e1e00000, 0x00000000e1f00000|  0%| F|  |TAMS 0x00000000e1e00000, 0x00000000e1e00000| Untracked 
|  31|0x00000000e1f00000, 0x00000000e1f00000, 0x00000000e2000000|  0%| F|  |TAMS 0x00000000e1f00000, 0x00000000e1f00000| Untracked 
|  32|0x00000000e2000000, 0x00000000e2000000, 0x00000000e2100000|  0%| F|  |TAMS 0x00000000e2000000, 0x00000000e2000000| Untracked 
|  33|0x00000000e2100000, 0x00000000e2100000, 0x00000000e2200000|  0%| F|  |TAMS 0x00000000e2100000, 0x00000000e2100000| Untracked 
|  34|0x00000000e2200000, 0x00000000e2200000, 0x00000000e2300000|  0%| F|  |TAMS 0x00000000e2200000, 0x00000000e2200000| Untracked 
|  35|0x00000000e2300000, 0x00000000e2300000, 0x00000000e2400000|  0%| F|  |TAMS 0x00000000e2300000, 0x00000000e2300000| Untracked 
|  36|0x00000000e2400000, 0x00000000e2400000, 0x00000000e2500000|  0%| F|  |TAMS 0x00000000e2400000, 0x00000000e2400000| Untracked 
|  37|0x00000000e2500000, 0x00000000e2500000, 0x00000000e2600000|  0%| F|  |TAMS 0x00000000e2500000, 0x00000000e2500000| Untracked 
|  93|0x00000000e5d00000, 0x00000000e5d00000, 0x00000000e5e00000|  0%| F|  |TAMS 0x00000000e5d00000, 0x00000000e5d00000| Untracked 
|  94|0x00000000e5e00000, 0x00000000e5e00000, 0x00000000e5f00000|  0%| F|  |TAMS 0x00000000e5e00000, 0x00000000e5e00000| Untracked 
|  95|0x00000000e5f00000, 0x00000000e5f00000, 0x00000000e6000000|  0%| F|  |TAMS 0x00000000e5f00000, 0x00000000e5f00000| Untracked 
|  96|0x00000000e6000000, 0x00000000e6000000, 0x00000000e6100000|  0%| F|  |TAMS 0x00000000e6000000, 0x00000000e6000000| Untracked 
| 124|0x00000000e7c00000, 0x00000000e7c84d08, 0x00000000e7d00000| 51%| E|  |TAMS 0x00000000e7c00000, 0x00000000e7c00000| Complete 
| 125|0x00000000e7d00000, 0x00000000e7e00000, 0x00000000e7e00000|100%| E|CS|TAMS 0x00000000e7d00000, 0x00000000e7d00000| Complete 

Card table byte_map: [0x0000026b320c0000,0x0000026b321c0000] _byte_map_base: 0x0000026b319c0000

Marking Bits (Prev, Next): (CMBitMap*) 0x0000026b18e6f0f8, (CMBitMap*) 0x0000026b18e6f138
 Prev Bits: [0x0000026b322c0000, 0x0000026b32ac0000)
 Next Bits: [0x0000026b32ac0000, 0x0000026b332c0000)

Polling page: 0x0000026b18c10000

Metaspace:

Usage:
  Non-class:     32.76 MB capacity,    31.89 MB ( 97%) used,   729.01 KB (  2%) free+waste,   163.31 KB ( <1%) overhead. 
      Class:      5.62 MB capacity,     5.05 MB ( 90%) used,   493.44 KB (  9%) free+waste,    82.69 KB (  1%) overhead. 
       Both:     38.38 MB capacity,    36.94 MB ( 96%) used,     1.19 MB (  3%) free+waste,   246.00 KB ( <1%) overhead. 

Virtual space:
  Non-class space:       34.00 MB reserved,      33.00 MB ( 97%) committed 
      Class space:        1.00 GB reserved,       5.63 MB ( <1%) committed 
             Both:        1.03 GB reserved,      38.63 MB (  4%) committed 

Chunk freelists:
   Non-Class:  6.75 KB
       Class:  1.00 KB
        Both:  7.75 KB

CodeHeap 'non-profiled nmethods': size=120064Kb used=1898Kb max_used=1898Kb free=118166Kb
 bounds [0x0000026b2a460000, 0x0000026b2a6d0000, 0x0000026b319a0000]
CodeHeap 'profiled nmethods': size=120000Kb used=8805Kb max_used=8805Kb free=111195Kb
 bounds [0x0000026b22f30000, 0x0000026b237d0000, 0x0000026b2a460000]
CodeHeap 'non-nmethods': size=5696Kb used=1189Kb max_used=1239Kb free=4506Kb
 bounds [0x0000026b229a0000, 0x0000026b22c10000, 0x0000026b22f30000]
 total_blobs=5217 nmethods=3728 adapters=440
 compilation: enabled
              stopped_count=0, restarted_count=0
 full_count=0

Compilation events (10 events):
Event: 32.512 Thread 0x0000026b36217800 3834       3       io.netty.util.internal.shaded.org.jctools.util.Pow2::roundToPowerOfTwo (88 bytes)
Event: 32.514 Thread 0x0000026b36217800 nmethod 3834 0x0000026b237c3910 code [0x0000026b237c3c80, 0x0000026b237c4e90]
Event: 32.514 Thread 0x0000026b36217800 3835       3       ch.qos.logback.core.pattern.DynamicConverter::getFirstOption (35 bytes)
Event: 32.515 Thread 0x0000026b36217800 nmethod 3835 0x0000026b237c5490 code [0x0000026b237c5680, 0x0000026b237c5b40]
Event: 32.536 Thread 0x0000026b36217800 3836       3       java.lang.Integer::hashCode (8 bytes)
Event: 32.536 Thread 0x0000026b36217800 nmethod 3836 0x0000026b237c5c90 code [0x0000026b237c5e40, 0x0000026b237c6018]
Event: 32.537 Thread 0x0000026b36217800 3837       3       java.lang.reflect.AccessibleObject::getAnnotations (5 bytes)
Event: 32.537 Thread 0x0000026b36217800 nmethod 3837 0x0000026b237c6110 code [0x0000026b237c62e0, 0x0000026b237c6530]
Event: 32.538 Thread 0x0000026b36217800 3838       3       org.springframework.core.annotation.AnnotationsScanner::processMethodAnnotations (98 bytes)
Event: 32.539 Thread 0x0000026b36217800 nmethod 3838 0x0000026b237c6610 code [0x0000026b237c6840, 0x0000026b237c6fa0]

GC Heap History (10 events):
Event: 28.929 GC heap before
{Heap before GC invocations=9 (full 0):
 garbage-first heap   total 45056K, used 31638K [0x00000000e0000000, 0x0000000100000000)
  region size 1024K, 20 young (20480K), 2 survivors (2048K)
 Metaspace       used 28505K, capacity 29667K, committed 29952K, reserved 1075200K
  class space    used 3852K, capacity 4281K, committed 4352K, reserved 1048576K
}
Event: 28.937 GC heap after
{Heap after GC invocations=10 (full 0):
 garbage-first heap   total 45056K, used 14332K [0x00000000e0000000, 0x0000000100000000)
  region size 1024K, 2 young (2048K), 2 survivors (2048K)
 Metaspace       used 28505K, capacity 29667K, committed 29952K, reserved 1075200K
  class space    used 3852K, capacity 4281K, committed 4352K, reserved 1048576K
}
Event: 29.904 GC heap before
{Heap before GC invocations=10 (full 0):
 garbage-first heap   total 45056K, used 31740K [0x00000000e0000000, 0x0000000100000000)
  region size 1024K, 19 young (19456K), 2 survivors (2048K)
 Metaspace       used 31500K, capacity 32620K, committed 32896K, reserved 1077248K
  class space    used 4232K, capacity 4667K, committed 4736K, reserved 1048576K
}
Event: 29.921 GC heap after
{Heap after GC invocations=11 (full 0):
 garbage-first heap   total 45056K, used 15232K [0x00000000e0000000, 0x0000000100000000)
  region size 1024K, 2 young (2048K), 2 survivors (2048K)
 Metaspace       used 31500K, capacity 32620K, committed 32896K, reserved 1077248K
  class space    used 4232K, capacity 4667K, committed 4736K, reserved 1048576K
}
Event: 30.797 GC heap before
{Heap before GC invocations=11 (full 0):
 garbage-first heap   total 45056K, used 32640K [0x00000000e0000000, 0x0000000100000000)
  region size 1024K, 19 young (19456K), 2 survivors (2048K)
 Metaspace       used 33813K, capacity 35109K, committed 35328K, reserved 1079296K
  class space    used 4612K, capacity 5097K, committed 5120K, reserved 1048576K
}
Event: 30.804 GC heap after
{Heap after GC invocations=12 (full 0):
 garbage-first heap   total 45056K, used 16669K [0x00000000e0000000, 0x0000000100000000)
  region size 1024K, 3 young (3072K), 3 survivors (3072K)
 Metaspace       used 33813K, capacity 35109K, committed 35328K, reserved 1079296K
  class space    used 4612K, capacity 5097K, committed 5120K, reserved 1048576K
}
Event: 31.218 GC heap before
{Heap before GC invocations=12 (full 0):
 garbage-first heap   total 45056K, used 24861K [0x00000000e0000000, 0x0000000100000000)
  region size 1024K, 12 young (12288K), 3 survivors (3072K)
 Metaspace       used 34514K, capacity 35758K, committed 35840K, reserved 1079296K
  class space    used 4720K, capacity 5208K, committed 5248K, reserved 1048576K
}
Event: 31.224 GC heap after
{Heap after GC invocations=13 (full 0):
 garbage-first heap   total 45056K, used 17710K [0x00000000e0000000, 0x0000000100000000)
  region size 1024K, 3 young (3072K), 3 survivors (3072K)
 Metaspace       used 34514K, capacity 35758K, committed 35840K, reserved 1079296K
  class space    used 4720K, capacity 5208K, committed 5248K, reserved 1048576K
}
Event: 31.892 GC heap before
{Heap before GC invocations=14 (full 0):
 garbage-first heap   total 45056K, used 33070K [0x00000000e0000000, 0x0000000100000000)
  region size 1024K, 18 young (18432K), 3 survivors (3072K)
 Metaspace       used 35887K, capacity 37263K, committed 37504K, reserved 1081344K
  class space    used 4920K, capacity 5456K, committed 5504K, reserved 1048576K
}
Event: 31.903 GC heap after
{Heap after GC invocations=15 (full 0):
 garbage-first heap   total 45056K, used 18605K [0x00000000e0000000, 0x0000000100000000)
  region size 1024K, 2 young (2048K), 2 survivors (2048K)
 Metaspace       used 35887K, capacity 37263K, committed 37504K, reserved 1081344K
  class space    used 4920K, capacity 5456K, committed 5504K, reserved 1048576K
}

Deoptimization events (10 events):
Event: 31.958 Thread 0x0000026b36c78800 Uncommon trap: reason=unstable_if action=reinterpret pc=0x0000026b2a5e2f94 method=java.lang.StringUTF16.indexOfLatin1Unsafe([BI[BII)I @ 165 c2
Event: 32.008 Thread 0x0000026b36a8f000 Uncommon trap: reason=profile_predicate action=maybe_recompile pc=0x0000026b2a6265c4 method=java.lang.PublicMethods$MethodList.filter([Ljava/lang/reflect/Method;Ljava/lang/String;[Ljava/lang/Class;Z)Ljava/lang/PublicMethods$MethodList; @ 21 c2
Event: 32.008 Thread 0x0000026b36a8f000 Uncommon trap: reason=profile_predicate action=maybe_recompile pc=0x0000026b2a6265c4 method=java.lang.PublicMethods$MethodList.filter([Ljava/lang/reflect/Method;Ljava/lang/String;[Ljava/lang/Class;Z)Ljava/lang/PublicMethods$MethodList; @ 21 c2
Event: 32.009 Thread 0x0000026b36a8f000 Uncommon trap: reason=profile_predicate action=maybe_recompile pc=0x0000026b2a6265c4 method=java.lang.PublicMethods$MethodList.filter([Ljava/lang/reflect/Method;Ljava/lang/String;[Ljava/lang/Class;Z)Ljava/lang/PublicMethods$MethodList; @ 21 c2
Event: 32.009 Thread 0x0000026b36a8f000 Uncommon trap: reason=profile_predicate action=maybe_recompile pc=0x0000026b2a6265c4 method=java.lang.PublicMethods$MethodList.filter([Ljava/lang/reflect/Method;Ljava/lang/String;[Ljava/lang/Class;Z)Ljava/lang/PublicMethods$MethodList; @ 21 c2
Event: 32.169 Thread 0x0000026b37f34800 Uncommon trap: reason=unstable_if action=reinterpret pc=0x0000026b2a6119a8 method=java.util.ArrayDeque.addLast(Ljava/lang/Object;)V @ 42 c2
Event: 32.170 Thread 0x0000026b37f34800 Uncommon trap: reason=unstable_if action=reinterpret pc=0x0000026b2a60bc24 method=java.util.ArrayDeque.addLast(Ljava/lang/Object;)V @ 42 c2
Event: 32.290 Thread 0x0000026b3811c000 Uncommon trap: reason=class_check action=maybe_recompile pc=0x0000026b2a5682b4 method=java.nio.DirectByteBuffer.<init>(Lsun/nio/ch/DirectBuffer;IIIII)V @ 12 c2
Event: 32.290 Thread 0x0000026b3811c000 Uncommon trap: reason=class_check action=maybe_recompile pc=0x0000026b2a5682b4 method=java.nio.DirectByteBuffer.<init>(Lsun/nio/ch/DirectBuffer;IIIII)V @ 12 c2
Event: 32.296 Thread 0x0000026b36a8f000 Uncommon trap: reason=unstable_if action=reinterpret pc=0x0000026b2a62e088 method=java.lang.reflect.Method.equals(Ljava/lang/Object;)Z @ 1 c2

Classes redefined (0 events):
No events

Internal exceptions (10 events):
Event: 32.228 Thread 0x0000026b36a8f000 Exception <a 'java/lang/ClassNotFoundException'{0x00000000e2043e78}: java/lang/ObjectCustomizer> (0x00000000e2043e78) thrown at [t:/workspace/open/src/hotspot/share/classfile/systemDictionary.cpp, line 235]
Event: 32.287 Thread 0x0000026b36a8f000 Exception <a 'java/lang/ClassNotFoundException'{0x00000000e205b750}: org/springframework/web/reactive/config/WebFluxConfigurationSupportCustomizer> (0x00000000e205b750) thrown at [t:/workspace/open/src/hotspot/share/classfile/systemDictionary.cpp, line 23
Event: 32.289 Thread 0x0000026b36a8f000 Exception <a 'java/lang/ClassNotFoundException'{0x00000000e20a11d0}: org/springframework/web/reactive/config/DelegatingWebFluxConfigurationCustomizer> (0x00000000e20a11d0) thrown at [t:/workspace/open/src/hotspot/share/classfile/systemDictionary.cpp, line
Event: 32.291 Thread 0x0000026b36a8f000 Exception <a 'java/lang/ClassNotFoundException'{0x00000000e20be870}: org/springframework/boot/autoconfigure/web/reactive/WebFluxAutoConfiguration$EnableWebFluxConfigurationCustomizer> (0x00000000e20be870) thrown at [t:/workspace/open/src/hotspot/share/cla
Event: 32.293 Thread 0x0000026b36a8f000 Exception <a 'java/lang/ClassNotFoundException'{0x00000000e1f0b250}: org/springframework/context/ApplicationContextAwareCustomizer> (0x00000000e1f0b250) thrown at [t:/workspace/open/src/hotspot/share/classfile/systemDictionary.cpp, line 235]
Event: 32.294 Thread 0x0000026b36a8f000 Exception <a 'java/lang/ClassNotFoundException'{0x00000000e1f1ca30}: org/springframework/beans/factory/AwareCustomizer> (0x00000000e1f1ca30) thrown at [t:/workspace/open/src/hotspot/share/classfile/systemDictionary.cpp, line 235]
Event: 32.296 Thread 0x0000026b36a8f000 Implicit null exception at 0x0000026b2a62df7c to 0x0000026b2a62e076
Event: 32.345 Thread 0x0000026b36a8f000 Exception <a 'java/lang/ClassNotFoundException'{0x00000000e1fa0e80}: java/lang/ObjectCustomizer> (0x00000000e1fa0e80) thrown at [t:/workspace/open/src/hotspot/share/classfile/systemDictionary.cpp, line 235]
Event: 32.411 Thread 0x0000026b36a8f000 Exception <a 'java/lang/ClassNotFoundException'{0x00000000e1fbc400}: org/springframework/boot/autoconfigure/web/reactive/WebFluxAutoConfiguration$WebFluxConfigCustomizer> (0x00000000e1fbc400) thrown at [t:/workspace/open/src/hotspot/share/classfile/system
Event: 32.472 Thread 0x0000026b36a8f000 Exception <a 'java/lang/ClassNotFoundException'{0x00000000e1fdf200}: org/springframework/web/reactive/config/WebFluxConfigurerCustomizer> (0x00000000e1fdf200) thrown at [t:/workspace/open/src/hotspot/share/classfile/systemDictionary.cpp, line 235]

Events (10 events):
Event: 32.558 loading class org/springframework/core/codec/DecodingException
Event: 32.558 loading class org/springframework/core/codec/DecodingException done
Event: 32.576 loading class org/springframework/core/io/buffer/DataBuffer
Event: 32.576 loading class org/springframework/core/io/buffer/DataBuffer done
Event: 32.577 loading class org/springframework/core/codec/StringDecoder
Event: 32.577 loading class org/springframework/core/codec/StringDecoder done
Event: 32.578 loading class org/springframework/core/codec/AbstractDataBufferDecoder
Event: 32.578 loading class org/springframework/core/codec/AbstractDataBufferDecoder done
Event: 32.579 loading class org/springframework/core/codec/AbstractDecoder
Event: 32.579 loading class org/springframework/core/codec/AbstractDecoder done


Dynamic libraries:
0x00007ff629c70000 - 0x00007ff629c7f000 	C:\Program Files\Java\jdk-12.0.1\bin\java.exe
0x00007ffde4780000 - 0x00007ffde4970000 	C:\WINDOWS\SYSTEM32\ntdll.dll
0x00007ffde29f0000 - 0x00007ffde2aa2000 	C:\WINDOWS\System32\KERNEL32.DLL
0x00007ffde17f0000 - 0x00007ffde1a95000 	C:\WINDOWS\System32\KERNELBASE.dll
0x00007ffde16f0000 - 0x00007ffde17ea000 	C:\WINDOWS\System32\ucrtbase.dll
0x00007ffdddb50000 - 0x00007ffdddb66000 	C:\Program Files\Java\jdk-12.0.1\bin\VCRUNTIME140.dll
0x00007ffdddb30000 - 0x00007ffdddb48000 	C:\Program Files\Java\jdk-12.0.1\bin\jli.dll
0x00007ffde2bf0000 - 0x00007ffde2c93000 	C:\WINDOWS\System32\ADVAPI32.dll
0x00007ffde3860000 - 0x00007ffde38fe000 	C:\WINDOWS\System32\msvcrt.dll
0x00007ffde3d40000 - 0x00007ffde3dd7000 	C:\WINDOWS\System32\sechost.dll
0x00007ffde4470000 - 0x00007ffde4590000 	C:\WINDOWS\System32\RPCRT4.dll
0x00007ffde3de0000 - 0x00007ffde3f74000 	C:\WINDOWS\System32\USER32.dll
0x00007ffde27b0000 - 0x00007ffde27d1000 	C:\WINDOWS\System32\win32u.dll
0x00007ffdd5850000 - 0x00007ffdd5ad4000 	C:\WINDOWS\WinSxS\amd64_microsoft.windows.common-controls_6595b64144ccf1df_6.0.18362.1256_none_9e7e379be45e40e2\COMCTL32.dll
0x00007ffde3730000 - 0x00007ffde3756000 	C:\WINDOWS\System32\GDI32.dll
0x00007ffde2d00000 - 0x00007ffde3036000 	C:\WINDOWS\System32\combase.dll
0x00007ffde2250000 - 0x00007ffde23e6000 	C:\WINDOWS\System32\gdi32full.dll
0x00007ffde2450000 - 0x00007ffde24d1000 	C:\WINDOWS\System32\bcryptPrimitives.dll
0x00007ffde24e0000 - 0x00007ffde257e000 	C:\WINDOWS\System32\msvcp_win.dll
0x00007ffde1010000 - 0x00007ffde101a000 	C:\WINDOWS\SYSTEM32\VERSION.dll
0x00007ffde2900000 - 0x00007ffde292e000 	C:\WINDOWS\System32\IMM32.DLL
0x00007ffde1020000 - 0x00007ffde1056000 	C:\WINDOWS\system32\DriverStore\FileRepository\nvfm.inf_amd64_76974c92c44bbb6b\nvinitx.dll
0x00007ffde3040000 - 0x00007ffde3727000 	C:\WINDOWS\System32\Shell32.dll
0x00007ffde27e0000 - 0x00007ffde282a000 	C:\WINDOWS\System32\cfgmgr32.dll
0x00007ffde2850000 - 0x00007ffde28f9000 	C:\WINDOWS\System32\shcore.dll
0x00007ffde1aa0000 - 0x00007ffde2221000 	C:\WINDOWS\System32\windows.storage.dll
0x00007ffde16a0000 - 0x00007ffde16c3000 	C:\WINDOWS\System32\profapi.dll
0x00007ffde1650000 - 0x00007ffde169a000 	C:\WINDOWS\System32\powrprof.dll
0x00007ffde1620000 - 0x00007ffde1630000 	C:\WINDOWS\System32\UMPDC.dll
0x00007ffde3ce0000 - 0x00007ffde3d32000 	C:\WINDOWS\System32\shlwapi.dll
0x00007ffde16d0000 - 0x00007ffde16e1000 	C:\WINDOWS\System32\kernel.appcore.dll
0x00007ffde2230000 - 0x00007ffde2247000 	C:\WINDOWS\System32\cryptsp.dll
0x0000000052430000 - 0x0000000052436000 	C:\Program Files\NVIDIA Corporation\CoProcManager\_etoured.dll
0x00007ffdd6dc0000 - 0x00007ffdd6e03000 	C:\Program Files\NVIDIA Corporation\CoProcManager\nvd3d9wrapx.dll
0x00007ffde3f80000 - 0x00007ffde43f0000 	C:\WINDOWS\System32\SETUPAPI.dll
0x00007ffde26d0000 - 0x00007ffde26f6000 	C:\WINDOWS\System32\bcrypt.dll
0x00007ffde01d0000 - 0x00007ffde01f0000 	C:\WINDOWS\SYSTEM32\dxcore.dll
0x00007ffdd6d90000 - 0x00007ffdd6dbd000 	C:\Program Files\NVIDIA Corporation\CoProcManager\nvdxgiwrapx.dll
0x00007ffdcc770000 - 0x00007ffdcc81a000 	C:\Program Files\Java\jdk-12.0.1\bin\msvcp140.dll
0x00007ffd992e0000 - 0x00007ffd99e54000 	C:\Program Files\Java\jdk-12.0.1\bin\server\jvm.dll
0x00007ffde4460000 - 0x00007ffde4468000 	C:\WINDOWS\System32\PSAPI.DLL
0x00007ffdddb00000 - 0x00007ffdddb09000 	C:\WINDOWS\SYSTEM32\WSOCK32.dll
0x00007ffddf2f0000 - 0x00007ffddf314000 	C:\WINDOWS\SYSTEM32\WINMM.dll
0x00007ffde43f0000 - 0x00007ffde445f000 	C:\WINDOWS\System32\WS2_32.dll
0x00007ffddf2c0000 - 0x00007ffddf2ed000 	C:\WINDOWS\SYSTEM32\WINMMBASE.dll
0x00007ffdddb10000 - 0x00007ffdddb21000 	C:\Program Files\Java\jdk-12.0.1\bin\verify.dll
0x00007ffddff60000 - 0x00007ffde0154000 	C:\WINDOWS\SYSTEM32\DBGHELP.DLL
0x00007ffdd0db0000 - 0x00007ffdd0dda000 	C:\WINDOWS\SYSTEM32\dbgcore.DLL
0x00007ffdd7ab0000 - 0x00007ffdd7ad6000 	C:\Program Files\Java\jdk-12.0.1\bin\java.dll
0x00007ffdd7a90000 - 0x00007ffdd7aa7000 	C:\Program Files\Java\jdk-12.0.1\bin\zip.dll
0x00007ffdddc30000 - 0x00007ffdddc3a000 	C:\Program Files\Java\jdk-12.0.1\bin\jimage.dll
0x00007ffdd7560000 - 0x00007ffdd7579000 	C:\Program Files\Java\jdk-12.0.1\bin\net.dll
0x00007ffdd6a00000 - 0x00007ffdd6af0000 	C:\WINDOWS\SYSTEM32\WINHTTP.dll
0x00007ffdd25b0000 - 0x00007ffdd2786000 	C:\WINDOWS\SYSTEM32\urlmon.dll
0x00007ffdd28b0000 - 0x00007ffdd2b57000 	C:\WINDOWS\SYSTEM32\iertutil.dll
0x00007ffde0f50000 - 0x00007ffde0f5c000 	C:\WINDOWS\SYSTEM32\CRYPTBASE.DLL
0x00007ffde0dd0000 - 0x00007ffde0e37000 	C:\WINDOWS\system32\mswsock.dll
0x00007ffdd4bf0000 - 0x00007ffdd4c03000 	C:\Program Files\Java\jdk-12.0.1\bin\nio.dll
0x00007ffde08f0000 - 0x00007ffde0923000 	C:\WINDOWS\system32\rsaenh.dll
0x00007ffde1500000 - 0x00007ffde1525000 	C:\WINDOWS\SYSTEM32\USERENV.dll
0x00007ffde0af0000 - 0x00007ffde0b2a000 	C:\WINDOWS\SYSTEM32\IPHLPAPI.DLL
0x00007ffde3850000 - 0x00007ffde3858000 	C:\WINDOWS\System32\NSI.dll
0x00007ffdd74c0000 - 0x00007ffdd74d6000 	C:\WINDOWS\SYSTEM32\dhcpcsvc6.DLL
0x00007ffdd74a0000 - 0x00007ffdd74bc000 	C:\WINDOWS\SYSTEM32\dhcpcsvc.DLL
0x00007ffde0b30000 - 0x00007ffde0bfb000 	C:\WINDOWS\SYSTEM32\DNSAPI.dll
0x00007ffdd7a80000 - 0x00007ffdd7a89000 	C:\Program Files\Java\jdk-12.0.1\bin\management.dll
0x00007ffdd4be0000 - 0x00007ffdd4bec000 	C:\Program Files\Java\jdk-12.0.1\bin\management_ext.dll
0x00007ffdc9b20000 - 0x00007ffdc9b36000 	C:\WINDOWS\system32\napinsp.dll
0x00007ffdc9680000 - 0x00007ffdc969a000 	C:\WINDOWS\system32\pnrpnsp.dll
0x00007ffdcbbb0000 - 0x00007ffdcbbbe000 	C:\WINDOWS\System32\winrnr.dll
0x00007ffdddae0000 - 0x00007ffdddafc000 	C:\WINDOWS\system32\NLAapi.dll
0x00007ffddccb0000 - 0x00007ffddccc5000 	C:\WINDOWS\system32\wshbth.dll
0x00007ffdd5d60000 - 0x00007ffdd5d6a000 	C:\Windows\System32\rasadhlp.dll
0x00007ffdd7150000 - 0x00007ffdd71c7000 	C:\WINDOWS\System32\fwpuclnt.dll
0x00007ffde05d0000 - 0x00007ffde0601000 	C:\WINDOWS\SYSTEM32\ntmarta.dll
0x00007ffddf420000 - 0x00007ffddf4af000 	C:\WINDOWS\system32\apphelp.dll

dbghelp: loaded successfully - version: 4.0.5 - missing functions: none
symbol engine: initialized successfully - sym options: 0x614 - pdb path: .;C:\Program Files\Java\jdk-12.0.1\bin;C:\WINDOWS\SYSTEM32;C:\WINDOWS\WinSxS\amd64_microsoft.windows.common-controls_6595b64144ccf1df_6.0.18362.1256_none_9e7e379be45e40e2;C:\WINDOWS\system32\DriverStore\FileRepository\nvfm.inf_amd64_76974c92c44bbb6b;C:\Program Files\NVIDIA Corporation\CoProcManager;C:\Program Files\Java\jdk-12.0.1\bin\server

VM Arguments:
jvm_args: -Dorg.gradle.native=false -Xmx512m -Dfile.encoding=windows-1251 -Duser.country=RU -Duser.language=ru -Duser.variant -ea 
java_command: worker.org.gradle.process.internal.worker.GradleWorkerMain 'Gradle Test Executor 1'
java_class_path (initial): C:\\Gradle\\gradle-5.5\\caches\\6.7.1\\workerMain\\gradle-worker.jar;D:\\testExercise\\build\\classes\\java\\test;D:\\testExercise\\build\\resources\\test;D:\\testExercise\\build\\classes\\java\\main;D:\\testExercise\\build\\resources\\main;C:\\Gradle\\gradle-5.5\\caches\\modules-2\\files-2.1\\org.springframework.boot\\spring-boot-starter-data-mongodb-reactive\\2.4.1\\655a05dfabfab178a2365c40b762f2be67698d36\\spring-boot-starter-data-mongodb-reactive-2.4.1.jar;C:\\Gradle\\gradle-5.5\\caches\\modules-2\\files-2.1\\org.springframework.boot\\spring-boot-starter-webflux\\2.4.1\\e54535216a6b6becffc044fd8abff3e6011e576d\\spring-boot-starter-webflux-2.4.1.jar;C:\\Gradle\\gradle-5.5\\caches\\modules-2\\files-2.1\\org.springframework.boot\\spring-boot-starter-test\\2.4.1\\50147ab5f3b431a397d27e2c0af313b9147cd058\\spring-boot-starter-test-2.4.1.jar;C:\\Gradle\\gradle-5.5\\caches\\modules-2\\files-2.1\\de.flapdoodle.embed\\de.flapdoodle.embed.mongo\\2.2.0\\781d14f4e3d9eeb0b4c3e00a4ec165a04b3dc5c4\\de.flapdoodle.embed.mongo-2.2.0.jar;C:\\Gradle\\gradle-5.5\\caches\\modules-2\\files-2.1\\io.projectreactor\\reactor-test\\3.4.1\\ec8cef652db7d41ebf5967910872367b5423e989\\reactor-test-3.4.1.jar;C:\\Gradle\\gradle-5.5\\caches\\modules-2\\files-2.1\\org.springframework.boot\\spring-boot-starter-json\\2.4.1\\5a4b7088c88be531cb416ef218da3e19309f8cea\\spring-boot-starter-json-2.4.1.jar;C:\\Gradle\\gradle-5.5\\caches\\modules-2\\files-2.1\\org.springframework.boot\\spring-boot-starter\\2.4.1\\15d81ffe81e26de37986d491e1cf4c1e3a324ca3\\spring-boot-starter-2.4.1.jar;C:\\Gradle\\gradle-5.5\\caches\\modules-2\\files-2.1\\org.springframework\\spring-webflux\\5.3.2\\63fe694e07b0430991671eebac9fbb0ffba08483\\spring-webflux-5.3.2.jar;C:\\Gradle\\gradle-5.5\\caches\\modules-2\\files-2.1\\org.springframework.boot\\spring-boot-starter-reactor-netty\\2.4.1\\f4e512e25c75839c946b26756e18e7bee4307091\\spring-boot-starter-reactor-netty-2.4.1.jar;C:\\Gradle\\gradle-5.5\\caches\
Launcher Type: SUN_STANDARD

[Global flags]
     intx CICompilerCount                          = 3                                         {product} {ergonomic}
     uint ConcGCThreads                            = 1                                         {product} {ergonomic}
     uint G1ConcRefinementThreads                  = 4                                         {product} {ergonomic}
   size_t G1HeapRegionSize                         = 1048576                                   {product} {ergonomic}
    uintx GCDrainStackTargetSize                   = 64                                        {product} {ergonomic}
   size_t InitialHeapSize                          = 132120576                                 {product} {ergonomic}
   size_t MarkStackSize                            = 4194304                                   {product} {ergonomic}
   size_t MaxHeapSize                              = 536870912                                 {product} {command line}
   size_t MaxNewSize                               = 321912832                                 {product} {ergonomic}
   size_t MinHeapDeltaBytes                        = 1048576                                   {product} {ergonomic}
    uintx NonNMethodCodeHeapSize                   = 5830732                                {pd product} {ergonomic}
    uintx NonProfiledCodeHeapSize                  = 122913754                              {pd product} {ergonomic}
    uintx ProfiledCodeHeapSize                     = 122913754                              {pd product} {ergonomic}
    uintx ReservedCodeCacheSize                    = 251658240                              {pd product} {ergonomic}
     bool SegmentedCodeCache                       = true                                      {product} {ergonomic}
     bool UseCompressedClassPointers               = true                                 {lp64_product} {ergonomic}
     bool UseCompressedOops                        = true                                 {lp64_product} {ergonomic}
     bool UseG1GC                                  = true                                      {product} {ergonomic}
     bool UseLargePagesIndividualAllocation        = false                                  {pd product} {ergonomic}

Logging:
Log output configuration:
 #0: stdout all=warning uptime,level,tags
 #1: stderr all=off uptime,level,tags

Environment Variables:
JAVA_HOME=C:\Program Files\Java\jdk-12.0.1
PATH=C:\ProgramData\DockerDesktop\version-bin;C:\Program Files\Docker\Docker\Resources\bin;C:\WINDOWS\system32;C:\WINDOWS;C:\WINDOWS\System32\Wbem;C:\WINDOWS\System32\WindowsPowerShell\v1.0\;C:\WINDOWS\System32\OpenSSH\;C:\Program Files\Git\cmd;C:\Gradle\gradle-5.5\bin;C:\Go\bin;C:\Program Files\MySQL\MySQL Shell 8.0\bin\;C:\Users\Diana\AppData\Local\Microsoft\WindowsApps;;C:\Program Files\JetBrains\IntelliJ IDEA Community Edition 2019.1.3\bin;;C:\Users\Diana\go\bin;C:\Users\Diana\AppData\Local\Programs\Microsoft VS Code\bin
USERNAME=Diana
OS=Windows_NT
PROCESSOR_IDENTIFIER=Intel64 Family 6 Model 42 Stepping 7, GenuineIntel



---------------  S Y S T E M  ---------------

OS: Windows 10 , 64 bit Build 18362 (10.0.18362.1110)

CPU:total 4 (initial active 4) (2 cores per cpu, 2 threads per core) family 6 model 42 stepping 7, cmov, cx8, fxsr, mmx, sse, sse2, sse3, ssse3, sse4.1, sse4.2, popcnt, avx, clmul, ht, tsc, tscinvbit

Memory: 4k page, system-wide physical 8048M (599M free)
TotalPageFile size 8848M (AvailPageFile size 4M)
current process WorkingSet (physical memory assigned to process): 200M, peak: 201M
current process commit charge ("private bytes"): 226M, peak: 246M

vm_info: Java HotSpot(TM) 64-Bit Server VM (12.0.1+12) for windows-amd64 JRE (12.0.1+12), built on Apr  2 2019 14:02:19 by "mach5one" with MS VC++ 15.5 (VS2017)

END.
