#
# There is insufficient memory for the Java Runtime Environment to continue.
# Native memory allocation (malloc) failed to allocate 1445136 bytes for Chunk::new
# Possible reasons:
#   The system is out of physical RAM or swap space
#   The process is running with CompressedOops enabled, and the Java Heap may be blocking the growth of the native heap
# Possible solutions:
#   Reduce memory load on the system
#   Increase physical memory or swap space
#   Check if swap backing store is full
#   Decrease Java heap size (-Xmx/-Xms)
#   Decrease number of Java threads
#   Decrease Java thread stack sizes (-Xss)
#   Set larger code cache with -XX:ReservedCodeCacheSize=
#   JVM is running with Unscaled Compressed Oops mode in which the Java heap is
#     placed in the first 4GB address space. The Java Heap base address is the
#     maximum limit for the native heap growth. Please use -XX:HeapBaseMinAddress
#     to set the Java Heap base and to place the Java Heap above 4GB virtual address.
# This output file may be truncated or incomplete.
#
#  Out of Memory Error (t:/workspace/open/src/hotspot/share/memory/arena.cpp:197), pid=8296, tid=9688
#
# JRE version: Java(TM) SE Runtime Environment (12.0.1+12) (build 12.0.1+12)
# Java VM: Java HotSpot(TM) 64-Bit Server VM (12.0.1+12, mixed mode, sharing, tiered, compressed oops, g1 gc, windows-amd64)
# No core dump will be written. Minidumps are not enabled by default on client versions of Windows
#

---------------  S U M M A R Y ------------

Command Line: -Dorg.gradle.native=false -Xmx512m -Dfile.encoding=windows-1251 -Duser.country=RU -Duser.language=ru -Duser.variant -ea worker.org.gradle.process.internal.worker.GradleWorkerMain 'Gradle Test Executor 1'

Host: Intel(R) Core(TM) i3-2328M CPU @ 2.20GHz, 4 cores, 7G,  Windows 10 , 64 bit Build 18362 (10.0.18362.1110)
Time: Mon Jan 11 09:59:00 2021 Oeieyiaey (ceia) elapsed time: 34 seconds (0d 0h 0m 34s)

---------------  T H R E A D  ---------------

Current thread (0x00000286a8945800):  JavaThread "C2 CompilerThread0" daemon [_thread_in_native, id=9688, stack(0x000000b724d00000,0x000000b724e00000)]


Current CompileTask:
C2:  34996 4923       4       org.springframework.core.ResolvableType::forType (115 bytes)

Stack: [0x000000b724d00000,0x000000b724e00000]
Native frames: (J=compiled Java code, j=interpreted, Vv=VM code, C=native code)
V  [jvm.dll+0x63948a]
V  [jvm.dll+0x78b31f]
V  [jvm.dll+0x78c9c1]
V  [jvm.dll+0x78d013]
V  [jvm.dll+0x262138]
V  [jvm.dll+0xc582c]
V  [jvm.dll+0xc5dac]
V  [jvm.dll+0x3796a7]
V  [jvm.dll+0x1aeff0]
V  [jvm.dll+0x21c142]
V  [jvm.dll+0x21b20a]
V  [jvm.dll+0x199890]
V  [jvm.dll+0x22a534]
V  [jvm.dll+0x228b88]
V  [jvm.dll+0x74f660]
V  [jvm.dll+0x748648]
V  [jvm.dll+0x638566]
C  [ucrtbase.dll+0x210b2]
C  [KERNEL32.DLL+0x17c24]
C  [ntdll.dll+0x6d4d1]


---------------  P R O C E S S  ---------------

Threads class SMR info:
_java_thread_list=0x00000286ab067080, length=24, elements={
0x000002868d45b800, 0x00000286a8013800, 0x00000286a8015800, 0x00000286a8941000,
0x00000286a8944000, 0x00000286a8945800, 0x00000286a8947000, 0x00000286a895b000,
0x00000286a8a8b000, 0x00000286a8a9b000, 0x00000286a91e5000, 0x00000286a92b2000,
0x00000286a92c9800, 0x00000286a9bb6800, 0x00000286a9a63800, 0x00000286abafa000,
0x00000286ac52c000, 0x00000286ab817000, 0x00000286ab65f800, 0x00000286ab1e4000,
0x00000286ab233000, 0x00000286ab4a0800, 0x00000286ab4a1800, 0x00000286ab4a2800
}

Java Threads: ( => current thread )
  0x000002868d45b800 JavaThread "main" [_thread_blocked, id=2288, stack(0x000000b724200000,0x000000b724300000)]
  0x00000286a8013800 JavaThread "Reference Handler" daemon [_thread_blocked, id=1864, stack(0x000000b724900000,0x000000b724a00000)]
  0x00000286a8015800 JavaThread "Finalizer" daemon [_thread_blocked, id=7024, stack(0x000000b724a00000,0x000000b724b00000)]
  0x00000286a8941000 JavaThread "Signal Dispatcher" daemon [_thread_blocked, id=1772, stack(0x000000b724b00000,0x000000b724c00000)]
  0x00000286a8944000 JavaThread "Attach Listener" daemon [_thread_blocked, id=5316, stack(0x000000b724c00000,0x000000b724d00000)]
=>0x00000286a8945800 JavaThread "C2 CompilerThread0" daemon [_thread_in_native, id=9688, stack(0x000000b724d00000,0x000000b724e00000)]
  0x00000286a8947000 JavaThread "C1 CompilerThread0" daemon [_thread_blocked, id=3956, stack(0x000000b724e00000,0x000000b724f00000)]
  0x00000286a895b000 JavaThread "Sweeper thread" daemon [_thread_blocked, id=8172, stack(0x000000b724f00000,0x000000b725000000)]
  0x00000286a8a8b000 JavaThread "Service Thread" daemon [_thread_blocked, id=8380, stack(0x000000b725000000,0x000000b725100000)]
  0x00000286a8a9b000 JavaThread "Common-Cleaner" daemon [_thread_blocked, id=10504, stack(0x000000b725200000,0x000000b725300000)]
  0x00000286a91e5000 JavaThread "Test worker" [_thread_in_Java, id=7976, stack(0x000000b725600000,0x000000b725700000)]
  0x00000286a92b2000 JavaThread "/127.0.0.1:60186 to /127.0.0.1:60181 workers Thread 2" [_thread_blocked, id=4408, stack(0x000000b725700000,0x000000b725800000)]
  0x00000286a92c9800 JavaThread "/127.0.0.1:60186 to /127.0.0.1:60181 workers Thread 3" [_thread_in_native, id=10952, stack(0x000000b725800000,0x000000b725900000)]
  0x00000286a9bb6800 JavaThread "Thread-4" daemon [_thread_in_native, id=9136, stack(0x000000b725a00000,0x000000b725b00000)]
  0x00000286a9a63800 JavaThread "Thread-5" daemon [_thread_in_native, id=7136, stack(0x000000b725b00000,0x000000b725c00000)]
  0x00000286abafa000 JavaThread "cluster-ClusterId{value='5ffc0535bf7bb25d4a93e2e4', description='null'}-localhost:60227" daemon [_thread_blocked, id=10172, stack(0x000000b725c00000,0x000000b725d00000)]
  0x00000286ac52c000 JavaThread "cluster-rtt-ClusterId{value='5ffc0535bf7bb25d4a93e2e4', description='null'}-localhost:60227" daemon [_thread_blocked, id=10176, stack(0x000000b725d00000,0x000000b725e00000)]
  0x00000286ab817000 JavaThread "boundedElastic-evictor-1" daemon [_thread_blocked, id=5272, stack(0x000000b725f00000,0x000000b726000000)]
  0x00000286ab65f800 JavaThread "boundedElastic-evictor-2" daemon [_thread_blocked, id=2464, stack(0x000000b726000000,0x000000b726100000)]
  0x00000286ab1e4000 JavaThread "boundedElastic-evictor-3" daemon [_thread_blocked, id=4660, stack(0x000000b726100000,0x000000b726200000)]
  0x00000286ab233000 JavaThread "nioEventLoopGroup-2-1" [_thread_in_native, id=9944, stack(0x000000b726200000,0x000000b726300000)]
  0x00000286ab4a0800 JavaThread "nioEventLoopGroup-2-2" [_thread_in_native, id=10400, stack(0x000000b726300000,0x000000b726400000)]
  0x00000286ab4a1800 JavaThread "boundedElastic-evictor-4" daemon [_thread_blocked, id=9940, stack(0x000000b726400000,0x000000b726500000)]
  0x00000286ab4a2800 JavaThread "C2 CompilerThread1" daemon [_thread_in_native, id=5612, stack(0x000000b726500000,0x000000b726600000)]

Other Threads:
  0x00000286a8011800 VMThread "VM Thread" [stack: 0x000000b724800000,0x000000b724900000] [id=8640]
  0x00000286a8a9a800 WatcherThread [stack: 0x000000b725100000,0x000000b725200000] [id=1156]
  0x000002868d47e800 GCTaskThread "GC Thread#0" [stack: 0x000000b724300000,0x000000b724400000] [id=7676]
  0x00000286a923b000 GCTaskThread "GC Thread#1" [stack: 0x000000b725400000,0x000000b725500000] [id=3908]
  0x00000286a9266800 GCTaskThread "GC Thread#2" [stack: 0x000000b725500000,0x000000b725600000] [id=10776]
  0x00000286a93e6000 GCTaskThread "GC Thread#3" [stack: 0x000000b725900000,0x000000b725a00000] [id=9588]
  0x000002868d484000 ConcurrentGCThread "G1 Main Marker" [stack: 0x000000b724400000,0x000000b724500000] [id=9544]
  0x000002868d486000 ConcurrentGCThread "G1 Conc#0" [stack: 0x000000b724500000,0x000000b724600000] [id=9792]
  0x00000286a7e7f800 ConcurrentGCThread "G1 Refine#0" [stack: 0x000000b724600000,0x000000b724700000] [id=9736]
  0x00000286a7e84000 ConcurrentGCThread "G1 Young RemSet Sampling" [stack: 0x000000b724700000,0x000000b724800000] [id=11088]

Threads with active compile tasks:
C2 CompilerThread0  4923       4       org.springframework.core.ResolvableType::forType (115 bytes)
C2 CompilerThread1  4998       4       java.util.function.BiPredicate$$Lambda$400/0x0000000801381440::test (14 bytes)

VM state:not at safepoint (normal execution)

VM Mutex/Monitor currently owned by a thread: None

Heap address: 0x00000000e0000000, size: 512 MB, Compressed Oops mode: 32-bit
Narrow klass base: 0x0000000800000000, Narrow klass shift: 3
Compressed class space size: 1073741824 Address: 0x00000008011a0000

Heap:
 garbage-first heap   total 46080K, used 30736K [0x00000000e0000000, 0x0000000100000000)
  region size 1024K, 9 young (9216K), 2 survivors (2048K)
 Metaspace       used 45165K, capacity 46827K, committed 46976K, reserved 1089536K
  class space    used 6341K, capacity 6986K, committed 7040K, reserved 1048576K
Heap Regions: E=young(eden), S=young(survivor), O=old, HS=humongous(starts), HC=humongous(continues), CS=collection set, F=free, A=archive, TAMS=top-at-mark-start (previous, next)
|   0|0x00000000e0000000, 0x00000000e0100000, 0x00000000e0100000|100%| O|  |TAMS 0x00000000e0100000, 0x00000000e0000000| Untracked 
|   1|0x00000000e0100000, 0x00000000e0200000, 0x00000000e0200000|100%| O|  |TAMS 0x00000000e0200000, 0x00000000e0100000| Untracked 
|   2|0x00000000e0200000, 0x00000000e0300000, 0x00000000e0300000|100%| O|  |TAMS 0x00000000e0300000, 0x00000000e0200000| Untracked 
|   3|0x00000000e0300000, 0x00000000e0400000, 0x00000000e0400000|100%| O|  |TAMS 0x00000000e0400000, 0x00000000e0300000| Untracked 
|   4|0x00000000e0400000, 0x00000000e0500000, 0x00000000e0500000|100%| O|  |TAMS 0x00000000e0500000, 0x00000000e0400000| Untracked 
|   5|0x00000000e0500000, 0x00000000e0600000, 0x00000000e0600000|100%| O|  |TAMS 0x00000000e0600000, 0x00000000e0500000| Untracked 
|   6|0x00000000e0600000, 0x00000000e0700000, 0x00000000e0700000|100%| O|  |TAMS 0x00000000e06d3200, 0x00000000e0600000| Untracked 
|   7|0x00000000e0700000, 0x00000000e0800000, 0x00000000e0800000|100%| O|  |TAMS 0x00000000e0800000, 0x00000000e0700000| Untracked 
|   8|0x00000000e0800000, 0x00000000e0900000, 0x00000000e0900000|100%| O|  |TAMS 0x00000000e0900000, 0x00000000e0800000| Untracked 
|   9|0x00000000e0900000, 0x00000000e0a00000, 0x00000000e0a00000|100%| O|  |TAMS 0x00000000e0a00000, 0x00000000e0900000| Untracked 
|  10|0x00000000e0a00000, 0x00000000e0b00000, 0x00000000e0b00000|100%| O|  |TAMS 0x00000000e0b00000, 0x00000000e0a00000| Untracked 
|  11|0x00000000e0b00000, 0x00000000e0c00000, 0x00000000e0c00000|100%| O|  |TAMS 0x00000000e0c00000, 0x00000000e0b00000| Untracked 
|  12|0x00000000e0c00000, 0x00000000e0d00000, 0x00000000e0d00000|100%| O|  |TAMS 0x00000000e0d00000, 0x00000000e0c00000| Untracked 
|  13|0x00000000e0d00000, 0x00000000e0d65800, 0x00000000e0e00000| 39%| O|  |TAMS 0x00000000e0d00000, 0x00000000e0d00000| Untracked 
|  14|0x00000000e0e00000, 0x00000000e0f00000, 0x00000000e0f00000|100%| O|  |TAMS 0x00000000e0f00000, 0x00000000e0e00000| Untracked 
|  15|0x00000000e0f00000, 0x00000000e1000000, 0x00000000e1000000|100%| O|  |TAMS 0x00000000e1000000, 0x00000000e0f00000| Untracked 
|  16|0x00000000e1000000, 0x00000000e1100000, 0x00000000e1100000|100%| O|  |TAMS 0x00000000e1100000, 0x00000000e1000000| Untracked 
|  17|0x00000000e1100000, 0x00000000e1100000, 0x00000000e1200000|  0%| F|  |TAMS 0x00000000e1100000, 0x00000000e1100000| Untracked 
|  18|0x00000000e1200000, 0x00000000e1300000, 0x00000000e1300000|100%| O|  |TAMS 0x00000000e1300000, 0x00000000e1200000| Untracked 
|  19|0x00000000e1300000, 0x00000000e1400000, 0x00000000e1400000|100%| O|  |TAMS 0x00000000e1400000, 0x00000000e1300000| Untracked 
|  20|0x00000000e1400000, 0x00000000e1500000, 0x00000000e1500000|100%| O|  |TAMS 0x00000000e1500000, 0x00000000e1400000| Untracked 
|  21|0x00000000e1500000, 0x00000000e1600000, 0x00000000e1600000|100%| O|  |TAMS 0x00000000e1600000, 0x00000000e1500000| Untracked 
|  22|0x00000000e1600000, 0x00000000e1700000, 0x00000000e1700000|100%| O|  |TAMS 0x00000000e1700000, 0x00000000e1600000| Untracked 
|  23|0x00000000e1700000, 0x00000000e1800000, 0x00000000e1800000|100%| O|  |TAMS 0x00000000e1800000, 0x00000000e1700000| Untracked 
|  24|0x00000000e1800000, 0x00000000e1800000, 0x00000000e1900000|  0%| F|  |TAMS 0x00000000e1800000, 0x00000000e1800000| Untracked 
|  25|0x00000000e1900000, 0x00000000e1900000, 0x00000000e1a00000|  0%| F|  |TAMS 0x00000000e1900000, 0x00000000e1900000| Untracked 
|  26|0x00000000e1a00000, 0x00000000e1a00000, 0x00000000e1b00000|  0%| F|  |TAMS 0x00000000e1a00000, 0x00000000e1a00000| Untracked 
|  27|0x00000000e1b00000, 0x00000000e1b00000, 0x00000000e1c00000|  0%| F|  |TAMS 0x00000000e1b00000, 0x00000000e1b00000| Untracked 
|  28|0x00000000e1c00000, 0x00000000e1c00000, 0x00000000e1d00000|  0%| F|  |TAMS 0x00000000e1c00000, 0x00000000e1c00000| Untracked 
|  29|0x00000000e1d00000, 0x00000000e1d00000, 0x00000000e1e00000|  0%| F|  |TAMS 0x00000000e1d00000, 0x00000000e1d00000| Untracked 
|  30|0x00000000e1e00000, 0x00000000e1e00000, 0x00000000e1f00000|  0%| F|  |TAMS 0x00000000e1e00000, 0x00000000e1e00000| Untracked 
|  31|0x00000000e1f00000, 0x00000000e1f00000, 0x00000000e2000000|  0%| F|  |TAMS 0x00000000e1f00000, 0x00000000e1f00000| Untracked 
|  32|0x00000000e2000000, 0x00000000e209ead8, 0x00000000e2100000| 61%| S|CS|TAMS 0x00000000e2000000, 0x00000000e2000000| Complete 
|  33|0x00000000e2100000, 0x00000000e2200000, 0x00000000e2200000|100%| S|CS|TAMS 0x00000000e2100000, 0x00000000e2100000| Complete 
|  34|0x00000000e2200000, 0x00000000e2200000, 0x00000000e2300000|  0%| F|  |TAMS 0x00000000e2200000, 0x00000000e2200000| Untracked 
|  35|0x00000000e2300000, 0x00000000e2300000, 0x00000000e2400000|  0%| F|  |TAMS 0x00000000e2300000, 0x00000000e2300000| Untracked 
|  36|0x00000000e2400000, 0x00000000e2400000, 0x00000000e2500000|  0%| F|  |TAMS 0x00000000e2400000, 0x00000000e2400000| Untracked 
|  37|0x00000000e2500000, 0x00000000e2500000, 0x00000000e2600000|  0%| F|  |TAMS 0x00000000e2500000, 0x00000000e2500000| Untracked 
|  38|0x00000000e2600000, 0x00000000e2700000, 0x00000000e2700000|100%| E|  |TAMS 0x00000000e2600000, 0x00000000e2600000| Complete 
|  39|0x00000000e2700000, 0x00000000e2800000, 0x00000000e2800000|100%| E|CS|TAMS 0x00000000e2700000, 0x00000000e2700000| Complete 
|  93|0x00000000e5d00000, 0x00000000e5e00000, 0x00000000e5e00000|100%| E|CS|TAMS 0x00000000e5d00000, 0x00000000e5d00000| Complete 
|  94|0x00000000e5e00000, 0x00000000e5f00000, 0x00000000e5f00000|100%| E|CS|TAMS 0x00000000e5e00000, 0x00000000e5e00000| Complete 
|  95|0x00000000e5f00000, 0x00000000e6000000, 0x00000000e6000000|100%| E|CS|TAMS 0x00000000e5f00000, 0x00000000e5f00000| Complete 
|  96|0x00000000e6000000, 0x00000000e6100000, 0x00000000e6100000|100%| E|CS|TAMS 0x00000000e6000000, 0x00000000e6000000| Complete 
| 125|0x00000000e7d00000, 0x00000000e7e00000, 0x00000000e7e00000|100%| E|CS|TAMS 0x00000000e7d00000, 0x00000000e7d00000| Complete 

Card table byte_map: [0x00000286a47e0000,0x00000286a48e0000] _byte_map_base: 0x00000286a40e0000

Marking Bits (Prev, Next): (CMBitMap*) 0x000002868d4806f8, (CMBitMap*) 0x000002868d4806b8
 Prev Bits: [0x00000286a51e0000, 0x00000286a59e0000)
 Next Bits: [0x00000286a49e0000, 0x00000286a51e0000)

Polling page: 0x000002868cbb0000

Metaspace:

Usage:
  Non-class:     38.91 MB capacity,    37.92 MB ( 97%) used,   823.55 KB (  2%) free+waste,   192.44 KB ( <1%) overhead. 
      Class:      6.82 MB capacity,     6.19 MB ( 91%) used,   549.05 KB (  8%) free+waste,    95.88 KB (  1%) overhead. 
       Both:     45.73 MB capacity,    44.11 MB ( 96%) used,     1.34 MB (  3%) free+waste,   288.31 KB ( <1%) overhead. 

Virtual space:
  Non-class space:       40.00 MB reserved,      39.00 MB ( 98%) committed 
      Class space:        1.00 GB reserved,       6.88 MB ( <1%) committed 
             Both:        1.04 GB reserved,      45.88 MB (  4%) committed 

Chunk freelists:
   Non-Class:  3.88 KB
       Class:  2.75 KB
        Both:  6.63 KB

CodeHeap 'non-profiled nmethods': size=120064Kb used=2785Kb max_used=2785Kb free=117278Kb
 bounds [0x000002869d2a0000, 0x000002869d560000, 0x00000286a47e0000]
CodeHeap 'profiled nmethods': size=120000Kb used=11504Kb max_used=11504Kb free=108495Kb
 bounds [0x0000028695d70000, 0x00000286968c0000, 0x000002869d2a0000]
CodeHeap 'non-nmethods': size=5696Kb used=1208Kb max_used=1265Kb free=4487Kb
 bounds [0x00000286957e0000, 0x0000028695a50000, 0x0000028695d70000]
 total_blobs=6786 nmethods=4800 adapters=462
 compilation: enabled
              stopped_count=0, restarted_count=0
 full_count=0

Compilation events (10 events):
Event: 34.979 Thread 0x00000286a8947000 5038       3       java.util.LinkedHashMap::afterNodeRemoval (65 bytes)
Event: 34.979 Thread 0x00000286a8947000 nmethod 5038 0x000002869685a690 code [0x000002869685a880, 0x000002869685ad98]
Event: 34.982 Thread 0x00000286a8947000 5039       3       org.springframework.core.type.classreading.MergedAnnotationReadingVisitor::visit (28 bytes)
Event: 34.982 Thread 0x00000286a8947000 nmethod 5039 0x000002869685af10 code [0x000002869685b100, 0x000002869685b600]
Event: 34.983 Thread 0x00000286a8947000 5040       3       org.springframework.boot.autoconfigure.condition.OnClassCondition$StandardOutcomesResolver::<init> (12 bytes)
Event: 34.984 Thread 0x00000286a8947000 nmethod 5040 0x000002869685b710 code [0x000002869685b8e0, 0x000002869685bc38]
Event: 34.984 Thread 0x00000286a8947000 5041       3       org.springframework.boot.autoconfigure.condition.OnClassCondition$StandardOutcomesResolver::<init> (32 bytes)
Event: 34.984 Thread 0x00000286a8947000 nmethod 5041 0x000002869685bd90 code [0x000002869685bf60, 0x000002869685c258]
Event: 34.984 Thread 0x00000286a8947000 5042       3       org.springframework.boot.autoconfigure.condition.OnClassCondition$StandardOutcomesResolver::resolveOutcomes (21 bytes)
Event: 34.985 Thread 0x00000286a8947000 nmethod 5042 0x000002869685c310 code [0x000002869685c4e0, 0x000002869685c6b0]

GC Heap History (10 events):
Event: 26.899 GC heap before
{Heap before GC invocations=26 (full 0):
 garbage-first heap   total 43008K, used 31736K [0x00000000e0000000, 0x0000000100000000)
  region size 1024K, 11 young (11264K), 1 survivors (1024K)
 Metaspace       used 43820K, capacity 45378K, committed 45568K, reserved 1087488K
  class space    used 6188K, capacity 6787K, committed 6912K, reserved 1048576K
}
Event: 26.905 GC heap after
{Heap after GC invocations=27 (full 0):
 garbage-first heap   total 43008K, used 21939K [0x00000000e0000000, 0x0000000100000000)
  region size 1024K, 1 young (1024K), 1 survivors (1024K)
 Metaspace       used 43820K, capacity 45378K, committed 45568K, reserved 1087488K
  class space    used 6188K, capacity 6787K, committed 6912K, reserved 1048576K
}
Event: 27.372 GC heap before
{Heap before GC invocations=28 (full 0):
 garbage-first heap   total 43008K, used 32179K [0x00000000e0000000, 0x0000000100000000)
  region size 1024K, 11 young (11264K), 1 survivors (1024K)
 Metaspace       used 43938K, capacity 45495K, committed 45824K, reserved 1087488K
  class space    used 6204K, capacity 6823K, committed 6912K, reserved 1048576K
}
Event: 27.378 GC heap after
{Heap after GC invocations=29 (full 0):
 garbage-first heap   total 43008K, used 22846K [0x00000000e0000000, 0x0000000100000000)
  region size 1024K, 2 young (2048K), 2 survivors (2048K)
 Metaspace       used 43938K, capacity 45495K, committed 45824K, reserved 1087488K
  class space    used 6204K, capacity 6823K, committed 6912K, reserved 1048576K
}
Event: 27.771 GC heap before
{Heap before GC invocations=29 (full 0):
 garbage-first heap   total 43008K, used 33086K [0x00000000e0000000, 0x0000000100000000)
  region size 1024K, 12 young (12288K), 2 survivors (2048K)
 Metaspace       used 44117K, capacity 45706K, committed 45824K, reserved 1087488K
  class space    used 6210K, capacity 6825K, committed 6912K, reserved 1048576K
}
Event: 27.779 GC heap after
{Heap after GC invocations=30 (full 0):
 garbage-first heap   total 43008K, used 23054K [0x00000000e0000000, 0x0000000100000000)
  region size 1024K, 2 young (2048K), 2 survivors (2048K)
 Metaspace       used 44117K, capacity 45706K, committed 45824K, reserved 1087488K
  class space    used 6210K, capacity 6825K, committed 6912K, reserved 1048576K
}
Event: 28.165 GC heap before
{Heap before GC invocations=31 (full 0):
 garbage-first heap   total 46080K, used 32270K [0x00000000e0000000, 0x0000000100000000)
  region size 1024K, 11 young (11264K), 2 survivors (2048K)
 Metaspace       used 44530K, capacity 46165K, committed 46464K, reserved 1089536K
  class space    used 6275K, capacity 6913K, committed 7040K, reserved 1048576K
}
Event: 28.169 GC heap after
{Heap after GC invocations=32 (full 0):
 garbage-first heap   total 46080K, used 23665K [0x00000000e0000000, 0x0000000100000000)
  region size 1024K, 2 young (2048K), 2 survivors (2048K)
 Metaspace       used 44530K, capacity 46165K, committed 46464K, reserved 1089536K
  class space    used 6275K, capacity 6913K, committed 7040K, reserved 1048576K
}
Event: 34.470 GC heap before
{Heap before GC invocations=32 (full 0):
 garbage-first heap   total 46080K, used 34929K [0x00000000e0000000, 0x0000000100000000)
  region size 1024K, 13 young (13312K), 2 survivors (2048K)
 Metaspace       used 45052K, capacity 46707K, committed 46976K, reserved 1089536K
  class space    used 6338K, capacity 6986K, committed 7040K, reserved 1048576K
}
Event: 34.476 GC heap after
{Heap after GC invocations=33 (full 0):
 garbage-first heap   total 46080K, used 23636K [0x00000000e0000000, 0x0000000100000000)
  region size 1024K, 1 young (1024K), 1 survivors (1024K)
 Metaspace       used 45052K, capacity 46707K, committed 46976K, reserved 1089536K
  class space    used 6338K, capacity 6986K, committed 7040K, reserved 1048576K
}

Deoptimization events (10 events):
Event: 26.166 Thread 0x00000286a91e5000 Uncommon trap: reason=unstable_if action=reinterpret pc=0x000002869d4df2ac method=java.util.HashMap$HashIterator.<init>(Ljava/util/HashMap;)V @ 45 c2
Event: 26.606 Thread 0x00000286a91e5000 Uncommon trap: reason=unstable_if action=reinterpret pc=0x000002869d2aece4 method=java.lang.CharacterData.of(I)Ljava/lang/CharacterData; @ 4 c2
Event: 26.618 Thread 0x00000286a91e5000 Uncommon trap: reason=unstable_if action=reinterpret pc=0x000002869d2c37a4 method=java.lang.String.isLatin1()Z @ 10 c2
Event: 27.266 Thread 0x00000286a91e5000 Uncommon trap: reason=bimorphic_or_optimized_type_check action=maybe_recompile pc=0x000002869d326bf0 method=java.util.HashMap.putVal(ILjava/lang/Object;Ljava/lang/Object;ZZ)Ljava/lang/Object; @ 203 c2
Event: 31.843 Thread 0x00000286ab4a2800 Uncommon trap: reason=unstable_if action=reinterpret pc=0x000002869d479fc0 method=java.lang.ThreadLocal$ThreadLocalMap.getEntry(Ljava/lang/ThreadLocal;)Ljava/lang/ThreadLocal$ThreadLocalMap$Entry; @ 29 c2
Event: 31.989 Thread 0x00000286a91e5000 Uncommon trap: reason=unstable_if action=reinterpret pc=0x000002869d45c2a8 method=java.util.ArrayDeque.addLast(Ljava/lang/Object;)V @ 42 c2
Event: 31.992 Thread 0x00000286a91e5000 Uncommon trap: reason=unstable_if action=reinterpret pc=0x000002869d4577a4 method=java.util.ArrayDeque.addLast(Ljava/lang/Object;)V @ 42 c2
Event: 32.000 Thread 0x00000286a91e5000 Uncommon trap: reason=class_check action=maybe_recompile pc=0x000002869d4fee2c method=java.util.Properties$LineReader.readLine()I @ 62 c2
Event: 32.000 Thread 0x00000286a91e5000 Uncommon trap: reason=class_check action=maybe_recompile pc=0x000002869d4feecc method=java.util.Properties$LineReader.readLine()I @ 527 c2
Event: 32.000 Thread 0x00000286a91e5000 Uncommon trap: reason=class_check action=maybe_recompile pc=0x000002869d4fee2c method=java.util.Properties$LineReader.readLine()I @ 62 c2

Classes redefined (0 events):
No events

Internal exceptions (10 events):
Event: 34.850 Thread 0x00000286a91e5000 Exception <a 'java/lang/ClassNotFoundException'{0x00000000e5fc8550}: org/springframework/core/OrderedCustomizer> (0x00000000e5fc8550) thrown at [t:/workspace/open/src/hotspot/share/classfile/systemDictionary.cpp, line 235]
Event: 34.851 Thread 0x00000286a91e5000 Exception <a 'java/lang/ClassNotFoundException'{0x00000000e5fda2f0}: org/springframework/context/ResourceLoaderAwareCustomizer> (0x00000000e5fda2f0) thrown at [t:/workspace/open/src/hotspot/share/classfile/systemDictionary.cpp, line 235]
Event: 34.855 Thread 0x00000286a91e5000 Exception <a 'java/lang/ClassNotFoundException'{0x00000000e5feb080}: org/springframework/beans/factory/AwareCustomizer> (0x00000000e5feb080) thrown at [t:/workspace/open/src/hotspot/share/classfile/systemDictionary.cpp, line 235]
Event: 34.856 Thread 0x00000286a91e5000 Exception <a 'java/lang/ClassNotFoundException'{0x00000000e5ffcd98}: org/springframework/context/ApplicationStartupAwareCustomizer> (0x00000000e5ffcd98) thrown at [t:/workspace/open/src/hotspot/share/classfile/systemDictionary.cpp, line 235]
Event: 34.857 Thread 0x00000286a91e5000 Exception <a 'java/lang/ClassNotFoundException'{0x00000000e5e0e280}: org/springframework/beans/factory/AwareCustomizer> (0x00000000e5e0e280) thrown at [t:/workspace/open/src/hotspot/share/classfile/systemDictionary.cpp, line 235]
Event: 34.859 Thread 0x00000286a91e5000 Exception <a 'java/lang/ClassNotFoundException'{0x00000000e5e20438}: org/springframework/beans/factory/BeanClassLoaderAwareCustomizer> (0x00000000e5e20438) thrown at [t:/workspace/open/src/hotspot/share/classfile/systemDictionary.cpp, line 235]
Event: 34.860 Thread 0x00000286a91e5000 Exception <a 'java/lang/ClassNotFoundException'{0x00000000e5e31220}: org/springframework/beans/factory/AwareCustomizer> (0x00000000e5e31220) thrown at [t:/workspace/open/src/hotspot/share/classfile/systemDictionary.cpp, line 235]
Event: 34.862 Thread 0x00000286a91e5000 Exception <a 'java/lang/ClassNotFoundException'{0x00000000e5e42308}: org/springframework/context/EnvironmentAwareCustomizer> (0x00000000e5e42308) thrown at [t:/workspace/open/src/hotspot/share/classfile/systemDictionary.cpp, line 235]
Event: 34.862 Thread 0x00000286a91e5000 Exception <a 'java/lang/ClassNotFoundException'{0x00000000e5e53068}: org/springframework/beans/factory/AwareCustomizer> (0x00000000e5e53068) thrown at [t:/workspace/open/src/hotspot/share/classfile/systemDictionary.cpp, line 235]
Event: 34.950 Thread 0x00000286a91e5000 Exception <a 'java/lang/NoClassDefFoundError'{0x00000000e26a7bd0}: javax/servlet/Filter> (0x00000000e26a7bd0) thrown at [t:/workspace/open/src/hotspot/share/classfile/systemDictionary.cpp, line 224]

Events (10 events):
Event: 34.952 loading class org/springframework/oxm/Marshaller done
Event: 34.953 loading class javax/jms/Message
Event: 34.953 loading class javax/jms/Message done
Event: 34.953 Executing VM operation: RevokeBias
Event: 34.953 Executing VM operation: RevokeBias done
Event: 34.953 Thread 0x00000286ab4a3000 Thread exited: 0x00000286ab4a3000
Event: 34.956 loading class org/springframework/mail/javamail/JavaMailSenderImpl
Event: 34.956 loading class org/springframework/mail/javamail/JavaMailSenderImpl done
Event: 34.959 Thread 0x00000286a91e5000 DEOPT PACKING pc=0x00000286961de4c4 sp=0x000000b7256fa9c0
Event: 34.959 Thread 0x00000286a91e5000 DEOPT UNPACKING pc=0x000002869580994e sp=0x000000b7256f9e50 mode 0


Dynamic libraries:
0x00007ff704450000 - 0x00007ff70445f000 	C:\Program Files\Java\jdk-12.0.1\bin\java.exe
0x00007ffb62ca0000 - 0x00007ffb62e90000 	C:\WINDOWS\SYSTEM32\ntdll.dll
0x00007ffb62a30000 - 0x00007ffb62ae2000 	C:\WINDOWS\System32\KERNEL32.DLL
0x00007ffb5fea0000 - 0x00007ffb60145000 	C:\WINDOWS\System32\KERNELBASE.dll
0x00007ffb5fcc0000 - 0x00007ffb5fdba000 	C:\WINDOWS\System32\ucrtbase.dll
0x00007ffb56c90000 - 0x00007ffb56ca8000 	C:\Program Files\Java\jdk-12.0.1\bin\jli.dll
0x00007ffb62ba0000 - 0x00007ffb62c43000 	C:\WINDOWS\System32\ADVAPI32.dll
0x00007ffb627e0000 - 0x00007ffb6287e000 	C:\WINDOWS\System32\msvcrt.dll
0x00007ffb62620000 - 0x00007ffb626b7000 	C:\WINDOWS\System32\sechost.dll
0x00007ffb626c0000 - 0x00007ffb627e0000 	C:\WINDOWS\System32\RPCRT4.dll
0x00007ffb61890000 - 0x00007ffb61a24000 	C:\WINDOWS\System32\USER32.dll
0x00007ffb5fdc0000 - 0x00007ffb5fde1000 	C:\WINDOWS\System32\win32u.dll
0x00007ffb62590000 - 0x00007ffb625b6000 	C:\WINDOWS\System32\GDI32.dll
0x00007ffb60b50000 - 0x00007ffb60ce6000 	C:\WINDOWS\System32\gdi32full.dll
0x00007ffb60150000 - 0x00007ffb601ee000 	C:\WINDOWS\System32\msvcp_win.dll
0x00007ffb53a00000 - 0x00007ffb53c84000 	C:\WINDOWS\WinSxS\amd64_microsoft.windows.common-controls_6595b64144ccf1df_6.0.18362.1256_none_9e7e379be45e40e2\COMCTL32.dll
0x00007ffb56cb0000 - 0x00007ffb56cc6000 	C:\Program Files\Java\jdk-12.0.1\bin\VCRUNTIME140.dll
0x00007ffb61550000 - 0x00007ffb61886000 	C:\WINDOWS\System32\combase.dll
0x00007ffb5fe10000 - 0x00007ffb5fe91000 	C:\WINDOWS\System32\bcryptPrimitives.dll
0x00007ffb5f8e0000 - 0x00007ffb5f8ea000 	C:\WINDOWS\SYSTEM32\VERSION.dll
0x00007ffb61ca0000 - 0x00007ffb61cce000 	C:\WINDOWS\System32\IMM32.DLL
0x00007ffb5f8f0000 - 0x00007ffb5f926000 	C:\WINDOWS\system32\DriverStore\FileRepository\nvfm.inf_amd64_76974c92c44bbb6b\nvinitx.dll
0x00007ffb61d40000 - 0x00007ffb62427000 	C:\WINDOWS\System32\Shell32.dll
0x00007ffb60b00000 - 0x00007ffb60b4a000 	C:\WINDOWS\System32\cfgmgr32.dll
0x00007ffb60d50000 - 0x00007ffb60df9000 	C:\WINDOWS\System32\shcore.dll
0x00007ffb60220000 - 0x00007ffb609a1000 	C:\WINDOWS\System32\windows.storage.dll
0x00007ffb5fbc0000 - 0x00007ffb5fbe3000 	C:\WINDOWS\System32\profapi.dll
0x00007ffb5fb70000 - 0x00007ffb5fbba000 	C:\WINDOWS\System32\powrprof.dll
0x00007ffb5fb40000 - 0x00007ffb5fb50000 	C:\WINDOWS\System32\UMPDC.dll
0x00007ffb629d0000 - 0x00007ffb62a22000 	C:\WINDOWS\System32\shlwapi.dll
0x00007ffb5fb50000 - 0x00007ffb5fb61000 	C:\WINDOWS\System32\kernel.appcore.dll
0x00007ffb5fdf0000 - 0x00007ffb5fe07000 	C:\WINDOWS\System32\cryptsp.dll
0x0000000067470000 - 0x0000000067476000 	C:\Program Files\NVIDIA Corporation\CoProcManager\_etoured.dll
0x00007ffb55350000 - 0x00007ffb55393000 	C:\Program Files\NVIDIA Corporation\CoProcManager\nvd3d9wrapx.dll
0x00007ffb60fd0000 - 0x00007ffb61440000 	C:\WINDOWS\System32\SETUPAPI.dll
0x00007ffb601f0000 - 0x00007ffb60216000 	C:\WINDOWS\System32\bcrypt.dll
0x00007ffb5e6f0000 - 0x00007ffb5e710000 	C:\WINDOWS\SYSTEM32\dxcore.dll
0x00007ffb55320000 - 0x00007ffb5534d000 	C:\Program Files\NVIDIA Corporation\CoProcManager\nvdxgiwrapx.dll
0x00007ffb4a960000 - 0x00007ffb4aa0a000 	C:\Program Files\Java\jdk-12.0.1\bin\msvcp140.dll
0x00007ffb206a0000 - 0x00007ffb21214000 	C:\Program Files\Java\jdk-12.0.1\bin\server\jvm.dll
0x00007ffb62880000 - 0x00007ffb62888000 	C:\WINDOWS\System32\PSAPI.DLL
0x00007ffb5d870000 - 0x00007ffb5d879000 	C:\WINDOWS\SYSTEM32\WSOCK32.dll
0x00007ffb62960000 - 0x00007ffb629cf000 	C:\WINDOWS\System32\WS2_32.dll
0x00007ffb5d840000 - 0x00007ffb5d864000 	C:\WINDOWS\SYSTEM32\WINMM.dll
0x00007ffb5d810000 - 0x00007ffb5d83d000 	C:\WINDOWS\SYSTEM32\WINMMBASE.dll
0x00007ffb52b80000 - 0x00007ffb52b91000 	C:\Program Files\Java\jdk-12.0.1\bin\verify.dll
0x00007ffb5e480000 - 0x00007ffb5e674000 	C:\WINDOWS\SYSTEM32\DBGHELP.DLL
0x00007ffb4ef90000 - 0x00007ffb4efba000 	C:\WINDOWS\SYSTEM32\dbgcore.DLL
0x00007ffb46b60000 - 0x00007ffb46b86000 	C:\Program Files\Java\jdk-12.0.1\bin\java.dll
0x00007ffb52b60000 - 0x00007ffb52b77000 	C:\Program Files\Java\jdk-12.0.1\bin\zip.dll
0x00007ffb5c120000 - 0x00007ffb5c12a000 	C:\Program Files\Java\jdk-12.0.1\bin\jimage.dll
0x00007ffb529b0000 - 0x00007ffb529c9000 	C:\Program Files\Java\jdk-12.0.1\bin\net.dll
0x00007ffb54300000 - 0x00007ffb543f0000 	C:\WINDOWS\SYSTEM32\WINHTTP.dll
0x00007ffb50c10000 - 0x00007ffb50de6000 	C:\WINDOWS\SYSTEM32\urlmon.dll
0x00007ffb51590000 - 0x00007ffb51837000 	C:\WINDOWS\SYSTEM32\iertutil.dll
0x00007ffb5f470000 - 0x00007ffb5f47c000 	C:\WINDOWS\SYSTEM32\CRYPTBASE.DLL
0x00007ffb5f290000 - 0x00007ffb5f2f7000 	C:\WINDOWS\system32\mswsock.dll
0x00007ffb4a940000 - 0x00007ffb4a953000 	C:\Program Files\Java\jdk-12.0.1\bin\nio.dll
0x00007ffb5ee10000 - 0x00007ffb5ee43000 	C:\WINDOWS\system32\rsaenh.dll
0x00007ffb5fa20000 - 0x00007ffb5fa45000 	C:\WINDOWS\SYSTEM32\USERENV.dll
0x00007ffb5efb0000 - 0x00007ffb5efea000 	C:\WINDOWS\SYSTEM32\IPHLPAPI.DLL
0x00007ffb61440000 - 0x00007ffb61448000 	C:\WINDOWS\System32\NSI.dll
0x00007ffb558d0000 - 0x00007ffb558e6000 	C:\WINDOWS\SYSTEM32\dhcpcsvc6.DLL
0x00007ffb558b0000 - 0x00007ffb558cc000 	C:\WINDOWS\SYSTEM32\dhcpcsvc.DLL
0x00007ffb5eff0000 - 0x00007ffb5f0bb000 	C:\WINDOWS\SYSTEM32\DNSAPI.dll
0x00007ffb58660000 - 0x00007ffb58669000 	C:\Program Files\Java\jdk-12.0.1\bin\management.dll
0x00007ffb53250000 - 0x00007ffb5325c000 	C:\Program Files\Java\jdk-12.0.1\bin\management_ext.dll
0x00007ffb486b0000 - 0x00007ffb486c6000 	C:\WINDOWS\system32\napinsp.dll
0x00007ffb48690000 - 0x00007ffb486aa000 	C:\WINDOWS\system32\pnrpnsp.dll
0x00007ffb48680000 - 0x00007ffb4868e000 	C:\WINDOWS\System32\winrnr.dll
0x00007ffb5c000000 - 0x00007ffb5c01c000 	C:\WINDOWS\system32\NLAapi.dll
0x00007ffb5a990000 - 0x00007ffb5a9a5000 	C:\WINDOWS\system32\wshbth.dll
0x00007ffb54260000 - 0x00007ffb5426a000 	C:\Windows\System32\rasadhlp.dll
0x00007ffb55670000 - 0x00007ffb556e7000 	C:\WINDOWS\System32\fwpuclnt.dll
0x00007ffb5eaf0000 - 0x00007ffb5eb21000 	C:\WINDOWS\SYSTEM32\ntmarta.dll
0x00007ffb5d940000 - 0x00007ffb5d9cf000 	C:\WINDOWS\system32\apphelp.dll

dbghelp: loaded successfully - version: 4.0.5 - missing functions: none
symbol engine: initialized successfully - sym options: 0x614 - pdb path: .;C:\Program Files\Java\jdk-12.0.1\bin;C:\WINDOWS\SYSTEM32;C:\WINDOWS\WinSxS\amd64_microsoft.windows.common-controls_6595b64144ccf1df_6.0.18362.1256_none_9e7e379be45e40e2;C:\WINDOWS\system32\DriverStore\FileRepository\nvfm.inf_amd64_76974c92c44bbb6b;C:\Program Files\NVIDIA Corporation\CoProcManager;C:\Program Files\Java\jdk-12.0.1\bin\server

VM Arguments:
jvm_args: -Dorg.gradle.native=false -Xmx512m -Dfile.encoding=windows-1251 -Duser.country=RU -Duser.language=ru -Duser.variant -ea 
java_command: worker.org.gradle.process.internal.worker.GradleWorkerMain 'Gradle Test Executor 1'
java_class_path (initial): C:\\Gradle\\gradle-5.5\\caches\\6.7.1\\workerMain\\gradle-worker.jar;D:\\testExercise\\build\\classes\\java\\test;D:\\testExercise\\build\\resources\\test;D:\\testExercise\\build\\classes\\java\\main;D:\\testExercise\\build\\resources\\main;C:\\Gradle\\gradle-5.5\\caches\\modules-2\\files-2.1\\org.springframework.boot\\spring-boot-starter-data-mongodb-reactive\\2.4.1\\655a05dfabfab178a2365c40b762f2be67698d36\\spring-boot-starter-data-mongodb-reactive-2.4.1.jar;C:\\Gradle\\gradle-5.5\\caches\\modules-2\\files-2.1\\org.springframework.boot\\spring-boot-starter-webflux\\2.4.1\\e54535216a6b6becffc044fd8abff3e6011e576d\\spring-boot-starter-webflux-2.4.1.jar;C:\\Gradle\\gradle-5.5\\caches\\modules-2\\files-2.1\\org.springframework.boot\\spring-boot-starter-test\\2.4.1\\50147ab5f3b431a397d27e2c0af313b9147cd058\\spring-boot-starter-test-2.4.1.jar;C:\\Gradle\\gradle-5.5\\caches\\modules-2\\files-2.1\\de.flapdoodle.embed\\de.flapdoodle.embed.mongo\\2.2.0\\781d14f4e3d9eeb0b4c3e00a4ec165a04b3dc5c4\\de.flapdoodle.embed.mongo-2.2.0.jar;C:\\Gradle\\gradle-5.5\\caches\\modules-2\\files-2.1\\io.projectreactor\\reactor-test\\3.4.1\\ec8cef652db7d41ebf5967910872367b5423e989\\reactor-test-3.4.1.jar;C:\\Gradle\\gradle-5.5\\caches\\modules-2\\files-2.1\\org.springframework.boot\\spring-boot-starter-json\\2.4.1\\5a4b7088c88be531cb416ef218da3e19309f8cea\\spring-boot-starter-json-2.4.1.jar;C:\\Gradle\\gradle-5.5\\caches\\modules-2\\files-2.1\\org.springframework.boot\\spring-boot-starter\\2.4.1\\15d81ffe81e26de37986d491e1cf4c1e3a324ca3\\spring-boot-starter-2.4.1.jar;C:\\Gradle\\gradle-5.5\\caches\\modules-2\\files-2.1\\org.springframework\\spring-webflux\\5.3.2\\63fe694e07b0430991671eebac9fbb0ffba08483\\spring-webflux-5.3.2.jar;C:\\Gradle\\gradle-5.5\\caches\\modules-2\\files-2.1\\org.springframework.boot\\spring-boot-starter-reactor-netty\\2.4.1\\f4e512e25c75839c946b26756e18e7bee4307091\\spring-boot-starter-reactor-netty-2.4.1.jar;C:\\Gradle\\gradle-5.5\\caches\
Launcher Type: SUN_STANDARD

[Global flags]
     intx CICompilerCount                          = 3                                         {product} {ergonomic}
     uint ConcGCThreads                            = 1                                         {product} {ergonomic}
     uint G1ConcRefinementThreads                  = 4                                         {product} {ergonomic}
   size_t G1HeapRegionSize                         = 1048576                                   {product} {ergonomic}
    uintx GCDrainStackTargetSize                   = 64                                        {product} {ergonomic}
   size_t InitialHeapSize                          = 132120576                                 {product} {ergonomic}
   size_t MarkStackSize                            = 4194304                                   {product} {ergonomic}
   size_t MaxHeapSize                              = 536870912                                 {product} {command line}
   size_t MaxNewSize                               = 321912832                                 {product} {ergonomic}
   size_t MinHeapDeltaBytes                        = 1048576                                   {product} {ergonomic}
    uintx NonNMethodCodeHeapSize                   = 5830732                                {pd product} {ergonomic}
    uintx NonProfiledCodeHeapSize                  = 122913754                              {pd product} {ergonomic}
    uintx ProfiledCodeHeapSize                     = 122913754                              {pd product} {ergonomic}
    uintx ReservedCodeCacheSize                    = 251658240                              {pd product} {ergonomic}
     bool SegmentedCodeCache                       = true                                      {product} {ergonomic}
     bool UseCompressedClassPointers               = true                                 {lp64_product} {ergonomic}
     bool UseCompressedOops                        = true                                 {lp64_product} {ergonomic}
     bool UseG1GC                                  = true                                      {product} {ergonomic}
     bool UseLargePagesIndividualAllocation        = false                                  {pd product} {ergonomic}

Logging:
Log output configuration:
 #0: stdout all=warning uptime,level,tags
 #1: stderr all=off uptime,level,tags

Environment Variables:
JAVA_HOME=C:\Program Files\Java\jdk-12.0.1
PATH=C:\ProgramData\DockerDesktop\version-bin;C:\Program Files\Docker\Docker\Resources\bin;C:\WINDOWS\system32;C:\WINDOWS;C:\WINDOWS\System32\Wbem;C:\WINDOWS\System32\WindowsPowerShell\v1.0\;C:\WINDOWS\System32\OpenSSH\;C:\Program Files\Git\cmd;C:\Gradle\gradle-5.5\bin;C:\Go\bin;C:\Program Files\MySQL\MySQL Shell 8.0\bin\;C:\Users\Diana\AppData\Local\Microsoft\WindowsApps;;C:\Program Files\JetBrains\IntelliJ IDEA Community Edition 2019.1.3\bin;;C:\Users\Diana\go\bin;C:\Users\Diana\AppData\Local\Programs\Microsoft VS Code\bin
USERNAME=Diana
OS=Windows_NT
PROCESSOR_IDENTIFIER=Intel64 Family 6 Model 42 Stepping 7, GenuineIntel



---------------  S Y S T E M  ---------------

OS: Windows 10 , 64 bit Build 18362 (10.0.18362.1110)

CPU:total 4 (initial active 4) (2 cores per cpu, 2 threads per core) family 6 model 42 stepping 7, cmov, cx8, fxsr, mmx, sse, sse2, sse3, ssse3, sse4.1, sse4.2, popcnt, avx, clmul, ht, tsc, tscinvbit

Memory: 4k page, system-wide physical 8048M (570M free)
TotalPageFile size 8848M (AvailPageFile size 5M)
current process WorkingSet (physical memory assigned to process): 263M, peak: 276M
current process commit charge ("private bytes"): 293M, peak: 303M

vm_info: Java HotSpot(TM) 64-Bit Server VM (12.0.1+12) for windows-amd64 JRE (12.0.1+12), built on Apr  2 2019 14:02:19 by "mach5one" with MS VC++ 15.5 (VS2017)

END.
