#
# There is insufficient memory for the Java Runtime Environment to continue.
# Native memory allocation (malloc) failed to allocate 1596816 bytes for Chunk::new
# Possible reasons:
#   The system is out of physical RAM or swap space
#   The process is running with CompressedOops enabled, and the Java Heap may be blocking the growth of the native heap
# Possible solutions:
#   Reduce memory load on the system
#   Increase physical memory or swap space
#   Check if swap backing store is full
#   Decrease Java heap size (-Xmx/-Xms)
#   Decrease number of Java threads
#   Decrease Java thread stack sizes (-Xss)
#   Set larger code cache with -XX:ReservedCodeCacheSize=
#   JVM is running with Unscaled Compressed Oops mode in which the Java heap is
#     placed in the first 4GB address space. The Java Heap base address is the
#     maximum limit for the native heap growth. Please use -XX:HeapBaseMinAddress
#     to set the Java Heap base and to place the Java Heap above 4GB virtual address.
# This output file may be truncated or incomplete.
#
#  Out of Memory Error (t:/workspace/open/src/hotspot/share/memory/arena.cpp:197), pid=5660, tid=9988
#
# JRE version: Java(TM) SE Runtime Environment (12.0.1+12) (build 12.0.1+12)
# Java VM: Java HotSpot(TM) 64-Bit Server VM (12.0.1+12, mixed mode, sharing, tiered, compressed oops, g1 gc, windows-amd64)
# No core dump will be written. Minidumps are not enabled by default on client versions of Windows
#

---------------  S U M M A R Y ------------

Command Line: -Dorg.gradle.native=false -Xmx512m -Dfile.encoding=windows-1251 -Duser.country=RU -Duser.language=ru -Duser.variant -ea worker.org.gradle.process.internal.worker.GradleWorkerMain 'Gradle Test Executor 1'

Host: Intel(R) Core(TM) i3-2328M CPU @ 2.20GHz, 4 cores, 7G,  Windows 10 , 64 bit Build 18362 (10.0.18362.1110)
Time: Tue Jan 12 10:53:32 2021 Oeieyiaey (ceia) elapsed time: 7 seconds (0d 0h 0m 7s)

---------------  T H R E A D  ---------------

Current thread (0x000002847d00b000):  JavaThread "C2 CompilerThread0" daemon [_thread_in_native, id=9988, stack(0x00000091cf300000,0x00000091cf400000)]


Current CompileTask:
C2:   7568 2128       4       java.lang.invoke.MethodType::makeImpl (108 bytes)

Stack: [0x00000091cf300000,0x00000091cf400000]
Native frames: (J=compiled Java code, j=interpreted, Vv=VM code, C=native code)
V  [jvm.dll+0x63948a]
V  [jvm.dll+0x78b31f]
V  [jvm.dll+0x78c9c1]
V  [jvm.dll+0x78d013]
V  [jvm.dll+0x262138]
V  [jvm.dll+0xc582c]
V  [jvm.dll+0xc5dac]
V  [jvm.dll+0x3796a7]
V  [jvm.dll+0x345493]
V  [jvm.dll+0x34485a]
V  [jvm.dll+0x21c035]
V  [jvm.dll+0x21b20a]
V  [jvm.dll+0x199890]
V  [jvm.dll+0x22a534]
V  [jvm.dll+0x228b88]
V  [jvm.dll+0x74f660]
V  [jvm.dll+0x748648]
V  [jvm.dll+0x638566]
C  [ucrtbase.dll+0x210b2]
C  [KERNEL32.DLL+0x17c24]
C  [ntdll.dll+0x6d4d1]


---------------  P R O C E S S  ---------------

Threads class SMR info:
_java_thread_list=0x000002847f7d8760, length=16, elements={
0x00000284626ad800, 0x000002847cfea000, 0x000002847cff0800, 0x000002847d006800,
0x000002847d00a000, 0x000002847d00b000, 0x000002847d00c000, 0x000002847d020800,
0x000002847dc06800, 0x000002847dc1a800, 0x000002847e51e800, 0x000002847e545800,
0x000002847e558800, 0x000002847eb67800, 0x000002847f75d800, 0x000002847f8f6800
}

Java Threads: ( => current thread )
  0x00000284626ad800 JavaThread "main" [_thread_blocked, id=4068, stack(0x00000091ce800000,0x00000091ce900000)]
  0x000002847cfea000 JavaThread "Reference Handler" daemon [_thread_blocked, id=8348, stack(0x00000091cef00000,0x00000091cf000000)]
  0x000002847cff0800 JavaThread "Finalizer" daemon [_thread_blocked, id=3872, stack(0x00000091cf000000,0x00000091cf100000)]
  0x000002847d006800 JavaThread "Signal Dispatcher" daemon [_thread_blocked, id=1852, stack(0x00000091cf100000,0x00000091cf200000)]
  0x000002847d00a000 JavaThread "Attach Listener" daemon [_thread_blocked, id=8124, stack(0x00000091cf200000,0x00000091cf300000)]
=>0x000002847d00b000 JavaThread "C2 CompilerThread0" daemon [_thread_in_native, id=9988, stack(0x00000091cf300000,0x00000091cf400000)]
  0x000002847d00c000 JavaThread "C1 CompilerThread0" daemon [_thread_blocked, id=5360, stack(0x00000091cf400000,0x00000091cf500000)]
  0x000002847d020800 JavaThread "Sweeper thread" daemon [_thread_blocked, id=10132, stack(0x00000091cf500000,0x00000091cf600000)]
  0x000002847dc06800 JavaThread "Service Thread" daemon [_thread_blocked, id=2976, stack(0x00000091cf600000,0x00000091cf700000)]
  0x000002847dc1a800 JavaThread "Common-Cleaner" daemon [_thread_blocked, id=8684, stack(0x00000091cf800000,0x00000091cf900000)]
  0x000002847e51e800 JavaThread "Test worker" [_thread_blocked, id=6476, stack(0x00000091cfd00000,0x00000091cfe00000)]
  0x000002847e545800 JavaThread "/127.0.0.1:51507 to /127.0.0.1:51506 workers Thread 2" [_thread_blocked, id=7860, stack(0x00000091cfe00000,0x00000091cff00000)]
  0x000002847e558800 JavaThread "/127.0.0.1:51507 to /127.0.0.1:51506 workers Thread 3" [_thread_in_native, id=2340, stack(0x00000091cff00000,0x00000091d0000000)]
  0x000002847eb67800 JavaThread "background-preinit" [_thread_blocked, id=7648, stack(0x00000091d0200000,0x00000091d0300000)]
  0x000002847f75d800 JavaThread "C2 CompilerThread1" daemon [_thread_in_native, id=4924, stack(0x00000091d0100000,0x00000091d0200000)]
  0x000002847f8f6800 JavaThread "Thread-3" [_thread_blocked, id=7512, stack(0x00000091d0300000,0x00000091d0400000)]

Other Threads:
  0x000002847cfe9000 VMThread "VM Thread" [stack: 0x00000091cee00000,0x00000091cef00000] [id=10140]
  0x000002847dc14000 WatcherThread [stack: 0x00000091cf700000,0x00000091cf800000] [id=792]
  0x00000284626cd800 GCTaskThread "GC Thread#0" [stack: 0x00000091ce900000,0x00000091cea00000] [id=5292]
  0x000002847e4d7000 GCTaskThread "GC Thread#1" [stack: 0x00000091cfa00000,0x00000091cfb00000] [id=5288]
  0x000002847e4e2000 GCTaskThread "GC Thread#2" [stack: 0x00000091cfb00000,0x00000091cfc00000] [id=8156]
  0x000002847e5dd000 GCTaskThread "GC Thread#3" [stack: 0x00000091d0000000,0x00000091d0100000] [id=6928]
  0x00000284626d3000 ConcurrentGCThread "G1 Main Marker" [stack: 0x00000091cea00000,0x00000091ceb00000] [id=10052]
  0x00000284626d5000 ConcurrentGCThread "G1 Conc#0" [stack: 0x00000091ceb00000,0x00000091cec00000] [id=8080]
  0x000002847cee6800 ConcurrentGCThread "G1 Refine#0" [stack: 0x00000091cec00000,0x00000091ced00000] [id=9224]
  0x000002847e515000 ConcurrentGCThread "G1 Refine#1" [stack: 0x00000091cfc00000,0x00000091cfd00000] [id=9980]
  0x000002847cee9000 ConcurrentGCThread "G1 Young RemSet Sampling" [stack: 0x00000091ced00000,0x00000091cee00000] [id=9720]

Threads with active compile tasks:
C2 CompilerThread0  2128       4       java.lang.invoke.MethodType::makeImpl (108 bytes)
C2 CompilerThread1  2167  s!   4       jdk.internal.loader.URLClassPath::getLoader (194 bytes)

VM state:not at safepoint (normal execution)

VM Mutex/Monitor currently owned by a thread: None

Heap address: 0x00000000e0000000, size: 512 MB, Compressed Oops mode: 32-bit
Narrow klass base: 0x0000000800000000, Narrow klass shift: 3
Compressed class space size: 1073741824 Address: 0x00000008011a0000

Heap:
 garbage-first heap   total 129024K, used 11199K [0x00000000e0000000, 0x0000000100000000)
  region size 1024K, 7 young (7168K), 5 survivors (5120K)
 Metaspace       used 20377K, capacity 21275K, committed 21504K, reserved 1073152K
  class space    used 2646K, capacity 2980K, committed 3072K, reserved 1048576K
Heap Regions: E=young(eden), S=young(survivor), O=old, HS=humongous(starts), HC=humongous(continues), CS=collection set, F=free, A=archive, TAMS=top-at-mark-start (previous, next)
|   0|0x00000000e0000000, 0x00000000e0100000, 0x00000000e0100000|100%| O|  |TAMS 0x00000000e0000000, 0x00000000e0100000| Untracked 
|   1|0x00000000e0100000, 0x00000000e0200000, 0x00000000e0200000|100%| O|  |TAMS 0x00000000e0100000, 0x00000000e0200000| Untracked 
|   2|0x00000000e0200000, 0x00000000e0300000, 0x00000000e0300000|100%| O|  |TAMS 0x00000000e0200000, 0x00000000e0300000| Untracked 
|   3|0x00000000e0300000, 0x00000000e0400000, 0x00000000e0400000|100%| O|  |TAMS 0x00000000e0300000, 0x00000000e0400000| Untracked 
|   4|0x00000000e0400000, 0x00000000e0500000, 0x00000000e0500000|100%| O|  |TAMS 0x00000000e0400000, 0x00000000e0500000| Untracked 
|   5|0x00000000e0500000, 0x00000000e0600000, 0x00000000e0600000|100%| O|  |TAMS 0x00000000e0500000, 0x00000000e0600000| Untracked 
|   6|0x00000000e0600000, 0x00000000e06b4600, 0x00000000e0700000| 70%| O|  |TAMS 0x00000000e0600000, 0x00000000e06b4600| Untracked 
|   7|0x00000000e0700000, 0x00000000e0700000, 0x00000000e0800000|  0%| F|  |TAMS 0x00000000e0700000, 0x00000000e0700000| Untracked 
|   8|0x00000000e0800000, 0x00000000e0800000, 0x00000000e0900000|  0%| F|  |TAMS 0x00000000e0800000, 0x00000000e0800000| Untracked 
|   9|0x00000000e0900000, 0x00000000e0900000, 0x00000000e0a00000|  0%| F|  |TAMS 0x00000000e0900000, 0x00000000e0900000| Untracked 
|  10|0x00000000e0a00000, 0x00000000e0a00000, 0x00000000e0b00000|  0%| F|  |TAMS 0x00000000e0a00000, 0x00000000e0a00000| Untracked 
|  11|0x00000000e0b00000, 0x00000000e0b00000, 0x00000000e0c00000|  0%| F|  |TAMS 0x00000000e0b00000, 0x00000000e0b00000| Untracked 
|  12|0x00000000e0c00000, 0x00000000e0c00000, 0x00000000e0d00000|  0%| F|  |TAMS 0x00000000e0c00000, 0x00000000e0c00000| Untracked 
|  13|0x00000000e0d00000, 0x00000000e0d00000, 0x00000000e0e00000|  0%| F|  |TAMS 0x00000000e0d00000, 0x00000000e0d00000| Untracked 
|  14|0x00000000e0e00000, 0x00000000e0e00000, 0x00000000e0f00000|  0%| F|  |TAMS 0x00000000e0e00000, 0x00000000e0e00000| Untracked 
|  15|0x00000000e0f00000, 0x00000000e0f00000, 0x00000000e1000000|  0%| F|  |TAMS 0x00000000e0f00000, 0x00000000e0f00000| Untracked 
|  16|0x00000000e1000000, 0x00000000e1000000, 0x00000000e1100000|  0%| F|  |TAMS 0x00000000e1000000, 0x00000000e1000000| Untracked 
|  17|0x00000000e1100000, 0x00000000e1100000, 0x00000000e1200000|  0%| F|  |TAMS 0x00000000e1100000, 0x00000000e1100000| Untracked 
|  18|0x00000000e1200000, 0x00000000e1200000, 0x00000000e1300000|  0%| F|  |TAMS 0x00000000e1200000, 0x00000000e1200000| Untracked 
|  19|0x00000000e1300000, 0x00000000e1300000, 0x00000000e1400000|  0%| F|  |TAMS 0x00000000e1300000, 0x00000000e1300000| Untracked 
|  20|0x00000000e1400000, 0x00000000e1400000, 0x00000000e1500000|  0%| F|  |TAMS 0x00000000e1400000, 0x00000000e1400000| Untracked 
|  21|0x00000000e1500000, 0x00000000e1500000, 0x00000000e1600000|  0%| F|  |TAMS 0x00000000e1500000, 0x00000000e1500000| Untracked 
|  22|0x00000000e1600000, 0x00000000e1600000, 0x00000000e1700000|  0%| F|  |TAMS 0x00000000e1600000, 0x00000000e1600000| Untracked 
|  23|0x00000000e1700000, 0x00000000e1700000, 0x00000000e1800000|  0%| F|  |TAMS 0x00000000e1700000, 0x00000000e1700000| Untracked 
|  24|0x00000000e1800000, 0x00000000e1800000, 0x00000000e1900000|  0%| F|  |TAMS 0x00000000e1800000, 0x00000000e1800000| Untracked 
|  25|0x00000000e1900000, 0x00000000e1900000, 0x00000000e1a00000|  0%| F|  |TAMS 0x00000000e1900000, 0x00000000e1900000| Untracked 
|  26|0x00000000e1a00000, 0x00000000e1a00000, 0x00000000e1b00000|  0%| F|  |TAMS 0x00000000e1a00000, 0x00000000e1a00000| Untracked 
|  27|0x00000000e1b00000, 0x00000000e1b00000, 0x00000000e1c00000|  0%| F|  |TAMS 0x00000000e1b00000, 0x00000000e1b00000| Untracked 
|  28|0x00000000e1c00000, 0x00000000e1c00000, 0x00000000e1d00000|  0%| F|  |TAMS 0x00000000e1c00000, 0x00000000e1c00000| Untracked 
|  29|0x00000000e1d00000, 0x00000000e1d00000, 0x00000000e1e00000|  0%| F|  |TAMS 0x00000000e1d00000, 0x00000000e1d00000| Untracked 
|  30|0x00000000e1e00000, 0x00000000e1e00000, 0x00000000e1f00000|  0%| F|  |TAMS 0x00000000e1e00000, 0x00000000e1e00000| Untracked 
|  31|0x00000000e1f00000, 0x00000000e1f00000, 0x00000000e2000000|  0%| F|  |TAMS 0x00000000e1f00000, 0x00000000e1f00000| Untracked 
|  32|0x00000000e2000000, 0x00000000e2000000, 0x00000000e2100000|  0%| F|  |TAMS 0x00000000e2000000, 0x00000000e2000000| Untracked 
|  33|0x00000000e2100000, 0x00000000e2100000, 0x00000000e2200000|  0%| F|  |TAMS 0x00000000e2100000, 0x00000000e2100000| Untracked 
|  34|0x00000000e2200000, 0x00000000e2200000, 0x00000000e2300000|  0%| F|  |TAMS 0x00000000e2200000, 0x00000000e2200000| Untracked 
|  35|0x00000000e2300000, 0x00000000e2300000, 0x00000000e2400000|  0%| F|  |TAMS 0x00000000e2300000, 0x00000000e2300000| Untracked 
|  36|0x00000000e2400000, 0x00000000e2400000, 0x00000000e2500000|  0%| F|  |TAMS 0x00000000e2400000, 0x00000000e2400000| Untracked 
|  37|0x00000000e2500000, 0x00000000e2500000, 0x00000000e2600000|  0%| F|  |TAMS 0x00000000e2500000, 0x00000000e2500000| Untracked 
|  38|0x00000000e2600000, 0x00000000e2600000, 0x00000000e2700000|  0%| F|  |TAMS 0x00000000e2600000, 0x00000000e2600000| Untracked 
|  39|0x00000000e2700000, 0x00000000e2700000, 0x00000000e2800000|  0%| F|  |TAMS 0x00000000e2700000, 0x00000000e2700000| Untracked 
|  40|0x00000000e2800000, 0x00000000e2800000, 0x00000000e2900000|  0%| F|  |TAMS 0x00000000e2800000, 0x00000000e2800000| Untracked 
|  41|0x00000000e2900000, 0x00000000e2900000, 0x00000000e2a00000|  0%| F|  |TAMS 0x00000000e2900000, 0x00000000e2900000| Untracked 
|  42|0x00000000e2a00000, 0x00000000e2a00000, 0x00000000e2b00000|  0%| F|  |TAMS 0x00000000e2a00000, 0x00000000e2a00000| Untracked 
|  43|0x00000000e2b00000, 0x00000000e2b00000, 0x00000000e2c00000|  0%| F|  |TAMS 0x00000000e2b00000, 0x00000000e2b00000| Untracked 
|  44|0x00000000e2c00000, 0x00000000e2c00000, 0x00000000e2d00000|  0%| F|  |TAMS 0x00000000e2c00000, 0x00000000e2c00000| Untracked 
|  45|0x00000000e2d00000, 0x00000000e2d00000, 0x00000000e2e00000|  0%| F|  |TAMS 0x00000000e2d00000, 0x00000000e2d00000| Untracked 
|  46|0x00000000e2e00000, 0x00000000e2e00000, 0x00000000e2f00000|  0%| F|  |TAMS 0x00000000e2e00000, 0x00000000e2e00000| Untracked 
|  47|0x00000000e2f00000, 0x00000000e2f00000, 0x00000000e3000000|  0%| F|  |TAMS 0x00000000e2f00000, 0x00000000e2f00000| Untracked 
|  48|0x00000000e3000000, 0x00000000e3000000, 0x00000000e3100000|  0%| F|  |TAMS 0x00000000e3000000, 0x00000000e3000000| Untracked 
|  49|0x00000000e3100000, 0x00000000e3100000, 0x00000000e3200000|  0%| F|  |TAMS 0x00000000e3100000, 0x00000000e3100000| Untracked 
|  50|0x00000000e3200000, 0x00000000e3200000, 0x00000000e3300000|  0%| F|  |TAMS 0x00000000e3200000, 0x00000000e3200000| Untracked 
|  51|0x00000000e3300000, 0x00000000e3300000, 0x00000000e3400000|  0%| F|  |TAMS 0x00000000e3300000, 0x00000000e3300000| Untracked 
|  52|0x00000000e3400000, 0x00000000e3400000, 0x00000000e3500000|  0%| F|  |TAMS 0x00000000e3400000, 0x00000000e3400000| Untracked 
|  53|0x00000000e3500000, 0x00000000e3500000, 0x00000000e3600000|  0%| F|  |TAMS 0x00000000e3500000, 0x00000000e3500000| Untracked 
|  54|0x00000000e3600000, 0x00000000e3600000, 0x00000000e3700000|  0%| F|  |TAMS 0x00000000e3600000, 0x00000000e3600000| Untracked 
|  55|0x00000000e3700000, 0x00000000e3700000, 0x00000000e3800000|  0%| F|  |TAMS 0x00000000e3700000, 0x00000000e3700000| Untracked 
|  56|0x00000000e3800000, 0x00000000e3800000, 0x00000000e3900000|  0%| F|  |TAMS 0x00000000e3800000, 0x00000000e3800000| Untracked 
|  57|0x00000000e3900000, 0x00000000e3900000, 0x00000000e3a00000|  0%| F|  |TAMS 0x00000000e3900000, 0x00000000e3900000| Untracked 
|  58|0x00000000e3a00000, 0x00000000e3a00000, 0x00000000e3b00000|  0%| F|  |TAMS 0x00000000e3a00000, 0x00000000e3a00000| Untracked 
|  59|0x00000000e3b00000, 0x00000000e3b00000, 0x00000000e3c00000|  0%| F|  |TAMS 0x00000000e3b00000, 0x00000000e3b00000| Untracked 
|  60|0x00000000e3c00000, 0x00000000e3c00000, 0x00000000e3d00000|  0%| F|  |TAMS 0x00000000e3c00000, 0x00000000e3c00000| Untracked 
|  61|0x00000000e3d00000, 0x00000000e3d00000, 0x00000000e3e00000|  0%| F|  |TAMS 0x00000000e3d00000, 0x00000000e3d00000| Untracked 
|  62|0x00000000e3e00000, 0x00000000e3e00000, 0x00000000e3f00000|  0%| F|  |TAMS 0x00000000e3e00000, 0x00000000e3e00000| Untracked 
|  63|0x00000000e3f00000, 0x00000000e3f00000, 0x00000000e4000000|  0%| F|  |TAMS 0x00000000e3f00000, 0x00000000e3f00000| Untracked 
|  64|0x00000000e4000000, 0x00000000e4000000, 0x00000000e4100000|  0%| F|  |TAMS 0x00000000e4000000, 0x00000000e4000000| Untracked 
|  65|0x00000000e4100000, 0x00000000e4100000, 0x00000000e4200000|  0%| F|  |TAMS 0x00000000e4100000, 0x00000000e4100000| Untracked 
|  66|0x00000000e4200000, 0x00000000e4200000, 0x00000000e4300000|  0%| F|  |TAMS 0x00000000e4200000, 0x00000000e4200000| Untracked 
|  67|0x00000000e4300000, 0x00000000e4300000, 0x00000000e4400000|  0%| F|  |TAMS 0x00000000e4300000, 0x00000000e4300000| Untracked 
|  68|0x00000000e4400000, 0x00000000e4400000, 0x00000000e4500000|  0%| F|  |TAMS 0x00000000e4400000, 0x00000000e4400000| Untracked 
|  69|0x00000000e4500000, 0x00000000e4500000, 0x00000000e4600000|  0%| F|  |TAMS 0x00000000e4500000, 0x00000000e4500000| Untracked 
|  70|0x00000000e4600000, 0x00000000e4600000, 0x00000000e4700000|  0%| F|  |TAMS 0x00000000e4600000, 0x00000000e4600000| Untracked 
|  71|0x00000000e4700000, 0x00000000e4700000, 0x00000000e4800000|  0%| F|  |TAMS 0x00000000e4700000, 0x00000000e4700000| Untracked 
|  72|0x00000000e4800000, 0x00000000e4800000, 0x00000000e4900000|  0%| F|  |TAMS 0x00000000e4800000, 0x00000000e4800000| Untracked 
|  73|0x00000000e4900000, 0x00000000e4900000, 0x00000000e4a00000|  0%| F|  |TAMS 0x00000000e4900000, 0x00000000e4900000| Untracked 
|  74|0x00000000e4a00000, 0x00000000e4a00000, 0x00000000e4b00000|  0%| F|  |TAMS 0x00000000e4a00000, 0x00000000e4a00000| Untracked 
|  75|0x00000000e4b00000, 0x00000000e4b00000, 0x00000000e4c00000|  0%| F|  |TAMS 0x00000000e4b00000, 0x00000000e4b00000| Untracked 
|  76|0x00000000e4c00000, 0x00000000e4c00000, 0x00000000e4d00000|  0%| F|  |TAMS 0x00000000e4c00000, 0x00000000e4c00000| Untracked 
|  77|0x00000000e4d00000, 0x00000000e4d00000, 0x00000000e4e00000|  0%| F|  |TAMS 0x00000000e4d00000, 0x00000000e4d00000| Untracked 
|  78|0x00000000e4e00000, 0x00000000e4e00000, 0x00000000e4f00000|  0%| F|  |TAMS 0x00000000e4e00000, 0x00000000e4e00000| Untracked 
|  79|0x00000000e4f00000, 0x00000000e4f00000, 0x00000000e5000000|  0%| F|  |TAMS 0x00000000e4f00000, 0x00000000e4f00000| Untracked 
|  80|0x00000000e5000000, 0x00000000e5000000, 0x00000000e5100000|  0%| F|  |TAMS 0x00000000e5000000, 0x00000000e5000000| Untracked 
|  81|0x00000000e5100000, 0x00000000e5100000, 0x00000000e5200000|  0%| F|  |TAMS 0x00000000e5100000, 0x00000000e5100000| Untracked 
|  82|0x00000000e5200000, 0x00000000e5200000, 0x00000000e5300000|  0%| F|  |TAMS 0x00000000e5200000, 0x00000000e5200000| Untracked 
|  83|0x00000000e5300000, 0x00000000e5300000, 0x00000000e5400000|  0%| F|  |TAMS 0x00000000e5300000, 0x00000000e5300000| Untracked 
|  84|0x00000000e5400000, 0x00000000e5400000, 0x00000000e5500000|  0%| F|  |TAMS 0x00000000e5400000, 0x00000000e5400000| Untracked 
|  85|0x00000000e5500000, 0x00000000e5500000, 0x00000000e5600000|  0%| F|  |TAMS 0x00000000e5500000, 0x00000000e5500000| Untracked 
|  86|0x00000000e5600000, 0x00000000e5600000, 0x00000000e5700000|  0%| F|  |TAMS 0x00000000e5600000, 0x00000000e5600000| Untracked 
|  87|0x00000000e5700000, 0x00000000e5700000, 0x00000000e5800000|  0%| F|  |TAMS 0x00000000e5700000, 0x00000000e5700000| Untracked 
|  88|0x00000000e5800000, 0x00000000e5800000, 0x00000000e5900000|  0%| F|  |TAMS 0x00000000e5800000, 0x00000000e5800000| Untracked 
|  89|0x00000000e5900000, 0x00000000e5900000, 0x00000000e5a00000|  0%| F|  |TAMS 0x00000000e5900000, 0x00000000e5900000| Untracked 
|  90|0x00000000e5a00000, 0x00000000e5a3b7b0, 0x00000000e5b00000| 23%| S|CS|TAMS 0x00000000e5a00000, 0x00000000e5a00000| Complete 
|  91|0x00000000e5b00000, 0x00000000e5c00000, 0x00000000e5c00000|100%| S|CS|TAMS 0x00000000e5b00000, 0x00000000e5b00000| Complete 
|  92|0x00000000e5c00000, 0x00000000e5d00000, 0x00000000e5d00000|100%| S|CS|TAMS 0x00000000e5c00000, 0x00000000e5c00000| Complete 
|  93|0x00000000e5d00000, 0x00000000e5e00000, 0x00000000e5e00000|100%| S|CS|TAMS 0x00000000e5d00000, 0x00000000e5d00000| Complete 
|  94|0x00000000e5e00000, 0x00000000e5f00000, 0x00000000e5f00000|100%| S|CS|TAMS 0x00000000e5e00000, 0x00000000e5e00000| Complete 
|  95|0x00000000e5f00000, 0x00000000e5f00000, 0x00000000e6000000|  0%| F|  |TAMS 0x00000000e5f00000, 0x00000000e5f00000| Untracked 
|  96|0x00000000e6000000, 0x00000000e6000000, 0x00000000e6100000|  0%| F|  |TAMS 0x00000000e6000000, 0x00000000e6000000| Untracked 
|  97|0x00000000e6100000, 0x00000000e6100000, 0x00000000e6200000|  0%| F|  |TAMS 0x00000000e6100000, 0x00000000e6100000| Untracked 
|  98|0x00000000e6200000, 0x00000000e6200000, 0x00000000e6300000|  0%| F|  |TAMS 0x00000000e6200000, 0x00000000e6200000| Untracked 
|  99|0x00000000e6300000, 0x00000000e6300000, 0x00000000e6400000|  0%| F|  |TAMS 0x00000000e6300000, 0x00000000e6300000| Untracked 
| 100|0x00000000e6400000, 0x00000000e6400000, 0x00000000e6500000|  0%| F|  |TAMS 0x00000000e6400000, 0x00000000e6400000| Untracked 
| 101|0x00000000e6500000, 0x00000000e6500000, 0x00000000e6600000|  0%| F|  |TAMS 0x00000000e6500000, 0x00000000e6500000| Untracked 
| 102|0x00000000e6600000, 0x00000000e6600000, 0x00000000e6700000|  0%| F|  |TAMS 0x00000000e6600000, 0x00000000e6600000| Untracked 
| 103|0x00000000e6700000, 0x00000000e6700000, 0x00000000e6800000|  0%| F|  |TAMS 0x00000000e6700000, 0x00000000e6700000| Untracked 
| 104|0x00000000e6800000, 0x00000000e6800000, 0x00000000e6900000|  0%| F|  |TAMS 0x00000000e6800000, 0x00000000e6800000| Untracked 
| 105|0x00000000e6900000, 0x00000000e6900000, 0x00000000e6a00000|  0%| F|  |TAMS 0x00000000e6900000, 0x00000000e6900000| Untracked 
| 106|0x00000000e6a00000, 0x00000000e6a00000, 0x00000000e6b00000|  0%| F|  |TAMS 0x00000000e6a00000, 0x00000000e6a00000| Untracked 
| 107|0x00000000e6b00000, 0x00000000e6b00000, 0x00000000e6c00000|  0%| F|  |TAMS 0x00000000e6b00000, 0x00000000e6b00000| Untracked 
| 108|0x00000000e6c00000, 0x00000000e6c00000, 0x00000000e6d00000|  0%| F|  |TAMS 0x00000000e6c00000, 0x00000000e6c00000| Untracked 
| 109|0x00000000e6d00000, 0x00000000e6d00000, 0x00000000e6e00000|  0%| F|  |TAMS 0x00000000e6d00000, 0x00000000e6d00000| Untracked 
| 110|0x00000000e6e00000, 0x00000000e6e00000, 0x00000000e6f00000|  0%| F|  |TAMS 0x00000000e6e00000, 0x00000000e6e00000| Untracked 
| 111|0x00000000e6f00000, 0x00000000e6f00000, 0x00000000e7000000|  0%| F|  |TAMS 0x00000000e6f00000, 0x00000000e6f00000| Untracked 
| 112|0x00000000e7000000, 0x00000000e7000000, 0x00000000e7100000|  0%| F|  |TAMS 0x00000000e7000000, 0x00000000e7000000| Untracked 
| 113|0x00000000e7100000, 0x00000000e7100000, 0x00000000e7200000|  0%| F|  |TAMS 0x00000000e7100000, 0x00000000e7100000| Untracked 
| 114|0x00000000e7200000, 0x00000000e7200000, 0x00000000e7300000|  0%| F|  |TAMS 0x00000000e7200000, 0x00000000e7200000| Untracked 
| 115|0x00000000e7300000, 0x00000000e7300000, 0x00000000e7400000|  0%| F|  |TAMS 0x00000000e7300000, 0x00000000e7300000| Untracked 
| 116|0x00000000e7400000, 0x00000000e7400000, 0x00000000e7500000|  0%| F|  |TAMS 0x00000000e7400000, 0x00000000e7400000| Untracked 
| 117|0x00000000e7500000, 0x00000000e7500000, 0x00000000e7600000|  0%| F|  |TAMS 0x00000000e7500000, 0x00000000e7500000| Untracked 
| 118|0x00000000e7600000, 0x00000000e7600000, 0x00000000e7700000|  0%| F|  |TAMS 0x00000000e7600000, 0x00000000e7600000| Untracked 
| 119|0x00000000e7700000, 0x00000000e7700000, 0x00000000e7800000|  0%| F|  |TAMS 0x00000000e7700000, 0x00000000e7700000| Untracked 
| 120|0x00000000e7800000, 0x00000000e7800000, 0x00000000e7900000|  0%| F|  |TAMS 0x00000000e7800000, 0x00000000e7800000| Untracked 
| 121|0x00000000e7900000, 0x00000000e7900000, 0x00000000e7a00000|  0%| F|  |TAMS 0x00000000e7900000, 0x00000000e7900000| Untracked 
| 122|0x00000000e7a00000, 0x00000000e7a00000, 0x00000000e7b00000|  0%| F|  |TAMS 0x00000000e7a00000, 0x00000000e7a00000| Untracked 
| 123|0x00000000e7b00000, 0x00000000e7b00000, 0x00000000e7c00000|  0%| F|  |TAMS 0x00000000e7b00000, 0x00000000e7b00000| Untracked 
| 124|0x00000000e7c00000, 0x00000000e7cbaff8, 0x00000000e7d00000| 73%| E|  |TAMS 0x00000000e7c00000, 0x00000000e7c00000| Complete 
| 125|0x00000000e7d00000, 0x00000000e7e00000, 0x00000000e7e00000|100%| E|  |TAMS 0x00000000e7d00000, 0x00000000e7d00000| Complete 

Card table byte_map: [0x0000028479a30000,0x0000028479b30000] _byte_map_base: 0x0000028479330000

Marking Bits (Prev, Next): (CMBitMap*) 0x00000284626cf5b8, (CMBitMap*) 0x00000284626cf5f8
 Prev Bits: [0x0000028479c30000, 0x000002847a430000)
 Next Bits: [0x000002847a430000, 0x000002847ac30000)

Polling page: 0x00000284604e0000

Metaspace:

Usage:
  Non-class:     17.87 MB capacity,    17.35 MB ( 97%) used,   437.27 KB (  2%) free+waste,    87.25 KB ( <1%) overhead. 
      Class:      2.91 MB capacity,     2.59 MB ( 89%) used,   282.14 KB (  9%) free+waste,    45.13 KB (  2%) overhead. 
       Both:     20.78 MB capacity,    19.94 MB ( 96%) used,   719.41 KB (  3%) free+waste,   132.38 KB ( <1%) overhead. 

Virtual space:
  Non-class space:       24.00 MB reserved,      18.00 MB ( 75%) committed 
      Class space:        1.00 GB reserved,       3.00 MB ( <1%) committed 
             Both:        1.02 GB reserved,      21.00 MB (  2%) committed 

Chunk freelists:
   Non-Class:  1.13 KB
       Class:  3.50 KB
        Both:  4.63 KB

CodeHeap 'non-profiled nmethods': size=120064Kb used=843Kb max_used=843Kb free=119220Kb
 bounds [0x00000284724f0000, 0x0000028472760000, 0x0000028479a30000]
CodeHeap 'profiled nmethods': size=120000Kb used=4542Kb max_used=4542Kb free=115457Kb
 bounds [0x000002846afc0000, 0x000002846b440000, 0x00000284724f0000]
CodeHeap 'non-nmethods': size=5696Kb used=1161Kb max_used=1184Kb free=4534Kb
 bounds [0x000002846aa30000, 0x000002846aca0000, 0x000002846afc0000]
 total_blobs=3189 nmethods=2070 adapters=396
 compilation: enabled
              stopped_count=0, restarted_count=0
 full_count=0

Compilation events (10 events):
Event: 7.512 Thread 0x000002847d00c000 2213       3       org.springframework.asm.ClassReader::readInt (52 bytes)
Event: 7.513 Thread 0x000002847d00c000 nmethod 2213 0x000002846b41db10 code [0x000002846b41dce0, 0x000002846b41df38]
Event: 7.516 Thread 0x000002847d00c000 2214       3       java.util.ArrayList::addAll (76 bytes)
Event: 7.517 Thread 0x000002847d00c000 nmethod 2214 0x000002846b41e090 code [0x000002846b41e2a0, 0x000002846b41e980]
Event: 7.524 Thread 0x000002847d00c000 2215       1       org.springframework.core.type.classreading.SimpleAnnotationMetadata::getAnnotations (5 bytes)
Event: 7.524 Thread 0x000002847d00c000 nmethod 2215 0x00000284725c2290 code [0x00000284725c2440, 0x00000284725c2578]
Event: 7.528 Thread 0x000002847d00c000 2217       3       org.springframework.core.annotation.RepeatableContainers::standardRepeatables (4 bytes)
Event: 7.528 Thread 0x000002847d00c000 nmethod 2217 0x000002846b41eb90 code [0x000002846b41ed40, 0x000002846b41eed8]
Event: 7.528 Thread 0x000002847d00c000 2218       3       org.springframework.core.annotation.RepeatableContainers$StandardRepeatableContainers::access$000 (4 bytes)
Event: 7.528 Thread 0x000002847d00c000 nmethod 2218 0x000002846b049190 code [0x000002846b049340, 0x000002846b049498]

GC Heap History (8 events):
Event: 1.835 GC heap before
{Heap before GC invocations=0 (full 0):
 garbage-first heap   total 129024K, used 13312K [0x00000000e0000000, 0x0000000100000000)
  region size 1024K, 14 young (14336K), 0 survivors (0K)
 Metaspace       used 3633K, capacity 5815K, committed 6144K, reserved 1056768K
  class space    used 454K, capacity 676K, committed 768K, reserved 1048576K
}
Event: 1.853 GC heap after
{Heap after GC invocations=1 (full 0):
 garbage-first heap   total 129024K, used 6912K [0x00000000e0000000, 0x0000000100000000)
  region size 1024K, 2 young (2048K), 2 survivors (2048K)
 Metaspace       used 3633K, capacity 5815K, committed 6144K, reserved 1056768K
  class space    used 454K, capacity 676K, committed 768K, reserved 1048576K
}
Event: 2.974 GC heap before
{Heap before GC invocations=1 (full 0):
 garbage-first heap   total 129024K, used 11008K [0x00000000e0000000, 0x0000000100000000)
  region size 1024K, 6 young (6144K), 2 survivors (2048K)
 Metaspace       used 4918K, capacity 6460K, committed 6784K, reserved 1056768K
  class space    used 622K, capacity 786K, committed 896K, reserved 1048576K
}
Event: 2.980 GC heap after
{Heap after GC invocations=2 (full 0):
 garbage-first heap   total 129024K, used 7192K [0x00000000e0000000, 0x0000000100000000)
  region size 1024K, 1 young (1024K), 1 survivors (1024K)
 Metaspace       used 4918K, capacity 6460K, committed 6784K, reserved 1056768K
  class space    used 622K, capacity 786K, committed 896K, reserved 1048576K
}
Event: 4.138 GC heap before
{Heap before GC invocations=2 (full 0):
 garbage-first heap   total 129024K, used 27672K [0x00000000e0000000, 0x0000000100000000)
  region size 1024K, 22 young (22528K), 1 survivors (1024K)
 Metaspace       used 8836K, capacity 9705K, committed 9856K, reserved 1058816K
  class space    used 1155K, capacity 1332K, committed 1408K, reserved 1048576K
}
Event: 4.143 GC heap after
{Heap after GC invocations=3 (full 0):
 garbage-first heap   total 129024K, used 8153K [0x00000000e0000000, 0x0000000100000000)
  region size 1024K, 2 young (2048K), 2 survivors (2048K)
 Metaspace       used 8836K, capacity 9705K, committed 9856K, reserved 1058816K
  class space    used 1155K, capacity 1332K, committed 1408K, reserved 1048576K
}
Event: 6.494 GC heap before
{Heap before GC invocations=3 (full 0):
 garbage-first heap   total 129024K, used 51161K [0x00000000e0000000, 0x0000000100000000)
  region size 1024K, 45 young (46080K), 2 survivors (2048K)
 Metaspace       used 15121K, capacity 15929K, committed 16256K, reserved 1062912K
  class space    used 2052K, capacity 2346K, committed 2432K, reserved 1048576K
}
Event: 6.502 GC heap after
{Heap after GC invocations=4 (full 0):
 garbage-first heap   total 129024K, used 10299K [0x00000000e0000000, 0x0000000100000000)
  region size 1024K, 4 young (4096K), 4 survivors (4096K)
 Metaspace       used 15121K, capacity 15929K, committed 16256K, reserved 1062912K
  class space    used 2052K, capacity 2346K, committed 2432K, reserved 1048576K
}

Deoptimization events (10 events):
Event: 4.594 Thread 0x000002847e51e800 Uncommon trap: reason=unstable_if action=reinterpret pc=0x0000028472543424 method=java.util.HashMap.hash(Ljava/lang/Object;)I @ 1 c2
Event: 5.791 Thread 0x000002847e51e800 Uncommon trap: reason=unstable_if action=reinterpret pc=0x0000028472583154 method=java.lang.String.indexOf([BBILjava/lang/String;I)I @ 21 c2
Event: 5.791 Thread 0x000002847e51e800 Uncommon trap: reason=unstable_if action=reinterpret pc=0x0000028472597244 method=java.net.URLStreamHandler.parseURL(Ljava/net/URL;Ljava/lang/String;II)V @ 725 c2
Event: 5.830 Thread 0x000002847e51e800 Uncommon trap: reason=unstable_if action=reinterpret pc=0x0000028472563518 method=java.lang.Integer.stringSize(I)I @ 19 c2
Event: 5.870 Thread 0x000002847e51e800 Uncommon trap: reason=unstable_if action=reinterpret pc=0x00000284724f2730 method=java.util.HashMap.hash(Ljava/lang/Object;)I @ 1 c2
Event: 6.212 Thread 0x000002847e51e800 Uncommon trap: reason=bimorphic_or_optimized_type_check action=maybe_recompile pc=0x000002847259e0e0 method=java.util.HashMap.putVal(ILjava/lang/Object;Ljava/lang/Object;ZZ)Ljava/lang/Object; @ 91 c2
Event: 6.442 Thread 0x000002847e51e800 Uncommon trap: reason=unstable_if action=reinterpret pc=0x000002847258e3c8 method=java.net.URL.<init>(Ljava/net/URL;Ljava/lang/String;Ljava/net/URLStreamHandler;)V @ 347 c2
Event: 6.493 Thread 0x000002847eb67800 Uncommon trap: reason=unstable_if action=reinterpret pc=0x000002847255fdd8 method=java.util.jar.Manifest$FastInputStream.readLine([BII)I @ 90 c2
Event: 7.079 Thread 0x000002847e51e800 Uncommon trap: reason=unstable_if action=reinterpret pc=0x000002847253dcd0 method=java.util.concurrent.ConcurrentHashMap.addCount(JI)V @ 34 c2
Event: 7.320 Thread 0x000002847e51e800 Uncommon trap: reason=unstable_if action=reinterpret pc=0x0000028472526398 method=java.util.concurrent.ConcurrentHashMap.get(Ljava/lang/Object;)Ljava/lang/Object; @ 76 c2

Classes redefined (0 events):
No events

Internal exceptions (10 events):
Event: 7.350 Thread 0x000002847e51e800 Exception <a 'java/lang/ClassNotFoundException'{0x00000000e6eeaa60}: org/springframework/core/PriorityOrderedCustomizer> (0x00000000e6eeaa60) thrown at [t:/workspace/open/src/hotspot/share/classfile/systemDictionary.cpp, line 235]
Event: 7.351 Thread 0x000002847e51e800 Exception <a 'java/lang/ClassNotFoundException'{0x00000000e6efa0d8}: org/springframework/core/OrderedCustomizer> (0x00000000e6efa0d8) thrown at [t:/workspace/open/src/hotspot/share/classfile/systemDictionary.cpp, line 235]
Event: 7.353 Thread 0x000002847e51e800 Exception <a 'java/lang/ClassNotFoundException'{0x00000000e6d84a80}: org/springframework/context/ResourceLoaderAwareCustomizer> (0x00000000e6d84a80) thrown at [t:/workspace/open/src/hotspot/share/classfile/systemDictionary.cpp, line 235]
Event: 7.355 Thread 0x000002847e51e800 Exception <a 'java/lang/ClassNotFoundException'{0x00000000e6d95fb8}: org/springframework/beans/factory/AwareCustomizer> (0x00000000e6d95fb8) thrown at [t:/workspace/open/src/hotspot/share/classfile/systemDictionary.cpp, line 235]
Event: 7.356 Thread 0x000002847e51e800 Exception <a 'java/lang/ClassNotFoundException'{0x00000000e6da80f8}: org/springframework/context/ApplicationStartupAwareCustomizer> (0x00000000e6da80f8) thrown at [t:/workspace/open/src/hotspot/share/classfile/systemDictionary.cpp, line 235]
Event: 7.358 Thread 0x000002847e51e800 Exception <a 'java/lang/ClassNotFoundException'{0x00000000e6db98a8}: org/springframework/beans/factory/AwareCustomizer> (0x00000000e6db98a8) thrown at [t:/workspace/open/src/hotspot/share/classfile/systemDictionary.cpp, line 235]
Event: 7.359 Thread 0x000002847e51e800 Exception <a 'java/lang/ClassNotFoundException'{0x00000000e6dcbda0}: org/springframework/beans/factory/BeanClassLoaderAwareCustomizer> (0x00000000e6dcbda0) thrown at [t:/workspace/open/src/hotspot/share/classfile/systemDictionary.cpp, line 235]
Event: 7.360 Thread 0x000002847e51e800 Exception <a 'java/lang/ClassNotFoundException'{0x00000000e6ddd2f0}: org/springframework/beans/factory/AwareCustomizer> (0x00000000e6ddd2f0) thrown at [t:/workspace/open/src/hotspot/share/classfile/systemDictionary.cpp, line 235]
Event: 7.361 Thread 0x000002847e51e800 Exception <a 'java/lang/ClassNotFoundException'{0x00000000e6dee4b8}: org/springframework/context/EnvironmentAwareCustomizer> (0x00000000e6dee4b8) thrown at [t:/workspace/open/src/hotspot/share/classfile/systemDictionary.cpp, line 235]
Event: 7.363 Thread 0x000002847e51e800 Exception <a 'java/lang/ClassNotFoundException'{0x00000000e6c7e0a8}: org/springframework/beans/factory/AwareCustomizer> (0x00000000e6c7e0a8) thrown at [t:/workspace/open/src/hotspot/share/classfile/systemDictionary.cpp, line 235]

Events (10 events):
Event: 7.527 loading class com/fasterxml/jackson/databind/cfg/ContextAttributes$Impl
Event: 7.527 loading class com/fasterxml/jackson/databind/cfg/ContextAttributes$Impl done
Event: 7.528 loading class org/springframework/context/annotation/BeanMethod
Event: 7.528 loading class org/springframework/context/annotation/BeanMethod done
Event: 7.529 loading class org/springframework/context/annotation/ConfigurationMethod
Event: 7.529 loading class org/springframework/context/annotation/ConfigurationMethod done
Event: 7.530 loading class org/springframework/context/annotation/BeanMethod$NonOverridableMethodError
Event: 7.530 loading class org/springframework/context/annotation/BeanMethod$NonOverridableMethodError done
Event: 7.530 loading class com/fasterxml/jackson/databind/DeserializationFeature
Event: 7.530 loading class com/fasterxml/jackson/databind/DeserializationFeature done


Dynamic libraries:
0x00007ff71b820000 - 0x00007ff71b82f000 	C:\Program Files\Java\jdk-12.0.1\bin\java.exe
0x00007ffea86c0000 - 0x00007ffea88b0000 	C:\WINDOWS\SYSTEM32\ntdll.dll
0x00007ffea7fa0000 - 0x00007ffea8052000 	C:\WINDOWS\System32\KERNEL32.DLL
0x00007ffea5690000 - 0x00007ffea5935000 	C:\WINDOWS\System32\KERNELBASE.dll
0x00007ffea5ab0000 - 0x00007ffea5baa000 	C:\WINDOWS\System32\ucrtbase.dll
0x00007ffe9b9d0000 - 0x00007ffe9b9e8000 	C:\Program Files\Java\jdk-12.0.1\bin\jli.dll
0x00007ffe8ee70000 - 0x00007ffe8ee86000 	C:\Program Files\Java\jdk-12.0.1\bin\VCRUNTIME140.dll
0x00007ffea7ef0000 - 0x00007ffea7f93000 	C:\WINDOWS\System32\ADVAPI32.dll
0x00007ffea6770000 - 0x00007ffea680e000 	C:\WINDOWS\System32\msvcrt.dll
0x00007ffea7510000 - 0x00007ffea75a7000 	C:\WINDOWS\System32\sechost.dll
0x00007ffea7dc0000 - 0x00007ffea7ee0000 	C:\WINDOWS\System32\RPCRT4.dll
0x00007ffea7c20000 - 0x00007ffea7db4000 	C:\WINDOWS\System32\USER32.dll
0x00007ffea5d50000 - 0x00007ffea5d71000 	C:\WINDOWS\System32\win32u.dll
0x00007ffe99510000 - 0x00007ffe99794000 	C:\WINDOWS\WinSxS\amd64_microsoft.windows.common-controls_6595b64144ccf1df_6.0.18362.1256_none_9e7e379be45e40e2\COMCTL32.dll
0x00007ffea7240000 - 0x00007ffea7266000 	C:\WINDOWS\System32\GDI32.dll
0x00007ffea7720000 - 0x00007ffea7a56000 	C:\WINDOWS\System32\combase.dll
0x00007ffea65a0000 - 0x00007ffea6736000 	C:\WINDOWS\System32\gdi32full.dll
0x00007ffea5bb0000 - 0x00007ffea5c4e000 	C:\WINDOWS\System32\msvcp_win.dll
0x00007ffea6510000 - 0x00007ffea6591000 	C:\WINDOWS\System32\bcryptPrimitives.dll
0x00007ffea5350000 - 0x00007ffea535a000 	C:\WINDOWS\SYSTEM32\VERSION.dll
0x00007ffea76f0000 - 0x00007ffea771e000 	C:\WINDOWS\System32\IMM32.DLL
0x00007ffea5360000 - 0x00007ffea5396000 	C:\WINDOWS\system32\DriverStore\FileRepository\nvfm.inf_amd64_76974c92c44bbb6b\nvinitx.dll
0x00007ffea6af0000 - 0x00007ffea71d7000 	C:\WINDOWS\System32\Shell32.dll
0x00007ffea5d00000 - 0x00007ffea5d4a000 	C:\WINDOWS\System32\cfgmgr32.dll
0x00007ffea7280000 - 0x00007ffea7329000 	C:\WINDOWS\System32\shcore.dll
0x00007ffea5d80000 - 0x00007ffea6501000 	C:\WINDOWS\System32\windows.storage.dll
0x00007ffea5600000 - 0x00007ffea5623000 	C:\WINDOWS\System32\profapi.dll
0x00007ffea55b0000 - 0x00007ffea55fa000 	C:\WINDOWS\System32\powrprof.dll
0x00007ffea5560000 - 0x00007ffea5570000 	C:\WINDOWS\System32\UMPDC.dll
0x00007ffea7a60000 - 0x00007ffea7ab2000 	C:\WINDOWS\System32\shlwapi.dll
0x00007ffea5570000 - 0x00007ffea5581000 	C:\WINDOWS\System32\kernel.appcore.dll
0x00007ffea5a90000 - 0x00007ffea5aa7000 	C:\WINDOWS\System32\cryptsp.dll
0x0000000053ae0000 - 0x0000000053ae6000 	C:\Program Files\NVIDIA Corporation\CoProcManager\_etoured.dll
0x00007ffe9af80000 - 0x00007ffe9afc3000 	C:\Program Files\NVIDIA Corporation\CoProcManager\nvd3d9wrapx.dll
0x00007ffea8060000 - 0x00007ffea84d0000 	C:\WINDOWS\System32\SETUPAPI.dll
0x00007ffea6740000 - 0x00007ffea6766000 	C:\WINDOWS\System32\bcrypt.dll
0x00007ffea4110000 - 0x00007ffea4130000 	C:\WINDOWS\SYSTEM32\dxcore.dll
0x00007ffe9ad70000 - 0x00007ffe9ad9d000 	C:\Program Files\NVIDIA Corporation\CoProcManager\nvdxgiwrapx.dll
0x00007ffe8edc0000 - 0x00007ffe8ee6a000 	C:\Program Files\Java\jdk-12.0.1\bin\msvcp140.dll
0x00007ffe71cb0000 - 0x00007ffe72824000 	C:\Program Files\Java\jdk-12.0.1\bin\server\jvm.dll
0x00007ffea7ee0000 - 0x00007ffea7ee8000 	C:\WINDOWS\System32\PSAPI.DLL
0x00007ffe96af0000 - 0x00007ffe96af9000 	C:\WINDOWS\SYSTEM32\WSOCK32.dll
0x00007ffea1e80000 - 0x00007ffea1ea4000 	C:\WINDOWS\SYSTEM32\WINMM.dll
0x00007ffea6a00000 - 0x00007ffea6a6f000 	C:\WINDOWS\System32\WS2_32.dll
0x00007ffea1e50000 - 0x00007ffea1e7d000 	C:\WINDOWS\SYSTEM32\winmmbase.dll
0x00007ffe8eda0000 - 0x00007ffe8edb1000 	C:\Program Files\Java\jdk-12.0.1\bin\verify.dll
0x00007ffea3ea0000 - 0x00007ffea4094000 	C:\WINDOWS\SYSTEM32\DBGHELP.DLL
0x00007ffe91470000 - 0x00007ffe9149a000 	C:\WINDOWS\SYSTEM32\dbgcore.DLL
0x00007ffe8ed70000 - 0x00007ffe8ed96000 	C:\Program Files\Java\jdk-12.0.1\bin\java.dll
0x00007ffe8ed50000 - 0x00007ffe8ed67000 	C:\Program Files\Java\jdk-12.0.1\bin\zip.dll
0x00007ffea2760000 - 0x00007ffea276a000 	C:\Program Files\Java\jdk-12.0.1\bin\jimage.dll
0x00007ffe8ed30000 - 0x00007ffe8ed49000 	C:\Program Files\Java\jdk-12.0.1\bin\net.dll
0x00007ffe96fa0000 - 0x00007ffe97176000 	C:\WINDOWS\SYSTEM32\urlmon.dll
0x00007ffe9a1e0000 - 0x00007ffe9a2d0000 	C:\WINDOWS\SYSTEM32\WINHTTP.dll
0x00007ffe972a0000 - 0x00007ffe97547000 	C:\WINDOWS\SYSTEM32\iertutil.dll
0x00007ffea4e30000 - 0x00007ffea4e3c000 	C:\WINDOWS\SYSTEM32\CRYPTBASE.DLL
0x00007ffea4cb0000 - 0x00007ffea4d17000 	C:\WINDOWS\system32\mswsock.dll
0x00007ffe8ed10000 - 0x00007ffe8ed23000 	C:\Program Files\Java\jdk-12.0.1\bin\nio.dll
0x00007ffea4830000 - 0x00007ffea4863000 	C:\WINDOWS\system32\rsaenh.dll
0x00007ffea5480000 - 0x00007ffea54a5000 	C:\WINDOWS\SYSTEM32\USERENV.dll
0x00007ffea49d0000 - 0x00007ffea4a0a000 	C:\WINDOWS\SYSTEM32\IPHLPAPI.DLL
0x00007ffea7270000 - 0x00007ffea7278000 	C:\WINDOWS\System32\NSI.dll
0x00007ffe9b2d0000 - 0x00007ffe9b2e6000 	C:\WINDOWS\SYSTEM32\dhcpcsvc6.DLL
0x00007ffe9b2b0000 - 0x00007ffe9b2cc000 	C:\WINDOWS\SYSTEM32\dhcpcsvc.DLL
0x00007ffea4a10000 - 0x00007ffea4adb000 	C:\WINDOWS\SYSTEM32\DNSAPI.dll
0x00007ffea18a0000 - 0x00007ffea18a9000 	C:\Program Files\Java\jdk-12.0.1\bin\management.dll
0x00007ffe9f9f0000 - 0x00007ffe9f9fc000 	C:\Program Files\Java\jdk-12.0.1\bin\management_ext.dll
0x00007ffe951b0000 - 0x00007ffe951c6000 	C:\WINDOWS\system32\napinsp.dll
0x00007ffe95190000 - 0x00007ffe951aa000 	C:\WINDOWS\system32\pnrpnsp.dll
0x00007ffe95180000 - 0x00007ffe9518e000 	C:\WINDOWS\System32\winrnr.dll
0x00007ffea1830000 - 0x00007ffea184c000 	C:\WINDOWS\system32\NLAapi.dll
0x00007ffea0820000 - 0x00007ffea0835000 	C:\WINDOWS\system32\wshbth.dll
0x00007ffe99c80000 - 0x00007ffe99c8a000 	C:\Windows\System32\rasadhlp.dll
0x00007ffe9b0b0000 - 0x00007ffe9b127000 	C:\WINDOWS\System32\fwpuclnt.dll

dbghelp: loaded successfully - version: 4.0.5 - missing functions: none
symbol engine: initialized successfully - sym options: 0x614 - pdb path: .;C:\Program Files\Java\jdk-12.0.1\bin;C:\WINDOWS\SYSTEM32;C:\WINDOWS\WinSxS\amd64_microsoft.windows.common-controls_6595b64144ccf1df_6.0.18362.1256_none_9e7e379be45e40e2;C:\WINDOWS\system32\DriverStore\FileRepository\nvfm.inf_amd64_76974c92c44bbb6b;C:\Program Files\NVIDIA Corporation\CoProcManager;C:\Program Files\Java\jdk-12.0.1\bin\server

VM Arguments:
jvm_args: -Dorg.gradle.native=false -Xmx512m -Dfile.encoding=windows-1251 -Duser.country=RU -Duser.language=ru -Duser.variant -ea 
java_command: worker.org.gradle.process.internal.worker.GradleWorkerMain 'Gradle Test Executor 1'
java_class_path (initial): C:\\Gradle\\gradle-5.5\\caches\\6.7.1\\workerMain\\gradle-worker.jar;D:\\testExercise\\build\\classes\\java\\test;D:\\testExercise\\build\\resources\\test;D:\\testExercise\\build\\classes\\java\\main;D:\\testExercise\\build\\resources\\main;C:\\Gradle\\gradle-5.5\\caches\\modules-2\\files-2.1\\org.springframework.boot\\spring-boot-starter-data-mongodb-reactive\\2.4.1\\655a05dfabfab178a2365c40b762f2be67698d36\\spring-boot-starter-data-mongodb-reactive-2.4.1.jar;C:\\Gradle\\gradle-5.5\\caches\\modules-2\\files-2.1\\org.springframework.boot\\spring-boot-starter-webflux\\2.4.1\\e54535216a6b6becffc044fd8abff3e6011e576d\\spring-boot-starter-webflux-2.4.1.jar;C:\\Gradle\\gradle-5.5\\caches\\modules-2\\files-2.1\\org.springframework.boot\\spring-boot-starter-test\\2.4.1\\50147ab5f3b431a397d27e2c0af313b9147cd058\\spring-boot-starter-test-2.4.1.jar;C:\\Gradle\\gradle-5.5\\caches\\modules-2\\files-2.1\\de.flapdoodle.embed\\de.flapdoodle.embed.mongo\\2.2.0\\781d14f4e3d9eeb0b4c3e00a4ec165a04b3dc5c4\\de.flapdoodle.embed.mongo-2.2.0.jar;C:\\Gradle\\gradle-5.5\\caches\\modules-2\\files-2.1\\io.projectreactor\\reactor-test\\3.4.1\\ec8cef652db7d41ebf5967910872367b5423e989\\reactor-test-3.4.1.jar;C:\\Gradle\\gradle-5.5\\caches\\modules-2\\files-2.1\\org.springframework.boot\\spring-boot-starter-json\\2.4.1\\5a4b7088c88be531cb416ef218da3e19309f8cea\\spring-boot-starter-json-2.4.1.jar;C:\\Gradle\\gradle-5.5\\caches\\modules-2\\files-2.1\\org.springframework.boot\\spring-boot-starter\\2.4.1\\15d81ffe81e26de37986d491e1cf4c1e3a324ca3\\spring-boot-starter-2.4.1.jar;C:\\Gradle\\gradle-5.5\\caches\\modules-2\\files-2.1\\org.springframework\\spring-webflux\\5.3.2\\63fe694e07b0430991671eebac9fbb0ffba08483\\spring-webflux-5.3.2.jar;C:\\Gradle\\gradle-5.5\\caches\\modules-2\\files-2.1\\org.springframework.boot\\spring-boot-starter-reactor-netty\\2.4.1\\f4e512e25c75839c946b26756e18e7bee4307091\\spring-boot-starter-reactor-netty-2.4.1.jar;C:\\Gradle\\gradle-5.5\\caches\
Launcher Type: SUN_STANDARD

[Global flags]
     intx CICompilerCount                          = 3                                         {product} {ergonomic}
     uint ConcGCThreads                            = 1                                         {product} {ergonomic}
     uint G1ConcRefinementThreads                  = 4                                         {product} {ergonomic}
   size_t G1HeapRegionSize                         = 1048576                                   {product} {ergonomic}
    uintx GCDrainStackTargetSize                   = 64                                        {product} {ergonomic}
   size_t InitialHeapSize                          = 132120576                                 {product} {ergonomic}
   size_t MarkStackSize                            = 4194304                                   {product} {ergonomic}
   size_t MaxHeapSize                              = 536870912                                 {product} {command line}
   size_t MaxNewSize                               = 321912832                                 {product} {ergonomic}
   size_t MinHeapDeltaBytes                        = 1048576                                   {product} {ergonomic}
    uintx NonNMethodCodeHeapSize                   = 5830732                                {pd product} {ergonomic}
    uintx NonProfiledCodeHeapSize                  = 122913754                              {pd product} {ergonomic}
    uintx ProfiledCodeHeapSize                     = 122913754                              {pd product} {ergonomic}
    uintx ReservedCodeCacheSize                    = 251658240                              {pd product} {ergonomic}
     bool SegmentedCodeCache                       = true                                      {product} {ergonomic}
     bool UseCompressedClassPointers               = true                                 {lp64_product} {ergonomic}
     bool UseCompressedOops                        = true                                 {lp64_product} {ergonomic}
     bool UseG1GC                                  = true                                      {product} {ergonomic}
     bool UseLargePagesIndividualAllocation        = false                                  {pd product} {ergonomic}

Logging:
Log output configuration:
 #0: stdout all=warning uptime,level,tags
 #1: stderr all=off uptime,level,tags

Environment Variables:
JAVA_HOME=C:\Program Files\Java\jdk-12.0.1
PATH=C:\ProgramData\DockerDesktop\version-bin;C:\Program Files\Docker\Docker\Resources\bin;C:\WINDOWS\system32;C:\WINDOWS;C:\WINDOWS\System32\Wbem;C:\WINDOWS\System32\WindowsPowerShell\v1.0\;C:\WINDOWS\System32\OpenSSH\;C:\Program Files\Git\cmd;C:\Gradle\gradle-5.5\bin;C:\Go\bin;C:\Program Files\MySQL\MySQL Shell 8.0\bin\;C:\Users\Diana\AppData\Local\Microsoft\WindowsApps;;C:\Program Files\JetBrains\IntelliJ IDEA Community Edition 2019.1.3\bin;;C:\Users\Diana\go\bin;C:\Users\Diana\AppData\Local\Programs\Microsoft VS Code\bin
USERNAME=Diana
OS=Windows_NT
PROCESSOR_IDENTIFIER=Intel64 Family 6 Model 42 Stepping 7, GenuineIntel



---------------  S Y S T E M  ---------------

OS: Windows 10 , 64 bit Build 18362 (10.0.18362.1110)

CPU:total 4 (initial active 4) (2 cores per cpu, 2 threads per core) family 6 model 42 stepping 7, cmov, cx8, fxsr, mmx, sse, sse2, sse3, ssse3, sse4.1, sse4.2, popcnt, avx, clmul, ht, tsc, tscinvbit

Memory: 4k page, system-wide physical 8048M (795M free)
TotalPageFile size 8848M (AvailPageFile size 32M)
current process WorkingSet (physical memory assigned to process): 114M, peak: 143M
current process commit charge ("private bytes"): 216M, peak: 246M

vm_info: Java HotSpot(TM) 64-Bit Server VM (12.0.1+12) for windows-amd64 JRE (12.0.1+12), built on Apr  2 2019 14:02:19 by "mach5one" with MS VC++ 15.5 (VS2017)

END.
