#
# There is insufficient memory for the Java Runtime Environment to continue.
# Native memory allocation (malloc) failed to allocate 32744 bytes for ChunkPool::allocate
# Possible reasons:
#   The system is out of physical RAM or swap space
#   The process is running with CompressedOops enabled, and the Java Heap may be blocking the growth of the native heap
# Possible solutions:
#   Reduce memory load on the system
#   Increase physical memory or swap space
#   Check if swap backing store is full
#   Decrease Java heap size (-Xmx/-Xms)
#   Decrease number of Java threads
#   Decrease Java thread stack sizes (-Xss)
#   Set larger code cache with -XX:ReservedCodeCacheSize=
#   JVM is running with Unscaled Compressed Oops mode in which the Java heap is
#     placed in the first 4GB address space. The Java Heap base address is the
#     maximum limit for the native heap growth. Please use -XX:HeapBaseMinAddress
#     to set the Java Heap base and to place the Java Heap above 4GB virtual address.
# This output file may be truncated or incomplete.
#
#  Out of Memory Error (t:/workspace/open/src/hotspot/share/memory/arena.cpp:81), pid=2676, tid=3440
#
# JRE version: Java(TM) SE Runtime Environment (12.0.1+12) (build 12.0.1+12)
# Java VM: Java HotSpot(TM) 64-Bit Server VM (12.0.1+12, mixed mode, sharing, tiered, compressed oops, g1 gc, windows-amd64)
# No core dump will be written. Minidumps are not enabled by default on client versions of Windows
#

---------------  S U M M A R Y ------------

Command Line: -Dorg.gradle.native=false -Xmx512m -Dfile.encoding=windows-1251 -Duser.country=RU -Duser.language=ru -Duser.variant -ea worker.org.gradle.process.internal.worker.GradleWorkerMain 'Gradle Test Executor 5'

Host: Intel(R) Core(TM) i3-2328M CPU @ 2.20GHz, 4 cores, 7G,  Windows 10 , 64 bit Build 18362 (10.0.18362.1110)
Time: Mon Jan 11 17:11:51 2021 Oeieyiaey (ceia) elapsed time: 15 seconds (0d 0h 0m 15s)

---------------  T H R E A D  ---------------

Current thread (0x000001e247f67800):  JavaThread "C2 CompilerThread0" daemon [_thread_in_native, id=3440, stack(0x00000006a1500000,0x00000006a1600000)]


Current CompileTask:
C2:  15634 3227   !   4       jdk.internal.loader.URLClassPath$JarLoader::getResource (353 bytes)

Stack: [0x00000006a1500000,0x00000006a1600000]
Native frames: (J=compiled Java code, j=interpreted, Vv=VM code, C=native code)
V  [jvm.dll+0x63948a]
V  [jvm.dll+0x78b31f]
V  [jvm.dll+0x78c9c1]
V  [jvm.dll+0x78d013]
V  [jvm.dll+0x262138]
V  [jvm.dll+0xc5a56]
V  [jvm.dll+0xc5dac]
V  [jvm.dll+0x37ed58]
V  [jvm.dll+0x37e4d1]
V  [jvm.dll+0x37e514]
V  [jvm.dll+0x377bb4]
V  [jvm.dll+0x1af02d]
V  [jvm.dll+0x21c142]
V  [jvm.dll+0x21b20a]
V  [jvm.dll+0x199890]
V  [jvm.dll+0x22a534]
V  [jvm.dll+0x228b88]
V  [jvm.dll+0x74f660]
V  [jvm.dll+0x748648]
V  [jvm.dll+0x638566]
C  [ucrtbase.dll+0x210b2]
C  [KERNEL32.DLL+0x17c24]
C  [ntdll.dll+0x6d4d1]


---------------  P R O C E S S  ---------------

Threads class SMR info:
_java_thread_list=0x000001e24a631630, length=15, elements={
0x000001e22ca8b800, 0x000001e247639000, 0x000001e24763c000, 0x000001e247f65800,
0x000001e247f66800, 0x000001e247f67800, 0x000001e247fcc800, 0x000001e247fe5800,
0x000001e2480ca000, 0x000001e2480d8000, 0x000001e2488be800, 0x000001e248944800,
0x000001e2488d1800, 0x000001e24c1f2800, 0x000001e24aab0800
}

Java Threads: ( => current thread )
  0x000001e22ca8b800 JavaThread "main" [_thread_blocked, id=9696, stack(0x00000006a0a00000,0x00000006a0b00000)]
  0x000001e247639000 JavaThread "Reference Handler" daemon [_thread_blocked, id=7512, stack(0x00000006a1100000,0x00000006a1200000)]
  0x000001e24763c000 JavaThread "Finalizer" daemon [_thread_blocked, id=7588, stack(0x00000006a1200000,0x00000006a1300000)]
  0x000001e247f65800 JavaThread "Signal Dispatcher" daemon [_thread_blocked, id=3760, stack(0x00000006a1300000,0x00000006a1400000)]
  0x000001e247f66800 JavaThread "Attach Listener" daemon [_thread_blocked, id=6272, stack(0x00000006a1400000,0x00000006a1500000)]
=>0x000001e247f67800 JavaThread "C2 CompilerThread0" daemon [_thread_in_native, id=3440, stack(0x00000006a1500000,0x00000006a1600000)]
  0x000001e247fcc800 JavaThread "C1 CompilerThread0" daemon [_thread_blocked, id=9576, stack(0x00000006a1600000,0x00000006a1700000)]
  0x000001e247fe5800 JavaThread "Sweeper thread" daemon [_thread_blocked, id=5628, stack(0x00000006a1700000,0x00000006a1800000)]
  0x000001e2480ca000 JavaThread "Service Thread" daemon [_thread_blocked, id=9968, stack(0x00000006a1800000,0x00000006a1900000)]
  0x000001e2480d8000 JavaThread "Common-Cleaner" daemon [_thread_blocked, id=4244, stack(0x00000006a1a00000,0x00000006a1b00000)]
  0x000001e2488be800 JavaThread "Test worker" [_thread_in_vm, id=6428, stack(0x00000006a1e00000,0x00000006a1f00000)]
  0x000001e248944800 JavaThread "/127.0.0.1:58218 to /127.0.0.1:58212 workers Thread 2" [_thread_blocked, id=9744, stack(0x00000006a1f00000,0x00000006a2000000)]
  0x000001e2488d1800 JavaThread "/127.0.0.1:58218 to /127.0.0.1:58212 workers Thread 3" [_thread_in_native, id=5772, stack(0x00000006a2000000,0x00000006a2100000)]
  0x000001e24c1f2800 JavaThread "Thread-4" daemon [_thread_in_native, id=4996, stack(0x00000006a2300000,0x00000006a2400000)]
  0x000001e24aab0800 JavaThread "Thread-5" daemon [_thread_in_native, id=6260, stack(0x00000006a2400000,0x00000006a2500000)]

Other Threads:
  0x000001e247636800 VMThread "VM Thread" [stack: 0x00000006a1000000,0x00000006a1100000] [id=5748]
  0x000001e2480d6800 WatcherThread [stack: 0x00000006a1900000,0x00000006a1a00000] [id=5764]
  0x000001e22caad800 GCTaskThread "GC Thread#0" [stack: 0x00000006a0b00000,0x00000006a0c00000] [id=3164]
  0x000001e24887b000 GCTaskThread "GC Thread#1" [stack: 0x00000006a1c00000,0x00000006a1d00000] [id=9768]
  0x000001e24888e000 GCTaskThread "GC Thread#2" [stack: 0x00000006a1d00000,0x00000006a1e00000] [id=1176]
  0x000001e248a10000 GCTaskThread "GC Thread#3" [stack: 0x00000006a2100000,0x00000006a2200000] [id=4400]
  0x000001e22cab2000 ConcurrentGCThread "G1 Main Marker" [stack: 0x00000006a0c00000,0x00000006a0d00000] [id=6924]
  0x000001e22cab5800 ConcurrentGCThread "G1 Conc#0" [stack: 0x00000006a0d00000,0x00000006a0e00000] [id=9016]
  0x000001e2474b2800 ConcurrentGCThread "G1 Refine#0" [stack: 0x00000006a0e00000,0x00000006a0f00000] [id=8296]
  0x000001e2474b3800 ConcurrentGCThread "G1 Young RemSet Sampling" [stack: 0x00000006a0f00000,0x00000006a1000000] [id=8208]

Threads with active compile tasks:
C2 CompilerThread0  3227   !   4       jdk.internal.loader.URLClassPath$JarLoader::getResource (353 bytes)

VM state:not at safepoint (normal execution)

VM Mutex/Monitor currently owned by a thread: None

Heap address: 0x00000000e0000000, size: 512 MB, Compressed Oops mode: 32-bit
Narrow klass base: 0x0000000800000000, Narrow klass shift: 3
Compressed class space size: 1073741824 Address: 0x00000008011a0000

Heap:
 garbage-first heap   total 40960K, used 28346K [0x00000000e0000000, 0x0000000100000000)
  region size 1024K, 18 young (18432K), 3 survivors (3072K)
 Metaspace       used 29440K, capacity 30614K, committed 30848K, reserved 1075200K
  class space    used 3973K, capacity 4404K, committed 4480K, reserved 1048576K
Heap Regions: E=young(eden), S=young(survivor), O=old, HS=humongous(starts), HC=humongous(continues), CS=collection set, F=free, A=archive, TAMS=top-at-mark-start (previous, next)
|   0|0x00000000e0000000, 0x00000000e0100000, 0x00000000e0100000|100%| O|  |TAMS 0x00000000e0100000, 0x00000000e0000000| Untracked 
|   1|0x00000000e0100000, 0x00000000e0200000, 0x00000000e0200000|100%| O|  |TAMS 0x00000000e0200000, 0x00000000e0100000| Untracked 
|   2|0x00000000e0200000, 0x00000000e0300000, 0x00000000e0300000|100%| O|  |TAMS 0x00000000e0300000, 0x00000000e0200000| Untracked 
|   3|0x00000000e0300000, 0x00000000e0400000, 0x00000000e0400000|100%| O|  |TAMS 0x00000000e0400000, 0x00000000e0300000| Untracked 
|   4|0x00000000e0400000, 0x00000000e0500000, 0x00000000e0500000|100%| O|  |TAMS 0x00000000e0500000, 0x00000000e0400000| Untracked 
|   5|0x00000000e0500000, 0x00000000e0600000, 0x00000000e0600000|100%| O|  |TAMS 0x00000000e0600000, 0x00000000e0500000| Untracked 
|   6|0x00000000e0600000, 0x00000000e06b8000, 0x00000000e0700000| 71%| O|  |TAMS 0x00000000e06b8000, 0x00000000e0600000| Untracked 
|   7|0x00000000e0700000, 0x00000000e0800000, 0x00000000e0800000|100%| O|  |TAMS 0x00000000e0700000, 0x00000000e0700000| Untracked 
|   8|0x00000000e0800000, 0x00000000e0900000, 0x00000000e0900000|100%| O|  |TAMS 0x00000000e0800000, 0x00000000e0800000| Untracked 
|   9|0x00000000e0900000, 0x00000000e0a00000, 0x00000000e0a00000|100%| O|  |TAMS 0x00000000e0900000, 0x00000000e0900000| Untracked 
|  10|0x00000000e0a00000, 0x00000000e0b00000, 0x00000000e0b00000|100%| O|  |TAMS 0x00000000e0a00000, 0x00000000e0a00000| Untracked 
|  11|0x00000000e0b00000, 0x00000000e0b7e400, 0x00000000e0c00000| 49%| O|  |TAMS 0x00000000e0b00000, 0x00000000e0b00000| Untracked 
|  12|0x00000000e0c00000, 0x00000000e0c00000, 0x00000000e0d00000|  0%| F|  |TAMS 0x00000000e0c00000, 0x00000000e0c00000| Untracked 
|  13|0x00000000e0d00000, 0x00000000e0d00000, 0x00000000e0e00000|  0%| F|  |TAMS 0x00000000e0d00000, 0x00000000e0d00000| Untracked 
|  14|0x00000000e0e00000, 0x00000000e0e00000, 0x00000000e0f00000|  0%| F|  |TAMS 0x00000000e0e00000, 0x00000000e0e00000| Untracked 
|  15|0x00000000e0f00000, 0x00000000e0f00000, 0x00000000e1000000|  0%| F|  |TAMS 0x00000000e0f00000, 0x00000000e0f00000| Untracked 
|  16|0x00000000e1000000, 0x00000000e1000000, 0x00000000e1100000|  0%| F|  |TAMS 0x00000000e1000000, 0x00000000e1000000| Untracked 
|  17|0x00000000e1100000, 0x00000000e1100000, 0x00000000e1200000|  0%| F|  |TAMS 0x00000000e1100000, 0x00000000e1100000| Untracked 
|  18|0x00000000e1200000, 0x00000000e1278758, 0x00000000e1300000| 47%| S|CS|TAMS 0x00000000e1200000, 0x00000000e1200000| Complete 
|  19|0x00000000e1300000, 0x00000000e1300000, 0x00000000e1400000|  0%| F|  |TAMS 0x00000000e1300000, 0x00000000e1300000| Untracked 
|  20|0x00000000e1400000, 0x00000000e1400000, 0x00000000e1500000|  0%| F|  |TAMS 0x00000000e1400000, 0x00000000e1400000| Untracked 
|  21|0x00000000e1500000, 0x00000000e1500000, 0x00000000e1600000|  0%| F|  |TAMS 0x00000000e1500000, 0x00000000e1500000| Untracked 
|  22|0x00000000e1600000, 0x00000000e1700000, 0x00000000e1700000|100%| S|CS|TAMS 0x00000000e1600000, 0x00000000e1600000| Complete 
|  23|0x00000000e1700000, 0x00000000e1800000, 0x00000000e1800000|100%| S|CS|TAMS 0x00000000e1700000, 0x00000000e1700000| Complete 
|  24|0x00000000e1800000, 0x00000000e1800000, 0x00000000e1900000|  0%| F|  |TAMS 0x00000000e1800000, 0x00000000e1800000| Untracked 
|  25|0x00000000e1900000, 0x00000000e19d3540, 0x00000000e1a00000| 82%| E|  |TAMS 0x00000000e1900000, 0x00000000e1900000| Complete 
|  26|0x00000000e1a00000, 0x00000000e1b00000, 0x00000000e1b00000|100%| E|CS|TAMS 0x00000000e1a00000, 0x00000000e1a00000| Complete 
|  27|0x00000000e1b00000, 0x00000000e1c00000, 0x00000000e1c00000|100%| E|CS|TAMS 0x00000000e1b00000, 0x00000000e1b00000| Complete 
|  28|0x00000000e1c00000, 0x00000000e1d00000, 0x00000000e1d00000|100%| E|CS|TAMS 0x00000000e1c00000, 0x00000000e1c00000| Complete 
|  29|0x00000000e1d00000, 0x00000000e1e00000, 0x00000000e1e00000|100%| E|CS|TAMS 0x00000000e1d00000, 0x00000000e1d00000| Complete 
|  30|0x00000000e1e00000, 0x00000000e1f00000, 0x00000000e1f00000|100%| E|CS|TAMS 0x00000000e1e00000, 0x00000000e1e00000| Complete 
|  31|0x00000000e1f00000, 0x00000000e2000000, 0x00000000e2000000|100%| E|CS|TAMS 0x00000000e1f00000, 0x00000000e1f00000| Complete 
|  32|0x00000000e2000000, 0x00000000e2100000, 0x00000000e2100000|100%| E|CS|TAMS 0x00000000e2000000, 0x00000000e2000000| Complete 
|  33|0x00000000e2100000, 0x00000000e2200000, 0x00000000e2200000|100%| E|CS|TAMS 0x00000000e2100000, 0x00000000e2100000| Complete 
|  34|0x00000000e2200000, 0x00000000e2300000, 0x00000000e2300000|100%| E|CS|TAMS 0x00000000e2200000, 0x00000000e2200000| Complete 
|  95|0x00000000e5f00000, 0x00000000e6000000, 0x00000000e6000000|100%| E|CS|TAMS 0x00000000e5f00000, 0x00000000e5f00000| Complete 
|  96|0x00000000e6000000, 0x00000000e6100000, 0x00000000e6100000|100%| E|CS|TAMS 0x00000000e6000000, 0x00000000e6000000| Complete 
|  97|0x00000000e6100000, 0x00000000e6200000, 0x00000000e6200000|100%| E|CS|TAMS 0x00000000e6100000, 0x00000000e6100000| Complete 
|  98|0x00000000e6200000, 0x00000000e6300000, 0x00000000e6300000|100%| E|CS|TAMS 0x00000000e6200000, 0x00000000e6200000| Complete 
| 125|0x00000000e7d00000, 0x00000000e7e00000, 0x00000000e7e00000|100%| E|CS|TAMS 0x00000000e7d00000, 0x00000000e7d00000| Complete 

Card table byte_map: [0x000001e243e10000,0x000001e243f10000] _byte_map_base: 0x000001e243710000

Marking Bits (Prev, Next): (CMBitMap*) 0x000001e22caae5c8, (CMBitMap*) 0x000001e22caae588
 Prev Bits: [0x000001e244810000, 0x000001e245010000)
 Next Bits: [0x000001e244010000, 0x000001e244810000)

Polling page: 0x000001e22a9b0000

Metaspace:

Usage:
  Non-class:     25.60 MB capacity,    24.87 MB ( 97%) used,   620.88 KB (  2%) free+waste,   122.75 KB ( <1%) overhead. 
      Class:      4.30 MB capacity,     3.88 MB ( 90%) used,   367.74 KB (  8%) free+waste,    62.38 KB (  1%) overhead. 
       Both:     29.90 MB capacity,    28.75 MB ( 96%) used,   988.62 KB (  3%) free+waste,   185.13 KB ( <1%) overhead. 

Virtual space:
  Non-class space:       26.00 MB reserved,      25.75 MB (>99%) committed 
      Class space:        1.00 GB reserved,       4.38 MB ( <1%) committed 
             Both:        1.03 GB reserved,      30.13 MB (  3%) committed 

Chunk freelists:
   Non-Class:  3.75 KB
       Class:  1.50 KB
        Both:  5.25 KB

CodeHeap 'non-profiled nmethods': size=120064Kb used=1617Kb max_used=1617Kb free=118446Kb
 bounds [0x000001e23c8d0000, 0x000001e23cb40000, 0x000001e243e10000]
CodeHeap 'profiled nmethods': size=120000Kb used=7088Kb max_used=7088Kb free=112912Kb
 bounds [0x000001e2353a0000, 0x000001e235a90000, 0x000001e23c8d0000]
CodeHeap 'non-nmethods': size=5696Kb used=1171Kb max_used=1250Kb free=4524Kb
 bounds [0x000001e234e10000, 0x000001e235080000, 0x000001e2353a0000]
 total_blobs=4416 nmethods=3052 adapters=410
 compilation: enabled
              stopped_count=0, restarted_count=0
 full_count=0

Compilation events (10 events):
Event: 15.439 Thread 0x000001e247fcc800 3230       3       java.lang.Integer::toUnsignedString0 (78 bytes)
Event: 15.440 Thread 0x000001e247fcc800 nmethod 3230 0x000001e235a8c090 code [0x000001e235a8c280, 0x000001e235a8c760]
Event: 15.482 Thread 0x000001e247fcc800 3233       3       java.util.zip.ZipCoder$UTF8::toString (12 bytes)
Event: 15.482 Thread 0x000001e247fcc800 nmethod 3233 0x000001e235a8c910 code [0x000001e235a8cae0, 0x000001e235a8cd10]
Event: 15.482 Thread 0x000001e247fcc800 3234       3       java.util.jar.JarFile$$Lambda$310/0x00000008012f8840::apply (12 bytes)
Event: 15.483 Thread 0x000001e247fcc800 nmethod 3234 0x000001e235a8ce10 code [0x000001e235a8d000, 0x000001e235a8d530]
Event: 15.484 Thread 0x000001e247fcc800 3235   !   3       java.util.zip.ZipFile$ZipEntryIterator::next (76 bytes)
Event: 15.485 Thread 0x000001e247fcc800 nmethod 3235 0x000001e235a8d710 code [0x000001e235a8d940, 0x000001e235a8dff0]
Event: 15.485 Thread 0x000001e247fcc800 3236       3       java.lang.StringCoding::newStringUTF8NoRepl (56 bytes)
Event: 15.485 Thread 0x000001e247fcc800 nmethod 3236 0x000001e235a8e410 code [0x000001e235a8e620, 0x000001e235a8ebd0]

GC Heap History (10 events):
Event: 6.093 GC heap before
{Heap before GC invocations=4 (full 0):
 garbage-first heap   total 129024K, used 35539K [0x00000000e0000000, 0x0000000100000000)
  region size 1024K, 30 young (30720K), 3 survivors (3072K)
 Metaspace       used 20298K, capacity 21145K, committed 21248K, reserved 1067008K
  class space    used 2649K, capacity 2977K, committed 3072K, reserved 1048576K
}
Event: 6.104 GC heap after
{Heap after GC invocations=5 (full 0):
 garbage-first heap   total 129024K, used 10804K [0x00000000e0000000, 0x0000000100000000)
  region size 1024K, 4 young (4096K), 4 survivors (4096K)
 Metaspace       used 20298K, capacity 21145K, committed 21248K, reserved 1067008K
  class space    used 2649K, capacity 2977K, committed 3072K, reserved 1048576K
}
Event: 6.915 GC heap before
{Heap before GC invocations=6 (full 0):
 garbage-first heap   total 40960K, used 30260K [0x00000000e0000000, 0x0000000100000000)
  region size 1024K, 24 young (24576K), 4 survivors (4096K)
 Metaspace       used 22095K, capacity 23085K, committed 23296K, reserved 1069056K
  class space    used 2892K, capacity 3246K, committed 3328K, reserved 1048576K
}
Event: 6.925 GC heap after
{Heap after GC invocations=7 (full 0):
 garbage-first heap   total 40960K, used 12097K [0x00000000e0000000, 0x0000000100000000)
  region size 1024K, 3 young (3072K), 3 survivors (3072K)
 Metaspace       used 22095K, capacity 23085K, committed 23296K, reserved 1069056K
  class space    used 2892K, capacity 3246K, committed 3328K, reserved 1048576K
}
Event: 7.882 GC heap before
{Heap before GC invocations=7 (full 0):
 garbage-first heap   total 40960K, used 25409K [0x00000000e0000000, 0x0000000100000000)
  region size 1024K, 17 young (17408K), 3 survivors (3072K)
 Metaspace       used 23424K, capacity 24409K, committed 24704K, reserved 1071104K
  class space    used 3053K, capacity 3404K, committed 3456K, reserved 1048576K
}
Event: 7.887 GC heap after
{Heap after GC invocations=8 (full 0):
 garbage-first heap   total 40960K, used 12365K [0x00000000e0000000, 0x0000000100000000)
  region size 1024K, 2 young (2048K), 2 survivors (2048K)
 Metaspace       used 23424K, capacity 24409K, committed 24704K, reserved 1071104K
  class space    used 3053K, capacity 3404K, committed 3456K, reserved 1048576K
}
Event: 9.052 GC heap before
{Heap before GC invocations=8 (full 0):
 garbage-first heap   total 40960K, used 28749K [0x00000000e0000000, 0x0000000100000000)
  region size 1024K, 18 young (18432K), 2 survivors (2048K)
 Metaspace       used 25866K, capacity 26979K, committed 27264K, reserved 1073152K
  class space    used 3484K, capacity 3903K, committed 3968K, reserved 1048576K
}
Event: 9.058 GC heap after
{Heap after GC invocations=9 (full 0):
 garbage-first heap   total 40960K, used 13022K [0x00000000e0000000, 0x0000000100000000)
  region size 1024K, 3 young (3072K), 3 survivors (3072K)
 Metaspace       used 25866K, capacity 26979K, committed 27264K, reserved 1073152K
  class space    used 3484K, capacity 3903K, committed 3968K, reserved 1048576K
}
Event: 9.703 GC heap before
{Heap before GC invocations=9 (full 0):
 garbage-first heap   total 40960K, used 29406K [0x00000000e0000000, 0x0000000100000000)
  region size 1024K, 19 young (19456K), 3 survivors (3072K)
 Metaspace       used 27272K, capacity 28415K, committed 28544K, reserved 1073152K
  class space    used 3674K, capacity 4099K, committed 4224K, reserved 1048576K
}
Event: 9.710 GC heap after
{Heap after GC invocations=10 (full 0):
 garbage-first heap   total 40960K, used 14010K [0x00000000e0000000, 0x0000000100000000)
  region size 1024K, 3 young (3072K), 3 survivors (3072K)
 Metaspace       used 27272K, capacity 28415K, committed 28544K, reserved 1073152K
  class space    used 3674K, capacity 4099K, committed 4224K, reserved 1048576K
}

Deoptimization events (10 events):
Event: 13.916 Thread 0x000001e24c1f2800 Uncommon trap: reason=unstable_if action=reinterpret pc=0x000001e23c8fcd64 method=java.lang.String.isLatin1()Z @ 10 c2
Event: 13.917 Thread 0x000001e24c1f2800 Uncommon trap: reason=unstable_if action=reinterpret pc=0x000001e23ca1e1a0 method=java.lang.AbstractStringBuilder.appendChars(Ljava/lang/CharSequence;II)V @ 43 c2
Event: 13.917 Thread 0x000001e24c1f2800 Uncommon trap: reason=unstable_if action=reinterpret pc=0x000001e23c8f7c3c method=java.lang.AbstractStringBuilder.isLatin1()Z @ 10 c2
Event: 13.918 Thread 0x000001e24c1f2800 Uncommon trap: reason=unstable_if action=reinterpret pc=0x000001e23c8dc554 method=java.lang.StringLatin1.canEncode(I)Z @ 4 c2
Event: 13.921 Thread 0x000001e24c1f2800 Uncommon trap: reason=unstable_if action=reinterpret pc=0x000001e23c8f6c20 method=java.lang.String.isLatin1()Z @ 10 c2
Event: 13.921 Thread 0x000001e24c1f2800 Uncommon trap: reason=unstable_if action=reinterpret pc=0x000001e23ca24ae8 method=java.lang.String.substring(I)Ljava/lang/String; @ 43 c2
Event: 13.921 Thread 0x000001e24c1f2800 Uncommon trap: reason=unstable_if action=reinterpret pc=0x000001e23c9daa90 method=java.lang.String.indexOf([BBILjava/lang/String;I)I @ 62 c2
Event: 14.823 Thread 0x000001e24c1f2800 Uncommon trap: reason=unstable_if action=reinterpret pc=0x000001e23ca612e8 method=java.lang.StringUTF16.indexOfLatin1Unsafe([BI[BII)I @ 165 c2
Event: 14.825 Thread 0x000001e2488be800 Uncommon trap: reason=unstable_if action=reinterpret pc=0x000001e23c9053b0 method=java.lang.String.substring(II)Ljava/lang/String; @ 31 c2
Event: 14.831 Thread 0x000001e2488be800 Uncommon trap: reason=intrinsic_or_type_checked_inlining action=make_not_entrant pc=0x000001e23ca60a1c method=java.util.Arrays.copyOf([Ljava/lang/Object;ILjava/lang/Class;)[Ljava/lang/Object; @ 35 c2

Classes redefined (0 events):
No events

Internal exceptions (10 events):
Event: 15.240 Thread 0x000001e2488be800 Exception <a 'java/lang/ClassNotFoundException'{0x00000000e20ba650}: java/lang/ObjectCustomizer> (0x00000000e20ba650) thrown at [t:/workspace/open/src/hotspot/share/classfile/systemDictionary.cpp, line 235]
Event: 15.243 Thread 0x000001e2488be800 Exception <a 'java/lang/ClassNotFoundException'{0x00000000e20d7d48}: org/springframework/boot/autoconfigure/mongo/MongoReactiveAutoConfiguration$NettyDriverConfigurationCustomizer> (0x00000000e20d7d48) thrown at [t:/workspace/open/src/hotspot/share/classf
Event: 15.248 Thread 0x000001e2488be800 Exception <a 'java/lang/ClassNotFoundException'{0x00000000e20e00d0}: java/lang/ObjectCustomizer> (0x00000000e20e00d0) thrown at [t:/workspace/open/src/hotspot/share/classfile/systemDictionary.cpp, line 235]
Event: 15.251 Thread 0x000001e2488be800 Exception <a 'java/lang/ClassNotFoundException'{0x00000000e1f009c0}: org/springframework/boot/autoconfigure/mongo/MongoReactiveAutoConfiguration$NettyDriverMongoClientSettingsBuilderCustomizerCustomizer> (0x00000000e1f009c0) thrown at [t:/workspace/open/s
Event: 15.254 Thread 0x000001e2488be800 Exception <a 'java/lang/ClassNotFoundException'{0x00000000e1f1c668}: org/springframework/boot/autoconfigure/mongo/MongoClientSettingsBuilderCustomizerCustomizer> (0x00000000e1f1c668) thrown at [t:/workspace/open/src/hotspot/share/classfile/systemDictionar
Event: 15.255 Thread 0x000001e2488be800 Exception <a 'java/lang/ClassNotFoundException'{0x00000000e1f2ffd0}: org/springframework/beans/factory/DisposableBeanCustomizer> (0x00000000e1f2ffd0) thrown at [t:/workspace/open/src/hotspot/share/classfile/systemDictionary.cpp, line 235]
Event: 15.261 Thread 0x000001e2488be800 Exception <a 'java/lang/ClassNotFoundException'{0x00000000e1f3a378}: java/lang/ObjectCustomizer> (0x00000000e1f3a378) thrown at [t:/workspace/open/src/hotspot/share/classfile/systemDictionary.cpp, line 235]
Event: 15.263 Thread 0x000001e2488be800 Exception <a 'java/lang/ClassNotFoundException'{0x00000000e1f56388}: org/springframework/boot/autoconfigure/mongo/MongoPropertiesClientSettingsBuilderCustomizerCustomizer> (0x00000000e1f56388) thrown at [t:/workspace/open/src/hotspot/share/classfile/syste
Event: 15.268 Thread 0x000001e2488be800 Exception <a 'java/lang/ClassNotFoundException'{0x00000000e1f71588}: org/springframework/boot/autoconfigure/mongo/MongoClientSettingsBuilderCustomizerCustomizer> (0x00000000e1f71588) thrown at [t:/workspace/open/src/hotspot/share/classfile/systemDictionar
Event: 15.269 Thread 0x000001e2488be800 Exception <a 'java/lang/ClassNotFoundException'{0x00000000e1f822f0}: org/springframework/core/OrderedCustomizer> (0x00000000e1f822f0) thrown at [t:/workspace/open/src/hotspot/share/classfile/systemDictionary.cpp, line 235]

Events (10 events):
Event: 15.596 loading class io/netty/util/internal/shaded/org/jctools/queues/MpscChunkedArrayQueueColdProducerFields
Event: 15.596 loading class io/netty/util/internal/shaded/org/jctools/queues/MpscChunkedArrayQueueColdProducerFields done
Event: 15.596 loading class io/netty/util/internal/shaded/org/jctools/queues/BaseMpscLinkedArrayQueue
Event: 15.596 loading class io/netty/util/internal/shaded/org/jctools/queues/BaseMpscLinkedArrayQueue done
Event: 15.617 loading class io/netty/util/internal/shaded/org/jctools/queues/BaseMpscLinkedArrayQueueColdProducerFields
Event: 15.617 loading class io/netty/util/internal/shaded/org/jctools/queues/BaseMpscLinkedArrayQueueColdProducerFields done
Event: 15.618 loading class io/netty/util/internal/shaded/org/jctools/queues/BaseMpscLinkedArrayQueuePad3
Event: 15.618 loading class io/netty/util/internal/shaded/org/jctools/queues/BaseMpscLinkedArrayQueuePad3 done
Event: 15.619 loading class io/netty/util/internal/shaded/org/jctools/queues/BaseMpscLinkedArrayQueueConsumerFields
Event: 15.619 loading class io/netty/util/internal/shaded/org/jctools/queues/BaseMpscLinkedArrayQueueConsumerFields done


Dynamic libraries:
0x00007ff711670000 - 0x00007ff71167f000 	C:\Program Files\Java\jdk-12.0.1\bin\java.exe
0x00007fff07760000 - 0x00007fff07950000 	C:\WINDOWS\SYSTEM32\ntdll.dll
0x00007fff06830000 - 0x00007fff068e2000 	C:\WINDOWS\System32\KERNEL32.DLL
0x00007fff046d0000 - 0x00007fff04975000 	C:\WINDOWS\System32\KERNELBASE.dll
0x00007fff04ad0000 - 0x00007fff04bca000 	C:\WINDOWS\System32\ucrtbase.dll
0x00007ffefcfe0000 - 0x00007ffefcff6000 	C:\Program Files\Java\jdk-12.0.1\bin\VCRUNTIME140.dll
0x00007ffeff960000 - 0x00007ffeff978000 	C:\Program Files\Java\jdk-12.0.1\bin\jli.dll
0x00007fff063b0000 - 0x00007fff06453000 	C:\WINDOWS\System32\ADVAPI32.dll
0x00007fff05840000 - 0x00007fff058de000 	C:\WINDOWS\System32\msvcrt.dll
0x00007fff064e0000 - 0x00007fff06577000 	C:\WINDOWS\System32\sechost.dll
0x00007fff072c0000 - 0x00007fff073e0000 	C:\WINDOWS\System32\RPCRT4.dll
0x00007fff06d70000 - 0x00007fff06f04000 	C:\WINDOWS\System32\USER32.dll
0x00007fff04bd0000 - 0x00007fff04bf1000 	C:\WINDOWS\System32\win32u.dll
0x00007fff061f0000 - 0x00007fff06216000 	C:\WINDOWS\System32\GDI32.dll
0x00007fff053e0000 - 0x00007fff05576000 	C:\WINDOWS\System32\gdi32full.dll
0x00007fff049a0000 - 0x00007fff04a3e000 	C:\WINDOWS\System32\msvcp_win.dll
0x00007ffef71d0000 - 0x00007ffef7454000 	C:\WINDOWS\WinSxS\amd64_microsoft.windows.common-controls_6595b64144ccf1df_6.0.18362.1256_none_9e7e379be45e40e2\COMCTL32.dll
0x00007fff073e0000 - 0x00007fff07716000 	C:\WINDOWS\System32\combase.dll
0x00007fff04a40000 - 0x00007fff04ac1000 	C:\WINDOWS\System32\bcryptPrimitives.dll
0x00007fff04150000 - 0x00007fff0415a000 	C:\WINDOWS\SYSTEM32\VERSION.dll
0x00007fff05810000 - 0x00007fff0583e000 	C:\WINDOWS\System32\IMM32.DLL
0x00007fff04160000 - 0x00007fff04196000 	C:\WINDOWS\system32\DriverStore\FileRepository\nvfm.inf_amd64_76974c92c44bbb6b\nvinitx.dll
0x00007fff05a80000 - 0x00007fff06167000 	C:\WINDOWS\System32\Shell32.dll
0x00007fff05390000 - 0x00007fff053da000 	C:\WINDOWS\System32\cfgmgr32.dll
0x00007fff06720000 - 0x00007fff067c9000 	C:\WINDOWS\System32\shcore.dll
0x00007fff04c00000 - 0x00007fff05381000 	C:\WINDOWS\System32\windows.storage.dll
0x00007fff046a0000 - 0x00007fff046c3000 	C:\WINDOWS\System32\profapi.dll
0x00007fff04610000 - 0x00007fff0465a000 	C:\WINDOWS\System32\powrprof.dll
0x00007fff04600000 - 0x00007fff04610000 	C:\WINDOWS\System32\UMPDC.dll
0x00007fff06f10000 - 0x00007fff06f62000 	C:\WINDOWS\System32\shlwapi.dll
0x00007fff04660000 - 0x00007fff04671000 	C:\WINDOWS\System32\kernel.appcore.dll
0x00007fff04980000 - 0x00007fff04997000 	C:\WINDOWS\System32\cryptsp.dll
0x0000000059e00000 - 0x0000000059e06000 	C:\Program Files\NVIDIA Corporation\CoProcManager\_etoured.dll
0x00007ffef9da0000 - 0x00007ffef9de3000 	C:\Program Files\NVIDIA Corporation\CoProcManager\nvd3d9wrapx.dll
0x00007fff068f0000 - 0x00007fff06d60000 	C:\WINDOWS\System32\SETUPAPI.dll
0x00007fff05580000 - 0x00007fff055a6000 	C:\WINDOWS\System32\bcrypt.dll
0x00007fff031b0000 - 0x00007fff031d0000 	C:\WINDOWS\SYSTEM32\dxcore.dll
0x00007ffef9d70000 - 0x00007ffef9d9d000 	C:\Program Files\NVIDIA Corporation\CoProcManager\nvdxgiwrapx.dll
0x00007ffee9230000 - 0x00007ffee92da000 	C:\Program Files\Java\jdk-12.0.1\bin\msvcp140.dll
0x00007ffee86b0000 - 0x00007ffee9224000 	C:\Program Files\Java\jdk-12.0.1\bin\server\jvm.dll
0x00007fff06d60000 - 0x00007fff06d68000 	C:\WINDOWS\System32\PSAPI.DLL
0x00007ffee1df0000 - 0x00007ffee1df9000 	C:\WINDOWS\SYSTEM32\WSOCK32.dll
0x00007fff06f70000 - 0x00007fff06fdf000 	C:\WINDOWS\System32\WS2_32.dll
0x00007fff007d0000 - 0x00007fff007f4000 	C:\WINDOWS\SYSTEM32\WINMM.dll
0x00007fff007a0000 - 0x00007fff007cd000 	C:\WINDOWS\SYSTEM32\WINMMBASE.dll
0x00007ffef6d60000 - 0x00007ffef6d71000 	C:\Program Files\Java\jdk-12.0.1\bin\verify.dll
0x00007fff02f30000 - 0x00007fff03124000 	C:\WINDOWS\SYSTEM32\DBGHELP.DLL
0x00007ffef0f00000 - 0x00007ffef0f2a000 	C:\WINDOWS\SYSTEM32\dbgcore.DLL
0x00007ffef6d30000 - 0x00007ffef6d56000 	C:\Program Files\Java\jdk-12.0.1\bin\java.dll
0x00007ffef6b50000 - 0x00007ffef6b67000 	C:\Program Files\Java\jdk-12.0.1\bin\zip.dll
0x00007fff00ee0000 - 0x00007fff00eea000 	C:\Program Files\Java\jdk-12.0.1\bin\jimage.dll
0x00007ffef62b0000 - 0x00007ffef62c9000 	C:\Program Files\Java\jdk-12.0.1\bin\net.dll
0x00007ffef8d10000 - 0x00007ffef8e00000 	C:\WINDOWS\SYSTEM32\WINHTTP.dll
0x00007ffef7fa0000 - 0x00007ffef8176000 	C:\WINDOWS\SYSTEM32\urlmon.dll
0x00007ffef77e0000 - 0x00007ffef7a87000 	C:\WINDOWS\SYSTEM32\iertutil.dll
0x00007fff03f30000 - 0x00007fff03f3c000 	C:\WINDOWS\SYSTEM32\CRYPTBASE.DLL
0x00007fff03db0000 - 0x00007fff03e17000 	C:\WINDOWS\system32\mswsock.dll
0x00007ffef6290000 - 0x00007ffef62a3000 	C:\Program Files\Java\jdk-12.0.1\bin\nio.dll
0x00007fff038d0000 - 0x00007fff03903000 	C:\WINDOWS\system32\rsaenh.dll
0x00007fff04520000 - 0x00007fff04545000 	C:\WINDOWS\SYSTEM32\USERENV.dll
0x00007fff03a70000 - 0x00007fff03aaa000 	C:\WINDOWS\SYSTEM32\IPHLPAPI.DLL
0x00007fff06460000 - 0x00007fff06468000 	C:\WINDOWS\System32\NSI.dll
0x00007ffefa500000 - 0x00007ffefa516000 	C:\WINDOWS\SYSTEM32\dhcpcsvc6.DLL
0x00007ffefa4e0000 - 0x00007ffefa4fc000 	C:\WINDOWS\SYSTEM32\dhcpcsvc.DLL
0x00007fff03ab0000 - 0x00007fff03b7b000 	C:\WINDOWS\SYSTEM32\DNSAPI.dll
0x00007ffeff010000 - 0x00007ffeff019000 	C:\Program Files\Java\jdk-12.0.1\bin\management.dll
0x00007ffefef70000 - 0x00007ffefef7c000 	C:\Program Files\Java\jdk-12.0.1\bin\management_ext.dll
0x00007ffef0c30000 - 0x00007ffef0c46000 	C:\WINDOWS\system32\napinsp.dll
0x00007ffeef630000 - 0x00007ffeef64a000 	C:\WINDOWS\system32\pnrpnsp.dll
0x00007ffeef620000 - 0x00007ffeef62e000 	C:\WINDOWS\System32\winrnr.dll
0x00007fff00ec0000 - 0x00007fff00edc000 	C:\WINDOWS\system32\NLAapi.dll
0x00007fff00580000 - 0x00007fff00595000 	C:\WINDOWS\system32\wshbth.dll
0x00007ffef8c70000 - 0x00007ffef8c7a000 	C:\Windows\System32\rasadhlp.dll
0x00007ffefa170000 - 0x00007ffefa1e7000 	C:\WINDOWS\System32\fwpuclnt.dll
0x00007fff035b0000 - 0x00007fff035e1000 	C:\WINDOWS\SYSTEM32\ntmarta.dll
0x00007fff02400000 - 0x00007fff0248f000 	C:\WINDOWS\system32\apphelp.dll

dbghelp: loaded successfully - version: 4.0.5 - missing functions: none
symbol engine: initialized successfully - sym options: 0x614 - pdb path: .;C:\Program Files\Java\jdk-12.0.1\bin;C:\WINDOWS\SYSTEM32;C:\WINDOWS\WinSxS\amd64_microsoft.windows.common-controls_6595b64144ccf1df_6.0.18362.1256_none_9e7e379be45e40e2;C:\WINDOWS\system32\DriverStore\FileRepository\nvfm.inf_amd64_76974c92c44bbb6b;C:\Program Files\NVIDIA Corporation\CoProcManager;C:\Program Files\Java\jdk-12.0.1\bin\server

VM Arguments:
jvm_args: -Dorg.gradle.native=false -Xmx512m -Dfile.encoding=windows-1251 -Duser.country=RU -Duser.language=ru -Duser.variant -ea 
java_command: worker.org.gradle.process.internal.worker.GradleWorkerMain 'Gradle Test Executor 5'
java_class_path (initial): C:\\Gradle\\gradle-5.5\\caches\\6.7.1\\workerMain\\gradle-worker.jar;D:\\testExercise\\build\\classes\\java\\test;D:\\testExercise\\build\\resources\\test;D:\\testExercise\\build\\classes\\java\\main;D:\\testExercise\\build\\resources\\main;C:\\Gradle\\gradle-5.5\\caches\\modules-2\\files-2.1\\org.springframework.boot\\spring-boot-starter-data-mongodb-reactive\\2.4.1\\655a05dfabfab178a2365c40b762f2be67698d36\\spring-boot-starter-data-mongodb-reactive-2.4.1.jar;C:\\Gradle\\gradle-5.5\\caches\\modules-2\\files-2.1\\org.springframework.boot\\spring-boot-starter-webflux\\2.4.1\\e54535216a6b6becffc044fd8abff3e6011e576d\\spring-boot-starter-webflux-2.4.1.jar;C:\\Gradle\\gradle-5.5\\caches\\modules-2\\files-2.1\\org.springframework.boot\\spring-boot-starter-test\\2.4.1\\50147ab5f3b431a397d27e2c0af313b9147cd058\\spring-boot-starter-test-2.4.1.jar;C:\\Gradle\\gradle-5.5\\caches\\modules-2\\files-2.1\\de.flapdoodle.embed\\de.flapdoodle.embed.mongo\\2.2.0\\781d14f4e3d9eeb0b4c3e00a4ec165a04b3dc5c4\\de.flapdoodle.embed.mongo-2.2.0.jar;C:\\Gradle\\gradle-5.5\\caches\\modules-2\\files-2.1\\io.projectreactor\\reactor-test\\3.4.1\\ec8cef652db7d41ebf5967910872367b5423e989\\reactor-test-3.4.1.jar;C:\\Gradle\\gradle-5.5\\caches\\modules-2\\files-2.1\\org.springframework.boot\\spring-boot-starter-json\\2.4.1\\5a4b7088c88be531cb416ef218da3e19309f8cea\\spring-boot-starter-json-2.4.1.jar;C:\\Gradle\\gradle-5.5\\caches\\modules-2\\files-2.1\\org.springframework.boot\\spring-boot-starter\\2.4.1\\15d81ffe81e26de37986d491e1cf4c1e3a324ca3\\spring-boot-starter-2.4.1.jar;C:\\Gradle\\gradle-5.5\\caches\\modules-2\\files-2.1\\org.springframework\\spring-webflux\\5.3.2\\63fe694e07b0430991671eebac9fbb0ffba08483\\spring-webflux-5.3.2.jar;C:\\Gradle\\gradle-5.5\\caches\\modules-2\\files-2.1\\org.springframework.boot\\spring-boot-starter-reactor-netty\\2.4.1\\f4e512e25c75839c946b26756e18e7bee4307091\\spring-boot-starter-reactor-netty-2.4.1.jar;C:\\Gradle\\gradle-5.5\\caches\
Launcher Type: SUN_STANDARD

[Global flags]
     intx CICompilerCount                          = 3                                         {product} {ergonomic}
     uint ConcGCThreads                            = 1                                         {product} {ergonomic}
     uint G1ConcRefinementThreads                  = 4                                         {product} {ergonomic}
   size_t G1HeapRegionSize                         = 1048576                                   {product} {ergonomic}
    uintx GCDrainStackTargetSize                   = 64                                        {product} {ergonomic}
   size_t InitialHeapSize                          = 132120576                                 {product} {ergonomic}
   size_t MarkStackSize                            = 4194304                                   {product} {ergonomic}
   size_t MaxHeapSize                              = 536870912                                 {product} {command line}
   size_t MaxNewSize                               = 321912832                                 {product} {ergonomic}
   size_t MinHeapDeltaBytes                        = 1048576                                   {product} {ergonomic}
    uintx NonNMethodCodeHeapSize                   = 5830732                                {pd product} {ergonomic}
    uintx NonProfiledCodeHeapSize                  = 122913754                              {pd product} {ergonomic}
    uintx ProfiledCodeHeapSize                     = 122913754                              {pd product} {ergonomic}
    uintx ReservedCodeCacheSize                    = 251658240                              {pd product} {ergonomic}
     bool SegmentedCodeCache                       = true                                      {product} {ergonomic}
     bool UseCompressedClassPointers               = true                                 {lp64_product} {ergonomic}
     bool UseCompressedOops                        = true                                 {lp64_product} {ergonomic}
     bool UseG1GC                                  = true                                      {product} {ergonomic}
     bool UseLargePagesIndividualAllocation        = false                                  {pd product} {ergonomic}

Logging:
Log output configuration:
 #0: stdout all=warning uptime,level,tags
 #1: stderr all=off uptime,level,tags

Environment Variables:
JAVA_HOME=C:\Program Files\Java\jdk-12.0.1
PATH=C:\ProgramData\DockerDesktop\version-bin;C:\Program Files\Docker\Docker\Resources\bin;C:\WINDOWS\system32;C:\WINDOWS;C:\WINDOWS\System32\Wbem;C:\WINDOWS\System32\WindowsPowerShell\v1.0\;C:\WINDOWS\System32\OpenSSH\;C:\Program Files\Git\cmd;C:\Gradle\gradle-5.5\bin;C:\Go\bin;C:\Program Files\MySQL\MySQL Shell 8.0\bin\;C:\Users\Diana\AppData\Local\Microsoft\WindowsApps;;C:\Program Files\JetBrains\IntelliJ IDEA Community Edition 2019.1.3\bin;;C:\Users\Diana\go\bin;C:\Users\Diana\AppData\Local\Programs\Microsoft VS Code\bin
USERNAME=Diana
OS=Windows_NT
PROCESSOR_IDENTIFIER=Intel64 Family 6 Model 42 Stepping 7, GenuineIntel



---------------  S Y S T E M  ---------------

OS: Windows 10 , 64 bit Build 18362 (10.0.18362.1110)

CPU:total 4 (initial active 4) (2 cores per cpu, 2 threads per core) family 6 model 42 stepping 7, cmov, cx8, fxsr, mmx, sse, sse2, sse3, ssse3, sse4.1, sse4.2, popcnt, avx, clmul, ht, tsc, tscinvbit

Memory: 4k page, system-wide physical 8048M (934M free)
TotalPageFile size 8848M (AvailPageFile size 1M)
current process WorkingSet (physical memory assigned to process): 147M, peak: 186M
current process commit charge ("private bytes"): 179M, peak: 260M

vm_info: Java HotSpot(TM) 64-Bit Server VM (12.0.1+12) for windows-amd64 JRE (12.0.1+12), built on Apr  2 2019 14:02:19 by "mach5one" with MS VC++ 15.5 (VS2017)

END.
