#
# There is insufficient memory for the Java Runtime Environment to continue.
# Native memory allocation (malloc) failed to allocate 1019376 bytes for Chunk::new
# Possible reasons:
#   The system is out of physical RAM or swap space
#   The process is running with CompressedOops enabled, and the Java Heap may be blocking the growth of the native heap
# Possible solutions:
#   Reduce memory load on the system
#   Increase physical memory or swap space
#   Check if swap backing store is full
#   Decrease Java heap size (-Xmx/-Xms)
#   Decrease number of Java threads
#   Decrease Java thread stack sizes (-Xss)
#   Set larger code cache with -XX:ReservedCodeCacheSize=
#   JVM is running with Unscaled Compressed Oops mode in which the Java heap is
#     placed in the first 4GB address space. The Java Heap base address is the
#     maximum limit for the native heap growth. Please use -XX:HeapBaseMinAddress
#     to set the Java Heap base and to place the Java Heap above 4GB virtual address.
# This output file may be truncated or incomplete.
#
#  Out of Memory Error (t:/workspace/open/src/hotspot/share/memory/arena.cpp:197), pid=1076, tid=9668
#
# JRE version: Java(TM) SE Runtime Environment (12.0.1+12) (build 12.0.1+12)
# Java VM: Java HotSpot(TM) 64-Bit Server VM (12.0.1+12, mixed mode, sharing, tiered, compressed oops, g1 gc, windows-amd64)
# No core dump will be written. Minidumps are not enabled by default on client versions of Windows
#

---------------  S U M M A R Y ------------

Command Line: -Dorg.gradle.native=false -Xmx512m -Dfile.encoding=windows-1251 -Duser.country=RU -Duser.language=ru -Duser.variant -ea worker.org.gradle.process.internal.worker.GradleWorkerMain 'Gradle Test Executor 1'

Host: Intel(R) Core(TM) i3-2328M CPU @ 2.20GHz, 4 cores, 7G,  Windows 10 , 64 bit Build 18362 (10.0.18362.1110)
Time: Sat Jan  9 17:37:23 2021 Oeieyiaey (ceia) elapsed time: 30 seconds (0d 0h 0m 30s)

---------------  T H R E A D  ---------------

Current thread (0x000002bbc04a1000):  JavaThread "C2 CompilerThread1" daemon [_thread_in_native, id=9668, stack(0x000000f559300000,0x000000f559400000)]


Current CompileTask:
C2:  30176 3757       4       org.springframework.boot.context.properties.source.ConfigurationPropertyName$ElementsParser::parse (234 bytes)

Stack: [0x000000f559300000,0x000000f559400000]
Native frames: (J=compiled Java code, j=interpreted, Vv=VM code, C=native code)
V  [jvm.dll+0x63948a]
V  [jvm.dll+0x78b31f]
V  [jvm.dll+0x78c9c1]
V  [jvm.dll+0x78d013]
V  [jvm.dll+0x262138]
V  [jvm.dll+0xc582c]
V  [jvm.dll+0xc5dac]
V  [jvm.dll+0x379662]
V  [jvm.dll+0x1aeff0]
V  [jvm.dll+0x21c142]
V  [jvm.dll+0x21b20a]
V  [jvm.dll+0x199890]
V  [jvm.dll+0x22a534]
V  [jvm.dll+0x228b88]
V  [jvm.dll+0x74f660]
V  [jvm.dll+0x748648]
V  [jvm.dll+0x638566]
C  [ucrtbase.dll+0x210b2]
C  [KERNEL32.DLL+0x17c24]
C  [ntdll.dll+0x6d4d1]


---------------  P R O C E S S  ---------------

Threads class SMR info:
_java_thread_list=0x000002bbc298ab30, length=20, elements={
0x000002bba036a800, 0x000002bbbce48800, 0x000002bbbce4b800, 0x000002bbbd65e800,
0x000002bbbd661800, 0x000002bbbd666000, 0x000002bbbd66c000, 0x000002bbbd679000,
0x000002bbbd7c2000, 0x000002bbbd7ca000, 0x000002bbbe090000, 0x000002bbbe0ca000,
0x000002bbbe0cb000, 0x000002bbbf13b000, 0x000002bbbe80d800, 0x000002bbc032d000,
0x000002bbc01b4800, 0x000002bbc04a1000, 0x000002bbc06ab800, 0x000002bbc1ece000
}

Java Threads: ( => current thread )
  0x000002bba036a800 JavaThread "main" [_thread_blocked, id=8984, stack(0x000000f557700000,0x000000f557800000)]
  0x000002bbbce48800 JavaThread "Reference Handler" daemon [_thread_blocked, id=7028, stack(0x000000f557e00000,0x000000f557f00000)]
  0x000002bbbce4b800 JavaThread "Finalizer" daemon [_thread_blocked, id=9800, stack(0x000000f557f00000,0x000000f558000000)]
  0x000002bbbd65e800 JavaThread "Signal Dispatcher" daemon [_thread_blocked, id=6456, stack(0x000000f558000000,0x000000f558100000)]
  0x000002bbbd661800 JavaThread "Attach Listener" daemon [_thread_blocked, id=3216, stack(0x000000f558100000,0x000000f558200000)]
  0x000002bbbd666000 JavaThread "C2 CompilerThread0" daemon [_thread_in_native, id=7700, stack(0x000000f558200000,0x000000f558300000)]
  0x000002bbbd66c000 JavaThread "C1 CompilerThread0" daemon [_thread_blocked, id=8560, stack(0x000000f558300000,0x000000f558400000)]
  0x000002bbbd679000 JavaThread "Sweeper thread" daemon [_thread_blocked, id=6220, stack(0x000000f558400000,0x000000f558500000)]
  0x000002bbbd7c2000 JavaThread "Service Thread" daemon [_thread_blocked, id=4900, stack(0x000000f558500000,0x000000f558600000)]
  0x000002bbbd7ca000 JavaThread "Common-Cleaner" daemon [_thread_blocked, id=7332, stack(0x000000f558700000,0x000000f558800000)]
  0x000002bbbe090000 JavaThread "Test worker" [_thread_in_vm, id=9480, stack(0x000000f558b00000,0x000000f558c00000)]
  0x000002bbbe0ca000 JavaThread "/127.0.0.1:51055 to /127.0.0.1:51048 workers Thread 2" [_thread_blocked, id=7180, stack(0x000000f558c00000,0x000000f558d00000)]
  0x000002bbbe0cb000 JavaThread "/127.0.0.1:51055 to /127.0.0.1:51048 workers Thread 3" [_thread_in_native, id=6908, stack(0x000000f558d00000,0x000000f558e00000)]
  0x000002bbbf13b000 JavaThread "Thread-4" daemon [_thread_in_native, id=3720, stack(0x000000f558e00000,0x000000f558f00000)]
  0x000002bbbe80d800 JavaThread "Thread-5" daemon [_thread_in_native, id=5704, stack(0x000000f559000000,0x000000f559100000)]
  0x000002bbc032d000 JavaThread "cluster-ClusterId{value='5ff9cdb189baf85ab426f254', description='null'}-localhost:51096" daemon [_thread_in_native, id=8912, stack(0x000000f559100000,0x000000f559200000)]
  0x000002bbc01b4800 JavaThread "cluster-rtt-ClusterId{value='5ff9cdb189baf85ab426f254', description='null'}-localhost:51096" daemon [_thread_blocked, id=9592, stack(0x000000f559200000,0x000000f559300000)]
=>0x000002bbc04a1000 JavaThread "C2 CompilerThread1" daemon [_thread_in_native, id=9668, stack(0x000000f559300000,0x000000f559400000)]
  0x000002bbc06ab800 JavaThread "boundedElastic-evictor-1" daemon [_thread_blocked, id=3064, stack(0x000000f559400000,0x000000f559500000)]
  0x000002bbc1ece000 JavaThread "boundedElastic-evictor-2" daemon [_thread_blocked, id=3652, stack(0x000000f559500000,0x000000f559600000)]

Other Threads:
  0x000002bbbce42000 VMThread "VM Thread" [stack: 0x000000f557d00000,0x000000f557e00000] [id=1156]
  0x000002bbbd7c6800 WatcherThread [stack: 0x000000f558600000,0x000000f558700000] [id=9984]
  0x000002bba038d800 GCTaskThread "GC Thread#0" [stack: 0x000000f557800000,0x000000f557900000] [id=8944]
  0x000002bbbdefe800 GCTaskThread "GC Thread#1" [stack: 0x000000f558900000,0x000000f558a00000] [id=8428]
  0x000002bbbe059000 GCTaskThread "GC Thread#2" [stack: 0x000000f558a00000,0x000000f558b00000] [id=10192]
  0x000002bbbe137800 GCTaskThread "GC Thread#3" [stack: 0x000000f558f00000,0x000000f559000000] [id=3240]
  0x000002bba0393000 ConcurrentGCThread "G1 Main Marker" [stack: 0x000000f557900000,0x000000f557a00000] [id=7868]
  0x000002bba0395000 ConcurrentGCThread "G1 Conc#0" [stack: 0x000000f557a00000,0x000000f557b00000] [id=7836]
  0x000002bbbccae800 ConcurrentGCThread "G1 Refine#0" [stack: 0x000000f557b00000,0x000000f557c00000] [id=7108]
  0x000002bbbccb5800 ConcurrentGCThread "G1 Young RemSet Sampling" [stack: 0x000000f557c00000,0x000000f557d00000] [id=10068]

Threads with active compile tasks:
C2 CompilerThread0  3776       4       org.springframework.core.annotation.AnnotationsScanner::getDeclaredAnnotations (166 bytes)
C1 CompilerThread0  3836       3       org.springframework.beans.factory.config.DependencyDescriptor::getDependencyType (123 bytes)
C2 CompilerThread1  3757       4       org.springframework.boot.context.properties.source.ConfigurationPropertyName$ElementsParser::parse (234 bytes)

VM state:not at safepoint (normal execution)

VM Mutex/Monitor currently owned by a thread: None

Heap address: 0x00000000e0000000, size: 512 MB, Compressed Oops mode: 32-bit
Narrow klass base: 0x0000000800000000, Narrow klass shift: 3
Compressed class space size: 1073741824 Address: 0x00000008011a0000

Heap:
 garbage-first heap   total 40960K, used 27995K [0x00000000e0000000, 0x0000000100000000)
  region size 1024K, 10 young (10240K), 1 survivors (1024K)
 Metaspace       used 37072K, capacity 38530K, committed 38656K, reserved 1083392K
  class space    used 5055K, capacity 5625K, committed 5632K, reserved 1048576K
Heap Regions: E=young(eden), S=young(survivor), O=old, HS=humongous(starts), HC=humongous(continues), CS=collection set, F=free, A=archive, TAMS=top-at-mark-start (previous, next)
|   0|0x00000000e0000000, 0x00000000e0100000, 0x00000000e0100000|100%| O|  |TAMS 0x00000000e0100000, 0x00000000e0000000| Untracked 
|   1|0x00000000e0100000, 0x00000000e0200000, 0x00000000e0200000|100%| O|  |TAMS 0x00000000e0200000, 0x00000000e0100000| Untracked 
|   2|0x00000000e0200000, 0x00000000e0300000, 0x00000000e0300000|100%| O|  |TAMS 0x00000000e0300000, 0x00000000e0200000| Untracked 
|   3|0x00000000e0300000, 0x00000000e0400000, 0x00000000e0400000|100%| O|  |TAMS 0x00000000e0400000, 0x00000000e0300000| Untracked 
|   4|0x00000000e0400000, 0x00000000e0500000, 0x00000000e0500000|100%| O|  |TAMS 0x00000000e0500000, 0x00000000e0400000| Untracked 
|   5|0x00000000e0500000, 0x00000000e0600000, 0x00000000e0600000|100%| O|  |TAMS 0x00000000e0600000, 0x00000000e0500000| Untracked 
|   6|0x00000000e0600000, 0x00000000e06aa800, 0x00000000e0700000| 66%| O|  |TAMS 0x00000000e06aa800, 0x00000000e0600000| Untracked 
|   7|0x00000000e0700000, 0x00000000e0800000, 0x00000000e0800000|100%| O|  |TAMS 0x00000000e0800000, 0x00000000e0700000| Untracked 
|   8|0x00000000e0800000, 0x00000000e0900000, 0x00000000e0900000|100%| O|  |TAMS 0x00000000e0900000, 0x00000000e0800000| Untracked 
|   9|0x00000000e0900000, 0x00000000e0a00000, 0x00000000e0a00000|100%| O|  |TAMS 0x00000000e0a00000, 0x00000000e0900000| Untracked 
|  10|0x00000000e0a00000, 0x00000000e0b00000, 0x00000000e0b00000|100%| O|  |TAMS 0x00000000e0b00000, 0x00000000e0a00000| Untracked 
|  11|0x00000000e0b00000, 0x00000000e0c00000, 0x00000000e0c00000|100%| O|  |TAMS 0x00000000e0c00000, 0x00000000e0b00000| Untracked 
|  12|0x00000000e0c00000, 0x00000000e0d00000, 0x00000000e0d00000|100%| O|  |TAMS 0x00000000e0d00000, 0x00000000e0c00000| Untracked 
|  13|0x00000000e0d00000, 0x00000000e0e00000, 0x00000000e0e00000|100%| O|  |TAMS 0x00000000e0e00000, 0x00000000e0d00000| Untracked 
|  14|0x00000000e0e00000, 0x00000000e0f00000, 0x00000000e0f00000|100%| O|  |TAMS 0x00000000e0efac00, 0x00000000e0e00000| Untracked 
|  15|0x00000000e0f00000, 0x00000000e1000000, 0x00000000e1000000|100%| O|  |TAMS 0x00000000e0f00000, 0x00000000e0f00000| Untracked 
|  16|0x00000000e1000000, 0x00000000e1100000, 0x00000000e1100000|100%| O|  |TAMS 0x00000000e1000000, 0x00000000e1000000| Untracked 
|  17|0x00000000e1100000, 0x00000000e1200000, 0x00000000e1200000|100%| O|  |TAMS 0x00000000e1100000, 0x00000000e1100000| Untracked 
|  18|0x00000000e1200000, 0x00000000e12bbc00, 0x00000000e1300000| 73%| O|  |TAMS 0x00000000e1200000, 0x00000000e1200000| Untracked 
|  19|0x00000000e1300000, 0x00000000e1300000, 0x00000000e1400000|  0%| F|  |TAMS 0x00000000e1300000, 0x00000000e1300000| Untracked 
|  20|0x00000000e1400000, 0x00000000e1400000, 0x00000000e1500000|  0%| F|  |TAMS 0x00000000e1400000, 0x00000000e1400000| Untracked 
|  21|0x00000000e1500000, 0x00000000e1500000, 0x00000000e1600000|  0%| F|  |TAMS 0x00000000e1500000, 0x00000000e1500000| Untracked 
|  22|0x00000000e1600000, 0x00000000e1600000, 0x00000000e1700000|  0%| F|  |TAMS 0x00000000e1600000, 0x00000000e1600000| Untracked 
|  23|0x00000000e1700000, 0x00000000e1700000, 0x00000000e1800000|  0%| F|  |TAMS 0x00000000e1700000, 0x00000000e1700000| Untracked 
|  24|0x00000000e1800000, 0x00000000e1800000, 0x00000000e1900000|  0%| F|  |TAMS 0x00000000e1800000, 0x00000000e1800000| Untracked 
|  25|0x00000000e1900000, 0x00000000e1900000, 0x00000000e1a00000|  0%| F|  |TAMS 0x00000000e1900000, 0x00000000e1900000| Untracked 
|  26|0x00000000e1a00000, 0x00000000e1a00000, 0x00000000e1b00000|  0%| F|  |TAMS 0x00000000e1a00000, 0x00000000e1a00000| Untracked 
|  27|0x00000000e1b00000, 0x00000000e1bf0938, 0x00000000e1c00000| 93%| S|CS|TAMS 0x00000000e1b00000, 0x00000000e1b00000| Complete 
|  28|0x00000000e1c00000, 0x00000000e1c00000, 0x00000000e1d00000|  0%| F|  |TAMS 0x00000000e1c00000, 0x00000000e1c00000| Untracked 
|  29|0x00000000e1d00000, 0x00000000e1d00000, 0x00000000e1e00000|  0%| F|  |TAMS 0x00000000e1d00000, 0x00000000e1d00000| Untracked 
|  30|0x00000000e1e00000, 0x00000000e1e00000, 0x00000000e1f00000|  0%| F|  |TAMS 0x00000000e1e00000, 0x00000000e1e00000| Untracked 
|  31|0x00000000e1f00000, 0x00000000e1f75a38, 0x00000000e2000000| 45%| E|  |TAMS 0x00000000e1f00000, 0x00000000e1f00000| Complete 
|  32|0x00000000e2000000, 0x00000000e2100000, 0x00000000e2100000|100%| E|CS|TAMS 0x00000000e2000000, 0x00000000e2000000| Complete 
|  33|0x00000000e2100000, 0x00000000e2200000, 0x00000000e2200000|100%| E|CS|TAMS 0x00000000e2100000, 0x00000000e2100000| Complete 
|  34|0x00000000e2200000, 0x00000000e2300000, 0x00000000e2300000|100%| E|CS|TAMS 0x00000000e2200000, 0x00000000e2200000| Complete 
|  89|0x00000000e5900000, 0x00000000e5a00000, 0x00000000e5a00000|100%| E|CS|TAMS 0x00000000e5900000, 0x00000000e5900000| Complete 
|  90|0x00000000e5a00000, 0x00000000e5b00000, 0x00000000e5b00000|100%| E|CS|TAMS 0x00000000e5a00000, 0x00000000e5a00000| Complete 
|  91|0x00000000e5b00000, 0x00000000e5c00000, 0x00000000e5c00000|100%| E|CS|TAMS 0x00000000e5b00000, 0x00000000e5b00000| Complete 
|  92|0x00000000e5c00000, 0x00000000e5d00000, 0x00000000e5d00000|100%| E|CS|TAMS 0x00000000e5c00000, 0x00000000e5c00000| Complete 
| 125|0x00000000e7d00000, 0x00000000e7e00000, 0x00000000e7e00000|100%| E|CS|TAMS 0x00000000e7d00000, 0x00000000e7d00000| Complete 

Card table byte_map: [0x000002bbb95f0000,0x000002bbb96f0000] _byte_map_base: 0x000002bbb8ef0000

Marking Bits (Prev, Next): (CMBitMap*) 0x000002bba038f398, (CMBitMap*) 0x000002bba038f3d8
 Prev Bits: [0x000002bbb97f0000, 0x000002bbb9ff0000)
 Next Bits: [0x000002bbb9ff0000, 0x000002bbba7f0000)

Polling page: 0x000002bba03c0000

Metaspace:

Usage:
  Non-class:     32.13 MB capacity,    31.27 MB ( 97%) used,   718.07 KB (  2%) free+waste,   166.56 KB ( <1%) overhead. 
      Class:      5.49 MB capacity,     4.94 MB ( 90%) used,   484.39 KB (  9%) free+waste,    84.44 KB (  2%) overhead. 
       Both:     37.63 MB capacity,    36.21 MB ( 96%) used,     1.17 MB (  3%) free+waste,   251.00 KB ( <1%) overhead. 

Virtual space:
  Non-class space:       34.00 MB reserved,      32.25 MB ( 95%) committed 
      Class space:        1.00 GB reserved,       5.50 MB ( <1%) committed 
             Both:        1.03 GB reserved,      37.75 MB (  4%) committed 

Chunk freelists:
   Non-Class:  6.88 KB
       Class:  0 bytes
        Both:  6.88 KB

CodeHeap 'non-profiled nmethods': size=120064Kb used=1891Kb max_used=1891Kb free=118173Kb
 bounds [0x000002bbb1980000, 0x000002bbb1bf0000, 0x000002bbb8ec0000]
CodeHeap 'profiled nmethods': size=120000Kb used=8971Kb max_used=8971Kb free=111028Kb
 bounds [0x000002bbaa450000, 0x000002bbaad20000, 0x000002bbb1980000]
CodeHeap 'non-nmethods': size=5696Kb used=1184Kb max_used=1214Kb free=4511Kb
 bounds [0x000002bba9ec0000, 0x000002bbaa130000, 0x000002bbaa450000]
 total_blobs=5206 nmethods=3678 adapters=433
 compilation: enabled
              stopped_count=0, restarted_count=0
 full_count=0

Compilation events (10 events):
Event: 30.040 Thread 0x000002bbbd66c000 nmethod 3799 0x000002bbaacdfc90 code [0x000002bbaace00e0, 0x000002bbaace1ea0]
Event: 30.136 Thread 0x000002bbbd66c000 3800       3       org.springframework.core.MethodParameter::getGenericParameterType (147 bytes)
Event: 30.139 Thread 0x000002bbbd66c000 nmethod 3800 0x000002bbaace2910 code [0x000002bbaace2ce0, 0x000002bbaace4b20]
Event: 30.141 Thread 0x000002bbbd66c000 3801       3       org.springframework.util.ReflectionUtils::findMethod (109 bytes)
Event: 30.143 Thread 0x000002bbbd66c000 nmethod 3801 0x000002bbaace5390 code [0x000002bbaace56a0, 0x000002bbaace64e0]
Event: 30.151 Thread 0x000002bbbd66c000 3802   !   3       com.sun.beans.introspect.MethodInfo::get (143 bytes)
Event: 30.155 Thread 0x000002bbbd66c000 nmethod 3802 0x000002bbaace6a90 code [0x000002bbaace6e20, 0x000002bbaace8630]
Event: 30.155 Thread 0x000002bbbd66c000 3803       3       java.lang.Class::getEnclosingMethodInfo (20 bytes)
Event: 30.155 Thread 0x000002bbbd66c000 nmethod 3803 0x000002bbaace8e10 code [0x000002bbaace9000, 0x000002bbaace92e0]
Event: 30.159 Thread 0x000002bbbd66c000 3805       3       java.beans.Introspector::processPropertyDescriptors (959 bytes)

GC Heap History (10 events):
Event: 27.934 GC heap before
{Heap before GC invocations=11 (full 0):
 garbage-first heap   total 40960K, used 30266K [0x00000000e0000000, 0x0000000100000000)
  region size 1024K, 18 young (18432K), 3 survivors (3072K)
 Metaspace       used 32422K, capacity 33536K, committed 33792K, reserved 1079296K
  class space    used 4377K, capacity 4802K, committed 4864K, reserved 1048576K
}
Event: 27.940 GC heap after
{Heap after GC invocations=12 (full 0):
 garbage-first heap   total 40960K, used 15914K [0x00000000e0000000, 0x0000000100000000)
  region size 1024K, 2 young (2048K), 2 survivors (2048K)
 Metaspace       used 32422K, capacity 33536K, committed 33792K, reserved 1079296K
  class space    used 4377K, capacity 4802K, committed 4864K, reserved 1048576K
}
Event: 28.478 GC heap before
{Heap before GC invocations=12 (full 0):
 garbage-first heap   total 40960K, used 31274K [0x00000000e0000000, 0x0000000100000000)
  region size 1024K, 17 young (17408K), 2 survivors (2048K)
 Metaspace       used 33987K, capacity 35252K, committed 35456K, reserved 1079296K
  class space    used 4626K, capacity 5123K, committed 5248K, reserved 1048576K
}
Event: 28.485 GC heap after
{Heap after GC invocations=13 (full 0):
 garbage-first heap   total 40960K, used 17290K [0x00000000e0000000, 0x0000000100000000)
  region size 1024K, 3 young (3072K), 3 survivors (3072K)
 Metaspace       used 33987K, capacity 35252K, committed 35456K, reserved 1079296K
  class space    used 4626K, capacity 5123K, committed 5248K, reserved 1048576K
}
Event: 28.703 GC heap before
{Heap before GC invocations=13 (full 0):
 garbage-first heap   total 40960K, used 21386K [0x00000000e0000000, 0x0000000100000000)
  region size 1024K, 8 young (8192K), 3 survivors (3072K)
 Metaspace       used 34445K, capacity 35739K, committed 35840K, reserved 1079296K
  class space    used 4706K, capacity 5202K, committed 5248K, reserved 1048576K
}
Event: 28.709 GC heap after
{Heap after GC invocations=14 (full 0):
 garbage-first heap   total 40960K, used 17805K [0x00000000e0000000, 0x0000000100000000)
  region size 1024K, 2 young (2048K), 2 survivors (2048K)
 Metaspace       used 34445K, capacity 35739K, committed 35840K, reserved 1079296K
  class space    used 4706K, capacity 5202K, committed 5248K, reserved 1048576K
}
Event: 29.358 GC heap before
{Heap before GC invocations=15 (full 0):
 garbage-first heap   total 40960K, used 32141K [0x00000000e0000000, 0x0000000100000000)
  region size 1024K, 16 young (16384K), 2 survivors (2048K)
 Metaspace       used 35515K, capacity 36894K, committed 36992K, reserved 1081344K
  class space    used 4860K, capacity 5417K, committed 5504K, reserved 1048576K
}
Event: 29.368 GC heap after
{Heap after GC invocations=16 (full 0):
 garbage-first heap   total 40960K, used 18777K [0x00000000e0000000, 0x0000000100000000)
  region size 1024K, 2 young (2048K), 2 survivors (2048K)
 Metaspace       used 35515K, capacity 36894K, committed 36992K, reserved 1081344K
  class space    used 4860K, capacity 5417K, committed 5504K, reserved 1048576K
}
Event: 29.914 GC heap before
{Heap before GC invocations=16 (full 0):
 garbage-first heap   total 40960K, used 31065K [0x00000000e0000000, 0x0000000100000000)
  region size 1024K, 14 young (14336K), 2 survivors (2048K)
 Metaspace       used 36646K, capacity 38074K, committed 38400K, reserved 1081344K
  class space    used 5004K, capacity 5558K, committed 5632K, reserved 1048576K
}
Event: 29.921 GC heap after
{Heap after GC invocations=17 (full 0):
 garbage-first heap   total 40960K, used 19803K [0x00000000e0000000, 0x0000000100000000)
  region size 1024K, 1 young (1024K), 1 survivors (1024K)
 Metaspace       used 36646K, capacity 38074K, committed 38400K, reserved 1081344K
  class space    used 5004K, capacity 5558K, committed 5632K, reserved 1048576K
}

Deoptimization events (10 events):
Event: 28.293 Thread 0x000002bbbe090000 Uncommon trap: reason=unstable_if action=reinterpret pc=0x000002bbb1b24c8c method=org.springframework.util.ConcurrentReferenceHashMap$Segment.clear()V @ 7 c2
Event: 28.756 Thread 0x000002bbbe090000 Uncommon trap: reason=class_check action=maybe_recompile pc=0x000002bbb1b04370 method=org.springframework.beans.factory.support.AbstractBeanFactory.isTypeMatch(Ljava/lang/String;Lorg/springframework/core/ResolvableType;Z)Z @ 53 c2
Event: 28.855 Thread 0x000002bbbe090000 Uncommon trap: reason=predicate action=maybe_recompile pc=0x000002bbb1b31a4c method=java.util.AbstractCollection.toArray([Ljava/lang/Object;)[Ljava/lang/Object; @ 43 c2
Event: 28.911 Thread 0x000002bbbe090000 Uncommon trap: reason=class_check action=maybe_recompile pc=0x000002bbb1b04370 method=org.springframework.beans.factory.support.AbstractBeanFactory.isTypeMatch(Ljava/lang/String;Lorg/springframework/core/ResolvableType;Z)Z @ 53 c2
Event: 28.916 Thread 0x000002bbbe090000 Uncommon trap: reason=class_check action=maybe_recompile pc=0x000002bbb1b04370 method=org.springframework.beans.factory.support.AbstractBeanFactory.isTypeMatch(Ljava/lang/String;Lorg/springframework/core/ResolvableType;Z)Z @ 53 c2
Event: 28.917 Thread 0x000002bbbe090000 Uncommon trap: reason=class_check action=maybe_recompile pc=0x000002bbb1b04370 method=org.springframework.beans.factory.support.AbstractBeanFactory.isTypeMatch(Ljava/lang/String;Lorg/springframework/core/ResolvableType;Z)Z @ 53 c2
Event: 29.122 Thread 0x000002bbbe090000 Uncommon trap: reason=array_check action=maybe_recompile pc=0x000002bbb1b34828 method=java.util.AbstractCollection.toArray([Ljava/lang/Object;)[Ljava/lang/Object; @ 116 c2
Event: 29.124 Thread 0x000002bbbe090000 Uncommon trap: reason=array_check action=maybe_recompile pc=0x000002bbb1b34828 method=java.util.AbstractCollection.toArray([Ljava/lang/Object;)[Ljava/lang/Object; @ 116 c2
Event: 29.125 Thread 0x000002bbbe090000 Uncommon trap: reason=array_check action=maybe_recompile pc=0x000002bbb1b34828 method=java.util.AbstractCollection.toArray([Ljava/lang/Object;)[Ljava/lang/Object; @ 116 c2
Event: 29.126 Thread 0x000002bbbe090000 Uncommon trap: reason=array_check action=maybe_recompile pc=0x000002bbb1b34828 method=java.util.AbstractCollection.toArray([Ljava/lang/Object;)[Ljava/lang/Object; @ 116 c2

Classes redefined (0 events):
No events

Internal exceptions (10 events):
Event: 30.036 Thread 0x000002bbbe090000 Exception <a 'java/lang/ClassNotFoundException'{0x00000000e5b43f20}: org.springframework.web.reactive.accept.RequestedContentTypeResolverBuilder$$Lambda$1006/0x0000000801704840Customizer> (0x00000000e5b43f20) thrown at [t:/workspace/open/src/hotspot/share
Event: 30.038 Thread 0x000002bbbe090000 Exception <a 'java/lang/ClassNotFoundException'{0x00000000e5b5b5c8}: org/springframework/web/reactive/accept/RequestedContentTypeResolverCustomizer> (0x00000000e5b5b5c8) thrown at [t:/workspace/open/src/hotspot/share/classfile/systemDictionary.cpp, line 2
Event: 30.144 Thread 0x000002bbbe090000 Exception <a 'java/lang/ClassNotFoundException'{0x00000000e5a45820}: java/lang/ObjectCustomizer> (0x00000000e5a45820) thrown at [t:/workspace/open/src/hotspot/share/classfile/systemDictionary.cpp, line 235]
Event: 30.146 Thread 0x000002bbbe090000 Exception <a 'java/lang/ClassNotFoundException'{0x00000000e5a5c268}: org/springframework/context/support/ApplicationObjectSupportCustomizer> (0x00000000e5a5c268) thrown at [t:/workspace/open/src/hotspot/share/classfile/systemDictionary.cpp, line 235]
Event: 30.149 Thread 0x000002bbbe090000 Exception <a 'java/lang/ClassNotFoundException'{0x00000000e5a733f8}: org/springframework/web/reactive/handler/AbstractHandlerMappingCustomizer> (0x00000000e5a733f8) thrown at [t:/workspace/open/src/hotspot/share/classfile/systemDictionary.cpp, line 235]
Event: 30.151 Thread 0x000002bbbe090000 Exception <a 'java/lang/ClassNotFoundException'{0x00000000e5a93770}: org/springframework/web/reactive/result/method/AbstractHandlerMethodMappingCustomizer> (0x00000000e5a93770) thrown at [t:/workspace/open/src/hotspot/share/classfile/systemDictionary.cpp,
Event: 30.154 Thread 0x000002bbbe090000 Exception <a 'java/lang/ClassNotFoundException'{0x00000000e5ab0500}: org/springframework/web/reactive/result/method/RequestMappingInfoHandlerMappingCustomizer> (0x00000000e5ab0500) thrown at [t:/workspace/open/src/hotspot/share/classfile/systemDictionary.
Event: 30.157 Thread 0x000002bbbe090000 Exception <a 'java/lang/ClassNotFoundException'{0x00000000e5acc558}: org/springframework/web/reactive/result/method/annotation/RequestMappingHandlerMappingCustomizer> (0x00000000e5acc558) thrown at [t:/workspace/open/src/hotspot/share/classfile/systemDict
Event: 30.162 Thread 0x000002bbbe090000 Exception <a 'java/lang/ClassNotFoundException'{0x00000000e5af71d8}: org/springframework/context/EmbeddedValueResolverAwareCustomizer> (0x00000000e5af71d8) thrown at [t:/workspace/open/src/hotspot/share/classfile/systemDictionary.cpp, line 235]
Event: 30.163 Thread 0x000002bbbe090000 Exception <a 'java/lang/ClassNotFoundException'{0x00000000e59087e8}: org/springframework/beans/factory/AwareCustomizer> (0x00000000e59087e8) thrown at [t:/workspace/open/src/hotspot/share/classfile/systemDictionary.cpp, line 235]

Events (10 events):
Event: 30.162 loading class org/springframework/context/EmbeddedValueResolverAwareCustomizer
Event: 30.162 loading class org/springframework/context/EmbeddedValueResolverAwareCustomizer done
Event: 30.162 loading class org/springframework/beans/factory/AwareCustomizer
Event: 30.162 loading class org/springframework/beans/factory/AwareCustomizer done
Event: 30.163 loading class org/springframework/beans/factory/AwareCustomizer
Event: 30.163 loading class org/springframework/beans/factory/AwareCustomizer done
Event: 30.163 loading class org/springframework/beans/factory/AwareCustomizer
Event: 30.163 loading class org/springframework/beans/factory/AwareCustomizer done
Event: 30.164 loading class org/springframework/beans/factory/InitializingBeanCustomizer
Event: 30.164 loading class org/springframework/beans/factory/InitializingBeanCustomizer done


Dynamic libraries:
0x00007ff639bb0000 - 0x00007ff639bbf000 	C:\Program Files\Java\jdk-12.0.1\bin\java.exe
0x00007ffb62060000 - 0x00007ffb62250000 	C:\WINDOWS\SYSTEM32\ntdll.dll
0x00007ffb61cf0000 - 0x00007ffb61da2000 	C:\WINDOWS\System32\KERNEL32.DLL
0x00007ffb5efd0000 - 0x00007ffb5f275000 	C:\WINDOWS\System32\KERNELBASE.dll
0x00007ffb5f280000 - 0x00007ffb5f37a000 	C:\WINDOWS\System32\ucrtbase.dll
0x00007ffb46140000 - 0x00007ffb46156000 	C:\Program Files\Java\jdk-12.0.1\bin\VCRUNTIME140.dll
0x00007ffb4e940000 - 0x00007ffb4e958000 	C:\Program Files\Java\jdk-12.0.1\bin\jli.dll
0x00007ffb60520000 - 0x00007ffb605c3000 	C:\WINDOWS\System32\ADVAPI32.dll
0x00007ffb61f40000 - 0x00007ffb61fde000 	C:\WINDOWS\System32\msvcrt.dll
0x00007ffb61db0000 - 0x00007ffb61e47000 	C:\WINDOWS\System32\sechost.dll
0x00007ffb615e0000 - 0x00007ffb61700000 	C:\WINDOWS\System32\RPCRT4.dll
0x00007ffb60b10000 - 0x00007ffb60ca4000 	C:\WINDOWS\System32\USER32.dll
0x00007ffb5fc10000 - 0x00007ffb5fc31000 	C:\WINDOWS\System32\win32u.dll
0x00007ffb523e0000 - 0x00007ffb52664000 	C:\WINDOWS\WinSxS\amd64_microsoft.windows.common-controls_6595b64144ccf1df_6.0.18362.1256_none_9e7e379be45e40e2\COMCTL32.dll
0x00007ffb60d60000 - 0x00007ffb60d86000 	C:\WINDOWS\System32\GDI32.dll
0x00007ffb5ff70000 - 0x00007ffb60106000 	C:\WINDOWS\System32\gdi32full.dll
0x00007ffb60110000 - 0x00007ffb60446000 	C:\WINDOWS\System32\combase.dll
0x00007ffb5fed0000 - 0x00007ffb5ff6e000 	C:\WINDOWS\System32\msvcp_win.dll
0x00007ffb5fcf0000 - 0x00007ffb5fd71000 	C:\WINDOWS\System32\bcryptPrimitives.dll
0x00007ffb5ec00000 - 0x00007ffb5ec0a000 	C:\WINDOWS\SYSTEM32\VERSION.dll
0x00007ffb61ff0000 - 0x00007ffb6201e000 	C:\WINDOWS\System32\IMM32.DLL
0x00007ffb5ec10000 - 0x00007ffb5ec46000 	C:\WINDOWS\system32\DriverStore\FileRepository\nvfm.inf_amd64_76974c92c44bbb6b\nvinitx.dll
0x00007ffb60ef0000 - 0x00007ffb615d7000 	C:\WINDOWS\System32\Shell32.dll
0x00007ffb5fb10000 - 0x00007ffb5fb5a000 	C:\WINDOWS\System32\cfgmgr32.dll
0x00007ffb61a30000 - 0x00007ffb61ad9000 	C:\WINDOWS\System32\shcore.dll
0x00007ffb5f380000 - 0x00007ffb5fb01000 	C:\WINDOWS\System32\windows.storage.dll
0x00007ffb5efa0000 - 0x00007ffb5efc3000 	C:\WINDOWS\System32\profapi.dll
0x00007ffb5ef10000 - 0x00007ffb5ef5a000 	C:\WINDOWS\System32\powrprof.dll
0x00007ffb5ef00000 - 0x00007ffb5ef10000 	C:\WINDOWS\System32\UMPDC.dll
0x00007ffb61ae0000 - 0x00007ffb61b32000 	C:\WINDOWS\System32\shlwapi.dll
0x00007ffb5ef60000 - 0x00007ffb5ef71000 	C:\WINDOWS\System32\kernel.appcore.dll
0x00007ffb5fc40000 - 0x00007ffb5fc57000 	C:\WINDOWS\System32\cryptsp.dll
0x0000000072560000 - 0x0000000072566000 	C:\Program Files\NVIDIA Corporation\CoProcManager\_etoured.dll
0x00007ffb553e0000 - 0x00007ffb55423000 	C:\Program Files\NVIDIA Corporation\CoProcManager\nvd3d9wrapx.dll
0x00007ffb606a0000 - 0x00007ffb60b10000 	C:\WINDOWS\System32\SETUPAPI.dll
0x00007ffb5fc60000 - 0x00007ffb5fc86000 	C:\WINDOWS\System32\bcrypt.dll
0x00007ffb5dab0000 - 0x00007ffb5dad0000 	C:\WINDOWS\SYSTEM32\dxcore.dll
0x00007ffb553b0000 - 0x00007ffb553dd000 	C:\Program Files\NVIDIA Corporation\CoProcManager\nvdxgiwrapx.dll
0x00007ffb1fed0000 - 0x00007ffb1ff7a000 	C:\Program Files\Java\jdk-12.0.1\bin\msvcp140.dll
0x00007ffb162b0000 - 0x00007ffb16e24000 	C:\Program Files\Java\jdk-12.0.1\bin\server\jvm.dll
0x00007ffb61940000 - 0x00007ffb61948000 	C:\WINDOWS\System32\PSAPI.DLL
0x00007ffb5a5b0000 - 0x00007ffb5a5b9000 	C:\WINDOWS\SYSTEM32\WSOCK32.dll
0x00007ffb5bb00000 - 0x00007ffb5bb24000 	C:\WINDOWS\SYSTEM32\WINMM.dll
0x00007ffb619c0000 - 0x00007ffb61a2f000 	C:\WINDOWS\System32\WS2_32.dll
0x00007ffb5bad0000 - 0x00007ffb5bafd000 	C:\WINDOWS\SYSTEM32\winmmbase.dll
0x00007ffb3b690000 - 0x00007ffb3b6a1000 	C:\Program Files\Java\jdk-12.0.1\bin\verify.dll
0x00007ffb5d6f0000 - 0x00007ffb5d8e4000 	C:\WINDOWS\SYSTEM32\DBGHELP.DLL
0x00007ffb4bae0000 - 0x00007ffb4bb0a000 	C:\WINDOWS\SYSTEM32\dbgcore.DLL
0x00007ffb36be0000 - 0x00007ffb36c06000 	C:\Program Files\Java\jdk-12.0.1\bin\java.dll
0x00007ffb36bc0000 - 0x00007ffb36bd7000 	C:\Program Files\Java\jdk-12.0.1\bin\zip.dll
0x00007ffb5a020000 - 0x00007ffb5a02a000 	C:\Program Files\Java\jdk-12.0.1\bin\jimage.dll
0x00007ffb330f0000 - 0x00007ffb33109000 	C:\Program Files\Java\jdk-12.0.1\bin\net.dll
0x00007ffb53400000 - 0x00007ffb534f0000 	C:\WINDOWS\SYSTEM32\WINHTTP.dll
0x00007ffb4fcf0000 - 0x00007ffb4fec6000 	C:\WINDOWS\SYSTEM32\urlmon.dll
0x00007ffb500e0000 - 0x00007ffb50387000 	C:\WINDOWS\SYSTEM32\iertutil.dll
0x00007ffb5e830000 - 0x00007ffb5e83c000 	C:\WINDOWS\SYSTEM32\CRYPTBASE.DLL
0x00007ffb5e650000 - 0x00007ffb5e6b7000 	C:\WINDOWS\system32\mswsock.dll
0x00007ffb330d0000 - 0x00007ffb330e3000 	C:\Program Files\Java\jdk-12.0.1\bin\nio.dll
0x00007ffb5e1d0000 - 0x00007ffb5e203000 	C:\WINDOWS\system32\rsaenh.dll
0x00007ffb5ee20000 - 0x00007ffb5ee45000 	C:\WINDOWS\SYSTEM32\USERENV.dll
0x00007ffb5e370000 - 0x00007ffb5e3aa000 	C:\WINDOWS\SYSTEM32\IPHLPAPI.DLL
0x00007ffb61f30000 - 0x00007ffb61f38000 	C:\WINDOWS\System32\NSI.dll
0x00007ffb542f0000 - 0x00007ffb54306000 	C:\WINDOWS\SYSTEM32\dhcpcsvc6.DLL
0x00007ffb542d0000 - 0x00007ffb542ec000 	C:\WINDOWS\SYSTEM32\dhcpcsvc.DLL
0x00007ffb5e3c0000 - 0x00007ffb5e48b000 	C:\WINDOWS\SYSTEM32\DNSAPI.dll
0x00007ffb4e7d0000 - 0x00007ffb4e7d9000 	C:\Program Files\Java\jdk-12.0.1\bin\management.dll
0x00007ffb4e4e0000 - 0x00007ffb4e4ec000 	C:\Program Files\Java\jdk-12.0.1\bin\management_ext.dll
0x00007ffb471e0000 - 0x00007ffb471f6000 	C:\WINDOWS\system32\napinsp.dll
0x00007ffb471c0000 - 0x00007ffb471da000 	C:\WINDOWS\system32\pnrpnsp.dll
0x00007ffb471b0000 - 0x00007ffb471be000 	C:\WINDOWS\System32\winrnr.dll
0x00007ffb5b3c0000 - 0x00007ffb5b3dc000 	C:\WINDOWS\system32\NLAapi.dll
0x00007ffb5a720000 - 0x00007ffb5a735000 	C:\WINDOWS\system32\wshbth.dll
0x00007ffb52cc0000 - 0x00007ffb52cca000 	C:\Windows\System32\rasadhlp.dll
0x00007ffb540d0000 - 0x00007ffb54147000 	C:\WINDOWS\System32\fwpuclnt.dll
0x00007ffb5deb0000 - 0x00007ffb5dee1000 	C:\WINDOWS\SYSTEM32\ntmarta.dll
0x00007ffb5cd10000 - 0x00007ffb5cd9f000 	C:\WINDOWS\system32\apphelp.dll

dbghelp: loaded successfully - version: 4.0.5 - missing functions: none
symbol engine: initialized successfully - sym options: 0x614 - pdb path: .;C:\Program Files\Java\jdk-12.0.1\bin;C:\WINDOWS\SYSTEM32;C:\WINDOWS\WinSxS\amd64_microsoft.windows.common-controls_6595b64144ccf1df_6.0.18362.1256_none_9e7e379be45e40e2;C:\WINDOWS\system32\DriverStore\FileRepository\nvfm.inf_amd64_76974c92c44bbb6b;C:\Program Files\NVIDIA Corporation\CoProcManager;C:\Program Files\Java\jdk-12.0.1\bin\server

VM Arguments:
jvm_args: -Dorg.gradle.native=false -Xmx512m -Dfile.encoding=windows-1251 -Duser.country=RU -Duser.language=ru -Duser.variant -ea 
java_command: worker.org.gradle.process.internal.worker.GradleWorkerMain 'Gradle Test Executor 1'
java_class_path (initial): C:\\Gradle\\gradle-5.5\\caches\\6.7.1\\workerMain\\gradle-worker.jar;D:\\testExercise\\build\\classes\\java\\test;D:\\testExercise\\build\\resources\\test;D:\\testExercise\\build\\classes\\java\\main;D:\\testExercise\\build\\resources\\main;C:\\Gradle\\gradle-5.5\\caches\\modules-2\\files-2.1\\org.springframework.boot\\spring-boot-starter-data-mongodb-reactive\\2.4.1\\655a05dfabfab178a2365c40b762f2be67698d36\\spring-boot-starter-data-mongodb-reactive-2.4.1.jar;C:\\Gradle\\gradle-5.5\\caches\\modules-2\\files-2.1\\org.springframework.boot\\spring-boot-starter-webflux\\2.4.1\\e54535216a6b6becffc044fd8abff3e6011e576d\\spring-boot-starter-webflux-2.4.1.jar;C:\\Gradle\\gradle-5.5\\caches\\modules-2\\files-2.1\\org.springframework.boot\\spring-boot-starter-test\\2.4.1\\50147ab5f3b431a397d27e2c0af313b9147cd058\\spring-boot-starter-test-2.4.1.jar;C:\\Gradle\\gradle-5.5\\caches\\modules-2\\files-2.1\\de.flapdoodle.embed\\de.flapdoodle.embed.mongo\\2.2.0\\781d14f4e3d9eeb0b4c3e00a4ec165a04b3dc5c4\\de.flapdoodle.embed.mongo-2.2.0.jar;C:\\Gradle\\gradle-5.5\\caches\\modules-2\\files-2.1\\io.projectreactor\\reactor-test\\3.4.1\\ec8cef652db7d41ebf5967910872367b5423e989\\reactor-test-3.4.1.jar;C:\\Gradle\\gradle-5.5\\caches\\modules-2\\files-2.1\\org.springframework.boot\\spring-boot-starter-json\\2.4.1\\5a4b7088c88be531cb416ef218da3e19309f8cea\\spring-boot-starter-json-2.4.1.jar;C:\\Gradle\\gradle-5.5\\caches\\modules-2\\files-2.1\\org.springframework.boot\\spring-boot-starter\\2.4.1\\15d81ffe81e26de37986d491e1cf4c1e3a324ca3\\spring-boot-starter-2.4.1.jar;C:\\Gradle\\gradle-5.5\\caches\\modules-2\\files-2.1\\org.springframework\\spring-webflux\\5.3.2\\63fe694e07b0430991671eebac9fbb0ffba08483\\spring-webflux-5.3.2.jar;C:\\Gradle\\gradle-5.5\\caches\\modules-2\\files-2.1\\org.springframework.boot\\spring-boot-starter-reactor-netty\\2.4.1\\f4e512e25c75839c946b26756e18e7bee4307091\\spring-boot-starter-reactor-netty-2.4.1.jar;C:\\Gradle\\gradle-5.5\\caches\
Launcher Type: SUN_STANDARD

[Global flags]
     intx CICompilerCount                          = 3                                         {product} {ergonomic}
     uint ConcGCThreads                            = 1                                         {product} {ergonomic}
     uint G1ConcRefinementThreads                  = 4                                         {product} {ergonomic}
   size_t G1HeapRegionSize                         = 1048576                                   {product} {ergonomic}
    uintx GCDrainStackTargetSize                   = 64                                        {product} {ergonomic}
   size_t InitialHeapSize                          = 132120576                                 {product} {ergonomic}
   size_t MarkStackSize                            = 4194304                                   {product} {ergonomic}
   size_t MaxHeapSize                              = 536870912                                 {product} {command line}
   size_t MaxNewSize                               = 321912832                                 {product} {ergonomic}
   size_t MinHeapDeltaBytes                        = 1048576                                   {product} {ergonomic}
    uintx NonNMethodCodeHeapSize                   = 5830732                                {pd product} {ergonomic}
    uintx NonProfiledCodeHeapSize                  = 122913754                              {pd product} {ergonomic}
    uintx ProfiledCodeHeapSize                     = 122913754                              {pd product} {ergonomic}
    uintx ReservedCodeCacheSize                    = 251658240                              {pd product} {ergonomic}
     bool SegmentedCodeCache                       = true                                      {product} {ergonomic}
     bool UseCompressedClassPointers               = true                                 {lp64_product} {ergonomic}
     bool UseCompressedOops                        = true                                 {lp64_product} {ergonomic}
     bool UseG1GC                                  = true                                      {product} {ergonomic}
     bool UseLargePagesIndividualAllocation        = false                                  {pd product} {ergonomic}

Logging:
Log output configuration:
 #0: stdout all=warning uptime,level,tags
 #1: stderr all=off uptime,level,tags

Environment Variables:
JAVA_HOME=C:\Program Files\Java\jdk-12.0.1
PATH=C:\ProgramData\DockerDesktop\version-bin;C:\Program Files\Docker\Docker\Resources\bin;C:\WINDOWS\system32;C:\WINDOWS;C:\WINDOWS\System32\Wbem;C:\WINDOWS\System32\WindowsPowerShell\v1.0\;C:\WINDOWS\System32\OpenSSH\;C:\Program Files\Git\cmd;C:\Gradle\gradle-5.5\bin;C:\Go\bin;C:\Program Files\MySQL\MySQL Shell 8.0\bin\;C:\Users\Diana\AppData\Local\Microsoft\WindowsApps;;C:\Program Files\JetBrains\IntelliJ IDEA Community Edition 2019.1.3\bin;;C:\Users\Diana\go\bin;C:\Users\Diana\AppData\Local\Programs\Microsoft VS Code\bin
USERNAME=Diana
OS=Windows_NT
PROCESSOR_IDENTIFIER=Intel64 Family 6 Model 42 Stepping 7, GenuineIntel



---------------  S Y S T E M  ---------------

OS: Windows 10 , 64 bit Build 18362 (10.0.18362.1110)

CPU:total 4 (initial active 4) (2 cores per cpu, 2 threads per core) family 6 model 42 stepping 7, cmov, cx8, fxsr, mmx, sse, sse2, sse3, ssse3, sse4.1, sse4.2, popcnt, avx, clmul, ht, tsc, tscinvbit

Memory: 4k page, system-wide physical 8048M (560M free)
TotalPageFile size 8848M (AvailPageFile size 2M)
current process WorkingSet (physical memory assigned to process): 172M, peak: 175M
current process commit charge ("private bytes"): 199M, peak: 246M

vm_info: Java HotSpot(TM) 64-Bit Server VM (12.0.1+12) for windows-amd64 JRE (12.0.1+12), built on Apr  2 2019 14:02:19 by "mach5one" with MS VC++ 15.5 (VS2017)

END.
