#
# There is insufficient memory for the Java Runtime Environment to continue.
# Native memory allocation (malloc) failed to allocate 32744 bytes for ChunkPool::allocate
# Possible reasons:
#   The system is out of physical RAM or swap space
#   The process is running with CompressedOops enabled, and the Java Heap may be blocking the growth of the native heap
# Possible solutions:
#   Reduce memory load on the system
#   Increase physical memory or swap space
#   Check if swap backing store is full
#   Decrease Java heap size (-Xmx/-Xms)
#   Decrease number of Java threads
#   Decrease Java thread stack sizes (-Xss)
#   Set larger code cache with -XX:ReservedCodeCacheSize=
#   JVM is running with Unscaled Compressed Oops mode in which the Java heap is
#     placed in the first 4GB address space. The Java Heap base address is the
#     maximum limit for the native heap growth. Please use -XX:HeapBaseMinAddress
#     to set the Java Heap base and to place the Java Heap above 4GB virtual address.
# This output file may be truncated or incomplete.
#
#  Out of Memory Error (t:/workspace/open/src/hotspot/share/memory/arena.cpp:81), pid=5556, tid=4392
#
# JRE version: Java(TM) SE Runtime Environment (12.0.1+12) (build 12.0.1+12)
# Java VM: Java HotSpot(TM) 64-Bit Server VM (12.0.1+12, mixed mode, sharing, tiered, compressed oops, g1 gc, windows-amd64)
# No core dump will be written. Minidumps are not enabled by default on client versions of Windows
#

---------------  S U M M A R Y ------------

Command Line: -Dorg.gradle.native=false -Xmx512m -Dfile.encoding=windows-1251 -Duser.country=RU -Duser.language=ru -Duser.variant -ea worker.org.gradle.process.internal.worker.GradleWorkerMain 'Gradle Test Executor 1'

Host: Intel(R) Core(TM) i3-2328M CPU @ 2.20GHz, 4 cores, 7G,  Windows 10 , 64 bit Build 18362 (10.0.18362.1110)
Time: Mon Jan 11 17:24:57 2021 Oeieyiaey (ceia) elapsed time: 26 seconds (0d 0h 0m 26s)

---------------  T H R E A D  ---------------

Current thread (0x00000231c2037000):  JavaThread "C2 CompilerThread0" daemon [_thread_in_native, id=4392, stack(0x000000ee40c00000,0x000000ee40d00000)]


Current CompileTask:
C2:  26511 4082   !   4       jdk.internal.loader.BuiltinClassLoader::findClassOnClassPathOrNull (64 bytes)

Stack: [0x000000ee40c00000,0x000000ee40d00000]
Native frames: (J=compiled Java code, j=interpreted, Vv=VM code, C=native code)
V  [jvm.dll+0x63948a]
V  [jvm.dll+0x78b31f]
V  [jvm.dll+0x78c9c1]
V  [jvm.dll+0x78d013]
V  [jvm.dll+0x262138]
V  [jvm.dll+0xc5a56]
V  [jvm.dll+0xc5dac]
V  [jvm.dll+0x360d0a]
V  [jvm.dll+0x6fa803]
V  [jvm.dll+0x5517b2]
V  [jvm.dll+0x54e508]
V  [jvm.dll+0x54e120]
V  [jvm.dll+0x54e021]
V  [jvm.dll+0x54e166]
V  [jvm.dll+0x54e166]
V  [jvm.dll+0x54e166]
V  [jvm.dll+0x54e166]
V  [jvm.dll+0x54e166]
V  [jvm.dll+0x54e166]
V  [jvm.dll+0x54e166]
V  [jvm.dll+0x54e166]
V  [jvm.dll+0x54e166]
V  [jvm.dll+0x54e166]
V  [jvm.dll+0x54e166]
V  [jvm.dll+0x54e166]
V  [jvm.dll+0x54e166]
V  [jvm.dll+0x54e166]
V  [jvm.dll+0x54e166]
V  [jvm.dll+0x54e166]
V  [jvm.dll+0x54e166]
V  [jvm.dll+0x54e166]
V  [jvm.dll+0x54e166]
V  [jvm.dll+0x54e166]
V  [jvm.dll+0x54e166]
V  [jvm.dll+0x54e166]
V  [jvm.dll+0x54e166]
V  [jvm.dll+0x54e166]
V  [jvm.dll+0x54e166]
V  [jvm.dll+0x54e166]
V  [jvm.dll+0x54e166]
V  [jvm.dll+0x54e166]
V  [jvm.dll+0x556142]
V  [jvm.dll+0x2244f7]
V  [jvm.dll+0x21e143]
V  [jvm.dll+0x21b0e6]
V  [jvm.dll+0x199890]
V  [jvm.dll+0x22a534]
V  [jvm.dll+0x228b88]
V  [jvm.dll+0x74f660]
V  [jvm.dll+0x748648]
V  [jvm.dll+0x638566]
C  [ucrtbase.dll+0x210b2]
C  [KERNEL32.DLL+0x17c24]
C  [ntdll.dll+0x6d4d1]


---------------  P R O C E S S  ---------------

Threads class SMR info:
_java_thread_list=0x00000231c4e1f340, length=24, elements={
0x00000231a6b5d000, 0x00000231c170a000, 0x00000231c170b000, 0x00000231c2034800,
0x00000231c2035000, 0x00000231c2037000, 0x00000231c203b000, 0x00000231c203e800,
0x00000231c21bb000, 0x00000231c21da800, 0x00000231c29a4800, 0x00000231c29b1000,
0x00000231c2af4800, 0x00000231c6240800, 0x00000231c4a33000, 0x00000231c4aa6000,
0x00000231c2078000, 0x00000231c5243800, 0x00000231c609a800, 0x00000231c20c6800,
0x00000231c20c7800, 0x00000231c20c9000, 0x00000231c4a72000, 0x00000231c4a77800
}

Java Threads: ( => current thread )
  0x00000231a6b5d000 JavaThread "main" [_thread_blocked, id=9564, stack(0x000000ee40100000,0x000000ee40200000)]
  0x00000231c170a000 JavaThread "Reference Handler" daemon [_thread_blocked, id=5792, stack(0x000000ee40800000,0x000000ee40900000)]
  0x00000231c170b000 JavaThread "Finalizer" daemon [_thread_blocked, id=8324, stack(0x000000ee40900000,0x000000ee40a00000)]
  0x00000231c2034800 JavaThread "Signal Dispatcher" daemon [_thread_blocked, id=6588, stack(0x000000ee40a00000,0x000000ee40b00000)]
  0x00000231c2035000 JavaThread "Attach Listener" daemon [_thread_blocked, id=9348, stack(0x000000ee40b00000,0x000000ee40c00000)]
=>0x00000231c2037000 JavaThread "C2 CompilerThread0" daemon [_thread_in_native, id=4392, stack(0x000000ee40c00000,0x000000ee40d00000)]
  0x00000231c203b000 JavaThread "C1 CompilerThread0" daemon [_thread_in_native, id=8616, stack(0x000000ee40d00000,0x000000ee40e00000)]
  0x00000231c203e800 JavaThread "Sweeper thread" daemon [_thread_blocked, id=5048, stack(0x000000ee40e00000,0x000000ee40f00000)]
  0x00000231c21bb000 JavaThread "Service Thread" daemon [_thread_blocked, id=7304, stack(0x000000ee40f00000,0x000000ee41000000)]
  0x00000231c21da800 JavaThread "Common-Cleaner" daemon [_thread_blocked, id=6716, stack(0x000000ee41100000,0x000000ee41200000)]
  0x00000231c29a4800 JavaThread "Test worker" [_thread_in_vm, id=3472, stack(0x000000ee41600000,0x000000ee41700000)]
  0x00000231c29b1000 JavaThread "/127.0.0.1:60014 to /127.0.0.1:60009 workers Thread 2" [_thread_blocked, id=4980, stack(0x000000ee41700000,0x000000ee41800000)]
  0x00000231c2af4800 JavaThread "/127.0.0.1:60014 to /127.0.0.1:60009 workers Thread 3" [_thread_in_native, id=1564, stack(0x000000ee41800000,0x000000ee41900000)]
  0x00000231c6240800 JavaThread "Thread-4" daemon [_thread_in_native, id=2844, stack(0x000000ee41b00000,0x000000ee41c00000)]
  0x00000231c4a33000 JavaThread "Thread-5" daemon [_thread_in_native, id=9972, stack(0x000000ee41c00000,0x000000ee41d00000)]
  0x00000231c4aa6000 JavaThread "cluster-ClusterId{value='5ffc6dc33a8619216538ba9b', description='null'}-localhost:60051" daemon [_thread_in_vm, id=9820, stack(0x000000ee41a00000,0x000000ee41b00000)]
  0x00000231c2078000 JavaThread "cluster-rtt-ClusterId{value='5ffc6dc33a8619216538ba9b', description='null'}-localhost:60051" daemon [_thread_blocked, id=2464, stack(0x000000ee41d00000,0x000000ee41e00000)]
  0x00000231c5243800 JavaThread "boundedElastic-evictor-1" daemon [_thread_blocked, id=1312, stack(0x000000ee41f00000,0x000000ee42000000)]
  0x00000231c609a800 JavaThread "boundedElastic-evictor-2" daemon [_thread_blocked, id=9620, stack(0x000000ee42000000,0x000000ee42100000)]
  0x00000231c20c6800 JavaThread "boundedElastic-evictor-3" daemon [_thread_blocked, id=6380, stack(0x000000ee42100000,0x000000ee42200000)]
  0x00000231c20c7800 JavaThread "boundedElastic-evictor-4" daemon [_thread_blocked, id=3040, stack(0x000000ee42200000,0x000000ee42300000)]
  0x00000231c20c9000 JavaThread "nioEventLoopGroup-2-2" [_thread_in_native, id=2836, stack(0x000000ee42300000,0x000000ee42400000)]
  0x00000231c4a72000 JavaThread "nioEventLoopGroup-2-1" [_thread_in_native, id=9920, stack(0x000000ee42400000,0x000000ee42500000)]
  0x00000231c4a77800 JavaThread "C2 CompilerThread1" daemon [_thread_in_native, id=5644, stack(0x000000ee41e00000,0x000000ee41f00000)]

Other Threads:
  0x00000231c1706800 VMThread "VM Thread" [stack: 0x000000ee40700000,0x000000ee40800000] [id=3708]
  0x00000231c21c4000 WatcherThread [stack: 0x000000ee41000000,0x000000ee41100000] [id=1916]
  0x00000231a6b80800 GCTaskThread "GC Thread#0" [stack: 0x000000ee40200000,0x000000ee40300000] [id=4852]
  0x00000231c2953800 GCTaskThread "GC Thread#1" [stack: 0x000000ee41300000,0x000000ee41400000] [id=6304]
  0x00000231c296d800 GCTaskThread "GC Thread#2" [stack: 0x000000ee41400000,0x000000ee41500000] [id=6920]
  0x00000231c2a58800 GCTaskThread "GC Thread#3" [stack: 0x000000ee41900000,0x000000ee41a00000] [id=5264]
  0x00000231a6b85000 ConcurrentGCThread "G1 Main Marker" [stack: 0x000000ee40300000,0x000000ee40400000] [id=3972]
  0x00000231a6b8a800 ConcurrentGCThread "G1 Conc#0" [stack: 0x000000ee40400000,0x000000ee40500000] [id=10204]
  0x00000231c1584000 ConcurrentGCThread "G1 Refine#0" [stack: 0x000000ee40500000,0x000000ee40600000] [id=9428]
  0x00000231c2990000 ConcurrentGCThread "G1 Refine#1" [stack: 0x000000ee41500000,0x000000ee41600000] [id=8032]
  0x00000231c1585000 ConcurrentGCThread "G1 Young RemSet Sampling" [stack: 0x000000ee40600000,0x000000ee40700000] [id=5372]

Threads with active compile tasks:
C2 CompilerThread0  4082   !   4       jdk.internal.loader.BuiltinClassLoader::findClassOnClassPathOrNull (64 bytes)
C1 CompilerThread0  4130       3       java.nio.Buffer::flip (20 bytes)
C2 CompilerThread1  4019       4       org.springframework.core.annotation.TypeMappedAnnotations::get (52 bytes)

VM state:not at safepoint (normal execution)

VM Mutex/Monitor currently owned by a thread: None

Heap address: 0x00000000e0000000, size: 512 MB, Compressed Oops mode: 32-bit
Narrow klass base: 0x0000000800000000, Narrow klass shift: 3
Compressed class space size: 1073741824 Address: 0x00000008011a0000

Heap:
 garbage-first heap   total 40960K, used 25849K [0x00000000e0000000, 0x0000000100000000)
  region size 1024K, 7 young (7168K), 2 survivors (2048K)
 Metaspace       used 39931K, capacity 41497K, committed 41728K, reserved 1085440K
  class space    used 5469K, capacity 6056K, committed 6144K, reserved 1048576K
Heap Regions: E=young(eden), S=young(survivor), O=old, HS=humongous(starts), HC=humongous(continues), CS=collection set, F=free, A=archive, TAMS=top-at-mark-start (previous, next)
|   0|0x00000000e0000000, 0x00000000e0100000, 0x00000000e0100000|100%| O|  |TAMS 0x00000000e0100000, 0x00000000e0000000| Untracked 
|   1|0x00000000e0100000, 0x00000000e0200000, 0x00000000e0200000|100%| O|  |TAMS 0x00000000e0200000, 0x00000000e0100000| Untracked 
|   2|0x00000000e0200000, 0x00000000e0300000, 0x00000000e0300000|100%| O|  |TAMS 0x00000000e0300000, 0x00000000e0200000| Untracked 
|   3|0x00000000e0300000, 0x00000000e0400000, 0x00000000e0400000|100%| O|  |TAMS 0x00000000e0400000, 0x00000000e0300000| Untracked 
|   4|0x00000000e0400000, 0x00000000e0500000, 0x00000000e0500000|100%| O|  |TAMS 0x00000000e0500000, 0x00000000e0400000| Untracked 
|   5|0x00000000e0500000, 0x00000000e0600000, 0x00000000e0600000|100%| O|  |TAMS 0x00000000e0600000, 0x00000000e0500000| Untracked 
|   6|0x00000000e0600000, 0x00000000e06b4e00, 0x00000000e0700000| 70%| O|  |TAMS 0x00000000e06b4e00, 0x00000000e0600000| Untracked 
|   7|0x00000000e0700000, 0x00000000e0800000, 0x00000000e0800000|100%| O|  |TAMS 0x00000000e0800000, 0x00000000e0700000| Untracked 
|   8|0x00000000e0800000, 0x00000000e0900000, 0x00000000e0900000|100%| O|  |TAMS 0x00000000e0900000, 0x00000000e0800000| Untracked 
|   9|0x00000000e0900000, 0x00000000e0a00000, 0x00000000e0a00000|100%| O|  |TAMS 0x00000000e0a00000, 0x00000000e0900000| Untracked 
|  10|0x00000000e0a00000, 0x00000000e0b00000, 0x00000000e0b00000|100%| O|  |TAMS 0x00000000e0b00000, 0x00000000e0a00000| Untracked 
|  11|0x00000000e0b00000, 0x00000000e0c00000, 0x00000000e0c00000|100%| O|  |TAMS 0x00000000e0c00000, 0x00000000e0b00000| Untracked 
|  12|0x00000000e0c00000, 0x00000000e0d00000, 0x00000000e0d00000|100%| O|  |TAMS 0x00000000e0d00000, 0x00000000e0c00000| Untracked 
|  13|0x00000000e0d00000, 0x00000000e0e00000, 0x00000000e0e00000|100%| O|  |TAMS 0x00000000e0e00000, 0x00000000e0d00000| Untracked 
|  14|0x00000000e0e00000, 0x00000000e0f00000, 0x00000000e0f00000|100%| O|  |TAMS 0x00000000e0f00000, 0x00000000e0e00000| Untracked 
|  15|0x00000000e0f00000, 0x00000000e1000000, 0x00000000e1000000|100%| O|  |TAMS 0x00000000e1000000, 0x00000000e0f00000| Untracked 
|  16|0x00000000e1000000, 0x00000000e1100000, 0x00000000e1100000|100%| O|  |TAMS 0x00000000e1100000, 0x00000000e1000000| Untracked 
|  17|0x00000000e1100000, 0x00000000e1200000, 0x00000000e1200000|100%| O|  |TAMS 0x00000000e1200000, 0x00000000e1100000| Untracked 
|  18|0x00000000e1200000, 0x00000000e1300000, 0x00000000e1300000|100%| O|  |TAMS 0x00000000e12a2a00, 0x00000000e1200000| Untracked 
|  19|0x00000000e1300000, 0x00000000e1400000, 0x00000000e1400000|100%| O|  |TAMS 0x00000000e1300000, 0x00000000e1300000| Untracked 
|  20|0x00000000e1400000, 0x00000000e1421600, 0x00000000e1500000| 13%| O|  |TAMS 0x00000000e1400000, 0x00000000e1400000| Untracked 
|  21|0x00000000e1500000, 0x00000000e1500000, 0x00000000e1600000|  0%| F|  |TAMS 0x00000000e1500000, 0x00000000e1500000| Untracked 
|  22|0x00000000e1600000, 0x00000000e1600000, 0x00000000e1700000|  0%| F|  |TAMS 0x00000000e1600000, 0x00000000e1600000| Untracked 
|  23|0x00000000e1700000, 0x00000000e1700000, 0x00000000e1800000|  0%| F|  |TAMS 0x00000000e1700000, 0x00000000e1700000| Untracked 
|  24|0x00000000e1800000, 0x00000000e1800000, 0x00000000e1900000|  0%| F|  |TAMS 0x00000000e1800000, 0x00000000e1800000| Untracked 
|  25|0x00000000e1900000, 0x00000000e19681c0, 0x00000000e1a00000| 40%| S|CS|TAMS 0x00000000e1900000, 0x00000000e1900000| Complete 
|  26|0x00000000e1a00000, 0x00000000e1b00000, 0x00000000e1b00000|100%| S|CS|TAMS 0x00000000e1a00000, 0x00000000e1a00000| Complete 
|  27|0x00000000e1b00000, 0x00000000e1b00000, 0x00000000e1c00000|  0%| F|  |TAMS 0x00000000e1b00000, 0x00000000e1b00000| Untracked 
|  28|0x00000000e1c00000, 0x00000000e1c00000, 0x00000000e1d00000|  0%| F|  |TAMS 0x00000000e1c00000, 0x00000000e1c00000| Untracked 
|  29|0x00000000e1d00000, 0x00000000e1d00000, 0x00000000e1e00000|  0%| F|  |TAMS 0x00000000e1d00000, 0x00000000e1d00000| Untracked 
|  30|0x00000000e1e00000, 0x00000000e1e00000, 0x00000000e1f00000|  0%| F|  |TAMS 0x00000000e1e00000, 0x00000000e1e00000| Untracked 
|  31|0x00000000e1f00000, 0x00000000e1f00000, 0x00000000e2000000|  0%| F|  |TAMS 0x00000000e1f00000, 0x00000000e1f00000| Untracked 
|  32|0x00000000e2000000, 0x00000000e2000000, 0x00000000e2100000|  0%| F|  |TAMS 0x00000000e2000000, 0x00000000e2000000| Untracked 
|  33|0x00000000e2100000, 0x00000000e2100000, 0x00000000e2200000|  0%| F|  |TAMS 0x00000000e2100000, 0x00000000e2100000| Untracked 
|  34|0x00000000e2200000, 0x00000000e2200000, 0x00000000e2300000|  0%| F|  |TAMS 0x00000000e2200000, 0x00000000e2200000| Untracked 
|  91|0x00000000e5b00000, 0x00000000e5bbf258, 0x00000000e5c00000| 74%| E|  |TAMS 0x00000000e5b00000, 0x00000000e5b00000| Complete 
|  92|0x00000000e5c00000, 0x00000000e5d00000, 0x00000000e5d00000|100%| E|CS|TAMS 0x00000000e5c00000, 0x00000000e5c00000| Complete 
|  93|0x00000000e5d00000, 0x00000000e5e00000, 0x00000000e5e00000|100%| E|CS|TAMS 0x00000000e5d00000, 0x00000000e5d00000| Complete 
|  94|0x00000000e5e00000, 0x00000000e5f00000, 0x00000000e5f00000|100%| E|CS|TAMS 0x00000000e5e00000, 0x00000000e5e00000| Complete 
| 125|0x00000000e7d00000, 0x00000000e7e00000, 0x00000000e7e00000|100%| E|CS|TAMS 0x00000000e7d00000, 0x00000000e7d00000| Complete 

Card table byte_map: [0x00000231bdee0000,0x00000231bdfe0000] _byte_map_base: 0x00000231bd7e0000

Marking Bits (Prev, Next): (CMBitMap*) 0x00000231a6b81458, (CMBitMap*) 0x00000231a6b81418
 Prev Bits: [0x00000231be8e0000, 0x00000231bf0e0000)
 Next Bits: [0x00000231be0e0000, 0x00000231be8e0000)

Polling page: 0x00000231a4890000

Metaspace:

Usage:
  Non-class:     34.61 MB capacity,    33.65 MB ( 97%) used,   804.52 KB (  2%) free+waste,   175.06 KB ( <1%) overhead. 
      Class:      5.91 MB capacity,     5.34 MB ( 90%) used,   498.13 KB (  8%) free+waste,    88.13 KB (  1%) overhead. 
       Both:     40.52 MB capacity,    39.00 MB ( 96%) used,     1.27 MB (  3%) free+waste,   263.19 KB ( <1%) overhead. 

Virtual space:
  Non-class space:       36.00 MB reserved,      34.75 MB ( 97%) committed 
      Class space:        1.00 GB reserved,       6.00 MB ( <1%) committed 
             Both:        1.04 GB reserved,      40.75 MB (  4%) committed 

Chunk freelists:
   Non-Class:  1.88 KB
       Class:  3.00 KB
        Both:  4.88 KB

CodeHeap 'non-profiled nmethods': size=120064Kb used=2062Kb max_used=2088Kb free=118001Kb
 bounds [0x00000231b69a0000, 0x00000231b6c10000, 0x00000231bdee0000]
CodeHeap 'profiled nmethods': size=120000Kb used=9191Kb max_used=9233Kb free=110808Kb
 bounds [0x00000231af470000, 0x00000231afd80000, 0x00000231b69a0000]
CodeHeap 'non-nmethods': size=5696Kb used=1191Kb max_used=1230Kb free=4504Kb
 bounds [0x00000231aeee0000, 0x00000231af150000, 0x00000231af470000]
 total_blobs=5622 nmethods=3853 adapters=442
 compilation: enabled
              stopped_count=0, restarted_count=0
 full_count=0

Compilation events (10 events):
Event: 26.503 Thread 0x00000231c203b000 nmethod 4124 0x00000231af690b90 code [0x00000231af690d60, 0x00000231af690f78]
Event: 26.503 Thread 0x00000231c203b000 4125       3       org.bson.io.ByteBufferBsonInput::ensureOpen (18 bytes)
Event: 26.504 Thread 0x00000231c203b000 nmethod 4125 0x00000231af6eae90 code [0x00000231af6eb060, 0x00000231af6eb2f0]
Event: 26.505 Thread 0x00000231c203b000 4126       3       java.util.regex.Pattern$$Lambda$70/0x000000080126b440::is (13 bytes)
Event: 26.505 Thread 0x00000231c203b000 nmethod 4126 0x00000231af726090 code [0x00000231af726260, 0x00000231af726538]
Event: 26.505 Thread 0x00000231c203b000 4127       3       java.util.regex.Pattern::lambda$Range$11 (7 bytes)
Event: 26.506 Thread 0x00000231c203b000 nmethod 4127 0x00000231af725b90 code [0x00000231af725d60, 0x00000231af725f98]
Event: 26.506 Thread 0x00000231c203b000 4129       3       org.springframework.boot.ansi.AnsiOutput::toString (32 bytes)
Event: 26.508 Thread 0x00000231c203b000 nmethod 4129 0x00000231af724f90 code [0x00000231af7251e0, 0x00000231af725940]
Event: 26.508 Thread 0x00000231c203b000 4128       3       java.util.regex.Pattern::inRange (16 bytes)

GC Heap History (10 events):
Event: 23.619 GC heap before
{Heap before GC invocations=15 (full 0):
 garbage-first heap   total 40960K, used 30958K [0x00000000e0000000, 0x0000000100000000)
  region size 1024K, 15 young (15360K), 2 survivors (2048K)
 Metaspace       used 35496K, capacity 36860K, committed 36992K, reserved 1081344K
  class space    used 4854K, capacity 5384K, committed 5504K, reserved 1048576K
}
Event: 23.626 GC heap after
{Heap after GC invocations=16 (full 0):
 garbage-first heap   total 40960K, used 18762K [0x00000000e0000000, 0x0000000100000000)
  region size 1024K, 2 young (2048K), 2 survivors (2048K)
 Metaspace       used 35496K, capacity 36860K, committed 36992K, reserved 1081344K
  class space    used 4854K, capacity 5384K, committed 5504K, reserved 1048576K
}
Event: 24.728 GC heap before
{Heap before GC invocations=16 (full 0):
 garbage-first heap   total 40960K, used 31050K [0x00000000e0000000, 0x0000000100000000)
  region size 1024K, 14 young (14336K), 2 survivors (2048K)
 Metaspace       used 36705K, capacity 38139K, committed 38400K, reserved 1081344K
  class space    used 5008K, capacity 5557K, committed 5632K, reserved 1048576K
}
Event: 24.734 GC heap after
{Heap after GC invocations=17 (full 0):
 garbage-first heap   total 40960K, used 19727K [0x00000000e0000000, 0x0000000100000000)
  region size 1024K, 2 young (2048K), 2 survivors (2048K)
 Metaspace       used 36705K, capacity 38139K, committed 38400K, reserved 1081344K
  class space    used 5008K, capacity 5557K, committed 5632K, reserved 1048576K
}
Event: 25.308 GC heap before
{Heap before GC invocations=17 (full 0):
 garbage-first heap   total 40960K, used 32015K [0x00000000e0000000, 0x0000000100000000)
  region size 1024K, 14 young (14336K), 2 survivors (2048K)
 Metaspace       used 37449K, capacity 38908K, committed 39040K, reserved 1083392K
  class space    used 5096K, capacity 5665K, committed 5760K, reserved 1048576K
}
Event: 25.314 GC heap after
{Heap after GC invocations=18 (full 0):
 garbage-first heap   total 40960K, used 20609K [0x00000000e0000000, 0x0000000100000000)
  region size 1024K, 2 young (2048K), 2 survivors (2048K)
 Metaspace       used 37449K, capacity 38908K, committed 39040K, reserved 1083392K
  class space    used 5096K, capacity 5665K, committed 5760K, reserved 1048576K
}
Event: 25.756 GC heap before
{Heap before GC invocations=18 (full 0):
 garbage-first heap   total 40960K, used 31873K [0x00000000e0000000, 0x0000000100000000)
  region size 1024K, 13 young (13312K), 2 survivors (2048K)
 Metaspace       used 38207K, capacity 39738K, committed 39936K, reserved 1083392K
  class space    used 5196K, capacity 5770K, committed 5888K, reserved 1048576K
}
Event: 25.766 GC heap after
{Heap after GC invocations=19 (full 0):
 garbage-first heap   total 40960K, used 21166K [0x00000000e0000000, 0x0000000100000000)
  region size 1024K, 2 young (2048K), 2 survivors (2048K)
 Metaspace       used 38207K, capacity 39738K, committed 39936K, reserved 1083392K
  class space    used 5196K, capacity 5770K, committed 5888K, reserved 1048576K
}
Event: 26.250 GC heap before
{Heap before GC invocations=20 (full 0):
 garbage-first heap   total 40960K, used 31406K [0x00000000e0000000, 0x0000000100000000)
  region size 1024K, 13 young (13312K), 2 survivors (2048K)
 Metaspace       used 39316K, capacity 40824K, committed 41088K, reserved 1085440K
  class space    used 5375K, capacity 5960K, committed 6016K, reserved 1048576K
}
Event: 26.256 GC heap after
{Heap after GC invocations=21 (full 0):
 garbage-first heap   total 40960K, used 21753K [0x00000000e0000000, 0x0000000100000000)
  region size 1024K, 2 young (2048K), 2 survivors (2048K)
 Metaspace       used 39316K, capacity 40824K, committed 41088K, reserved 1085440K
  class space    used 5375K, capacity 5960K, committed 6016K, reserved 1048576K
}

Deoptimization events (10 events):
Event: 25.788 Thread 0x00000231c6240800 Uncommon trap: reason=unstable_if action=reinterpret pc=0x00000231b6b1f3d0 method=java.lang.StringUTF16.indexOfLatin1Unsafe([BI[BII)I @ 198 c2
Event: 25.980 Thread 0x00000231c29a4800 Uncommon trap: reason=class_check action=maybe_recompile pc=0x00000231b6a5f878 method=org.springframework.boot.context.properties.source.ConfigurationPropertyName$Elements.charAt(II)C @ 43 c2
Event: 25.980 Thread 0x00000231c29a4800 Uncommon trap: reason=class_check action=maybe_recompile pc=0x00000231b6a5f878 method=org.springframework.boot.context.properties.source.ConfigurationPropertyName$Elements.charAt(II)C @ 43 c2
Event: 26.038 Thread 0x00000231c4a72000 Uncommon trap: reason=class_check action=maybe_recompile pc=0x00000231b6aa5034 method=java.nio.DirectByteBuffer.<init>(Lsun/nio/ch/DirectBuffer;IIIII)V @ 12 c2
Event: 26.038 Thread 0x00000231c20c9000 Uncommon trap: reason=class_check action=maybe_recompile pc=0x00000231b6aa5034 method=java.nio.DirectByteBuffer.<init>(Lsun/nio/ch/DirectBuffer;IIIII)V @ 12 c2
Event: 26.038 Thread 0x00000231c4a72000 Uncommon trap: reason=class_check action=maybe_recompile pc=0x00000231b6aa5034 method=java.nio.DirectByteBuffer.<init>(Lsun/nio/ch/DirectBuffer;IIIII)V @ 12 c2
Event: 26.038 Thread 0x00000231c20c9000 Uncommon trap: reason=class_check action=maybe_recompile pc=0x00000231b6aa5034 method=java.nio.DirectByteBuffer.<init>(Lsun/nio/ch/DirectBuffer;IIIII)V @ 12 c2
Event: 26.132 Thread 0x00000231c29a4800 Uncommon trap: reason=unstable_if action=reinterpret pc=0x00000231b6a616b0 method=java.util.LinkedHashMap.get(Ljava/lang/Object;)Ljava/lang/Object; @ 20 c2
Event: 26.407 Thread 0x00000231c4aa6000 Uncommon trap: reason=unstable_if action=reinterpret pc=0x00000231b6a49330 method=java.util.concurrent.ConcurrentHashMap.transfer([Ljava/util/concurrent/ConcurrentHashMap$Node;[Ljava/util/concurrent/ConcurrentHashMap$Node;)V @ 34 c2
Event: 26.408 Thread 0x00000231c4aa6000 Uncommon trap: reason=unstable_if action=reinterpret pc=0x00000231b69fbb24 method=java.util.concurrent.ConcurrentHashMap.addCount(JI)V @ 171 c2

Classes redefined (0 events):
No events

Internal exceptions (10 events):
Event: 25.999 Thread 0x00000231c29a4800 Exception <a 'java/lang/ClassNotFoundException'{0x00000000e2140000}: java/lang/ObjectCustomizer> (0x00000000e2140000) thrown at [t:/workspace/open/src/hotspot/share/classfile/systemDictionary.cpp, line 235]
Event: 26.001 Thread 0x00000231c29a4800 Exception <a 'java/lang/ClassNotFoundException'{0x00000000e215ee10}: org/springframework/boot/autoconfigure/web/reactive/function/client/WebClientAutoConfiguration$WebClientCodecsConfigurationCustomizer> (0x00000000e215ee10) thrown at [t:/workspace/open/s
Event: 26.007 Thread 0x00000231c29a4800 Exception <a 'java/lang/ClassNotFoundException'{0x00000000e216c878}: java/lang/ObjectCustomizer> (0x00000000e216c878) thrown at [t:/workspace/open/src/hotspot/share/classfile/systemDictionary.cpp, line 235]
Event: 26.009 Thread 0x00000231c29a4800 Exception <a 'java/lang/ClassNotFoundException'{0x00000000e21bd7c8}: org/springframework/boot/autoconfigure/web/reactive/function/client/WebClientCodecCustomizerCustomizer> (0x00000000e21bd7c8) thrown at [t:/workspace/open/src/hotspot/share/classfile/syst
Event: 26.012 Thread 0x00000231c29a4800 Exception <a 'java/lang/ClassNotFoundException'{0x00000000e21d49b0}: org/springframework/boot/web/reactive/function/client/WebClientCustomizerCustomizer> (0x00000000e21d49b0) thrown at [t:/workspace/open/src/hotspot/share/classfile/systemDictionary.cpp, l
Event: 26.014 Thread 0x00000231c29a4800 Exception <a 'java/lang/ClassNotFoundException'{0x00000000e2008458}: java/lang/ObjectCustomizer> (0x00000000e2008458) thrown at [t:/workspace/open/src/hotspot/share/classfile/systemDictionary.cpp, line 235]
Event: 26.015 Thread 0x00000231c29a4800 Exception <a 'java/lang/ClassNotFoundException'{0x00000000e20230c8}: org/springframework/boot/autoconfigure/web/reactive/function/client/WebClientAutoConfigurationCustomizer> (0x00000000e20230c8) thrown at [t:/workspace/open/src/hotspot/share/classfile/sy
Event: 26.125 Thread 0x00000231c29a4800 Exception <a 'java/lang/ClassNotFoundException'{0x00000000e1e06288}: java/lang/ObjectCustomizer> (0x00000000e1e06288) thrown at [t:/workspace/open/src/hotspot/share/classfile/systemDictionary.cpp, line 235]
Event: 26.127 Thread 0x00000231c29a4800 Exception <a 'java/lang/ClassNotFoundException'{0x00000000e1e1b3c8}: com/dskushnir/testExercise/TestExerciseApplicationTestsCustomizer> (0x00000000e1e1b3c8) thrown at [t:/workspace/open/src/hotspot/share/classfile/systemDictionary.cpp, line 235]
Event: 26.155 Thread 0x00000231c29a4800 Exception <a 'java/lang/NoSuchMethodError'{0x00000000e1e8fae0}: java.lang.invoke.DirectMethodHandle$Holder.invokeSpecial(Ljava/lang/Object;Ljava/lang/Object;Ljava/lang/Object;Ljava/lang/Object;Ljava/lang/Object;I)Ljava/lang/Object;> (0x00000000e1e8fae0) t

Events (10 events):
Event: 26.491 loading class net/bytebuddy/description/type/TypeDescription$Generic$Visitor$Reifying
Event: 26.491 loading class net/bytebuddy/description/type/TypeDescription$Generic$Visitor$Reifying done
Event: 26.492 loading class net/bytebuddy/description/type/TypeDescription$Generic$OfNonGenericType$ForReifiedErasure
Event: 26.492 loading class net/bytebuddy/description/type/TypeDescription$Generic$OfNonGenericType$ForReifiedErasure done
Event: 26.493 loading class net/bytebuddy/description/type/TypeDescription$Generic$OfNonGenericType
Event: 26.493 loading class net/bytebuddy/description/type/TypeDescription$Generic$OfNonGenericType done
Event: 26.494 loading class net/bytebuddy/description/type/TypeDescription$Generic$AbstractBase
Event: 26.494 loading class net/bytebuddy/description/type/TypeDescription$Generic$AbstractBase done
Event: 26.496 loading class net/bytebuddy/description/type/TypeDescription$Generic
Event: 26.496 loading class net/bytebuddy/description/type/TypeDescription$Generic done


Dynamic libraries:
0x00007ff711670000 - 0x00007ff71167f000 	C:\Program Files\Java\jdk-12.0.1\bin\java.exe
0x00007fff07760000 - 0x00007fff07950000 	C:\WINDOWS\SYSTEM32\ntdll.dll
0x00007fff06830000 - 0x00007fff068e2000 	C:\WINDOWS\System32\KERNEL32.DLL
0x00007fff046d0000 - 0x00007fff04975000 	C:\WINDOWS\System32\KERNELBASE.dll
0x00007fff04ad0000 - 0x00007fff04bca000 	C:\WINDOWS\System32\ucrtbase.dll
0x00007ffefcfe0000 - 0x00007ffefcff6000 	C:\Program Files\Java\jdk-12.0.1\bin\VCRUNTIME140.dll
0x00007ffeff960000 - 0x00007ffeff978000 	C:\Program Files\Java\jdk-12.0.1\bin\jli.dll
0x00007fff063b0000 - 0x00007fff06453000 	C:\WINDOWS\System32\ADVAPI32.dll
0x00007fff05840000 - 0x00007fff058de000 	C:\WINDOWS\System32\msvcrt.dll
0x00007fff064e0000 - 0x00007fff06577000 	C:\WINDOWS\System32\sechost.dll
0x00007fff072c0000 - 0x00007fff073e0000 	C:\WINDOWS\System32\RPCRT4.dll
0x00007fff06d70000 - 0x00007fff06f04000 	C:\WINDOWS\System32\USER32.dll
0x00007fff04bd0000 - 0x00007fff04bf1000 	C:\WINDOWS\System32\win32u.dll
0x00007ffef71d0000 - 0x00007ffef7454000 	C:\WINDOWS\WinSxS\amd64_microsoft.windows.common-controls_6595b64144ccf1df_6.0.18362.1256_none_9e7e379be45e40e2\COMCTL32.dll
0x00007fff061f0000 - 0x00007fff06216000 	C:\WINDOWS\System32\GDI32.dll
0x00007fff053e0000 - 0x00007fff05576000 	C:\WINDOWS\System32\gdi32full.dll
0x00007fff073e0000 - 0x00007fff07716000 	C:\WINDOWS\System32\combase.dll
0x00007fff049a0000 - 0x00007fff04a3e000 	C:\WINDOWS\System32\msvcp_win.dll
0x00007fff04a40000 - 0x00007fff04ac1000 	C:\WINDOWS\System32\bcryptPrimitives.dll
0x00007fff04150000 - 0x00007fff0415a000 	C:\WINDOWS\SYSTEM32\VERSION.dll
0x00007fff05810000 - 0x00007fff0583e000 	C:\WINDOWS\System32\IMM32.DLL
0x00007fff04160000 - 0x00007fff04196000 	C:\WINDOWS\system32\DriverStore\FileRepository\nvfm.inf_amd64_76974c92c44bbb6b\nvinitx.dll
0x00007fff05a80000 - 0x00007fff06167000 	C:\WINDOWS\System32\Shell32.dll
0x00007fff05390000 - 0x00007fff053da000 	C:\WINDOWS\System32\cfgmgr32.dll
0x00007fff06720000 - 0x00007fff067c9000 	C:\WINDOWS\System32\shcore.dll
0x00007fff04c00000 - 0x00007fff05381000 	C:\WINDOWS\System32\windows.storage.dll
0x00007fff046a0000 - 0x00007fff046c3000 	C:\WINDOWS\System32\profapi.dll
0x00007fff04610000 - 0x00007fff0465a000 	C:\WINDOWS\System32\powrprof.dll
0x00007fff04600000 - 0x00007fff04610000 	C:\WINDOWS\System32\UMPDC.dll
0x00007fff06f10000 - 0x00007fff06f62000 	C:\WINDOWS\System32\shlwapi.dll
0x00007fff04660000 - 0x00007fff04671000 	C:\WINDOWS\System32\kernel.appcore.dll
0x00007fff04980000 - 0x00007fff04997000 	C:\WINDOWS\System32\cryptsp.dll
0x0000000059e00000 - 0x0000000059e06000 	C:\Program Files\NVIDIA Corporation\CoProcManager\_etoured.dll
0x00007ffef9da0000 - 0x00007ffef9de3000 	C:\Program Files\NVIDIA Corporation\CoProcManager\nvd3d9wrapx.dll
0x00007fff068f0000 - 0x00007fff06d60000 	C:\WINDOWS\System32\SETUPAPI.dll
0x00007fff05580000 - 0x00007fff055a6000 	C:\WINDOWS\System32\bcrypt.dll
0x00007fff031b0000 - 0x00007fff031d0000 	C:\WINDOWS\SYSTEM32\dxcore.dll
0x00007ffef9d70000 - 0x00007ffef9d9d000 	C:\Program Files\NVIDIA Corporation\CoProcManager\nvdxgiwrapx.dll
0x00007ffee9230000 - 0x00007ffee92da000 	C:\Program Files\Java\jdk-12.0.1\bin\msvcp140.dll
0x00007ffee86b0000 - 0x00007ffee9224000 	C:\Program Files\Java\jdk-12.0.1\bin\server\jvm.dll
0x00007fff06d60000 - 0x00007fff06d68000 	C:\WINDOWS\System32\PSAPI.DLL
0x00007ffee1df0000 - 0x00007ffee1df9000 	C:\WINDOWS\SYSTEM32\WSOCK32.dll
0x00007fff06f70000 - 0x00007fff06fdf000 	C:\WINDOWS\System32\WS2_32.dll
0x00007fff007d0000 - 0x00007fff007f4000 	C:\WINDOWS\SYSTEM32\WINMM.dll
0x00007fff007a0000 - 0x00007fff007cd000 	C:\WINDOWS\SYSTEM32\winmmbase.dll
0x00007ffef6d60000 - 0x00007ffef6d71000 	C:\Program Files\Java\jdk-12.0.1\bin\verify.dll
0x00007fff02f30000 - 0x00007fff03124000 	C:\WINDOWS\SYSTEM32\DBGHELP.DLL
0x00007ffef0f00000 - 0x00007ffef0f2a000 	C:\WINDOWS\SYSTEM32\dbgcore.DLL
0x00007ffef6d30000 - 0x00007ffef6d56000 	C:\Program Files\Java\jdk-12.0.1\bin\java.dll
0x00007ffef6b50000 - 0x00007ffef6b67000 	C:\Program Files\Java\jdk-12.0.1\bin\zip.dll
0x00007fff00ee0000 - 0x00007fff00eea000 	C:\Program Files\Java\jdk-12.0.1\bin\jimage.dll
0x00007ffef62b0000 - 0x00007ffef62c9000 	C:\Program Files\Java\jdk-12.0.1\bin\net.dll
0x00007ffef8d10000 - 0x00007ffef8e00000 	C:\WINDOWS\SYSTEM32\WINHTTP.dll
0x00007ffef7fa0000 - 0x00007ffef8176000 	C:\WINDOWS\SYSTEM32\urlmon.dll
0x00007ffef77e0000 - 0x00007ffef7a87000 	C:\WINDOWS\SYSTEM32\iertutil.dll
0x00007fff03f30000 - 0x00007fff03f3c000 	C:\WINDOWS\SYSTEM32\CRYPTBASE.DLL
0x00007fff03db0000 - 0x00007fff03e17000 	C:\WINDOWS\system32\mswsock.dll
0x00007ffef6290000 - 0x00007ffef62a3000 	C:\Program Files\Java\jdk-12.0.1\bin\nio.dll
0x00007fff038d0000 - 0x00007fff03903000 	C:\WINDOWS\system32\rsaenh.dll
0x00007fff04520000 - 0x00007fff04545000 	C:\WINDOWS\SYSTEM32\USERENV.dll
0x00007fff03a70000 - 0x00007fff03aaa000 	C:\WINDOWS\SYSTEM32\IPHLPAPI.DLL
0x00007fff06460000 - 0x00007fff06468000 	C:\WINDOWS\System32\NSI.dll
0x00007ffefa500000 - 0x00007ffefa516000 	C:\WINDOWS\SYSTEM32\dhcpcsvc6.DLL
0x00007ffefa4e0000 - 0x00007ffefa4fc000 	C:\WINDOWS\SYSTEM32\dhcpcsvc.DLL
0x00007fff03ab0000 - 0x00007fff03b7b000 	C:\WINDOWS\SYSTEM32\DNSAPI.dll
0x00007ffeff010000 - 0x00007ffeff019000 	C:\Program Files\Java\jdk-12.0.1\bin\management.dll
0x00007ffefef70000 - 0x00007ffefef7c000 	C:\Program Files\Java\jdk-12.0.1\bin\management_ext.dll
0x00007ffef0c30000 - 0x00007ffef0c46000 	C:\WINDOWS\system32\napinsp.dll
0x00007ffeef630000 - 0x00007ffeef64a000 	C:\WINDOWS\system32\pnrpnsp.dll
0x00007ffeef620000 - 0x00007ffeef62e000 	C:\WINDOWS\System32\winrnr.dll
0x00007fff00ec0000 - 0x00007fff00edc000 	C:\WINDOWS\system32\NLAapi.dll
0x00007fff00580000 - 0x00007fff00595000 	C:\WINDOWS\system32\wshbth.dll
0x00007ffef8c70000 - 0x00007ffef8c7a000 	C:\Windows\System32\rasadhlp.dll
0x00007ffefa170000 - 0x00007ffefa1e7000 	C:\WINDOWS\System32\fwpuclnt.dll
0x00007fff035b0000 - 0x00007fff035e1000 	C:\WINDOWS\SYSTEM32\ntmarta.dll
0x00007fff02400000 - 0x00007fff0248f000 	C:\WINDOWS\system32\apphelp.dll

dbghelp: loaded successfully - version: 4.0.5 - missing functions: none
symbol engine: initialized successfully - sym options: 0x614 - pdb path: .;C:\Program Files\Java\jdk-12.0.1\bin;C:\WINDOWS\SYSTEM32;C:\WINDOWS\WinSxS\amd64_microsoft.windows.common-controls_6595b64144ccf1df_6.0.18362.1256_none_9e7e379be45e40e2;C:\WINDOWS\system32\DriverStore\FileRepository\nvfm.inf_amd64_76974c92c44bbb6b;C:\Program Files\NVIDIA Corporation\CoProcManager;C:\Program Files\Java\jdk-12.0.1\bin\server

VM Arguments:
jvm_args: -Dorg.gradle.native=false -Xmx512m -Dfile.encoding=windows-1251 -Duser.country=RU -Duser.language=ru -Duser.variant -ea 
java_command: worker.org.gradle.process.internal.worker.GradleWorkerMain 'Gradle Test Executor 1'
java_class_path (initial): C:\\Gradle\\gradle-5.5\\caches\\6.7.1\\workerMain\\gradle-worker.jar;D:\\testExercise\\build\\classes\\java\\test;D:\\testExercise\\build\\resources\\test;D:\\testExercise\\build\\classes\\java\\main;D:\\testExercise\\build\\resources\\main;C:\\Gradle\\gradle-5.5\\caches\\modules-2\\files-2.1\\org.springframework.boot\\spring-boot-starter-data-mongodb-reactive\\2.4.1\\655a05dfabfab178a2365c40b762f2be67698d36\\spring-boot-starter-data-mongodb-reactive-2.4.1.jar;C:\\Gradle\\gradle-5.5\\caches\\modules-2\\files-2.1\\org.springframework.boot\\spring-boot-starter-webflux\\2.4.1\\e54535216a6b6becffc044fd8abff3e6011e576d\\spring-boot-starter-webflux-2.4.1.jar;C:\\Gradle\\gradle-5.5\\caches\\modules-2\\files-2.1\\org.springframework.boot\\spring-boot-starter-test\\2.4.1\\50147ab5f3b431a397d27e2c0af313b9147cd058\\spring-boot-starter-test-2.4.1.jar;C:\\Gradle\\gradle-5.5\\caches\\modules-2\\files-2.1\\de.flapdoodle.embed\\de.flapdoodle.embed.mongo\\2.2.0\\781d14f4e3d9eeb0b4c3e00a4ec165a04b3dc5c4\\de.flapdoodle.embed.mongo-2.2.0.jar;C:\\Gradle\\gradle-5.5\\caches\\modules-2\\files-2.1\\io.projectreactor\\reactor-test\\3.4.1\\ec8cef652db7d41ebf5967910872367b5423e989\\reactor-test-3.4.1.jar;C:\\Gradle\\gradle-5.5\\caches\\modules-2\\files-2.1\\org.springframework.boot\\spring-boot-starter-json\\2.4.1\\5a4b7088c88be531cb416ef218da3e19309f8cea\\spring-boot-starter-json-2.4.1.jar;C:\\Gradle\\gradle-5.5\\caches\\modules-2\\files-2.1\\org.springframework.boot\\spring-boot-starter\\2.4.1\\15d81ffe81e26de37986d491e1cf4c1e3a324ca3\\spring-boot-starter-2.4.1.jar;C:\\Gradle\\gradle-5.5\\caches\\modules-2\\files-2.1\\org.springframework\\spring-webflux\\5.3.2\\63fe694e07b0430991671eebac9fbb0ffba08483\\spring-webflux-5.3.2.jar;C:\\Gradle\\gradle-5.5\\caches\\modules-2\\files-2.1\\org.springframework.boot\\spring-boot-starter-reactor-netty\\2.4.1\\f4e512e25c75839c946b26756e18e7bee4307091\\spring-boot-starter-reactor-netty-2.4.1.jar;C:\\Gradle\\gradle-5.5\\caches\
Launcher Type: SUN_STANDARD

[Global flags]
     intx CICompilerCount                          = 3                                         {product} {ergonomic}
     uint ConcGCThreads                            = 1                                         {product} {ergonomic}
     uint G1ConcRefinementThreads                  = 4                                         {product} {ergonomic}
   size_t G1HeapRegionSize                         = 1048576                                   {product} {ergonomic}
    uintx GCDrainStackTargetSize                   = 64                                        {product} {ergonomic}
   size_t InitialHeapSize                          = 132120576                                 {product} {ergonomic}
   size_t MarkStackSize                            = 4194304                                   {product} {ergonomic}
   size_t MaxHeapSize                              = 536870912                                 {product} {command line}
   size_t MaxNewSize                               = 321912832                                 {product} {ergonomic}
   size_t MinHeapDeltaBytes                        = 1048576                                   {product} {ergonomic}
    uintx NonNMethodCodeHeapSize                   = 5830732                                {pd product} {ergonomic}
    uintx NonProfiledCodeHeapSize                  = 122913754                              {pd product} {ergonomic}
    uintx ProfiledCodeHeapSize                     = 122913754                              {pd product} {ergonomic}
    uintx ReservedCodeCacheSize                    = 251658240                              {pd product} {ergonomic}
     bool SegmentedCodeCache                       = true                                      {product} {ergonomic}
     bool UseCompressedClassPointers               = true                                 {lp64_product} {ergonomic}
     bool UseCompressedOops                        = true                                 {lp64_product} {ergonomic}
     bool UseG1GC                                  = true                                      {product} {ergonomic}
     bool UseLargePagesIndividualAllocation        = false                                  {pd product} {ergonomic}

Logging:
Log output configuration:
 #0: stdout all=warning uptime,level,tags
 #1: stderr all=off uptime,level,tags

Environment Variables:
JAVA_HOME=C:\Program Files\Java\jdk-12.0.1
PATH=C:\ProgramData\DockerDesktop\version-bin;C:\Program Files\Docker\Docker\Resources\bin;C:\WINDOWS\system32;C:\WINDOWS;C:\WINDOWS\System32\Wbem;C:\WINDOWS\System32\WindowsPowerShell\v1.0\;C:\WINDOWS\System32\OpenSSH\;C:\Program Files\Git\cmd;C:\Gradle\gradle-5.5\bin;C:\Go\bin;C:\Program Files\MySQL\MySQL Shell 8.0\bin\;C:\Users\Diana\AppData\Local\Microsoft\WindowsApps;;C:\Program Files\JetBrains\IntelliJ IDEA Community Edition 2019.1.3\bin;;C:\Users\Diana\go\bin;C:\Users\Diana\AppData\Local\Programs\Microsoft VS Code\bin
USERNAME=Diana
OS=Windows_NT
PROCESSOR_IDENTIFIER=Intel64 Family 6 Model 42 Stepping 7, GenuineIntel



---------------  S Y S T E M  ---------------

OS: Windows 10 , 64 bit Build 18362 (10.0.18362.1110)

CPU:total 4 (initial active 4) (2 cores per cpu, 2 threads per core) family 6 model 42 stepping 7, cmov, cx8, fxsr, mmx, sse, sse2, sse3, ssse3, sse4.1, sse4.2, popcnt, avx, clmul, ht, tsc, tscinvbit

Memory: 4k page, system-wide physical 8048M (615M free)
TotalPageFile size 8848M (AvailPageFile size 5M)
current process WorkingSet (physical memory assigned to process): 237M, peak: 237M
current process commit charge ("private bytes"): 263M, peak: 267M

vm_info: Java HotSpot(TM) 64-Bit Server VM (12.0.1+12) for windows-amd64 JRE (12.0.1+12), built on Apr  2 2019 14:02:19 by "mach5one" with MS VC++ 15.5 (VS2017)

END.
