#
# There is insufficient memory for the Java Runtime Environment to continue.
# Native memory allocation (mmap) failed to map 132120576 bytes for Failed to commit area from 0x0000000082200000 to 0x000000008a000000 of length 132120576.
# Possible reasons:
#   The system is out of physical RAM or swap space
#   The process is running with CompressedOops enabled, and the Java Heap may be blocking the growth of the native heap
# Possible solutions:
#   Reduce memory load on the system
#   Increase physical memory or swap space
#   Check if swap backing store is full
#   Decrease Java heap size (-Xmx/-Xms)
#   Decrease number of Java threads
#   Decrease Java thread stack sizes (-Xss)
#   Set larger code cache with -XX:ReservedCodeCacheSize=
# This output file may be truncated or incomplete.
#
#  Out of Memory Error (t:/workspace/open/src/hotspot/os/windows/os_windows.cpp:3254), pid=9556, tid=7648
#
# JRE version:  (12.0.1+12) (build )
# Java VM: Java HotSpot(TM) 64-Bit Server VM (12.0.1+12, mixed mode, aot, sharing, tiered, compressed oops, g1 gc, windows-amd64)
# No core dump will be written. Minidumps are not enabled by default on client versions of Windows
#

---------------  S U M M A R Y ------------

Command Line: -Xverify:none -XX:TieredStopAtLevel=1 -Dfile.encoding=windows-1251 -Duser.country=RU -Duser.language=ru -Duser.variant com.dskushnir.testExercise.TestExerciseApplication

Host: Intel(R) Core(TM) i3-2328M CPU @ 2.20GHz, 4 cores, 7G,  Windows 10 , 64 bit Build 18362 (10.0.18362.1110)
Time: Mon Jan 11 16:52:19 2021 Oeieyiaey (ceia) elapsed time: 0 seconds (0d 0h 0m 0s)

---------------  T H R E A D  ---------------

Current thread (0x0000021e03651800):  JavaThread "Unknown thread" [_thread_in_vm, id=7648, stack(0x0000005096f00000,0x0000005097000000)]

Stack: [0x0000005096f00000,0x0000005097000000]
Native frames: (J=compiled Java code, j=interpreted, Vv=VM code, C=native code)
V  [jvm.dll+0x63948a]
V  [jvm.dll+0x78b31f]
V  [jvm.dll+0x78c9c1]
V  [jvm.dll+0x78d013]
V  [jvm.dll+0x262138]
V  [jvm.dll+0x63698a]
V  [jvm.dll+0x62b505]
V  [jvm.dll+0x31d9bc]
V  [jvm.dll+0x31d7ef]
V  [jvm.dll+0x323526]
V  [jvm.dll+0x370f76]
V  [jvm.dll+0x370750]
V  [jvm.dll+0x2f786a]
V  [jvm.dll+0x2f8af2]
V  [jvm.dll+0x7657b7]
V  [jvm.dll+0x766e95]
V  [jvm.dll+0x37f089]
V  [jvm.dll+0x749b14]
V  [jvm.dll+0x3ee48d]
V  [jvm.dll+0x3f03c1]
C  [jli.dll+0x51cf]
C  [ucrtbase.dll+0x210b2]
C  [KERNEL32.DLL+0x17c24]
C  [ntdll.dll+0x6d4d1]


---------------  P R O C E S S  ---------------

Threads class SMR info:
_java_thread_list=0x00007ffee91848e8, length=0, elements={
}

Java Threads: ( => current thread )

Other Threads:
  0x0000021e03690000 GCTaskThread "GC Thread#0" [stack: 0x0000005097000000,0x0000005097100000] [id=612]
  0x0000021e1f4e2800 ConcurrentGCThread "G1 Main Marker" [stack: 0x0000005097100000,0x0000005097200000] [id=244]
  0x0000021e0369b000 ConcurrentGCThread "G1 Conc#0" [stack: 0x0000005097200000,0x0000005097300000] [id=9644]

[error occurred during error reporting (printing all threads), id 0xc0000005, EXCEPTION_ACCESS_VIOLATION (0xc0000005) at pc=0x00007ffee89b7a37]

VM state:not at safepoint (not fully initialized)

VM Mutex/Monitor currently owned by a thread:  ([mutex/lock_event])
[0x0000021e0364e0b0] Heap_lock - owner thread: 0x0000021e03651800

Heap address: 0x0000000082200000, size: 2014 MB, Compressed Oops mode: Non-zero based: 0x0000000082200000
Narrow klass base: 0x0000000000000000, Narrow klass shift: 0

GC Heap History (0 events):
No events

Deoptimization events (0 events):
No events

Classes redefined (0 events):
No events

Internal exceptions (0 events):
No events

Events (0 events):
No events


Dynamic libraries:
0x00007ff711670000 - 0x00007ff71167f000 	C:\Program Files\Java\jdk-12.0.1\bin\java.exe
0x00007fff07760000 - 0x00007fff07950000 	C:\WINDOWS\SYSTEM32\ntdll.dll
0x00007fff06830000 - 0x00007fff068e2000 	C:\WINDOWS\System32\KERNEL32.DLL
0x00007fff046d0000 - 0x00007fff04975000 	C:\WINDOWS\System32\KERNELBASE.dll
0x00007fff04ad0000 - 0x00007fff04bca000 	C:\WINDOWS\System32\ucrtbase.dll
0x00007ffefcfe0000 - 0x00007ffefcff6000 	C:\Program Files\Java\jdk-12.0.1\bin\VCRUNTIME140.dll
0x00007ffeff960000 - 0x00007ffeff978000 	C:\Program Files\Java\jdk-12.0.1\bin\jli.dll
0x00007fff063b0000 - 0x00007fff06453000 	C:\WINDOWS\System32\ADVAPI32.dll
0x00007fff05840000 - 0x00007fff058de000 	C:\WINDOWS\System32\msvcrt.dll
0x00007fff064e0000 - 0x00007fff06577000 	C:\WINDOWS\System32\sechost.dll
0x00007fff072c0000 - 0x00007fff073e0000 	C:\WINDOWS\System32\RPCRT4.dll
0x00007fff06d70000 - 0x00007fff06f04000 	C:\WINDOWS\System32\USER32.dll
0x00007fff04bd0000 - 0x00007fff04bf1000 	C:\WINDOWS\System32\win32u.dll
0x00007fff061f0000 - 0x00007fff06216000 	C:\WINDOWS\System32\GDI32.dll
0x00007fff053e0000 - 0x00007fff05576000 	C:\WINDOWS\System32\gdi32full.dll
0x00007fff049a0000 - 0x00007fff04a3e000 	C:\WINDOWS\System32\msvcp_win.dll
0x00007ffef71d0000 - 0x00007ffef7454000 	C:\WINDOWS\WinSxS\amd64_microsoft.windows.common-controls_6595b64144ccf1df_6.0.18362.1256_none_9e7e379be45e40e2\COMCTL32.dll
0x00007fff073e0000 - 0x00007fff07716000 	C:\WINDOWS\System32\combase.dll
0x00007fff04a40000 - 0x00007fff04ac1000 	C:\WINDOWS\System32\bcryptPrimitives.dll
0x00007fff04150000 - 0x00007fff0415a000 	C:\WINDOWS\SYSTEM32\VERSION.dll
0x00007fff05810000 - 0x00007fff0583e000 	C:\WINDOWS\System32\IMM32.DLL
0x00007fff04160000 - 0x00007fff04196000 	C:\WINDOWS\system32\DriverStore\FileRepository\nvfm.inf_amd64_76974c92c44bbb6b\nvinitx.dll
0x00007fff05a80000 - 0x00007fff06167000 	C:\WINDOWS\System32\Shell32.dll
0x00007fff05390000 - 0x00007fff053da000 	C:\WINDOWS\System32\cfgmgr32.dll
0x00007fff06720000 - 0x00007fff067c9000 	C:\WINDOWS\System32\shcore.dll
0x00007fff04c00000 - 0x00007fff05381000 	C:\WINDOWS\System32\windows.storage.dll
0x00007fff046a0000 - 0x00007fff046c3000 	C:\WINDOWS\System32\profapi.dll
0x00007fff04610000 - 0x00007fff0465a000 	C:\WINDOWS\System32\powrprof.dll
0x00007fff04600000 - 0x00007fff04610000 	C:\WINDOWS\System32\UMPDC.dll
0x00007fff06f10000 - 0x00007fff06f62000 	C:\WINDOWS\System32\shlwapi.dll
0x00007fff04660000 - 0x00007fff04671000 	C:\WINDOWS\System32\kernel.appcore.dll
0x00007fff04980000 - 0x00007fff04997000 	C:\WINDOWS\System32\cryptsp.dll
0x0000000059e00000 - 0x0000000059e06000 	C:\Program Files\NVIDIA Corporation\CoProcManager\_etoured.dll
0x00007ffef9da0000 - 0x00007ffef9de3000 	C:\Program Files\NVIDIA Corporation\CoProcManager\nvd3d9wrapx.dll
0x00007fff068f0000 - 0x00007fff06d60000 	C:\WINDOWS\System32\SETUPAPI.dll
0x00007fff05580000 - 0x00007fff055a6000 	C:\WINDOWS\System32\bcrypt.dll
0x00007fff031b0000 - 0x00007fff031d0000 	C:\WINDOWS\SYSTEM32\dxcore.dll
0x00007ffef9d70000 - 0x00007ffef9d9d000 	C:\Program Files\NVIDIA Corporation\CoProcManager\nvdxgiwrapx.dll
0x00007ffee9230000 - 0x00007ffee92da000 	C:\Program Files\Java\jdk-12.0.1\bin\msvcp140.dll
0x00007ffee86b0000 - 0x00007ffee9224000 	C:\Program Files\Java\jdk-12.0.1\bin\server\jvm.dll
0x00007fff06d60000 - 0x00007fff06d68000 	C:\WINDOWS\System32\PSAPI.DLL
0x00007ffee1df0000 - 0x00007ffee1df9000 	C:\WINDOWS\SYSTEM32\WSOCK32.dll
0x00007fff06f70000 - 0x00007fff06fdf000 	C:\WINDOWS\System32\WS2_32.dll
0x00007fff007d0000 - 0x00007fff007f4000 	C:\WINDOWS\SYSTEM32\WINMM.dll
0x00007fff007a0000 - 0x00007fff007cd000 	C:\WINDOWS\SYSTEM32\WINMMBASE.dll
0x00007ffef6d60000 - 0x00007ffef6d71000 	C:\Program Files\Java\jdk-12.0.1\bin\verify.dll
0x00007fff02f30000 - 0x00007fff03124000 	C:\WINDOWS\SYSTEM32\DBGHELP.DLL
0x00007ffef0f00000 - 0x00007ffef0f2a000 	C:\WINDOWS\SYSTEM32\dbgcore.DLL
0x00007ffef6d30000 - 0x00007ffef6d56000 	C:\Program Files\Java\jdk-12.0.1\bin\java.dll
0x00007ffef6b50000 - 0x00007ffef6b67000 	C:\Program Files\Java\jdk-12.0.1\bin\zip.dll
0x00007fff00ee0000 - 0x00007fff00eea000 	C:\Program Files\Java\jdk-12.0.1\bin\jimage.dll

dbghelp: loaded successfully - version: 4.0.5 - missing functions: none
symbol engine: initialized successfully - sym options: 0x614 - pdb path: .;C:\Program Files\Java\jdk-12.0.1\bin;C:\WINDOWS\SYSTEM32;C:\WINDOWS\WinSxS\amd64_microsoft.windows.common-controls_6595b64144ccf1df_6.0.18362.1256_none_9e7e379be45e40e2;C:\WINDOWS\system32\DriverStore\FileRepository\nvfm.inf_amd64_76974c92c44bbb6b;C:\Program Files\NVIDIA Corporation\CoProcManager;C:\Program Files\Java\jdk-12.0.1\bin\server

VM Arguments:
jvm_args: -Xverify:none -XX:TieredStopAtLevel=1 -Dfile.encoding=windows-1251 -Duser.country=RU -Duser.language=ru -Duser.variant 
java_command: com.dskushnir.testExercise.TestExerciseApplication
java_class_path (initial): D:\testExercise\build\classes\java\main;D:\testExercise\build\resources\main;C:\Gradle\gradle-5.5\caches\modules-2\files-2.1\org.springframework\spring-webflux\5.3.2\63fe694e07b0430991671eebac9fbb0ffba08483\spring-webflux-5.3.2.jar;C:\Gradle\gradle-5.5\caches\modules-2\files-2.1\io.projectreactor.netty\reactor-netty-http\1.0.2\377ac2970f5e6d20ce9f1ee98e791179d922e0b2\reactor-netty-http-1.0.2.jar;C:\Gradle\gradle-5.5\caches\modules-2\files-2.1\io.projectreactor.netty\reactor-netty-core\1.0.2\7739f8e986cb5e262b57576a1b8dddc4360bd14c\reactor-netty-core-1.0.2.jar;C:\Gradle\gradle-5.5\caches\modules-2\files-2.1\io.projectreactor\reactor-core\3.4.1\a443a39c29a2cc7b53c3d165afad456c78e5db2b\reactor-core-3.4.1.jar;C:\Gradle\gradle-5.5\caches\modules-2\files-2.1\org.mongodb\mongodb-driver-reactivestreams\4.1.1\2623286fa67c23a03e8c522cf2f1c4207c170b54\mongodb-driver-reactivestreams-4.1.1.jar;C:\Gradle\gradle-5.5\caches\modules-2\files-2.1\org.springframework.data\spring-data-mongodb\3.1.2\edb9d0bfbb930b84719b3c0c0a8c2743fbb58fb8\spring-data-mongodb-3.1.2.jar;C:\Gradle\gradle-5.5\caches\modules-2\files-2.1\org.springframework\spring-web\5.3.2\5ea6e1536ee6a70bb5c2efbd579c688c09a93a4b\spring-web-5.3.2.jar;C:\Gradle\gradle-5.5\caches\modules-2\files-2.1\org.springframework.boot\spring-boot-autoconfigure\2.4.1\9af62d8d15ee71efb9baf35dc5263fc953230ab1\spring-boot-autoconfigure-2.4.1.jar;C:\Gradle\gradle-5.5\caches\modules-2\files-2.1\org.springframework.boot\spring-boot\2.4.1\92bf6245c590b56ecb10d8d39ffe04ab0cdfee9\spring-boot-2.4.1.jar;C:\Gradle\gradle-5.5\caches\modules-2\files-2.1\jakarta.annotation\jakarta.annotation-api\1.3.5\59eb84ee0d616332ff44aba065f3888cf002cd2d\jakarta.annotation-api-1.3.5.jar;C:\Gradle\gradle-5.5\caches\modules-2\files-2.1\org.springframework\spring-tx\5.3.2\b0cd6f30a39666e28006a23059a600986dfcbbe1\spring-tx-5.3.2.jar;C:\Gradle\gradle-5.5\caches\modules-2\files-2.1\org.springframework\spring-context\5.3.2\83ff3909a582eceb5c8ae
Launcher Type: SUN_STANDARD

[Global flags]
     bool BytecodeVerificationLocal                = false                                     {product} {command line}
     bool BytecodeVerificationRemote               = false                                     {product} {command line}
     intx CICompilerCount                          = 3                                         {product} {ergonomic}
     uint ConcGCThreads                            = 1                                         {product} {ergonomic}
     uint G1ConcRefinementThreads                  = 4                                         {product} {ergonomic}
   size_t G1HeapRegionSize                         = 1048576                                   {product} {ergonomic}
    uintx GCDrainStackTargetSize                   = 64                                        {product} {ergonomic}
   size_t InitialHeapSize                          = 132120576                                 {product} {ergonomic}
   size_t MarkStackSize                            = 4194304                                   {product} {ergonomic}
   size_t MaxHeapSize                              = 2111832064                                {product} {ergonomic}
   size_t MinHeapDeltaBytes                        = 1048576                                   {product} {ergonomic}
    uintx NonNMethodCodeHeapSize                   = 6973028                                {pd product} {ergonomic}
    uintx NonProfiledCodeHeapSize                  = 244685212                              {pd product} {ergonomic}
    uintx ProfiledCodeHeapSize                     = 0                                      {pd product} {ergonomic}
    uintx ReservedCodeCacheSize                    = 251658240                              {pd product} {ergonomic}
     bool SegmentedCodeCache                       = true                                      {product} {ergonomic}
     intx TieredStopAtLevel                        = 1                                         {product} {command line}
     bool UseCompressedClassPointers               = true                                 {lp64_product} {ergonomic}
     bool UseCompressedOops                        = true                                 {lp64_product} {ergonomic}
     bool UseG1GC                                  = true                                      {product} {ergonomic}
     bool UseLargePagesIndividualAllocation        = false                                  {pd product} {ergonomic}

Logging:
Log output configuration:
 #0: stdout all=warning uptime,level,tags
 #1: stderr all=off uptime,level,tags

Environment Variables:
JAVA_HOME=C:\Program Files\Java\jdk-12.0.1
PATH=C:\ProgramData\DockerDesktop\version-bin;C:\Program Files\Docker\Docker\Resources\bin;C:\WINDOWS\system32;C:\WINDOWS;C:\WINDOWS\System32\Wbem;C:\WINDOWS\System32\WindowsPowerShell\v1.0\;C:\WINDOWS\System32\OpenSSH\;C:\Program Files\Git\cmd;C:\Gradle\gradle-5.5\bin;C:\Go\bin;C:\Program Files\MySQL\MySQL Shell 8.0\bin\;C:\Users\Diana\AppData\Local\Microsoft\WindowsApps;;C:\Program Files\JetBrains\IntelliJ IDEA Community Edition 2019.1.3\bin;;C:\Users\Diana\go\bin;C:\Users\Diana\AppData\Local\Programs\Microsoft VS Code\bin
USERNAME=Diana
OS=Windows_NT
PROCESSOR_IDENTIFIER=Intel64 Family 6 Model 42 Stepping 7, GenuineIntel



---------------  S Y S T E M  ---------------

OS: Windows 10 , 64 bit Build 18362 (10.0.18362.1110)

CPU:total 4 (initial active 4) (2 cores per cpu, 2 threads per core) family 6 model 42 stepping 7, cmov, cx8, fxsr, mmx, sse, sse2, sse3, ssse3, sse4.1, sse4.2, popcnt, avx, clmul, ht, tsc, tscinvbit

Memory: 4k page, system-wide physical 8048M (1015M free)
TotalPageFile size 8840M (AvailPageFile size 99M)
current process WorkingSet (physical memory assigned to process): 12M, peak: 12M
current process commit charge ("private bytes"): 50M, peak: 176M

vm_info: Java HotSpot(TM) 64-Bit Server VM (12.0.1+12) for windows-amd64 JRE (12.0.1+12), built on Apr  2 2019 14:02:19 by "mach5one" with MS VC++ 15.5 (VS2017)

END.
