#
# There is insufficient memory for the Java Runtime Environment to continue.
# Native memory allocation (malloc) failed to allocate 403536 bytes for Chunk::new
# Possible reasons:
#   The system is out of physical RAM or swap space
#   The process is running with CompressedOops enabled, and the Java Heap may be blocking the growth of the native heap
# Possible solutions:
#   Reduce memory load on the system
#   Increase physical memory or swap space
#   Check if swap backing store is full
#   Decrease Java heap size (-Xmx/-Xms)
#   Decrease number of Java threads
#   Decrease Java thread stack sizes (-Xss)
#   Set larger code cache with -XX:ReservedCodeCacheSize=
#   JVM is running with Unscaled Compressed Oops mode in which the Java heap is
#     placed in the first 4GB address space. The Java Heap base address is the
#     maximum limit for the native heap growth. Please use -XX:HeapBaseMinAddress
#     to set the Java Heap base and to place the Java Heap above 4GB virtual address.
# This output file may be truncated or incomplete.
#
#  Out of Memory Error (t:/workspace/open/src/hotspot/share/memory/arena.cpp:197), pid=9536, tid=8104
#
# JRE version: Java(TM) SE Runtime Environment (12.0.1+12) (build 12.0.1+12)
# Java VM: Java HotSpot(TM) 64-Bit Server VM (12.0.1+12, mixed mode, sharing, tiered, compressed oops, g1 gc, windows-amd64)
# No core dump will be written. Minidumps are not enabled by default on client versions of Windows
#

---------------  S U M M A R Y ------------

Command Line: --add-opens=java.base/java.util=ALL-UNNAMED --add-opens=java.base/java.lang=ALL-UNNAMED --add-opens=java.base/java.lang.invoke=ALL-UNNAMED --add-opens=java.prefs/java.util.prefs=ALL-UNNAMED -XX:MaxMetaspaceSize=256m -XX:+HeapDumpOnOutOfMemoryError -Xms256m -Xmx512m -Dfile.encoding=windows-1251 -Duser.country=RU -Duser.language=ru -Duser.variant org.gradle.launcher.daemon.bootstrap.GradleDaemon 6.7.1

Host: Intel(R) Core(TM) i3-2328M CPU @ 2.20GHz, 4 cores, 7G,  Windows 10 , 64 bit Build 18362 (10.0.18362.1110)
Time: Sun Jan 10 17:55:27 2021 Oeieyiaey (ceia) elapsed time: 4743 seconds (0d 1h 19m 3s)

---------------  T H R E A D  ---------------

Current thread (0x0000026c00035800):  JavaThread "C2 CompilerThread0" daemon [_thread_in_native, id=8104, stack(0x000000a13d200000,0x000000a13d300000)]


Current CompileTask:
C2:4743007 13963       4       java.io.FilterOutputStream::write (9 bytes)

Stack: [0x000000a13d200000,0x000000a13d300000]
Native frames: (J=compiled Java code, j=interpreted, Vv=VM code, C=native code)
V  [jvm.dll+0x63948a]
V  [jvm.dll+0x78b31f]
V  [jvm.dll+0x78c9c1]
V  [jvm.dll+0x78d013]
V  [jvm.dll+0x262138]
V  [jvm.dll+0xc582c]
V  [jvm.dll+0xc5dac]
V  [jvm.dll+0x379662]
V  [jvm.dll+0x1aee00]
V  [jvm.dll+0x21c142]
V  [jvm.dll+0x21b20a]
V  [jvm.dll+0x199890]
V  [jvm.dll+0x22a534]
V  [jvm.dll+0x228b88]
V  [jvm.dll+0x74f660]
V  [jvm.dll+0x748648]
V  [jvm.dll+0x638566]
C  [ucrtbase.dll+0x210b2]
C  [KERNEL32.DLL+0x17c24]
C  [ntdll.dll+0x6d4d1]


---------------  P R O C E S S  ---------------

Threads class SMR info:
_java_thread_list=0x0000026c01abd3b0, length=69, elements={
0x0000026c64a42800, 0x0000026c00014000, 0x0000026c00015800, 0x0000026c00031000,
0x0000026c00032000, 0x0000026c00035800, 0x0000026c00037000, 0x0000026c00045000,
0x0000026c00188000, 0x0000026c00195800, 0x0000026c004a5800, 0x0000026c0238f000,
0x0000026c0144f800, 0x0000026c02a47000, 0x0000026c02a45000, 0x0000026c02a48800,
0x0000026c02a4a000, 0x0000026c02622800, 0x0000026c05bf7000, 0x0000026c02a46000,
0x0000026c05bf7800, 0x0000026c05bfa000, 0x0000026c05c02800, 0x0000026c05c03000,
0x0000026c02626800, 0x0000026c02629000, 0x0000026c02627800, 0x0000026c02628000,
0x0000026c02624000, 0x0000026c02623800, 0x0000026c0262a000, 0x0000026c02625000,
0x0000026c0262a800, 0x0000026c0262c800, 0x0000026c0262e800, 0x0000026c0262b800,
0x0000026c0262f800, 0x0000026c02630800, 0x0000026c0262d000, 0x0000026c02a49800,
0x0000026c02a47800, 0x0000026c02a43800, 0x0000026c02a44800, 0x0000026c05bf8800,
0x0000026c05bf9800, 0x0000026c05bfb000, 0x0000026c05bf5800, 0x0000026c05bfc000,
0x0000026c05bf6000, 0x0000026c05bfc800, 0x0000026c05c00800, 0x0000026c05c00000,
0x0000026c05bfe800, 0x0000026c05bfd800, 0x0000026c05c01800, 0x0000026c05bff000,
0x0000026c05c04000, 0x0000026c01f89800, 0x0000026c01f8b000, 0x0000026c01f8d000,
0x0000026c01f88800, 0x0000026c01f8c000, 0x0000026c01f92800, 0x0000026c01f8e800,
0x0000026c01f8f800, 0x0000026c01f90000, 0x0000026c01f8a800, 0x0000026c01f8d800,
0x0000026c01f91000
}

Java Threads: ( => current thread )
  0x0000026c64a42800 JavaThread "main" [_thread_blocked, id=10228, stack(0x000000a13c700000,0x000000a13c800000)]
  0x0000026c00014000 JavaThread "Reference Handler" daemon [_thread_blocked, id=1396, stack(0x000000a13ce00000,0x000000a13cf00000)]
  0x0000026c00015800 JavaThread "Finalizer" daemon [_thread_blocked, id=7936, stack(0x000000a13cf00000,0x000000a13d000000)]
  0x0000026c00031000 JavaThread "Signal Dispatcher" daemon [_thread_blocked, id=6316, stack(0x000000a13d000000,0x000000a13d100000)]
  0x0000026c00032000 JavaThread "Attach Listener" daemon [_thread_blocked, id=9848, stack(0x000000a13d100000,0x000000a13d200000)]
=>0x0000026c00035800 JavaThread "C2 CompilerThread0" daemon [_thread_in_native, id=8104, stack(0x000000a13d200000,0x000000a13d300000)]
  0x0000026c00037000 JavaThread "C1 CompilerThread0" daemon [_thread_blocked, id=6492, stack(0x000000a13d300000,0x000000a13d400000)]
  0x0000026c00045000 JavaThread "Sweeper thread" daemon [_thread_blocked, id=5196, stack(0x000000a13d400000,0x000000a13d500000)]
  0x0000026c00188000 JavaThread "Common-Cleaner" daemon [_thread_blocked, id=7292, stack(0x000000a13d500000,0x000000a13d600000)]
  0x0000026c00195800 JavaThread "Service Thread" daemon [_thread_blocked, id=5576, stack(0x000000a13d600000,0x000000a13d700000)]
  0x0000026c004a5800 JavaThread "Daemon health stats" [_thread_blocked, id=10212, stack(0x000000a13dc00000,0x000000a13dd00000)]
  0x0000026c0238f000 JavaThread "Incoming local TCP Connector on port 57669" [_thread_in_native, id=4484, stack(0x000000a13de00000,0x000000a13df00000)]
  0x0000026c0144f800 JavaThread "Daemon periodic checks" [_thread_blocked, id=10236, stack(0x000000a13df00000,0x000000a13e000000)]
  0x0000026c02a47000 JavaThread "Cache worker for file hash cache (C:\Gradle\gradle-5.5\caches\6.7.1\fileHashes)" [_thread_blocked, id=2792, stack(0x000000a13e700000,0x000000a13e800000)]
  0x0000026c02a45000 JavaThread "File lock request listener" [_thread_in_native, id=6428, stack(0x000000a13e800000,0x000000a13e900000)]
  0x0000026c02a48800 JavaThread "Cache worker for journal cache (C:\Gradle\gradle-5.5\caches\journal-1)" [_thread_blocked, id=5496, stack(0x000000a13e900000,0x000000a13ea00000)]
  0x0000026c02a4a000 JavaThread "Cache worker for execution history cache (C:\Gradle\gradle-5.5\caches\6.7.1\executionHistory)" [_thread_blocked, id=8240, stack(0x000000a13ef00000,0x000000a13f000000)]
  0x0000026c02622800 JavaThread "Cache worker for file content cache (C:\Gradle\gradle-5.5\caches\6.7.1\fileContent)" [_thread_blocked, id=1880, stack(0x000000a13f000000,0x000000a13f100000)]
  0x0000026c05bf7000 JavaThread "Memory manager" [_thread_blocked, id=2504, stack(0x000000a140700000,0x000000a140800000)]
  0x0000026c02a46000 JavaThread "Cache worker for Java compile cache (C:\Gradle\gradle-5.5\caches\6.7.1\javaCompile)" [_thread_blocked, id=3048, stack(0x000000a140c00000,0x000000a140d00000)]
  0x0000026c05bf7800 JavaThread "Daemon Thread 2" [_thread_blocked, id=7888, stack(0x000000a13c400000,0x000000a13c500000)]
  0x0000026c05bfa000 JavaThread "Daemon worker Thread 2" [_thread_blocked, id=8040, stack(0x000000a13db00000,0x000000a13dc00000)]
  0x0000026c05c02800 JavaThread "jar transforms Thread 35" [_thread_blocked, id=2164, stack(0x000000a13ee00000,0x000000a13ef00000)]
  0x0000026c05c03000 JavaThread "jar transforms Thread 36" [_thread_blocked, id=1424, stack(0x000000a13f100000,0x000000a13f200000)]
  0x0000026c02626800 JavaThread "jar transforms Thread 37" [_thread_blocked, id=6100, stack(0x000000a13f200000,0x000000a13f300000)]
  0x0000026c02629000 JavaThread "jar transforms Thread 38" [_thread_blocked, id=8776, stack(0x000000a13f300000,0x000000a13f400000)]
  0x0000026c02627800 JavaThread "jar transforms Thread 39" [_thread_blocked, id=10216, stack(0x000000a13f400000,0x000000a13f500000)]
  0x0000026c02628000 JavaThread "jar transforms Thread 40" [_thread_blocked, id=9672, stack(0x000000a13f500000,0x000000a13f600000)]
  0x0000026c02624000 JavaThread "jar transforms Thread 41" [_thread_blocked, id=1620, stack(0x000000a13f600000,0x000000a13f700000)]
  0x0000026c02623800 JavaThread "jar transforms Thread 42" [_thread_blocked, id=3808, stack(0x000000a13f700000,0x000000a13f800000)]
  0x0000026c0262a000 JavaThread "jar transforms Thread 43" [_thread_blocked, id=6988, stack(0x000000a13f800000,0x000000a13f900000)]
  0x0000026c02625000 JavaThread "jar transforms Thread 44" [_thread_blocked, id=9584, stack(0x000000a13f900000,0x000000a13fa00000)]
  0x0000026c0262a800 JavaThread "jar transforms Thread 45" [_thread_blocked, id=3916, stack(0x000000a13fa00000,0x000000a13fb00000)]
  0x0000026c0262c800 JavaThread "jar transforms Thread 46" [_thread_blocked, id=3560, stack(0x000000a13fb00000,0x000000a13fc00000)]
  0x0000026c0262e800 JavaThread "jar transforms Thread 47" [_thread_blocked, id=7864, stack(0x000000a13fc00000,0x000000a13fd00000)]
  0x0000026c0262b800 JavaThread "jar transforms Thread 48" [_thread_blocked, id=4456, stack(0x000000a13fd00000,0x000000a13fe00000)]
  0x0000026c0262f800 JavaThread "jar transforms Thread 49" [_thread_blocked, id=4488, stack(0x000000a13fe00000,0x000000a13ff00000)]
  0x0000026c02630800 JavaThread "jar transforms Thread 50" [_thread_blocked, id=7060, stack(0x000000a13ff00000,0x000000a140000000)]
  0x0000026c0262d000 JavaThread "jar transforms Thread 51" [_thread_blocked, id=2524, stack(0x000000a140000000,0x000000a140100000)]
  0x0000026c02a49800 JavaThread "Handler for socket connection from /127.0.0.1:57669 to /127.0.0.1:62808" [_thread_in_native, id=9804, stack(0x000000a13c500000,0x000000a13c600000)]
  0x0000026c02a47800 JavaThread "Cancel handler" [_thread_blocked, id=3752, stack(0x000000a13c600000,0x000000a13c700000)]
  0x0000026c02a43800 JavaThread "Asynchronous log dispatcher for DefaultDaemonConnection: socket connection from /127.0.0.1:57669 to /127.0.0.1:62808" [_thread_blocked, id=5848, stack(0x000000a13dd00000,0x000000a13de00000)]
  0x0000026c02a44800 JavaThread "Stdin handler" [_thread_blocked, id=9296, stack(0x000000a13e000000,0x000000a13e100000)]
  0x0000026c05bf8800 JavaThread "Thread-153" [_thread_blocked, id=2248, stack(0x000000a13e100000,0x000000a13e200000)]
  0x0000026c05bf9800 JavaThread "Cache worker for file hash cache (D:\testExercise\.gradle\6.7.1\fileHashes)" [_thread_blocked, id=5412, stack(0x000000a13e200000,0x000000a13e300000)]
  0x0000026c05bfb000 JavaThread "Cache worker for checksums cache (D:\testExercise\.gradle\checksums)" [_thread_blocked, id=9620, stack(0x000000a13e300000,0x000000a13e400000)]
  0x0000026c05bf5800 JavaThread "Cache worker for cache directory md-supplier (C:\Gradle\gradle-5.5\caches\6.7.1\md-supplier)" [_thread_blocked, id=9816, stack(0x000000a13e400000,0x000000a13e500000)]
  0x0000026c05bfc000 JavaThread "Cache worker for cache directory md-rule (C:\Gradle\gradle-5.5\caches\6.7.1\md-rule)" [_thread_blocked, id=6380, stack(0x000000a13e500000,0x000000a13e600000)]
  0x0000026c05bf6000 JavaThread "Cache worker for Build Output Cleanup Cache (D:\testExercise\.gradle\buildOutputCleanup)" [_thread_blocked, id=4304, stack(0x000000a13e600000,0x000000a13e700000)]
  0x0000026c05bfc800 JavaThread "Build operations" [_thread_blocked, id=7756, stack(0x000000a13ea00000,0x000000a13eb00000)]
  0x0000026c05c00800 JavaThread "Build operations Thread 2" [_thread_blocked, id=4216, stack(0x000000a13eb00000,0x000000a13ec00000)]
  0x0000026c05c00000 JavaThread "Build operations Thread 3" [_thread_blocked, id=7488, stack(0x000000a13ec00000,0x000000a13ed00000)]
  0x0000026c05bfe800 JavaThread "Build operations Thread 4" [_thread_blocked, id=9100, stack(0x000000a13ed00000,0x000000a13ee00000)]
  0x0000026c05bfd800 JavaThread "Execution worker for ':'" [_thread_blocked, id=6812, stack(0x000000a140100000,0x000000a140200000)]
  0x0000026c05c01800 JavaThread "Execution worker for ':' Thread 2" [_thread_blocked, id=6224, stack(0x000000a140200000,0x000000a140300000)]
  0x0000026c05bff000 JavaThread "Execution worker for ':' Thread 3" [_thread_blocked, id=3312, stack(0x000000a140300000,0x000000a140400000)]
  0x0000026c05c04000 JavaThread "Cache worker for execution history cache (D:\testExercise\.gradle\6.7.1\executionHistory)" [_thread_blocked, id=5716, stack(0x000000a140400000,0x000000a140500000)]
  0x0000026c01f89800 JavaThread "Cache worker for Java compile cache (D:\testExercise\.gradle\6.7.1\javaCompile)" [_thread_blocked, id=1548, stack(0x000000a140600000,0x000000a140700000)]
  0x0000026c01f8b000 JavaThread "Dispatch org.gradle.api.internal.tasks.testing.results.AttachParentTestResultProcessor@306edf16" [_thread_blocked, id=9964, stack(0x000000a140800000,0x000000a140900000)]
  0x0000026c01f8d000 JavaThread "Dispatch org.gradle.api.internal.tasks.testing.processors.RestartEveryNTestClassProcessor@59c64586" [_thread_blocked, id=4328, stack(0x000000a140900000,0x000000a140a00000)]
  0x0000026c01f88800 JavaThread "Incoming local TCP Connector on port 62825" [_thread_blocked, id=9932, stack(0x000000a140a00000,0x000000a140b00000)]
  0x0000026c01f8c000 JavaThread "Exec process Thread 5" [_thread_in_native, id=8592, stack(0x000000a140b00000,0x000000a140c00000)]
  0x0000026c01f92800 JavaThread "Exec process Thread 6" [_thread_blocked, id=2944, stack(0x000000a140e00000,0x000000a140f00000)]
  0x0000026c01f8e800 JavaThread "Exec process Thread 7" [_thread_in_native, id=244, stack(0x000000a140f00000,0x000000a141000000)]
  0x0000026c01f8f800 JavaThread "Exec process Thread 8" [_thread_in_native, id=7848, stack(0x000000a141000000,0x000000a141100000)]
  0x0000026c01f90000 JavaThread "/127.0.0.1:62825 to /127.0.0.1:62826 workers" [_thread_blocked, id=1752, stack(0x000000a140d00000,0x000000a140e00000)]
  0x0000026c01f8a800 JavaThread "/127.0.0.1:62825 to /127.0.0.1:62826 workers Thread 2" [_thread_blocked, id=9736, stack(0x000000a141100000,0x000000a141200000)]
  0x0000026c01f8d800 JavaThread "/127.0.0.1:62825 to /127.0.0.1:62826 workers Thread 3" [_thread_blocked, id=8736, stack(0x000000a140500000,0x000000a140600000)]
  0x0000026c01f91000 JavaThread "/127.0.0.1:62825 to /127.0.0.1:62826 workers Thread 4" [_thread_in_native, id=9160, stack(0x000000a141200000,0x000000a141300000)]

Other Threads:
  0x0000026c00013000 VMThread "VM Thread" [stack: 0x000000a13cd00000,0x000000a13ce00000] [id=6720]
  0x0000026c0019c800 WatcherThread [stack: 0x000000a13d700000,0x000000a13d800000] [id=4468]
  0x0000026c64a65000 GCTaskThread "GC Thread#0" [stack: 0x000000a13c800000,0x000000a13c900000] [id=5708]
  0x0000026c003fe800 GCTaskThread "GC Thread#1" [stack: 0x000000a13d800000,0x000000a13d900000] [id=10168]
  0x0000026c0060b000 GCTaskThread "GC Thread#2" [stack: 0x000000a13d900000,0x000000a13da00000] [id=10176]
  0x0000026c001eb800 GCTaskThread "GC Thread#3" [stack: 0x000000a13da00000,0x000000a13db00000] [id=10184]
  0x0000026c64a69800 ConcurrentGCThread "G1 Main Marker" [stack: 0x000000a13c900000,0x000000a13ca00000] [id=5616]
  0x0000026c64a6c800 ConcurrentGCThread "G1 Conc#0" [stack: 0x000000a13ca00000,0x000000a13cb00000] [id=1172]
  0x0000026c7f4cb800 ConcurrentGCThread "G1 Refine#0" [stack: 0x000000a13cb00000,0x000000a13cc00000] [id=4880]
  0x0000026c7f4ce800 ConcurrentGCThread "G1 Young RemSet Sampling" [stack: 0x000000a13cc00000,0x000000a13cd00000] [id=9600]

Threads with active compile tasks:
C2 CompilerThread0  13963       4       java.io.FilterOutputStream::write (9 bytes)

VM state:not at safepoint (normal execution)

VM Mutex/Monitor currently owned by a thread: None

Heap address: 0x00000000e0000000, size: 512 MB, Compressed Oops mode: 32-bit
Narrow klass base: 0x0000000800000000, Narrow klass shift: 3
Compressed class space size: 260046848 Address: 0x00000008011a0000

Heap:
 garbage-first heap   total 262144K, used 134219K [0x00000000e0000000, 0x0000000100000000)
  region size 1024K, 58 young (59392K), 14 survivors (14336K)
 Metaspace       used 66669K, capacity 68880K, committed 69036K, reserved 315392K
  class space    used 8480K, capacity 9270K, committed 9388K, reserved 253952K
Heap Regions: E=young(eden), S=young(survivor), O=old, HS=humongous(starts), HC=humongous(continues), CS=collection set, F=free, A=archive, TAMS=top-at-mark-start (previous, next)
|   0|0x00000000e0000000, 0x00000000e0100000, 0x00000000e0100000|100%| O|  |TAMS 0x00000000e0100000, 0x00000000e0000000| Untracked 
|   1|0x00000000e0100000, 0x00000000e0200000, 0x00000000e0200000|100%| O|  |TAMS 0x00000000e0200000, 0x00000000e0100000| Untracked 
|   2|0x00000000e0200000, 0x00000000e0300000, 0x00000000e0300000|100%| O|  |TAMS 0x00000000e0300000, 0x00000000e0200000| Untracked 
|   3|0x00000000e0300000, 0x00000000e0400000, 0x00000000e0400000|100%|HS|  |TAMS 0x00000000e0400000, 0x00000000e0300000| Complete 
|   4|0x00000000e0400000, 0x00000000e0500000, 0x00000000e0500000|100%|HC|  |TAMS 0x00000000e0500000, 0x00000000e0400000| Complete 
|   5|0x00000000e0500000, 0x00000000e0600000, 0x00000000e0600000|100%|HC|  |TAMS 0x00000000e0600000, 0x00000000e0500000| Complete 
|   6|0x00000000e0600000, 0x00000000e0700000, 0x00000000e0700000|100%| O|  |TAMS 0x00000000e0700000, 0x00000000e0600000| Untracked 
|   7|0x00000000e0700000, 0x00000000e0800000, 0x00000000e0800000|100%| O|  |TAMS 0x00000000e0800000, 0x00000000e0700000| Untracked 
|   8|0x00000000e0800000, 0x00000000e0900000, 0x00000000e0900000|100%| O|  |TAMS 0x00000000e0900000, 0x00000000e0800000| Untracked 
|   9|0x00000000e0900000, 0x00000000e0a00000, 0x00000000e0a00000|100%| O|  |TAMS 0x00000000e0a00000, 0x00000000e0900000| Untracked 
|  10|0x00000000e0a00000, 0x00000000e0b00000, 0x00000000e0b00000|100%| O|  |TAMS 0x00000000e0b00000, 0x00000000e0a00000| Untracked 
|  11|0x00000000e0b00000, 0x00000000e0c00000, 0x00000000e0c00000|100%| O|  |TAMS 0x00000000e0c00000, 0x00000000e0b00000| Untracked 
|  12|0x00000000e0c00000, 0x00000000e0d00000, 0x00000000e0d00000|100%| O|  |TAMS 0x00000000e0d00000, 0x00000000e0c00000| Untracked 
|  13|0x00000000e0d00000, 0x00000000e0e00000, 0x00000000e0e00000|100%| O|  |TAMS 0x00000000e0e00000, 0x00000000e0d00000| Untracked 
|  14|0x00000000e0e00000, 0x00000000e0f00000, 0x00000000e0f00000|100%| O|  |TAMS 0x00000000e0f00000, 0x00000000e0e00000| Untracked 
|  15|0x00000000e0f00000, 0x00000000e1000000, 0x00000000e1000000|100%| O|  |TAMS 0x00000000e1000000, 0x00000000e0f00000| Untracked 
|  16|0x00000000e1000000, 0x00000000e1100000, 0x00000000e1100000|100%| O|  |TAMS 0x00000000e1100000, 0x00000000e1000000| Untracked 
|  17|0x00000000e1100000, 0x00000000e1200000, 0x00000000e1200000|100%| O|  |TAMS 0x00000000e1200000, 0x00000000e1100000| Untracked 
|  18|0x00000000e1200000, 0x00000000e1300000, 0x00000000e1300000|100%| O|  |TAMS 0x00000000e1300000, 0x00000000e1200000| Untracked 
|  19|0x00000000e1300000, 0x00000000e1400000, 0x00000000e1400000|100%| O|  |TAMS 0x00000000e1400000, 0x00000000e1300000| Untracked 
|  20|0x00000000e1400000, 0x00000000e1500000, 0x00000000e1500000|100%| O|  |TAMS 0x00000000e1500000, 0x00000000e1400000| Untracked 
|  21|0x00000000e1500000, 0x00000000e1600000, 0x00000000e1600000|100%| O|  |TAMS 0x00000000e1600000, 0x00000000e1500000| Untracked 
|  22|0x00000000e1600000, 0x00000000e1700000, 0x00000000e1700000|100%| O|  |TAMS 0x00000000e16e1a00, 0x00000000e1600000| Untracked 
|  23|0x00000000e1700000, 0x00000000e1800000, 0x00000000e1800000|100%| O|  |TAMS 0x00000000e1700000, 0x00000000e1700000| Untracked 
|  24|0x00000000e1800000, 0x00000000e1900000, 0x00000000e1900000|100%| O|  |TAMS 0x00000000e1800000, 0x00000000e1800000| Untracked 
|  25|0x00000000e1900000, 0x00000000e1a00000, 0x00000000e1a00000|100%| O|  |TAMS 0x00000000e1900000, 0x00000000e1900000| Untracked 
|  26|0x00000000e1a00000, 0x00000000e1b00000, 0x00000000e1b00000|100%| O|  |TAMS 0x00000000e1a00000, 0x00000000e1a00000| Untracked 
|  27|0x00000000e1b00000, 0x00000000e1c00000, 0x00000000e1c00000|100%| O|  |TAMS 0x00000000e1b00000, 0x00000000e1b00000| Untracked 
|  28|0x00000000e1c00000, 0x00000000e1d00000, 0x00000000e1d00000|100%| O|  |TAMS 0x00000000e1c00000, 0x00000000e1c00000| Untracked 
|  29|0x00000000e1d00000, 0x00000000e1e00000, 0x00000000e1e00000|100%| O|  |TAMS 0x00000000e1d00000, 0x00000000e1d00000| Untracked 
|  30|0x00000000e1e00000, 0x00000000e1f00000, 0x00000000e1f00000|100%| O|  |TAMS 0x00000000e1e00000, 0x00000000e1e00000| Untracked 
|  31|0x00000000e1f00000, 0x00000000e2000000, 0x00000000e2000000|100%| O|  |TAMS 0x00000000e1f00000, 0x00000000e1f00000| Untracked 
|  32|0x00000000e2000000, 0x00000000e2100000, 0x00000000e2100000|100%| O|  |TAMS 0x00000000e2000000, 0x00000000e2000000| Untracked 
|  33|0x00000000e2100000, 0x00000000e2200000, 0x00000000e2200000|100%| O|  |TAMS 0x00000000e2100000, 0x00000000e2100000| Untracked 
|  34|0x00000000e2200000, 0x00000000e2300000, 0x00000000e2300000|100%| O|  |TAMS 0x00000000e2200000, 0x00000000e2200000| Untracked 
|  35|0x00000000e2300000, 0x00000000e2400000, 0x00000000e2400000|100%| O|  |TAMS 0x00000000e2300000, 0x00000000e2300000| Untracked 
|  36|0x00000000e2400000, 0x00000000e2500000, 0x00000000e2500000|100%| O|  |TAMS 0x00000000e2400000, 0x00000000e2400000| Untracked 
|  37|0x00000000e2500000, 0x00000000e2600000, 0x00000000e2600000|100%| O|  |TAMS 0x00000000e2500000, 0x00000000e2500000| Untracked 
|  38|0x00000000e2600000, 0x00000000e2700000, 0x00000000e2700000|100%| O|  |TAMS 0x00000000e2600000, 0x00000000e2600000| Untracked 
|  39|0x00000000e2700000, 0x00000000e2800000, 0x00000000e2800000|100%| O|  |TAMS 0x00000000e2700000, 0x00000000e2700000| Untracked 
|  40|0x00000000e2800000, 0x00000000e2900000, 0x00000000e2900000|100%| O|  |TAMS 0x00000000e2800000, 0x00000000e2800000| Untracked 
|  41|0x00000000e2900000, 0x00000000e2a00000, 0x00000000e2a00000|100%| O|  |TAMS 0x00000000e2900000, 0x00000000e2900000| Untracked 
|  42|0x00000000e2a00000, 0x00000000e2b00000, 0x00000000e2b00000|100%| O|  |TAMS 0x00000000e2a00000, 0x00000000e2a00000| Untracked 
|  43|0x00000000e2b00000, 0x00000000e2c00000, 0x00000000e2c00000|100%| O|  |TAMS 0x00000000e2b00000, 0x00000000e2b00000| Untracked 
|  44|0x00000000e2c00000, 0x00000000e2d00000, 0x00000000e2d00000|100%| O|  |TAMS 0x00000000e2c00000, 0x00000000e2c00000| Untracked 
|  45|0x00000000e2d00000, 0x00000000e2e00000, 0x00000000e2e00000|100%| O|  |TAMS 0x00000000e2d00000, 0x00000000e2d00000| Untracked 
|  46|0x00000000e2e00000, 0x00000000e2f00000, 0x00000000e2f00000|100%| O|  |TAMS 0x00000000e2e00000, 0x00000000e2e00000| Untracked 
|  47|0x00000000e2f00000, 0x00000000e3000000, 0x00000000e3000000|100%| O|  |TAMS 0x00000000e2f00000, 0x00000000e2f00000| Untracked 
|  48|0x00000000e3000000, 0x00000000e3100000, 0x00000000e3100000|100%| O|  |TAMS 0x00000000e3000000, 0x00000000e3000000| Untracked 
|  49|0x00000000e3100000, 0x00000000e3200000, 0x00000000e3200000|100%| O|  |TAMS 0x00000000e3100000, 0x00000000e3100000| Untracked 
|  50|0x00000000e3200000, 0x00000000e3300000, 0x00000000e3300000|100%| O|  |TAMS 0x00000000e3200000, 0x00000000e3200000| Untracked 
|  51|0x00000000e3300000, 0x00000000e3400000, 0x00000000e3400000|100%| O|  |TAMS 0x00000000e3300000, 0x00000000e3300000| Untracked 
|  52|0x00000000e3400000, 0x00000000e3500000, 0x00000000e3500000|100%| O|  |TAMS 0x00000000e3400000, 0x00000000e3400000| Untracked 
|  53|0x00000000e3500000, 0x00000000e3600000, 0x00000000e3600000|100%| O|  |TAMS 0x00000000e3500000, 0x00000000e3500000| Untracked 
|  54|0x00000000e3600000, 0x00000000e3700000, 0x00000000e3700000|100%| O|  |TAMS 0x00000000e3600000, 0x00000000e3600000| Untracked 
|  55|0x00000000e3700000, 0x00000000e3800000, 0x00000000e3800000|100%| O|  |TAMS 0x00000000e3700000, 0x00000000e3700000| Untracked 
|  56|0x00000000e3800000, 0x00000000e3900000, 0x00000000e3900000|100%| O|  |TAMS 0x00000000e3800000, 0x00000000e3800000| Untracked 
|  57|0x00000000e3900000, 0x00000000e3a00000, 0x00000000e3a00000|100%| O|  |TAMS 0x00000000e3900000, 0x00000000e3900000| Untracked 
|  58|0x00000000e3a00000, 0x00000000e3b00000, 0x00000000e3b00000|100%| O|  |TAMS 0x00000000e3a00000, 0x00000000e3a00000| Untracked 
|  59|0x00000000e3b00000, 0x00000000e3c00000, 0x00000000e3c00000|100%| O|  |TAMS 0x00000000e3b00000, 0x00000000e3b00000| Untracked 
|  60|0x00000000e3c00000, 0x00000000e3d00000, 0x00000000e3d00000|100%| O|  |TAMS 0x00000000e3c00000, 0x00000000e3c00000| Untracked 
|  61|0x00000000e3d00000, 0x00000000e3e00000, 0x00000000e3e00000|100%| O|  |TAMS 0x00000000e3d00000, 0x00000000e3d00000| Untracked 
|  62|0x00000000e3e00000, 0x00000000e3f00000, 0x00000000e3f00000|100%| O|  |TAMS 0x00000000e3e00000, 0x00000000e3e00000| Untracked 
|  63|0x00000000e3f00000, 0x00000000e4000000, 0x00000000e4000000|100%| O|  |TAMS 0x00000000e3f00000, 0x00000000e3f00000| Untracked 
|  64|0x00000000e4000000, 0x00000000e4100000, 0x00000000e4100000|100%| O|  |TAMS 0x00000000e4000000, 0x00000000e4000000| Untracked 
|  65|0x00000000e4100000, 0x00000000e4200000, 0x00000000e4200000|100%| O|  |TAMS 0x00000000e4100000, 0x00000000e4100000| Untracked 
|  66|0x00000000e4200000, 0x00000000e4300000, 0x00000000e4300000|100%| O|  |TAMS 0x00000000e4200000, 0x00000000e4200000| Untracked 
|  67|0x00000000e4300000, 0x00000000e4400000, 0x00000000e4400000|100%| O|  |TAMS 0x00000000e4300000, 0x00000000e4300000| Untracked 
|  68|0x00000000e4400000, 0x00000000e4500000, 0x00000000e4500000|100%| O|  |TAMS 0x00000000e4400000, 0x00000000e4400000| Untracked 
|  69|0x00000000e4500000, 0x00000000e4600000, 0x00000000e4600000|100%| O|  |TAMS 0x00000000e4500000, 0x00000000e4500000| Untracked 
|  70|0x00000000e4600000, 0x00000000e4700000, 0x00000000e4700000|100%| O|  |TAMS 0x00000000e4600000, 0x00000000e4600000| Untracked 
|  71|0x00000000e4700000, 0x00000000e4800000, 0x00000000e4800000|100%| O|  |TAMS 0x00000000e4700000, 0x00000000e4700000| Untracked 
|  72|0x00000000e4800000, 0x00000000e4900000, 0x00000000e4900000|100%| O|  |TAMS 0x00000000e4800000, 0x00000000e4800000| Untracked 
|  73|0x00000000e4900000, 0x00000000e4a00000, 0x00000000e4a00000|100%| O|  |TAMS 0x00000000e4900000, 0x00000000e4900000| Untracked 
|  74|0x00000000e4a00000, 0x00000000e4a22600, 0x00000000e4b00000| 13%| O|  |TAMS 0x00000000e4a00000, 0x00000000e4a00000| Untracked 
|  75|0x00000000e4b00000, 0x00000000e4b00000, 0x00000000e4c00000|  0%| F|  |TAMS 0x00000000e4b00000, 0x00000000e4b00000| Untracked 
|  76|0x00000000e4c00000, 0x00000000e4c00000, 0x00000000e4d00000|  0%| F|  |TAMS 0x00000000e4c00000, 0x00000000e4c00000| Untracked 
|  77|0x00000000e4d00000, 0x00000000e4d00000, 0x00000000e4e00000|  0%| F|  |TAMS 0x00000000e4d00000, 0x00000000e4d00000| Untracked 
|  78|0x00000000e4e00000, 0x00000000e4e00000, 0x00000000e4f00000|  0%| F|  |TAMS 0x00000000e4e00000, 0x00000000e4e00000| Untracked 
|  79|0x00000000e4f00000, 0x00000000e4f00000, 0x00000000e5000000|  0%| F|  |TAMS 0x00000000e4f00000, 0x00000000e4f00000| Untracked 
|  80|0x00000000e5000000, 0x00000000e5000000, 0x00000000e5100000|  0%| F|  |TAMS 0x00000000e5000000, 0x00000000e5000000| Untracked 
|  81|0x00000000e5100000, 0x00000000e5100000, 0x00000000e5200000|  0%| F|  |TAMS 0x00000000e5100000, 0x00000000e5100000| Untracked 
|  82|0x00000000e5200000, 0x00000000e5200000, 0x00000000e5300000|  0%| F|  |TAMS 0x00000000e5200000, 0x00000000e5200000| Untracked 
|  83|0x00000000e5300000, 0x00000000e5300000, 0x00000000e5400000|  0%| F|  |TAMS 0x00000000e5300000, 0x00000000e5300000| Untracked 
|  84|0x00000000e5400000, 0x00000000e5400000, 0x00000000e5500000|  0%| F|  |TAMS 0x00000000e5400000, 0x00000000e5400000| Untracked 
|  85|0x00000000e5500000, 0x00000000e5500000, 0x00000000e5600000|  0%| F|  |TAMS 0x00000000e5500000, 0x00000000e5500000| Untracked 
|  86|0x00000000e5600000, 0x00000000e5600000, 0x00000000e5700000|  0%| F|  |TAMS 0x00000000e5600000, 0x00000000e5600000| Untracked 
|  87|0x00000000e5700000, 0x00000000e5700000, 0x00000000e5800000|  0%| F|  |TAMS 0x00000000e5700000, 0x00000000e5700000| Untracked 
|  88|0x00000000e5800000, 0x00000000e5800000, 0x00000000e5900000|  0%| F|  |TAMS 0x00000000e5800000, 0x00000000e5800000| Untracked 
|  89|0x00000000e5900000, 0x00000000e5900000, 0x00000000e5a00000|  0%| F|  |TAMS 0x00000000e5900000, 0x00000000e5900000| Untracked 
|  90|0x00000000e5a00000, 0x00000000e5a00000, 0x00000000e5b00000|  0%| F|  |TAMS 0x00000000e5a00000, 0x00000000e5a00000| Untracked 
|  91|0x00000000e5b00000, 0x00000000e5b00000, 0x00000000e5c00000|  0%| F|  |TAMS 0x00000000e5b00000, 0x00000000e5b00000| Untracked 
|  92|0x00000000e5c00000, 0x00000000e5c00000, 0x00000000e5d00000|  0%| F|  |TAMS 0x00000000e5c00000, 0x00000000e5c00000| Untracked 
|  93|0x00000000e5d00000, 0x00000000e5d00000, 0x00000000e5e00000|  0%| F|  |TAMS 0x00000000e5d00000, 0x00000000e5d00000| Untracked 
|  94|0x00000000e5e00000, 0x00000000e5e00000, 0x00000000e5f00000|  0%| F|  |TAMS 0x00000000e5e00000, 0x00000000e5e00000| Untracked 
|  95|0x00000000e5f00000, 0x00000000e5f00000, 0x00000000e6000000|  0%| F|  |TAMS 0x00000000e5f00000, 0x00000000e5f00000| Untracked 
|  96|0x00000000e6000000, 0x00000000e6000000, 0x00000000e6100000|  0%| F|  |TAMS 0x00000000e6000000, 0x00000000e6000000| Untracked 
|  97|0x00000000e6100000, 0x00000000e6100000, 0x00000000e6200000|  0%| F|  |TAMS 0x00000000e6100000, 0x00000000e6100000| Untracked 
|  98|0x00000000e6200000, 0x00000000e6200000, 0x00000000e6300000|  0%| F|  |TAMS 0x00000000e6200000, 0x00000000e6200000| Untracked 
|  99|0x00000000e6300000, 0x00000000e6300000, 0x00000000e6400000|  0%| F|  |TAMS 0x00000000e6300000, 0x00000000e6300000| Untracked 
| 100|0x00000000e6400000, 0x00000000e6400000, 0x00000000e6500000|  0%| F|  |TAMS 0x00000000e6400000, 0x00000000e6400000| Untracked 
| 101|0x00000000e6500000, 0x00000000e6500000, 0x00000000e6600000|  0%| F|  |TAMS 0x00000000e6500000, 0x00000000e6500000| Untracked 
| 102|0x00000000e6600000, 0x00000000e6600000, 0x00000000e6700000|  0%| F|  |TAMS 0x00000000e6600000, 0x00000000e6600000| Untracked 
| 103|0x00000000e6700000, 0x00000000e6700000, 0x00000000e6800000|  0%| F|  |TAMS 0x00000000e6700000, 0x00000000e6700000| Untracked 
| 104|0x00000000e6800000, 0x00000000e6800000, 0x00000000e6900000|  0%| F|  |TAMS 0x00000000e6800000, 0x00000000e6800000| Untracked 
| 105|0x00000000e6900000, 0x00000000e6900000, 0x00000000e6a00000|  0%| F|  |TAMS 0x00000000e6900000, 0x00000000e6900000| Untracked 
| 106|0x00000000e6a00000, 0x00000000e6a00000, 0x00000000e6b00000|  0%| F|  |TAMS 0x00000000e6a00000, 0x00000000e6a00000| Untracked 
| 107|0x00000000e6b00000, 0x00000000e6b00000, 0x00000000e6c00000|  0%| F|  |TAMS 0x00000000e6b00000, 0x00000000e6b00000| Untracked 
| 108|0x00000000e6c00000, 0x00000000e6cf0850, 0x00000000e6d00000| 93%| S|CS|TAMS 0x00000000e6c00000, 0x00000000e6c00000| Complete 
| 109|0x00000000e6d00000, 0x00000000e6e00000, 0x00000000e6e00000|100%| S|CS|TAMS 0x00000000e6d00000, 0x00000000e6d00000| Complete 
| 110|0x00000000e6e00000, 0x00000000e6f00000, 0x00000000e6f00000|100%| S|CS|TAMS 0x00000000e6e00000, 0x00000000e6e00000| Complete 
| 111|0x00000000e6f00000, 0x00000000e6f00000, 0x00000000e7000000|  0%| F|  |TAMS 0x00000000e6f00000, 0x00000000e6f00000| Untracked 
| 112|0x00000000e7000000, 0x00000000e7000000, 0x00000000e7100000|  0%| F|  |TAMS 0x00000000e7000000, 0x00000000e7000000| Untracked 
| 113|0x00000000e7100000, 0x00000000e7100000, 0x00000000e7200000|  0%| F|  |TAMS 0x00000000e7100000, 0x00000000e7100000| Untracked 
| 114|0x00000000e7200000, 0x00000000e7200000, 0x00000000e7300000|  0%| F|  |TAMS 0x00000000e7200000, 0x00000000e7200000| Untracked 
| 115|0x00000000e7300000, 0x00000000e7300000, 0x00000000e7400000|  0%| F|  |TAMS 0x00000000e7300000, 0x00000000e7300000| Untracked 
| 116|0x00000000e7400000, 0x00000000e7400000, 0x00000000e7500000|  0%| F|  |TAMS 0x00000000e7400000, 0x00000000e7400000| Untracked 
| 117|0x00000000e7500000, 0x00000000e7500000, 0x00000000e7600000|  0%| F|  |TAMS 0x00000000e7500000, 0x00000000e7500000| Untracked 
| 118|0x00000000e7600000, 0x00000000e7600000, 0x00000000e7700000|  0%| F|  |TAMS 0x00000000e7600000, 0x00000000e7600000| Untracked 
| 119|0x00000000e7700000, 0x00000000e7700000, 0x00000000e7800000|  0%| F|  |TAMS 0x00000000e7700000, 0x00000000e7700000| Untracked 
| 120|0x00000000e7800000, 0x00000000e7800000, 0x00000000e7900000|  0%| F|  |TAMS 0x00000000e7800000, 0x00000000e7800000| Untracked 
| 121|0x00000000e7900000, 0x00000000e7a00000, 0x00000000e7a00000|100%| S|CS|TAMS 0x00000000e7900000, 0x00000000e7900000| Complete 
| 122|0x00000000e7a00000, 0x00000000e7b00000, 0x00000000e7b00000|100%| S|CS|TAMS 0x00000000e7a00000, 0x00000000e7a00000| Complete 
| 123|0x00000000e7b00000, 0x00000000e7c00000, 0x00000000e7c00000|100%| S|CS|TAMS 0x00000000e7b00000, 0x00000000e7b00000| Complete 
| 124|0x00000000e7c00000, 0x00000000e7d00000, 0x00000000e7d00000|100%| S|CS|TAMS 0x00000000e7c00000, 0x00000000e7c00000| Complete 
| 125|0x00000000e7d00000, 0x00000000e7e00000, 0x00000000e7e00000|100%| S|CS|TAMS 0x00000000e7d00000, 0x00000000e7d00000| Complete 
| 126|0x00000000e7e00000, 0x00000000e7f00000, 0x00000000e7f00000|100%| S|CS|TAMS 0x00000000e7e00000, 0x00000000e7e00000| Complete 
| 127|0x00000000e7f00000, 0x00000000e8000000, 0x00000000e8000000|100%| S|CS|TAMS 0x00000000e7f00000, 0x00000000e7f00000| Complete 
| 128|0x00000000e8000000, 0x00000000e8000000, 0x00000000e8100000|  0%| F|  |TAMS 0x00000000e8000000, 0x00000000e8000000| Untracked 
| 129|0x00000000e8100000, 0x00000000e8100000, 0x00000000e8200000|  0%| F|  |TAMS 0x00000000e8100000, 0x00000000e8100000| Untracked 
| 130|0x00000000e8200000, 0x00000000e8200000, 0x00000000e8300000|  0%| F|  |TAMS 0x00000000e8200000, 0x00000000e8200000| Untracked 
| 131|0x00000000e8300000, 0x00000000e8400000, 0x00000000e8400000|100%| S|CS|TAMS 0x00000000e8300000, 0x00000000e8300000| Complete 
| 132|0x00000000e8400000, 0x00000000e8500000, 0x00000000e8500000|100%| S|CS|TAMS 0x00000000e8400000, 0x00000000e8400000| Complete 
| 133|0x00000000e8500000, 0x00000000e8600000, 0x00000000e8600000|100%| S|CS|TAMS 0x00000000e8500000, 0x00000000e8500000| Complete 
| 134|0x00000000e8600000, 0x00000000e8700000, 0x00000000e8700000|100%| S|CS|TAMS 0x00000000e8600000, 0x00000000e8600000| Complete 
| 135|0x00000000e8700000, 0x00000000e8700000, 0x00000000e8800000|  0%| F|  |TAMS 0x00000000e8700000, 0x00000000e8700000| Untracked 
| 136|0x00000000e8800000, 0x00000000e8800000, 0x00000000e8900000|  0%| F|  |TAMS 0x00000000e8800000, 0x00000000e8800000| Untracked 
| 137|0x00000000e8900000, 0x00000000e8900000, 0x00000000e8a00000|  0%| F|  |TAMS 0x00000000e8900000, 0x00000000e8900000| Untracked 
| 138|0x00000000e8a00000, 0x00000000e8a00000, 0x00000000e8b00000|  0%| F|  |TAMS 0x00000000e8a00000, 0x00000000e8a00000| Untracked 
| 139|0x00000000e8b00000, 0x00000000e8b00000, 0x00000000e8c00000|  0%| F|  |TAMS 0x00000000e8b00000, 0x00000000e8b00000| Untracked 
| 140|0x00000000e8c00000, 0x00000000e8c00000, 0x00000000e8d00000|  0%| F|  |TAMS 0x00000000e8c00000, 0x00000000e8c00000| Untracked 
| 141|0x00000000e8d00000, 0x00000000e8d00000, 0x00000000e8e00000|  0%| F|  |TAMS 0x00000000e8d00000, 0x00000000e8d00000| Untracked 
| 142|0x00000000e8e00000, 0x00000000e8e00000, 0x00000000e8f00000|  0%| F|  |TAMS 0x00000000e8e00000, 0x00000000e8e00000| Untracked 
| 143|0x00000000e8f00000, 0x00000000e8f00000, 0x00000000e9000000|  0%| F|  |TAMS 0x00000000e8f00000, 0x00000000e8f00000| Untracked 
| 144|0x00000000e9000000, 0x00000000e9000000, 0x00000000e9100000|  0%| F|  |TAMS 0x00000000e9000000, 0x00000000e9000000| Untracked 
| 145|0x00000000e9100000, 0x00000000e9100000, 0x00000000e9200000|  0%| F|  |TAMS 0x00000000e9100000, 0x00000000e9100000| Untracked 
| 146|0x00000000e9200000, 0x00000000e9200000, 0x00000000e9300000|  0%| F|  |TAMS 0x00000000e9200000, 0x00000000e9200000| Untracked 
| 147|0x00000000e9300000, 0x00000000e9300000, 0x00000000e9400000|  0%| F|  |TAMS 0x00000000e9300000, 0x00000000e9300000| Untracked 
| 148|0x00000000e9400000, 0x00000000e9400000, 0x00000000e9500000|  0%| F|  |TAMS 0x00000000e9400000, 0x00000000e9400000| Untracked 
| 149|0x00000000e9500000, 0x00000000e9500000, 0x00000000e9600000|  0%| F|  |TAMS 0x00000000e9500000, 0x00000000e9500000| Untracked 
| 150|0x00000000e9600000, 0x00000000e9600000, 0x00000000e9700000|  0%| F|  |TAMS 0x00000000e9600000, 0x00000000e9600000| Untracked 
| 151|0x00000000e9700000, 0x00000000e9700000, 0x00000000e9800000|  0%| F|  |TAMS 0x00000000e9700000, 0x00000000e9700000| Untracked 
| 152|0x00000000e9800000, 0x00000000e9800000, 0x00000000e9900000|  0%| F|  |TAMS 0x00000000e9800000, 0x00000000e9800000| Untracked 
| 153|0x00000000e9900000, 0x00000000e9900000, 0x00000000e9a00000|  0%| F|  |TAMS 0x00000000e9900000, 0x00000000e9900000| Untracked 
| 154|0x00000000e9a00000, 0x00000000e9a00000, 0x00000000e9b00000|  0%| F|  |TAMS 0x00000000e9a00000, 0x00000000e9a00000| Untracked 
| 155|0x00000000e9b00000, 0x00000000e9b00000, 0x00000000e9c00000|  0%| F|  |TAMS 0x00000000e9b00000, 0x00000000e9b00000| Untracked 
| 156|0x00000000e9c00000, 0x00000000e9c00000, 0x00000000e9d00000|  0%| F|  |TAMS 0x00000000e9c00000, 0x00000000e9c00000| Untracked 
| 157|0x00000000e9d00000, 0x00000000e9d00000, 0x00000000e9e00000|  0%| F|  |TAMS 0x00000000e9d00000, 0x00000000e9d00000| Untracked 
| 158|0x00000000e9e00000, 0x00000000e9e00000, 0x00000000e9f00000|  0%| F|  |TAMS 0x00000000e9e00000, 0x00000000e9e00000| Untracked 
| 159|0x00000000e9f00000, 0x00000000e9f00000, 0x00000000ea000000|  0%| F|  |TAMS 0x00000000e9f00000, 0x00000000e9f00000| Untracked 
| 160|0x00000000ea000000, 0x00000000ea000000, 0x00000000ea100000|  0%| F|  |TAMS 0x00000000ea000000, 0x00000000ea000000| Untracked 
| 161|0x00000000ea100000, 0x00000000ea100000, 0x00000000ea200000|  0%| F|  |TAMS 0x00000000ea100000, 0x00000000ea100000| Untracked 
| 162|0x00000000ea200000, 0x00000000ea200000, 0x00000000ea300000|  0%| F|  |TAMS 0x00000000ea200000, 0x00000000ea200000| Untracked 
| 163|0x00000000ea300000, 0x00000000ea300000, 0x00000000ea400000|  0%| F|  |TAMS 0x00000000ea300000, 0x00000000ea300000| Untracked 
| 164|0x00000000ea400000, 0x00000000ea400000, 0x00000000ea500000|  0%| F|  |TAMS 0x00000000ea400000, 0x00000000ea400000| Untracked 
| 165|0x00000000ea500000, 0x00000000ea500000, 0x00000000ea600000|  0%| F|  |TAMS 0x00000000ea500000, 0x00000000ea500000| Untracked 
| 166|0x00000000ea600000, 0x00000000ea600000, 0x00000000ea700000|  0%| F|  |TAMS 0x00000000ea600000, 0x00000000ea600000| Untracked 
| 167|0x00000000ea700000, 0x00000000ea700000, 0x00000000ea800000|  0%| F|  |TAMS 0x00000000ea700000, 0x00000000ea700000| Untracked 
| 168|0x00000000ea800000, 0x00000000ea800000, 0x00000000ea900000|  0%| F|  |TAMS 0x00000000ea800000, 0x00000000ea800000| Untracked 
| 169|0x00000000ea900000, 0x00000000ea900000, 0x00000000eaa00000|  0%| F|  |TAMS 0x00000000ea900000, 0x00000000ea900000| Untracked 
| 170|0x00000000eaa00000, 0x00000000eaa00000, 0x00000000eab00000|  0%| F|  |TAMS 0x00000000eaa00000, 0x00000000eaa00000| Untracked 
| 171|0x00000000eab00000, 0x00000000eab00000, 0x00000000eac00000|  0%| F|  |TAMS 0x00000000eab00000, 0x00000000eab00000| Untracked 
| 172|0x00000000eac00000, 0x00000000eac00000, 0x00000000ead00000|  0%| F|  |TAMS 0x00000000eac00000, 0x00000000eac00000| Untracked 
| 173|0x00000000ead00000, 0x00000000ead00000, 0x00000000eae00000|  0%| F|  |TAMS 0x00000000ead00000, 0x00000000ead00000| Untracked 
| 174|0x00000000eae00000, 0x00000000eae00000, 0x00000000eaf00000|  0%| F|  |TAMS 0x00000000eae00000, 0x00000000eae00000| Untracked 
| 175|0x00000000eaf00000, 0x00000000eaf00000, 0x00000000eb000000|  0%| F|  |TAMS 0x00000000eaf00000, 0x00000000eaf00000| Untracked 
| 176|0x00000000eb000000, 0x00000000eb000000, 0x00000000eb100000|  0%| F|  |TAMS 0x00000000eb000000, 0x00000000eb000000| Untracked 
| 177|0x00000000eb100000, 0x00000000eb100000, 0x00000000eb200000|  0%| F|  |TAMS 0x00000000eb100000, 0x00000000eb100000| Untracked 
| 178|0x00000000eb200000, 0x00000000eb200000, 0x00000000eb300000|  0%| F|  |TAMS 0x00000000eb200000, 0x00000000eb200000| Untracked 
| 179|0x00000000eb300000, 0x00000000eb300000, 0x00000000eb400000|  0%| F|  |TAMS 0x00000000eb300000, 0x00000000eb300000| Untracked 
| 180|0x00000000eb400000, 0x00000000eb400000, 0x00000000eb500000|  0%| F|  |TAMS 0x00000000eb400000, 0x00000000eb400000| Untracked 
| 181|0x00000000eb500000, 0x00000000eb500000, 0x00000000eb600000|  0%| F|  |TAMS 0x00000000eb500000, 0x00000000eb500000| Untracked 
| 182|0x00000000eb600000, 0x00000000eb600000, 0x00000000eb700000|  0%| F|  |TAMS 0x00000000eb600000, 0x00000000eb600000| Untracked 
| 183|0x00000000eb700000, 0x00000000eb700000, 0x00000000eb800000|  0%| F|  |TAMS 0x00000000eb700000, 0x00000000eb700000| Untracked 
| 184|0x00000000eb800000, 0x00000000eb800000, 0x00000000eb900000|  0%| F|  |TAMS 0x00000000eb800000, 0x00000000eb800000| Untracked 
| 185|0x00000000eb900000, 0x00000000eb900000, 0x00000000eba00000|  0%| F|  |TAMS 0x00000000eb900000, 0x00000000eb900000| Untracked 
| 186|0x00000000eba00000, 0x00000000eba00000, 0x00000000ebb00000|  0%| F|  |TAMS 0x00000000eba00000, 0x00000000eba00000| Untracked 
| 187|0x00000000ebb00000, 0x00000000ebb00000, 0x00000000ebc00000|  0%| F|  |TAMS 0x00000000ebb00000, 0x00000000ebb00000| Untracked 
| 188|0x00000000ebc00000, 0x00000000ebc00000, 0x00000000ebd00000|  0%| F|  |TAMS 0x00000000ebc00000, 0x00000000ebc00000| Untracked 
| 189|0x00000000ebd00000, 0x00000000ebd00000, 0x00000000ebe00000|  0%| F|  |TAMS 0x00000000ebd00000, 0x00000000ebd00000| Untracked 
| 190|0x00000000ebe00000, 0x00000000ebe00000, 0x00000000ebf00000|  0%| F|  |TAMS 0x00000000ebe00000, 0x00000000ebe00000| Untracked 
| 191|0x00000000ebf00000, 0x00000000ebf00000, 0x00000000ec000000|  0%| F|  |TAMS 0x00000000ebf00000, 0x00000000ebf00000| Untracked 
| 192|0x00000000ec000000, 0x00000000ec000000, 0x00000000ec100000|  0%| F|  |TAMS 0x00000000ec000000, 0x00000000ec000000| Untracked 
| 193|0x00000000ec100000, 0x00000000ec100000, 0x00000000ec200000|  0%| F|  |TAMS 0x00000000ec100000, 0x00000000ec100000| Untracked 
| 194|0x00000000ec200000, 0x00000000ec200000, 0x00000000ec300000|  0%| F|  |TAMS 0x00000000ec200000, 0x00000000ec200000| Untracked 
| 195|0x00000000ec300000, 0x00000000ec300000, 0x00000000ec400000|  0%| F|  |TAMS 0x00000000ec300000, 0x00000000ec300000| Untracked 
| 196|0x00000000ec400000, 0x00000000ec400000, 0x00000000ec500000|  0%| F|  |TAMS 0x00000000ec400000, 0x00000000ec400000| Untracked 
| 197|0x00000000ec500000, 0x00000000ec500000, 0x00000000ec600000|  0%| F|  |TAMS 0x00000000ec500000, 0x00000000ec500000| Untracked 
| 198|0x00000000ec600000, 0x00000000ec600000, 0x00000000ec700000|  0%| F|  |TAMS 0x00000000ec600000, 0x00000000ec600000| Untracked 
| 199|0x00000000ec700000, 0x00000000ec700000, 0x00000000ec800000|  0%| F|  |TAMS 0x00000000ec700000, 0x00000000ec700000| Untracked 
| 200|0x00000000ec800000, 0x00000000ec800000, 0x00000000ec900000|  0%| F|  |TAMS 0x00000000ec800000, 0x00000000ec800000| Untracked 
| 201|0x00000000ec900000, 0x00000000ec900000, 0x00000000eca00000|  0%| F|  |TAMS 0x00000000ec900000, 0x00000000ec900000| Untracked 
| 202|0x00000000eca00000, 0x00000000eca00000, 0x00000000ecb00000|  0%| F|  |TAMS 0x00000000eca00000, 0x00000000eca00000| Untracked 
| 203|0x00000000ecb00000, 0x00000000ecb00000, 0x00000000ecc00000|  0%| F|  |TAMS 0x00000000ecb00000, 0x00000000ecb00000| Untracked 
| 204|0x00000000ecc00000, 0x00000000ecc00000, 0x00000000ecd00000|  0%| F|  |TAMS 0x00000000ecc00000, 0x00000000ecc00000| Untracked 
| 205|0x00000000ecd00000, 0x00000000ecd00000, 0x00000000ece00000|  0%| F|  |TAMS 0x00000000ecd00000, 0x00000000ecd00000| Untracked 
| 206|0x00000000ece00000, 0x00000000ece00000, 0x00000000ecf00000|  0%| F|  |TAMS 0x00000000ece00000, 0x00000000ece00000| Untracked 
| 207|0x00000000ecf00000, 0x00000000ecf00000, 0x00000000ed000000|  0%| F|  |TAMS 0x00000000ecf00000, 0x00000000ecf00000| Untracked 
| 208|0x00000000ed000000, 0x00000000ed000000, 0x00000000ed100000|  0%| F|  |TAMS 0x00000000ed000000, 0x00000000ed000000| Untracked 
| 209|0x00000000ed100000, 0x00000000ed100000, 0x00000000ed200000|  0%| F|  |TAMS 0x00000000ed100000, 0x00000000ed100000| Untracked 
| 210|0x00000000ed200000, 0x00000000ed200000, 0x00000000ed300000|  0%| F|  |TAMS 0x00000000ed200000, 0x00000000ed200000| Untracked 
| 211|0x00000000ed300000, 0x00000000ed300000, 0x00000000ed400000|  0%| F|  |TAMS 0x00000000ed300000, 0x00000000ed300000| Untracked 
| 212|0x00000000ed400000, 0x00000000ed47d0a8, 0x00000000ed500000| 48%| E|  |TAMS 0x00000000ed400000, 0x00000000ed400000| Complete 
| 213|0x00000000ed500000, 0x00000000ed600000, 0x00000000ed600000|100%| E|CS|TAMS 0x00000000ed500000, 0x00000000ed500000| Complete 
| 214|0x00000000ed600000, 0x00000000ed700000, 0x00000000ed700000|100%| E|CS|TAMS 0x00000000ed600000, 0x00000000ed600000| Complete 
| 215|0x00000000ed700000, 0x00000000ed800000, 0x00000000ed800000|100%| E|CS|TAMS 0x00000000ed700000, 0x00000000ed700000| Complete 
| 216|0x00000000ed800000, 0x00000000ed900000, 0x00000000ed900000|100%| E|CS|TAMS 0x00000000ed800000, 0x00000000ed800000| Complete 
| 217|0x00000000ed900000, 0x00000000eda00000, 0x00000000eda00000|100%| E|CS|TAMS 0x00000000ed900000, 0x00000000ed900000| Complete 
| 218|0x00000000eda00000, 0x00000000edb00000, 0x00000000edb00000|100%| E|CS|TAMS 0x00000000eda00000, 0x00000000eda00000| Complete 
| 219|0x00000000edb00000, 0x00000000edc00000, 0x00000000edc00000|100%| E|CS|TAMS 0x00000000edb00000, 0x00000000edb00000| Complete 
| 220|0x00000000edc00000, 0x00000000edd00000, 0x00000000edd00000|100%| E|CS|TAMS 0x00000000edc00000, 0x00000000edc00000| Complete 
| 221|0x00000000edd00000, 0x00000000ede00000, 0x00000000ede00000|100%| E|CS|TAMS 0x00000000edd00000, 0x00000000edd00000| Complete 
| 222|0x00000000ede00000, 0x00000000edf00000, 0x00000000edf00000|100%| E|CS|TAMS 0x00000000ede00000, 0x00000000ede00000| Complete 
| 223|0x00000000edf00000, 0x00000000ee000000, 0x00000000ee000000|100%| E|CS|TAMS 0x00000000edf00000, 0x00000000edf00000| Complete 
| 224|0x00000000ee000000, 0x00000000ee100000, 0x00000000ee100000|100%| E|CS|TAMS 0x00000000ee000000, 0x00000000ee000000| Complete 
| 225|0x00000000ee100000, 0x00000000ee200000, 0x00000000ee200000|100%| E|CS|TAMS 0x00000000ee100000, 0x00000000ee100000| Complete 
| 226|0x00000000ee200000, 0x00000000ee300000, 0x00000000ee300000|100%| E|CS|TAMS 0x00000000ee200000, 0x00000000ee200000| Complete 
| 227|0x00000000ee300000, 0x00000000ee400000, 0x00000000ee400000|100%| E|CS|TAMS 0x00000000ee300000, 0x00000000ee300000| Complete 
| 228|0x00000000ee400000, 0x00000000ee500000, 0x00000000ee500000|100%| E|CS|TAMS 0x00000000ee400000, 0x00000000ee400000| Complete 
| 229|0x00000000ee500000, 0x00000000ee600000, 0x00000000ee600000|100%| E|CS|TAMS 0x00000000ee500000, 0x00000000ee500000| Complete 
| 230|0x00000000ee600000, 0x00000000ee700000, 0x00000000ee700000|100%| E|CS|TAMS 0x00000000ee600000, 0x00000000ee600000| Complete 
| 231|0x00000000ee700000, 0x00000000ee800000, 0x00000000ee800000|100%| E|CS|TAMS 0x00000000ee700000, 0x00000000ee700000| Complete 
| 232|0x00000000ee800000, 0x00000000ee900000, 0x00000000ee900000|100%| E|CS|TAMS 0x00000000ee800000, 0x00000000ee800000| Complete 
| 233|0x00000000ee900000, 0x00000000eea00000, 0x00000000eea00000|100%| E|CS|TAMS 0x00000000ee900000, 0x00000000ee900000| Complete 
| 234|0x00000000eea00000, 0x00000000eeb00000, 0x00000000eeb00000|100%| E|CS|TAMS 0x00000000eea00000, 0x00000000eea00000| Complete 
| 235|0x00000000eeb00000, 0x00000000eec00000, 0x00000000eec00000|100%| E|CS|TAMS 0x00000000eeb00000, 0x00000000eeb00000| Complete 
| 236|0x00000000eec00000, 0x00000000eed00000, 0x00000000eed00000|100%| E|CS|TAMS 0x00000000eec00000, 0x00000000eec00000| Complete 
| 237|0x00000000eed00000, 0x00000000eee00000, 0x00000000eee00000|100%| E|CS|TAMS 0x00000000eed00000, 0x00000000eed00000| Complete 
| 238|0x00000000eee00000, 0x00000000eef00000, 0x00000000eef00000|100%| E|CS|TAMS 0x00000000eee00000, 0x00000000eee00000| Complete 
| 239|0x00000000eef00000, 0x00000000ef000000, 0x00000000ef000000|100%| E|CS|TAMS 0x00000000eef00000, 0x00000000eef00000| Complete 
| 240|0x00000000ef000000, 0x00000000ef100000, 0x00000000ef100000|100%| E|CS|TAMS 0x00000000ef000000, 0x00000000ef000000| Complete 
| 241|0x00000000ef100000, 0x00000000ef200000, 0x00000000ef200000|100%| E|CS|TAMS 0x00000000ef100000, 0x00000000ef100000| Complete 
| 242|0x00000000ef200000, 0x00000000ef300000, 0x00000000ef300000|100%| E|CS|TAMS 0x00000000ef200000, 0x00000000ef200000| Complete 
| 243|0x00000000ef300000, 0x00000000ef400000, 0x00000000ef400000|100%| E|CS|TAMS 0x00000000ef300000, 0x00000000ef300000| Complete 
| 244|0x00000000ef400000, 0x00000000ef500000, 0x00000000ef500000|100%| E|CS|TAMS 0x00000000ef400000, 0x00000000ef400000| Complete 
| 245|0x00000000ef500000, 0x00000000ef600000, 0x00000000ef600000|100%| E|CS|TAMS 0x00000000ef500000, 0x00000000ef500000| Complete 
| 246|0x00000000ef600000, 0x00000000ef700000, 0x00000000ef700000|100%| E|CS|TAMS 0x00000000ef600000, 0x00000000ef600000| Complete 
| 247|0x00000000ef700000, 0x00000000ef800000, 0x00000000ef800000|100%| E|CS|TAMS 0x00000000ef700000, 0x00000000ef700000| Complete 
| 248|0x00000000ef800000, 0x00000000ef900000, 0x00000000ef900000|100%| E|CS|TAMS 0x00000000ef800000, 0x00000000ef800000| Complete 
| 249|0x00000000ef900000, 0x00000000efa00000, 0x00000000efa00000|100%| E|CS|TAMS 0x00000000ef900000, 0x00000000ef900000| Complete 
| 250|0x00000000efa00000, 0x00000000efb00000, 0x00000000efb00000|100%| E|CS|TAMS 0x00000000efa00000, 0x00000000efa00000| Complete 
| 251|0x00000000efb00000, 0x00000000efc00000, 0x00000000efc00000|100%| E|CS|TAMS 0x00000000efb00000, 0x00000000efb00000| Complete 
| 252|0x00000000efc00000, 0x00000000efd00000, 0x00000000efd00000|100%| E|CS|TAMS 0x00000000efc00000, 0x00000000efc00000| Complete 
| 253|0x00000000efd00000, 0x00000000efe00000, 0x00000000efe00000|100%| E|CS|TAMS 0x00000000efd00000, 0x00000000efd00000| Complete 
| 254|0x00000000efe00000, 0x00000000eff00000, 0x00000000eff00000|100%| E|CS|TAMS 0x00000000efe00000, 0x00000000efe00000| Complete 
| 255|0x00000000eff00000, 0x00000000f0000000, 0x00000000f0000000|100%| E|CS|TAMS 0x00000000eff00000, 0x00000000eff00000| Complete 

Card table byte_map: [0x0000026c7bdd0000,0x0000026c7bed0000] _byte_map_base: 0x0000026c7b6d0000

Marking Bits (Prev, Next): (CMBitMap*) 0x0000026c64a65e98, (CMBitMap*) 0x0000026c64a65e58
 Prev Bits: [0x0000026c7c7d0000, 0x0000026c7cfd0000)
 Next Bits: [0x0000026c7bfd0000, 0x0000026c7c7d0000)

Polling page: 0x0000026c641a0000

Metaspace:

Usage:
  Non-class:     58.21 MB capacity,    56.82 MB ( 98%) used,     1.17 MB (  2%) free+waste,   223.69 KB ( <1%) overhead. 
      Class:      9.05 MB capacity,     8.28 MB ( 91%) used,   686.97 KB (  7%) free+waste,   102.56 KB (  1%) overhead. 
       Both:     67.27 MB capacity,    65.11 MB ( 97%) used,     1.84 MB (  3%) free+waste,   326.25 KB ( <1%) overhead. 

Virtual space:
  Non-class space:       60.00 MB reserved,      58.25 MB ( 97%) committed 
      Class space:      248.00 MB reserved,       9.17 MB (  4%) committed 
             Both:      308.00 MB reserved,      67.42 MB ( 22%) committed 

Chunk freelists:
   Non-Class:  4.75 KB
       Class:  1.25 KB
        Both:  6.00 KB

CodeHeap 'non-profiled nmethods': size=120064Kb used=8221Kb max_used=8221Kb free=111842Kb
 bounds [0x0000026c74890000, 0x0000026c750a0000, 0x0000026c7bdd0000]
CodeHeap 'profiled nmethods': size=120000Kb used=28187Kb max_used=28187Kb free=91812Kb
 bounds [0x0000026c6d360000, 0x0000026c6ef10000, 0x0000026c74890000]
CodeHeap 'non-nmethods': size=5696Kb used=2297Kb max_used=2359Kb free=3398Kb
 bounds [0x0000026c6cdd0000, 0x0000026c6d040000, 0x0000026c6d360000]
 total_blobs=18227 nmethods=12008 adapters=784
 compilation: enabled
              stopped_count=0, restarted_count=0
 full_count=0

Compilation events (10 events):
Event: 4742.556 Thread 0x0000026c00037000 nmethod 13960 0x0000026c6ef00d90 code [0x0000026c6ef01000, 0x0000026c6ef01940]
Event: 4742.556 Thread 0x0000026c00037000 13961       3       org.gradle.internal.remote.internal.hub.queue.MultiEndPointQueue::empty (16 bytes)
Event: 4742.556 Thread 0x0000026c00037000 nmethod 13961 0x0000026c6ef01c90 code [0x0000026c6ef01e60, 0x0000026c6ef02100]
Event: 4742.556 Thread 0x0000026c00037000 13962       3       org.gradle.api.internal.tasks.testing.DefaultTestClassDescriptor::getClassName (5 bytes)
Event: 4742.557 Thread 0x0000026c00037000 nmethod 13962 0x0000026c6ef02210 code [0x0000026c6ef023c0, 0x0000026c6ef025d8]
Event: 4742.870 Thread 0x0000026c00035800 13963       4       java.io.FilterOutputStream::write (9 bytes)
Event: 4742.872 Thread 0x0000026c00037000 13965       3       org.gradle.internal.logging.text.AbstractLineChoppingStyledTextOutput::doAppend (43 bytes)
Event: 4742.873 Thread 0x0000026c00037000 nmethod 13965 0x0000026c6ef02690 code [0x0000026c6ef028a0, 0x0000026c6ef02d70]
Event: 4742.873 Thread 0x0000026c00037000 13966       3       org.gradle.internal.logging.text.AbstractLineChoppingStyledTextOutput$1::execute (9 bytes)
Event: 4742.873 Thread 0x0000026c00037000 nmethod 13966 0x0000026c6ef02f10 code [0x0000026c6ef030e0, 0x0000026c6ef03390]

GC Heap History (10 events):
Event: 141.927 GC heap before
{Heap before GC invocations=16 (full 0):
 garbage-first heap   total 262144K, used 190976K [0x00000000e0000000, 0x0000000100000000)
  region size 1024K, 127 young (130048K), 16 survivors (16384K)
 Metaspace       used 62916K, capacity 65028K, committed 65324K, reserved 311296K
  class space    used 8172K, capacity 8922K, committed 9004K, reserved 253952K
}
Event: 141.955 GC heap after
{Heap after GC invocations=17 (full 0):
 garbage-first heap   total 262144K, used 76800K [0x00000000e0000000, 0x0000000100000000)
  region size 1024K, 6 young (6144K), 6 survivors (6144K)
 Metaspace       used 62916K, capacity 65028K, committed 65324K, reserved 311296K
  class space    used 8172K, capacity 8922K, committed 9004K, reserved 253952K
}
Event: 3277.473 GC heap before
{Heap before GC invocations=17 (full 0):
 garbage-first heap   total 262144K, used 195584K [0x00000000e0000000, 0x0000000100000000)
  region size 1024K, 123 young (125952K), 6 survivors (6144K)
 Metaspace       used 63587K, capacity 65782K, committed 65836K, reserved 311296K
  class space    used 8229K, capacity 8990K, committed 9004K, reserved 253952K
}
Event: 3277.516 GC heap after
{Heap after GC invocations=18 (full 0):
 garbage-first heap   total 262144K, used 72425K [0x00000000e0000000, 0x0000000100000000)
  region size 1024K, 2 young (2048K), 2 survivors (2048K)
 Metaspace       used 63587K, capacity 65782K, committed 65836K, reserved 311296K
  class space    used 8229K, capacity 8990K, committed 9004K, reserved 253952K
}
Event: 4705.770 GC heap before
{Heap before GC invocations=18 (full 0):
 garbage-first heap   total 262144K, used 200425K [0x00000000e0000000, 0x0000000100000000)
  region size 1024K, 128 young (131072K), 2 survivors (2048K)
 Metaspace       used 63996K, capacity 66165K, committed 66476K, reserved 311296K
  class space    used 8245K, capacity 9018K, committed 9132K, reserved 253952K
}
Event: 4705.791 GC heap after
{Heap after GC invocations=19 (full 0):
 garbage-first heap   total 262144K, used 77053K [0x00000000e0000000, 0x0000000100000000)
  region size 1024K, 7 young (7168K), 7 survivors (7168K)
 Metaspace       used 63996K, capacity 66165K, committed 66476K, reserved 311296K
  class space    used 8245K, capacity 9018K, committed 9132K, reserved 253952K
}
Event: 4709.485 GC heap before
{Heap before GC invocations=19 (full 0):
 garbage-first heap   total 262144K, used 204029K [0x00000000e0000000, 0x0000000100000000)
  region size 1024K, 132 young (135168K), 7 survivors (7168K)
 Metaspace       used 66033K, capacity 68252K, committed 68396K, reserved 313344K
  class space    used 8446K, capacity 9234K, committed 9260K, reserved 253952K
}
Event: 4709.525 GC heap after
{Heap after GC invocations=20 (full 0):
 garbage-first heap   total 262144K, used 83201K [0x00000000e0000000, 0x0000000100000000)
  region size 1024K, 13 young (13312K), 13 survivors (13312K)
 Metaspace       used 66033K, capacity 68252K, committed 68396K, reserved 313344K
  class space    used 8446K, capacity 9234K, committed 9260K, reserved 253952K
}
Event: 4713.165 GC heap before
{Heap before GC invocations=20 (full 0):
 garbage-first heap   total 262144K, used 206081K [0x00000000e0000000, 0x0000000100000000)
  region size 1024K, 134 young (137216K), 13 survivors (13312K)
 Metaspace       used 66362K, capacity 68576K, committed 68652K, reserved 313344K
  class space    used 8461K, capacity 9235K, committed 9260K, reserved 253952K
}
Event: 4713.198 GC heap after
{Heap after GC invocations=21 (full 0):
 garbage-first heap   total 262144K, used 90187K [0x00000000e0000000, 0x0000000100000000)
  region size 1024K, 14 young (14336K), 14 survivors (14336K)
 Metaspace       used 66362K, capacity 68576K, committed 68652K, reserved 313344K
  class space    used 8461K, capacity 9235K, committed 9260K, reserved 253952K
}

Deoptimization events (10 events):
Event: 4713.702 Thread 0x0000026c05bfe800 Uncommon trap: reason=bimorphic_or_optimized_type_check action=maybe_recompile pc=0x0000026c74d92738 method=org.gradle.api.internal.tasks.compile.incremental.deps.DependentsSet.dependents(Ljava/util/Set;Ljava/util/Set;Ljava/util/Set;)Lorg/gradle/api/inter
Event: 4713.702 Thread 0x0000026c05bfe800 Uncommon trap: reason=bimorphic_or_optimized_type_check action=maybe_recompile pc=0x0000026c74d92738 method=org.gradle.api.internal.tasks.compile.incremental.deps.DependentsSet.dependents(Ljava/util/Set;Ljava/util/Set;Ljava/util/Set;)Lorg/gradle/api/inter
Event: 4713.702 Thread 0x0000026c05bfe800 Uncommon trap: reason=bimorphic_or_optimized_type_check action=maybe_recompile pc=0x0000026c74d92738 method=org.gradle.api.internal.tasks.compile.incremental.deps.DependentsSet.dependents(Ljava/util/Set;Ljava/util/Set;Ljava/util/Set;)Lorg/gradle/api/inter
Event: 4713.702 Thread 0x0000026c05bfe800 Uncommon trap: reason=bimorphic_or_optimized_type_check action=maybe_recompile pc=0x0000026c74d92dd0 method=org.gradle.api.internal.tasks.compile.incremental.deps.DependentsSet.dependents(Ljava/util/Set;Ljava/util/Set;Ljava/util/Set;)Lorg/gradle/api/inter
Event: 4742.863 Thread 0x0000026c01f8f800 Uncommon trap: reason=null_check action=make_not_entrant pc=0x0000026c74dcaf48 method=org.gradle.internal.io.LinePerThreadBufferingOutputStream.getStream()Ljava/io/PrintStream; @ 7 c2
Event: 4742.863 Thread 0x0000026c01f8f800 Uncommon trap: reason=unstable_if action=reinterpret pc=0x0000026c74deddbc method=org.gradle.internal.logging.text.AbstractLineChoppingStyledTextOutput$2.execute(Lorg/gradle/internal/logging/text/AbstractLineChoppingStyledTextOutput$StateContext;)V @ 30 c
Event: 4742.871 Thread 0x0000026c01f8f800 Uncommon trap: reason=unstable_if action=reinterpret pc=0x0000026c748e211c method=org.gradle.internal.logging.text.AbstractLineChoppingStyledTextOutput$2.execute(Lorg/gradle/internal/logging/text/AbstractLineChoppingStyledTextOutput$StateContext;)V @ 30 c
Event: 4742.872 Thread 0x0000026c01f8f800 Uncommon trap: reason=unstable_if action=reinterpret pc=0x0000026c74dc95ac method=org.gradle.internal.logging.text.AbstractLineChoppingStyledTextOutput$2.execute(Lorg/gradle/internal/logging/text/AbstractLineChoppingStyledTextOutput$StateContext;)V @ 30 c
Event: 4742.873 Thread 0x0000026c01f8f800 Uncommon trap: reason=unstable_if action=reinterpret pc=0x0000026c748e1488 method=org.gradle.internal.logging.text.AbstractLineChoppingStyledTextOutput$2.execute(Lorg/gradle/internal/logging/text/AbstractLineChoppingStyledTextOutput$StateContext;)V @ 30 c
Event: 4742.873 Thread 0x0000026c01f8f800 Uncommon trap: reason=unstable_if action=reinterpret pc=0x0000026c748e0968 method=org.gradle.internal.logging.text.AbstractLineChoppingStyledTextOutput$2.execute(Lorg/gradle/internal/logging/text/AbstractLineChoppingStyledTextOutput$StateContext;)V @ 30 c

Classes redefined (0 events):
No events

Internal exceptions (10 events):
Event: 4713.382 Thread 0x0000026c05c01800 Exception <a 'sun/nio/fs/WindowsException'{0x00000000ef112dc8}> (0x00000000ef112dc8) thrown at [t:/workspace/open/src/hotspot/share/prims/jni.cpp, line 615]
Event: 4713.382 Thread 0x0000026c05c01800 Exception <a 'sun/nio/fs/WindowsException'{0x00000000ef113080}> (0x00000000ef113080) thrown at [t:/workspace/open/src/hotspot/share/prims/jni.cpp, line 615]
Event: 4713.383 Thread 0x0000026c05c01800 Exception <a 'sun/nio/fs/WindowsException'{0x00000000ef116478}> (0x00000000ef116478) thrown at [t:/workspace/open/src/hotspot/share/prims/jni.cpp, line 615]
Event: 4713.383 Thread 0x0000026c05c01800 Exception <a 'sun/nio/fs/WindowsException'{0x00000000ef116718}> (0x00000000ef116718) thrown at [t:/workspace/open/src/hotspot/share/prims/jni.cpp, line 615]
Event: 4713.389 Thread 0x0000026c05c01800 Exception <a 'sun/nio/fs/WindowsException'{0x00000000ef19cd78}> (0x00000000ef19cd78) thrown at [t:/workspace/open/src/hotspot/share/prims/jni.cpp, line 615]
Event: 4713.389 Thread 0x0000026c05c01800 Exception <a 'sun/nio/fs/WindowsException'{0x00000000ef19d030}> (0x00000000ef19d030) thrown at [t:/workspace/open/src/hotspot/share/prims/jni.cpp, line 615]
Event: 4713.389 Thread 0x0000026c05c01800 Exception <a 'sun/nio/fs/WindowsException'{0x00000000ef19fed8}> (0x00000000ef19fed8) thrown at [t:/workspace/open/src/hotspot/share/prims/jni.cpp, line 615]
Event: 4713.389 Thread 0x0000026c05c01800 Exception <a 'sun/nio/fs/WindowsException'{0x00000000ef1a0178}> (0x00000000ef1a0178) thrown at [t:/workspace/open/src/hotspot/share/prims/jni.cpp, line 615]
Event: 4713.462 Thread 0x0000026c05c01800 Exception <a 'sun/nio/fs/WindowsException'{0x00000000eefa35b0}> (0x00000000eefa35b0) thrown at [t:/workspace/open/src/hotspot/share/prims/jni.cpp, line 615]
Event: 4713.462 Thread 0x0000026c05c01800 Exception <a 'sun/nio/fs/WindowsException'{0x00000000eefa4788}> (0x00000000eefa4788) thrown at [t:/workspace/open/src/hotspot/share/prims/jni.cpp, line 615]

Events (10 events):
Event: 4742.871 Thread 0x0000026c01f8f800 DEOPT UNPACKING pc=0x0000026c6cdf9b2f sp=0x000000a1410fde48 mode 2
Event: 4742.872 Thread 0x0000026c01f8f800 Uncommon trap: trap_request=0xffffff4d fr.pc=0x0000026c74dc95ac relative=0x0000000000000a4c
Event: 4742.872 Thread 0x0000026c01f8f800 DEOPT PACKING pc=0x0000026c74dc95ac sp=0x000000a1410fe020
Event: 4742.872 Thread 0x0000026c01f8f800 DEOPT UNPACKING pc=0x0000026c6cdf9b2f sp=0x000000a1410fde58 mode 2
Event: 4742.873 Thread 0x0000026c01f8f800 Uncommon trap: trap_request=0xffffff4d fr.pc=0x0000026c748e1488 relative=0x0000000000000408
Event: 4742.873 Thread 0x0000026c01f8f800 DEOPT PACKING pc=0x0000026c748e1488 sp=0x000000a1410fdf40
Event: 4742.873 Thread 0x0000026c01f8f800 DEOPT UNPACKING pc=0x0000026c6cdf9b2f sp=0x000000a1410fde40 mode 2
Event: 4742.873 Thread 0x0000026c01f8f800 Uncommon trap: trap_request=0xffffff4d fr.pc=0x0000026c748e0968 relative=0x00000000000002e8
Event: 4742.873 Thread 0x0000026c01f8f800 DEOPT PACKING pc=0x0000026c748e0968 sp=0x000000a1410fde70
Event: 4742.874 Thread 0x0000026c01f8f800 DEOPT UNPACKING pc=0x0000026c6cdf9b2f sp=0x000000a1410fde40 mode 2


Dynamic libraries:
0x00007ff6e96a0000 - 0x00007ff6e96af000 	C:\Program Files\Java\jdk-12.0.1\bin\java.exe
0x00007ffec8660000 - 0x00007ffec8850000 	C:\WINDOWS\SYSTEM32\ntdll.dll
0x00007ffec84b0000 - 0x00007ffec8562000 	C:\WINDOWS\System32\KERNEL32.DLL
0x00007ffec63c0000 - 0x00007ffec6665000 	C:\WINDOWS\System32\KERNELBASE.dll
0x00007ffec5770000 - 0x00007ffec586a000 	C:\WINDOWS\System32\ucrtbase.dll
0x00007ffec1a70000 - 0x00007ffec1a88000 	C:\Program Files\Java\jdk-12.0.1\bin\jli.dll
0x00007ffec7c60000 - 0x00007ffec7d03000 	C:\WINDOWS\System32\ADVAPI32.dll
0x00007ffec74c0000 - 0x00007ffec755e000 	C:\WINDOWS\System32\msvcrt.dll
0x00007ffec6c00000 - 0x00007ffec6c97000 	C:\WINDOWS\System32\sechost.dll
0x00007ffec70c0000 - 0x00007ffec71e0000 	C:\WINDOWS\System32\RPCRT4.dll
0x00007ffec1a90000 - 0x00007ffec1aa6000 	C:\Program Files\Java\jdk-12.0.1\bin\VCRUNTIME140.dll
0x00007ffec7d10000 - 0x00007ffec7ea4000 	C:\WINDOWS\System32\USER32.dll
0x00007ffec6060000 - 0x00007ffec6081000 	C:\WINDOWS\System32\win32u.dll
0x00007ffec6ca0000 - 0x00007ffec6cc6000 	C:\WINDOWS\System32\GDI32.dll
0x00007ffec55d0000 - 0x00007ffec5766000 	C:\WINDOWS\System32\gdi32full.dll
0x00007ffec6320000 - 0x00007ffec63be000 	C:\WINDOWS\System32\msvcp_win.dll
0x00007ffeb9730000 - 0x00007ffeb99b4000 	C:\WINDOWS\WinSxS\amd64_microsoft.windows.common-controls_6595b64144ccf1df_6.0.18362.1256_none_9e7e379be45e40e2\COMCTL32.dll
0x00007ffec6cd0000 - 0x00007ffec7006000 	C:\WINDOWS\System32\combase.dll
0x00007ffec6090000 - 0x00007ffec6111000 	C:\WINDOWS\System32\bcryptPrimitives.dll
0x00007ffec52a0000 - 0x00007ffec52aa000 	C:\WINDOWS\SYSTEM32\VERSION.dll
0x00007ffec8250000 - 0x00007ffec827e000 	C:\WINDOWS\System32\IMM32.DLL
0x00007ffec52b0000 - 0x00007ffec52e6000 	C:\WINDOWS\system32\DriverStore\FileRepository\nvfm.inf_amd64_76974c92c44bbb6b\nvinitx.dll
0x00007ffec7560000 - 0x00007ffec7c47000 	C:\WINDOWS\System32\Shell32.dll
0x00007ffec6670000 - 0x00007ffec66ba000 	C:\WINDOWS\System32\cfgmgr32.dll
0x00007ffec7010000 - 0x00007ffec70b9000 	C:\WINDOWS\System32\shcore.dll
0x00007ffec5870000 - 0x00007ffec5ff1000 	C:\WINDOWS\System32\windows.storage.dll
0x00007ffec5510000 - 0x00007ffec5533000 	C:\WINDOWS\System32\profapi.dll
0x00007ffec5540000 - 0x00007ffec558a000 	C:\WINDOWS\System32\powrprof.dll
0x00007ffec5500000 - 0x00007ffec5510000 	C:\WINDOWS\System32\UMPDC.dll
0x00007ffec7460000 - 0x00007ffec74b2000 	C:\WINDOWS\System32\shlwapi.dll
0x00007ffec55b0000 - 0x00007ffec55c1000 	C:\WINDOWS\System32\kernel.appcore.dll
0x00007ffec66f0000 - 0x00007ffec6707000 	C:\WINDOWS\System32\cryptsp.dll
0x0000000072d90000 - 0x0000000072d96000 	C:\Program Files\NVIDIA Corporation\CoProcManager\_etoured.dll
0x00007ffebad40000 - 0x00007ffebad83000 	C:\Program Files\NVIDIA Corporation\CoProcManager\nvd3d9wrapx.dll
0x00007ffec6790000 - 0x00007ffec6c00000 	C:\WINDOWS\System32\SETUPAPI.dll
0x00007ffec66c0000 - 0x00007ffec66e6000 	C:\WINDOWS\System32\bcrypt.dll
0x00007ffec40b0000 - 0x00007ffec40d0000 	C:\WINDOWS\SYSTEM32\dxcore.dll
0x00007ffebad10000 - 0x00007ffebad3d000 	C:\Program Files\NVIDIA Corporation\CoProcManager\nvdxgiwrapx.dll
0x00007ffec19c0000 - 0x00007ffec1a6a000 	C:\Program Files\Java\jdk-12.0.1\bin\msvcp140.dll
0x00007ffe88670000 - 0x00007ffe891e4000 	C:\Program Files\Java\jdk-12.0.1\bin\server\jvm.dll
0x00007ffec6710000 - 0x00007ffec6718000 	C:\WINDOWS\System32\PSAPI.DLL
0x00007ffec1e20000 - 0x00007ffec1e44000 	C:\WINDOWS\SYSTEM32\WINMM.dll
0x00007ffec1c60000 - 0x00007ffec1c69000 	C:\WINDOWS\SYSTEM32\WSOCK32.dll
0x00007ffec6720000 - 0x00007ffec678f000 	C:\WINDOWS\System32\WS2_32.dll
0x00007ffec1df0000 - 0x00007ffec1e1d000 	C:\WINDOWS\SYSTEM32\winmmbase.dll
0x00007ffec19a0000 - 0x00007ffec19b1000 	C:\Program Files\Java\jdk-12.0.1\bin\verify.dll
0x00007ffec3e40000 - 0x00007ffec4034000 	C:\WINDOWS\SYSTEM32\DBGHELP.DLL
0x00007ffeb3770000 - 0x00007ffeb379a000 	C:\WINDOWS\SYSTEM32\dbgcore.DLL
0x00007ffebfae0000 - 0x00007ffebfb06000 	C:\Program Files\Java\jdk-12.0.1\bin\java.dll
0x00007ffeb3140000 - 0x00007ffeb3157000 	C:\Program Files\Java\jdk-12.0.1\bin\zip.dll
0x00007ffeb3130000 - 0x00007ffeb313a000 	C:\Program Files\Java\jdk-12.0.1\bin\jimage.dll
0x00007ffeb3110000 - 0x00007ffeb3129000 	C:\Program Files\Java\jdk-12.0.1\bin\net.dll
0x00007ffeb6d80000 - 0x00007ffeb6f56000 	C:\WINDOWS\SYSTEM32\urlmon.dll
0x00007ffeb9d30000 - 0x00007ffeb9e20000 	C:\WINDOWS\SYSTEM32\WINHTTP.dll
0x00007ffeb7240000 - 0x00007ffeb74e7000 	C:\WINDOWS\SYSTEM32\iertutil.dll
0x00007ffec4f20000 - 0x00007ffec4f2c000 	C:\WINDOWS\SYSTEM32\CRYPTBASE.DLL
0x00007ffec4cb0000 - 0x00007ffec4d17000 	C:\WINDOWS\system32\mswsock.dll
0x00007ffeb30f0000 - 0x00007ffeb3103000 	C:\Program Files\Java\jdk-12.0.1\bin\nio.dll
0x00007ffec1ab0000 - 0x00007ffec1ad7000 	C:\Gradle\gradle-5.5\native\fdc75f09e3144964f2cf3f50f0aa648679c211496f362492102eb8c894070792\windows-amd64\native-platform.dll
0x00007ffeb3160000 - 0x00007ffeb32f6000 	C:\Gradle\gradle-5.5\native\12488b8bf47d2d4c9fbf2f6322a914ad602e24e48041cd04a747c6da556b65c4\windows-amd64\native-platform-file-events.dll
0x00007ffeb30e0000 - 0x00007ffeb30e9000 	C:\Program Files\Java\jdk-12.0.1\bin\management.dll
0x00007ffeb30d0000 - 0x00007ffeb30dc000 	C:\Program Files\Java\jdk-12.0.1\bin\management_ext.dll
0x00007ffec47d0000 - 0x00007ffec4803000 	C:\WINDOWS\system32\rsaenh.dll
0x00007ffec5420000 - 0x00007ffec5445000 	C:\WINDOWS\SYSTEM32\USERENV.dll
0x00007ffec4970000 - 0x00007ffec49aa000 	C:\WINDOWS\SYSTEM32\IPHLPAPI.DLL
0x00007ffec7c50000 - 0x00007ffec7c58000 	C:\WINDOWS\System32\NSI.dll
0x00007ffebb270000 - 0x00007ffebb286000 	C:\WINDOWS\SYSTEM32\dhcpcsvc6.DLL
0x00007ffebb250000 - 0x00007ffebb26c000 	C:\WINDOWS\SYSTEM32\dhcpcsvc.DLL
0x00007ffec49c0000 - 0x00007ffec4a8b000 	C:\WINDOWS\SYSTEM32\DNSAPI.dll
0x00007ffebb7a0000 - 0x00007ffebb7ab000 	C:\WINDOWS\SYSTEM32\WINNSI.DLL

dbghelp: loaded successfully - version: 4.0.5 - missing functions: none
symbol engine: initialized successfully - sym options: 0x614 - pdb path: .;C:\Program Files\Java\jdk-12.0.1\bin;C:\WINDOWS\SYSTEM32;C:\WINDOWS\WinSxS\amd64_microsoft.windows.common-controls_6595b64144ccf1df_6.0.18362.1256_none_9e7e379be45e40e2;C:\WINDOWS\system32\DriverStore\FileRepository\nvfm.inf_amd64_76974c92c44bbb6b;C:\Program Files\NVIDIA Corporation\CoProcManager;C:\Program Files\Java\jdk-12.0.1\bin\server;C:\Gradle\gradle-5.5\native\fdc75f09e3144964f2cf3f50f0aa648679c211496f362492102eb8c894070792\windows-amd64;C:\Gradle\gradle-5.5\native\12488b8bf47d2d4c9fbf2f6322a914ad602e24e48041cd04a747c6da556b65c4\windows-amd64

VM Arguments:
jvm_args: --add-opens=java.base/java.util=ALL-UNNAMED --add-opens=java.base/java.lang=ALL-UNNAMED --add-opens=java.base/java.lang.invoke=ALL-UNNAMED --add-opens=java.prefs/java.util.prefs=ALL-UNNAMED -XX:MaxMetaspaceSize=256m -XX:+HeapDumpOnOutOfMemoryError -Xms256m -Xmx512m -Dfile.encoding=windows-1251 -Duser.country=RU -Duser.language=ru -Duser.variant 
java_command: org.gradle.launcher.daemon.bootstrap.GradleDaemon 6.7.1
java_class_path (initial): C:\Gradle\gradle-5.5\wrapper\dists\gradle-6.7.1-bin\bwlcbys1h7rz3272sye1xwiv6\gradle-6.7.1\lib\gradle-launcher-6.7.1.jar
Launcher Type: SUN_STANDARD

[Global flags]
     intx CICompilerCount                          = 3                                         {product} {ergonomic}
   size_t CompressedClassSpaceSize                 = 260046848                                 {product} {ergonomic}
     uint ConcGCThreads                            = 1                                         {product} {ergonomic}
     uint G1ConcRefinementThreads                  = 4                                         {product} {ergonomic}
   size_t G1HeapRegionSize                         = 1048576                                   {product} {ergonomic}
    uintx GCDrainStackTargetSize                   = 64                                        {product} {ergonomic}
     bool HeapDumpOnOutOfMemoryError               = true                                   {manageable} {command line}
   size_t InitialHeapSize                          = 268435456                                 {product} {command line}
   size_t MarkStackSize                            = 4194304                                   {product} {ergonomic}
   size_t MaxHeapSize                              = 536870912                                 {product} {command line}
   size_t MaxMetaspaceSize                         = 268435456                                 {product} {command line}
   size_t MaxNewSize                               = 321912832                                 {product} {ergonomic}
   size_t MinHeapDeltaBytes                        = 1048576                                   {product} {ergonomic}
    uintx NonNMethodCodeHeapSize                   = 5830732                                {pd product} {ergonomic}
    uintx NonProfiledCodeHeapSize                  = 122913754                              {pd product} {ergonomic}
    uintx ProfiledCodeHeapSize                     = 122913754                              {pd product} {ergonomic}
    uintx ReservedCodeCacheSize                    = 251658240                              {pd product} {ergonomic}
     bool SegmentedCodeCache                       = true                                      {product} {ergonomic}
     bool UseCompressedClassPointers               = true                                 {lp64_product} {ergonomic}
     bool UseCompressedOops                        = true                                 {lp64_product} {ergonomic}
     bool UseG1GC                                  = true                                      {product} {ergonomic}
     bool UseLargePagesIndividualAllocation        = false                                  {pd product} {ergonomic}

Logging:
Log output configuration:
 #0: stdout all=warning uptime,level,tags
 #1: stderr all=off uptime,level,tags

Environment Variables:
JAVA_HOME=C:\Program Files\Java\jdk-12.0.1
PATH=C:\ProgramData\DockerDesktop\version-bin;C:\Program Files\Docker\Docker\Resources\bin;C:\WINDOWS\system32;C:\WINDOWS;C:\WINDOWS\System32\Wbem;C:\WINDOWS\System32\WindowsPowerShell\v1.0\;C:\WINDOWS\System32\OpenSSH\;C:\Program Files\Git\cmd;C:\Gradle\gradle-5.5\bin;C:\Go\bin;C:\Program Files\MySQL\MySQL Shell 8.0\bin\;C:\Users\Diana\AppData\Local\Microsoft\WindowsApps;;C:\Program Files\JetBrains\IntelliJ IDEA Community Edition 2019.1.3\bin;;C:\Users\Diana\go\bin;C:\Users\Diana\AppData\Local\Programs\Microsoft VS Code\bin
USERNAME=Diana
OS=Windows_NT
PROCESSOR_IDENTIFIER=Intel64 Family 6 Model 42 Stepping 7, GenuineIntel



---------------  S Y S T E M  ---------------

OS: Windows 10 , 64 bit Build 18362 (10.0.18362.1110)

CPU:total 4 (initial active 4) (2 cores per cpu, 2 threads per core) family 6 model 42 stepping 7, cmov, cx8, fxsr, mmx, sse, sse2, sse3, ssse3, sse4.1, sse4.2, popcnt, avx, clmul, ht, tsc, tscinvbit

Memory: 4k page, system-wide physical 8048M (972M free)
TotalPageFile size 8848M (AvailPageFile size 5M)
current process WorkingSet (physical memory assigned to process): 368M, peak: 463M
current process commit charge ("private bytes"): 515M, peak: 528M

vm_info: Java HotSpot(TM) 64-Bit Server VM (12.0.1+12) for windows-amd64 JRE (12.0.1+12), built on Apr  2 2019 14:02:19 by "mach5one" with MS VC++ 15.5 (VS2017)

END.
