#
# There is insufficient memory for the Java Runtime Environment to continue.
# Native memory allocation (malloc) failed to allocate 1651696 bytes for Chunk::new
# Possible reasons:
#   The system is out of physical RAM or swap space
#   The process is running with CompressedOops enabled, and the Java Heap may be blocking the growth of the native heap
# Possible solutions:
#   Reduce memory load on the system
#   Increase physical memory or swap space
#   Check if swap backing store is full
#   Decrease Java heap size (-Xmx/-Xms)
#   Decrease number of Java threads
#   Decrease Java thread stack sizes (-Xss)
#   Set larger code cache with -XX:ReservedCodeCacheSize=
#   JVM is running with Unscaled Compressed Oops mode in which the Java heap is
#     placed in the first 4GB address space. The Java Heap base address is the
#     maximum limit for the native heap growth. Please use -XX:HeapBaseMinAddress
#     to set the Java Heap base and to place the Java Heap above 4GB virtual address.
# This output file may be truncated or incomplete.
#
#  Out of Memory Error (t:/workspace/open/src/hotspot/share/memory/arena.cpp:197), pid=7420, tid=1980
#
# JRE version: Java(TM) SE Runtime Environment (12.0.1+12) (build 12.0.1+12)
# Java VM: Java HotSpot(TM) 64-Bit Server VM (12.0.1+12, mixed mode, sharing, tiered, compressed oops, g1 gc, windows-amd64)
# No core dump will be written. Minidumps are not enabled by default on client versions of Windows
#

---------------  S U M M A R Y ------------

Command Line: -Dorg.gradle.native=false -Xmx512m -Dfile.encoding=windows-1251 -Duser.country=RU -Duser.language=ru -Duser.variant -ea worker.org.gradle.process.internal.worker.GradleWorkerMain 'Gradle Test Executor 2'

Host: Intel(R) Core(TM) i3-2328M CPU @ 2.20GHz, 4 cores, 7G,  Windows 10 , 64 bit Build 18362 (10.0.18362.1110)
Time: Mon Jan  4 19:39:11 2021 Oeieyiaey (ceia) elapsed time: 17 seconds (0d 0h 0m 17s)

---------------  T H R E A D  ---------------

Current thread (0x000001edfd927000):  JavaThread "C2 CompilerThread0" daemon [_thread_in_native, id=1980, stack(0x0000001fcc200000,0x0000001fcc300000)]


Current CompileTask:
C2:  17403 3617   !   4       jdk.internal.loader.BuiltinClassLoader::findClassOnClassPathOrNull (64 bytes)

Stack: [0x0000001fcc200000,0x0000001fcc300000]
Native frames: (J=compiled Java code, j=interpreted, Vv=VM code, C=native code)
V  [jvm.dll+0x63948a]
V  [jvm.dll+0x78b31f]
V  [jvm.dll+0x78c9c1]
V  [jvm.dll+0x78d013]
V  [jvm.dll+0x262138]
V  [jvm.dll+0xc582c]
V  [jvm.dll+0xc5dac]
V  [jvm.dll+0x3796a7]
V  [jvm.dll+0x1aee00]
V  [jvm.dll+0x21c142]
V  [jvm.dll+0x21b20a]
V  [jvm.dll+0x199890]
V  [jvm.dll+0x22a534]
V  [jvm.dll+0x228b88]
V  [jvm.dll+0x74f660]
V  [jvm.dll+0x748648]
V  [jvm.dll+0x638566]
C  [ucrtbase.dll+0x210b2]
C  [KERNEL32.DLL+0x17c24]
C  [ntdll.dll+0x6d4d1]


---------------  P R O C E S S  ---------------

Threads class SMR info:
_java_thread_list=0x000001ed82542060, length=18, elements={
0x000001ede244a000, 0x000001edfcff8800, 0x000001edfcffb000, 0x000001edfd924800,
0x000001edfd925800, 0x000001edfd927000, 0x000001edfd930000, 0x000001edfd93c000,
0x000001edfda70000, 0x000001edfda83000, 0x000001edfe272000, 0x000001edfe3d6000,
0x000001edfe29c800, 0x000001edfea7f800, 0x000001edfed57000, 0x000001ed80fce800,
0x000001edff355800, 0x000001edfeb2f800
}

Java Threads: ( => current thread )
  0x000001ede244a000 JavaThread "main" [_thread_blocked, id=3916, stack(0x0000001fcb700000,0x0000001fcb800000)]
  0x000001edfcff8800 JavaThread "Reference Handler" daemon [_thread_blocked, id=10844, stack(0x0000001fcbe00000,0x0000001fcbf00000)]
  0x000001edfcffb000 JavaThread "Finalizer" daemon [_thread_blocked, id=7196, stack(0x0000001fcbf00000,0x0000001fcc000000)]
  0x000001edfd924800 JavaThread "Signal Dispatcher" daemon [_thread_blocked, id=8744, stack(0x0000001fcc000000,0x0000001fcc100000)]
  0x000001edfd925800 JavaThread "Attach Listener" daemon [_thread_blocked, id=3548, stack(0x0000001fcc100000,0x0000001fcc200000)]
=>0x000001edfd927000 JavaThread "C2 CompilerThread0" daemon [_thread_in_native, id=1980, stack(0x0000001fcc200000,0x0000001fcc300000)]
  0x000001edfd930000 JavaThread "C1 CompilerThread0" daemon [_thread_in_native, id=9604, stack(0x0000001fcc300000,0x0000001fcc400000)]
  0x000001edfd93c000 JavaThread "Sweeper thread" daemon [_thread_blocked, id=8756, stack(0x0000001fcc400000,0x0000001fcc500000)]
  0x000001edfda70000 JavaThread "Service Thread" daemon [_thread_blocked, id=2984, stack(0x0000001fcc500000,0x0000001fcc600000)]
  0x000001edfda83000 JavaThread "Common-Cleaner" daemon [_thread_blocked, id=7848, stack(0x0000001fcc700000,0x0000001fcc800000)]
  0x000001edfe272000 JavaThread "Test worker" [_thread_in_Java, id=9876, stack(0x0000001fccb00000,0x0000001fccc00000)]
  0x000001edfe3d6000 JavaThread "/127.0.0.1:55013 to /127.0.0.1:55010 workers Thread 2" [_thread_blocked, id=10884, stack(0x0000001fccc00000,0x0000001fccd00000)]
  0x000001edfe29c800 JavaThread "/127.0.0.1:55013 to /127.0.0.1:55010 workers Thread 3" [_thread_in_native, id=7676, stack(0x0000001fccd00000,0x0000001fcce00000)]
  0x000001edfea7f800 JavaThread "Thread-4" daemon [_thread_in_native, id=11160, stack(0x0000001fccf00000,0x0000001fcd000000)]
  0x000001edfed57000 JavaThread "Thread-5" daemon [_thread_in_native, id=10712, stack(0x0000001fcd000000,0x0000001fcd100000)]
  0x000001ed80fce800 JavaThread "cluster-ClusterId{value='5ff352bda9f4ec45ada53d18', description='null'}-localhost:55041" daemon [_thread_blocked, id=9836, stack(0x0000001fcd100000,0x0000001fcd200000)]
  0x000001edff355800 JavaThread "cluster-rtt-ClusterId{value='5ff352bda9f4ec45ada53d18', description='null'}-localhost:55041" daemon [_thread_in_native, id=8292, stack(0x0000001fcd200000,0x0000001fcd300000)]
  0x000001edfeb2f800 JavaThread "C2 CompilerThread1" daemon [_thread_in_native, id=11220, stack(0x0000001fcd300000,0x0000001fcd400000)]

Other Threads:
  0x000001edfcff5000 VMThread "VM Thread" [stack: 0x0000001fcbd00000,0x0000001fcbe00000] [id=4632]
  0x000001edfda7b800 WatcherThread [stack: 0x0000001fcc600000,0x0000001fcc700000] [id=8840]
  0x000001ede246c800 GCTaskThread "GC Thread#0" [stack: 0x0000001fcb800000,0x0000001fcb900000] [id=4900]
  0x000001edfe261800 GCTaskThread "GC Thread#1" [stack: 0x0000001fcc900000,0x0000001fcca00000] [id=10804]
  0x000001edfe265000 GCTaskThread "GC Thread#2" [stack: 0x0000001fcca00000,0x0000001fccb00000] [id=2592]
  0x000001edfe264800 GCTaskThread "GC Thread#3" [stack: 0x0000001fcce00000,0x0000001fccf00000] [id=10328]
  0x000001ede2471800 ConcurrentGCThread "G1 Main Marker" [stack: 0x0000001fcb900000,0x0000001fcba00000] [id=4552]
  0x000001ede2474000 ConcurrentGCThread "G1 Conc#0" [stack: 0x0000001fcba00000,0x0000001fcbb00000] [id=10524]
  0x000001edfce70800 ConcurrentGCThread "G1 Refine#0" [stack: 0x0000001fcbb00000,0x0000001fcbc00000] [id=9532]
  0x000001edfce71800 ConcurrentGCThread "G1 Young RemSet Sampling" [stack: 0x0000001fcbc00000,0x0000001fcbd00000] [id=10644]

Threads with active compile tasks:
C2 CompilerThread0  3617   !   4       jdk.internal.loader.BuiltinClassLoader::findClassOnClassPathOrNull (64 bytes)
C2 CompilerThread1  3754       4       org.springframework.boot.context.properties.source.ConfigurationPropertyName$ElementsParser::parse (234 bytes)

VM state:not at safepoint (normal execution)

VM Mutex/Monitor currently owned by a thread: None

Heap address: 0x00000000e0000000, size: 512 MB, Compressed Oops mode: 32-bit
Narrow klass base: 0x0000000800000000, Narrow klass shift: 3
Compressed class space size: 1073741824 Address: 0x00000008011a0000

Heap:
 garbage-first heap   total 40960K, used 24768K [0x00000000e0000000, 0x0000000100000000)
  region size 1024K, 9 young (9216K), 2 survivors (2048K)
 Metaspace       used 35630K, capacity 36971K, committed 37248K, reserved 1081344K
  class space    used 4873K, capacity 5421K, committed 5504K, reserved 1048576K
Heap Regions: E=young(eden), S=young(survivor), O=old, HS=humongous(starts), HC=humongous(continues), CS=collection set, F=free, A=archive, TAMS=top-at-mark-start (previous, next)
|   0|0x00000000e0000000, 0x00000000e0100000, 0x00000000e0100000|100%| O|  |TAMS 0x00000000e0100000, 0x00000000e0000000| Untracked 
|   1|0x00000000e0100000, 0x00000000e0200000, 0x00000000e0200000|100%| O|  |TAMS 0x00000000e0200000, 0x00000000e0100000| Untracked 
|   2|0x00000000e0200000, 0x00000000e0300000, 0x00000000e0300000|100%| O|  |TAMS 0x00000000e0300000, 0x00000000e0200000| Untracked 
|   3|0x00000000e0300000, 0x00000000e0400000, 0x00000000e0400000|100%| O|  |TAMS 0x00000000e0400000, 0x00000000e0300000| Untracked 
|   4|0x00000000e0400000, 0x00000000e0500000, 0x00000000e0500000|100%| O|  |TAMS 0x00000000e0500000, 0x00000000e0400000| Untracked 
|   5|0x00000000e0500000, 0x00000000e0600000, 0x00000000e0600000|100%| O|  |TAMS 0x00000000e0600000, 0x00000000e0500000| Untracked 
|   6|0x00000000e0600000, 0x00000000e06e0e00, 0x00000000e0700000| 87%| O|  |TAMS 0x00000000e06e0e00, 0x00000000e0600000| Untracked 
|   7|0x00000000e0700000, 0x00000000e0800000, 0x00000000e0800000|100%| O|  |TAMS 0x00000000e0800000, 0x00000000e0700000| Untracked 
|   8|0x00000000e0800000, 0x00000000e0900000, 0x00000000e0900000|100%| O|  |TAMS 0x00000000e0900000, 0x00000000e0800000| Untracked 
|   9|0x00000000e0900000, 0x00000000e0a00000, 0x00000000e0a00000|100%| O|  |TAMS 0x00000000e0a00000, 0x00000000e0900000| Untracked 
|  10|0x00000000e0a00000, 0x00000000e0b00000, 0x00000000e0b00000|100%| O|  |TAMS 0x00000000e0b00000, 0x00000000e0a00000| Untracked 
|  11|0x00000000e0b00000, 0x00000000e0c00000, 0x00000000e0c00000|100%| O|  |TAMS 0x00000000e0c00000, 0x00000000e0b00000| Untracked 
|  12|0x00000000e0c00000, 0x00000000e0d00000, 0x00000000e0d00000|100%| O|  |TAMS 0x00000000e0d00000, 0x00000000e0c00000| Untracked 
|  13|0x00000000e0d00000, 0x00000000e0e00000, 0x00000000e0e00000|100%| O|  |TAMS 0x00000000e0e00000, 0x00000000e0d00000| Untracked 
|  14|0x00000000e0e00000, 0x00000000e0f00000, 0x00000000e0f00000|100%| O|  |TAMS 0x00000000e0e8dc00, 0x00000000e0e00000| Untracked 
|  15|0x00000000e0f00000, 0x00000000e1000000, 0x00000000e1000000|100%| O|  |TAMS 0x00000000e0f00000, 0x00000000e0f00000| Untracked 
|  16|0x00000000e1000000, 0x00000000e10f6400, 0x00000000e1100000| 96%| O|  |TAMS 0x00000000e1000000, 0x00000000e1000000| Untracked 
|  17|0x00000000e1100000, 0x00000000e1100000, 0x00000000e1200000|  0%| F|  |TAMS 0x00000000e1100000, 0x00000000e1100000| Untracked 
|  18|0x00000000e1200000, 0x00000000e1200000, 0x00000000e1300000|  0%| F|  |TAMS 0x00000000e1200000, 0x00000000e1200000| Untracked 
|  19|0x00000000e1300000, 0x00000000e1300000, 0x00000000e1400000|  0%| F|  |TAMS 0x00000000e1300000, 0x00000000e1300000| Untracked 
|  20|0x00000000e1400000, 0x00000000e1400000, 0x00000000e1500000|  0%| F|  |TAMS 0x00000000e1400000, 0x00000000e1400000| Untracked 
|  21|0x00000000e1500000, 0x00000000e1500000, 0x00000000e1600000|  0%| F|  |TAMS 0x00000000e1500000, 0x00000000e1500000| Untracked 
|  22|0x00000000e1600000, 0x00000000e1600000, 0x00000000e1700000|  0%| F|  |TAMS 0x00000000e1600000, 0x00000000e1600000| Untracked 
|  23|0x00000000e1700000, 0x00000000e1700000, 0x00000000e1800000|  0%| F|  |TAMS 0x00000000e1700000, 0x00000000e1700000| Untracked 
|  24|0x00000000e1800000, 0x00000000e1859020, 0x00000000e1900000| 34%| S|CS|TAMS 0x00000000e1800000, 0x00000000e1800000| Complete 
|  25|0x00000000e1900000, 0x00000000e1a00000, 0x00000000e1a00000|100%| S|CS|TAMS 0x00000000e1900000, 0x00000000e1900000| Complete 
|  26|0x00000000e1a00000, 0x00000000e1a00000, 0x00000000e1b00000|  0%| F|  |TAMS 0x00000000e1a00000, 0x00000000e1a00000| Untracked 
|  27|0x00000000e1b00000, 0x00000000e1b00000, 0x00000000e1c00000|  0%| F|  |TAMS 0x00000000e1b00000, 0x00000000e1b00000| Untracked 
|  28|0x00000000e1c00000, 0x00000000e1c00000, 0x00000000e1d00000|  0%| F|  |TAMS 0x00000000e1c00000, 0x00000000e1c00000| Untracked 
|  29|0x00000000e1d00000, 0x00000000e1d00000, 0x00000000e1e00000|  0%| F|  |TAMS 0x00000000e1d00000, 0x00000000e1d00000| Untracked 
|  30|0x00000000e1e00000, 0x00000000e1e00000, 0x00000000e1f00000|  0%| F|  |TAMS 0x00000000e1e00000, 0x00000000e1e00000| Untracked 
|  31|0x00000000e1f00000, 0x00000000e1f00000, 0x00000000e2000000|  0%| F|  |TAMS 0x00000000e1f00000, 0x00000000e1f00000| Untracked 
|  32|0x00000000e2000000, 0x00000000e2000000, 0x00000000e2100000|  0%| F|  |TAMS 0x00000000e2000000, 0x00000000e2000000| Untracked 
|  33|0x00000000e2100000, 0x00000000e21bfdb8, 0x00000000e2200000| 74%| E|  |TAMS 0x00000000e2100000, 0x00000000e2100000| Complete 
|  34|0x00000000e2200000, 0x00000000e2300000, 0x00000000e2300000|100%| E|CS|TAMS 0x00000000e2200000, 0x00000000e2200000| Complete 
|  94|0x00000000e5e00000, 0x00000000e5f00000, 0x00000000e5f00000|100%| E|CS|TAMS 0x00000000e5e00000, 0x00000000e5e00000| Complete 
|  95|0x00000000e5f00000, 0x00000000e6000000, 0x00000000e6000000|100%| E|CS|TAMS 0x00000000e5f00000, 0x00000000e5f00000| Complete 
|  96|0x00000000e6000000, 0x00000000e6100000, 0x00000000e6100000|100%| E|CS|TAMS 0x00000000e6000000, 0x00000000e6000000| Complete 
|  97|0x00000000e6100000, 0x00000000e6200000, 0x00000000e6200000|100%| E|CS|TAMS 0x00000000e6100000, 0x00000000e6100000| Complete 
| 125|0x00000000e7d00000, 0x00000000e7e00000, 0x00000000e7e00000|100%| E|CS|TAMS 0x00000000e7d00000, 0x00000000e7d00000| Complete 

Card table byte_map: [0x000001edf97d0000,0x000001edf98d0000] _byte_map_base: 0x000001edf90d0000

Marking Bits (Prev, Next): (CMBitMap*) 0x000001ede246d808, (CMBitMap*) 0x000001ede246d848
 Prev Bits: [0x000001edf99d0000, 0x000001edfa1d0000)
 Next Bits: [0x000001edfa1d0000, 0x000001edfa9d0000)

Polling page: 0x000001ede1ba0000

Metaspace:

Usage:
  Non-class:     30.81 MB capacity,    30.04 MB ( 97%) used,   633.10 KB (  2%) free+waste,   156.69 KB ( <1%) overhead. 
      Class:      5.29 MB capacity,     4.76 MB ( 90%) used,   467.92 KB (  9%) free+waste,    79.44 KB (  1%) overhead. 
       Both:     36.10 MB capacity,    34.80 MB ( 96%) used,     1.08 MB (  3%) free+waste,   236.13 KB ( <1%) overhead. 

Virtual space:
  Non-class space:       32.00 MB reserved,      31.00 MB ( 97%) committed 
      Class space:        1.00 GB reserved,       5.38 MB ( <1%) committed 
             Both:        1.03 GB reserved,      36.38 MB (  3%) committed 

Chunk freelists:
   Non-Class:  256 bytes
       Class:  2.38 KB
        Both:  2.63 KB

CodeHeap 'non-profiled nmethods': size=120064Kb used=1852Kb max_used=1852Kb free=118211Kb
 bounds [0x000001edf2290000, 0x000001edf2500000, 0x000001edf97d0000]
CodeHeap 'profiled nmethods': size=120000Kb used=8542Kb max_used=8542Kb free=111457Kb
 bounds [0x000001edead60000, 0x000001edeb5c0000, 0x000001edf2290000]
CodeHeap 'non-nmethods': size=5696Kb used=1181Kb max_used=1216Kb free=4514Kb
 bounds [0x000001edea7d0000, 0x000001edeaa40000, 0x000001edead60000]
 total_blobs=5133 nmethods=3586 adapters=426
 compilation: enabled
              stopped_count=0, restarted_count=0
 full_count=0

Compilation events (10 events):
Event: 17.335 Thread 0x000001edfd930000 nmethod 3734 0x000001edeb59c890 code [0x000001edeb59ca60, 0x000001edeb59ccb0]
Event: 17.338 Thread 0x000001edfd930000 3735   !   3       org.springframework.util.ClassUtils::getDefaultClassLoader (37 bytes)
Event: 17.341 Thread 0x000001edfd930000 nmethod 3735 0x000001edeb59cd90 code [0x000001edeb59d0a0, 0x000001edeb59e590]
Event: 17.341 Thread 0x000001edfd930000 3736       3       org.springframework.core.ResolvableType::forMethodParameter (40 bytes)
Event: 17.342 Thread 0x000001edfeb2f800 nmethod 3709 0x000001edf2456390 code [0x000001edf2456660, 0x000001edf24593d0]
Event: 17.342 Thread 0x000001edfd930000 nmethod 3736 0x000001edeb59ec10 code [0x000001edeb59ee80, 0x000001edeb59f910]
Event: 17.342 Thread 0x000001edfd930000 3737       3       java.util.HashMap$Values::size (8 bytes)
Event: 17.342 Thread 0x000001edfeb2f800 3712       4       org.springframework.util.ConcurrentReferenceHashMap$Segment::getReference (55 bytes)
Event: 17.343 Thread 0x000001edfd930000 nmethod 3737 0x000001edeb59fd10 code [0x000001edeb59fec0, 0x000001edeb5a0058]
Event: 17.344 Thread 0x000001edfd930000 3738       3       org.springframework.boot.context.properties.bind.JavaBeanBinder$Bean::addMethodIfPossible (79 bytes)

GC Heap History (10 events):
Event: 15.370 GC heap before
{Heap before GC invocations=10 (full 0):
 garbage-first heap   total 40960K, used 29406K [0x00000000e0000000, 0x0000000100000000)
  region size 1024K, 18 young (18432K), 3 survivors (3072K)
 Metaspace       used 29535K, capacity 30644K, committed 30848K, reserved 1075200K
  class space    used 4001K, capacity 4436K, committed 4480K, reserved 1048576K
}
Event: 15.377 GC heap after
{Heap after GC invocations=11 (full 0):
 garbage-first heap   total 40960K, used 14876K [0x00000000e0000000, 0x0000000100000000)
  region size 1024K, 2 young (2048K), 2 survivors (2048K)
 Metaspace       used 29535K, capacity 30644K, committed 30848K, reserved 1075200K
  class space    used 4001K, capacity 4436K, committed 4480K, reserved 1048576K
}
Event: 15.861 GC heap before
{Heap before GC invocations=11 (full 0):
 garbage-first heap   total 40960K, used 30236K [0x00000000e0000000, 0x0000000100000000)
  region size 1024K, 18 young (18432K), 2 survivors (2048K)
 Metaspace       used 32490K, capacity 33686K, committed 33792K, reserved 1079296K
  class space    used 4399K, capacity 4854K, committed 4864K, reserved 1048576K
}
Event: 15.867 GC heap after
{Heap after GC invocations=12 (full 0):
 garbage-first heap   total 40960K, used 15856K [0x00000000e0000000, 0x0000000100000000)
  region size 1024K, 2 young (2048K), 2 survivors (2048K)
 Metaspace       used 32490K, capacity 33686K, committed 33792K, reserved 1079296K
  class space    used 4399K, capacity 4854K, committed 4864K, reserved 1048576K
}
Event: 16.318 GC heap before
{Heap before GC invocations=12 (full 0):
 garbage-first heap   total 40960K, used 31216K [0x00000000e0000000, 0x0000000100000000)
  region size 1024K, 17 young (17408K), 2 survivors (2048K)
 Metaspace       used 33976K, capacity 35251K, committed 35456K, reserved 1079296K
  class space    used 4628K, capacity 5123K, committed 5248K, reserved 1048576K
}
Event: 16.324 GC heap after
{Heap after GC invocations=13 (full 0):
 garbage-first heap   total 40960K, used 17340K [0x00000000e0000000, 0x0000000100000000)
  region size 1024K, 3 young (3072K), 3 survivors (3072K)
 Metaspace       used 33976K, capacity 35251K, committed 35456K, reserved 1079296K
  class space    used 4628K, capacity 5123K, committed 5248K, reserved 1048576K
}
Event: 16.456 GC heap before
{Heap before GC invocations=13 (full 0):
 garbage-first heap   total 40960K, used 20412K [0x00000000e0000000, 0x0000000100000000)
  region size 1024K, 7 young (7168K), 3 survivors (3072K)
 Metaspace       used 34440K, capacity 35739K, committed 35840K, reserved 1079296K
  class space    used 4708K, capacity 5202K, committed 5248K, reserved 1048576K
}
Event: 16.462 GC heap after
{Heap after GC invocations=14 (full 0):
 garbage-first heap   total 40960K, used 17693K [0x00000000e0000000, 0x0000000100000000)
  region size 1024K, 2 young (2048K), 2 survivors (2048K)
 Metaspace       used 34440K, capacity 35739K, committed 35840K, reserved 1079296K
  class space    used 4708K, capacity 5202K, committed 5248K, reserved 1048576K
}
Event: 17.146 GC heap before
{Heap before GC invocations=15 (full 0):
 garbage-first heap   total 40960K, used 29981K [0x00000000e0000000, 0x0000000100000000)
  region size 1024K, 14 young (14336K), 2 survivors (2048K)
 Metaspace       used 35318K, capacity 36727K, committed 36992K, reserved 1081344K
  class space    used 4844K, capacity 5384K, committed 5504K, reserved 1048576K
}
Event: 17.153 GC heap after
{Heap after GC invocations=16 (full 0):
 garbage-first heap   total 40960K, used 18624K [0x00000000e0000000, 0x0000000100000000)
  region size 1024K, 2 young (2048K), 2 survivors (2048K)
 Metaspace       used 35318K, capacity 36727K, committed 36992K, reserved 1081344K
  class space    used 4844K, capacity 5384K, committed 5504K, reserved 1048576K
}

Deoptimization events (10 events):
Event: 15.963 Thread 0x000001edfe272000 Uncommon trap: reason=unstable_if action=reinterpret pc=0x000001edf23c7bb4 method=org.springframework.util.ConcurrentReferenceHashMap$Segment.findInChain(Lorg/springframework/util/ConcurrentReferenceHashMap$Reference;Ljava/lang/Object;I)Lorg/springframewo
Event: 15.964 Thread 0x000001edfe272000 Uncommon trap: reason=unstable_if action=reinterpret pc=0x000001edf23bfa94 method=org.springframework.util.ConcurrentReferenceHashMap$Segment.findInChain(Lorg/springframework/util/ConcurrentReferenceHashMap$Reference;Ljava/lang/Object;I)Lorg/springframewo
Event: 15.964 Thread 0x000001edfe272000 Uncommon trap: reason=unstable_if action=reinterpret pc=0x000001edf23c91a8 method=org.springframework.util.ConcurrentReferenceHashMap$Segment.findInChain(Lorg/springframework/util/ConcurrentReferenceHashMap$Reference;Ljava/lang/Object;I)Lorg/springframewo
Event: 16.031 Thread 0x000001edfe272000 Uncommon trap: reason=speculate_null_assert action=make_not_entrant pc=0x000001edf23741c4 method=org.springframework.util.ConcurrentReferenceHashMap$Segment.restructureIfNecessary(Z)V @ 41 c2
Event: 16.076 Thread 0x000001edfe272000 Uncommon trap: reason=predicate action=maybe_recompile pc=0x000001edf2433ccc method=java.util.AbstractCollection.toArray([Ljava/lang/Object;)[Ljava/lang/Object; @ 43 c2
Event: 16.161 Thread 0x000001edfe272000 Uncommon trap: reason=unstable_if action=reinterpret pc=0x000001edf243518c method=org.springframework.util.ConcurrentReferenceHashMap$Segment.clear()V @ 7 c2
Event: 16.547 Thread 0x000001edfe272000 Uncommon trap: reason=array_check action=maybe_recompile pc=0x000001edf24444a8 method=java.util.AbstractCollection.toArray([Ljava/lang/Object;)[Ljava/lang/Object; @ 116 c2
Event: 16.563 Thread 0x000001edfe272000 Uncommon trap: reason=array_check action=maybe_recompile pc=0x000001edf24444a8 method=java.util.AbstractCollection.toArray([Ljava/lang/Object;)[Ljava/lang/Object; @ 116 c2
Event: 16.616 Thread 0x000001edfe272000 Uncommon trap: reason=array_check action=maybe_recompile pc=0x000001edf24444a8 method=java.util.AbstractCollection.toArray([Ljava/lang/Object;)[Ljava/lang/Object; @ 116 c2
Event: 16.616 Thread 0x000001edfe272000 Uncommon trap: reason=array_check action=maybe_recompile pc=0x000001edf24444a8 method=java.util.AbstractCollection.toArray([Ljava/lang/Object;)[Ljava/lang/Object; @ 116 c2

Classes redefined (0 events):
No events

Internal exceptions (10 events):
Event: 17.252 Thread 0x000001edfe272000 Exception <a 'java/lang/ClassNotFoundException'{0x00000000e61b5800}: com/fasterxml/jackson/core/TreeCodecBeanInfo> (0x00000000e61b5800) thrown at [t:/workspace/open/src/hotspot/share/classfile/systemDictionary.cpp, line 235]
Event: 17.253 Thread 0x000001edfe272000 Exception <a 'java/lang/ClassNotFoundException'{0x00000000e61c54c0}: com/fasterxml/jackson/core/TreeCodecCustomizer> (0x00000000e61c54c0) thrown at [t:/workspace/open/src/hotspot/share/classfile/systemDictionary.cpp, line 235]
Event: 17.255 Thread 0x000001edfe272000 Exception <a 'java/lang/ClassNotFoundException'{0x00000000e61da0e8}: com/fasterxml/jackson/core/ObjectCodecCustomizer> (0x00000000e61da0e8) thrown at [t:/workspace/open/src/hotspot/share/classfile/systemDictionary.cpp, line 235]
Event: 17.259 Thread 0x000001edfe272000 Exception <a 'java/lang/ClassNotFoundException'{0x00000000e61ff0d0}: com/fasterxml/jackson/databind/ObjectMapperCustomizer> (0x00000000e61ff0d0) thrown at [t:/workspace/open/src/hotspot/share/classfile/systemDictionary.cpp, line 235]
Event: 17.327 Thread 0x000001edfe272000 Exception <a 'java/lang/ClassNotFoundException'{0x00000000e5fce7c0}: com/fasterxml/jackson/core/VersionedCustomizer> (0x00000000e5fce7c0) thrown at [t:/workspace/open/src/hotspot/share/classfile/systemDictionary.cpp, line 235]
Event: 17.329 Thread 0x000001edfe272000 Exception <a 'java/lang/ClassNotFoundException'{0x00000000e5fde5f0}: com/fasterxml/jackson/core/VersionedCustomizer> (0x00000000e5fde5f0) thrown at [t:/workspace/open/src/hotspot/share/classfile/systemDictionary.cpp, line 235]
Event: 17.335 Thread 0x000001edfe272000 Exception <a 'java/lang/ClassNotFoundException'{0x00000000e5ff9630}: java/lang/ObjectCustomizer> (0x00000000e5ff9630) thrown at [t:/workspace/open/src/hotspot/share/classfile/systemDictionary.cpp, line 235]
Event: 17.337 Thread 0x000001edfe272000 Exception <a 'java/lang/ClassNotFoundException'{0x00000000e5e15600}: org/springframework/boot/autoconfigure/http/codec/CodecsAutoConfiguration$DefaultCodecsConfigurationCustomizer> (0x00000000e5e15600) thrown at [t:/workspace/open/src/hotspot/share/classf
Event: 17.340 Thread 0x000001edfe272000 Exception <a 'java/lang/ClassNotFoundException'{0x00000000e5e1e8a0}: java/lang/ObjectCustomizer> (0x00000000e5e1e8a0) thrown at [t:/workspace/open/src/hotspot/share/classfile/systemDictionary.cpp, line 235]
Event: 17.341 Thread 0x000001edfe272000 Exception <a 'java/lang/ClassNotFoundException'{0x00000000e5e353e8}: org/springframework/boot/autoconfigure/codec/CodecPropertiesCustomizer> (0x00000000e5e353e8) thrown at [t:/workspace/open/src/hotspot/share/classfile/systemDictionary.cpp, line 235]

Events (10 events):
Event: 17.340 loading class java/lang/ObjectCustomizer
Event: 17.340 loading class java/lang/ObjectCustomizer done
Event: 17.340 loading class java/lang/ObjectCustomizer
Event: 17.340 loading class java/lang/ObjectCustomizer done
Event: 17.341 loading class org/springframework/boot/autoconfigure/codec/CodecPropertiesCustomizer
Event: 17.341 loading class org/springframework/boot/autoconfigure/codec/CodecPropertiesCustomizer done
Event: 17.341 loading class org/springframework/boot/autoconfigure/codec/CodecPropertiesCustomizer
Event: 17.341 loading class org/springframework/boot/autoconfigure/codec/CodecPropertiesCustomizer done
Event: 17.341 loading class org/springframework/boot/autoconfigure/codec/CodecPropertiesCustomizer
Event: 17.341 loading class org/springframework/boot/autoconfigure/codec/CodecPropertiesCustomizer done


Dynamic libraries:
0x00007ff655720000 - 0x00007ff65572f000 	C:\Program Files\Java\jdk-12.0.1\bin\java.exe
0x00007ffdbdcc0000 - 0x00007ffdbdeb0000 	C:\WINDOWS\SYSTEM32\ntdll.dll
0x00007ffdbdb90000 - 0x00007ffdbdc42000 	C:\WINDOWS\System32\KERNEL32.DLL
0x00007ffdbae60000 - 0x00007ffdbb105000 	C:\WINDOWS\System32\KERNELBASE.dll
0x00007ffdbb240000 - 0x00007ffdbb33a000 	C:\WINDOWS\System32\ucrtbase.dll
0x00007ffda4170000 - 0x00007ffda4188000 	C:\Program Files\Java\jdk-12.0.1\bin\jli.dll
0x00007ffda4700000 - 0x00007ffda4716000 	C:\Program Files\Java\jdk-12.0.1\bin\VCRUNTIME140.dll
0x00007ffdbcfc0000 - 0x00007ffdbd063000 	C:\WINDOWS\System32\ADVAPI32.dll
0x00007ffdbcf20000 - 0x00007ffdbcfbe000 	C:\WINDOWS\System32\msvcrt.dll
0x00007ffdbc140000 - 0x00007ffdbc1d7000 	C:\WINDOWS\System32\sechost.dll
0x00007ffdbd0e0000 - 0x00007ffdbd200000 	C:\WINDOWS\System32\RPCRT4.dll
0x00007ffdbcb10000 - 0x00007ffdbcca4000 	C:\WINDOWS\System32\USER32.dll
0x00007ffdbb3f0000 - 0x00007ffdbb411000 	C:\WINDOWS\System32\win32u.dll
0x00007ffdad490000 - 0x00007ffdad714000 	C:\WINDOWS\WinSxS\amd64_microsoft.windows.common-controls_6595b64144ccf1df_6.0.18362.1256_none_9e7e379be45e40e2\COMCTL32.dll
0x00007ffdbdc50000 - 0x00007ffdbdc76000 	C:\WINDOWS\System32\GDI32.dll
0x00007ffdbacc0000 - 0x00007ffdbae56000 	C:\WINDOWS\System32\gdi32full.dll
0x00007ffdbc7d0000 - 0x00007ffdbcb06000 	C:\WINDOWS\System32\combase.dll
0x00007ffdbb1a0000 - 0x00007ffdbb23e000 	C:\WINDOWS\System32\msvcp_win.dll
0x00007ffdbac30000 - 0x00007ffdbacb1000 	C:\WINDOWS\System32\bcryptPrimitives.dll
0x00007ffdba900000 - 0x00007ffdba90a000 	C:\WINDOWS\SYSTEM32\VERSION.dll
0x00007ffdbd8f0000 - 0x00007ffdbd91e000 	C:\WINDOWS\System32\IMM32.DLL
0x00007ffdba940000 - 0x00007ffdba976000 	C:\WINDOWS\system32\DriverStore\FileRepository\nvfm.inf_amd64_76974c92c44bbb6b\nvinitx.dll
0x00007ffdbd200000 - 0x00007ffdbd8e7000 	C:\WINDOWS\System32\Shell32.dll
0x00007ffdbbd20000 - 0x00007ffdbbd6a000 	C:\WINDOWS\System32\cfgmgr32.dll
0x00007ffdbd920000 - 0x00007ffdbd9c9000 	C:\WINDOWS\System32\shcore.dll
0x00007ffdbb590000 - 0x00007ffdbbd11000 	C:\WINDOWS\System32\windows.storage.dll
0x00007ffdbac00000 - 0x00007ffdbac23000 	C:\WINDOWS\System32\profapi.dll
0x00007ffdbab70000 - 0x00007ffdbabba000 	C:\WINDOWS\System32\powrprof.dll
0x00007ffdbab60000 - 0x00007ffdbab70000 	C:\WINDOWS\System32\UMPDC.dll
0x00007ffdbccb0000 - 0x00007ffdbcd02000 	C:\WINDOWS\System32\shlwapi.dll
0x00007ffdbabe0000 - 0x00007ffdbabf1000 	C:\WINDOWS\System32\kernel.appcore.dll
0x00007ffdbb570000 - 0x00007ffdbb587000 	C:\WINDOWS\System32\cryptsp.dll
0x000000005e340000 - 0x000000005e346000 	C:\Program Files\NVIDIA Corporation\CoProcManager\_etoured.dll
0x00007ffdb0380000 - 0x00007ffdb03c3000 	C:\Program Files\NVIDIA Corporation\CoProcManager\nvd3d9wrapx.dll
0x00007ffdbc360000 - 0x00007ffdbc7d0000 	C:\WINDOWS\System32\SETUPAPI.dll
0x00007ffdbb170000 - 0x00007ffdbb196000 	C:\WINDOWS\System32\bcrypt.dll
0x00007ffdb9710000 - 0x00007ffdb9730000 	C:\WINDOWS\SYSTEM32\dxcore.dll
0x00007ffdb0350000 - 0x00007ffdb037d000 	C:\Program Files\NVIDIA Corporation\CoProcManager\nvdxgiwrapx.dll
0x00007ffd870a0000 - 0x00007ffd8714a000 	C:\Program Files\Java\jdk-12.0.1\bin\msvcp140.dll
0x00007ffd72460000 - 0x00007ffd72fd4000 	C:\Program Files\Java\jdk-12.0.1\bin\server\jvm.dll
0x00007ffdbd070000 - 0x00007ffdbd078000 	C:\WINDOWS\System32\PSAPI.DLL
0x00007ffdb7070000 - 0x00007ffdb7079000 	C:\WINDOWS\SYSTEM32\WSOCK32.dll
0x00007ffdbce40000 - 0x00007ffdbceaf000 	C:\WINDOWS\System32\WS2_32.dll
0x00007ffdb7480000 - 0x00007ffdb74a4000 	C:\WINDOWS\SYSTEM32\WINMM.dll
0x00007ffdb7450000 - 0x00007ffdb747d000 	C:\WINDOWS\SYSTEM32\winmmbase.dll
0x00007ffd99a20000 - 0x00007ffd99a31000 	C:\Program Files\Java\jdk-12.0.1\bin\verify.dll
0x00007ffdb9350000 - 0x00007ffdb9544000 	C:\WINDOWS\SYSTEM32\DBGHELP.DLL
0x00007ffda6900000 - 0x00007ffda692a000 	C:\WINDOWS\SYSTEM32\dbgcore.DLL
0x00007ffd990e0000 - 0x00007ffd99106000 	C:\Program Files\Java\jdk-12.0.1\bin\java.dll
0x00007ffd98020000 - 0x00007ffd98037000 	C:\Program Files\Java\jdk-12.0.1\bin\zip.dll
0x00007ffdb3980000 - 0x00007ffdb398a000 	C:\Program Files\Java\jdk-12.0.1\bin\jimage.dll
0x00007ffd964b0000 - 0x00007ffd964c9000 	C:\Program Files\Java\jdk-12.0.1\bin\net.dll
0x00007ffdaac80000 - 0x00007ffdaae56000 	C:\WINDOWS\SYSTEM32\urlmon.dll
0x00007ffdb0220000 - 0x00007ffdb0310000 	C:\WINDOWS\SYSTEM32\WINHTTP.dll
0x00007ffdab070000 - 0x00007ffdab317000 	C:\WINDOWS\SYSTEM32\iertutil.dll
0x00007ffdba490000 - 0x00007ffdba49c000 	C:\WINDOWS\SYSTEM32\CRYPTBASE.DLL
0x00007ffdba310000 - 0x00007ffdba377000 	C:\WINDOWS\system32\mswsock.dll
0x00007ffd92580000 - 0x00007ffd92593000 	C:\Program Files\Java\jdk-12.0.1\bin\nio.dll
0x00007ffdb9e30000 - 0x00007ffdb9e63000 	C:\WINDOWS\system32\rsaenh.dll
0x00007ffdbaa40000 - 0x00007ffdbaa65000 	C:\WINDOWS\SYSTEM32\USERENV.dll
0x00007ffdba030000 - 0x00007ffdba06a000 	C:\WINDOWS\SYSTEM32\IPHLPAPI.DLL
0x00007ffdbbff0000 - 0x00007ffdbbff8000 	C:\WINDOWS\System32\NSI.dll
0x00007ffdb08d0000 - 0x00007ffdb08e6000 	C:\WINDOWS\SYSTEM32\dhcpcsvc6.DLL
0x00007ffdb08b0000 - 0x00007ffdb08cc000 	C:\WINDOWS\SYSTEM32\dhcpcsvc.DLL
0x00007ffdba070000 - 0x00007ffdba13b000 	C:\WINDOWS\SYSTEM32\DNSAPI.dll
0x00007ffdb37a0000 - 0x00007ffdb37a9000 	C:\Program Files\Java\jdk-12.0.1\bin\management.dll
0x00007ffdadad0000 - 0x00007ffdadadc000 	C:\Program Files\Java\jdk-12.0.1\bin\management_ext.dll
0x00007ffda59d0000 - 0x00007ffda59e6000 	C:\WINDOWS\system32\napinsp.dll
0x00007ffda59b0000 - 0x00007ffda59ca000 	C:\WINDOWS\system32\pnrpnsp.dll
0x00007ffda5990000 - 0x00007ffda599e000 	C:\WINDOWS\System32\winrnr.dll
0x00007ffdb7000000 - 0x00007ffdb701c000 	C:\WINDOWS\system32\NLAapi.dll
0x00007ffdb5110000 - 0x00007ffdb5125000 	C:\WINDOWS\system32\wshbth.dll
0x00007ffdada10000 - 0x00007ffdada1a000 	C:\Windows\System32\rasadhlp.dll
0x00007ffdb06b0000 - 0x00007ffdb0727000 	C:\WINDOWS\System32\fwpuclnt.dll
0x00007ffdb9b10000 - 0x00007ffdb9b41000 	C:\WINDOWS\SYSTEM32\ntmarta.dll
0x00007ffdb8960000 - 0x00007ffdb89ef000 	C:\WINDOWS\system32\apphelp.dll

dbghelp: loaded successfully - version: 4.0.5 - missing functions: none
symbol engine: initialized successfully - sym options: 0x614 - pdb path: .;C:\Program Files\Java\jdk-12.0.1\bin;C:\WINDOWS\SYSTEM32;C:\WINDOWS\WinSxS\amd64_microsoft.windows.common-controls_6595b64144ccf1df_6.0.18362.1256_none_9e7e379be45e40e2;C:\WINDOWS\system32\DriverStore\FileRepository\nvfm.inf_amd64_76974c92c44bbb6b;C:\Program Files\NVIDIA Corporation\CoProcManager;C:\Program Files\Java\jdk-12.0.1\bin\server

VM Arguments:
jvm_args: -Dorg.gradle.native=false -Xmx512m -Dfile.encoding=windows-1251 -Duser.country=RU -Duser.language=ru -Duser.variant -ea 
java_command: worker.org.gradle.process.internal.worker.GradleWorkerMain 'Gradle Test Executor 2'
java_class_path (initial): C:\\Gradle\\gradle-5.5\\caches\\6.7.1\\workerMain\\gradle-worker.jar;D:\\testExercise\\build\\classes\\java\\test;D:\\testExercise\\build\\resources\\test;D:\\testExercise\\build\\classes\\java\\main;D:\\testExercise\\build\\resources\\main;C:\\Gradle\\gradle-5.5\\caches\\modules-2\\files-2.1\\org.springframework.boot\\spring-boot-starter-data-mongodb-reactive\\2.4.1\\655a05dfabfab178a2365c40b762f2be67698d36\\spring-boot-starter-data-mongodb-reactive-2.4.1.jar;C:\\Gradle\\gradle-5.5\\caches\\modules-2\\files-2.1\\org.springframework.boot\\spring-boot-starter-webflux\\2.4.1\\e54535216a6b6becffc044fd8abff3e6011e576d\\spring-boot-starter-webflux-2.4.1.jar;C:\\Gradle\\gradle-5.5\\caches\\modules-2\\files-2.1\\org.springframework.boot\\spring-boot-starter-test\\2.4.1\\50147ab5f3b431a397d27e2c0af313b9147cd058\\spring-boot-starter-test-2.4.1.jar;C:\\Gradle\\gradle-5.5\\caches\\modules-2\\files-2.1\\de.flapdoodle.embed\\de.flapdoodle.embed.mongo\\2.2.0\\781d14f4e3d9eeb0b4c3e00a4ec165a04b3dc5c4\\de.flapdoodle.embed.mongo-2.2.0.jar;C:\\Gradle\\gradle-5.5\\caches\\modules-2\\files-2.1\\io.projectreactor\\reactor-test\\3.4.1\\ec8cef652db7d41ebf5967910872367b5423e989\\reactor-test-3.4.1.jar;C:\\Gradle\\gradle-5.5\\caches\\modules-2\\files-2.1\\org.springframework.boot\\spring-boot-starter-json\\2.4.1\\5a4b7088c88be531cb416ef218da3e19309f8cea\\spring-boot-starter-json-2.4.1.jar;C:\\Gradle\\gradle-5.5\\caches\\modules-2\\files-2.1\\org.springframework.boot\\spring-boot-starter\\2.4.1\\15d81ffe81e26de37986d491e1cf4c1e3a324ca3\\spring-boot-starter-2.4.1.jar;C:\\Gradle\\gradle-5.5\\caches\\modules-2\\files-2.1\\org.springframework\\spring-webflux\\5.3.2\\63fe694e07b0430991671eebac9fbb0ffba08483\\spring-webflux-5.3.2.jar;C:\\Gradle\\gradle-5.5\\caches\\modules-2\\files-2.1\\org.springframework.boot\\spring-boot-starter-reactor-netty\\2.4.1\\f4e512e25c75839c946b26756e18e7bee4307091\\spring-boot-starter-reactor-netty-2.4.1.jar;C:\\Gradle\\gradle-5.5\\caches\
Launcher Type: SUN_STANDARD

[Global flags]
     intx CICompilerCount                          = 3                                         {product} {ergonomic}
     uint ConcGCThreads                            = 1                                         {product} {ergonomic}
     uint G1ConcRefinementThreads                  = 4                                         {product} {ergonomic}
   size_t G1HeapRegionSize                         = 1048576                                   {product} {ergonomic}
    uintx GCDrainStackTargetSize                   = 64                                        {product} {ergonomic}
   size_t InitialHeapSize                          = 132120576                                 {product} {ergonomic}
   size_t MarkStackSize                            = 4194304                                   {product} {ergonomic}
   size_t MaxHeapSize                              = 536870912                                 {product} {command line}
   size_t MaxNewSize                               = 321912832                                 {product} {ergonomic}
   size_t MinHeapDeltaBytes                        = 1048576                                   {product} {ergonomic}
    uintx NonNMethodCodeHeapSize                   = 5830732                                {pd product} {ergonomic}
    uintx NonProfiledCodeHeapSize                  = 122913754                              {pd product} {ergonomic}
    uintx ProfiledCodeHeapSize                     = 122913754                              {pd product} {ergonomic}
    uintx ReservedCodeCacheSize                    = 251658240                              {pd product} {ergonomic}
     bool SegmentedCodeCache                       = true                                      {product} {ergonomic}
     bool UseCompressedClassPointers               = true                                 {lp64_product} {ergonomic}
     bool UseCompressedOops                        = true                                 {lp64_product} {ergonomic}
     bool UseG1GC                                  = true                                      {product} {ergonomic}
     bool UseLargePagesIndividualAllocation        = false                                  {pd product} {ergonomic}

Logging:
Log output configuration:
 #0: stdout all=warning uptime,level,tags
 #1: stderr all=off uptime,level,tags

Environment Variables:
JAVA_HOME=C:\Program Files\Java\jdk-12.0.1
PATH=C:\ProgramData\DockerDesktop\version-bin;C:\Program Files\Docker\Docker\Resources\bin;C:\WINDOWS\system32;C:\WINDOWS;C:\WINDOWS\System32\Wbem;C:\WINDOWS\System32\WindowsPowerShell\v1.0\;C:\WINDOWS\System32\OpenSSH\;C:\Program Files\Git\cmd;C:\Gradle\gradle-5.5\bin;C:\Go\bin;C:\Program Files\MySQL\MySQL Shell 8.0\bin\;C:\Users\Diana\AppData\Local\Microsoft\WindowsApps;;C:\Program Files\JetBrains\IntelliJ IDEA Community Edition 2019.1.3\bin;;C:\Users\Diana\go\bin;C:\Users\Diana\AppData\Local\Programs\Microsoft VS Code\bin
USERNAME=Diana
OS=Windows_NT
PROCESSOR_IDENTIFIER=Intel64 Family 6 Model 42 Stepping 7, GenuineIntel



---------------  S Y S T E M  ---------------

OS: Windows 10 , 64 bit Build 18362 (10.0.18362.1110)

CPU:total 4 (initial active 4) (2 cores per cpu, 2 threads per core) family 6 model 42 stepping 7, cmov, cx8, fxsr, mmx, sse, sse2, sse3, ssse3, sse4.1, sse4.2, popcnt, avx, clmul, ht, tsc, tscinvbit

Memory: 4k page, system-wide physical 8048M (802M free)
TotalPageFile size 8848M (AvailPageFile size 5M)
current process WorkingSet (physical memory assigned to process): 170M, peak: 175M
current process commit charge ("private bytes"): 198M, peak: 250M

vm_info: Java HotSpot(TM) 64-Bit Server VM (12.0.1+12) for windows-amd64 JRE (12.0.1+12), built on Apr  2 2019 14:02:19 by "mach5one" with MS VC++ 15.5 (VS2017)

END.
