#
# There is insufficient memory for the Java Runtime Environment to continue.
# Native memory allocation (malloc) failed to allocate 131088 bytes for Chunk::new
# Possible reasons:
#   The system is out of physical RAM or swap space
#   The process is running with CompressedOops enabled, and the Java Heap may be blocking the growth of the native heap
# Possible solutions:
#   Reduce memory load on the system
#   Increase physical memory or swap space
#   Check if swap backing store is full
#   Decrease Java heap size (-Xmx/-Xms)
#   Decrease number of Java threads
#   Decrease Java thread stack sizes (-Xss)
#   Set larger code cache with -XX:ReservedCodeCacheSize=
#   JVM is running with Unscaled Compressed Oops mode in which the Java heap is
#     placed in the first 4GB address space. The Java Heap base address is the
#     maximum limit for the native heap growth. Please use -XX:HeapBaseMinAddress
#     to set the Java Heap base and to place the Java Heap above 4GB virtual address.
# This output file may be truncated or incomplete.
#
#  Out of Memory Error (t:/workspace/open/src/hotspot/share/memory/arena.cpp:197), pid=2288, tid=9392
#
# JRE version: Java(TM) SE Runtime Environment (12.0.1+12) (build 12.0.1+12)
# Java VM: Java HotSpot(TM) 64-Bit Server VM (12.0.1+12, mixed mode, sharing, tiered, compressed oops, g1 gc, windows-amd64)
# No core dump will be written. Minidumps are not enabled by default on client versions of Windows
#

---------------  S U M M A R Y ------------

Command Line: -ea -Didea.test.cyclic.buffer.size=1048576 -javaagent:C:\Program Files\JetBrains\IntelliJ IDEA Community Edition 2020.1.1\lib\idea_rt.jar=50651:C:\Program Files\JetBrains\IntelliJ IDEA Community Edition 2020.1.1\bin -Dfile.encoding=UTF-8 com.intellij.rt.junit.JUnitStarter -ideVersion5 -junit5 com.dskushnir.testExercise.testHandler.NodeHandlerTest

Host: Intel(R) Core(TM) i3-2328M CPU @ 2.20GHz, 4 cores, 7G,  Windows 10 , 64 bit Build 18362 (10.0.18362.1110)
Time: Mon Jan 11 11:52:39 2021 Oeieyiaey (ceia) elapsed time: 23 seconds (0d 0h 0m 23s)

---------------  T H R E A D  ---------------

Current thread (0x000001e133599800):  JavaThread "C2 CompilerThread1" daemon [_thread_in_native, id=9392, stack(0x00000019e7d00000,0x00000019e7e00000)]


Current CompileTask:
C2:  23001 4674       4       sun.reflect.generics.parser.SignatureParser::parsePackageNameAndSimpleClassTypeSignature (119 bytes)

Stack: [0x00000019e7d00000,0x00000019e7e00000]
Native frames: (J=compiled Java code, j=interpreted, Vv=VM code, C=native code)
V  [VERSION.dll+0x63948a]
V  [jvm.dll+0x78b31f]
V  [jvm.dll+0x78c9c1]
V  [jvm.dll+0x78d013]
V  [jvm.dll+0x262138]
V  [jvm.dll+0xc582c]
V  [jvm.dll+0xc5dac]
V  [jvm.dll+0xc5910]
V  [jvm.dll+0x61a81f]
V  [jvm.dll+0x555c84]
V  [jvm.dll+0x21d7fc]
V  [jvm.dll+0x21b0e6]
V  [jvm.dll+0x199890]
V  [jvm.dll+0x22a534]
V  [jvm.dll+0x228b88]
V  [jvm.dll+0x74f660]
V  [jvm.dll+0x748648]
V  [jvm.dll+0x638566]
C  [ucrtbase.dll+0x210b2]
C  [KERNEL32.DLL+0x17c24]
C  [ntdll.dll+0x6d4d1]


---------------  P R O C E S S  ---------------

Threads class SMR info:
_java_thread_list=0x000001e134fac3f0, length=32, elements={
0x000001e10ff35000, 0x000001e111911800, 0x000001e111913000, 0x000001e111923800,
0x000001e11192c800, 0x000001e111931800, 0x000001e111933000, 0x000001e111937800,
0x000001e1118f7000, 0x000001e130c0a800, 0x000001e130c0b800, 0x000001e1319ae000,
0x000001e134eff800, 0x000001e1359d1000, 0x000001e1366db800, 0x000001e1316c8800,
0x000001e13346b800, 0x000001e133472000, 0x000001e13346c000, 0x000001e13346f800,
0x000001e133470000, 0x000001e13346d000, 0x000001e13346d800, 0x000001e13346e800,
0x000001e13359c800, 0x000001e13359e800, 0x000001e13359c000, 0x000001e133599800,
0x000001e133598800, 0x000001e13359d800, 0x000001e13359a800, 0x000001e13359f000
}

Java Threads: ( => current thread )
  0x000001e10ff35000 JavaThread "main" [_thread_blocked, id=4788, stack(0x00000019e5300000,0x00000019e5400000)]
  0x000001e111911800 JavaThread "Reference Handler" daemon [_thread_blocked, id=3032, stack(0x00000019e5a00000,0x00000019e5b00000)]
  0x000001e111913000 JavaThread "Finalizer" daemon [_thread_blocked, id=1880, stack(0x00000019e5b00000,0x00000019e5c00000)]
  0x000001e111923800 JavaThread "Signal Dispatcher" daemon [_thread_blocked, id=2396, stack(0x00000019e5c00000,0x00000019e5d00000)]
  0x000001e11192c800 JavaThread "Attach Listener" daemon [_thread_blocked, id=7944, stack(0x00000019e5d00000,0x00000019e5e00000)]
  0x000001e111931800 JavaThread "C2 CompilerThread0" daemon [_thread_in_native, id=10052, stack(0x00000019e5e00000,0x00000019e5f00000)]
  0x000001e111933000 JavaThread "C1 CompilerThread0" daemon [_thread_blocked, id=1236, stack(0x00000019e5f00000,0x00000019e6000000)]
  0x000001e111937800 JavaThread "Sweeper thread" daemon [_thread_blocked, id=11084, stack(0x00000019e6000000,0x00000019e6100000)]
  0x000001e1118f7000 JavaThread "Common-Cleaner" daemon [_thread_blocked, id=1892, stack(0x00000019e6100000,0x00000019e6200000)]
  0x000001e130c0a800 JavaThread "Monitor Ctrl-Break" daemon [_thread_in_native, id=196, stack(0x00000019e6200000,0x00000019e6300000)]
  0x000001e130c0b800 JavaThread "Service Thread" daemon [_thread_blocked, id=1696, stack(0x00000019e6300000,0x00000019e6400000)]
  0x000001e1319ae000 JavaThread "Thread-1" daemon [_thread_in_native, id=10808, stack(0x00000019e6800000,0x00000019e6900000)]
  0x000001e134eff800 JavaThread "Thread-2" daemon [_thread_in_native, id=9492, stack(0x00000019e6900000,0x00000019e6a00000)]
  0x000001e1359d1000 JavaThread "boundedElastic-evictor-1" daemon [_thread_blocked, id=1968, stack(0x00000019e6e00000,0x00000019e6f00000)]
  0x000001e1366db800 JavaThread "boundedElastic-evictor-2" daemon [_thread_blocked, id=8300, stack(0x00000019e6f00000,0x00000019e7000000)]
  0x000001e1316c8800 JavaThread "boundedElastic-evictor-3" daemon [_thread_blocked, id=10768, stack(0x00000019e7000000,0x00000019e7100000)]
  0x000001e13346b800 JavaThread "boundedElastic-evictor-4" daemon [_thread_blocked, id=9884, stack(0x00000019e7100000,0x00000019e7200000)]
  0x000001e133472000 JavaThread "nioEventLoopGroup-3-2" [_thread_blocked, id=8632, stack(0x00000019e6d00000,0x00000019e6e00000)]
  0x000001e13346c000 JavaThread "reactor-http-nio-1" daemon [_thread_in_native, id=2996, stack(0x00000019e7200000,0x00000019e7300000)]
  0x000001e13346f800 JavaThread "nioEventLoopGroup-3-1" [_thread_blocked, id=1000, stack(0x00000019e7300000,0x00000019e7400000)]
  0x000001e133470000 JavaThread "nioEventLoopGroup-3-3" [_thread_blocked, id=1160, stack(0x00000019e7700000,0x00000019e7800000)]
  0x000001e13346d000 JavaThread "nioEventLoopGroup-3-4" [_thread_blocked, id=10596, stack(0x00000019e7800000,0x00000019e7900000)]
  0x000001e13346d800 JavaThread "nioEventLoopGroup-3-5" [_thread_blocked, id=5268, stack(0x00000019e7900000,0x00000019e7a00000)]
  0x000001e13346e800 JavaThread "reactor-http-nio-2" daemon [_thread_in_native, id=10476, stack(0x00000019e7600000,0x00000019e7700000)]
  0x000001e13359c800 JavaThread "reactor-http-nio-3" daemon [_thread_in_native, id=3216, stack(0x00000019e7a00000,0x00000019e7b00000)]
  0x000001e13359e800 JavaThread "reactor-http-nio-4" daemon [_thread_in_native, id=11040, stack(0x00000019e7b00000,0x00000019e7c00000)]
  0x000001e13359c000 JavaThread "Thread-7" daemon [_thread_in_native, id=4892, stack(0x00000019e7c00000,0x00000019e7d00000)]
=>0x000001e133599800 JavaThread "C2 CompilerThread1" daemon [_thread_in_native, id=9392, stack(0x00000019e7d00000,0x00000019e7e00000)]
  0x000001e133598800 JavaThread "SpringContextShutdownHook" [_thread_blocked, id=4596, stack(0x00000019e7f00000,0x00000019e8000000)]
  0x000001e13359d800 JavaThread "nioEventLoopGroup-3-6" [_thread_blocked, id=2744, stack(0x00000019e6b00000,0x00000019e6c00000)]
  0x000001e13359a800 JavaThread "nioEventLoopGroup-3-7" [_thread_blocked, id=10920, stack(0x00000019e6c00000,0x00000019e6d00000)]
  0x000001e13359f000 JavaThread "nioEventLoopGroup-3-8" [_thread_blocked, id=2640, stack(0x00000019e7400000,0x00000019e7500000)]

Other Threads:
  0x000001e11190b800 VMThread "VM Thread" [stack: 0x00000019e5900000,0x00000019e5a00000] [id=7868]
  0x000001e130c11000 WatcherThread [stack: 0x00000019e6400000,0x00000019e6500000] [id=7324]
  0x000001e111790000 GCTaskThread "GC Thread#0" [stack: 0x00000019e5400000,0x00000019e5500000] [id=5192]
  0x000001e1317c1000 GCTaskThread "GC Thread#1" [stack: 0x00000019e6500000,0x00000019e6600000] [id=10632]
  0x000001e131786800 GCTaskThread "GC Thread#2" [stack: 0x00000019e6600000,0x00000019e6700000] [id=7848]
  0x000001e13201d000 GCTaskThread "GC Thread#3" [stack: 0x00000019e6a00000,0x00000019e6b00000] [id=10888]
  0x000001e10ff51800 ConcurrentGCThread "G1 Main Marker" [stack: 0x00000019e5500000,0x00000019e5600000] [id=9120]
  0x000001e10ff53800 ConcurrentGCThread "G1 Conc#0" [stack: 0x00000019e5600000,0x00000019e5700000] [id=8080]
  0x000001e111807800 ConcurrentGCThread "G1 Refine#0" [stack: 0x00000019e5700000,0x00000019e5800000] [id=10320]
  0x000001e130be8800 ConcurrentGCThread "G1 Refine#1" [stack: 0x00000019e6700000,0x00000019e6800000] [id=7552]
  0x000001e11180a800 ConcurrentGCThread "G1 Young RemSet Sampling" [stack: 0x00000019e5800000,0x00000019e5900000] [id=3832]

Threads with active compile tasks:
C2 CompilerThread0  4688       4       org.springframework.beans.factory.support.AbstractBeanFactory::isFactoryBean (65 bytes)
C2 CompilerThread1  4674       4       sun.reflect.generics.parser.SignatureParser::parsePackageNameAndSimpleClassTypeSignature (119 bytes)

VM state:not at safepoint (normal execution)

VM Mutex/Monitor currently owned by a thread: None

Heap address: 0x0000000082200000, size: 2014 MB, Compressed Oops mode: 32-bit
Narrow klass base: 0x0000000800000000, Narrow klass shift: 3
Compressed class space size: 1073741824 Address: 0x00000008011a0000

Heap:
 garbage-first heap   total 59392K, used 31900K [0x0000000082200000, 0x0000000100000000)
  region size 1024K, 12 young (12288K), 4 survivors (4096K)
 Metaspace       used 52187K, capacity 54231K, committed 54528K, reserved 1095680K
  class space    used 7303K, capacity 8123K, committed 8192K, reserved 1048576K
Heap Regions: E=young(eden), S=young(survivor), O=old, HS=humongous(starts), HC=humongous(continues), CS=collection set, F=free, A=archive, TAMS=top-at-mark-start (previous, next)
|   0|0x0000000082200000, 0x0000000082300000, 0x0000000082300000|100%| O|  |TAMS 0x0000000082300000, 0x0000000082200000| Untracked 
|   1|0x0000000082300000, 0x0000000082400000, 0x0000000082400000|100%| O|  |TAMS 0x0000000082400000, 0x0000000082300000| Untracked 
|   2|0x0000000082400000, 0x0000000082500000, 0x0000000082500000|100%| O|  |TAMS 0x0000000082500000, 0x0000000082400000| Untracked 
|   3|0x0000000082500000, 0x0000000082600000, 0x0000000082600000|100%| O|  |TAMS 0x0000000082600000, 0x0000000082500000| Untracked 
|   4|0x0000000082600000, 0x0000000082700000, 0x0000000082700000|100%| O|  |TAMS 0x0000000082700000, 0x0000000082600000| Untracked 
|   5|0x0000000082700000, 0x00000000827d4800, 0x0000000082800000| 83%| O|  |TAMS 0x00000000827d4800, 0x0000000082700000| Untracked 
|   6|0x0000000082800000, 0x0000000082900000, 0x0000000082900000|100%| O|  |TAMS 0x0000000082900000, 0x0000000082800000| Untracked 
|   7|0x0000000082900000, 0x0000000082a00000, 0x0000000082a00000|100%| O|  |TAMS 0x0000000082a00000, 0x0000000082900000| Untracked 
|   8|0x0000000082a00000, 0x0000000082b00000, 0x0000000082b00000|100%| O|  |TAMS 0x0000000082b00000, 0x0000000082a00000| Untracked 
|   9|0x0000000082b00000, 0x0000000082c00000, 0x0000000082c00000|100%| O|  |TAMS 0x0000000082c00000, 0x0000000082b00000| Untracked 
|  10|0x0000000082c00000, 0x0000000082d00000, 0x0000000082d00000|100%| O|  |TAMS 0x0000000082d00000, 0x0000000082c00000| Untracked 
|  11|0x0000000082d00000, 0x0000000082e00000, 0x0000000082e00000|100%| O|  |TAMS 0x0000000082e00000, 0x0000000082d00000| Untracked 
|  12|0x0000000082e00000, 0x0000000082f00000, 0x0000000082f00000|100%| O|  |TAMS 0x0000000082f00000, 0x0000000082e00000| Untracked 
|  13|0x0000000082f00000, 0x0000000083000000, 0x0000000083000000|100%| O|  |TAMS 0x0000000082f64400, 0x0000000082f00000| Untracked 
|  14|0x0000000083000000, 0x0000000083100000, 0x0000000083100000|100%| O|  |TAMS 0x0000000083000000, 0x0000000083000000| Untracked 
|  15|0x0000000083100000, 0x0000000083200000, 0x0000000083200000|100%| O|  |TAMS 0x0000000083100000, 0x0000000083100000| Untracked 
|  16|0x0000000083200000, 0x0000000083300000, 0x0000000083300000|100%| O|  |TAMS 0x0000000083200000, 0x0000000083200000| Untracked 
|  17|0x0000000083300000, 0x0000000083400000, 0x0000000083400000|100%| O|  |TAMS 0x0000000083300000, 0x0000000083300000| Untracked 
|  18|0x0000000083400000, 0x0000000083500000, 0x0000000083500000|100%| O|  |TAMS 0x0000000083400000, 0x0000000083400000| Untracked 
|  19|0x0000000083500000, 0x0000000083600000, 0x0000000083600000|100%| O|  |TAMS 0x0000000083500000, 0x0000000083500000| Untracked 
|  20|0x0000000083600000, 0x0000000083700000, 0x0000000083700000|100%| O|  |TAMS 0x0000000083600000, 0x0000000083600000| Untracked 
|  21|0x0000000083700000, 0x0000000083731000, 0x0000000083800000| 19%| O|  |TAMS 0x0000000083700000, 0x0000000083700000| Untracked 
|  22|0x0000000083800000, 0x0000000083800000, 0x0000000083900000|  0%| F|  |TAMS 0x0000000083800000, 0x0000000083800000| Untracked 
|  23|0x0000000083900000, 0x0000000083900000, 0x0000000083a00000|  0%| F|  |TAMS 0x0000000083900000, 0x0000000083900000| Untracked 
|  24|0x0000000083a00000, 0x0000000083a00000, 0x0000000083b00000|  0%| F|  |TAMS 0x0000000083a00000, 0x0000000083a00000| Untracked 
|  25|0x0000000083b00000, 0x0000000083b00000, 0x0000000083c00000|  0%| F|  |TAMS 0x0000000083b00000, 0x0000000083b00000| Untracked 
|  26|0x0000000083c00000, 0x0000000083c00000, 0x0000000083d00000|  0%| F|  |TAMS 0x0000000083c00000, 0x0000000083c00000| Untracked 
|  27|0x0000000083d00000, 0x0000000083d00000, 0x0000000083e00000|  0%| F|  |TAMS 0x0000000083d00000, 0x0000000083d00000| Untracked 
|  28|0x0000000083e00000, 0x0000000083e21898, 0x0000000083f00000| 13%| S|CS|TAMS 0x0000000083e00000, 0x0000000083e00000| Complete 
|  29|0x0000000083f00000, 0x0000000083f00000, 0x0000000084000000|  0%| F|  |TAMS 0x0000000083f00000, 0x0000000083f00000| Untracked 
|  30|0x0000000084000000, 0x0000000084000000, 0x0000000084100000|  0%| F|  |TAMS 0x0000000084000000, 0x0000000084000000| Untracked 
|  31|0x0000000084100000, 0x0000000084200000, 0x0000000084200000|100%| S|CS|TAMS 0x0000000084100000, 0x0000000084100000| Complete 
|  32|0x0000000084200000, 0x0000000084300000, 0x0000000084300000|100%| S|CS|TAMS 0x0000000084200000, 0x0000000084200000| Complete 
|  33|0x0000000084300000, 0x0000000084300000, 0x0000000084400000|  0%| F|  |TAMS 0x0000000084300000, 0x0000000084300000| Untracked 
|  34|0x0000000084400000, 0x0000000084400000, 0x0000000084500000|  0%| F|  |TAMS 0x0000000084400000, 0x0000000084400000| Untracked 
|  35|0x0000000084500000, 0x0000000084600000, 0x0000000084600000|100%| S|CS|TAMS 0x0000000084500000, 0x0000000084500000| Complete 
|  36|0x0000000084600000, 0x0000000084600000, 0x0000000084700000|  0%| F|  |TAMS 0x0000000084600000, 0x0000000084600000| Untracked 
|  37|0x0000000084700000, 0x0000000084700000, 0x0000000084800000|  0%| F|  |TAMS 0x0000000084700000, 0x0000000084700000| Untracked 
|  38|0x0000000084800000, 0x0000000084800000, 0x0000000084900000|  0%| F|  |TAMS 0x0000000084800000, 0x0000000084800000| Untracked 
|  39|0x0000000084900000, 0x0000000084900000, 0x0000000084a00000|  0%| F|  |TAMS 0x0000000084900000, 0x0000000084900000| Untracked 
|  40|0x0000000084a00000, 0x0000000084a00000, 0x0000000084b00000|  0%| F|  |TAMS 0x0000000084a00000, 0x0000000084a00000| Untracked 
|  41|0x0000000084b00000, 0x0000000084b00000, 0x0000000084c00000|  0%| F|  |TAMS 0x0000000084b00000, 0x0000000084b00000| Untracked 
|  42|0x0000000084c00000, 0x0000000084c00000, 0x0000000084d00000|  0%| F|  |TAMS 0x0000000084c00000, 0x0000000084c00000| Untracked 
|  43|0x0000000084d00000, 0x0000000084d00000, 0x0000000084e00000|  0%| F|  |TAMS 0x0000000084d00000, 0x0000000084d00000| Untracked 
|  44|0x0000000084e00000, 0x0000000084e00000, 0x0000000084f00000|  0%| F|  |TAMS 0x0000000084e00000, 0x0000000084e00000| Untracked 
|  45|0x0000000084f00000, 0x0000000084f00000, 0x0000000085000000|  0%| F|  |TAMS 0x0000000084f00000, 0x0000000084f00000| Untracked 
|  46|0x0000000085000000, 0x0000000085000000, 0x0000000085100000|  0%| F|  |TAMS 0x0000000085000000, 0x0000000085000000| Untracked 
|  47|0x0000000085100000, 0x0000000085100000, 0x0000000085200000|  0%| F|  |TAMS 0x0000000085100000, 0x0000000085100000| Untracked 
|  48|0x0000000085200000, 0x0000000085200000, 0x0000000085300000|  0%| F|  |TAMS 0x0000000085200000, 0x0000000085200000| Untracked 
|  49|0x0000000085300000, 0x0000000085300000, 0x0000000085400000|  0%| F|  |TAMS 0x0000000085300000, 0x0000000085300000| Untracked 
|  50|0x0000000085400000, 0x00000000854b6100, 0x0000000085500000| 71%| E|  |TAMS 0x0000000085400000, 0x0000000085400000| Complete 
|  51|0x0000000085500000, 0x0000000085600000, 0x0000000085600000|100%| E|CS|TAMS 0x0000000085500000, 0x0000000085500000| Complete 
|  84|0x0000000087600000, 0x0000000087700000, 0x0000000087700000|100%| E|CS|TAMS 0x0000000087600000, 0x0000000087600000| Complete 
|  85|0x0000000087700000, 0x0000000087800000, 0x0000000087800000|100%| E|CS|TAMS 0x0000000087700000, 0x0000000087700000| Complete 
|  86|0x0000000087800000, 0x0000000087900000, 0x0000000087900000|100%| E|CS|TAMS 0x0000000087800000, 0x0000000087800000| Complete 
|  87|0x0000000087900000, 0x0000000087a00000, 0x0000000087a00000|100%| E|CS|TAMS 0x0000000087900000, 0x0000000087900000| Complete 
|  88|0x0000000087a00000, 0x0000000087b00000, 0x0000000087b00000|100%| E|CS|TAMS 0x0000000087a00000, 0x0000000087a00000| Complete 
| 125|0x0000000089f00000, 0x000000008a000000, 0x000000008a000000|100%| E|CS|TAMS 0x0000000089f00000, 0x0000000089f00000| Complete 

Card table byte_map: [0x000001e1296a0000,0x000001e129a90000] _byte_map_base: 0x000001e12928f000

Marking Bits (Prev, Next): (CMBitMap*) 0x000001e111791638, (CMBitMap*) 0x000001e111791678
 Prev Bits: [0x000001e129e80000, 0x000001e12bdf8000)
 Next Bits: [0x000001e12be00000, 0x000001e12dd78000)

Polling page: 0x000001e10ff70000

Metaspace:

Usage:
  Non-class:     45.03 MB capacity,    43.83 MB ( 97%) used,   980.09 KB (  2%) free+waste,   244.00 KB ( <1%) overhead. 
      Class:      7.93 MB capacity,     7.13 MB ( 90%) used,   696.91 KB (  9%) free+waste,   122.56 KB (  2%) overhead. 
       Both:     52.96 MB capacity,    50.96 MB ( 96%) used,     1.64 MB (  3%) free+waste,   366.56 KB ( <1%) overhead. 

Virtual space:
  Non-class space:       46.00 MB reserved,      45.25 MB ( 98%) committed 
      Class space:        1.00 GB reserved,       8.00 MB ( <1%) committed 
             Both:        1.04 GB reserved,      53.25 MB (  5%) committed 

Chunk freelists:
   Non-Class:  4.50 KB
       Class:  0 bytes
        Both:  4.50 KB

CodeHeap 'non-profiled nmethods': size=120064Kb used=2474Kb max_used=2474Kb free=117589Kb
 bounds [0x000001e121750000, 0x000001e1219c0000, 0x000001e128c90000]
CodeHeap 'profiled nmethods': size=120000Kb used=10221Kb max_used=10221Kb free=109778Kb
 bounds [0x000001e11a220000, 0x000001e11ac30000, 0x000001e121750000]
CodeHeap 'non-nmethods': size=5696Kb used=1241Kb max_used=1274Kb free=4454Kb
 bounds [0x000001e119c90000, 0x000001e119f00000, 0x000001e11a220000]
 total_blobs=6454 nmethods=4445 adapters=511
 compilation: enabled
              stopped_count=0, restarted_count=0
 full_count=0

Compilation events (10 events):
Event: 22.960 Thread 0x000001e111933000 nmethod 4686 0x000001e11ac0ec10 code [0x000001e11ac0ede0, 0x000001e11ac0f070]
Event: 22.960 Thread 0x000001e111933000 4687       3       org.springframework.util.Assert::state (17 bytes)
Event: 22.961 Thread 0x000001e111933000 nmethod 4687 0x000001e11ac0f110 code [0x000001e11ac0f300, 0x000001e11ac0f7e0]
Event: 22.962 Thread 0x000001e111931800 4688       4       org.springframework.beans.factory.support.AbstractBeanFactory::isFactoryBean (65 bytes)
Event: 22.965 Thread 0x000001e111933000 4689       3       org.springframework.test.context.TestContextAnnotationUtils::findAnnotationDescriptor (256 bytes)
Event: 22.969 Thread 0x000001e111933000 nmethod 4689 0x000001e11ac0f990 code [0x000001e11ac0fe20, 0x000001e11ac11fa0]
Event: 22.969 Thread 0x000001e111933000 4690       3       java.lang.Class::isMemberClass (20 bytes)
Event: 22.970 Thread 0x000001e111933000 nmethod 4690 0x000001e11ac12b10 code [0x000001e11ac12d00, 0x000001e11ac130b0]
Event: 22.986 Thread 0x000001e111933000 4691       3       org.springframework.core.ResolvableType::isAssignableFrom (7 bytes)
Event: 22.986 Thread 0x000001e111933000 nmethod 4691 0x000001e11ac13210 code [0x000001e11ac133e0, 0x000001e11ac135b0]

GC Heap History (10 events):
Event: 18.678 GC heap before
{Heap before GC invocations=16 (full 0):
 garbage-first heap   total 49152K, used 37118K [0x0000000082200000, 0x0000000100000000)
  region size 1024K, 20 young (20480K), 3 survivors (3072K)
 Metaspace       used 37963K, capacity 39448K, committed 39552K, reserved 1083392K
  class space    used 5131K, capacity 5750K, committed 5760K, reserved 1048576K
}
Event: 18.689 GC heap after
{Heap after GC invocations=17 (full 0):
 garbage-first heap   total 59392K, used 20755K [0x0000000082200000, 0x0000000100000000)
  region size 1024K, 3 young (3072K), 3 survivors (3072K)
 Metaspace       used 37963K, capacity 39448K, committed 39552K, reserved 1083392K
  class space    used 5131K, capacity 5750K, committed 5760K, reserved 1048576K
}
Event: 19.205 GC heap before
{Heap before GC invocations=17 (full 0):
 garbage-first heap   total 59392K, used 42259K [0x0000000082200000, 0x0000000100000000)
  region size 1024K, 24 young (24576K), 3 survivors (3072K)
 Metaspace       used 40889K, capacity 42477K, committed 42624K, reserved 1085440K
  class space    used 5550K, capacity 6206K, committed 6272K, reserved 1048576K
}
Event: 19.212 GC heap after
{Heap after GC invocations=18 (full 0):
 garbage-first heap   total 59392K, used 21643K [0x0000000082200000, 0x0000000100000000)
  region size 1024K, 3 young (3072K), 3 survivors (3072K)
 Metaspace       used 40889K, capacity 42477K, committed 42624K, reserved 1085440K
  class space    used 5550K, capacity 6206K, committed 6272K, reserved 1048576K
}
Event: 19.771 GC heap before
{Heap before GC invocations=18 (full 0):
 garbage-first heap   total 59392K, used 44171K [0x0000000082200000, 0x0000000100000000)
  region size 1024K, 25 young (25600K), 3 survivors (3072K)
 Metaspace       used 43749K, capacity 45295K, committed 45440K, reserved 1087488K
  class space    used 6091K, capacity 6733K, committed 6784K, reserved 1048576K
}
Event: 19.778 GC heap after
{Heap after GC invocations=19 (full 0):
 garbage-first heap   total 59392K, used 22145K [0x0000000082200000, 0x0000000100000000)
  region size 1024K, 2 young (2048K), 2 survivors (2048K)
 Metaspace       used 43749K, capacity 45295K, committed 45440K, reserved 1087488K
  class space    used 6091K, capacity 6733K, committed 6784K, reserved 1048576K
}
Event: 21.521 GC heap before
{Heap before GC invocations=19 (full 0):
 garbage-first heap   total 59392K, used 45697K [0x0000000082200000, 0x0000000100000000)
  region size 1024K, 25 young (25600K), 2 survivors (2048K)
 Metaspace       used 47353K, capacity 49051K, committed 49152K, reserved 1091584K
  class space    used 6621K, capacity 7328K, committed 7424K, reserved 1048576K
}
Event: 21.527 GC heap after
{Heap after GC invocations=20 (full 0):
 garbage-first heap   total 59392K, used 23436K [0x0000000082200000, 0x0000000100000000)
  region size 1024K, 4 young (4096K), 4 survivors (4096K)
 Metaspace       used 47353K, capacity 49051K, committed 49152K, reserved 1091584K
  class space    used 6621K, capacity 7328K, committed 7424K, reserved 1048576K
}
Event: 22.647 GC heap before
{Heap before GC invocations=20 (full 0):
 garbage-first heap   total 59392K, used 44940K [0x0000000082200000, 0x0000000100000000)
  region size 1024K, 26 young (26624K), 4 survivors (4096K)
 Metaspace       used 51121K, capacity 53057K, committed 53376K, reserved 1095680K
  class space    used 7139K, capacity 7942K, committed 8064K, reserved 1048576K
}
Event: 22.654 GC heap after
{Heap after GC invocations=21 (full 0):
 garbage-first heap   total 59392K, used 24732K [0x0000000082200000, 0x0000000100000000)
  region size 1024K, 4 young (4096K), 4 survivors (4096K)
 Metaspace       used 51121K, capacity 53057K, committed 53376K, reserved 1095680K
  class space    used 7139K, capacity 7942K, committed 8064K, reserved 1048576K
}

Deoptimization events (10 events):
Event: 20.249 Thread 0x000001e133470000 Uncommon trap: reason=unstable_if action=reinterpret pc=0x000001e12183ae98 method=java.util.concurrent.ConcurrentHashMap.get(Ljava/lang/Object;)Ljava/lang/Object; @ 86 c2
Event: 20.249 Thread 0x000001e133470000 Uncommon trap: reason=unstable_if action=reinterpret pc=0x000001e1217f94ec method=java.util.concurrent.ConcurrentHashMap$Traverser.advance()Ljava/util/concurrent/ConcurrentHashMap$Node; @ 84 c2
Event: 20.564 Thread 0x000001e13346d800 Uncommon trap: reason=unstable_if action=reinterpret pc=0x000001e1218fa720 method=java.util.concurrent.ConcurrentMap.computeIfAbsent(Ljava/lang/Object;Ljava/util/function/Function;)Ljava/lang/Object; @ 41 c2
Event: 20.596 Thread 0x000001e10ff35000 Uncommon trap: reason=unstable_if action=reinterpret pc=0x000001e1217514f8 method=java.util.Objects.equals(Ljava/lang/Object;Ljava/lang/Object;)Z @ 6 c2
Event: 20.652 Thread 0x000001e10ff35000 Uncommon trap: reason=predicate action=maybe_recompile pc=0x000001e1217e0c58 method=java.util.regex.Pattern$BmpCharPropertyGreedy.match(Ljava/util/regex/Matcher;ILjava/lang/CharSequence;)Z @ 12 c2
Event: 21.540 Thread 0x000001e10ff35000 Uncommon trap: reason=unstable_if action=reinterpret pc=0x000001e1218cff68 method=java.util.Arrays.hashCode([Ljava/lang/Object;)I @ 34 c2
Event: 22.166 Thread 0x000001e13359e800 Uncommon trap: reason=unstable_if action=reinterpret pc=0x000001e121773068 method=java.lang.CharacterDataLatin1.isWhitespace(I)Z @ 14 c2
Event: 22.166 Thread 0x000001e13359e800 Uncommon trap: reason=unstable_if action=reinterpret pc=0x000001e121772b68 method=java.lang.CharacterDataLatin1.isWhitespace(I)Z @ 14 c2
Event: 22.166 Thread 0x000001e13359e800 Uncommon trap: reason=unstable_if action=reinterpret pc=0x000001e12178c6b0 method=java.lang.CharacterDataLatin1.isWhitespace(I)Z @ 14 c2
Event: 22.908 Thread 0x000001e133470000 Uncommon trap: reason=unstable_if action=reinterpret pc=0x000001e12199d1c0 method=java.util.concurrent.ConcurrentHashMap.putVal(Ljava/lang/Object;Ljava/lang/Object;Z)Ljava/lang/Object; @ 162 c2

Classes redefined (0 events):
No events

Internal exceptions (10 events):
Event: 21.459 Thread 0x000001e10ff35000 Exception <a 'java/lang/NoSuchMethodError'{0x00000000845bd470}: java.lang.invoke.DirectMethodHandle$Holder.invokeStatic(Ljava/lang/Object;Ljava/lang/Object;Ljava/lang/Object;Ljava/lang/Object;Ljava/lang/Object;Ljava/lang/Object;Ljava/lang/Object;Ljava/lan
Event: 21.464 Thread 0x000001e10ff35000 Exception <a 'java/io/FileNotFoundException'{0x00000000845c97e0}> (0x00000000845c97e0) thrown at [t:/workspace/open/src/hotspot/share/prims/jni.cpp, line 615]
Event: 21.537 Thread 0x000001e10ff35000 Exception <a 'java/lang/NoSuchMethodError'{0x0000000089f4ad48}: java.lang.invoke.DirectMethodHandle$Holder.invokeSpecial(Ljava/lang/Object;Ljava/lang/Object;Ljava/lang/Object;Ljava/lang/Object;Ljava/lang/Object;Ljava/lang/Object;Ljava/lang/Object;)V> (0x0
Event: 21.540 Thread 0x000001e10ff35000 Implicit null exception at 0x000001e1218cfe8f to 0x000001e1218cff4a
Event: 21.612 Thread 0x000001e10ff35000 Exception <a 'java/lang/NoSuchMethodError'{0x0000000087ab4078}: java.lang.invoke.Invokers$Holder.linkToTargetMethod(Ljava/lang/Object;JLjava/lang/Object;Ljava/lang/Object;)Ljava/lang/Object;> (0x0000000087ab4078) thrown at [t:/workspace/open/src/hotspot/s
Event: 21.659 Thread 0x000001e13359c800 Exception <a 'java/lang/NoSuchMethodError'{0x0000000087921e90}: java.lang.invoke.DirectMethodHandle$Holder.invokeStaticInit(Ljava/lang/Object;Ljava/lang/Object;Ljava/lang/Object;Ljava/lang/Object;)Ljava/lang/Object;> (0x0000000087921e90) thrown at [t:/wor
Event: 21.844 Thread 0x000001e13359c800 Exception <a 'java/lang/NoSuchMethodError'{0x000000008555b568}: java.lang.invoke.DirectMethodHandle$Holder.invokeStaticInit(Ljava/lang/Object;)V> (0x000000008555b568) thrown at [t:/workspace/open/src/hotspot/share/interpreter/linkResolver.cpp, line 777]
Event: 22.178 Thread 0x000001e13359c800 Exception <a 'java/lang/NoSuchMethodError'{0x0000000084fc2360}: java.lang.invoke.DirectMethodHandle$Holder.invokeSpecialIFC(Ljava/lang/Object;Ljava/lang/Object;Ljava/lang/Object;Ljava/lang/Object;)V> (0x0000000084fc2360) thrown at [t:/workspace/open/src/h
Event: 22.805 Thread 0x000001e13359c800 Exception <a 'java/lang/IncompatibleClassChangeError'{0x00000000878016d0}: Found class java.lang.Object, but interface was expected> (0x00000000878016d0) thrown at [t:/workspace/open/src/hotspot/share/interpreter/linkResolver.cpp, line 843]
Event: 22.900 Thread 0x000001e133470000 Exception <a 'java/lang/NoSuchMethodError'{0x0000000087662c40}: java.lang.invoke.Invokers$Holder.invoke_MT(Ljava/lang/Object;Ljava/lang/Object;Ljava/lang/Object;Ljava/lang/Object;)V> (0x0000000087662c40) thrown at [t:/workspace/open/src/hotspot/share/inte

Events (10 events):
Event: 22.990 Executing VM operation: RevokeBias
Event: 22.990 Executing VM operation: RevokeBias done
Event: 22.990 Executing VM operation: RevokeBias
Event: 22.990 Executing VM operation: RevokeBias done
Event: 22.990 loading class org/springframework/boot/web/server/GracefulShutdownResult
Event: 22.990 loading class org/springframework/boot/web/server/GracefulShutdownResult done
Event: 22.990 loading class org/springframework/boot/web/server/GracefulShutdownCallback
Event: 22.990 loading class org/springframework/boot/web/server/GracefulShutdownCallback done
Event: 22.990 loading class org/springframework/boot/web/server/GracefulShutdownCallback
Event: 22.990 loading class org/springframework/boot/web/server/GracefulShutdownCallback done


Dynamic libraries:
0x00007ff704450000 - 0x00007ff70445f000 	C:\Program Files\Java\jdk-12.0.1\bin\java.exe
0x00007ffb62ca0000 - 0x00007ffb62e90000 	C:\WINDOWS\SYSTEM32\ntdll.dll
0x00007ffb62a30000 - 0x00007ffb62ae2000 	C:\WINDOWS\System32\KERNEL32.DLL
0x00007ffb5fea0000 - 0x00007ffb60145000 	C:\WINDOWS\System32\KERNELBASE.dll
0x00007ffb5fcc0000 - 0x00007ffb5fdba000 	C:\WINDOWS\System32\ucrtbase.dll
0x00007ffb56c90000 - 0x00007ffb56ca8000 	C:\Program Files\Java\jdk-12.0.1\bin\jli.dll
0x00007ffb56cb0000 - 0x00007ffb56cc6000 	C:\Program Files\Java\jdk-12.0.1\bin\VCRUNTIME140.dll
0x00007ffb62ba0000 - 0x00007ffb62c43000 	C:\WINDOWS\System32\ADVAPI32.dll
0x00007ffb627e0000 - 0x00007ffb6287e000 	C:\WINDOWS\System32\msvcrt.dll
0x00007ffb62620000 - 0x00007ffb626b7000 	C:\WINDOWS\System32\sechost.dll
0x00007ffb626c0000 - 0x00007ffb627e0000 	C:\WINDOWS\System32\RPCRT4.dll
0x00007ffb61890000 - 0x00007ffb61a24000 	C:\WINDOWS\System32\USER32.dll
0x00007ffb5fdc0000 - 0x00007ffb5fde1000 	C:\WINDOWS\System32\win32u.dll
0x00007ffb53a00000 - 0x00007ffb53c84000 	C:\WINDOWS\WinSxS\amd64_microsoft.windows.common-controls_6595b64144ccf1df_6.0.18362.1256_none_9e7e379be45e40e2\COMCTL32.dll
0x00007ffb62590000 - 0x00007ffb625b6000 	C:\WINDOWS\System32\GDI32.dll
0x00007ffb61550000 - 0x00007ffb61886000 	C:\WINDOWS\System32\combase.dll
0x00007ffb60b50000 - 0x00007ffb60ce6000 	C:\WINDOWS\System32\gdi32full.dll
0x00007ffb5fe10000 - 0x00007ffb5fe91000 	C:\WINDOWS\System32\bcryptPrimitives.dll
0x00007ffb60150000 - 0x00007ffb601ee000 	C:\WINDOWS\System32\msvcp_win.dll
0x00007ffb5f8e0000 - 0x00007ffb5f8ea000 	C:\WINDOWS\SYSTEM32\VERSION.dll
0x00007ffb61ca0000 - 0x00007ffb61cce000 	C:\WINDOWS\System32\IMM32.DLL
0x00007ffb5f8f0000 - 0x00007ffb5f926000 	C:\WINDOWS\system32\DriverStore\FileRepository\nvfm.inf_amd64_76974c92c44bbb6b\nvinitx.dll
0x00007ffb61d40000 - 0x00007ffb62427000 	C:\WINDOWS\System32\Shell32.dll
0x00007ffb60b00000 - 0x00007ffb60b4a000 	C:\WINDOWS\System32\cfgmgr32.dll
0x00007ffb60d50000 - 0x00007ffb60df9000 	C:\WINDOWS\System32\shcore.dll
0x00007ffb60220000 - 0x00007ffb609a1000 	C:\WINDOWS\System32\windows.storage.dll
0x00007ffb5fbc0000 - 0x00007ffb5fbe3000 	C:\WINDOWS\System32\profapi.dll
0x00007ffb5fb70000 - 0x00007ffb5fbba000 	C:\WINDOWS\System32\powrprof.dll
0x00007ffb5fb40000 - 0x00007ffb5fb50000 	C:\WINDOWS\System32\UMPDC.dll
0x00007ffb629d0000 - 0x00007ffb62a22000 	C:\WINDOWS\System32\shlwapi.dll
0x00007ffb5fb50000 - 0x00007ffb5fb61000 	C:\WINDOWS\System32\kernel.appcore.dll
0x00007ffb5fdf0000 - 0x00007ffb5fe07000 	C:\WINDOWS\System32\cryptsp.dll
0x0000000067470000 - 0x0000000067476000 	C:\Program Files\NVIDIA Corporation\CoProcManager\_etoured.dll
0x00007ffb55350000 - 0x00007ffb55393000 	C:\Program Files\NVIDIA Corporation\CoProcManager\nvd3d9wrapx.dll
0x00007ffb60fd0000 - 0x00007ffb61440000 	C:\WINDOWS\System32\SETUPAPI.dll
0x00007ffb601f0000 - 0x00007ffb60216000 	C:\WINDOWS\System32\bcrypt.dll
0x00007ffb5e6f0000 - 0x00007ffb5e710000 	C:\WINDOWS\SYSTEM32\dxcore.dll
0x00007ffb55320000 - 0x00007ffb5534d000 	C:\Program Files\NVIDIA Corporation\CoProcManager\nvdxgiwrapx.dll
0x00007ffb4a960000 - 0x00007ffb4aa0a000 	C:\Program Files\Java\jdk-12.0.1\bin\msvcp140.dll
0x00007ffb206a0000 - 0x00007ffb21214000 	C:\Program Files\Java\jdk-12.0.1\bin\server\jvm.dll
0x00007ffb62880000 - 0x00007ffb62888000 	C:\WINDOWS\System32\PSAPI.DLL
0x00007ffb5d870000 - 0x00007ffb5d879000 	C:\WINDOWS\SYSTEM32\WSOCK32.dll
0x00007ffb62960000 - 0x00007ffb629cf000 	C:\WINDOWS\System32\WS2_32.dll
0x00007ffb5d840000 - 0x00007ffb5d864000 	C:\WINDOWS\SYSTEM32\WINMM.dll
0x00007ffb5d810000 - 0x00007ffb5d83d000 	C:\WINDOWS\SYSTEM32\WINMMBASE.dll
0x00007ffb52b80000 - 0x00007ffb52b91000 	C:\Program Files\Java\jdk-12.0.1\bin\verify.dll
0x00007ffb5e480000 - 0x00007ffb5e674000 	C:\WINDOWS\SYSTEM32\DBGHELP.DLL
0x00007ffb4ef90000 - 0x00007ffb4efba000 	C:\WINDOWS\SYSTEM32\dbgcore.DLL
0x00007ffb46b60000 - 0x00007ffb46b86000 	C:\Program Files\Java\jdk-12.0.1\bin\java.dll
0x00007ffb5c100000 - 0x00007ffb5c10e000 	C:\Program Files\Java\jdk-12.0.1\bin\instrument.dll
0x00007ffb52b60000 - 0x00007ffb52b77000 	C:\Program Files\Java\jdk-12.0.1\bin\zip.dll
0x00007ffb5c120000 - 0x00007ffb5c12a000 	C:\Program Files\Java\jdk-12.0.1\bin\jimage.dll
0x00007ffb529b0000 - 0x00007ffb529c9000 	C:\Program Files\Java\jdk-12.0.1\bin\net.dll
0x00007ffb54300000 - 0x00007ffb543f0000 	C:\WINDOWS\SYSTEM32\WINHTTP.dll
0x00007ffb50c10000 - 0x00007ffb50de6000 	C:\WINDOWS\SYSTEM32\urlmon.dll
0x00007ffb51590000 - 0x00007ffb51837000 	C:\WINDOWS\SYSTEM32\iertutil.dll
0x00007ffb5f470000 - 0x00007ffb5f47c000 	C:\WINDOWS\SYSTEM32\CRYPTBASE.DLL
0x00007ffb5f290000 - 0x00007ffb5f2f7000 	C:\WINDOWS\system32\mswsock.dll
0x00007ffb4a940000 - 0x00007ffb4a953000 	C:\Program Files\Java\jdk-12.0.1\bin\nio.dll
0x00007ffb56cd0000 - 0x00007ffb56cea000 	C:\Program Files\JetBrains\IntelliJ IDEA Community Edition 2020.1.1\bin\breakgen64.dll
0x00007ffb58660000 - 0x00007ffb58669000 	C:\Program Files\Java\jdk-12.0.1\bin\management.dll
0x00007ffb53250000 - 0x00007ffb5325c000 	C:\Program Files\Java\jdk-12.0.1\bin\management_ext.dll
0x00007ffb486b0000 - 0x00007ffb486c6000 	C:\WINDOWS\system32\napinsp.dll
0x00007ffb48690000 - 0x00007ffb486aa000 	C:\WINDOWS\system32\pnrpnsp.dll
0x00007ffb5eff0000 - 0x00007ffb5f0bb000 	C:\WINDOWS\SYSTEM32\DNSAPI.dll
0x00007ffb61440000 - 0x00007ffb61448000 	C:\WINDOWS\System32\NSI.dll
0x00007ffb5efb0000 - 0x00007ffb5efea000 	C:\WINDOWS\SYSTEM32\IPHLPAPI.DLL
0x00007ffb48680000 - 0x00007ffb4868e000 	C:\WINDOWS\System32\winrnr.dll
0x00007ffb5c000000 - 0x00007ffb5c01c000 	C:\WINDOWS\system32\NLAapi.dll
0x00007ffb5a990000 - 0x00007ffb5a9a5000 	C:\WINDOWS\system32\wshbth.dll
0x00007ffb54260000 - 0x00007ffb5426a000 	C:\Windows\System32\rasadhlp.dll
0x00007ffb55670000 - 0x00007ffb556e7000 	C:\WINDOWS\System32\fwpuclnt.dll
0x00007ffb5ee10000 - 0x00007ffb5ee43000 	C:\WINDOWS\system32\rsaenh.dll
0x00007ffb5fa20000 - 0x00007ffb5fa45000 	C:\WINDOWS\SYSTEM32\USERENV.dll
0x00007ffb558d0000 - 0x00007ffb558e6000 	C:\WINDOWS\SYSTEM32\dhcpcsvc6.DLL
0x00007ffb558b0000 - 0x00007ffb558cc000 	C:\WINDOWS\SYSTEM32\dhcpcsvc.DLL
0x00007ffb5eaf0000 - 0x00007ffb5eb21000 	C:\WINDOWS\SYSTEM32\ntmarta.dll
0x00007ffb5d940000 - 0x00007ffb5d9cf000 	C:\WINDOWS\system32\apphelp.dll

dbghelp: loaded successfully - version: 4.0.5 - missing functions: none
symbol engine: initialized successfully - sym options: 0x614 - pdb path: .;C:\Program Files\Java\jdk-12.0.1\bin;C:\WINDOWS\SYSTEM32;C:\WINDOWS\WinSxS\amd64_microsoft.windows.common-controls_6595b64144ccf1df_6.0.18362.1256_none_9e7e379be45e40e2;C:\WINDOWS\system32\DriverStore\FileRepository\nvfm.inf_amd64_76974c92c44bbb6b;C:\Program Files\NVIDIA Corporation\CoProcManager;C:\Program Files\Java\jdk-12.0.1\bin\server;C:\Program Files\JetBrains\IntelliJ IDEA Community Edition 2020.1.1\bin

VM Arguments:
jvm_args: -ea -Didea.test.cyclic.buffer.size=1048576 -javaagent:C:\Program Files\JetBrains\IntelliJ IDEA Community Edition 2020.1.1\lib\idea_rt.jar=50651:C:\Program Files\JetBrains\IntelliJ IDEA Community Edition 2020.1.1\bin -Dfile.encoding=UTF-8 
java_command: com.intellij.rt.junit.JUnitStarter -ideVersion5 -junit5 com.dskushnir.testExercise.testHandler.NodeHandlerTest
java_class_path (initial): C:\Program Files\JetBrains\IntelliJ IDEA Community Edition 2020.1.1\lib\idea_rt.jar;C:\Users\Diana\.m2\repository\org\junit\platform\junit-platform-launcher\1.7.0\junit-platform-launcher-1.7.0.jar;C:\Users\Diana\.m2\repository\org\apiguardian\apiguardian-api\1.1.0\apiguardian-api-1.1.0.jar;C:\Users\Diana\.m2\repository\org\junit\platform\junit-platform-engine\1.7.0\junit-platform-engine-1.7.0.jar;C:\Users\Diana\.m2\repository\org\opentest4j\opentest4j\1.2.0\opentest4j-1.2.0.jar;C:\Users\Diana\.m2\repository\org\junit\platform\junit-platform-commons\1.7.0\junit-platform-commons-1.7.0.jar;C:\Users\Diana\.m2\repository\org\junit\vintage\junit-vintage-engine\5.7.0\junit-vintage-engine-5.7.0.jar;C:\Users\Diana\.m2\repository\junit\junit\4.13\junit-4.13.jar;C:\Program Files\JetBrains\IntelliJ IDEA Community Edition 2020.1.1\plugins\junit\lib\junit5-rt.jar;C:\Program Files\JetBrains\IntelliJ IDEA Community Edition 2020.1.1\plugins\junit\lib\junit-rt.jar;D:\testExercise\out\test\classes;D:\testExercise\out\production\classes;D:\testExercise\out\production\resources;C:\Gradle\gradle-5.5\caches\modules-2\files-2.1\org.springframework.boot\spring-boot-starter-data-mongodb-reactive\2.4.1\655a05dfabfab178a2365c40b762f2be67698d36\spring-boot-starter-data-mongodb-reactive-2.4.1.jar;C:\Gradle\gradle-5.5\caches\modules-2\files-2.1\org.springframework.boot\spring-boot-starter-webflux\2.4.1\e54535216a6b6becffc044fd8abff3e6011e576d\spring-boot-starter-webflux-2.4.1.jar;C:\Gradle\gradle-5.5\caches\modules-2\files-2.1\org.springframework.boot\spring-boot-starter-test\2.4.1\50147ab5f3b431a397d27e2c0af313b9147cd058\spring-boot-starter-test-2.4.1.jar;C:\Gradle\gradle-5.5\caches\modules-2\files-2.1\de.flapdoodle.embed\de.flapdoodle.embed.mongo\2.2.0\781d14f4e3d9eeb0b4c3e00a4ec165a04b3dc5c4\de.flapdoodle.embed.mongo-2.2.0.jar;C:\Gradle\gradle-5.5\caches\modules-2\files-2.1\io.projectreactor\reactor-test\3.4.1\ec8cef652db7d41ebf5967910872367b5423e989\reactor-test-3
Launcher Type: SUN_STANDARD

[Global flags]
     intx CICompilerCount                          = 3                                         {product} {ergonomic}
     uint ConcGCThreads                            = 1                                         {product} {ergonomic}
     uint G1ConcRefinementThreads                  = 4                                         {product} {ergonomic}
   size_t G1HeapRegionSize                         = 1048576                                   {product} {ergonomic}
    uintx GCDrainStackTargetSize                   = 64                                        {product} {ergonomic}
   size_t InitialHeapSize                          = 132120576                                 {product} {ergonomic}
   size_t MarkStackSize                            = 4194304                                   {product} {ergonomic}
   size_t MaxHeapSize                              = 2111832064                                {product} {ergonomic}
   size_t MaxNewSize                               = 1266679808                                {product} {ergonomic}
   size_t MinHeapDeltaBytes                        = 1048576                                   {product} {ergonomic}
    uintx NonNMethodCodeHeapSize                   = 5830732                                {pd product} {ergonomic}
    uintx NonProfiledCodeHeapSize                  = 122913754                              {pd product} {ergonomic}
    uintx ProfiledCodeHeapSize                     = 122913754                              {pd product} {ergonomic}
    uintx ReservedCodeCacheSize                    = 251658240                              {pd product} {ergonomic}
     bool SegmentedCodeCache                       = true                                      {product} {ergonomic}
     bool UseCompressedClassPointers               = true                                 {lp64_product} {ergonomic}
     bool UseCompressedOops                        = true                                 {lp64_product} {ergonomic}
     bool UseG1GC                                  = true                                      {product} {ergonomic}
     bool UseLargePagesIndividualAllocation        = false                                  {pd product} {ergonomic}

Logging:
Log output configuration:
 #0: stdout all=warning uptime,level,tags
 #1: stderr all=off uptime,level,tags

Environment Variables:
JAVA_HOME=C:\Program Files\Java\jdk-12.0.1
PATH=C:\ProgramData\DockerDesktop\version-bin;C:\Program Files\Docker\Docker\Resources\bin;C:\WINDOWS\system32;C:\WINDOWS;C:\WINDOWS\System32\Wbem;C:\WINDOWS\System32\WindowsPowerShell\v1.0\;C:\WINDOWS\System32\OpenSSH\;C:\Program Files\Git\cmd;C:\Gradle\gradle-5.5\bin;C:\Go\bin;C:\Program Files\MySQL\MySQL Shell 8.0\bin\;C:\Users\Diana\AppData\Local\Microsoft\WindowsApps;;C:\Program Files\JetBrains\IntelliJ IDEA Community Edition 2019.1.3\bin;;C:\Users\Diana\go\bin;C:\Users\Diana\AppData\Local\Programs\Microsoft VS Code\bin
USERNAME=Diana
OS=Windows_NT
PROCESSOR_IDENTIFIER=Intel64 Family 6 Model 42 Stepping 7, GenuineIntel



---------------  S Y S T E M  ---------------

OS: Windows 10 , 64 bit Build 18362 (10.0.18362.1110)

CPU:total 4 (initial active 4) (2 cores per cpu, 2 threads per core) family 6 model 42 stepping 7, cmov, cx8, fxsr, mmx, sse, sse2, sse3, ssse3, sse4.1, sse4.2, popcnt, avx, clmul, ht, tsc, tscinvbit

Memory: 4k page, system-wide physical 8048M (926M free)
TotalPageFile size 8848M (AvailPageFile size 3M)
current process WorkingSet (physical memory assigned to process): 339M, peak: 339M
current process commit charge ("private bytes"): 364M, peak: 364M

vm_info: Java HotSpot(TM) 64-Bit Server VM (12.0.1+12) for windows-amd64 JRE (12.0.1+12), built on Apr  2 2019 14:02:19 by "mach5one" with MS VC++ 15.5 (VS2017)

END.
