#
# There is insufficient memory for the Java Runtime Environment to continue.
# Native memory allocation (malloc) failed to allocate 1709936 bytes for Chunk::new
# Possible reasons:
#   The system is out of physical RAM or swap space
#   The process is running with CompressedOops enabled, and the Java Heap may be blocking the growth of the native heap
# Possible solutions:
#   Reduce memory load on the system
#   Increase physical memory or swap space
#   Check if swap backing store is full
#   Decrease Java heap size (-Xmx/-Xms)
#   Decrease number of Java threads
#   Decrease Java thread stack sizes (-Xss)
#   Set larger code cache with -XX:ReservedCodeCacheSize=
#   JVM is running with Unscaled Compressed Oops mode in which the Java heap is
#     placed in the first 4GB address space. The Java Heap base address is the
#     maximum limit for the native heap growth. Please use -XX:HeapBaseMinAddress
#     to set the Java Heap base and to place the Java Heap above 4GB virtual address.
# This output file may be truncated or incomplete.
#
#  Out of Memory Error (t:/workspace/open/src/hotspot/share/memory/arena.cpp:197), pid=9504, tid=2624
#
# JRE version: Java(TM) SE Runtime Environment (12.0.1+12) (build 12.0.1+12)
# Java VM: Java HotSpot(TM) 64-Bit Server VM (12.0.1+12, mixed mode, sharing, tiered, compressed oops, g1 gc, windows-amd64)
# No core dump will be written. Minidumps are not enabled by default on client versions of Windows
#

---------------  S U M M A R Y ------------

Command Line: -Dorg.gradle.native=false -Xmx512m -Dfile.encoding=windows-1251 -Duser.country=RU -Duser.language=ru -Duser.variant -ea worker.org.gradle.process.internal.worker.GradleWorkerMain 'Gradle Test Executor 2'

Host: Intel(R) Core(TM) i3-2328M CPU @ 2.20GHz, 4 cores, 7G,  Windows 10 , 64 bit Build 18362 (10.0.18362.1110)
Time: Sun Jan 10 13:59:41 2021 Oeieyiaey (ceia) elapsed time: 24 seconds (0d 0h 0m 24s)

---------------  T H R E A D  ---------------

Current thread (0x0000020cdb0a7000):  JavaThread "C2 CompilerThread1" daemon [_thread_in_native, id=2624, stack(0x0000004906a00000,0x0000004906b00000)]


Current CompileTask:
C2:  24720 4923       4       org.springframework.boot.context.properties.source.SpringConfigurationPropertySources$SourcesIterator::fetchNext (138 bytes)

Stack: [0x0000004906a00000,0x0000004906b00000]
Native frames: (J=compiled Java code, j=interpreted, Vv=VM code, C=native code)
V  [jvm.dll+0x63948a]
V  [jvm.dll+0x78b31f]
V  [jvm.dll+0x78c9c1]
V  [jvm.dll+0x78d013]
V  [jvm.dll+0x262138]
V  [jvm.dll+0xc582c]
V  [jvm.dll+0xc5dac]
V  [jvm.dll+0x3796a7]
V  [jvm.dll+0x345493]
V  [jvm.dll+0x34485a]
V  [jvm.dll+0x21c035]
V  [jvm.dll+0x21b20a]
V  [jvm.dll+0x199890]
V  [jvm.dll+0x22a534]
V  [jvm.dll+0x228b88]
V  [jvm.dll+0x74f660]
V  [jvm.dll+0x748648]
V  [jvm.dll+0x638566]
C  [ucrtbase.dll+0x210b2]
C  [KERNEL32.DLL+0x17c24]
C  [ntdll.dll+0x6d4d1]


---------------  P R O C E S S  ---------------

Threads class SMR info:
_java_thread_list=0x0000020cdab5c8e0, length=24, elements={
0x0000020cbeb6b000, 0x0000020cd9717000, 0x0000020cd971b800, 0x0000020cda045800,
0x0000020cda048000, 0x0000020cda049000, 0x0000020cda04a000, 0x0000020cda05f000,
0x0000020cda1a0000, 0x0000020cda1b4800, 0x0000020cda307000, 0x0000020cda9b6000,
0x0000020cda9bd000, 0x0000020cdebaa000, 0x0000020cdebab000, 0x0000020cdeba8800,
0x0000020cdeba9000, 0x0000020cdb0ac000, 0x0000020cdb0ad800, 0x0000020cdb0a8000,
0x0000020cdb0aa800, 0x0000020cdb0ab000, 0x0000020cdb0ad000, 0x0000020cdb0a7000
}

Java Threads: ( => current thread )
  0x0000020cbeb6b000 JavaThread "main" [_thread_blocked, id=8236, stack(0x0000004904d00000,0x0000004904e00000)]
  0x0000020cd9717000 JavaThread "Reference Handler" daemon [_thread_blocked, id=10052, stack(0x0000004905400000,0x0000004905500000)]
  0x0000020cd971b800 JavaThread "Finalizer" daemon [_thread_blocked, id=8420, stack(0x0000004905500000,0x0000004905600000)]
  0x0000020cda045800 JavaThread "Signal Dispatcher" daemon [_thread_blocked, id=4340, stack(0x0000004905600000,0x0000004905700000)]
  0x0000020cda048000 JavaThread "Attach Listener" daemon [_thread_blocked, id=2036, stack(0x0000004905700000,0x0000004905800000)]
  0x0000020cda049000 JavaThread "C2 CompilerThread0" daemon [_thread_in_native, id=2236, stack(0x0000004905800000,0x0000004905900000)]
  0x0000020cda04a000 JavaThread "C1 CompilerThread0" daemon [_thread_in_native, id=3060, stack(0x0000004905900000,0x0000004905a00000)]
  0x0000020cda05f000 JavaThread "Sweeper thread" daemon [_thread_blocked, id=8352, stack(0x0000004905a00000,0x0000004905b00000)]
  0x0000020cda1a0000 JavaThread "Service Thread" daemon [_thread_blocked, id=1952, stack(0x0000004905b00000,0x0000004905c00000)]
  0x0000020cda1b4800 JavaThread "Common-Cleaner" daemon [_thread_blocked, id=9752, stack(0x0000004905d00000,0x0000004905e00000)]
  0x0000020cda307000 JavaThread "Test worker" [_thread_in_native, id=5492, stack(0x0000004906200000,0x0000004906300000)]
  0x0000020cda9b6000 JavaThread "/127.0.0.1:51350 to /127.0.0.1:51349 workers Thread 2" [_thread_blocked, id=7816, stack(0x0000004906300000,0x0000004906400000)]
  0x0000020cda9bd000 JavaThread "/127.0.0.1:51350 to /127.0.0.1:51349 workers Thread 3" [_thread_in_native, id=9492, stack(0x0000004906400000,0x0000004906500000)]
  0x0000020cdebaa000 JavaThread "Thread-4" daemon [_thread_in_native, id=8004, stack(0x0000004906600000,0x0000004906700000)]
  0x0000020cdebab000 JavaThread "Thread-5" daemon [_thread_in_native, id=9376, stack(0x0000004906700000,0x0000004906800000)]
  0x0000020cdeba8800 JavaThread "cluster-ClusterId{value='5ffaec21706b13711c6f1de3', description='null'}-localhost:51367" daemon [_thread_blocked, id=2300, stack(0x0000004906800000,0x0000004906900000)]
  0x0000020cdeba9000 JavaThread "cluster-rtt-ClusterId{value='5ffaec21706b13711c6f1de3', description='null'}-localhost:51367" daemon [_thread_blocked, id=7200, stack(0x0000004906900000,0x0000004906a00000)]
  0x0000020cdb0ac000 JavaThread "boundedElastic-evictor-1" daemon [_thread_blocked, id=7828, stack(0x0000004906b00000,0x0000004906c00000)]
  0x0000020cdb0ad800 JavaThread "boundedElastic-evictor-2" daemon [_thread_blocked, id=8580, stack(0x0000004906c00000,0x0000004906d00000)]
  0x0000020cdb0a8000 JavaThread "boundedElastic-evictor-3" daemon [_thread_blocked, id=5088, stack(0x0000004906d00000,0x0000004906e00000)]
  0x0000020cdb0aa800 JavaThread "boundedElastic-evictor-4" daemon [_thread_blocked, id=6436, stack(0x0000004906e00000,0x0000004906f00000)]
  0x0000020cdb0ab000 JavaThread "nioEventLoopGroup-2-1" [_thread_in_native, id=9008, stack(0x0000004906f00000,0x0000004907000000)]
  0x0000020cdb0ad000 JavaThread "nioEventLoopGroup-2-2" [_thread_in_native, id=9084, stack(0x0000004907000000,0x0000004907100000)]
=>0x0000020cdb0a7000 JavaThread "C2 CompilerThread1" daemon [_thread_in_native, id=2624, stack(0x0000004906a00000,0x0000004906b00000)]

Other Threads:
  0x0000020cd9716000 VMThread "VM Thread" [stack: 0x0000004905300000,0x0000004905400000] [id=2880]
  0x0000020cda1ac800 WatcherThread [stack: 0x0000004905c00000,0x0000004905d00000] [id=9328]
  0x0000020cbeb8d000 GCTaskThread "GC Thread#0" [stack: 0x0000004904e00000,0x0000004904f00000] [id=9068]
  0x0000020cda947800 GCTaskThread "GC Thread#1" [stack: 0x0000004905f00000,0x0000004906000000] [id=8616]
  0x0000020cda95c800 GCTaskThread "GC Thread#2" [stack: 0x0000004906000000,0x0000004906100000] [id=9844]
  0x0000020cda9b5000 GCTaskThread "GC Thread#3" [stack: 0x0000004906500000,0x0000004906600000] [id=3704]
  0x0000020cbeb92800 ConcurrentGCThread "G1 Main Marker" [stack: 0x0000004904f00000,0x0000004905000000] [id=7864]
  0x0000020cbeb94800 ConcurrentGCThread "G1 Conc#0" [stack: 0x0000004905000000,0x0000004905100000] [id=640]
  0x0000020cd958e800 ConcurrentGCThread "G1 Refine#0" [stack: 0x0000004905100000,0x0000004905200000] [id=9596]
  0x0000020cda98a800 ConcurrentGCThread "G1 Refine#1" [stack: 0x0000004906100000,0x0000004906200000] [id=7328]
  0x0000020cd9591800 ConcurrentGCThread "G1 Young RemSet Sampling" [stack: 0x0000004905200000,0x0000004905300000] [id=5720]

Threads with active compile tasks:
C2 CompilerThread0  4949       4       java.util.HashMap::getNode (148 bytes)
C2 CompilerThread1  4923       4       org.springframework.boot.context.properties.source.SpringConfigurationPropertySources$SourcesIterator::fetchNext (138 bytes)

VM state:not at safepoint (normal execution)

VM Mutex/Monitor currently owned by a thread:  ([mutex/lock_event])
[0x0000020cbeb68560] Compile_lock - owner thread: 0x0000000000000000

Heap address: 0x00000000e0000000, size: 512 MB, Compressed Oops mode: 32-bit
Narrow klass base: 0x0000000800000000, Narrow klass shift: 3
Compressed class space size: 1073741824 Address: 0x00000008011a0000

Heap:
 garbage-first heap   total 48128K, used 33391K [0x00000000e0000000, 0x0000000100000000)
  region size 1024K, 11 young (11264K), 1 survivors (1024K)
 Metaspace       used 45256K, capacity 46982K, committed 47232K, reserved 1089536K
  class space    used 6348K, capacity 6994K, committed 7040K, reserved 1048576K
Heap Regions: E=young(eden), S=young(survivor), O=old, HS=humongous(starts), HC=humongous(continues), CS=collection set, F=free, A=archive, TAMS=top-at-mark-start (previous, next)
|   0|0x00000000e0000000, 0x00000000e0100000, 0x00000000e0100000|100%| O|  |TAMS 0x00000000e0100000, 0x00000000e0000000| Untracked 
|   1|0x00000000e0100000, 0x00000000e0200000, 0x00000000e0200000|100%| O|  |TAMS 0x00000000e0200000, 0x00000000e0100000| Untracked 
|   2|0x00000000e0200000, 0x00000000e0300000, 0x00000000e0300000|100%| O|  |TAMS 0x00000000e0300000, 0x00000000e0200000| Untracked 
|   3|0x00000000e0300000, 0x00000000e0400000, 0x00000000e0400000|100%| O|  |TAMS 0x00000000e0400000, 0x00000000e0300000| Untracked 
|   4|0x00000000e0400000, 0x00000000e0500000, 0x00000000e0500000|100%| O|  |TAMS 0x00000000e0500000, 0x00000000e0400000| Untracked 
|   5|0x00000000e0500000, 0x00000000e0600000, 0x00000000e0600000|100%| O|  |TAMS 0x00000000e0600000, 0x00000000e0500000| Untracked 
|   6|0x00000000e0600000, 0x00000000e06e3800, 0x00000000e0700000| 88%| O|  |TAMS 0x00000000e0600000, 0x00000000e0600000| Untracked 
|   7|0x00000000e0700000, 0x00000000e0800000, 0x00000000e0800000|100%| O|  |TAMS 0x00000000e0800000, 0x00000000e0700000| Untracked 
|   8|0x00000000e0800000, 0x00000000e0900000, 0x00000000e0900000|100%| O|  |TAMS 0x00000000e0900000, 0x00000000e0800000| Untracked 
|   9|0x00000000e0900000, 0x00000000e0a00000, 0x00000000e0a00000|100%| O|  |TAMS 0x00000000e0a00000, 0x00000000e0900000| Untracked 
|  10|0x00000000e0a00000, 0x00000000e0b00000, 0x00000000e0b00000|100%| O|  |TAMS 0x00000000e0b00000, 0x00000000e0a00000| Untracked 
|  11|0x00000000e0b00000, 0x00000000e0c00000, 0x00000000e0c00000|100%| O|  |TAMS 0x00000000e0c00000, 0x00000000e0b00000| Untracked 
|  12|0x00000000e0c00000, 0x00000000e0d00000, 0x00000000e0d00000|100%| O|  |TAMS 0x00000000e0d00000, 0x00000000e0c00000| Untracked 
|  13|0x00000000e0d00000, 0x00000000e0e00000, 0x00000000e0e00000|100%| O|  |TAMS 0x00000000e0e00000, 0x00000000e0d00000| Untracked 
|  14|0x00000000e0e00000, 0x00000000e0e00000, 0x00000000e0f00000|  0%| F|  |TAMS 0x00000000e0e00000, 0x00000000e0e00000| Untracked 
|  15|0x00000000e0f00000, 0x00000000e1000000, 0x00000000e1000000|100%| O|  |TAMS 0x00000000e1000000, 0x00000000e0f00000| Untracked 
|  16|0x00000000e1000000, 0x00000000e1100000, 0x00000000e1100000|100%| O|  |TAMS 0x00000000e1100000, 0x00000000e1000000| Untracked 
|  17|0x00000000e1100000, 0x00000000e1200000, 0x00000000e1200000|100%| O|  |TAMS 0x00000000e1200000, 0x00000000e1100000| Untracked 
|  18|0x00000000e1200000, 0x00000000e1300000, 0x00000000e1300000|100%| O|  |TAMS 0x00000000e124fa00, 0x00000000e1200000| Untracked 
|  19|0x00000000e1300000, 0x00000000e1300000, 0x00000000e1400000|  0%| F|  |TAMS 0x00000000e1300000, 0x00000000e1300000| Untracked 
|  20|0x00000000e1400000, 0x00000000e1500000, 0x00000000e1500000|100%| O|  |TAMS 0x00000000e1500000, 0x00000000e1400000| Untracked 
|  21|0x00000000e1500000, 0x00000000e1500000, 0x00000000e1600000|  0%| F|  |TAMS 0x00000000e1500000, 0x00000000e1500000| Untracked 
|  22|0x00000000e1600000, 0x00000000e1700000, 0x00000000e1700000|100%| O|  |TAMS 0x00000000e1700000, 0x00000000e1600000| Untracked 
|  23|0x00000000e1700000, 0x00000000e1800000, 0x00000000e1800000|100%| O|  |TAMS 0x00000000e1800000, 0x00000000e1700000| Untracked 
|  24|0x00000000e1800000, 0x00000000e1900000, 0x00000000e1900000|100%| O|  |TAMS 0x00000000e1900000, 0x00000000e1800000| Untracked 
|  25|0x00000000e1900000, 0x00000000e1a00000, 0x00000000e1a00000|100%| O|  |TAMS 0x00000000e1a00000, 0x00000000e1900000| Untracked 
|  26|0x00000000e1a00000, 0x00000000e1a00000, 0x00000000e1b00000|  0%| F|  |TAMS 0x00000000e1a00000, 0x00000000e1a00000| Untracked 
|  27|0x00000000e1b00000, 0x00000000e1b00000, 0x00000000e1c00000|  0%| F|  |TAMS 0x00000000e1b00000, 0x00000000e1b00000| Untracked 
|  28|0x00000000e1c00000, 0x00000000e1c00000, 0x00000000e1d00000|  0%| F|  |TAMS 0x00000000e1c00000, 0x00000000e1c00000| Untracked 
|  29|0x00000000e1d00000, 0x00000000e1d00000, 0x00000000e1e00000|  0%| F|  |TAMS 0x00000000e1d00000, 0x00000000e1d00000| Untracked 
|  30|0x00000000e1e00000, 0x00000000e1e00000, 0x00000000e1f00000|  0%| F|  |TAMS 0x00000000e1e00000, 0x00000000e1e00000| Untracked 
|  31|0x00000000e1f00000, 0x00000000e1f00000, 0x00000000e2000000|  0%| F|  |TAMS 0x00000000e1f00000, 0x00000000e1f00000| Untracked 
|  32|0x00000000e2000000, 0x00000000e2000000, 0x00000000e2100000|  0%| F|  |TAMS 0x00000000e2000000, 0x00000000e2000000| Untracked 
|  33|0x00000000e2100000, 0x00000000e2100000, 0x00000000e2200000|  0%| F|  |TAMS 0x00000000e2100000, 0x00000000e2100000| Untracked 
|  34|0x00000000e2200000, 0x00000000e2200000, 0x00000000e2300000|  0%| F|  |TAMS 0x00000000e2200000, 0x00000000e2200000| Untracked 
|  35|0x00000000e2300000, 0x00000000e2300000, 0x00000000e2400000|  0%| F|  |TAMS 0x00000000e2300000, 0x00000000e2300000| Untracked 
|  36|0x00000000e2400000, 0x00000000e24ff018, 0x00000000e2500000| 99%| E|  |TAMS 0x00000000e2400000, 0x00000000e2400000| Complete 
|  37|0x00000000e2500000, 0x00000000e2600000, 0x00000000e2600000|100%| E|CS|TAMS 0x00000000e2500000, 0x00000000e2500000| Complete 
|  38|0x00000000e2600000, 0x00000000e2700000, 0x00000000e2700000|100%| E|CS|TAMS 0x00000000e2600000, 0x00000000e2600000| Complete 
|  39|0x00000000e2700000, 0x00000000e2800000, 0x00000000e2800000|100%| E|CS|TAMS 0x00000000e2700000, 0x00000000e2700000| Complete 
|  40|0x00000000e2800000, 0x00000000e2900000, 0x00000000e2900000|100%| E|CS|TAMS 0x00000000e2800000, 0x00000000e2800000| Complete 
|  88|0x00000000e5800000, 0x00000000e5900000, 0x00000000e5900000|100%| E|CS|TAMS 0x00000000e5800000, 0x00000000e5800000| Complete 
|  89|0x00000000e5900000, 0x00000000e5a00000, 0x00000000e5a00000|100%| E|CS|TAMS 0x00000000e5900000, 0x00000000e5900000| Complete 
|  90|0x00000000e5a00000, 0x00000000e5b00000, 0x00000000e5b00000|100%| E|CS|TAMS 0x00000000e5a00000, 0x00000000e5a00000| Complete 
|  91|0x00000000e5b00000, 0x00000000e5c00000, 0x00000000e5c00000|100%| E|CS|TAMS 0x00000000e5b00000, 0x00000000e5b00000| Complete 
| 124|0x00000000e7c00000, 0x00000000e7cb85a0, 0x00000000e7d00000| 72%| S|CS|TAMS 0x00000000e7c00000, 0x00000000e7c00000| Complete 
| 125|0x00000000e7d00000, 0x00000000e7e00000, 0x00000000e7e00000|100%| E|CS|TAMS 0x00000000e7d00000, 0x00000000e7d00000| Complete 

Card table byte_map: [0x0000020cd5ef0000,0x0000020cd5ff0000] _byte_map_base: 0x0000020cd57f0000

Marking Bits (Prev, Next): (CMBitMap*) 0x0000020cbeb8eeb8, (CMBitMap*) 0x0000020cbeb8ee78
 Prev Bits: [0x0000020cd68f0000, 0x0000020cd70f0000)
 Next Bits: [0x0000020cd60f0000, 0x0000020cd68f0000)

Polling page: 0x0000020cbc8c0000

Metaspace:

Usage:
  Non-class:     39.05 MB capacity,    38.00 MB ( 97%) used,   886.02 KB (  2%) free+waste,   193.75 KB ( <1%) overhead. 
      Class:      6.83 MB capacity,     6.20 MB ( 91%) used,   549.62 KB (  8%) free+waste,    96.38 KB (  1%) overhead. 
       Both:     45.88 MB capacity,    44.20 MB ( 96%) used,     1.40 MB (  3%) free+waste,   290.13 KB ( <1%) overhead. 

Virtual space:
  Non-class space:       40.00 MB reserved,      39.25 MB ( 98%) committed 
      Class space:        1.00 GB reserved,       6.88 MB ( <1%) committed 
             Both:        1.04 GB reserved,      46.13 MB (  4%) committed 

Chunk freelists:
   Non-Class:  1.50 KB
       Class:  1.75 KB
        Both:  3.25 KB

CodeHeap 'non-profiled nmethods': size=120064Kb used=2461Kb max_used=2461Kb free=117602Kb
 bounds [0x0000020cce9b0000, 0x0000020ccec20000, 0x0000020cd5ef0000]
CodeHeap 'profiled nmethods': size=120000Kb used=10519Kb max_used=10519Kb free=109480Kb
 bounds [0x0000020cc7480000, 0x0000020cc7ed0000, 0x0000020cce9b0000]
CodeHeap 'non-nmethods': size=5696Kb used=1215Kb max_used=1262Kb free=4480Kb
 bounds [0x0000020cc6ef0000, 0x0000020cc7160000, 0x0000020cc7480000]
 total_blobs=6778 nmethods=4554 adapters=462
 compilation: enabled
              stopped_count=0, restarted_count=0
 full_count=0

Compilation events (10 events):
Event: 24.684 Thread 0x0000020cda04a000 5115       2       java.beans.FeatureDescriptor::getReturnType (21 bytes)
Event: 24.687 Thread 0x0000020cda04a000 nmethod 5115 0x0000020cc7eba090 code [0x0000020cc7eba300, 0x0000020cc7ebabd0]
Event: 24.703 Thread 0x0000020cda04a000 5116       2       org.springframework.boot.context.properties.bind.AbstractBindHandler::onStart (13 bytes)
Event: 24.703 Thread 0x0000020cda04a000 nmethod 5116 0x0000020cc7ebb010 code [0x0000020cc7ebb1e0, 0x0000020cc7ebb390]
Event: 24.704 Thread 0x0000020cda04a000 5117       2       org.springframework.core.convert.TypeDescriptor::hashCode (8 bytes)
Event: 24.705 Thread 0x0000020cda04a000 nmethod 5117 0x0000020cc7ebb490 code [0x0000020cc7ebb660, 0x0000020cc7ebb810]
Event: 24.705 Thread 0x0000020cda04a000 5118       2       org.springframework.core.convert.support.GenericConversionService$Converters::addInterfacesToClassHierarchy (51 bytes)
Event: 24.706 Thread 0x0000020cda04a000 nmethod 5118 0x0000020cc7ebb910 code [0x0000020cc7ebbb20, 0x0000020cc7ebbeb0]
Event: 24.706 Thread 0x0000020cda04a000 5119       2       org.springframework.boot.context.properties.bind.AbstractBindHandler::onFinish (15 bytes)
Event: 24.706 Thread 0x0000020cda04a000 nmethod 5119 0x0000020cc7ebc110 code [0x0000020cc7ebc2e0, 0x0000020cc7ebc490]

GC Heap History (10 events):
Event: 23.684 GC heap before
{Heap before GC invocations=29 (full 0):
 garbage-first heap   total 45056K, used 34829K [0x00000000e0000000, 0x0000000100000000)
  region size 1024K, 12 young (12288K), 1 survivors (1024K)
 Metaspace       used 44770K, capacity 46397K, committed 46720K, reserved 1089536K
  class space    used 6302K, capacity 6952K, committed 7040K, reserved 1048576K
}
Event: 23.693 GC heap after
{Heap after GC invocations=30 (full 0):
 garbage-first heap   total 45056K, used 23998K [0x00000000e0000000, 0x0000000100000000)
  region size 1024K, 2 young (2048K), 2 survivors (2048K)
 Metaspace       used 44770K, capacity 46397K, committed 46720K, reserved 1089536K
  class space    used 6302K, capacity 6952K, committed 7040K, reserved 1048576K
}
Event: 23.829 GC heap before
{Heap before GC invocations=30 (full 0):
 garbage-first heap   total 45056K, used 25022K [0x00000000e0000000, 0x0000000100000000)
  region size 1024K, 3 young (3072K), 2 survivors (2048K)
 Metaspace       used 44945K, capacity 46583K, committed 46720K, reserved 1089536K
  class space    used 6328K, capacity 6992K, committed 7040K, reserved 1048576K
}
Event: 23.840 GC heap after
{Heap after GC invocations=31 (full 0):
 garbage-first heap   total 45056K, used 23179K [0x00000000e0000000, 0x0000000100000000)
  region size 1024K, 1 young (1024K), 1 survivors (1024K)
 Metaspace       used 44945K, capacity 46583K, committed 46720K, reserved 1089536K
  class space    used 6328K, capacity 6992K, committed 7040K, reserved 1048576K
}
Event: 24.220 GC heap before
{Heap before GC invocations=31 (full 0):
 garbage-first heap   total 45056K, used 34443K [0x00000000e0000000, 0x0000000100000000)
  region size 1024K, 12 young (12288K), 1 survivors (1024K)
 Metaspace       used 45126K, capacity 46783K, committed 46976K, reserved 1089536K
  class space    used 6348K, capacity 6994K, committed 7040K, reserved 1048576K
}
Event: 24.225 GC heap after
{Heap after GC invocations=32 (full 0):
 garbage-first heap   total 45056K, used 23937K [0x00000000e0000000, 0x0000000100000000)
  region size 1024K, 2 young (2048K), 2 survivors (2048K)
 Metaspace       used 45126K, capacity 46783K, committed 46976K, reserved 1089536K
  class space    used 6348K, capacity 6994K, committed 7040K, reserved 1048576K
}
Event: 24.536 GC heap before
{Heap before GC invocations=33 (full 0):
 garbage-first heap   total 48128K, used 33153K [0x00000000e0000000, 0x0000000100000000)
  region size 1024K, 12 young (12288K), 2 survivors (2048K)
 Metaspace       used 45198K, capacity 46854K, committed 46976K, reserved 1089536K
  class space    used 6348K, capacity 6994K, committed 7040K, reserved 1048576K
}
Event: 24.540 GC heap after
{Heap after GC invocations=34 (full 0):
 garbage-first heap   total 48128K, used 24220K [0x00000000e0000000, 0x0000000100000000)
  region size 1024K, 2 young (2048K), 2 survivors (2048K)
 Metaspace       used 45198K, capacity 46854K, committed 46976K, reserved 1089536K
  class space    used 6348K, capacity 6994K, committed 7040K, reserved 1048576K
}
Event: 24.585 GC heap before
{Heap before GC invocations=34 (full 0):
 garbage-first heap   total 48128K, used 25244K [0x00000000e0000000, 0x0000000100000000)
  region size 1024K, 3 young (3072K), 2 survivors (2048K)
 Metaspace       used 45217K, capacity 46854K, committed 46976K, reserved 1089536K
  class space    used 6348K, capacity 6994K, committed 7040K, reserved 1048576K
}
Event: 24.590 GC heap after
{Heap after GC invocations=35 (full 0):
 garbage-first heap   total 48128K, used 24175K [0x00000000e0000000, 0x0000000100000000)
  region size 1024K, 1 young (1024K), 1 survivors (1024K)
 Metaspace       used 45217K, capacity 46854K, committed 46976K, reserved 1089536K
  class space    used 6348K, capacity 6994K, committed 7040K, reserved 1048576K
}

Deoptimization events (10 events):
Event: 18.650 Thread 0x0000020cda307000 Uncommon trap: reason=unstable_if action=reinterpret pc=0x0000020cce9d0c24 method=java.lang.String.isLatin1()Z @ 10 c2
Event: 18.739 Thread 0x0000020cda307000 Uncommon trap: reason=unstable_if action=reinterpret pc=0x0000020ccebdd19c method=org.springframework.core.annotation.AnnotationsScanner.processClass(Ljava/lang/Object;Ljava/lang/Class;Lorg/springframework/core/annotation/MergedAnnotations$SearchStrategy;
Event: 19.125 Thread 0x0000020cda307000 Uncommon trap: reason=bimorphic_or_optimized_type_check action=maybe_recompile pc=0x0000020ccea4aa70 method=java.util.HashMap.putVal(ILjava/lang/Object;Ljava/lang/Object;ZZ)Ljava/lang/Object; @ 203 c2
Event: 19.186 Thread 0x0000020cda307000 Uncommon trap: reason=bimorphic_or_optimized_type_check action=maybe_recompile pc=0x0000020cce9ee6e8 method=java.util.HashMap.getNode(ILjava/lang/Object;)Ljava/util/HashMap$Node; @ 126 c2
Event: 19.421 Thread 0x0000020cda307000 Uncommon trap: reason=speculate_null_assert action=make_not_entrant pc=0x0000020cceb70a60 method=org.springframework.util.ConcurrentReferenceHashMap$Segment.restructureIfNecessary(Z)V @ 41 c2
Event: 21.482 Thread 0x0000020cda307000 Uncommon trap: reason=class_check action=maybe_recompile pc=0x0000020ccea6862c method=java.util.Properties$LineReader.readLine()I @ 62 c2
Event: 21.492 Thread 0x0000020cda307000 Uncommon trap: reason=class_check action=maybe_recompile pc=0x0000020ccea686cc method=java.util.Properties$LineReader.readLine()I @ 527 c2
Event: 21.492 Thread 0x0000020cda307000 Uncommon trap: reason=class_check action=maybe_recompile pc=0x0000020ccea6862c method=java.util.Properties$LineReader.readLine()I @ 62 c2
Event: 23.520 Thread 0x0000020cda307000 Uncommon trap: reason=unstable_if action=reinterpret pc=0x0000020cceb558a8 method=java.util.ArrayDeque.addLast(Ljava/lang/Object;)V @ 42 c2
Event: 23.535 Thread 0x0000020cda307000 Uncommon trap: reason=unstable_if action=reinterpret pc=0x0000020cceb4ff24 method=java.util.ArrayDeque.addLast(Ljava/lang/Object;)V @ 42 c2

Classes redefined (0 events):
No events

Internal exceptions (10 events):
Event: 24.691 Thread 0x0000020cda307000 Exception <a 'java/lang/ClassNotFoundException'{0x00000000e59fe1a0}: org/springframework/boot/web/server/ErrorPageRegistryCustomizer> (0x00000000e59fe1a0) thrown at [t:/workspace/open/src/hotspot/share/classfile/systemDictionary.cpp, line 235]
Event: 24.692 Thread 0x0000020cda307000 Exception <a 'java/lang/ClassNotFoundException'{0x00000000e5806550}: java/lang/ObjectCustomizer> (0x00000000e5806550) thrown at [t:/workspace/open/src/hotspot/share/classfile/systemDictionary.cpp, line 235]
Event: 24.693 Thread 0x0000020cda307000 Exception <a 'java/lang/ClassNotFoundException'{0x00000000e5821778}: org/springframework/boot/autoconfigure/web/reactive/ReactiveWebServerFactoryAutoConfigurationCustomizer> (0x00000000e5821778) thrown at [t:/workspace/open/src/hotspot/share/classfile/sys
Event: 24.695 Thread 0x0000020cda307000 Exception <a 'java/lang/ClassNotFoundException'{0x00000000e582d950}: java/lang/ObjectCustomizer> (0x00000000e582d950) thrown at [t:/workspace/open/src/hotspot/share/classfile/systemDictionary.cpp, line 235]
Event: 24.695 Thread 0x0000020cda307000 Exception <a 'java/lang/ClassNotFoundException'{0x00000000e5844428}: org/springframework/boot/autoconfigure/web/ServerPropertiesCustomizer> (0x00000000e5844428) thrown at [t:/workspace/open/src/hotspot/share/classfile/systemDictionary.cpp, line 235]
Event: 24.697 Thread 0x0000020cda307000 Exception <a 'java/lang/ClassNotFoundException'{0x00000000e5860d98}: java/lang/ObjectCustomizer> (0x00000000e5860d98) thrown at [t:/workspace/open/src/hotspot/share/classfile/systemDictionary.cpp, line 235]
Event: 24.698 Thread 0x0000020cda307000 Exception <a 'java/lang/ClassNotFoundException'{0x00000000e5879918}: org/springframework/boot/context/properties/BoundConfigurationPropertiesCustomizer> (0x00000000e5879918) thrown at [t:/workspace/open/src/hotspot/share/classfile/systemDictionary.cpp, li
Event: 24.707 Thread 0x0000020cda307000 Exception <a 'java/lang/ClassNotFoundException'{0x00000000e58d2880}: java/lang/ObjectCustomizer> (0x00000000e58d2880) thrown at [t:/workspace/open/src/hotspot/share/classfile/systemDictionary.cpp, line 235]
Event: 24.708 Thread 0x0000020cda307000 Exception <a 'java/lang/ClassNotFoundException'{0x00000000e58ec958}: org/springframework/boot/autoconfigure/web/reactive/ReactiveWebServerFactoryCustomizerCustomizer> (0x00000000e58ec958) thrown at [t:/workspace/open/src/hotspot/share/classfile/systemDict
Event: 24.709 Thread 0x0000020cda307000 Exception <a 'java/lang/ClassNotFoundException'{0x00000000e2803cf8}: org/springframework/boot/web/server/WebServerFactoryCustomizerCustomizer> (0x00000000e2803cf8) thrown at [t:/workspace/open/src/hotspot/share/classfile/systemDictionary.cpp, line 235]

Events (10 events):
Event: 24.708 loading class org/springframework/boot/autoconfigure/web/reactive/ReactiveWebServerFactoryCustomizerCustomizer
Event: 24.708 loading class org/springframework/boot/autoconfigure/web/reactive/ReactiveWebServerFactoryCustomizerCustomizer done
Event: 24.708 loading class org/springframework/boot/web/server/WebServerFactoryCustomizerCustomizer
Event: 24.708 loading class org/springframework/boot/web/server/WebServerFactoryCustomizerCustomizer done
Event: 24.709 loading class org/springframework/boot/web/server/WebServerFactoryCustomizerCustomizer
Event: 24.709 loading class org/springframework/boot/web/server/WebServerFactoryCustomizerCustomizer done
Event: 24.709 loading class org/springframework/boot/web/server/WebServerFactoryCustomizerCustomizer
Event: 24.709 loading class org/springframework/boot/web/server/WebServerFactoryCustomizerCustomizer done
Event: 24.709 loading class org/springframework/core/OrderedCustomizer
Event: 24.709 loading class org/springframework/core/OrderedCustomizer done


Dynamic libraries:
0x00007ff629c70000 - 0x00007ff629c7f000 	C:\Program Files\Java\jdk-12.0.1\bin\java.exe
0x00007ffde4780000 - 0x00007ffde4970000 	C:\WINDOWS\SYSTEM32\ntdll.dll
0x00007ffde29f0000 - 0x00007ffde2aa2000 	C:\WINDOWS\System32\KERNEL32.DLL
0x00007ffde17f0000 - 0x00007ffde1a95000 	C:\WINDOWS\System32\KERNELBASE.dll
0x00007ffde16f0000 - 0x00007ffde17ea000 	C:\WINDOWS\System32\ucrtbase.dll
0x00007ffdddb50000 - 0x00007ffdddb66000 	C:\Program Files\Java\jdk-12.0.1\bin\VCRUNTIME140.dll
0x00007ffdddb30000 - 0x00007ffdddb48000 	C:\Program Files\Java\jdk-12.0.1\bin\jli.dll
0x00007ffde2bf0000 - 0x00007ffde2c93000 	C:\WINDOWS\System32\ADVAPI32.dll
0x00007ffde3860000 - 0x00007ffde38fe000 	C:\WINDOWS\System32\msvcrt.dll
0x00007ffde3d40000 - 0x00007ffde3dd7000 	C:\WINDOWS\System32\sechost.dll
0x00007ffde4470000 - 0x00007ffde4590000 	C:\WINDOWS\System32\RPCRT4.dll
0x00007ffde3de0000 - 0x00007ffde3f74000 	C:\WINDOWS\System32\USER32.dll
0x00007ffde27b0000 - 0x00007ffde27d1000 	C:\WINDOWS\System32\win32u.dll
0x00007ffde3730000 - 0x00007ffde3756000 	C:\WINDOWS\System32\GDI32.dll
0x00007ffde2250000 - 0x00007ffde23e6000 	C:\WINDOWS\System32\gdi32full.dll
0x00007ffdd5850000 - 0x00007ffdd5ad4000 	C:\WINDOWS\WinSxS\amd64_microsoft.windows.common-controls_6595b64144ccf1df_6.0.18362.1256_none_9e7e379be45e40e2\COMCTL32.dll
0x00007ffde24e0000 - 0x00007ffde257e000 	C:\WINDOWS\System32\msvcp_win.dll
0x00007ffde2d00000 - 0x00007ffde3036000 	C:\WINDOWS\System32\combase.dll
0x00007ffde2450000 - 0x00007ffde24d1000 	C:\WINDOWS\System32\bcryptPrimitives.dll
0x00007ffde1010000 - 0x00007ffde101a000 	C:\WINDOWS\SYSTEM32\VERSION.dll
0x00007ffde2900000 - 0x00007ffde292e000 	C:\WINDOWS\System32\IMM32.DLL
0x00007ffde1020000 - 0x00007ffde1056000 	C:\WINDOWS\system32\DriverStore\FileRepository\nvfm.inf_amd64_76974c92c44bbb6b\nvinitx.dll
0x00007ffde3040000 - 0x00007ffde3727000 	C:\WINDOWS\System32\Shell32.dll
0x00007ffde27e0000 - 0x00007ffde282a000 	C:\WINDOWS\System32\cfgmgr32.dll
0x00007ffde2850000 - 0x00007ffde28f9000 	C:\WINDOWS\System32\shcore.dll
0x00007ffde1aa0000 - 0x00007ffde2221000 	C:\WINDOWS\System32\windows.storage.dll
0x00007ffde16a0000 - 0x00007ffde16c3000 	C:\WINDOWS\System32\profapi.dll
0x00007ffde1650000 - 0x00007ffde169a000 	C:\WINDOWS\System32\powrprof.dll
0x00007ffde1620000 - 0x00007ffde1630000 	C:\WINDOWS\System32\UMPDC.dll
0x00007ffde3ce0000 - 0x00007ffde3d32000 	C:\WINDOWS\System32\shlwapi.dll
0x00007ffde16d0000 - 0x00007ffde16e1000 	C:\WINDOWS\System32\kernel.appcore.dll
0x00007ffde2230000 - 0x00007ffde2247000 	C:\WINDOWS\System32\cryptsp.dll
0x0000000052430000 - 0x0000000052436000 	C:\Program Files\NVIDIA Corporation\CoProcManager\_etoured.dll
0x00007ffdd6dc0000 - 0x00007ffdd6e03000 	C:\Program Files\NVIDIA Corporation\CoProcManager\nvd3d9wrapx.dll
0x00007ffde3f80000 - 0x00007ffde43f0000 	C:\WINDOWS\System32\SETUPAPI.dll
0x00007ffde26d0000 - 0x00007ffde26f6000 	C:\WINDOWS\System32\bcrypt.dll
0x00007ffde01d0000 - 0x00007ffde01f0000 	C:\WINDOWS\SYSTEM32\dxcore.dll
0x00007ffdd6d90000 - 0x00007ffdd6dbd000 	C:\Program Files\NVIDIA Corporation\CoProcManager\nvdxgiwrapx.dll
0x00007ffdcc770000 - 0x00007ffdcc81a000 	C:\Program Files\Java\jdk-12.0.1\bin\msvcp140.dll
0x00007ffd992e0000 - 0x00007ffd99e54000 	C:\Program Files\Java\jdk-12.0.1\bin\server\jvm.dll
0x00007ffde4460000 - 0x00007ffde4468000 	C:\WINDOWS\System32\PSAPI.DLL
0x00007ffdddb00000 - 0x00007ffdddb09000 	C:\WINDOWS\SYSTEM32\WSOCK32.dll
0x00007ffde43f0000 - 0x00007ffde445f000 	C:\WINDOWS\System32\WS2_32.dll
0x00007ffddf2f0000 - 0x00007ffddf314000 	C:\WINDOWS\SYSTEM32\WINMM.dll
0x00007ffddf2c0000 - 0x00007ffddf2ed000 	C:\WINDOWS\SYSTEM32\winmmbase.dll
0x00007ffdddb10000 - 0x00007ffdddb21000 	C:\Program Files\Java\jdk-12.0.1\bin\verify.dll
0x00007ffddff60000 - 0x00007ffde0154000 	C:\WINDOWS\SYSTEM32\DBGHELP.DLL
0x00007ffdd0db0000 - 0x00007ffdd0dda000 	C:\WINDOWS\SYSTEM32\dbgcore.DLL
0x00007ffdd7ab0000 - 0x00007ffdd7ad6000 	C:\Program Files\Java\jdk-12.0.1\bin\java.dll
0x00007ffdd7a90000 - 0x00007ffdd7aa7000 	C:\Program Files\Java\jdk-12.0.1\bin\zip.dll
0x00007ffdddc30000 - 0x00007ffdddc3a000 	C:\Program Files\Java\jdk-12.0.1\bin\jimage.dll
0x00007ffdd7560000 - 0x00007ffdd7579000 	C:\Program Files\Java\jdk-12.0.1\bin\net.dll
0x00007ffdd25b0000 - 0x00007ffdd2786000 	C:\WINDOWS\SYSTEM32\urlmon.dll
0x00007ffdd6a00000 - 0x00007ffdd6af0000 	C:\WINDOWS\SYSTEM32\WINHTTP.dll
0x00007ffdd28b0000 - 0x00007ffdd2b57000 	C:\WINDOWS\SYSTEM32\iertutil.dll
0x00007ffde0f50000 - 0x00007ffde0f5c000 	C:\WINDOWS\SYSTEM32\CRYPTBASE.DLL
0x00007ffde0dd0000 - 0x00007ffde0e37000 	C:\WINDOWS\system32\mswsock.dll
0x00007ffdd4bf0000 - 0x00007ffdd4c03000 	C:\Program Files\Java\jdk-12.0.1\bin\nio.dll
0x00007ffde08f0000 - 0x00007ffde0923000 	C:\WINDOWS\system32\rsaenh.dll
0x00007ffde1500000 - 0x00007ffde1525000 	C:\WINDOWS\SYSTEM32\USERENV.dll
0x00007ffde0af0000 - 0x00007ffde0b2a000 	C:\WINDOWS\SYSTEM32\IPHLPAPI.DLL
0x00007ffde3850000 - 0x00007ffde3858000 	C:\WINDOWS\System32\NSI.dll
0x00007ffdd74c0000 - 0x00007ffdd74d6000 	C:\WINDOWS\SYSTEM32\dhcpcsvc6.DLL
0x00007ffdd74a0000 - 0x00007ffdd74bc000 	C:\WINDOWS\SYSTEM32\dhcpcsvc.DLL
0x00007ffde0b30000 - 0x00007ffde0bfb000 	C:\WINDOWS\SYSTEM32\DNSAPI.dll
0x00007ffdd7a80000 - 0x00007ffdd7a89000 	C:\Program Files\Java\jdk-12.0.1\bin\management.dll
0x00007ffdd4be0000 - 0x00007ffdd4bec000 	C:\Program Files\Java\jdk-12.0.1\bin\management_ext.dll
0x00007ffdc9b20000 - 0x00007ffdc9b36000 	C:\WINDOWS\system32\napinsp.dll
0x00007ffdc9680000 - 0x00007ffdc969a000 	C:\WINDOWS\system32\pnrpnsp.dll
0x00007ffdcbbb0000 - 0x00007ffdcbbbe000 	C:\WINDOWS\System32\winrnr.dll
0x00007ffdddae0000 - 0x00007ffdddafc000 	C:\WINDOWS\system32\NLAapi.dll
0x00007ffddccb0000 - 0x00007ffddccc5000 	C:\WINDOWS\system32\wshbth.dll
0x00007ffdd5d60000 - 0x00007ffdd5d6a000 	C:\Windows\System32\rasadhlp.dll
0x00007ffdd7150000 - 0x00007ffdd71c7000 	C:\WINDOWS\System32\fwpuclnt.dll
0x00007ffde05d0000 - 0x00007ffde0601000 	C:\WINDOWS\SYSTEM32\ntmarta.dll
0x00007ffddf420000 - 0x00007ffddf4af000 	C:\WINDOWS\system32\apphelp.dll

dbghelp: loaded successfully - version: 4.0.5 - missing functions: none
symbol engine: initialized successfully - sym options: 0x614 - pdb path: .;C:\Program Files\Java\jdk-12.0.1\bin;C:\WINDOWS\SYSTEM32;C:\WINDOWS\WinSxS\amd64_microsoft.windows.common-controls_6595b64144ccf1df_6.0.18362.1256_none_9e7e379be45e40e2;C:\WINDOWS\system32\DriverStore\FileRepository\nvfm.inf_amd64_76974c92c44bbb6b;C:\Program Files\NVIDIA Corporation\CoProcManager;C:\Program Files\Java\jdk-12.0.1\bin\server

VM Arguments:
jvm_args: -Dorg.gradle.native=false -Xmx512m -Dfile.encoding=windows-1251 -Duser.country=RU -Duser.language=ru -Duser.variant -ea 
java_command: worker.org.gradle.process.internal.worker.GradleWorkerMain 'Gradle Test Executor 2'
java_class_path (initial): C:\\Gradle\\gradle-5.5\\caches\\6.7.1\\workerMain\\gradle-worker.jar;D:\\testExercise\\build\\classes\\java\\test;D:\\testExercise\\build\\resources\\test;D:\\testExercise\\build\\classes\\java\\main;D:\\testExercise\\build\\resources\\main;C:\\Gradle\\gradle-5.5\\caches\\modules-2\\files-2.1\\org.springframework.boot\\spring-boot-starter-data-mongodb-reactive\\2.4.1\\655a05dfabfab178a2365c40b762f2be67698d36\\spring-boot-starter-data-mongodb-reactive-2.4.1.jar;C:\\Gradle\\gradle-5.5\\caches\\modules-2\\files-2.1\\org.springframework.boot\\spring-boot-starter-webflux\\2.4.1\\e54535216a6b6becffc044fd8abff3e6011e576d\\spring-boot-starter-webflux-2.4.1.jar;C:\\Gradle\\gradle-5.5\\caches\\modules-2\\files-2.1\\org.springframework.boot\\spring-boot-starter-test\\2.4.1\\50147ab5f3b431a397d27e2c0af313b9147cd058\\spring-boot-starter-test-2.4.1.jar;C:\\Gradle\\gradle-5.5\\caches\\modules-2\\files-2.1\\de.flapdoodle.embed\\de.flapdoodle.embed.mongo\\2.2.0\\781d14f4e3d9eeb0b4c3e00a4ec165a04b3dc5c4\\de.flapdoodle.embed.mongo-2.2.0.jar;C:\\Gradle\\gradle-5.5\\caches\\modules-2\\files-2.1\\io.projectreactor\\reactor-test\\3.4.1\\ec8cef652db7d41ebf5967910872367b5423e989\\reactor-test-3.4.1.jar;C:\\Gradle\\gradle-5.5\\caches\\modules-2\\files-2.1\\org.springframework.boot\\spring-boot-starter-json\\2.4.1\\5a4b7088c88be531cb416ef218da3e19309f8cea\\spring-boot-starter-json-2.4.1.jar;C:\\Gradle\\gradle-5.5\\caches\\modules-2\\files-2.1\\org.springframework.boot\\spring-boot-starter\\2.4.1\\15d81ffe81e26de37986d491e1cf4c1e3a324ca3\\spring-boot-starter-2.4.1.jar;C:\\Gradle\\gradle-5.5\\caches\\modules-2\\files-2.1\\org.springframework\\spring-webflux\\5.3.2\\63fe694e07b0430991671eebac9fbb0ffba08483\\spring-webflux-5.3.2.jar;C:\\Gradle\\gradle-5.5\\caches\\modules-2\\files-2.1\\org.springframework.boot\\spring-boot-starter-reactor-netty\\2.4.1\\f4e512e25c75839c946b26756e18e7bee4307091\\spring-boot-starter-reactor-netty-2.4.1.jar;C:\\Gradle\\gradle-5.5\\caches\
Launcher Type: SUN_STANDARD

[Global flags]
     intx CICompilerCount                          = 3                                         {product} {ergonomic}
     uint ConcGCThreads                            = 1                                         {product} {ergonomic}
     uint G1ConcRefinementThreads                  = 4                                         {product} {ergonomic}
   size_t G1HeapRegionSize                         = 1048576                                   {product} {ergonomic}
    uintx GCDrainStackTargetSize                   = 64                                        {product} {ergonomic}
   size_t InitialHeapSize                          = 132120576                                 {product} {ergonomic}
   size_t MarkStackSize                            = 4194304                                   {product} {ergonomic}
   size_t MaxHeapSize                              = 536870912                                 {product} {command line}
   size_t MaxNewSize                               = 321912832                                 {product} {ergonomic}
   size_t MinHeapDeltaBytes                        = 1048576                                   {product} {ergonomic}
    uintx NonNMethodCodeHeapSize                   = 5830732                                {pd product} {ergonomic}
    uintx NonProfiledCodeHeapSize                  = 122913754                              {pd product} {ergonomic}
    uintx ProfiledCodeHeapSize                     = 122913754                              {pd product} {ergonomic}
    uintx ReservedCodeCacheSize                    = 251658240                              {pd product} {ergonomic}
     bool SegmentedCodeCache                       = true                                      {product} {ergonomic}
     bool UseCompressedClassPointers               = true                                 {lp64_product} {ergonomic}
     bool UseCompressedOops                        = true                                 {lp64_product} {ergonomic}
     bool UseG1GC                                  = true                                      {product} {ergonomic}
     bool UseLargePagesIndividualAllocation        = false                                  {pd product} {ergonomic}

Logging:
Log output configuration:
 #0: stdout all=warning uptime,level,tags
 #1: stderr all=off uptime,level,tags

Environment Variables:
JAVA_HOME=C:\Program Files\Java\jdk-12.0.1
PATH=C:\ProgramData\DockerDesktop\version-bin;C:\Program Files\Docker\Docker\Resources\bin;C:\WINDOWS\system32;C:\WINDOWS;C:\WINDOWS\System32\Wbem;C:\WINDOWS\System32\WindowsPowerShell\v1.0\;C:\WINDOWS\System32\OpenSSH\;C:\Program Files\Git\cmd;C:\Gradle\gradle-5.5\bin;C:\Go\bin;C:\Program Files\MySQL\MySQL Shell 8.0\bin\;C:\Users\Diana\AppData\Local\Microsoft\WindowsApps;;C:\Program Files\JetBrains\IntelliJ IDEA Community Edition 2019.1.3\bin;;C:\Users\Diana\go\bin;C:\Users\Diana\AppData\Local\Programs\Microsoft VS Code\bin
USERNAME=Diana
OS=Windows_NT
PROCESSOR_IDENTIFIER=Intel64 Family 6 Model 42 Stepping 7, GenuineIntel



---------------  S Y S T E M  ---------------

OS: Windows 10 , 64 bit Build 18362 (10.0.18362.1110)

CPU:total 4 (initial active 4) (2 cores per cpu, 2 threads per core) family 6 model 42 stepping 7, cmov, cx8, fxsr, mmx, sse, sse2, sse3, ssse3, sse4.1, sse4.2, popcnt, avx, clmul, ht, tsc, tscinvbit

Memory: 4k page, system-wide physical 8048M (679M free)
TotalPageFile size 8848M (AvailPageFile size 16M)
current process WorkingSet (physical memory assigned to process): 265M, peak: 277M
current process commit charge ("private bytes"): 291M, peak: 302M

vm_info: Java HotSpot(TM) 64-Bit Server VM (12.0.1+12) for windows-amd64 JRE (12.0.1+12), built on Apr  2 2019 14:02:19 by "mach5one" with MS VC++ 15.5 (VS2017)

END.
