#
# There is insufficient memory for the Java Runtime Environment to continue.
# Native memory allocation (mmap) failed to map 55574528 bytes for Failed to commit area from 0x00000000f0000000 to 0x00000000f3500000 of length 55574528.
# Possible reasons:
#   The system is out of physical RAM or swap space
#   The process is running with CompressedOops enabled, and the Java Heap may be blocking the growth of the native heap
# Possible solutions:
#   Reduce memory load on the system
#   Increase physical memory or swap space
#   Check if swap backing store is full
#   Decrease Java heap size (-Xmx/-Xms)
#   Decrease number of Java threads
#   Decrease Java thread stack sizes (-Xss)
#   Set larger code cache with -XX:ReservedCodeCacheSize=
#   JVM is running with Unscaled Compressed Oops mode in which the Java heap is
#     placed in the first 4GB address space. The Java Heap base address is the
#     maximum limit for the native heap growth. Please use -XX:HeapBaseMinAddress
#     to set the Java Heap base and to place the Java Heap above 4GB virtual address.
# This output file may be truncated or incomplete.
#
#  Out of Memory Error (t:/workspace/open/src/hotspot/os/windows/os_windows.cpp:3254), pid=8372, tid=3208
#
# JRE version: Java(TM) SE Runtime Environment (12.0.1+12) (build 12.0.1+12)
# Java VM: Java HotSpot(TM) 64-Bit Server VM (12.0.1+12, mixed mode, sharing, tiered, compressed oops, g1 gc, windows-amd64)
# No core dump will be written. Minidumps are not enabled by default on client versions of Windows
#

---------------  S U M M A R Y ------------

Command Line: --add-opens=java.base/java.util=ALL-UNNAMED --add-opens=java.base/java.lang=ALL-UNNAMED --add-opens=java.base/java.lang.invoke=ALL-UNNAMED --add-opens=java.prefs/java.util.prefs=ALL-UNNAMED -XX:MaxMetaspaceSize=256m -XX:+HeapDumpOnOutOfMemoryError -Xms256m -Xmx512m -Dfile.encoding=windows-1251 -Duser.country=RU -Duser.language=ru -Duser.variant org.gradle.launcher.daemon.bootstrap.GradleDaemon 6.7.1

Host: Intel(R) Core(TM) i3-2328M CPU @ 2.20GHz, 4 cores, 7G,  Windows 10 , 64 bit Build 18362 (10.0.18362.1110)
Time: Mon Jan 11 14:25:10 2021 Oeieyiaey (ceia) elapsed time: 16858 seconds (0d 4h 40m 58s)

---------------  T H R E A D  ---------------

Current thread (0x000001ae6528d000):  VMThread "VM Thread" [stack: 0x0000003420b00000,0x0000003420c00000] [id=3208]

Stack: [0x0000003420b00000,0x0000003420c00000]
[error occurred during error reporting (printing stack bounds), id 0xc0000005, EXCEPTION_ACCESS_VIOLATION (0xc0000005) at pc=0x000001ae52a70bad]

Native frames: (J=compiled Java code, j=interpreted, Vv=VM code, C=native code)
V  [jvm.dll+0x63948a]
V  [jvm.dll+0x78b31f]
V  [jvm.dll+0x78c9c1]
V  [jvm.dll+0x78cf75]
V  [jvm.dll+0x78cf2b]
V  [jvm.dll+0x638b84]
V  [jvm.dll+0x638f58]
C  [ntdll.dll+0xa184f]
C  [ntdll.dll+0x6a889]
C  [ntdll.dll+0xa04be]
C  0x000001ae52a70bad

VM_Operation (0x00000034207ff590): G1Concurrent, mode: safepoint, requested by thread 0x000001ae4a70a000


---------------  P R O C E S S  ---------------

Threads class SMR info:
_java_thread_list=0x000001ae68170b60, length=66, elements={
0x000001ae4a6e0000, 0x000001ae6528e800, 0x000001ae65294000, 0x000001ae652a9000,
0x000001ae652ac000, 0x000001ae652ad800, 0x000001ae65b36800, 0x000001ae65b37800,
0x000001ae65c77000, 0x000001ae65c80000, 0x000001ae67298000, 0x000001ae66a0f800,
0x000001ae67636000, 0x000001ae67ace800, 0x000001ae67ad3000, 0x000001ae67ad1000,
0x000001ae67acd800, 0x000001ae68452000, 0x000001ae68fa8800, 0x000001ae68fa2000,
0x000001ae68454800, 0x000001ae68455800, 0x000001ae68fa4800, 0x000001ae68f9e800,
0x000001ae68faa000, 0x000001ae68fa7000, 0x000001ae68fab000, 0x000001ae68fa7800,
0x000001ae68fa6000, 0x000001ae68fa5000, 0x000001ae67ad4000, 0x000001ae67ad2800,
0x000001ae67ad0000, 0x000001ae67acf000, 0x000001ae67ad1800, 0x000001ae6c20b800,
0x000001ae6c20f000, 0x000001ae6c20d800, 0x000001ae6c20e000, 0x000001ae6c20a000,
0x000001ae6c20b000, 0x000001ae6c210000, 0x000001ae6c210800, 0x000001ae6c212800,
0x000001ae6c20c800, 0x000001ae6c215800, 0x000001ae6c213000, 0x000001ae6c214800,
0x000001ae6c214000, 0x000001ae6c216800, 0x000001ae6c217000, 0x000001ae6c211800,
0x000001ae6c219000, 0x000001ae6c218000, 0x000001ae6844f000, 0x000001ae68457000,
0x000001ae68456000, 0x000001ae68451800, 0x000001ae68458000, 0x000001ae68458800,
0x000001ae68459800, 0x000001ae6845b000, 0x000001ae6845a800, 0x000001ae6845c000,
0x000001ae68f9c800, 0x000001ae68f9d000
}

Java Threads: ( => current thread )
  0x000001ae4a6e0000 JavaThread "main" [_thread_blocked, id=9992, stack(0x0000003420500000,0x0000003420600000)]
  0x000001ae6528e800 JavaThread "Reference Handler" daemon [_thread_blocked, id=10068, stack(0x0000003420c00000,0x0000003420d00000)]
  0x000001ae65294000 JavaThread "Finalizer" daemon [_thread_blocked, id=1552, stack(0x0000003420d00000,0x0000003420e00000)]
  0x000001ae652a9000 JavaThread "Signal Dispatcher" daemon [_thread_blocked, id=11256, stack(0x0000003420e00000,0x0000003420f00000)]
  0x000001ae652ac000 JavaThread "Attach Listener" daemon [_thread_blocked, id=10268, stack(0x0000003420f00000,0x0000003421000000)]
  0x000001ae652ad800 JavaThread "C2 CompilerThread0" daemon [_thread_blocked, id=9980, stack(0x0000003421000000,0x0000003421100000)]
  0x000001ae65b36800 JavaThread "C1 CompilerThread0" daemon [_thread_blocked, id=1428, stack(0x0000003421100000,0x0000003421200000)]
  0x000001ae65b37800 JavaThread "Sweeper thread" daemon [_thread_blocked, id=11004, stack(0x0000003421200000,0x0000003421300000)]
  0x000001ae65c77000 JavaThread "Common-Cleaner" daemon [_thread_blocked, id=10832, stack(0x0000003421300000,0x0000003421400000)]
  0x000001ae65c80000 JavaThread "Service Thread" daemon [_thread_blocked, id=6536, stack(0x0000003421400000,0x0000003421500000)]
  0x000001ae67298000 JavaThread "Daemon health stats" [_thread_blocked, id=4752, stack(0x0000003421900000,0x0000003421a00000)]
  0x000001ae66a0f800 JavaThread "Incoming local TCP Connector on port 57407" [_thread_in_native, id=9908, stack(0x0000003421c00000,0x0000003421d00000)]
  0x000001ae67636000 JavaThread "Daemon periodic checks" [_thread_blocked, id=10204, stack(0x0000003421d00000,0x0000003421e00000)]
  0x000001ae67ace800 JavaThread "Cache worker for file hash cache (C:\Gradle\gradle-5.5\caches\6.7.1\fileHashes)" [_thread_blocked, id=9220, stack(0x0000003422500000,0x0000003422600000)]
  0x000001ae67ad3000 JavaThread "File lock request listener" [_thread_in_native, id=7964, stack(0x0000003422600000,0x0000003422700000)]
  0x000001ae67ad1000 JavaThread "Cache worker for journal cache (C:\Gradle\gradle-5.5\caches\journal-1)" [_thread_blocked, id=10356, stack(0x0000003422700000,0x0000003422800000)]
  0x000001ae67acd800 JavaThread "Cache worker for execution history cache (C:\Gradle\gradle-5.5\caches\6.7.1\executionHistory)" [_thread_blocked, id=6980, stack(0x0000003422c00000,0x0000003422d00000)]
  0x000001ae68452000 JavaThread "Cache worker for file content cache (C:\Gradle\gradle-5.5\caches\6.7.1\fileContent)" [_thread_blocked, id=10520, stack(0x0000003422e00000,0x0000003422f00000)]
  0x000001ae68fa8800 JavaThread "Memory manager" [_thread_blocked, id=3356, stack(0x0000003424400000,0x0000003424500000)]
  0x000001ae68fa2000 JavaThread "Cache worker for Java compile cache (C:\Gradle\gradle-5.5\caches\6.7.1\javaCompile)" [_thread_blocked, id=6736, stack(0x0000003424500000,0x0000003424600000)]
  0x000001ae68454800 JavaThread "Daemon Thread 9" [_thread_blocked, id=7456, stack(0x0000003420200000,0x0000003420300000)]
  0x000001ae68455800 JavaThread "Daemon worker Thread 9" [_thread_blocked, id=11148, stack(0x0000003421a00000,0x0000003421b00000)]
  0x000001ae68fa4800 JavaThread "jar transforms Thread 222" [_thread_blocked, id=1304, stack(0x0000003422d00000,0x0000003422e00000)]
  0x000001ae68f9e800 JavaThread "jar transforms Thread 223" [_thread_blocked, id=8020, stack(0x0000003422f00000,0x0000003423000000)]
  0x000001ae68faa000 JavaThread "jar transforms Thread 224" [_thread_blocked, id=9720, stack(0x0000003423000000,0x0000003423100000)]
  0x000001ae68fa7000 JavaThread "jar transforms Thread 225" [_thread_blocked, id=10924, stack(0x0000003423100000,0x0000003423200000)]
  0x000001ae68fab000 JavaThread "jar transforms Thread 226" [_thread_blocked, id=1996, stack(0x0000003423200000,0x0000003423300000)]
  0x000001ae68fa7800 JavaThread "jar transforms Thread 227" [_thread_blocked, id=2612, stack(0x0000003423300000,0x0000003423400000)]
  0x000001ae68fa6000 JavaThread "jar transforms Thread 228" [_thread_blocked, id=10840, stack(0x0000003423400000,0x0000003423500000)]
  0x000001ae68fa5000 JavaThread "jar transforms Thread 229" [_thread_blocked, id=6124, stack(0x0000003423500000,0x0000003423600000)]
  0x000001ae67ad4000 JavaThread "jar transforms Thread 230" [_thread_blocked, id=5184, stack(0x0000003423600000,0x0000003423700000)]
  0x000001ae67ad2800 JavaThread "jar transforms Thread 231" [_thread_blocked, id=10992, stack(0x0000003423700000,0x0000003423800000)]
  0x000001ae67ad0000 JavaThread "jar transforms Thread 232" [_thread_blocked, id=8292, stack(0x0000003423800000,0x0000003423900000)]
  0x000001ae67acf000 JavaThread "jar transforms Thread 233" [_thread_blocked, id=2176, stack(0x0000003423900000,0x0000003423a00000)]
  0x000001ae67ad1800 JavaThread "jar transforms Thread 234" [_thread_blocked, id=8484, stack(0x0000003423a00000,0x0000003423b00000)]
  0x000001ae6c20b800 JavaThread "jar transforms Thread 235" [_thread_blocked, id=6840, stack(0x0000003423b00000,0x0000003423c00000)]
  0x000001ae6c20f000 JavaThread "jar transforms Thread 236" [_thread_blocked, id=4896, stack(0x0000003423c00000,0x0000003423d00000)]
  0x000001ae6c20d800 JavaThread "jar transforms Thread 237" [_thread_blocked, id=5928, stack(0x0000003423d00000,0x0000003423e00000)]
  0x000001ae6c20e000 JavaThread "jar transforms Thread 238" [_thread_blocked, id=8104, stack(0x0000003423e00000,0x0000003423f00000)]
  0x000001ae6c20a000 JavaThread "Handler for socket connection from /127.0.0.1:57407 to /127.0.0.1:53964" [_thread_in_native, id=9516, stack(0x0000003420300000,0x0000003420400000)]
  0x000001ae6c20b000 JavaThread "Cancel handler" [_thread_blocked, id=7520, stack(0x0000003420400000,0x0000003420500000)]
  0x000001ae6c210000 JavaThread "Asynchronous log dispatcher for DefaultDaemonConnection: socket connection from /127.0.0.1:57407 to /127.0.0.1:53964" [_thread_blocked, id=9188, stack(0x0000003421b00000,0x0000003421c00000)]
  0x000001ae6c210800 JavaThread "Stdin handler" [_thread_blocked, id=4832, stack(0x0000003421e00000,0x0000003421f00000)]
  0x000001ae6c212800 JavaThread "Thread-703" [_thread_blocked, id=6464, stack(0x0000003421f00000,0x0000003422000000)]
  0x000001ae6c20c800 JavaThread "Cache worker for file hash cache (D:\testExercise\.gradle\6.7.1\fileHashes)" [_thread_blocked, id=11036, stack(0x0000003422000000,0x0000003422100000)]
  0x000001ae6c215800 JavaThread "Cache worker for checksums cache (D:\testExercise\.gradle\checksums)" [_thread_blocked, id=5700, stack(0x0000003422100000,0x0000003422200000)]
  0x000001ae6c213000 JavaThread "Cache worker for cache directory md-supplier (C:\Gradle\gradle-5.5\caches\6.7.1\md-supplier)" [_thread_blocked, id=9484, stack(0x0000003422200000,0x0000003422300000)]
  0x000001ae6c214800 JavaThread "Cache worker for cache directory md-rule (C:\Gradle\gradle-5.5\caches\6.7.1\md-rule)" [_thread_blocked, id=10112, stack(0x0000003422300000,0x0000003422400000)]
  0x000001ae6c214000 JavaThread "Cache worker for Build Output Cleanup Cache (D:\testExercise\.gradle\buildOutputCleanup)" [_thread_blocked, id=7928, stack(0x0000003422400000,0x0000003422500000)]
  0x000001ae6c216800 JavaThread "Build operations" [_thread_blocked, id=10872, stack(0x0000003422800000,0x0000003422900000)]
  0x000001ae6c217000 JavaThread "Build operations Thread 2" [_thread_blocked, id=9640, stack(0x0000003422900000,0x0000003422a00000)]
  0x000001ae6c211800 JavaThread "Build operations Thread 3" [_thread_blocked, id=8064, stack(0x0000003422a00000,0x0000003422b00000)]
  0x000001ae6c219000 JavaThread "Build operations Thread 4" [_thread_blocked, id=11032, stack(0x0000003422b00000,0x0000003422c00000)]
  0x000001ae6c218000 JavaThread "Execution worker for ':'" [_thread_blocked, id=10548, stack(0x0000003423f00000,0x0000003424000000)]
  0x000001ae6844f000 JavaThread "Execution worker for ':' Thread 2" [_thread_blocked, id=808, stack(0x0000003424000000,0x0000003424100000)]
  0x000001ae68457000 JavaThread "Execution worker for ':' Thread 3" [_thread_blocked, id=8732, stack(0x0000003424100000,0x0000003424200000)]
  0x000001ae68456000 JavaThread "Cache worker for execution history cache (D:\testExercise\.gradle\6.7.1\executionHistory)" [_thread_blocked, id=6320, stack(0x0000003424200000,0x0000003424300000)]
  0x000001ae68451800 JavaThread "Cache worker for Java compile cache (D:\testExercise\.gradle\6.7.1\javaCompile)" [_thread_blocked, id=6400, stack(0x0000003424300000,0x0000003424400000)]
  0x000001ae68458000 JavaThread "Dispatch org.gradle.api.internal.tasks.testing.results.AttachParentTestResultProcessor@1743de2f" [_thread_blocked, id=10704, stack(0x0000003424700000,0x0000003424800000)]
  0x000001ae68458800 JavaThread "Dispatch org.gradle.api.internal.tasks.testing.processors.RestartEveryNTestClassProcessor@4e68cf52" [_thread_blocked, id=8592, stack(0x0000003424800000,0x0000003424900000)]
  0x000001ae68459800 JavaThread "Incoming local TCP Connector on port 53973" [_thread_in_native, id=10020, stack(0x0000003424900000,0x0000003424a00000)]
  0x000001ae6845b000 JavaThread "Exec process Thread 29" [_thread_in_native, id=5052, stack(0x0000003424a00000,0x0000003424b00000)]
  0x000001ae6845a800 JavaThread "DisconnectableInputStream source reader" daemon [_thread_blocked, id=10472, stack(0x0000003424b00000,0x0000003424c00000)]
  0x000001ae6845c000 JavaThread "Exec process Thread 30" [_thread_blocked, id=9508, stack(0x0000003424c00000,0x0000003424d00000)]
  0x000001ae68f9c800 JavaThread "Exec process Thread 31" [_thread_in_native, id=3788, stack(0x0000003424d00000,0x0000003424e00000)]
  0x000001ae68f9d000 JavaThread "Exec process Thread 32" [_thread_in_native, id=3428, stack(0x0000003424e00000,0x0000003424f00000)]

Other Threads:
=>0x000001ae6528d000 VMThread "VM Thread" [stack: 0x0000003420b00000,0x0000003420c00000] [id=3208]
  0x000001ae65c85800 WatcherThread [stack: 0x0000003421500000,0x0000003421600000] [id=8184]
  0x000001ae4a704800 GCTaskThread "GC Thread#0" [stack: 0x0000003420600000,0x0000003420700000] [id=4372]
  0x000001ae66615000 GCTaskThread "GC Thread#1" [stack: 0x0000003421600000,0x0000003421700000] [id=10836]
  0x000001ae66616000 GCTaskThread "GC Thread#2" [stack: 0x0000003421700000,0x0000003421800000] [id=4140]
  0x000001ae66614000 GCTaskThread "GC Thread#3" [stack: 0x0000003421800000,0x0000003421900000] [id=10012]
  0x000001ae4a70a000 ConcurrentGCThread "G1 Main Marker" [stack: 0x0000003420700000,0x0000003420800000] [id=9572]
  0x000001ae4a70d000 ConcurrentGCThread "G1 Conc#0" [stack: 0x0000003420800000,0x0000003420900000] [id=4592]
  0x000001ae651aa800 ConcurrentGCThread "G1 Refine#0" [stack: 0x0000003420900000,0x0000003420a00000] [id=2628]
  0x000001ae69240800 ConcurrentGCThread "G1 Refine#1" [stack: 0x0000003424600000,0x0000003424700000] [id=11008]
  0x000001ae651ad000 ConcurrentGCThread "G1 Young RemSet Sampling" [stack: 0x0000003420a00000,0x0000003420b00000] [id=5012]

Threads with active compile tasks:

VM state:at safepoint (normal execution)

VM Mutex/Monitor currently owned by a thread:  ([mutex/lock_event])
[0x000001ae4a6dc760] Threads_lock - owner thread: 0x000001ae6528d000
[0x000001ae4a6dbef0] Heap_lock - owner thread: 0x000001ae4a70a000

Heap address: 0x00000000e0000000, size: 512 MB, Compressed Oops mode: 32-bit
Narrow klass base: 0x0000000800000000, Narrow klass shift: 3
Compressed class space size: 260046848 Address: 0x00000008011a0000

Heap:
 garbage-first heap   total 316416K, used 185918K [0x00000000e0000000, 0x0000000100000000)
  region size 1024K, 65 young (66560K), 10 survivors (10240K)
 Metaspace       used 68963K, capacity 71630K, committed 79148K, reserved 323584K
  class space    used 8516K, capacity 9442K, committed 10368K, reserved 253952K
Heap Regions: E=young(eden), S=young(survivor), O=old, HS=humongous(starts), HC=humongous(continues), CS=collection set, F=free, A=archive, TAMS=top-at-mark-start (previous, next)
|   0|0x00000000e0000000, 0x00000000e0100000, 0x00000000e0100000|100%| O|  |TAMS 0x00000000e0100000, 0x00000000e0000000| Updating 
|   1|0x00000000e0100000, 0x00000000e0200000, 0x00000000e0200000|100%| O|  |TAMS 0x00000000e0200000, 0x00000000e0100000| Updating 
|   2|0x00000000e0200000, 0x00000000e0300000, 0x00000000e0300000|100%| O|  |TAMS 0x00000000e0300000, 0x00000000e0200000| Updating 
|   3|0x00000000e0300000, 0x00000000e0400000, 0x00000000e0400000|100%|HS|  |TAMS 0x00000000e0400000, 0x00000000e0300000| Complete 
|   4|0x00000000e0400000, 0x00000000e0500000, 0x00000000e0500000|100%|HC|  |TAMS 0x00000000e0500000, 0x00000000e0400000| Complete 
|   5|0x00000000e0500000, 0x00000000e0600000, 0x00000000e0600000|100%|HC|  |TAMS 0x00000000e0600000, 0x00000000e0500000| Complete 
|   6|0x00000000e0600000, 0x00000000e0700000, 0x00000000e0700000|100%| O|  |TAMS 0x00000000e0700000, 0x00000000e0600000| Updating 
|   7|0x00000000e0700000, 0x00000000e0800000, 0x00000000e0800000|100%| O|  |TAMS 0x00000000e0800000, 0x00000000e0700000| Updating 
|   8|0x00000000e0800000, 0x00000000e0900000, 0x00000000e0900000|100%| O|  |TAMS 0x00000000e0900000, 0x00000000e0800000| Updating 
|   9|0x00000000e0900000, 0x00000000e0a00000, 0x00000000e0a00000|100%| O|  |TAMS 0x00000000e0a00000, 0x00000000e0900000| Updating 
|  10|0x00000000e0a00000, 0x00000000e0b00000, 0x00000000e0b00000|100%| O|  |TAMS 0x00000000e0b00000, 0x00000000e0a00000| Updating 
|  11|0x00000000e0b00000, 0x00000000e0c00000, 0x00000000e0c00000|100%| O|  |TAMS 0x00000000e0c00000, 0x00000000e0b00000| Updating 
|  12|0x00000000e0c00000, 0x00000000e0d00000, 0x00000000e0d00000|100%| O|  |TAMS 0x00000000e0d00000, 0x00000000e0c00000| Updating 
|  13|0x00000000e0d00000, 0x00000000e0e00000, 0x00000000e0e00000|100%| O|  |TAMS 0x00000000e0e00000, 0x00000000e0d00000| Updating 
|  14|0x00000000e0e00000, 0x00000000e0f00000, 0x00000000e0f00000|100%| O|  |TAMS 0x00000000e0f00000, 0x00000000e0e00000| Updating 
|  15|0x00000000e0f00000, 0x00000000e1000000, 0x00000000e1000000|100%| O|  |TAMS 0x00000000e1000000, 0x00000000e0f00000| Updating 
|  16|0x00000000e1000000, 0x00000000e1100000, 0x00000000e1100000|100%| O|  |TAMS 0x00000000e1100000, 0x00000000e1000000| Updating 
|  17|0x00000000e1100000, 0x00000000e1200000, 0x00000000e1200000|100%| O|  |TAMS 0x00000000e1200000, 0x00000000e1100000| Updating 
|  18|0x00000000e1200000, 0x00000000e1300000, 0x00000000e1300000|100%| O|  |TAMS 0x00000000e1300000, 0x00000000e1200000| Updating 
|  19|0x00000000e1300000, 0x00000000e1400000, 0x00000000e1400000|100%| O|  |TAMS 0x00000000e1400000, 0x00000000e1300000| Updating 
|  20|0x00000000e1400000, 0x00000000e1500000, 0x00000000e1500000|100%| O|  |TAMS 0x00000000e1500000, 0x00000000e1400000| Updating 
|  21|0x00000000e1500000, 0x00000000e1600000, 0x00000000e1600000|100%| O|  |TAMS 0x00000000e1600000, 0x00000000e1500000| Updating 
|  22|0x00000000e1600000, 0x00000000e1700000, 0x00000000e1700000|100%| O|  |TAMS 0x00000000e1700000, 0x00000000e1600000| Updating 
|  23|0x00000000e1700000, 0x00000000e1800000, 0x00000000e1800000|100%| O|  |TAMS 0x00000000e1800000, 0x00000000e1700000| Updating 
|  24|0x00000000e1800000, 0x00000000e1900000, 0x00000000e1900000|100%| O|  |TAMS 0x00000000e1900000, 0x00000000e1800000| Updating 
|  25|0x00000000e1900000, 0x00000000e1a00000, 0x00000000e1a00000|100%| O|  |TAMS 0x00000000e1a00000, 0x00000000e1900000| Updating 
|  26|0x00000000e1a00000, 0x00000000e1b00000, 0x00000000e1b00000|100%| O|  |TAMS 0x00000000e1b00000, 0x00000000e1a00000| Updating 
|  27|0x00000000e1b00000, 0x00000000e1c00000, 0x00000000e1c00000|100%| O|  |TAMS 0x00000000e1c00000, 0x00000000e1b00000| Updating 
|  28|0x00000000e1c00000, 0x00000000e1d00000, 0x00000000e1d00000|100%| O|  |TAMS 0x00000000e1d00000, 0x00000000e1c00000| Updating 
|  29|0x00000000e1d00000, 0x00000000e1e00000, 0x00000000e1e00000|100%| O|  |TAMS 0x00000000e1e00000, 0x00000000e1d00000| Updating 
|  30|0x00000000e1e00000, 0x00000000e1f00000, 0x00000000e1f00000|100%| O|  |TAMS 0x00000000e1f00000, 0x00000000e1e00000| Updating 
|  31|0x00000000e1f00000, 0x00000000e2000000, 0x00000000e2000000|100%| O|  |TAMS 0x00000000e2000000, 0x00000000e1f00000| Updating 
|  32|0x00000000e2000000, 0x00000000e2100000, 0x00000000e2100000|100%| O|  |TAMS 0x00000000e2100000, 0x00000000e2000000| Updating 
|  33|0x00000000e2100000, 0x00000000e2200000, 0x00000000e2200000|100%| O|  |TAMS 0x00000000e2200000, 0x00000000e2100000| Updating 
|  34|0x00000000e2200000, 0x00000000e2300000, 0x00000000e2300000|100%| O|  |TAMS 0x00000000e2300000, 0x00000000e2200000| Updating 
|  35|0x00000000e2300000, 0x00000000e2400000, 0x00000000e2400000|100%| O|  |TAMS 0x00000000e2400000, 0x00000000e2300000| Updating 
|  36|0x00000000e2400000, 0x00000000e2500000, 0x00000000e2500000|100%| O|  |TAMS 0x00000000e2500000, 0x00000000e2400000| Updating 
|  37|0x00000000e2500000, 0x00000000e2600000, 0x00000000e2600000|100%| O|  |TAMS 0x00000000e2600000, 0x00000000e2500000| Updating 
|  38|0x00000000e2600000, 0x00000000e2700000, 0x00000000e2700000|100%| O|  |TAMS 0x00000000e2700000, 0x00000000e2600000| Updating 
|  39|0x00000000e2700000, 0x00000000e2800000, 0x00000000e2800000|100%| O|  |TAMS 0x00000000e2800000, 0x00000000e2700000| Updating 
|  40|0x00000000e2800000, 0x00000000e2900000, 0x00000000e2900000|100%| O|  |TAMS 0x00000000e2900000, 0x00000000e2800000| Updating 
|  41|0x00000000e2900000, 0x00000000e2a00000, 0x00000000e2a00000|100%| O|  |TAMS 0x00000000e2a00000, 0x00000000e2900000| Updating 
|  42|0x00000000e2a00000, 0x00000000e2b00000, 0x00000000e2b00000|100%| O|  |TAMS 0x00000000e2b00000, 0x00000000e2a00000| Updating 
|  43|0x00000000e2b00000, 0x00000000e2c00000, 0x00000000e2c00000|100%| O|  |TAMS 0x00000000e2c00000, 0x00000000e2b00000| Updating 
|  44|0x00000000e2c00000, 0x00000000e2d00000, 0x00000000e2d00000|100%| O|  |TAMS 0x00000000e2d00000, 0x00000000e2c00000| Updating 
|  45|0x00000000e2d00000, 0x00000000e2e00000, 0x00000000e2e00000|100%| O|  |TAMS 0x00000000e2e00000, 0x00000000e2d00000| Updating 
|  46|0x00000000e2e00000, 0x00000000e2f00000, 0x00000000e2f00000|100%| O|  |TAMS 0x00000000e2f00000, 0x00000000e2e00000| Updating 
|  47|0x00000000e2f00000, 0x00000000e3000000, 0x00000000e3000000|100%| O|  |TAMS 0x00000000e3000000, 0x00000000e2f00000| Updating 
|  48|0x00000000e3000000, 0x00000000e3100000, 0x00000000e3100000|100%| O|  |TAMS 0x00000000e3100000, 0x00000000e3000000| Updating 
|  49|0x00000000e3100000, 0x00000000e3200000, 0x00000000e3200000|100%| O|  |TAMS 0x00000000e3200000, 0x00000000e3100000| Updating 
|  50|0x00000000e3200000, 0x00000000e3300000, 0x00000000e3300000|100%| O|  |TAMS 0x00000000e3300000, 0x00000000e3200000| Updating 
|  51|0x00000000e3300000, 0x00000000e3400000, 0x00000000e3400000|100%| O|  |TAMS 0x00000000e3400000, 0x00000000e3300000| Updating 
|  52|0x00000000e3400000, 0x00000000e3500000, 0x00000000e3500000|100%| O|  |TAMS 0x00000000e3500000, 0x00000000e3400000| Updating 
|  53|0x00000000e3500000, 0x00000000e3600000, 0x00000000e3600000|100%| O|  |TAMS 0x00000000e3600000, 0x00000000e3500000| Updating 
|  54|0x00000000e3600000, 0x00000000e3700000, 0x00000000e3700000|100%| O|  |TAMS 0x00000000e3700000, 0x00000000e3600000| Updating 
|  55|0x00000000e3700000, 0x00000000e3800000, 0x00000000e3800000|100%| O|  |TAMS 0x00000000e3800000, 0x00000000e3700000| Updating 
|  56|0x00000000e3800000, 0x00000000e3900000, 0x00000000e3900000|100%| O|  |TAMS 0x00000000e3900000, 0x00000000e3800000| Updating 
|  57|0x00000000e3900000, 0x00000000e3a00000, 0x00000000e3a00000|100%| O|  |TAMS 0x00000000e3a00000, 0x00000000e3900000| Updating 
|  58|0x00000000e3a00000, 0x00000000e3b00000, 0x00000000e3b00000|100%| O|  |TAMS 0x00000000e3b00000, 0x00000000e3a00000| Updating 
|  59|0x00000000e3b00000, 0x00000000e3b00000, 0x00000000e3c00000|  0%| F|  |TAMS 0x00000000e3b00000, 0x00000000e3b00000| Untracked 
|  60|0x00000000e3c00000, 0x00000000e3d00000, 0x00000000e3d00000|100%| O|  |TAMS 0x00000000e3d00000, 0x00000000e3c00000| Updating 
|  61|0x00000000e3d00000, 0x00000000e3e00000, 0x00000000e3e00000|100%| O|  |TAMS 0x00000000e3e00000, 0x00000000e3d00000| Updating 
|  62|0x00000000e3e00000, 0x00000000e3f00000, 0x00000000e3f00000|100%| O|  |TAMS 0x00000000e3f00000, 0x00000000e3e00000| Updating 
|  63|0x00000000e3f00000, 0x00000000e4000000, 0x00000000e4000000|100%| O|  |TAMS 0x00000000e4000000, 0x00000000e3f00000| Updating 
|  64|0x00000000e4000000, 0x00000000e4100000, 0x00000000e4100000|100%| O|  |TAMS 0x00000000e4100000, 0x00000000e4000000| Updating 
|  65|0x00000000e4100000, 0x00000000e4100000, 0x00000000e4200000|  0%| F|  |TAMS 0x00000000e4100000, 0x00000000e4100000| Untracked 
|  66|0x00000000e4200000, 0x00000000e4300000, 0x00000000e4300000|100%| O|  |TAMS 0x00000000e4300000, 0x00000000e4200000| Updating 
|  67|0x00000000e4300000, 0x00000000e4400000, 0x00000000e4400000|100%| O|  |TAMS 0x00000000e4400000, 0x00000000e4300000| Updating 
|  68|0x00000000e4400000, 0x00000000e4500000, 0x00000000e4500000|100%| O|  |TAMS 0x00000000e4500000, 0x00000000e4400000| Updating 
|  69|0x00000000e4500000, 0x00000000e4600000, 0x00000000e4600000|100%| O|  |TAMS 0x00000000e4600000, 0x00000000e4500000| Updating 
|  70|0x00000000e4600000, 0x00000000e4700000, 0x00000000e4700000|100%| O|  |TAMS 0x00000000e4700000, 0x00000000e4600000| Updating 
|  71|0x00000000e4700000, 0x00000000e4800000, 0x00000000e4800000|100%| O|  |TAMS 0x00000000e4800000, 0x00000000e4700000| Updating 
|  72|0x00000000e4800000, 0x00000000e4900000, 0x00000000e4900000|100%| O|  |TAMS 0x00000000e4900000, 0x00000000e4800000| Updating 
|  73|0x00000000e4900000, 0x00000000e4a00000, 0x00000000e4a00000|100%| O|  |TAMS 0x00000000e4a00000, 0x00000000e4900000| Updating 
|  74|0x00000000e4a00000, 0x00000000e4b00000, 0x00000000e4b00000|100%| O|  |TAMS 0x00000000e4b00000, 0x00000000e4a00000| Updating 
|  75|0x00000000e4b00000, 0x00000000e4c00000, 0x00000000e4c00000|100%| O|  |TAMS 0x00000000e4c00000, 0x00000000e4b00000| Updating 
|  76|0x00000000e4c00000, 0x00000000e4d00000, 0x00000000e4d00000|100%| O|  |TAMS 0x00000000e4d00000, 0x00000000e4c00000| Updating 
|  77|0x00000000e4d00000, 0x00000000e4e00000, 0x00000000e4e00000|100%| O|  |TAMS 0x00000000e4e00000, 0x00000000e4d00000| Updating 
|  78|0x00000000e4e00000, 0x00000000e4f00000, 0x00000000e4f00000|100%| O|  |TAMS 0x00000000e4f00000, 0x00000000e4e00000| Updating 
|  79|0x00000000e4f00000, 0x00000000e5000000, 0x00000000e5000000|100%| O|  |TAMS 0x00000000e5000000, 0x00000000e4f00000| Updating 
|  80|0x00000000e5000000, 0x00000000e5100000, 0x00000000e5100000|100%| O|  |TAMS 0x00000000e5100000, 0x00000000e5000000| Updating 
|  81|0x00000000e5100000, 0x00000000e5200000, 0x00000000e5200000|100%| O|  |TAMS 0x00000000e5200000, 0x00000000e5100000| Updating 
|  82|0x00000000e5200000, 0x00000000e5300000, 0x00000000e5300000|100%| O|  |TAMS 0x00000000e5300000, 0x00000000e5200000| Updating 
|  83|0x00000000e5300000, 0x00000000e5400000, 0x00000000e5400000|100%| O|  |TAMS 0x00000000e5400000, 0x00000000e5300000| Updating 
|  84|0x00000000e5400000, 0x00000000e5500000, 0x00000000e5500000|100%| O|  |TAMS 0x00000000e5500000, 0x00000000e5400000| Updating 
|  85|0x00000000e5500000, 0x00000000e5600000, 0x00000000e5600000|100%| O|  |TAMS 0x00000000e5600000, 0x00000000e5500000| Updating 
|  86|0x00000000e5600000, 0x00000000e5700000, 0x00000000e5700000|100%| O|  |TAMS 0x00000000e5700000, 0x00000000e5600000| Updating 
|  87|0x00000000e5700000, 0x00000000e5800000, 0x00000000e5800000|100%| O|  |TAMS 0x00000000e5800000, 0x00000000e5700000| Updating 
|  88|0x00000000e5800000, 0x00000000e5900000, 0x00000000e5900000|100%| O|  |TAMS 0x00000000e5900000, 0x00000000e5800000| Updating 
|  89|0x00000000e5900000, 0x00000000e5a00000, 0x00000000e5a00000|100%| O|  |TAMS 0x00000000e5a00000, 0x00000000e5900000| Updating 
|  90|0x00000000e5a00000, 0x00000000e5b00000, 0x00000000e5b00000|100%| O|  |TAMS 0x00000000e5b00000, 0x00000000e5a00000| Updating 
|  91|0x00000000e5b00000, 0x00000000e5c00000, 0x00000000e5c00000|100%| O|  |TAMS 0x00000000e5c00000, 0x00000000e5b00000| Updating 
|  92|0x00000000e5c00000, 0x00000000e5d00000, 0x00000000e5d00000|100%| O|  |TAMS 0x00000000e5d00000, 0x00000000e5c00000| Updating 
|  93|0x00000000e5d00000, 0x00000000e5e00000, 0x00000000e5e00000|100%| O|  |TAMS 0x00000000e5e00000, 0x00000000e5d00000| Updating 
|  94|0x00000000e5e00000, 0x00000000e5e2ae00, 0x00000000e5f00000| 16%| O|  |TAMS 0x00000000e5e2ae00, 0x00000000e5e00000| Updating 
|  95|0x00000000e5f00000, 0x00000000e5f00000, 0x00000000e6000000|  0%| F|  |TAMS 0x00000000e5f00000, 0x00000000e5f00000| Untracked 
|  96|0x00000000e6000000, 0x00000000e6000000, 0x00000000e6100000|  0%| F|  |TAMS 0x00000000e6000000, 0x00000000e6000000| Untracked 
|  97|0x00000000e6100000, 0x00000000e6100000, 0x00000000e6200000|  0%| F|  |TAMS 0x00000000e6100000, 0x00000000e6100000| Untracked 
|  98|0x00000000e6200000, 0x00000000e6200000, 0x00000000e6300000|  0%| F|  |TAMS 0x00000000e6200000, 0x00000000e6200000| Untracked 
|  99|0x00000000e6300000, 0x00000000e6300000, 0x00000000e6400000|  0%| F|  |TAMS 0x00000000e6300000, 0x00000000e6300000| Untracked 
| 100|0x00000000e6400000, 0x00000000e6400000, 0x00000000e6500000|  0%| F|  |TAMS 0x00000000e6400000, 0x00000000e6400000| Untracked 
| 101|0x00000000e6500000, 0x00000000e6500000, 0x00000000e6600000|  0%| F|  |TAMS 0x00000000e6500000, 0x00000000e6500000| Untracked 
| 102|0x00000000e6600000, 0x00000000e6600000, 0x00000000e6700000|  0%| F|  |TAMS 0x00000000e6600000, 0x00000000e6600000| Untracked 
| 103|0x00000000e6700000, 0x00000000e6700000, 0x00000000e6800000|  0%| F|  |TAMS 0x00000000e6700000, 0x00000000e6700000| Untracked 
| 104|0x00000000e6800000, 0x00000000e6800000, 0x00000000e6900000|  0%| F|  |TAMS 0x00000000e6800000, 0x00000000e6800000| Untracked 
| 105|0x00000000e6900000, 0x00000000e6900000, 0x00000000e6a00000|  0%| F|  |TAMS 0x00000000e6900000, 0x00000000e6900000| Untracked 
| 106|0x00000000e6a00000, 0x00000000e6a00000, 0x00000000e6b00000|  0%| F|  |TAMS 0x00000000e6a00000, 0x00000000e6a00000| Untracked 
| 107|0x00000000e6b00000, 0x00000000e6b00000, 0x00000000e6c00000|  0%| F|  |TAMS 0x00000000e6b00000, 0x00000000e6b00000| Untracked 
| 108|0x00000000e6c00000, 0x00000000e6d00000, 0x00000000e6d00000|100%| O|  |TAMS 0x00000000e6d00000, 0x00000000e6c00000| Updating 
| 109|0x00000000e6d00000, 0x00000000e6e00000, 0x00000000e6e00000|100%| O|  |TAMS 0x00000000e6e00000, 0x00000000e6d00000| Updating 
| 110|0x00000000e6e00000, 0x00000000e6f00000, 0x00000000e6f00000|100%| O|  |TAMS 0x00000000e6f00000, 0x00000000e6e00000| Updating 
| 111|0x00000000e6f00000, 0x00000000e7000000, 0x00000000e7000000|100%| O|  |TAMS 0x00000000e7000000, 0x00000000e6f00000| Updating 
| 112|0x00000000e7000000, 0x00000000e7100000, 0x00000000e7100000|100%| O|  |TAMS 0x00000000e7100000, 0x00000000e7000000| Updating 
| 113|0x00000000e7100000, 0x00000000e7200000, 0x00000000e7200000|100%| O|  |TAMS 0x00000000e7200000, 0x00000000e7100000| Updating 
| 114|0x00000000e7200000, 0x00000000e7300000, 0x00000000e7300000|100%| O|  |TAMS 0x00000000e7300000, 0x00000000e7200000| Updating 
| 115|0x00000000e7300000, 0x00000000e7400000, 0x00000000e7400000|100%| O|  |TAMS 0x00000000e7400000, 0x00000000e7300000| Updating 
| 116|0x00000000e7400000, 0x00000000e7500000, 0x00000000e7500000|100%| O|  |TAMS 0x00000000e7500000, 0x00000000e7400000| Updating 
| 117|0x00000000e7500000, 0x00000000e7600000, 0x00000000e7600000|100%| O|  |TAMS 0x00000000e7600000, 0x00000000e7500000| Updating 
| 118|0x00000000e7600000, 0x00000000e7700000, 0x00000000e7700000|100%| O|  |TAMS 0x00000000e7700000, 0x00000000e7600000| Updating 
| 119|0x00000000e7700000, 0x00000000e7800000, 0x00000000e7800000|100%| O|  |TAMS 0x00000000e7800000, 0x00000000e7700000| Updating 
| 120|0x00000000e7800000, 0x00000000e7900000, 0x00000000e7900000|100%| O|  |TAMS 0x00000000e7900000, 0x00000000e7800000| Updating 
| 121|0x00000000e7900000, 0x00000000e7a00000, 0x00000000e7a00000|100%| O|  |TAMS 0x00000000e7a00000, 0x00000000e7900000| Updating 
| 122|0x00000000e7a00000, 0x00000000e7b00000, 0x00000000e7b00000|100%| O|  |TAMS 0x00000000e7b00000, 0x00000000e7a00000| Updating 
| 123|0x00000000e7b00000, 0x00000000e7c00000, 0x00000000e7c00000|100%| O|  |TAMS 0x00000000e7c00000, 0x00000000e7b00000| Updating 
| 124|0x00000000e7c00000, 0x00000000e7d00000, 0x00000000e7d00000|100%| O|  |TAMS 0x00000000e7d00000, 0x00000000e7c00000| Updating 
| 125|0x00000000e7d00000, 0x00000000e7e00000, 0x00000000e7e00000|100%| O|  |TAMS 0x00000000e7e00000, 0x00000000e7d00000| Updating 
| 126|0x00000000e7e00000, 0x00000000e7f00000, 0x00000000e7f00000|100%| O|  |TAMS 0x00000000e7f00000, 0x00000000e7e00000| Updating 
| 127|0x00000000e7f00000, 0x00000000e8000000, 0x00000000e8000000|100%| O|  |TAMS 0x00000000e8000000, 0x00000000e7f00000| Updating 
| 128|0x00000000e8000000, 0x00000000e8100000, 0x00000000e8100000|100%| O|  |TAMS 0x00000000e8100000, 0x00000000e8000000| Updating 
| 129|0x00000000e8100000, 0x00000000e8200000, 0x00000000e8200000|100%| O|  |TAMS 0x00000000e8200000, 0x00000000e8100000| Updating 
| 130|0x00000000e8200000, 0x00000000e8300000, 0x00000000e8300000|100%| O|  |TAMS 0x00000000e8300000, 0x00000000e8200000| Updating 
| 131|0x00000000e8300000, 0x00000000e8400000, 0x00000000e8400000|100%| O|  |TAMS 0x00000000e8400000, 0x00000000e8300000| Updating 
| 132|0x00000000e8400000, 0x00000000e8500000, 0x00000000e8500000|100%| O|  |TAMS 0x00000000e8500000, 0x00000000e8400000| Updating 
| 133|0x00000000e8500000, 0x00000000e8600000, 0x00000000e8600000|100%| O|  |TAMS 0x00000000e8600000, 0x00000000e8500000| Updating 
| 134|0x00000000e8600000, 0x00000000e8700000, 0x00000000e8700000|100%| O|  |TAMS 0x00000000e8700000, 0x00000000e8600000| Updating 
| 135|0x00000000e8700000, 0x00000000e8700000, 0x00000000e8800000|  0%| F|  |TAMS 0x00000000e8700000, 0x00000000e8700000| Untracked 
| 136|0x00000000e8800000, 0x00000000e8800000, 0x00000000e8900000|  0%| F|  |TAMS 0x00000000e8800000, 0x00000000e8800000| Untracked 
| 137|0x00000000e8900000, 0x00000000e8900000, 0x00000000e8a00000|  0%| F|  |TAMS 0x00000000e8900000, 0x00000000e8900000| Untracked 
| 138|0x00000000e8a00000, 0x00000000e8a00000, 0x00000000e8b00000|  0%| F|  |TAMS 0x00000000e8a00000, 0x00000000e8a00000| Untracked 
| 139|0x00000000e8b00000, 0x00000000e8b00000, 0x00000000e8c00000|  0%| F|  |TAMS 0x00000000e8b00000, 0x00000000e8b00000| Untracked 
| 140|0x00000000e8c00000, 0x00000000e8c00000, 0x00000000e8d00000|  0%| F|  |TAMS 0x00000000e8c00000, 0x00000000e8c00000| Untracked 
| 141|0x00000000e8d00000, 0x00000000e8d00000, 0x00000000e8e00000|  0%| F|  |TAMS 0x00000000e8d00000, 0x00000000e8d00000| Untracked 
| 142|0x00000000e8e00000, 0x00000000e8e00000, 0x00000000e8f00000|  0%| F|  |TAMS 0x00000000e8e00000, 0x00000000e8e00000| Untracked 
| 143|0x00000000e8f00000, 0x00000000e8f00000, 0x00000000e9000000|  0%| F|  |TAMS 0x00000000e8f00000, 0x00000000e8f00000| Untracked 
| 144|0x00000000e9000000, 0x00000000e9000000, 0x00000000e9100000|  0%| F|  |TAMS 0x00000000e9000000, 0x00000000e9000000| Untracked 
| 145|0x00000000e9100000, 0x00000000e9100000, 0x00000000e9200000|  0%| F|  |TAMS 0x00000000e9100000, 0x00000000e9100000| Untracked 
| 146|0x00000000e9200000, 0x00000000e9200000, 0x00000000e9300000|  0%| F|  |TAMS 0x00000000e9200000, 0x00000000e9200000| Untracked 
| 147|0x00000000e9300000, 0x00000000e9300000, 0x00000000e9400000|  0%| F|  |TAMS 0x00000000e9300000, 0x00000000e9300000| Untracked 
| 148|0x00000000e9400000, 0x00000000e9400000, 0x00000000e9500000|  0%| F|  |TAMS 0x00000000e9400000, 0x00000000e9400000| Untracked 
| 149|0x00000000e9500000, 0x00000000e9500000, 0x00000000e9600000|  0%| F|  |TAMS 0x00000000e9500000, 0x00000000e9500000| Untracked 
| 150|0x00000000e9600000, 0x00000000e9600000, 0x00000000e9700000|  0%| F|  |TAMS 0x00000000e9600000, 0x00000000e9600000| Untracked 
| 151|0x00000000e9700000, 0x00000000e9700000, 0x00000000e9800000|  0%| F|  |TAMS 0x00000000e9700000, 0x00000000e9700000| Untracked 
| 152|0x00000000e9800000, 0x00000000e9800000, 0x00000000e9900000|  0%| F|  |TAMS 0x00000000e9800000, 0x00000000e9800000| Untracked 
| 153|0x00000000e9900000, 0x00000000e9900000, 0x00000000e9a00000|  0%| F|  |TAMS 0x00000000e9900000, 0x00000000e9900000| Untracked 
| 154|0x00000000e9a00000, 0x00000000e9a00000, 0x00000000e9b00000|  0%| F|  |TAMS 0x00000000e9a00000, 0x00000000e9a00000| Untracked 
| 155|0x00000000e9b00000, 0x00000000e9b00000, 0x00000000e9c00000|  0%| F|  |TAMS 0x00000000e9b00000, 0x00000000e9b00000| Untracked 
| 156|0x00000000e9c00000, 0x00000000e9c00000, 0x00000000e9d00000|  0%| F|  |TAMS 0x00000000e9c00000, 0x00000000e9c00000| Untracked 
| 157|0x00000000e9d00000, 0x00000000e9d00000, 0x00000000e9e00000|  0%| F|  |TAMS 0x00000000e9d00000, 0x00000000e9d00000| Untracked 
| 158|0x00000000e9e00000, 0x00000000e9e00000, 0x00000000e9f00000|  0%| F|  |TAMS 0x00000000e9e00000, 0x00000000e9e00000| Untracked 
| 159|0x00000000e9f00000, 0x00000000e9f64aa0, 0x00000000ea000000| 39%| S|CS|TAMS 0x00000000e9f00000, 0x00000000e9f00000| Complete 
| 160|0x00000000ea000000, 0x00000000ea100000, 0x00000000ea100000|100%| S|CS|TAMS 0x00000000ea000000, 0x00000000ea000000| Complete 
| 161|0x00000000ea100000, 0x00000000ea200000, 0x00000000ea200000|100%| S|CS|TAMS 0x00000000ea100000, 0x00000000ea100000| Complete 
| 162|0x00000000ea200000, 0x00000000ea300000, 0x00000000ea300000|100%| S|CS|TAMS 0x00000000ea200000, 0x00000000ea200000| Complete 
| 163|0x00000000ea300000, 0x00000000ea400000, 0x00000000ea400000|100%| S|CS|TAMS 0x00000000ea300000, 0x00000000ea300000| Complete 
| 164|0x00000000ea400000, 0x00000000ea500000, 0x00000000ea500000|100%| S|CS|TAMS 0x00000000ea400000, 0x00000000ea400000| Complete 
| 165|0x00000000ea500000, 0x00000000ea600000, 0x00000000ea600000|100%| S|CS|TAMS 0x00000000ea500000, 0x00000000ea500000| Complete 
| 166|0x00000000ea600000, 0x00000000ea700000, 0x00000000ea700000|100%| S|CS|TAMS 0x00000000ea600000, 0x00000000ea600000| Complete 
| 167|0x00000000ea700000, 0x00000000ea800000, 0x00000000ea800000|100%| S|CS|TAMS 0x00000000ea700000, 0x00000000ea700000| Complete 
| 168|0x00000000ea800000, 0x00000000ea800000, 0x00000000ea900000|  0%| F|  |TAMS 0x00000000ea800000, 0x00000000ea800000| Untracked 
| 169|0x00000000ea900000, 0x00000000ea900000, 0x00000000eaa00000|  0%| F|  |TAMS 0x00000000ea900000, 0x00000000ea900000| Untracked 
| 170|0x00000000eaa00000, 0x00000000eaa00000, 0x00000000eab00000|  0%| F|  |TAMS 0x00000000eaa00000, 0x00000000eaa00000| Untracked 
| 171|0x00000000eab00000, 0x00000000eac00000, 0x00000000eac00000|100%| S|CS|TAMS 0x00000000eab00000, 0x00000000eab00000| Complete 
| 172|0x00000000eac00000, 0x00000000eac00000, 0x00000000ead00000|  0%| F|  |TAMS 0x00000000eac00000, 0x00000000eac00000| Untracked 
| 173|0x00000000ead00000, 0x00000000ead00000, 0x00000000eae00000|  0%| F|  |TAMS 0x00000000ead00000, 0x00000000ead00000| Untracked 
| 174|0x00000000eae00000, 0x00000000eae00000, 0x00000000eaf00000|  0%| F|  |TAMS 0x00000000eae00000, 0x00000000eae00000| Untracked 
| 175|0x00000000eaf00000, 0x00000000eaf00000, 0x00000000eb000000|  0%| F|  |TAMS 0x00000000eaf00000, 0x00000000eaf00000| Untracked 
| 176|0x00000000eb000000, 0x00000000eb000000, 0x00000000eb100000|  0%| F|  |TAMS 0x00000000eb000000, 0x00000000eb000000| Untracked 
| 177|0x00000000eb100000, 0x00000000eb100000, 0x00000000eb200000|  0%| F|  |TAMS 0x00000000eb100000, 0x00000000eb100000| Untracked 
| 178|0x00000000eb200000, 0x00000000eb200000, 0x00000000eb300000|  0%| F|  |TAMS 0x00000000eb200000, 0x00000000eb200000| Untracked 
| 179|0x00000000eb300000, 0x00000000eb300000, 0x00000000eb400000|  0%| F|  |TAMS 0x00000000eb300000, 0x00000000eb300000| Untracked 
| 180|0x00000000eb400000, 0x00000000eb400000, 0x00000000eb500000|  0%| F|  |TAMS 0x00000000eb400000, 0x00000000eb400000| Untracked 
| 181|0x00000000eb500000, 0x00000000eb500000, 0x00000000eb600000|  0%| F|  |TAMS 0x00000000eb500000, 0x00000000eb500000| Untracked 
| 182|0x00000000eb600000, 0x00000000eb600000, 0x00000000eb700000|  0%| F|  |TAMS 0x00000000eb600000, 0x00000000eb600000| Untracked 
| 183|0x00000000eb700000, 0x00000000eb700000, 0x00000000eb800000|  0%| F|  |TAMS 0x00000000eb700000, 0x00000000eb700000| Untracked 
| 184|0x00000000eb800000, 0x00000000eb800000, 0x00000000eb900000|  0%| F|  |TAMS 0x00000000eb800000, 0x00000000eb800000| Untracked 
| 185|0x00000000eb900000, 0x00000000eb900000, 0x00000000eba00000|  0%| F|  |TAMS 0x00000000eb900000, 0x00000000eb900000| Untracked 
| 186|0x00000000eba00000, 0x00000000eba00000, 0x00000000ebb00000|  0%| F|  |TAMS 0x00000000eba00000, 0x00000000eba00000| Untracked 
| 187|0x00000000ebb00000, 0x00000000ebb00000, 0x00000000ebc00000|  0%| F|  |TAMS 0x00000000ebb00000, 0x00000000ebb00000| Untracked 
| 188|0x00000000ebc00000, 0x00000000ebc00000, 0x00000000ebd00000|  0%| F|  |TAMS 0x00000000ebc00000, 0x00000000ebc00000| Untracked 
| 189|0x00000000ebd00000, 0x00000000ebd00000, 0x00000000ebe00000|  0%| F|  |TAMS 0x00000000ebd00000, 0x00000000ebd00000| Untracked 
| 190|0x00000000ebe00000, 0x00000000ebe00000, 0x00000000ebf00000|  0%| F|  |TAMS 0x00000000ebe00000, 0x00000000ebe00000| Untracked 
| 191|0x00000000ebf00000, 0x00000000ebf00000, 0x00000000ec000000|  0%| F|  |TAMS 0x00000000ebf00000, 0x00000000ebf00000| Untracked 
| 192|0x00000000ec000000, 0x00000000ec000000, 0x00000000ec100000|  0%| F|  |TAMS 0x00000000ec000000, 0x00000000ec000000| Untracked 
| 193|0x00000000ec100000, 0x00000000ec100000, 0x00000000ec200000|  0%| F|  |TAMS 0x00000000ec100000, 0x00000000ec100000| Untracked 
| 194|0x00000000ec200000, 0x00000000ec200000, 0x00000000ec300000|  0%| F|  |TAMS 0x00000000ec200000, 0x00000000ec200000| Untracked 
| 195|0x00000000ec300000, 0x00000000ec300000, 0x00000000ec400000|  0%| F|  |TAMS 0x00000000ec300000, 0x00000000ec300000| Untracked 
| 196|0x00000000ec400000, 0x00000000ec400000, 0x00000000ec500000|  0%| F|  |TAMS 0x00000000ec400000, 0x00000000ec400000| Untracked 
| 197|0x00000000ec500000, 0x00000000ec500000, 0x00000000ec600000|  0%| F|  |TAMS 0x00000000ec500000, 0x00000000ec500000| Untracked 
| 198|0x00000000ec600000, 0x00000000ec600000, 0x00000000ec700000|  0%| F|  |TAMS 0x00000000ec600000, 0x00000000ec600000| Untracked 
| 199|0x00000000ec700000, 0x00000000ec700000, 0x00000000ec800000|  0%| F|  |TAMS 0x00000000ec700000, 0x00000000ec700000| Untracked 
| 200|0x00000000ec800000, 0x00000000ec800000, 0x00000000ec900000|  0%| F|  |TAMS 0x00000000ec800000, 0x00000000ec800000| Untracked 
| 201|0x00000000ec900000, 0x00000000ec954628, 0x00000000eca00000| 32%| E|  |TAMS 0x00000000ec900000, 0x00000000ec900000| Complete 
| 202|0x00000000eca00000, 0x00000000ecb00000, 0x00000000ecb00000|100%| E|CS|TAMS 0x00000000eca00000, 0x00000000eca00000| Complete 
| 203|0x00000000ecb00000, 0x00000000ecc00000, 0x00000000ecc00000|100%| E|CS|TAMS 0x00000000ecb00000, 0x00000000ecb00000| Complete 
| 204|0x00000000ecc00000, 0x00000000ecd00000, 0x00000000ecd00000|100%| E|CS|TAMS 0x00000000ecc00000, 0x00000000ecc00000| Complete 
| 205|0x00000000ecd00000, 0x00000000ece00000, 0x00000000ece00000|100%| E|CS|TAMS 0x00000000ecd00000, 0x00000000ecd00000| Complete 
| 206|0x00000000ece00000, 0x00000000ecf00000, 0x00000000ecf00000|100%| E|CS|TAMS 0x00000000ece00000, 0x00000000ece00000| Complete 
| 207|0x00000000ecf00000, 0x00000000ed000000, 0x00000000ed000000|100%| E|CS|TAMS 0x00000000ecf00000, 0x00000000ecf00000| Complete 
| 208|0x00000000ed000000, 0x00000000ed100000, 0x00000000ed100000|100%| E|CS|TAMS 0x00000000ed000000, 0x00000000ed000000| Complete 
| 209|0x00000000ed100000, 0x00000000ed200000, 0x00000000ed200000|100%| E|CS|TAMS 0x00000000ed100000, 0x00000000ed100000| Complete 
| 210|0x00000000ed200000, 0x00000000ed300000, 0x00000000ed300000|100%| E|CS|TAMS 0x00000000ed200000, 0x00000000ed200000| Complete 
| 211|0x00000000ed300000, 0x00000000ed400000, 0x00000000ed400000|100%| E|CS|TAMS 0x00000000ed300000, 0x00000000ed300000| Complete 
| 212|0x00000000ed400000, 0x00000000ed500000, 0x00000000ed500000|100%| E|CS|TAMS 0x00000000ed400000, 0x00000000ed400000| Complete 
| 213|0x00000000ed500000, 0x00000000ed600000, 0x00000000ed600000|100%| E|CS|TAMS 0x00000000ed500000, 0x00000000ed500000| Complete 
| 214|0x00000000ed600000, 0x00000000ed700000, 0x00000000ed700000|100%| E|CS|TAMS 0x00000000ed600000, 0x00000000ed600000| Complete 
| 215|0x00000000ed700000, 0x00000000ed800000, 0x00000000ed800000|100%| E|CS|TAMS 0x00000000ed700000, 0x00000000ed700000| Complete 
| 216|0x00000000ed800000, 0x00000000ed900000, 0x00000000ed900000|100%| E|CS|TAMS 0x00000000ed800000, 0x00000000ed800000| Complete 
| 217|0x00000000ed900000, 0x00000000eda00000, 0x00000000eda00000|100%| E|CS|TAMS 0x00000000ed900000, 0x00000000ed900000| Complete 
| 218|0x00000000eda00000, 0x00000000edb00000, 0x00000000edb00000|100%| E|CS|TAMS 0x00000000eda00000, 0x00000000eda00000| Complete 
| 219|0x00000000edb00000, 0x00000000edc00000, 0x00000000edc00000|100%| E|CS|TAMS 0x00000000edb00000, 0x00000000edb00000| Complete 
| 220|0x00000000edc00000, 0x00000000edd00000, 0x00000000edd00000|100%| E|CS|TAMS 0x00000000edc00000, 0x00000000edc00000| Complete 
| 221|0x00000000edd00000, 0x00000000ede00000, 0x00000000ede00000|100%| E|CS|TAMS 0x00000000edd00000, 0x00000000edd00000| Complete 
| 222|0x00000000ede00000, 0x00000000edf00000, 0x00000000edf00000|100%| E|  |TAMS 0x00000000ede00000, 0x00000000ede00000| Complete 
| 223|0x00000000edf00000, 0x00000000ee000000, 0x00000000ee000000|100%| E|CS|TAMS 0x00000000edf00000, 0x00000000edf00000| Complete 
| 224|0x00000000ee000000, 0x00000000ee100000, 0x00000000ee100000|100%| E|CS|TAMS 0x00000000ee000000, 0x00000000ee000000| Complete 
| 225|0x00000000ee100000, 0x00000000ee200000, 0x00000000ee200000|100%| E|CS|TAMS 0x00000000ee100000, 0x00000000ee100000| Complete 
| 226|0x00000000ee200000, 0x00000000ee300000, 0x00000000ee300000|100%| E|CS|TAMS 0x00000000ee200000, 0x00000000ee200000| Complete 
| 227|0x00000000ee300000, 0x00000000ee400000, 0x00000000ee400000|100%| E|CS|TAMS 0x00000000ee300000, 0x00000000ee300000| Complete 
| 228|0x00000000ee400000, 0x00000000ee500000, 0x00000000ee500000|100%| E|CS|TAMS 0x00000000ee400000, 0x00000000ee400000| Complete 
| 229|0x00000000ee500000, 0x00000000ee600000, 0x00000000ee600000|100%| E|CS|TAMS 0x00000000ee500000, 0x00000000ee500000| Complete 
| 230|0x00000000ee600000, 0x00000000ee700000, 0x00000000ee700000|100%| E|CS|TAMS 0x00000000ee600000, 0x00000000ee600000| Complete 
| 231|0x00000000ee700000, 0x00000000ee800000, 0x00000000ee800000|100%| E|CS|TAMS 0x00000000ee700000, 0x00000000ee700000| Complete 
| 232|0x00000000ee800000, 0x00000000ee900000, 0x00000000ee900000|100%| E|CS|TAMS 0x00000000ee800000, 0x00000000ee800000| Complete 
| 233|0x00000000ee900000, 0x00000000eea00000, 0x00000000eea00000|100%| E|CS|TAMS 0x00000000ee900000, 0x00000000ee900000| Complete 
| 234|0x00000000eea00000, 0x00000000eeb00000, 0x00000000eeb00000|100%| E|CS|TAMS 0x00000000eea00000, 0x00000000eea00000| Complete 
| 235|0x00000000eeb00000, 0x00000000eec00000, 0x00000000eec00000|100%| E|CS|TAMS 0x00000000eeb00000, 0x00000000eeb00000| Complete 
| 236|0x00000000eec00000, 0x00000000eed00000, 0x00000000eed00000|100%| E|CS|TAMS 0x00000000eec00000, 0x00000000eec00000| Complete 
| 237|0x00000000eed00000, 0x00000000eee00000, 0x00000000eee00000|100%| E|CS|TAMS 0x00000000eed00000, 0x00000000eed00000| Complete 
| 238|0x00000000eee00000, 0x00000000eef00000, 0x00000000eef00000|100%| E|CS|TAMS 0x00000000eee00000, 0x00000000eee00000| Complete 
| 239|0x00000000eef00000, 0x00000000ef000000, 0x00000000ef000000|100%| E|CS|TAMS 0x00000000eef00000, 0x00000000eef00000| Complete 
| 240|0x00000000ef000000, 0x00000000ef100000, 0x00000000ef100000|100%| E|CS|TAMS 0x00000000ef000000, 0x00000000ef000000| Complete 
| 241|0x00000000ef100000, 0x00000000ef200000, 0x00000000ef200000|100%| E|CS|TAMS 0x00000000ef100000, 0x00000000ef100000| Complete 
| 242|0x00000000ef200000, 0x00000000ef300000, 0x00000000ef300000|100%| E|CS|TAMS 0x00000000ef200000, 0x00000000ef200000| Complete 
| 243|0x00000000ef300000, 0x00000000ef400000, 0x00000000ef400000|100%| E|CS|TAMS 0x00000000ef300000, 0x00000000ef300000| Complete 
| 244|0x00000000ef400000, 0x00000000ef500000, 0x00000000ef500000|100%| E|CS|TAMS 0x00000000ef400000, 0x00000000ef400000| Complete 
| 245|0x00000000ef500000, 0x00000000ef600000, 0x00000000ef600000|100%| E|CS|TAMS 0x00000000ef500000, 0x00000000ef500000| Complete 
| 246|0x00000000ef600000, 0x00000000ef700000, 0x00000000ef700000|100%| E|CS|TAMS 0x00000000ef600000, 0x00000000ef600000| Complete 
| 247|0x00000000ef700000, 0x00000000ef800000, 0x00000000ef800000|100%| E|CS|TAMS 0x00000000ef700000, 0x00000000ef700000| Complete 
| 248|0x00000000ef800000, 0x00000000ef900000, 0x00000000ef900000|100%| E|CS|TAMS 0x00000000ef800000, 0x00000000ef800000| Complete 
| 249|0x00000000ef900000, 0x00000000efa00000, 0x00000000efa00000|100%| E|CS|TAMS 0x00000000ef900000, 0x00000000ef900000| Complete 
| 250|0x00000000efa00000, 0x00000000efb00000, 0x00000000efb00000|100%| E|CS|TAMS 0x00000000efa00000, 0x00000000efa00000| Complete 
| 251|0x00000000efb00000, 0x00000000efc00000, 0x00000000efc00000|100%| E|CS|TAMS 0x00000000efb00000, 0x00000000efb00000| Complete 
| 252|0x00000000efc00000, 0x00000000efd00000, 0x00000000efd00000|100%| E|CS|TAMS 0x00000000efc00000, 0x00000000efc00000| Complete 
| 253|0x00000000efd00000, 0x00000000efe00000, 0x00000000efe00000|100%| E|CS|TAMS 0x00000000efd00000, 0x00000000efd00000| Complete 
| 254|0x00000000efe00000, 0x00000000eff00000, 0x00000000eff00000|100%| E|CS|TAMS 0x00000000efe00000, 0x00000000efe00000| Complete 
| 255|0x00000000eff00000, 0x00000000f0000000, 0x00000000f0000000|100%| E|CS|TAMS 0x00000000eff00000, 0x00000000eff00000| Complete 

Card table byte_map: [0x000001ae61a70000,0x000001ae61b70000] _byte_map_base: 0x000001ae61370000

Marking Bits (Prev, Next): (CMBitMap*) 0x000001ae4a706518, (CMBitMap*) 0x000001ae4a7064d8
 Prev Bits: [0x000001ae62470000, 0x000001ae62c70000)
 Next Bits: [0x000001ae61c70000, 0x000001ae62470000)

Polling page: 0x000001ae48440000

Metaspace:

Usage:
  Non-class:     60.73 MB capacity,    59.03 MB ( 97%) used,     1.43 MB (  2%) free+waste,   276.63 KB ( <1%) overhead. 
      Class:      9.22 MB capacity,     8.32 MB ( 90%) used,   801.48 KB (  8%) free+waste,   123.56 KB (  1%) overhead. 
       Both:     69.95 MB capacity,    67.35 MB ( 96%) used,     2.21 MB (  3%) free+waste,   400.19 KB ( <1%) overhead. 

Virtual space:
  Non-class space:       68.00 MB reserved,      67.17 MB ( 99%) committed 
      Class space:      248.00 MB reserved,      10.13 MB (  4%) committed 
             Both:      316.00 MB reserved,      77.29 MB ( 24%) committed 

Chunk freelists:
   Non-Class:  800.00 KB
       Class:  115.75 KB
        Both:  915.75 KB

CodeHeap 'non-profiled nmethods': size=120064Kb used=15073Kb max_used=15073Kb free=104990Kb
 bounds [0x000001ae5a530000, 0x000001ae5b3f0000, 0x000001ae61a70000]
CodeHeap 'profiled nmethods': size=120000Kb used=36260Kb max_used=37187Kb free=83739Kb
 bounds [0x000001ae53000000, 0x000001ae554a0000, 0x000001ae5a530000]
CodeHeap 'non-nmethods': size=5696Kb used=2291Kb max_used=2358Kb free=3404Kb
 bounds [0x000001ae52a70000, 0x000001ae52ce0000, 0x000001ae53000000]
 total_blobs=26794 nmethods=15601 adapters=784
 compilation: enabled
              stopped_count=0, restarted_count=0
 full_count=0

Compilation events (10 events):
Event: 16855.975 Thread 0x000001ae65b36800 nmethod 19386 0x000001ae53259110 code [0x000001ae532592c0, 0x000001ae53259478]
Event: 16855.977 Thread 0x000001ae652ad800 nmethod 19375 0x000001ae5b3e8710 code [0x000001ae5b3e8920, 0x000001ae5b3e8d50]
Event: 16855.977 Thread 0x000001ae652ad800 19384       4       java.util.TimSort::binarySort (223 bytes)
Event: 16855.979 Thread 0x000001ae65b36800 19388       3       java.io.File::mkdir (33 bytes)
Event: 16855.980 Thread 0x000001ae65b36800 nmethod 19388 0x000001ae53782510 code [0x000001ae53782720, 0x000001ae53782b90]
Event: 16856.006 Thread 0x000001ae652ad800 nmethod 19384 0x000001ae5b3e9510 code [0x000001ae5b3e96c0, 0x000001ae5b3ea0f8]
Event: 16856.006 Thread 0x000001ae652ad800 19383       4       org.gradle.internal.typeconversion.NotationParserBuilder::<init> (31 bytes)
Event: 16856.013 Thread 0x000001ae652ad800 nmethod 19383 0x000001ae5b3ea490 code [0x000001ae5b3ea640, 0x000001ae5b3ea998]
Event: 16856.094 Thread 0x000001ae65b36800 19389       3       sun.security.provider.DigestBase::engineUpdate (32 bytes)
Event: 16856.094 Thread 0x000001ae65b36800 nmethod 19389 0x000001ae537f3790 code [0x000001ae537f3960, 0x000001ae537f3cb0]

GC Heap History (10 events):
Event: 14937.402 GC heap before
{Heap before GC invocations=47 (full 0):
 garbage-first heap   total 262144K, used 214595K [0x00000000e0000000, 0x0000000100000000)
  region size 1024K, 100 young (102400K), 1 survivors (1024K)
 Metaspace       used 73855K, capacity 76913K, committed 77228K, reserved 321536K
  class space    used 9128K, capacity 10146K, committed 10240K, reserved 253952K
}
Event: 14937.424 GC heap after
{Heap after GC invocations=48 (full 0):
 garbage-first heap   total 262144K, used 112489K [0x00000000e0000000, 0x0000000100000000)
  region size 1024K, 1 young (1024K), 1 survivors (1024K)
 Metaspace       used 73855K, capacity 76913K, committed 77228K, reserved 321536K
  class space    used 9128K, capacity 10146K, committed 10240K, reserved 253952K
}
Event: 16845.960 GC heap before
{Heap before GC invocations=48 (full 0):
 garbage-first heap   total 262144K, used 215913K [0x00000000e0000000, 0x0000000100000000)
  region size 1024K, 103 young (105472K), 1 survivors (1024K)
 Metaspace       used 74019K, capacity 77106K, committed 77228K, reserved 321536K
  class space    used 9149K, capacity 10146K, committed 10240K, reserved 253952K
}
Event: 16845.981 GC heap after
{Heap after GC invocations=49 (full 0):
 garbage-first heap   total 262144K, used 116340K [0x00000000e0000000, 0x0000000100000000)
  region size 1024K, 5 young (5120K), 5 survivors (5120K)
 Metaspace       used 74019K, capacity 77106K, committed 77228K, reserved 321536K
  class space    used 9149K, capacity 10146K, committed 10240K, reserved 253952K
}
Event: 16847.526 GC heap before
{Heap before GC invocations=49 (full 0):
 garbage-first heap   total 262144K, used 216692K [0x00000000e0000000, 0x0000000100000000)
  region size 1024K, 104 young (106496K), 5 survivors (5120K)
 Metaspace       used 74494K, capacity 77654K, committed 77740K, reserved 321536K
  class space    used 9211K, capacity 10222K, committed 10240K, reserved 253952K
}
Event: 16847.593 GC heap after
{Heap after GC invocations=50 (full 0):
 garbage-first heap   total 262144K, used 127763K [0x00000000e0000000, 0x0000000100000000)
  region size 1024K, 13 young (13312K), 13 survivors (13312K)
 Metaspace       used 74494K, capacity 77654K, committed 77740K, reserved 321536K
  class space    used 9211K, capacity 10222K, committed 10240K, reserved 253952K
}
Event: 16849.077 GC heap before
{Heap before GC invocations=50 (full 0):
 garbage-first heap   total 262144K, used 213779K [0x00000000e0000000, 0x0000000100000000)
  region size 1024K, 98 young (100352K), 13 survivors (13312K)
 Metaspace       used 75748K, capacity 78894K, committed 79148K, reserved 323584K
  class space    used 9346K, capacity 10353K, committed 10368K, reserved 253952K
}
Event: 16849.173 GC heap after
{Heap after GC invocations=51 (full 0):
 garbage-first heap   total 262144K, used 130167K [0x00000000e0000000, 0x0000000100000000)
  region size 1024K, 3 young (3072K), 3 survivors (3072K)
 Metaspace       used 75748K, capacity 78894K, committed 79148K, reserved 323584K
  class space    used 9346K, capacity 10353K, committed 10368K, reserved 253952K
}
Event: 16855.026 GC heap before
{Heap before GC invocations=51 (full 0):
 garbage-first heap   total 262144K, used 215159K [0x00000000e0000000, 0x0000000100000000)
  region size 1024K, 87 young (89088K), 3 survivors (3072K)
 Metaspace       used 75768K, capacity 78896K, committed 79148K, reserved 323584K
  class space    used 9347K, capacity 10353K, committed 10368K, reserved 253952K
}
Event: 16855.053 GC heap after
{Heap after GC invocations=52 (full 0):
 garbage-first heap   total 262144K, used 136766K [0x00000000e0000000, 0x0000000100000000)
  region size 1024K, 10 young (10240K), 10 survivors (10240K)
 Metaspace       used 75768K, capacity 78896K, committed 79148K, reserved 323584K
  class space    used 9347K, capacity 10353K, committed 10368K, reserved 253952K
}

Deoptimization events (10 events):
Event: 16835.725 Thread 0x000001ae68455800 Uncommon trap: reason=bimorphic_or_optimized_type_check action=maybe_recompile pc=0x000001ae5afb9240 method=com.google.common.collect.AbstractMapBasedMultimap.iteratorOrListIterator(Ljava/util/Collection;)Ljava/util/Iterator; @ 20 c2
Event: 16846.610 Thread 0x000001ae68455800 Uncommon trap: reason=array_check action=maybe_recompile pc=0x000001ae5b2ddabc method=java.util.TimSort.binarySort([Ljava/lang/Object;IIILjava/util/Comparator;)V @ 215 c2
Event: 16846.611 Thread 0x000001ae68455800 Uncommon trap: reason=array_check action=maybe_recompile pc=0x000001ae5b2ddabc method=java.util.TimSort.binarySort([Ljava/lang/Object;IIILjava/util/Comparator;)V @ 215 c2
Event: 16848.706 Thread 0x000001ae6c211800 Uncommon trap: reason=unstable_if action=reinterpret pc=0x000001ae5b17bf88 method=org.gradle.internal.time.MonotonicClock.syncIsDue(JJJ)Z @ 19 c2
Event: 16849.810 Thread 0x000001ae68457000 Uncommon trap: reason=profile_predicate action=maybe_recompile pc=0x000001ae5b0ac1bc method=org.springframework.util.StreamUtils.copy(Ljava/io/InputStream;Ljava/io/OutputStream;)I @ 29 c2
Event: 16849.920 Thread 0x000001ae68457000 Uncommon trap: reason=profile_predicate action=maybe_recompile pc=0x000001ae5b0ac1bc method=org.springframework.util.StreamUtils.copy(Ljava/io/InputStream;Ljava/io/OutputStream;)I @ 29 c2
Event: 16849.989 Thread 0x000001ae68457000 Uncommon trap: reason=profile_predicate action=maybe_recompile pc=0x000001ae5b0ac1bc method=org.springframework.util.StreamUtils.copy(Ljava/io/InputStream;Ljava/io/OutputStream;)I @ 29 c2
Event: 16850.032 Thread 0x000001ae68457000 Uncommon trap: reason=profile_predicate action=maybe_recompile pc=0x000001ae5b0ac1bc method=org.springframework.util.StreamUtils.copy(Ljava/io/InputStream;Ljava/io/OutputStream;)I @ 29 c2
Event: 16854.791 Thread 0x000001ae68455800 Uncommon trap: reason=array_check action=maybe_recompile pc=0x000001ae5b37bfcc method=java.util.TimSort.binarySort([Ljava/lang/Object;IIILjava/util/Comparator;)V @ 183 c2
Event: 16854.791 Thread 0x000001ae68455800 Uncommon trap: reason=array_check action=maybe_recompile pc=0x000001ae5b37bfcc method=java.util.TimSort.binarySort([Ljava/lang/Object;IIILjava/util/Comparator;)V @ 183 c2

Classes redefined (0 events):
No events

Internal exceptions (10 events):
Event: 16855.452 Thread 0x000001ae68455800 Exception <a 'sun/nio/fs/WindowsException'{0x00000000ee4a95d0}> (0x00000000ee4a95d0) thrown at [t:/workspace/open/src/hotspot/share/prims/jni.cpp, line 615]
Event: 16855.452 Thread 0x000001ae68455800 Exception <a 'sun/nio/fs/WindowsException'{0x00000000ee4a9888}> (0x00000000ee4a9888) thrown at [t:/workspace/open/src/hotspot/share/prims/jni.cpp, line 615]
Event: 16855.452 Thread 0x000001ae68455800 Exception <a 'sun/nio/fs/WindowsException'{0x00000000ee4adba0}> (0x00000000ee4adba0) thrown at [t:/workspace/open/src/hotspot/share/prims/jni.cpp, line 615]
Event: 16855.453 Thread 0x000001ae68455800 Exception <a 'sun/nio/fs/WindowsException'{0x00000000ee4ade40}> (0x00000000ee4ade40) thrown at [t:/workspace/open/src/hotspot/share/prims/jni.cpp, line 615]
Event: 16855.477 Thread 0x000001ae68455800 Exception <a 'sun/nio/fs/WindowsException'{0x00000000ee3344c0}> (0x00000000ee3344c0) thrown at [t:/workspace/open/src/hotspot/share/prims/jni.cpp, line 615]
Event: 16855.477 Thread 0x000001ae68455800 Exception <a 'sun/nio/fs/WindowsException'{0x00000000ee334778}> (0x00000000ee334778) thrown at [t:/workspace/open/src/hotspot/share/prims/jni.cpp, line 615]
Event: 16855.478 Thread 0x000001ae68455800 Exception <a 'sun/nio/fs/WindowsException'{0x00000000ee338540}> (0x00000000ee338540) thrown at [t:/workspace/open/src/hotspot/share/prims/jni.cpp, line 615]
Event: 16855.478 Thread 0x000001ae68455800 Exception <a 'sun/nio/fs/WindowsException'{0x00000000ee3387e0}> (0x00000000ee3387e0) thrown at [t:/workspace/open/src/hotspot/share/prims/jni.cpp, line 615]
Event: 16855.507 Thread 0x000001ae68455800 Exception <a 'sun/nio/fs/WindowsException'{0x00000000ee13de90}> (0x00000000ee13de90) thrown at [t:/workspace/open/src/hotspot/share/prims/jni.cpp, line 615]
Event: 16855.508 Thread 0x000001ae68455800 Exception <a 'sun/nio/fs/WindowsException'{0x00000000ee13f848}> (0x00000000ee13f848) thrown at [t:/workspace/open/src/hotspot/share/prims/jni.cpp, line 615]

Events (10 events):
Event: 16856.029 Thread 0x000001ae68458800 Thread added: 0x000001ae68458800
Event: 16856.029 loading class org/gradle/api/internal/tasks/testing/TestClassProcessor
Event: 16856.029 loading class org/gradle/api/internal/tasks/testing/TestClassProcessor done
Event: 16856.093 Thread 0x000001ae68459800 Thread added: 0x000001ae68459800
Event: 16856.135 Thread 0x000001ae6845b000 Thread added: 0x000001ae6845b000
Event: 16856.148 Thread 0x000001ae6845a800 Thread added: 0x000001ae6845a800
Event: 16856.149 Thread 0x000001ae6845c000 Thread added: 0x000001ae6845c000
Event: 16856.149 Thread 0x000001ae68f9c800 Thread added: 0x000001ae68f9c800
Event: 16856.149 Thread 0x000001ae68f9d000 Thread added: 0x000001ae68f9d000
Event: 16856.701 Executing VM operation: G1Concurrent


Dynamic libraries:
0x00007ff704450000 - 0x00007ff70445f000 	C:\Program Files\Java\jdk-12.0.1\bin\java.exe
0x00007ffb62ca0000 - 0x00007ffb62e90000 	C:\WINDOWS\SYSTEM32\ntdll.dll
0x00007ffb62a30000 - 0x00007ffb62ae2000 	C:\WINDOWS\System32\KERNEL32.DLL
0x00007ffb5fea0000 - 0x00007ffb60145000 	C:\WINDOWS\System32\KERNELBASE.dll
0x00007ffb5fcc0000 - 0x00007ffb5fdba000 	C:\WINDOWS\System32\ucrtbase.dll
0x00007ffb56cb0000 - 0x00007ffb56cc6000 	C:\Program Files\Java\jdk-12.0.1\bin\VCRUNTIME140.dll
0x00007ffb56c90000 - 0x00007ffb56ca8000 	C:\Program Files\Java\jdk-12.0.1\bin\jli.dll
0x00007ffb62ba0000 - 0x00007ffb62c43000 	C:\WINDOWS\System32\ADVAPI32.dll
0x00007ffb627e0000 - 0x00007ffb6287e000 	C:\WINDOWS\System32\msvcrt.dll
0x00007ffb62620000 - 0x00007ffb626b7000 	C:\WINDOWS\System32\sechost.dll
0x00007ffb626c0000 - 0x00007ffb627e0000 	C:\WINDOWS\System32\RPCRT4.dll
0x00007ffb61890000 - 0x00007ffb61a24000 	C:\WINDOWS\System32\USER32.dll
0x00007ffb5fdc0000 - 0x00007ffb5fde1000 	C:\WINDOWS\System32\win32u.dll
0x00007ffb62590000 - 0x00007ffb625b6000 	C:\WINDOWS\System32\GDI32.dll
0x00007ffb60b50000 - 0x00007ffb60ce6000 	C:\WINDOWS\System32\gdi32full.dll
0x00007ffb60150000 - 0x00007ffb601ee000 	C:\WINDOWS\System32\msvcp_win.dll
0x00007ffb53a00000 - 0x00007ffb53c84000 	C:\WINDOWS\WinSxS\amd64_microsoft.windows.common-controls_6595b64144ccf1df_6.0.18362.1256_none_9e7e379be45e40e2\COMCTL32.dll
0x00007ffb5f8e0000 - 0x00007ffb5f8ea000 	C:\WINDOWS\SYSTEM32\VERSION.dll
0x00007ffb61550000 - 0x00007ffb61886000 	C:\WINDOWS\System32\combase.dll
0x00007ffb5fe10000 - 0x00007ffb5fe91000 	C:\WINDOWS\System32\bcryptPrimitives.dll
0x00007ffb61ca0000 - 0x00007ffb61cce000 	C:\WINDOWS\System32\IMM32.DLL
0x00007ffb5f8f0000 - 0x00007ffb5f926000 	C:\WINDOWS\system32\DriverStore\FileRepository\nvfm.inf_amd64_76974c92c44bbb6b\nvinitx.dll
0x00007ffb61d40000 - 0x00007ffb62427000 	C:\WINDOWS\System32\Shell32.dll
0x00007ffb60b00000 - 0x00007ffb60b4a000 	C:\WINDOWS\System32\cfgmgr32.dll
0x00007ffb60d50000 - 0x00007ffb60df9000 	C:\WINDOWS\System32\shcore.dll
0x00007ffb60220000 - 0x00007ffb609a1000 	C:\WINDOWS\System32\windows.storage.dll
0x00007ffb5fbc0000 - 0x00007ffb5fbe3000 	C:\WINDOWS\System32\profapi.dll
0x00007ffb5fb70000 - 0x00007ffb5fbba000 	C:\WINDOWS\System32\powrprof.dll
0x00007ffb5fb40000 - 0x00007ffb5fb50000 	C:\WINDOWS\System32\UMPDC.dll
0x00007ffb629d0000 - 0x00007ffb62a22000 	C:\WINDOWS\System32\shlwapi.dll
0x00007ffb5fb50000 - 0x00007ffb5fb61000 	C:\WINDOWS\System32\kernel.appcore.dll
0x00007ffb5fdf0000 - 0x00007ffb5fe07000 	C:\WINDOWS\System32\cryptsp.dll
0x0000000067470000 - 0x0000000067476000 	C:\Program Files\NVIDIA Corporation\CoProcManager\_etoured.dll
0x00007ffb55350000 - 0x00007ffb55393000 	C:\Program Files\NVIDIA Corporation\CoProcManager\nvd3d9wrapx.dll
0x00007ffb60fd0000 - 0x00007ffb61440000 	C:\WINDOWS\System32\SETUPAPI.dll
0x00007ffb601f0000 - 0x00007ffb60216000 	C:\WINDOWS\System32\bcrypt.dll
0x00007ffb5e6f0000 - 0x00007ffb5e710000 	C:\WINDOWS\SYSTEM32\dxcore.dll
0x00007ffb55320000 - 0x00007ffb5534d000 	C:\Program Files\NVIDIA Corporation\CoProcManager\nvdxgiwrapx.dll
0x00007ffb4a960000 - 0x00007ffb4aa0a000 	C:\Program Files\Java\jdk-12.0.1\bin\msvcp140.dll
0x00007ffb206a0000 - 0x00007ffb21214000 	C:\Program Files\Java\jdk-12.0.1\bin\server\jvm.dll
0x00007ffb62880000 - 0x00007ffb62888000 	C:\WINDOWS\System32\PSAPI.DLL
0x00007ffb5d840000 - 0x00007ffb5d864000 	C:\WINDOWS\SYSTEM32\WINMM.dll
0x00007ffb5d870000 - 0x00007ffb5d879000 	C:\WINDOWS\SYSTEM32\WSOCK32.dll
0x00007ffb62960000 - 0x00007ffb629cf000 	C:\WINDOWS\System32\ws2_32.DLL
0x00007ffb5d810000 - 0x00007ffb5d83d000 	C:\WINDOWS\SYSTEM32\WINMMBASE.dll
0x00007ffb52b80000 - 0x00007ffb52b91000 	C:\Program Files\Java\jdk-12.0.1\bin\verify.dll
0x00007ffb5e480000 - 0x00007ffb5e674000 	C:\WINDOWS\SYSTEM32\DBGHELP.DLL
0x00007ffb4ef90000 - 0x00007ffb4efba000 	C:\WINDOWS\SYSTEM32\dbgcore.DLL
0x00007ffb46b60000 - 0x00007ffb46b86000 	C:\Program Files\Java\jdk-12.0.1\bin\java.dll
0x00007ffb52b60000 - 0x00007ffb52b77000 	C:\Program Files\Java\jdk-12.0.1\bin\zip.dll
0x00007ffb5c120000 - 0x00007ffb5c12a000 	C:\Program Files\Java\jdk-12.0.1\bin\jimage.dll
0x00007ffb529b0000 - 0x00007ffb529c9000 	C:\Program Files\Java\jdk-12.0.1\bin\net.dll
0x00007ffb54300000 - 0x00007ffb543f0000 	C:\WINDOWS\SYSTEM32\WINHTTP.dll
0x00007ffb50c10000 - 0x00007ffb50de6000 	C:\WINDOWS\SYSTEM32\urlmon.dll
0x00007ffb51590000 - 0x00007ffb51837000 	C:\WINDOWS\SYSTEM32\iertutil.dll
0x00007ffb5f470000 - 0x00007ffb5f47c000 	C:\WINDOWS\SYSTEM32\CRYPTBASE.DLL
0x00007ffb5f290000 - 0x00007ffb5f2f7000 	C:\WINDOWS\system32\mswsock.dll
0x00007ffb4a940000 - 0x00007ffb4a953000 	C:\Program Files\Java\jdk-12.0.1\bin\nio.dll
0x00007ffb53260000 - 0x00007ffb53287000 	C:\Gradle\gradle-5.5\native\fdc75f09e3144964f2cf3f50f0aa648679c211496f362492102eb8c894070792\windows-amd64\native-platform.dll
0x00007ffb21de0000 - 0x00007ffb21f76000 	C:\Gradle\gradle-5.5\native\12488b8bf47d2d4c9fbf2f6322a914ad602e24e48041cd04a747c6da556b65c4\windows-amd64\native-platform-file-events.dll
0x00007ffb58660000 - 0x00007ffb58669000 	C:\Program Files\Java\jdk-12.0.1\bin\management.dll
0x00007ffb53250000 - 0x00007ffb5325c000 	C:\Program Files\Java\jdk-12.0.1\bin\management_ext.dll
0x00007ffb5ee10000 - 0x00007ffb5ee43000 	C:\WINDOWS\system32\rsaenh.dll
0x00007ffb5fa20000 - 0x00007ffb5fa45000 	C:\WINDOWS\SYSTEM32\USERENV.dll
0x00007ffb5efb0000 - 0x00007ffb5efea000 	C:\WINDOWS\SYSTEM32\IPHLPAPI.DLL
0x00007ffb61440000 - 0x00007ffb61448000 	C:\WINDOWS\System32\NSI.dll
0x00007ffb558d0000 - 0x00007ffb558e6000 	C:\WINDOWS\SYSTEM32\dhcpcsvc6.DLL
0x00007ffb558b0000 - 0x00007ffb558cc000 	C:\WINDOWS\SYSTEM32\dhcpcsvc.DLL
0x00007ffb5eff0000 - 0x00007ffb5f0bb000 	C:\WINDOWS\SYSTEM32\DNSAPI.dll
0x00007ffb55ac0000 - 0x00007ffb55acb000 	C:\WINDOWS\SYSTEM32\WINNSI.DLL

dbghelp: loaded successfully - version: 4.0.5 - missing functions: none
symbol engine: initialized successfully - sym options: 0x614 - pdb path: .;C:\Program Files\Java\jdk-12.0.1\bin;C:\WINDOWS\SYSTEM32;C:\WINDOWS\WinSxS\amd64_microsoft.windows.common-controls_6595b64144ccf1df_6.0.18362.1256_none_9e7e379be45e40e2;C:\WINDOWS\system32\DriverStore\FileRepository\nvfm.inf_amd64_76974c92c44bbb6b;C:\Program Files\NVIDIA Corporation\CoProcManager;C:\Program Files\Java\jdk-12.0.1\bin\server;C:\Gradle\gradle-5.5\native\fdc75f09e3144964f2cf3f50f0aa648679c211496f362492102eb8c894070792\windows-amd64;C:\Gradle\gradle-5.5\native\12488b8bf47d2d4c9fbf2f6322a914ad602e24e48041cd04a747c6da556b65c4\windows-amd64

VM Arguments:
jvm_args: --add-opens=java.base/java.util=ALL-UNNAMED --add-opens=java.base/java.lang=ALL-UNNAMED --add-opens=java.base/java.lang.invoke=ALL-UNNAMED --add-opens=java.prefs/java.util.prefs=ALL-UNNAMED -XX:MaxMetaspaceSize=256m -XX:+HeapDumpOnOutOfMemoryError -Xms256m -Xmx512m -Dfile.encoding=windows-1251 -Duser.country=RU -Duser.language=ru -Duser.variant 
java_command: org.gradle.launcher.daemon.bootstrap.GradleDaemon 6.7.1
java_class_path (initial): C:\Gradle\gradle-5.5\wrapper\dists\gradle-6.7.1-bin\bwlcbys1h7rz3272sye1xwiv6\gradle-6.7.1\lib\gradle-launcher-6.7.1.jar
Launcher Type: SUN_STANDARD

[Global flags]
     intx CICompilerCount                          = 3                                         {product} {ergonomic}
   size_t CompressedClassSpaceSize                 = 260046848                                 {product} {ergonomic}
     uint ConcGCThreads                            = 1                                         {product} {ergonomic}
     uint G1ConcRefinementThreads                  = 4                                         {product} {ergonomic}
   size_t G1HeapRegionSize                         = 1048576                                   {product} {ergonomic}
    uintx GCDrainStackTargetSize                   = 64                                        {product} {ergonomic}
     bool HeapDumpOnOutOfMemoryError               = true                                   {manageable} {command line}
   size_t InitialHeapSize                          = 268435456                                 {product} {command line}
   size_t MarkStackSize                            = 4194304                                   {product} {ergonomic}
   size_t MaxHeapSize                              = 536870912                                 {product} {command line}
   size_t MaxMetaspaceSize                         = 268435456                                 {product} {command line}
   size_t MaxNewSize                               = 321912832                                 {product} {ergonomic}
   size_t MinHeapDeltaBytes                        = 1048576                                   {product} {ergonomic}
    uintx NonNMethodCodeHeapSize                   = 5830732                                {pd product} {ergonomic}
    uintx NonProfiledCodeHeapSize                  = 122913754                              {pd product} {ergonomic}
    uintx ProfiledCodeHeapSize                     = 122913754                              {pd product} {ergonomic}
    uintx ReservedCodeCacheSize                    = 251658240                              {pd product} {ergonomic}
     bool SegmentedCodeCache                       = true                                      {product} {ergonomic}
     bool UseCompressedClassPointers               = true                                 {lp64_product} {ergonomic}
     bool UseCompressedOops                        = true                                 {lp64_product} {ergonomic}
     bool UseG1GC                                  = true                                      {product} {ergonomic}
     bool UseLargePagesIndividualAllocation        = false                                  {pd product} {ergonomic}

Logging:
Log output configuration:
 #0: stdout all=warning uptime,level,tags
 #1: stderr all=off uptime,level,tags

Environment Variables:
JAVA_HOME=C:\Program Files\Java\jdk-12.0.1
PATH=C:\ProgramData\DockerDesktop\version-bin;C:\Program Files\Docker\Docker\Resources\bin;C:\WINDOWS\system32;C:\WINDOWS;C:\WINDOWS\System32\Wbem;C:\WINDOWS\System32\WindowsPowerShell\v1.0\;C:\WINDOWS\System32\OpenSSH\;C:\Program Files\Git\cmd;C:\Gradle\gradle-5.5\bin;C:\Go\bin;C:\Program Files\MySQL\MySQL Shell 8.0\bin\;C:\Users\Diana\AppData\Local\Microsoft\WindowsApps;;C:\Program Files\JetBrains\IntelliJ IDEA Community Edition 2019.1.3\bin;;C:\Users\Diana\go\bin;C:\Users\Diana\AppData\Local\Programs\Microsoft VS Code\bin
USERNAME=Diana
OS=Windows_NT
PROCESSOR_IDENTIFIER=Intel64 Family 6 Model 42 Stepping 7, GenuineIntel



---------------  S Y S T E M  ---------------

OS: Windows 10 , 64 bit Build 18362 (10.0.18362.1110)

CPU:total 4 (initial active 4) (2 cores per cpu, 2 threads per core) family 6 model 42 stepping 7, cmov, cx8, fxsr, mmx, sse, sse2, sse3, ssse3, sse4.1, sse4.2, popcnt, avx, clmul, ht, tsc, tscinvbit

Memory: 4k page, system-wide physical 8048M (1249M free)
TotalPageFile size 8848M (AvailPageFile size 34M)
current process WorkingSet (physical memory assigned to process): 423M, peak: 499M
current process commit charge ("private bytes"): 546M, peak: 599M

vm_info: Java HotSpot(TM) 64-Bit Server VM (12.0.1+12) for windows-amd64 JRE (12.0.1+12), built on Apr  2 2019 14:02:19 by "mach5one" with MS VC++ 15.5 (VS2017)

END.
