#
# There is insufficient memory for the Java Runtime Environment to continue.
# Native memory allocation (malloc) failed to allocate 1923376 bytes for Chunk::new
# Possible reasons:
#   The system is out of physical RAM or swap space
#   The process is running with CompressedOops enabled, and the Java Heap may be blocking the growth of the native heap
# Possible solutions:
#   Reduce memory load on the system
#   Increase physical memory or swap space
#   Check if swap backing store is full
#   Decrease Java heap size (-Xmx/-Xms)
#   Decrease number of Java threads
#   Decrease Java thread stack sizes (-Xss)
#   Set larger code cache with -XX:ReservedCodeCacheSize=
#   JVM is running with Unscaled Compressed Oops mode in which the Java heap is
#     placed in the first 4GB address space. The Java Heap base address is the
#     maximum limit for the native heap growth. Please use -XX:HeapBaseMinAddress
#     to set the Java Heap base and to place the Java Heap above 4GB virtual address.
# This output file may be truncated or incomplete.
#
#  Out of Memory Error (t:/workspace/open/src/hotspot/share/memory/arena.cpp:197), pid=7072, tid=4080
#
# JRE version: Java(TM) SE Runtime Environment (12.0.1+12) (build 12.0.1+12)
# Java VM: Java HotSpot(TM) 64-Bit Server VM (12.0.1+12, mixed mode, sharing, tiered, compressed oops, g1 gc, windows-amd64)
# No core dump will be written. Minidumps are not enabled by default on client versions of Windows
#

---------------  S U M M A R Y ------------

Command Line: -Dorg.gradle.native=false -Xmx512m -Dfile.encoding=windows-1251 -Duser.country=RU -Duser.language=ru -Duser.variant -ea worker.org.gradle.process.internal.worker.GradleWorkerMain 'Gradle Test Executor 3'

Host: Intel(R) Core(TM) i3-2328M CPU @ 2.20GHz, 4 cores, 7G,  Windows 10 , 64 bit Build 18362 (10.0.18362.1110)
Time: Mon Jan 11 15:23:27 2021 Oeieyiaey (ceia) elapsed time: 19 seconds (0d 0h 0m 19s)

---------------  T H R E A D  ---------------

Current thread (0x000001d210da9800):  JavaThread "C2 CompilerThread1" daemon [_thread_in_native, id=4080, stack(0x0000000fb6600000,0x0000000fb6700000)]


Current CompileTask:
C2:  19615 4025   !   4       jdk.internal.loader.BuiltinClassLoader::findClassOnClassPathOrNull (64 bytes)

Stack: [0x0000000fb6600000,0x0000000fb6700000]
Native frames: (J=compiled Java code, j=interpreted, Vv=VM code, C=native code)
V  [jvm.dll+0x63948a]
V  [jvm.dll+0x78b31f]
V  [jvm.dll+0x78c9c1]
V  [jvm.dll+0x78d013]
V  [jvm.dll+0x262138]
V  [jvm.dll+0xc582c]
V  [jvm.dll+0xc5dac]
V  [jvm.dll+0x3796a7]
V  [jvm.dll+0x1aeff0]
V  [jvm.dll+0x21c142]
V  [jvm.dll+0x21b20a]
V  [jvm.dll+0x199890]
V  [jvm.dll+0x22a534]
V  [jvm.dll+0x228b88]
V  [jvm.dll+0x74f660]
V  [jvm.dll+0x748648]
V  [jvm.dll+0x638566]
C  [ucrtbase.dll+0x210b2]
C  [KERNEL32.DLL+0x17c24]
C  [ntdll.dll+0x6d4d1]


---------------  P R O C E S S  ---------------

Threads class SMR info:
_java_thread_list=0x000001d27c519c80, length=18, elements={
0x000001d26f08b000, 0x000001d27ac37000, 0x000001d27ac3b800, 0x000001d27b561800,
0x000001d27b565000, 0x000001d27b566800, 0x000001d27b568800, 0x000001d27b57a000,
0x000001d27b6d8800, 0x000001d27b6e9800, 0x000001d27beb2800, 0x000001d27bee9800,
0x000001d27bed3000, 0x000001d27e469800, 0x000001d20f267800, 0x000001d27dc98800,
0x000001d27de3a000, 0x000001d210da9800
}

Java Threads: ( => current thread )
  0x000001d26f08b000 JavaThread "main" [_thread_blocked, id=9640, stack(0x0000000fb4a00000,0x0000000fb4b00000)]
  0x000001d27ac37000 JavaThread "Reference Handler" daemon [_thread_blocked, id=3820, stack(0x0000000fb5100000,0x0000000fb5200000)]
  0x000001d27ac3b800 JavaThread "Finalizer" daemon [_thread_blocked, id=4500, stack(0x0000000fb5200000,0x0000000fb5300000)]
  0x000001d27b561800 JavaThread "Signal Dispatcher" daemon [_thread_blocked, id=1204, stack(0x0000000fb5300000,0x0000000fb5400000)]
  0x000001d27b565000 JavaThread "Attach Listener" daemon [_thread_blocked, id=8592, stack(0x0000000fb5400000,0x0000000fb5500000)]
  0x000001d27b566800 JavaThread "C2 CompilerThread0" daemon [_thread_in_native, id=4668, stack(0x0000000fb5500000,0x0000000fb5600000)]
  0x000001d27b568800 JavaThread "C1 CompilerThread0" daemon [_thread_blocked, id=8124, stack(0x0000000fb5600000,0x0000000fb5700000)]
  0x000001d27b57a000 JavaThread "Sweeper thread" daemon [_thread_blocked, id=5052, stack(0x0000000fb5700000,0x0000000fb5800000)]
  0x000001d27b6d8800 JavaThread "Service Thread" daemon [_thread_blocked, id=2676, stack(0x0000000fb5800000,0x0000000fb5900000)]
  0x000001d27b6e9800 JavaThread "Common-Cleaner" daemon [_thread_blocked, id=9648, stack(0x0000000fb5a00000,0x0000000fb5b00000)]
  0x000001d27beb2800 JavaThread "Test worker" [_thread_in_vm, id=3500, stack(0x0000000fb5e00000,0x0000000fb5f00000)]
  0x000001d27bee9800 JavaThread "/127.0.0.1:55218 to /127.0.0.1:55217 workers Thread 2" [_thread_blocked, id=11068, stack(0x0000000fb5f00000,0x0000000fb6000000)]
  0x000001d27bed3000 JavaThread "/127.0.0.1:55218 to /127.0.0.1:55217 workers Thread 3" [_thread_in_native, id=3112, stack(0x0000000fb6000000,0x0000000fb6100000)]
  0x000001d27e469800 JavaThread "Thread-7" daemon [_thread_in_native, id=10716, stack(0x0000000fb6300000,0x0000000fb6400000)]
  0x000001d20f267800 JavaThread "Thread-8" daemon [_thread_in_native, id=4460, stack(0x0000000fb6400000,0x0000000fb6500000)]
  0x000001d27dc98800 JavaThread "cluster-ClusterId{value='5ffc514e807a95455ccf3d1f', description='null'}-localhost:55261" daemon [_thread_blocked, id=9904, stack(0x0000000fb6200000,0x0000000fb6300000)]
  0x000001d27de3a000 JavaThread "cluster-rtt-ClusterId{value='5ffc514e807a95455ccf3d1f', description='null'}-localhost:55261" daemon [_thread_in_native, id=11136, stack(0x0000000fb6500000,0x0000000fb6600000)]
=>0x000001d210da9800 JavaThread "C2 CompilerThread1" daemon [_thread_in_native, id=4080, stack(0x0000000fb6600000,0x0000000fb6700000)]

Other Threads:
  0x000001d27ac31800 VMThread "VM Thread" [stack: 0x0000000fb5000000,0x0000000fb5100000] [id=10908]
  0x000001d27b6e7000 WatcherThread [stack: 0x0000000fb5900000,0x0000000fb5a00000] [id=8476]
  0x000001d26f0ad000 GCTaskThread "GC Thread#0" [stack: 0x0000000fb4b00000,0x0000000fb4c00000] [id=11120]
  0x000001d27be9e800 GCTaskThread "GC Thread#1" [stack: 0x0000000fb5c00000,0x0000000fb5d00000] [id=9224]
  0x000001d27b95b800 GCTaskThread "GC Thread#2" [stack: 0x0000000fb5d00000,0x0000000fb5e00000] [id=10592]
  0x000001d27bf29800 GCTaskThread "GC Thread#3" [stack: 0x0000000fb6100000,0x0000000fb6200000] [id=10224]
  0x000001d26f0b2800 ConcurrentGCThread "G1 Main Marker" [stack: 0x0000000fb4c00000,0x0000000fb4d00000] [id=1156]
  0x000001d26f0b3800 ConcurrentGCThread "G1 Conc#0" [stack: 0x0000000fb4d00000,0x0000000fb4e00000] [id=1180]
  0x000001d27aaae800 ConcurrentGCThread "G1 Refine#0" [stack: 0x0000000fb4e00000,0x0000000fb4f00000] [id=5428]
  0x000001d27aab1800 ConcurrentGCThread "G1 Young RemSet Sampling" [stack: 0x0000000fb4f00000,0x0000000fb5000000] [id=6728]

Threads with active compile tasks:
C2 CompilerThread0  4160       4       org.springframework.beans.factory.support.AbstractBeanFactory::isTypeMatch (607 bytes)
C2 CompilerThread1  4025   !   4       jdk.internal.loader.BuiltinClassLoader::findClassOnClassPathOrNull (64 bytes)

VM state:not at safepoint (normal execution)

VM Mutex/Monitor currently owned by a thread: None

Heap address: 0x00000000e0000000, size: 512 MB, Compressed Oops mode: 32-bit
Narrow klass base: 0x0000000800000000, Narrow klass shift: 3
Compressed class space size: 1073741824 Address: 0x00000008011a0000

Heap:
 garbage-first heap   total 45056K, used 24605K [0x00000000e0000000, 0x0000000100000000)
  region size 1024K, 7 young (7168K), 1 survivors (1024K)
 Metaspace       used 35957K, capacity 37307K, committed 37452K, reserved 1081344K
  class space    used 4878K, capacity 5418K, committed 5504K, reserved 1048576K
Heap Regions: E=young(eden), S=young(survivor), O=old, HS=humongous(starts), HC=humongous(continues), CS=collection set, F=free, A=archive, TAMS=top-at-mark-start (previous, next)
|   0|0x00000000e0000000, 0x00000000e0100000, 0x00000000e0100000|100%| O|  |TAMS 0x00000000e0100000, 0x00000000e0000000| Untracked 
|   1|0x00000000e0100000, 0x00000000e0200000, 0x00000000e0200000|100%| O|  |TAMS 0x00000000e0200000, 0x00000000e0100000| Untracked 
|   2|0x00000000e0200000, 0x00000000e0300000, 0x00000000e0300000|100%| O|  |TAMS 0x00000000e0300000, 0x00000000e0200000| Untracked 
|   3|0x00000000e0300000, 0x00000000e0400000, 0x00000000e0400000|100%| O|  |TAMS 0x00000000e0400000, 0x00000000e0300000| Untracked 
|   4|0x00000000e0400000, 0x00000000e0500000, 0x00000000e0500000|100%| O|  |TAMS 0x00000000e0500000, 0x00000000e0400000| Untracked 
|   5|0x00000000e0500000, 0x00000000e0600000, 0x00000000e0600000|100%| O|  |TAMS 0x00000000e0600000, 0x00000000e0500000| Untracked 
|   6|0x00000000e0600000, 0x00000000e0600000, 0x00000000e0700000|  0%| F|  |TAMS 0x00000000e0600000, 0x00000000e0600000| Untracked 
|   7|0x00000000e0700000, 0x00000000e0800000, 0x00000000e0800000|100%| O|  |TAMS 0x00000000e0800000, 0x00000000e0700000| Untracked 
|   8|0x00000000e0800000, 0x00000000e0900000, 0x00000000e0900000|100%| O|  |TAMS 0x00000000e0900000, 0x00000000e0800000| Untracked 
|   9|0x00000000e0900000, 0x00000000e0a00000, 0x00000000e0a00000|100%| O|  |TAMS 0x00000000e0a00000, 0x00000000e0900000| Untracked 
|  10|0x00000000e0a00000, 0x00000000e0b00000, 0x00000000e0b00000|100%| O|  |TAMS 0x00000000e0b00000, 0x00000000e0a00000| Untracked 
|  11|0x00000000e0b00000, 0x00000000e0c00000, 0x00000000e0c00000|100%| O|  |TAMS 0x00000000e0c00000, 0x00000000e0b00000| Untracked 
|  12|0x00000000e0c00000, 0x00000000e0d00000, 0x00000000e0d00000|100%| O|  |TAMS 0x00000000e0d00000, 0x00000000e0c00000| Untracked 
|  13|0x00000000e0d00000, 0x00000000e0e00000, 0x00000000e0e00000|100%| O|  |TAMS 0x00000000e0e00000, 0x00000000e0d00000| Untracked 
|  14|0x00000000e0e00000, 0x00000000e0f00000, 0x00000000e0f00000|100%| O|  |TAMS 0x00000000e0f00000, 0x00000000e0e00000| Untracked 
|  15|0x00000000e0f00000, 0x00000000e1000000, 0x00000000e1000000|100%| O|  |TAMS 0x00000000e0fda600, 0x00000000e0f00000| Untracked 
|  16|0x00000000e1000000, 0x00000000e1100000, 0x00000000e1100000|100%| O|  |TAMS 0x00000000e1000000, 0x00000000e1000000| Untracked 
|  17|0x00000000e1100000, 0x00000000e1200000, 0x00000000e1200000|100%| O|  |TAMS 0x00000000e1100000, 0x00000000e1100000| Untracked 
|  18|0x00000000e1200000, 0x00000000e1300000, 0x00000000e1300000|100%| O|  |TAMS 0x00000000e1200000, 0x00000000e1200000| Untracked 
|  19|0x00000000e1300000, 0x00000000e13c2400, 0x00000000e1400000| 75%| O|  |TAMS 0x00000000e1300000, 0x00000000e1300000| Untracked 
|  20|0x00000000e1400000, 0x00000000e1400000, 0x00000000e1500000|  0%| F|  |TAMS 0x00000000e1400000, 0x00000000e1400000| Untracked 
|  21|0x00000000e1500000, 0x00000000e1500000, 0x00000000e1600000|  0%| F|  |TAMS 0x00000000e1500000, 0x00000000e1500000| Untracked 
|  22|0x00000000e1600000, 0x00000000e1600000, 0x00000000e1700000|  0%| F|  |TAMS 0x00000000e1600000, 0x00000000e1600000| Untracked 
|  23|0x00000000e1700000, 0x00000000e1700000, 0x00000000e1800000|  0%| F|  |TAMS 0x00000000e1700000, 0x00000000e1700000| Untracked 
|  24|0x00000000e1800000, 0x00000000e1800000, 0x00000000e1900000|  0%| F|  |TAMS 0x00000000e1800000, 0x00000000e1800000| Untracked 
|  25|0x00000000e1900000, 0x00000000e1900000, 0x00000000e1a00000|  0%| F|  |TAMS 0x00000000e1900000, 0x00000000e1900000| Untracked 
|  26|0x00000000e1a00000, 0x00000000e1a00000, 0x00000000e1b00000|  0%| F|  |TAMS 0x00000000e1a00000, 0x00000000e1a00000| Untracked 
|  27|0x00000000e1b00000, 0x00000000e1b00000, 0x00000000e1c00000|  0%| F|  |TAMS 0x00000000e1b00000, 0x00000000e1b00000| Untracked 
|  28|0x00000000e1c00000, 0x00000000e1c00000, 0x00000000e1d00000|  0%| F|  |TAMS 0x00000000e1c00000, 0x00000000e1c00000| Untracked 
|  29|0x00000000e1d00000, 0x00000000e1d00000, 0x00000000e1e00000|  0%| F|  |TAMS 0x00000000e1d00000, 0x00000000e1d00000| Untracked 
|  30|0x00000000e1e00000, 0x00000000e1e00000, 0x00000000e1f00000|  0%| F|  |TAMS 0x00000000e1e00000, 0x00000000e1e00000| Untracked 
|  31|0x00000000e1f00000, 0x00000000e1f00000, 0x00000000e2000000|  0%| F|  |TAMS 0x00000000e1f00000, 0x00000000e1f00000| Untracked 
|  32|0x00000000e2000000, 0x00000000e2000000, 0x00000000e2100000|  0%| F|  |TAMS 0x00000000e2000000, 0x00000000e2000000| Untracked 
|  33|0x00000000e2100000, 0x00000000e2100000, 0x00000000e2200000|  0%| F|  |TAMS 0x00000000e2100000, 0x00000000e2100000| Untracked 
|  34|0x00000000e2200000, 0x00000000e2200000, 0x00000000e2300000|  0%| F|  |TAMS 0x00000000e2200000, 0x00000000e2200000| Untracked 
|  35|0x00000000e2300000, 0x00000000e2300000, 0x00000000e2400000|  0%| F|  |TAMS 0x00000000e2300000, 0x00000000e2300000| Untracked 
|  36|0x00000000e2400000, 0x00000000e2400000, 0x00000000e2500000|  0%| F|  |TAMS 0x00000000e2400000, 0x00000000e2400000| Untracked 
|  37|0x00000000e2500000, 0x00000000e25d7368, 0x00000000e2600000| 84%| E|  |TAMS 0x00000000e2500000, 0x00000000e2500000| Complete 
|  91|0x00000000e5b00000, 0x00000000e5c00000, 0x00000000e5c00000|100%| E|CS|TAMS 0x00000000e5b00000, 0x00000000e5b00000| Complete 
|  92|0x00000000e5c00000, 0x00000000e5d00000, 0x00000000e5d00000|100%| E|CS|TAMS 0x00000000e5c00000, 0x00000000e5c00000| Complete 
|  93|0x00000000e5d00000, 0x00000000e5e00000, 0x00000000e5e00000|100%| E|CS|TAMS 0x00000000e5d00000, 0x00000000e5d00000| Complete 
|  94|0x00000000e5e00000, 0x00000000e5f00000, 0x00000000e5f00000|100%| E|CS|TAMS 0x00000000e5e00000, 0x00000000e5e00000| Complete 
| 124|0x00000000e7c00000, 0x00000000e7c45120, 0x00000000e7d00000| 26%| S|CS|TAMS 0x00000000e7c00000, 0x00000000e7c00000| Complete 
| 125|0x00000000e7d00000, 0x00000000e7e00000, 0x00000000e7e00000|100%| E|CS|TAMS 0x00000000e7d00000, 0x00000000e7d00000| Complete 

Card table byte_map: [0x000001d277410000,0x000001d277510000] _byte_map_base: 0x000001d276d10000

Marking Bits (Prev, Next): (CMBitMap*) 0x000001d26f0aeb08, (CMBitMap*) 0x000001d26f0aeb48
 Prev Bits: [0x000001d277610000, 0x000001d277e10000)
 Next Bits: [0x000001d277e10000, 0x000001d278610000)

Polling page: 0x000001d26cf70000

Metaspace:

Usage:
  Non-class:     31.14 MB capacity,    30.35 MB ( 97%) used,   649.44 KB (  2%) free+waste,   158.19 KB ( <1%) overhead. 
      Class:      5.29 MB capacity,     4.76 MB ( 90%) used,   460.49 KB (  8%) free+waste,    79.25 KB (  1%) overhead. 
       Both:     36.43 MB capacity,    35.12 MB ( 96%) used,     1.08 MB (  3%) free+waste,   237.44 KB ( <1%) overhead. 

Virtual space:
  Non-class space:       32.00 MB reserved,      31.20 MB ( 97%) committed 
      Class space:        1.00 GB reserved,       5.38 MB ( <1%) committed 
             Both:        1.03 GB reserved,      36.57 MB (  3%) committed 

Chunk freelists:
   Non-Class:  5.88 KB
       Class:  0 bytes
        Both:  5.88 KB

CodeHeap 'non-profiled nmethods': size=120064Kb used=2033Kb max_used=2033Kb free=118030Kb
 bounds [0x000001d207ac0000, 0x000001d207d30000, 0x000001d20f000000]
CodeHeap 'profiled nmethods': size=120000Kb used=9667Kb max_used=9667Kb free=110332Kb
 bounds [0x000001d200590000, 0x000001d200f10000, 0x000001d207ac0000]
CodeHeap 'non-nmethods': size=5696Kb used=1182Kb max_used=1219Kb free=4513Kb
 bounds [0x000001d200000000, 0x000001d200270000, 0x000001d200590000]
 total_blobs=5617 nmethods=4012 adapters=426
 compilation: enabled
              stopped_count=0, restarted_count=0
 full_count=0

Compilation events (10 events):
Event: 19.603 Thread 0x000001d27b568800 4173       1       org.springframework.context.support.GenericApplicationContext::getBeanFactory (5 bytes)
Event: 19.603 Thread 0x000001d27b568800 nmethod 4173 0x000001d207cbba90 code [0x000001d207cbbc40, 0x000001d207cbbd78]
Event: 19.603 Thread 0x000001d27b568800 4174       3       org.springframework.boot.context.properties.bind.JavaBeanBinder$Bean$$Lambda$599/0x00000008014c8040::apply (8 bytes)
Event: 19.604 Thread 0x000001d27b568800 nmethod 4174 0x000001d200ef5f90 code [0x000001d200ef6160, 0x000001d200ef6418]
Event: 19.604 Thread 0x000001d27b568800 4175       3       java.util.Comparator$$Lambda$196/0x00000008012a6c40::compare (10 bytes)
Event: 19.604 Thread 0x000001d27b568800 nmethod 4175 0x000001d200ef6510 code [0x000001d200ef6700, 0x000001d200ef6c90]
Event: 19.604 Thread 0x000001d27b568800 4176       3       java.util.Comparator::lambda$comparing$77a9974f$1 (23 bytes)
Event: 19.604 Thread 0x000001d27b568800 nmethod 4176 0x000001d200ef6e10 code [0x000001d200ef7000, 0x000001d200ef74f0]
Event: 19.606 Thread 0x000001d27b568800 4177       3       org.springframework.boot.context.properties.source.SpringIterableConfigurationPropertySource$Mappings::containsDescendantOf (93 bytes)
Event: 19.607 Thread 0x000001d27b568800 nmethod 4177 0x000001d200ef7610 code [0x000001d200ef7880, 0x000001d200ef8420]

GC Heap History (10 events):
Event: 18.255 GC heap before
{Heap before GC invocations=12 (full 0):
 garbage-first heap   total 45056K, used 32026K [0x00000000e0000000, 0x0000000100000000)
  region size 1024K, 19 young (19456K), 2 survivors (2048K)
 Metaspace       used 31738K, capacity 32869K, committed 33152K, reserved 1077248K
  class space    used 4213K, capacity 4676K, committed 4736K, reserved 1048576K
}
Event: 18.261 GC heap after
{Heap after GC invocations=13 (full 0):
 garbage-first heap   total 45056K, used 16701K [0x00000000e0000000, 0x0000000100000000)
  region size 1024K, 3 young (3072K), 3 survivors (3072K)
 Metaspace       used 31738K, capacity 32869K, committed 33152K, reserved 1077248K
  class space    used 4213K, capacity 4676K, committed 4736K, reserved 1048576K
}
Event: 18.793 GC heap before
{Heap before GC invocations=13 (full 0):
 garbage-first heap   total 45056K, used 33085K [0x00000000e0000000, 0x0000000100000000)
  region size 1024K, 19 young (19456K), 3 survivors (3072K)
 Metaspace       used 34002K, capacity 35232K, committed 35328K, reserved 1079296K
  class space    used 4571K, capacity 5083K, committed 5120K, reserved 1048576K
}
Event: 18.799 GC heap after
{Heap after GC invocations=14 (full 0):
 garbage-first heap   total 45056K, used 17773K [0x00000000e0000000, 0x0000000100000000)
  region size 1024K, 2 young (2048K), 2 survivors (2048K)
 Metaspace       used 34002K, capacity 35232K, committed 35328K, reserved 1079296K
  class space    used 4571K, capacity 5083K, committed 5120K, reserved 1048576K
}
Event: 18.972 GC heap before
{Heap before GC invocations=14 (full 0):
 garbage-first heap   total 45056K, used 21869K [0x00000000e0000000, 0x0000000100000000)
  region size 1024K, 7 young (7168K), 2 survivors (2048K)
 Metaspace       used 34479K, capacity 35744K, committed 35840K, reserved 1079296K
  class space    used 4651K, capacity 5171K, committed 5248K, reserved 1048576K
}
Event: 18.977 GC heap after
{Heap after GC invocations=15 (full 0):
 garbage-first heap   total 45056K, used 18397K [0x00000000e0000000, 0x0000000100000000)
  region size 1024K, 2 young (2048K), 2 survivors (2048K)
 Metaspace       used 34479K, capacity 35744K, committed 35840K, reserved 1079296K
  class space    used 4651K, capacity 5171K, committed 5248K, reserved 1048576K
}
Event: 19.428 GC heap before
{Heap before GC invocations=16 (full 0):
 garbage-first heap   total 45056K, used 29661K [0x00000000e0000000, 0x0000000100000000)
  region size 1024K, 13 young (13312K), 2 survivors (2048K)
 Metaspace       used 35433K, capacity 36691K, committed 36812K, reserved 1081344K
  class space    used 4807K, capacity 5319K, committed 5376K, reserved 1048576K
}
Event: 19.436 GC heap after
{Heap after GC invocations=17 (full 0):
 garbage-first heap   total 45056K, used 19302K [0x00000000e0000000, 0x0000000100000000)
  region size 1024K, 2 young (2048K), 2 survivors (2048K)
 Metaspace       used 35433K, capacity 36691K, committed 36812K, reserved 1081344K
  class space    used 4807K, capacity 5319K, committed 5376K, reserved 1048576K
}
Event: 19.474 GC heap before
{Heap before GC invocations=17 (full 0):
 garbage-first heap   total 45056K, used 20326K [0x00000000e0000000, 0x0000000100000000)
  region size 1024K, 3 young (3072K), 2 survivors (2048K)
 Metaspace       used 35506K, capacity 36816K, committed 37068K, reserved 1081344K
  class space    used 4821K, capacity 5361K, committed 5376K, reserved 1048576K
}
Event: 19.480 GC heap after
{Heap after GC invocations=18 (full 0):
 garbage-first heap   total 45056K, used 19485K [0x00000000e0000000, 0x0000000100000000)
  region size 1024K, 1 young (1024K), 1 survivors (1024K)
 Metaspace       used 35506K, capacity 36816K, committed 37068K, reserved 1081344K
  class space    used 4821K, capacity 5361K, committed 5376K, reserved 1048576K
}

Deoptimization events (10 events):
Event: 18.431 Thread 0x000001d27beb2800 Uncommon trap: reason=unstable_if action=reinterpret pc=0x000001d207b3bd6c method=java.lang.String.equals(Ljava/lang/Object;)Z @ 34 c2
Event: 18.652 Thread 0x000001d27beb2800 Uncommon trap: reason=unstable_if action=reinterpret pc=0x000001d207bdbb24 method=org.springframework.util.ConcurrentReferenceHashMap$Segment.findInChain(Lorg/springframework/util/ConcurrentReferenceHashMap$Reference;Ljava/lang/Object;I)Lorg/springframewo
Event: 18.687 Thread 0x000001d27beb2800 Uncommon trap: reason=speculate_null_assert action=make_not_entrant pc=0x000001d207b85fd0 method=org.springframework.util.ConcurrentReferenceHashMap$Segment.restructureIfNecessary(Z)V @ 41 c2
Event: 19.165 Thread 0x000001d27beb2800 Uncommon trap: reason=class_check action=make_not_entrant pc=0x000001d207cadf30 method=java.util.ArrayList.toArray([Ljava/lang/Object;)[Ljava/lang/Object; @ 21 c2
Event: 19.361 Thread 0x000001d27beb2800 Uncommon trap: reason=class_check action=maybe_recompile pc=0x000001d207c79da8 method=org.springframework.beans.factory.support.AbstractBeanFactory.isTypeMatch(Ljava/lang/String;Lorg/springframework/core/ResolvableType;Z)Z @ 53 c2
Event: 19.492 Thread 0x000001d27beb2800 Uncommon trap: reason=intrinsic_or_type_checked_inlining action=make_not_entrant pc=0x000001d207cb9630 method=java.util.ArrayList.toArray([Ljava/lang/Object;)[Ljava/lang/Object; @ 36 c2
Event: 19.518 Thread 0x000001d27de3a000 Uncommon trap: reason=unstable_if action=reinterpret pc=0x000001d207bd2b50 method=java.util.WeakHashMap.remove(Ljava/lang/Object;)Ljava/lang/Object; @ 94 c2
Event: 19.522 Thread 0x000001d27beb2800 Uncommon trap: reason=class_check action=maybe_recompile pc=0x000001d207c79da8 method=org.springframework.beans.factory.support.AbstractBeanFactory.isTypeMatch(Ljava/lang/String;Lorg/springframework/core/ResolvableType;Z)Z @ 53 c2
Event: 19.525 Thread 0x000001d27beb2800 Uncommon trap: reason=class_check action=maybe_recompile pc=0x000001d207c79da8 method=org.springframework.beans.factory.support.AbstractBeanFactory.isTypeMatch(Ljava/lang/String;Lorg/springframework/core/ResolvableType;Z)Z @ 53 c2
Event: 19.526 Thread 0x000001d27beb2800 Uncommon trap: reason=class_check action=maybe_recompile pc=0x000001d207c79da8 method=org.springframework.beans.factory.support.AbstractBeanFactory.isTypeMatch(Ljava/lang/String;Lorg/springframework/core/ResolvableType;Z)Z @ 53 c2

Classes redefined (0 events):
No events

Internal exceptions (10 events):
Event: 19.542 Thread 0x000001d27beb2800 Exception <a 'java/lang/ClassNotFoundException'{0x00000000e5edc640}: org/springframework/boot/web/reactive/server/ConfigurableReactiveWebServerFactoryCustomizer> (0x00000000e5edc640) thrown at [t:/workspace/open/src/hotspot/share/classfile/systemDictionar
Event: 19.544 Thread 0x000001d27beb2800 Exception <a 'java/lang/ClassNotFoundException'{0x00000000e5ef1238}: org/springframework/boot/web/server/ConfigurableWebServerFactoryCustomizer> (0x00000000e5ef1238) thrown at [t:/workspace/open/src/hotspot/share/classfile/systemDictionary.cpp, line 235]
Event: 19.553 Thread 0x000001d27beb2800 Exception <a 'java/lang/ClassNotFoundException'{0x00000000e5d0dfc8}: org/springframework/boot/web/server/ErrorPageRegistryCustomizer> (0x00000000e5d0dfc8) thrown at [t:/workspace/open/src/hotspot/share/classfile/systemDictionary.cpp, line 235]
Event: 19.554 Thread 0x000001d27beb2800 Exception <a 'java/lang/ClassNotFoundException'{0x00000000e5d24310}: org/springframework/boot/web/reactive/server/ReactiveWebServerFactoryCustomizer> (0x00000000e5d24310) thrown at [t:/workspace/open/src/hotspot/share/classfile/systemDictionary.cpp, line 
Event: 19.556 Thread 0x000001d27beb2800 Exception <a 'java/lang/ClassNotFoundException'{0x00000000e5d39bd8}: org/springframework/boot/web/server/ConfigurableWebServerFactoryCustomizer> (0x00000000e5d39bd8) thrown at [t:/workspace/open/src/hotspot/share/classfile/systemDictionary.cpp, line 235]
Event: 19.558 Thread 0x000001d27beb2800 Exception <a 'java/lang/ClassNotFoundException'{0x00000000e5d541f8}: org/springframework/boot/web/server/ErrorPageRegistryCustomizer> (0x00000000e5d541f8) thrown at [t:/workspace/open/src/hotspot/share/classfile/systemDictionary.cpp, line 235]
Event: 19.562 Thread 0x000001d27beb2800 Exception <a 'java/lang/ClassNotFoundException'{0x00000000e5d5de38}: java/lang/ObjectCustomizer> (0x00000000e5d5de38) thrown at [t:/workspace/open/src/hotspot/share/classfile/systemDictionary.cpp, line 235]
Event: 19.564 Thread 0x000001d27beb2800 Exception <a 'java/lang/ClassNotFoundException'{0x00000000e5d7a120}: org/springframework/boot/autoconfigure/web/reactive/ReactiveWebServerFactoryAutoConfigurationCustomizer> (0x00000000e5d7a120) thrown at [t:/workspace/open/src/hotspot/share/classfile/sys
Event: 19.597 Thread 0x000001d27beb2800 Exception <a 'java/lang/ClassNotFoundException'{0x00000000e5c1a1b8}: java/lang/ObjectCustomizer> (0x00000000e5c1a1b8) thrown at [t:/workspace/open/src/hotspot/share/classfile/systemDictionary.cpp, line 235]
Event: 19.599 Thread 0x000001d27beb2800 Exception <a 'java/lang/ClassNotFoundException'{0x00000000e5c31880}: org/springframework/boot/autoconfigure/web/ServerPropertiesCustomizer> (0x00000000e5c31880) thrown at [t:/workspace/open/src/hotspot/share/classfile/systemDictionary.cpp, line 235]

Events (10 events):
Event: 19.597 loading class java/lang/ObjectCustomizer
Event: 19.597 loading class java/lang/ObjectCustomizer done
Event: 19.597 loading class java/lang/ObjectCustomizer
Event: 19.597 loading class java/lang/ObjectCustomizer done
Event: 19.598 loading class org/springframework/boot/autoconfigure/web/ServerPropertiesCustomizer
Event: 19.598 loading class org/springframework/boot/autoconfigure/web/ServerPropertiesCustomizer done
Event: 19.599 loading class org/springframework/boot/autoconfigure/web/ServerPropertiesCustomizer
Event: 19.599 loading class org/springframework/boot/autoconfigure/web/ServerPropertiesCustomizer done
Event: 19.599 loading class org/springframework/boot/autoconfigure/web/ServerPropertiesCustomizer
Event: 19.599 loading class org/springframework/boot/autoconfigure/web/ServerPropertiesCustomizer done


Dynamic libraries:
0x00007ff704450000 - 0x00007ff70445f000 	C:\Program Files\Java\jdk-12.0.1\bin\java.exe
0x00007ffb62ca0000 - 0x00007ffb62e90000 	C:\WINDOWS\SYSTEM32\ntdll.dll
0x00007ffb62a30000 - 0x00007ffb62ae2000 	C:\WINDOWS\System32\KERNEL32.DLL
0x00007ffb5fea0000 - 0x00007ffb60145000 	C:\WINDOWS\System32\KERNELBASE.dll
0x00007ffb5fcc0000 - 0x00007ffb5fdba000 	C:\WINDOWS\System32\ucrtbase.dll
0x00007ffb5c110000 - 0x00007ffb5c126000 	C:\Program Files\Java\jdk-12.0.1\bin\VCRUNTIME140.dll
0x00007ffb5c130000 - 0x00007ffb5c148000 	C:\Program Files\Java\jdk-12.0.1\bin\jli.dll
0x00007ffb62ba0000 - 0x00007ffb62c43000 	C:\WINDOWS\System32\ADVAPI32.dll
0x00007ffb627e0000 - 0x00007ffb6287e000 	C:\WINDOWS\System32\msvcrt.dll
0x00007ffb62620000 - 0x00007ffb626b7000 	C:\WINDOWS\System32\sechost.dll
0x00007ffb626c0000 - 0x00007ffb627e0000 	C:\WINDOWS\System32\RPCRT4.dll
0x00007ffb61890000 - 0x00007ffb61a24000 	C:\WINDOWS\System32\USER32.dll
0x00007ffb5fdc0000 - 0x00007ffb5fde1000 	C:\WINDOWS\System32\win32u.dll
0x00007ffb62590000 - 0x00007ffb625b6000 	C:\WINDOWS\System32\GDI32.dll
0x00007ffb60b50000 - 0x00007ffb60ce6000 	C:\WINDOWS\System32\gdi32full.dll
0x00007ffb60150000 - 0x00007ffb601ee000 	C:\WINDOWS\System32\msvcp_win.dll
0x00007ffb53a00000 - 0x00007ffb53c84000 	C:\WINDOWS\WinSxS\amd64_microsoft.windows.common-controls_6595b64144ccf1df_6.0.18362.1256_none_9e7e379be45e40e2\COMCTL32.dll
0x00007ffb61550000 - 0x00007ffb61886000 	C:\WINDOWS\System32\combase.dll
0x00007ffb5fe10000 - 0x00007ffb5fe91000 	C:\WINDOWS\System32\bcryptPrimitives.dll
0x00007ffb5f8e0000 - 0x00007ffb5f8ea000 	C:\WINDOWS\SYSTEM32\VERSION.dll
0x00007ffb61ca0000 - 0x00007ffb61cce000 	C:\WINDOWS\System32\IMM32.DLL
0x00007ffb5f8f0000 - 0x00007ffb5f926000 	C:\WINDOWS\system32\DriverStore\FileRepository\nvfm.inf_amd64_76974c92c44bbb6b\nvinitx.dll
0x00007ffb61d40000 - 0x00007ffb62427000 	C:\WINDOWS\System32\Shell32.dll
0x00007ffb60b00000 - 0x00007ffb60b4a000 	C:\WINDOWS\System32\cfgmgr32.dll
0x00007ffb60d50000 - 0x00007ffb60df9000 	C:\WINDOWS\System32\shcore.dll
0x00007ffb60220000 - 0x00007ffb609a1000 	C:\WINDOWS\System32\windows.storage.dll
0x00007ffb5fbc0000 - 0x00007ffb5fbe3000 	C:\WINDOWS\System32\profapi.dll
0x00007ffb5fb70000 - 0x00007ffb5fbba000 	C:\WINDOWS\System32\powrprof.dll
0x00007ffb5fb40000 - 0x00007ffb5fb50000 	C:\WINDOWS\System32\UMPDC.dll
0x00007ffb629d0000 - 0x00007ffb62a22000 	C:\WINDOWS\System32\shlwapi.dll
0x00007ffb5fb50000 - 0x00007ffb5fb61000 	C:\WINDOWS\System32\kernel.appcore.dll
0x00007ffb5fdf0000 - 0x00007ffb5fe07000 	C:\WINDOWS\System32\cryptsp.dll
0x0000000067470000 - 0x0000000067476000 	C:\Program Files\NVIDIA Corporation\CoProcManager\_etoured.dll
0x00007ffb55350000 - 0x00007ffb55393000 	C:\Program Files\NVIDIA Corporation\CoProcManager\nvd3d9wrapx.dll
0x00007ffb60fd0000 - 0x00007ffb61440000 	C:\WINDOWS\System32\SETUPAPI.dll
0x00007ffb601f0000 - 0x00007ffb60216000 	C:\WINDOWS\System32\bcrypt.dll
0x00007ffb5e6f0000 - 0x00007ffb5e710000 	C:\WINDOWS\SYSTEM32\dxcore.dll
0x00007ffb55320000 - 0x00007ffb5534d000 	C:\Program Files\NVIDIA Corporation\CoProcManager\nvdxgiwrapx.dll
0x00007ffb4a960000 - 0x00007ffb4aa0a000 	C:\Program Files\Java\jdk-12.0.1\bin\msvcp140.dll
0x00007ffb255d0000 - 0x00007ffb26144000 	C:\Program Files\Java\jdk-12.0.1\bin\server\jvm.dll
0x00007ffb62880000 - 0x00007ffb62888000 	C:\WINDOWS\System32\PSAPI.DLL
0x00007ffb5d870000 - 0x00007ffb5d879000 	C:\WINDOWS\SYSTEM32\WSOCK32.dll
0x00007ffb62960000 - 0x00007ffb629cf000 	C:\WINDOWS\System32\WS2_32.dll
0x00007ffb5d840000 - 0x00007ffb5d864000 	C:\WINDOWS\SYSTEM32\WINMM.dll
0x00007ffb5d810000 - 0x00007ffb5d83d000 	C:\WINDOWS\SYSTEM32\WINMMBASE.dll
0x00007ffb5bfb0000 - 0x00007ffb5bfc1000 	C:\Program Files\Java\jdk-12.0.1\bin\verify.dll
0x00007ffb5e480000 - 0x00007ffb5e674000 	C:\WINDOWS\SYSTEM32\DBGHELP.DLL
0x00007ffb4ef90000 - 0x00007ffb4efba000 	C:\WINDOWS\SYSTEM32\dbgcore.DLL
0x00007ffb56ca0000 - 0x00007ffb56cc6000 	C:\Program Files\Java\jdk-12.0.1\bin\java.dll
0x00007ffb52b80000 - 0x00007ffb52b97000 	C:\Program Files\Java\jdk-12.0.1\bin\zip.dll
0x00007ffb58660000 - 0x00007ffb5866a000 	C:\Program Files\Java\jdk-12.0.1\bin\jimage.dll
0x00007ffb52b60000 - 0x00007ffb52b79000 	C:\Program Files\Java\jdk-12.0.1\bin\net.dll
0x00007ffb54300000 - 0x00007ffb543f0000 	C:\WINDOWS\SYSTEM32\WINHTTP.dll
0x00007ffb50c10000 - 0x00007ffb50de6000 	C:\WINDOWS\SYSTEM32\urlmon.dll
0x00007ffb51590000 - 0x00007ffb51837000 	C:\WINDOWS\SYSTEM32\iertutil.dll
0x00007ffb5f470000 - 0x00007ffb5f47c000 	C:\WINDOWS\SYSTEM32\CRYPTBASE.DLL
0x00007ffb5f290000 - 0x00007ffb5f2f7000 	C:\WINDOWS\system32\mswsock.dll
0x00007ffb529b0000 - 0x00007ffb529c3000 	C:\Program Files\Java\jdk-12.0.1\bin\nio.dll
0x00007ffb5ee10000 - 0x00007ffb5ee43000 	C:\WINDOWS\system32\rsaenh.dll
0x00007ffb5fa20000 - 0x00007ffb5fa45000 	C:\WINDOWS\SYSTEM32\USERENV.dll
0x00007ffb5efb0000 - 0x00007ffb5efea000 	C:\WINDOWS\SYSTEM32\IPHLPAPI.DLL
0x00007ffb61440000 - 0x00007ffb61448000 	C:\WINDOWS\System32\NSI.dll
0x00007ffb558d0000 - 0x00007ffb558e6000 	C:\WINDOWS\SYSTEM32\dhcpcsvc6.DLL
0x00007ffb558b0000 - 0x00007ffb558cc000 	C:\WINDOWS\SYSTEM32\dhcpcsvc.DLL
0x00007ffb5eff0000 - 0x00007ffb5f0bb000 	C:\WINDOWS\SYSTEM32\DNSAPI.dll
0x00007ffb56c90000 - 0x00007ffb56c99000 	C:\Program Files\Java\jdk-12.0.1\bin\management.dll
0x00007ffb53250000 - 0x00007ffb5325c000 	C:\Program Files\Java\jdk-12.0.1\bin\management_ext.dll
0x00007ffb486b0000 - 0x00007ffb486c6000 	C:\WINDOWS\system32\napinsp.dll
0x00007ffb48690000 - 0x00007ffb486aa000 	C:\WINDOWS\system32\pnrpnsp.dll
0x00007ffb48680000 - 0x00007ffb4868e000 	C:\WINDOWS\System32\winrnr.dll
0x00007ffb5c000000 - 0x00007ffb5c01c000 	C:\WINDOWS\system32\NLAapi.dll
0x00007ffb5a990000 - 0x00007ffb5a9a5000 	C:\WINDOWS\system32\wshbth.dll
0x00007ffb54260000 - 0x00007ffb5426a000 	C:\Windows\System32\rasadhlp.dll
0x00007ffb55670000 - 0x00007ffb556e7000 	C:\WINDOWS\System32\fwpuclnt.dll
0x00007ffb5eaf0000 - 0x00007ffb5eb21000 	C:\WINDOWS\SYSTEM32\ntmarta.dll
0x00007ffb5d940000 - 0x00007ffb5d9cf000 	C:\WINDOWS\system32\apphelp.dll

dbghelp: loaded successfully - version: 4.0.5 - missing functions: none
symbol engine: initialized successfully - sym options: 0x614 - pdb path: .;C:\Program Files\Java\jdk-12.0.1\bin;C:\WINDOWS\SYSTEM32;C:\WINDOWS\WinSxS\amd64_microsoft.windows.common-controls_6595b64144ccf1df_6.0.18362.1256_none_9e7e379be45e40e2;C:\WINDOWS\system32\DriverStore\FileRepository\nvfm.inf_amd64_76974c92c44bbb6b;C:\Program Files\NVIDIA Corporation\CoProcManager;C:\Program Files\Java\jdk-12.0.1\bin\server

VM Arguments:
jvm_args: -Dorg.gradle.native=false -Xmx512m -Dfile.encoding=windows-1251 -Duser.country=RU -Duser.language=ru -Duser.variant -ea 
java_command: worker.org.gradle.process.internal.worker.GradleWorkerMain 'Gradle Test Executor 3'
java_class_path (initial): C:\\Gradle\\gradle-5.5\\caches\\6.7.1\\workerMain\\gradle-worker.jar;D:\\testExercise\\build\\classes\\java\\test;D:\\testExercise\\build\\resources\\test;D:\\testExercise\\build\\classes\\java\\main;D:\\testExercise\\build\\resources\\main;C:\\Gradle\\gradle-5.5\\caches\\modules-2\\files-2.1\\org.springframework.boot\\spring-boot-starter-data-mongodb-reactive\\2.4.1\\655a05dfabfab178a2365c40b762f2be67698d36\\spring-boot-starter-data-mongodb-reactive-2.4.1.jar;C:\\Gradle\\gradle-5.5\\caches\\modules-2\\files-2.1\\org.springframework.boot\\spring-boot-starter-webflux\\2.4.1\\e54535216a6b6becffc044fd8abff3e6011e576d\\spring-boot-starter-webflux-2.4.1.jar;C:\\Gradle\\gradle-5.5\\caches\\modules-2\\files-2.1\\org.springframework.boot\\spring-boot-starter-test\\2.4.1\\50147ab5f3b431a397d27e2c0af313b9147cd058\\spring-boot-starter-test-2.4.1.jar;C:\\Gradle\\gradle-5.5\\caches\\modules-2\\files-2.1\\de.flapdoodle.embed\\de.flapdoodle.embed.mongo\\2.2.0\\781d14f4e3d9eeb0b4c3e00a4ec165a04b3dc5c4\\de.flapdoodle.embed.mongo-2.2.0.jar;C:\\Gradle\\gradle-5.5\\caches\\modules-2\\files-2.1\\io.projectreactor\\reactor-test\\3.4.1\\ec8cef652db7d41ebf5967910872367b5423e989\\reactor-test-3.4.1.jar;C:\\Gradle\\gradle-5.5\\caches\\modules-2\\files-2.1\\org.springframework.boot\\spring-boot-starter-json\\2.4.1\\5a4b7088c88be531cb416ef218da3e19309f8cea\\spring-boot-starter-json-2.4.1.jar;C:\\Gradle\\gradle-5.5\\caches\\modules-2\\files-2.1\\org.springframework.boot\\spring-boot-starter\\2.4.1\\15d81ffe81e26de37986d491e1cf4c1e3a324ca3\\spring-boot-starter-2.4.1.jar;C:\\Gradle\\gradle-5.5\\caches\\modules-2\\files-2.1\\org.springframework\\spring-webflux\\5.3.2\\63fe694e07b0430991671eebac9fbb0ffba08483\\spring-webflux-5.3.2.jar;C:\\Gradle\\gradle-5.5\\caches\\modules-2\\files-2.1\\org.springframework.boot\\spring-boot-starter-reactor-netty\\2.4.1\\f4e512e25c75839c946b26756e18e7bee4307091\\spring-boot-starter-reactor-netty-2.4.1.jar;C:\\Gradle\\gradle-5.5\\caches\
Launcher Type: SUN_STANDARD

[Global flags]
     intx CICompilerCount                          = 3                                         {product} {ergonomic}
     uint ConcGCThreads                            = 1                                         {product} {ergonomic}
     uint G1ConcRefinementThreads                  = 4                                         {product} {ergonomic}
   size_t G1HeapRegionSize                         = 1048576                                   {product} {ergonomic}
    uintx GCDrainStackTargetSize                   = 64                                        {product} {ergonomic}
   size_t InitialHeapSize                          = 132120576                                 {product} {ergonomic}
   size_t MarkStackSize                            = 4194304                                   {product} {ergonomic}
   size_t MaxHeapSize                              = 536870912                                 {product} {command line}
   size_t MaxNewSize                               = 321912832                                 {product} {ergonomic}
   size_t MinHeapDeltaBytes                        = 1048576                                   {product} {ergonomic}
    uintx NonNMethodCodeHeapSize                   = 5830732                                {pd product} {ergonomic}
    uintx NonProfiledCodeHeapSize                  = 122913754                              {pd product} {ergonomic}
    uintx ProfiledCodeHeapSize                     = 122913754                              {pd product} {ergonomic}
    uintx ReservedCodeCacheSize                    = 251658240                              {pd product} {ergonomic}
     bool SegmentedCodeCache                       = true                                      {product} {ergonomic}
     bool UseCompressedClassPointers               = true                                 {lp64_product} {ergonomic}
     bool UseCompressedOops                        = true                                 {lp64_product} {ergonomic}
     bool UseG1GC                                  = true                                      {product} {ergonomic}
     bool UseLargePagesIndividualAllocation        = false                                  {pd product} {ergonomic}

Logging:
Log output configuration:
 #0: stdout all=warning uptime,level,tags
 #1: stderr all=off uptime,level,tags

Environment Variables:
JAVA_HOME=C:\Program Files\Java\jdk-12.0.1
PATH=C:\ProgramData\DockerDesktop\version-bin;C:\Program Files\Docker\Docker\Resources\bin;C:\WINDOWS\system32;C:\WINDOWS;C:\WINDOWS\System32\Wbem;C:\WINDOWS\System32\WindowsPowerShell\v1.0\;C:\WINDOWS\System32\OpenSSH\;C:\Program Files\Git\cmd;C:\Gradle\gradle-5.5\bin;C:\Go\bin;C:\Program Files\MySQL\MySQL Shell 8.0\bin\;C:\Users\Diana\AppData\Local\Microsoft\WindowsApps;;C:\Program Files\JetBrains\IntelliJ IDEA Community Edition 2019.1.3\bin;;C:\Users\Diana\go\bin;C:\Users\Diana\AppData\Local\Programs\Microsoft VS Code\bin
USERNAME=Diana
OS=Windows_NT
PROCESSOR_IDENTIFIER=Intel64 Family 6 Model 42 Stepping 7, GenuineIntel



---------------  S Y S T E M  ---------------

OS: Windows 10 , 64 bit Build 18362 (10.0.18362.1110)

CPU:total 4 (initial active 4) (2 cores per cpu, 2 threads per core) family 6 model 42 stepping 7, cmov, cx8, fxsr, mmx, sse, sse2, sse3, ssse3, sse4.1, sse4.2, popcnt, avx, clmul, ht, tsc, tscinvbit

Memory: 4k page, system-wide physical 8048M (1046M free)
TotalPageFile size 8848M (AvailPageFile size 5M)
current process WorkingSet (physical memory assigned to process): 180M, peak: 198M
current process commit charge ("private bytes"): 208M, peak: 243M

vm_info: Java HotSpot(TM) 64-Bit Server VM (12.0.1+12) for windows-amd64 JRE (12.0.1+12), built on Apr  2 2019 14:02:19 by "mach5one" with MS VC++ 15.5 (VS2017)

END.
