#
# There is insufficient memory for the Java Runtime Environment to continue.
# Native memory allocation (mmap) failed to map 132120576 bytes for Failed to commit area from 0x00000000e0000000 to 0x00000000e7e00000 of length 132120576.
# Possible reasons:
#   The system is out of physical RAM or swap space
#   The process is running with CompressedOops enabled, and the Java Heap may be blocking the growth of the native heap
# Possible solutions:
#   Reduce memory load on the system
#   Increase physical memory or swap space
#   Check if swap backing store is full
#   Decrease Java heap size (-Xmx/-Xms)
#   Decrease number of Java threads
#   Decrease Java thread stack sizes (-Xss)
#   Set larger code cache with -XX:ReservedCodeCacheSize=
# This output file may be truncated or incomplete.
#
#  Out of Memory Error (t:/workspace/open/src/hotspot/os/windows/os_windows.cpp:3254), pid=10128, tid=10060
#
# JRE version:  (12.0.1+12) (build )
# Java VM: Java HotSpot(TM) 64-Bit Server VM (12.0.1+12, mixed mode, aot, sharing, tiered, compressed oops, g1 gc, windows-amd64)
# No core dump will be written. Minidumps are not enabled by default on client versions of Windows
#

---------------  S U M M A R Y ------------

Command Line: -Dorg.gradle.native=false -Xmx512m -Dfile.encoding=windows-1251 -Duser.country=RU -Duser.language=ru -Duser.variant -ea worker.org.gradle.process.internal.worker.GradleWorkerMain 'Gradle Test Executor 1'

Host: Intel(R) Core(TM) i3-2328M CPU @ 2.20GHz, 4 cores, 7G,  Windows 10 , 64 bit Build 18362 (10.0.18362.1110)
Time: Mon Jan  4 13:32:05 2021 Oeieyiaey (ceia) elapsed time: 0 seconds (0d 0h 0m 0s)

---------------  T H R E A D  ---------------

Current thread (0x00000249aa77d800):  JavaThread "Unknown thread" [_thread_in_vm, id=10060, stack(0x0000005eda000000,0x0000005eda100000)]

Stack: [0x0000005eda000000,0x0000005eda100000]
Native frames: (J=compiled Java code, j=interpreted, Vv=VM code, C=native code)
V  [jvm.dll+0x63948a]
V  [jvm.dll+0x78b31f]
V  [jvm.dll+0x78c9c1]
V  [jvm.dll+0x78d013]
V  [jvm.dll+0x262138]
V  [jvm.dll+0x63698a]
V  [jvm.dll+0x62b505]
V  [jvm.dll+0x31d9bc]
V  [jvm.dll+0x31d7ef]
V  [jvm.dll+0x323526]
V  [jvm.dll+0x370f76]
V  [jvm.dll+0x370750]
V  [jvm.dll+0x2f786a]
V  [jvm.dll+0x2f8af2]
V  [jvm.dll+0x7657b7]
V  [jvm.dll+0x766e95]
V  [jvm.dll+0x37f089]
V  [jvm.dll+0x749b14]
V  [jvm.dll+0x3ee48d]
V  [jvm.dll+0x3f03c1]
C  [jli.dll+0x51cf]
C  [ucrtbase.dll+0x210b2]
C  [KERNEL32.DLL+0x17c24]
C  [ntdll.dll+0x6d4d1]


---------------  P R O C E S S  ---------------

Threads class SMR info:
_java_thread_list=0x00007ff9739848e8, length=0, elements={
}

Java Threads: ( => current thread )

Other Threads:
  0x00000249aa79d800 GCTaskThread "GC Thread#0" [stack: 0x0000005eda100000,0x0000005eda200000] [id=7768]
  0x00000249aa7a2800 ConcurrentGCThread "G1 Main Marker" [stack: 0x0000005eda200000,0x0000005eda300000] [id=4140]
  0x00000249aa7a5800 ConcurrentGCThread "G1 Conc#0" [stack: 0x0000005eda300000,0x0000005eda400000] [id=2356]

[error occurred during error reporting (printing all threads), id 0xc0000005, EXCEPTION_ACCESS_VIOLATION (0xc0000005) at pc=0x00007ff9731b7a37]

VM state:not at safepoint (not fully initialized)

VM Mutex/Monitor currently owned by a thread:  ([mutex/lock_event])
[0x00000249aa77a340] Heap_lock - owner thread: 0x00000249aa77d800

Heap address: 0x00000000e0000000, size: 512 MB, Compressed Oops mode: Non-zero based: 0x00000000e0000000
Narrow klass base: 0x0000000000000000, Narrow klass shift: 0

GC Heap History (0 events):
No events

Deoptimization events (0 events):
No events

Classes redefined (0 events):
No events

Internal exceptions (0 events):
No events

Events (0 events):
No events


Dynamic libraries:
0x00007ff7d7600000 - 0x00007ff7d760f000 	C:\Program Files\Java\jdk-12.0.1\bin\java.exe
0x00007ff9bbd60000 - 0x00007ff9bbf50000 	C:\WINDOWS\SYSTEM32\ntdll.dll
0x00007ff9b9e10000 - 0x00007ff9b9ec2000 	C:\WINDOWS\System32\KERNEL32.DLL
0x00007ff9b9b00000 - 0x00007ff9b9da5000 	C:\WINDOWS\System32\KERNELBASE.dll
0x00007ff9b9900000 - 0x00007ff9b99fa000 	C:\WINDOWS\System32\ucrtbase.dll
0x00007ff99e190000 - 0x00007ff99e1a8000 	C:\Program Files\Java\jdk-12.0.1\bin\jli.dll
0x00007ff9af5b0000 - 0x00007ff9af5c6000 	C:\Program Files\Java\jdk-12.0.1\bin\VCRUNTIME140.dll
0x00007ff9bb080000 - 0x00007ff9bb123000 	C:\WINDOWS\System32\ADVAPI32.dll
0x00007ff9baf70000 - 0x00007ff9bb00e000 	C:\WINDOWS\System32\msvcrt.dll
0x00007ff9ba7b0000 - 0x00007ff9ba847000 	C:\WINDOWS\System32\sechost.dll
0x00007ff9ba8c0000 - 0x00007ff9ba9e0000 	C:\WINDOWS\System32\RPCRT4.dll
0x00007ff9ba9e0000 - 0x00007ff9bab74000 	C:\WINDOWS\System32\USER32.dll
0x00007ff9b9db0000 - 0x00007ff9b9dd1000 	C:\WINDOWS\System32\win32u.dll
0x00007ff9ac290000 - 0x00007ff9ac514000 	C:\WINDOWS\WinSxS\amd64_microsoft.windows.common-controls_6595b64144ccf1df_6.0.18362.1256_none_9e7e379be45e40e2\COMCTL32.dll
0x00007ff9ba2f0000 - 0x00007ff9ba316000 	C:\WINDOWS\System32\GDI32.dll
0x00007ff9b9f00000 - 0x00007ff9ba236000 	C:\WINDOWS\System32\combase.dll
0x00007ff9b8cd0000 - 0x00007ff9b8e66000 	C:\WINDOWS\System32\gdi32full.dll
0x00007ff9b8f20000 - 0x00007ff9b8fbe000 	C:\WINDOWS\System32\msvcp_win.dll
0x00007ff9b9a20000 - 0x00007ff9b9aa1000 	C:\WINDOWS\System32\bcryptPrimitives.dll
0x00007ff9b89a0000 - 0x00007ff9b89aa000 	C:\WINDOWS\SYSTEM32\VERSION.dll
0x00007ff9b9ed0000 - 0x00007ff9b9efe000 	C:\WINDOWS\System32\IMM32.DLL
0x00007ff9b89b0000 - 0x00007ff9b89e6000 	C:\WINDOWS\system32\DriverStore\FileRepository\nvfm.inf_amd64_76974c92c44bbb6b\nvinitx.dll
0x00007ff9bb630000 - 0x00007ff9bbd17000 	C:\WINDOWS\System32\Shell32.dll
0x00007ff9b9ab0000 - 0x00007ff9b9afa000 	C:\WINDOWS\System32\cfgmgr32.dll
0x00007ff9ba240000 - 0x00007ff9ba2e9000 	C:\WINDOWS\System32\shcore.dll
0x00007ff9b9110000 - 0x00007ff9b9891000 	C:\WINDOWS\System32\windows.storage.dll
0x00007ff9b8c10000 - 0x00007ff9b8c33000 	C:\WINDOWS\System32\profapi.dll
0x00007ff9b8c40000 - 0x00007ff9b8c8a000 	C:\WINDOWS\System32\powrprof.dll
0x00007ff9b8c00000 - 0x00007ff9b8c10000 	C:\WINDOWS\System32\UMPDC.dll
0x00007ff9bb350000 - 0x00007ff9bb3a2000 	C:\WINDOWS\System32\shlwapi.dll
0x00007ff9b8cb0000 - 0x00007ff9b8cc1000 	C:\WINDOWS\System32\kernel.appcore.dll
0x00007ff9b9a00000 - 0x00007ff9b9a17000 	C:\WINDOWS\System32\cryptsp.dll
0x000000006cee0000 - 0x000000006cee6000 	C:\Program Files\NVIDIA Corporation\CoProcManager\_etoured.dll
0x00007ff9ae3a0000 - 0x00007ff9ae3e3000 	C:\Program Files\NVIDIA Corporation\CoProcManager\nvd3d9wrapx.dll
0x00007ff9ba340000 - 0x00007ff9ba7b0000 	C:\WINDOWS\System32\SETUPAPI.dll
0x00007ff9b9de0000 - 0x00007ff9b9e06000 	C:\WINDOWS\System32\bcrypt.dll
0x00007ff9b77b0000 - 0x00007ff9b77d0000 	C:\WINDOWS\SYSTEM32\dxcore.dll
0x00007ff9ae370000 - 0x00007ff9ae39d000 	C:\Program Files\NVIDIA Corporation\CoProcManager\nvdxgiwrapx.dll
0x00007ff977130000 - 0x00007ff9771da000 	C:\Program Files\Java\jdk-12.0.1\bin\msvcp140.dll
0x00007ff972eb0000 - 0x00007ff973a24000 	C:\Program Files\Java\jdk-12.0.1\bin\server\jvm.dll
0x00007ff9ba330000 - 0x00007ff9ba338000 	C:\WINDOWS\System32\PSAPI.DLL
0x00007ff9b50c0000 - 0x00007ff9b50c9000 	C:\WINDOWS\SYSTEM32\WSOCK32.dll
0x00007ff9b6380000 - 0x00007ff9b63a4000 	C:\WINDOWS\SYSTEM32\WINMM.dll
0x00007ff9ba850000 - 0x00007ff9ba8bf000 	C:\WINDOWS\System32\WS2_32.dll
0x00007ff9b6350000 - 0x00007ff9b637d000 	C:\WINDOWS\SYSTEM32\winmmbase.dll
0x00007ff99dcc0000 - 0x00007ff99dcd1000 	C:\Program Files\Java\jdk-12.0.1\bin\verify.dll
0x00007ff9b7540000 - 0x00007ff9b7734000 	C:\WINDOWS\SYSTEM32\DBGHELP.DLL
0x00007ff9a79a0000 - 0x00007ff9a79ca000 	C:\WINDOWS\SYSTEM32\dbgcore.DLL
0x00007ff99c650000 - 0x00007ff99c676000 	C:\Program Files\Java\jdk-12.0.1\bin\java.dll
0x00007ff99d5f0000 - 0x00007ff99d607000 	C:\Program Files\Java\jdk-12.0.1\bin\zip.dll
0x00007ff9b2ed0000 - 0x00007ff9b2eda000 	C:\Program Files\Java\jdk-12.0.1\bin\jimage.dll

dbghelp: loaded successfully - version: 4.0.5 - missing functions: none
symbol engine: initialized successfully - sym options: 0x614 - pdb path: .;C:\Program Files\Java\jdk-12.0.1\bin;C:\WINDOWS\SYSTEM32;C:\WINDOWS\WinSxS\amd64_microsoft.windows.common-controls_6595b64144ccf1df_6.0.18362.1256_none_9e7e379be45e40e2;C:\WINDOWS\system32\DriverStore\FileRepository\nvfm.inf_amd64_76974c92c44bbb6b;C:\Program Files\NVIDIA Corporation\CoProcManager;C:\Program Files\Java\jdk-12.0.1\bin\server

VM Arguments:
jvm_args: -Dorg.gradle.native=false -Xmx512m -Dfile.encoding=windows-1251 -Duser.country=RU -Duser.language=ru -Duser.variant -ea 
java_command: worker.org.gradle.process.internal.worker.GradleWorkerMain 'Gradle Test Executor 1'
java_class_path (initial): C:\\Gradle\\gradle-5.5\\caches\\6.7.1\\workerMain\\gradle-worker.jar;D:\\testExercise\\build\\classes\\java\\test;D:\\testExercise\\build\\resources\\test;D:\\testExercise\\build\\classes\\java\\main;D:\\testExercise\\build\\resources\\main;C:\\Gradle\\gradle-5.5\\caches\\modules-2\\files-2.1\\org.springframework.boot\\spring-boot-starter-data-mongodb-reactive\\2.4.1\\655a05dfabfab178a2365c40b762f2be67698d36\\spring-boot-starter-data-mongodb-reactive-2.4.1.jar;C:\\Gradle\\gradle-5.5\\caches\\modules-2\\files-2.1\\org.springframework.boot\\spring-boot-starter-webflux\\2.4.1\\e54535216a6b6becffc044fd8abff3e6011e576d\\spring-boot-starter-webflux-2.4.1.jar;C:\\Gradle\\gradle-5.5\\caches\\modules-2\\files-2.1\\org.springframework.boot\\spring-boot-starter-test\\2.4.1\\50147ab5f3b431a397d27e2c0af313b9147cd058\\spring-boot-starter-test-2.4.1.jar;C:\\Gradle\\gradle-5.5\\caches\\modules-2\\files-2.1\\de.flapdoodle.embed\\de.flapdoodle.embed.mongo\\2.2.0\\781d14f4e3d9eeb0b4c3e00a4ec165a04b3dc5c4\\de.flapdoodle.embed.mongo-2.2.0.jar;C:\\Gradle\\gradle-5.5\\caches\\modules-2\\files-2.1\\io.projectreactor\\reactor-test\\3.4.1\\ec8cef652db7d41ebf5967910872367b5423e989\\reactor-test-3.4.1.jar;C:\\Gradle\\gradle-5.5\\caches\\modules-2\\files-2.1\\org.springframework.boot\\spring-boot-starter-json\\2.4.1\\5a4b7088c88be531cb416ef218da3e19309f8cea\\spring-boot-starter-json-2.4.1.jar;C:\\Gradle\\gradle-5.5\\caches\\modules-2\\files-2.1\\org.springframework.boot\\spring-boot-starter\\2.4.1\\15d81ffe81e26de37986d491e1cf4c1e3a324ca3\\spring-boot-starter-2.4.1.jar;C:\\Gradle\\gradle-5.5\\caches\\modules-2\\files-2.1\\org.springframework\\spring-webflux\\5.3.2\\63fe694e07b0430991671eebac9fbb0ffba08483\\spring-webflux-5.3.2.jar;C:\\Gradle\\gradle-5.5\\caches\\modules-2\\files-2.1\\org.springframework.boot\\spring-boot-starter-reactor-netty\\2.4.1\\f4e512e25c75839c946b26756e18e7bee4307091\\spring-boot-starter-reactor-netty-2.4.1.jar;C:\\Gradle\\gradle-5.5\\caches\
Launcher Type: SUN_STANDARD

[Global flags]
     intx CICompilerCount                          = 3                                         {product} {ergonomic}
     uint ConcGCThreads                            = 1                                         {product} {ergonomic}
     uint G1ConcRefinementThreads                  = 4                                         {product} {ergonomic}
   size_t G1HeapRegionSize                         = 1048576                                   {product} {ergonomic}
    uintx GCDrainStackTargetSize                   = 64                                        {product} {ergonomic}
   size_t InitialHeapSize                          = 132120576                                 {product} {ergonomic}
   size_t MarkStackSize                            = 4194304                                   {product} {ergonomic}
   size_t MaxHeapSize                              = 536870912                                 {product} {command line}
   size_t MinHeapDeltaBytes                        = 1048576                                   {product} {ergonomic}
    uintx NonNMethodCodeHeapSize                   = 5830732                                {pd product} {ergonomic}
    uintx NonProfiledCodeHeapSize                  = 122913754                              {pd product} {ergonomic}
    uintx ProfiledCodeHeapSize                     = 122913754                              {pd product} {ergonomic}
    uintx ReservedCodeCacheSize                    = 251658240                              {pd product} {ergonomic}
     bool SegmentedCodeCache                       = true                                      {product} {ergonomic}
     bool UseCompressedClassPointers               = true                                 {lp64_product} {ergonomic}
     bool UseCompressedOops                        = true                                 {lp64_product} {ergonomic}
     bool UseG1GC                                  = true                                      {product} {ergonomic}
     bool UseLargePagesIndividualAllocation        = false                                  {pd product} {ergonomic}

Logging:
Log output configuration:
 #0: stdout all=warning uptime,level,tags
 #1: stderr all=off uptime,level,tags

Environment Variables:
JAVA_HOME=C:\Program Files\Java\jdk-12.0.1
PATH=C:\ProgramData\DockerDesktop\version-bin;C:\Program Files\Docker\Docker\Resources\bin;C:\WINDOWS\system32;C:\WINDOWS;C:\WINDOWS\System32\Wbem;C:\WINDOWS\System32\WindowsPowerShell\v1.0\;C:\WINDOWS\System32\OpenSSH\;C:\Program Files\Git\cmd;C:\Gradle\gradle-5.5\bin;C:\Go\bin;C:\Program Files\MySQL\MySQL Shell 8.0\bin\;C:\Users\Diana\AppData\Local\Microsoft\WindowsApps;;C:\Program Files\JetBrains\IntelliJ IDEA Community Edition 2019.1.3\bin;;C:\Users\Diana\go\bin;C:\Users\Diana\AppData\Local\Programs\Microsoft VS Code\bin
USERNAME=Diana
OS=Windows_NT
PROCESSOR_IDENTIFIER=Intel64 Family 6 Model 42 Stepping 7, GenuineIntel



---------------  S Y S T E M  ---------------

OS: Windows 10 , 64 bit Build 18362 (10.0.18362.1110)

CPU:total 4 (initial active 4) (2 cores per cpu, 2 threads per core) family 6 model 42 stepping 7, cmov, cx8, fxsr, mmx, sse, sse2, sse3, ssse3, sse4.1, sse4.2, popcnt, avx, clmul, ht, tsc, tscinvbit

Memory: 4k page, system-wide physical 8048M (825M free)
TotalPageFile size 8848M (AvailPageFile size 19M)
current process WorkingSet (physical memory assigned to process): 12M, peak: 12M
current process commit charge ("private bytes"): 52M, peak: 178M

vm_info: Java HotSpot(TM) 64-Bit Server VM (12.0.1+12) for windows-amd64 JRE (12.0.1+12), built on Apr  2 2019 14:02:19 by "mach5one" with MS VC++ 15.5 (VS2017)

END.
