#
# There is insufficient memory for the Java Runtime Environment to continue.
# Native memory allocation (malloc) failed to allocate 514576 bytes for Chunk::new
# Possible reasons:
#   The system is out of physical RAM or swap space
#   The process is running with CompressedOops enabled, and the Java Heap may be blocking the growth of the native heap
# Possible solutions:
#   Reduce memory load on the system
#   Increase physical memory or swap space
#   Check if swap backing store is full
#   Decrease Java heap size (-Xmx/-Xms)
#   Decrease number of Java threads
#   Decrease Java thread stack sizes (-Xss)
#   Set larger code cache with -XX:ReservedCodeCacheSize=
#   JVM is running with Unscaled Compressed Oops mode in which the Java heap is
#     placed in the first 4GB address space. The Java Heap base address is the
#     maximum limit for the native heap growth. Please use -XX:HeapBaseMinAddress
#     to set the Java Heap base and to place the Java Heap above 4GB virtual address.
# This output file may be truncated or incomplete.
#
#  Out of Memory Error (t:/workspace/open/src/hotspot/share/memory/arena.cpp:197), pid=9280, tid=9832
#
# JRE version: Java(TM) SE Runtime Environment (12.0.1+12) (build 12.0.1+12)
# Java VM: Java HotSpot(TM) 64-Bit Server VM (12.0.1+12, mixed mode, sharing, tiered, compressed oops, g1 gc, windows-amd64)
# No core dump will be written. Minidumps are not enabled by default on client versions of Windows
#

---------------  S U M M A R Y ------------

Command Line: -javaagent:C:\Program Files\JetBrains\IntelliJ IDEA Community Edition 2020.1.1\lib\idea_rt.jar=58306:C:\Program Files\JetBrains\IntelliJ IDEA Community Edition 2020.1.1\bin -Dfile.encoding=UTF-8 com.dskushnir.testExercise.TestExerciseApplication

Host: Intel(R) Core(TM) i3-2328M CPU @ 2.20GHz, 4 cores, 7G,  Windows 10 , 64 bit Build 18362 (10.0.18362.1110)
Time: Sun Jan  3 13:47:02 2021 Oeieyiaey (ceia) elapsed time: 4 seconds (0d 0h 0m 4s)

---------------  T H R E A D  ---------------

Current thread (0x00000248482c9000):  JavaThread "C2 CompilerThread0" daemon [_thread_in_native, id=9832, stack(0x000000aaa3000000,0x000000aaa3100000)]


Current CompileTask:
C2:   4520 2015       4       jdk.internal.module.SystemModuleFinders$SystemModuleReader::findImageLocation (42 bytes)

Stack: [0x000000aaa3000000,0x000000aaa3100000]
Native frames: (J=compiled Java code, j=interpreted, Vv=VM code, C=native code)
V  [jvm.dll+0x63948a]
V  [jvm.dll+0x78b31f]
V  [jvm.dll+0x78c9c1]
V  [jvm.dll+0x78d013]
V  [jvm.dll+0x262138]
V  [jvm.dll+0xc582c]
V  [jvm.dll+0xc5dac]
V  [jvm.dll+0x3796a7]
V  [jvm.dll+0x1aeff0]
V  [jvm.dll+0x21c142]
V  [jvm.dll+0x21b20a]
V  [jvm.dll+0x199890]
V  [jvm.dll+0x22a534]
V  [jvm.dll+0x228b88]
V  [jvm.dll+0x74f660]
V  [jvm.dll+0x748648]
V  [jvm.dll+0x638566]
C  [ucrtbase.dll+0x210b2]
C  [KERNEL32.DLL+0x17c24]
C  [ntdll.dll+0x6d4d1]


---------------  P R O C E S S  ---------------

Threads class SMR info:
_java_thread_list=0x000002484c9f1020, length=12, elements={
0x000002482a475000, 0x00000248482ad800, 0x00000248482b0800, 0x00000248482c6800,
0x00000248482c7800, 0x00000248482c9000, 0x00000248482d6800, 0x000002484830e000,
0x000002484afd0800, 0x000002484b34d000, 0x000002484b34e000, 0x000002484bea2000
}

Java Threads: ( => current thread )
  0x000002482a475000 JavaThread "main" [_thread_in_native, id=10044, stack(0x000000aaa2500000,0x000000aaa2600000)]
  0x00000248482ad800 JavaThread "Reference Handler" daemon [_thread_blocked, id=8372, stack(0x000000aaa2c00000,0x000000aaa2d00000)]
  0x00000248482b0800 JavaThread "Finalizer" daemon [_thread_blocked, id=1244, stack(0x000000aaa2d00000,0x000000aaa2e00000)]
  0x00000248482c6800 JavaThread "Signal Dispatcher" daemon [_thread_blocked, id=2116, stack(0x000000aaa2e00000,0x000000aaa2f00000)]
  0x00000248482c7800 JavaThread "Attach Listener" daemon [_thread_blocked, id=1684, stack(0x000000aaa2f00000,0x000000aaa3000000)]
=>0x00000248482c9000 JavaThread "C2 CompilerThread0" daemon [_thread_in_native, id=9832, stack(0x000000aaa3000000,0x000000aaa3100000)]
  0x00000248482d6800 JavaThread "C1 CompilerThread0" daemon [_thread_blocked, id=5612, stack(0x000000aaa3100000,0x000000aaa3200000)]
  0x000002484830e000 JavaThread "Sweeper thread" daemon [_thread_blocked, id=9664, stack(0x000000aaa3200000,0x000000aaa3300000)]
  0x000002484afd0800 JavaThread "Common-Cleaner" daemon [_thread_blocked, id=3332, stack(0x000000aaa3300000,0x000000aaa3400000)]
  0x000002484b34d000 JavaThread "Monitor Ctrl-Break" daemon [_thread_in_native, id=7956, stack(0x000000aaa3500000,0x000000aaa3600000)]
  0x000002484b34e000 JavaThread "Service Thread" daemon [_thread_blocked, id=5952, stack(0x000000aaa3600000,0x000000aaa3700000)]
  0x000002484bea2000 JavaThread "C2 CompilerThread1" daemon [_thread_in_native, id=7068, stack(0x000000aaa3a00000,0x000000aaa3b00000)]

Other Threads:
  0x00000248482a7800 VMThread "VM Thread" [stack: 0x000000aaa2b00000,0x000000aaa2c00000] [id=9768]
  0x000002484b4f4000 WatcherThread [stack: 0x000000aaa3700000,0x000000aaa3800000] [id=6948]
  0x000002482a4b3000 GCTaskThread "GC Thread#0" [stack: 0x000000aaa2600000,0x000000aaa2700000] [id=3268]
  0x000002484bb26000 GCTaskThread "GC Thread#1" [stack: 0x000000aaa3400000,0x000000aaa3500000] [id=4640]
  0x000002484bd5b000 GCTaskThread "GC Thread#2" [stack: 0x000000aaa3800000,0x000000aaa3900000] [id=8716]
  0x000002484c24c000 GCTaskThread "GC Thread#3" [stack: 0x000000aaa3c00000,0x000000aaa3d00000] [id=5004]
  0x0000024848114000 ConcurrentGCThread "G1 Main Marker" [stack: 0x000000aaa2700000,0x000000aaa2800000] [id=3888]
  0x000002482a4bd000 ConcurrentGCThread "G1 Conc#0" [stack: 0x000000aaa2800000,0x000000aaa2900000] [id=7624]
  0x000002484819f000 ConcurrentGCThread "G1 Refine#0" [stack: 0x000000aaa2900000,0x000000aaa2a00000] [id=9504]
  0x000002484bbce000 ConcurrentGCThread "G1 Refine#1" [stack: 0x000000aaa3900000,0x000000aaa3a00000] [id=8624]
  0x00000248481a0000 ConcurrentGCThread "G1 Young RemSet Sampling" [stack: 0x000000aaa2a00000,0x000000aaa2b00000] [id=5124]

Threads with active compile tasks:
C2 CompilerThread0  2015       4       jdk.internal.module.SystemModuleFinders$SystemModuleReader::findImageLocation (42 bytes)
C2 CompilerThread1  2016  s    4       jdk.internal.jimage.BasicImageReader::findLocation (115 bytes)

VM state:not at safepoint (normal execution)

VM Mutex/Monitor currently owned by a thread: None

Heap address: 0x0000000082200000, size: 2014 MB, Compressed Oops mode: 32-bit
Narrow klass base: 0x0000000800000000, Narrow klass shift: 3
Compressed class space size: 1073741824 Address: 0x00000008011a0000

Heap:
 garbage-first heap   total 129024K, used 41077K [0x0000000082200000, 0x0000000100000000)
  region size 1024K, 37 young (37888K), 2 survivors (2048K)
 Metaspace       used 16101K, capacity 16667K, committed 16896K, reserved 1064960K
  class space    used 1951K, capacity 2184K, committed 2304K, reserved 1048576K
Heap Regions: E=young(eden), S=young(survivor), O=old, HS=humongous(starts), HC=humongous(continues), CS=collection set, F=free, A=archive, TAMS=top-at-mark-start (previous, next)
|   0|0x0000000082200000, 0x0000000082300000, 0x0000000082300000|100%| O|  |TAMS 0x0000000082200000, 0x0000000082200000| Untracked 
|   1|0x0000000082300000, 0x0000000082400000, 0x0000000082400000|100%| O|  |TAMS 0x0000000082300000, 0x0000000082300000| Untracked 
|   2|0x0000000082400000, 0x0000000082500000, 0x0000000082500000|100%| O|  |TAMS 0x0000000082400000, 0x0000000082400000| Untracked 
|   3|0x0000000082500000, 0x0000000082600000, 0x0000000082600000|100%| O|  |TAMS 0x0000000082500000, 0x0000000082500000| Untracked 
|   4|0x0000000082600000, 0x0000000082687600, 0x0000000082700000| 52%| O|  |TAMS 0x0000000082600000, 0x0000000082600000| Untracked 
|   5|0x0000000082700000, 0x0000000082700000, 0x0000000082800000|  0%| F|  |TAMS 0x0000000082700000, 0x0000000082700000| Untracked 
|   6|0x0000000082800000, 0x0000000082800000, 0x0000000082900000|  0%| F|  |TAMS 0x0000000082800000, 0x0000000082800000| Untracked 
|   7|0x0000000082900000, 0x0000000082900000, 0x0000000082a00000|  0%| F|  |TAMS 0x0000000082900000, 0x0000000082900000| Untracked 
|   8|0x0000000082a00000, 0x0000000082a00000, 0x0000000082b00000|  0%| F|  |TAMS 0x0000000082a00000, 0x0000000082a00000| Untracked 
|   9|0x0000000082b00000, 0x0000000082b00000, 0x0000000082c00000|  0%| F|  |TAMS 0x0000000082b00000, 0x0000000082b00000| Untracked 
|  10|0x0000000082c00000, 0x0000000082c00000, 0x0000000082d00000|  0%| F|  |TAMS 0x0000000082c00000, 0x0000000082c00000| Untracked 
|  11|0x0000000082d00000, 0x0000000082d00000, 0x0000000082e00000|  0%| F|  |TAMS 0x0000000082d00000, 0x0000000082d00000| Untracked 
|  12|0x0000000082e00000, 0x0000000082e00000, 0x0000000082f00000|  0%| F|  |TAMS 0x0000000082e00000, 0x0000000082e00000| Untracked 
|  13|0x0000000082f00000, 0x0000000082f00000, 0x0000000083000000|  0%| F|  |TAMS 0x0000000082f00000, 0x0000000082f00000| Untracked 
|  14|0x0000000083000000, 0x0000000083000000, 0x0000000083100000|  0%| F|  |TAMS 0x0000000083000000, 0x0000000083000000| Untracked 
|  15|0x0000000083100000, 0x0000000083100000, 0x0000000083200000|  0%| F|  |TAMS 0x0000000083100000, 0x0000000083100000| Untracked 
|  16|0x0000000083200000, 0x0000000083200000, 0x0000000083300000|  0%| F|  |TAMS 0x0000000083200000, 0x0000000083200000| Untracked 
|  17|0x0000000083300000, 0x0000000083300000, 0x0000000083400000|  0%| F|  |TAMS 0x0000000083300000, 0x0000000083300000| Untracked 
|  18|0x0000000083400000, 0x0000000083400000, 0x0000000083500000|  0%| F|  |TAMS 0x0000000083400000, 0x0000000083400000| Untracked 
|  19|0x0000000083500000, 0x0000000083500000, 0x0000000083600000|  0%| F|  |TAMS 0x0000000083500000, 0x0000000083500000| Untracked 
|  20|0x0000000083600000, 0x0000000083600000, 0x0000000083700000|  0%| F|  |TAMS 0x0000000083600000, 0x0000000083600000| Untracked 
|  21|0x0000000083700000, 0x0000000083700000, 0x0000000083800000|  0%| F|  |TAMS 0x0000000083700000, 0x0000000083700000| Untracked 
|  22|0x0000000083800000, 0x0000000083800000, 0x0000000083900000|  0%| F|  |TAMS 0x0000000083800000, 0x0000000083800000| Untracked 
|  23|0x0000000083900000, 0x0000000083900000, 0x0000000083a00000|  0%| F|  |TAMS 0x0000000083900000, 0x0000000083900000| Untracked 
|  24|0x0000000083a00000, 0x0000000083a00000, 0x0000000083b00000|  0%| F|  |TAMS 0x0000000083a00000, 0x0000000083a00000| Untracked 
|  25|0x0000000083b00000, 0x0000000083b00000, 0x0000000083c00000|  0%| F|  |TAMS 0x0000000083b00000, 0x0000000083b00000| Untracked 
|  26|0x0000000083c00000, 0x0000000083c00000, 0x0000000083d00000|  0%| F|  |TAMS 0x0000000083c00000, 0x0000000083c00000| Untracked 
|  27|0x0000000083d00000, 0x0000000083d00000, 0x0000000083e00000|  0%| F|  |TAMS 0x0000000083d00000, 0x0000000083d00000| Untracked 
|  28|0x0000000083e00000, 0x0000000083e00000, 0x0000000083f00000|  0%| F|  |TAMS 0x0000000083e00000, 0x0000000083e00000| Untracked 
|  29|0x0000000083f00000, 0x0000000083f00000, 0x0000000084000000|  0%| F|  |TAMS 0x0000000083f00000, 0x0000000083f00000| Untracked 
|  30|0x0000000084000000, 0x0000000084000000, 0x0000000084100000|  0%| F|  |TAMS 0x0000000084000000, 0x0000000084000000| Untracked 
|  31|0x0000000084100000, 0x0000000084100000, 0x0000000084200000|  0%| F|  |TAMS 0x0000000084100000, 0x0000000084100000| Untracked 
|  32|0x0000000084200000, 0x0000000084200000, 0x0000000084300000|  0%| F|  |TAMS 0x0000000084200000, 0x0000000084200000| Untracked 
|  33|0x0000000084300000, 0x0000000084300000, 0x0000000084400000|  0%| F|  |TAMS 0x0000000084300000, 0x0000000084300000| Untracked 
|  34|0x0000000084400000, 0x0000000084400000, 0x0000000084500000|  0%| F|  |TAMS 0x0000000084400000, 0x0000000084400000| Untracked 
|  35|0x0000000084500000, 0x0000000084500000, 0x0000000084600000|  0%| F|  |TAMS 0x0000000084500000, 0x0000000084500000| Untracked 
|  36|0x0000000084600000, 0x0000000084600000, 0x0000000084700000|  0%| F|  |TAMS 0x0000000084600000, 0x0000000084600000| Untracked 
|  37|0x0000000084700000, 0x0000000084700000, 0x0000000084800000|  0%| F|  |TAMS 0x0000000084700000, 0x0000000084700000| Untracked 
|  38|0x0000000084800000, 0x0000000084800000, 0x0000000084900000|  0%| F|  |TAMS 0x0000000084800000, 0x0000000084800000| Untracked 
|  39|0x0000000084900000, 0x0000000084900000, 0x0000000084a00000|  0%| F|  |TAMS 0x0000000084900000, 0x0000000084900000| Untracked 
|  40|0x0000000084a00000, 0x0000000084a00000, 0x0000000084b00000|  0%| F|  |TAMS 0x0000000084a00000, 0x0000000084a00000| Untracked 
|  41|0x0000000084b00000, 0x0000000084b00000, 0x0000000084c00000|  0%| F|  |TAMS 0x0000000084b00000, 0x0000000084b00000| Untracked 
|  42|0x0000000084c00000, 0x0000000084c00000, 0x0000000084d00000|  0%| F|  |TAMS 0x0000000084c00000, 0x0000000084c00000| Untracked 
|  43|0x0000000084d00000, 0x0000000084d00000, 0x0000000084e00000|  0%| F|  |TAMS 0x0000000084d00000, 0x0000000084d00000| Untracked 
|  44|0x0000000084e00000, 0x0000000084e00000, 0x0000000084f00000|  0%| F|  |TAMS 0x0000000084e00000, 0x0000000084e00000| Untracked 
|  45|0x0000000084f00000, 0x0000000084f00000, 0x0000000085000000|  0%| F|  |TAMS 0x0000000084f00000, 0x0000000084f00000| Untracked 
|  46|0x0000000085000000, 0x0000000085000000, 0x0000000085100000|  0%| F|  |TAMS 0x0000000085000000, 0x0000000085000000| Untracked 
|  47|0x0000000085100000, 0x0000000085100000, 0x0000000085200000|  0%| F|  |TAMS 0x0000000085100000, 0x0000000085100000| Untracked 
|  48|0x0000000085200000, 0x0000000085200000, 0x0000000085300000|  0%| F|  |TAMS 0x0000000085200000, 0x0000000085200000| Untracked 
|  49|0x0000000085300000, 0x0000000085300000, 0x0000000085400000|  0%| F|  |TAMS 0x0000000085300000, 0x0000000085300000| Untracked 
|  50|0x0000000085400000, 0x0000000085400000, 0x0000000085500000|  0%| F|  |TAMS 0x0000000085400000, 0x0000000085400000| Untracked 
|  51|0x0000000085500000, 0x0000000085500000, 0x0000000085600000|  0%| F|  |TAMS 0x0000000085500000, 0x0000000085500000| Untracked 
|  52|0x0000000085600000, 0x0000000085600000, 0x0000000085700000|  0%| F|  |TAMS 0x0000000085600000, 0x0000000085600000| Untracked 
|  53|0x0000000085700000, 0x0000000085700000, 0x0000000085800000|  0%| F|  |TAMS 0x0000000085700000, 0x0000000085700000| Untracked 
|  54|0x0000000085800000, 0x0000000085800000, 0x0000000085900000|  0%| F|  |TAMS 0x0000000085800000, 0x0000000085800000| Untracked 
|  55|0x0000000085900000, 0x0000000085900000, 0x0000000085a00000|  0%| F|  |TAMS 0x0000000085900000, 0x0000000085900000| Untracked 
|  56|0x0000000085a00000, 0x0000000085a00000, 0x0000000085b00000|  0%| F|  |TAMS 0x0000000085a00000, 0x0000000085a00000| Untracked 
|  57|0x0000000085b00000, 0x0000000085b00000, 0x0000000085c00000|  0%| F|  |TAMS 0x0000000085b00000, 0x0000000085b00000| Untracked 
|  58|0x0000000085c00000, 0x0000000085c00000, 0x0000000085d00000|  0%| F|  |TAMS 0x0000000085c00000, 0x0000000085c00000| Untracked 
|  59|0x0000000085d00000, 0x0000000085d00000, 0x0000000085e00000|  0%| F|  |TAMS 0x0000000085d00000, 0x0000000085d00000| Untracked 
|  60|0x0000000085e00000, 0x0000000085e00000, 0x0000000085f00000|  0%| F|  |TAMS 0x0000000085e00000, 0x0000000085e00000| Untracked 
|  61|0x0000000085f00000, 0x0000000085f00000, 0x0000000086000000|  0%| F|  |TAMS 0x0000000085f00000, 0x0000000085f00000| Untracked 
|  62|0x0000000086000000, 0x0000000086000000, 0x0000000086100000|  0%| F|  |TAMS 0x0000000086000000, 0x0000000086000000| Untracked 
|  63|0x0000000086100000, 0x0000000086100000, 0x0000000086200000|  0%| F|  |TAMS 0x0000000086100000, 0x0000000086100000| Untracked 
|  64|0x0000000086200000, 0x0000000086200000, 0x0000000086300000|  0%| F|  |TAMS 0x0000000086200000, 0x0000000086200000| Untracked 
|  65|0x0000000086300000, 0x0000000086300000, 0x0000000086400000|  0%| F|  |TAMS 0x0000000086300000, 0x0000000086300000| Untracked 
|  66|0x0000000086400000, 0x0000000086400000, 0x0000000086500000|  0%| F|  |TAMS 0x0000000086400000, 0x0000000086400000| Untracked 
|  67|0x0000000086500000, 0x0000000086500000, 0x0000000086600000|  0%| F|  |TAMS 0x0000000086500000, 0x0000000086500000| Untracked 
|  68|0x0000000086600000, 0x0000000086600000, 0x0000000086700000|  0%| F|  |TAMS 0x0000000086600000, 0x0000000086600000| Untracked 
|  69|0x0000000086700000, 0x0000000086700000, 0x0000000086800000|  0%| F|  |TAMS 0x0000000086700000, 0x0000000086700000| Untracked 
|  70|0x0000000086800000, 0x0000000086800000, 0x0000000086900000|  0%| F|  |TAMS 0x0000000086800000, 0x0000000086800000| Untracked 
|  71|0x0000000086900000, 0x0000000086900000, 0x0000000086a00000|  0%| F|  |TAMS 0x0000000086900000, 0x0000000086900000| Untracked 
|  72|0x0000000086a00000, 0x0000000086a00000, 0x0000000086b00000|  0%| F|  |TAMS 0x0000000086a00000, 0x0000000086a00000| Untracked 
|  73|0x0000000086b00000, 0x0000000086b00000, 0x0000000086c00000|  0%| F|  |TAMS 0x0000000086b00000, 0x0000000086b00000| Untracked 
|  74|0x0000000086c00000, 0x0000000086c00000, 0x0000000086d00000|  0%| F|  |TAMS 0x0000000086c00000, 0x0000000086c00000| Untracked 
|  75|0x0000000086d00000, 0x0000000086d00000, 0x0000000086e00000|  0%| F|  |TAMS 0x0000000086d00000, 0x0000000086d00000| Untracked 
|  76|0x0000000086e00000, 0x0000000086e00000, 0x0000000086f00000|  0%| F|  |TAMS 0x0000000086e00000, 0x0000000086e00000| Untracked 
|  77|0x0000000086f00000, 0x0000000086f00000, 0x0000000087000000|  0%| F|  |TAMS 0x0000000086f00000, 0x0000000086f00000| Untracked 
|  78|0x0000000087000000, 0x0000000087000000, 0x0000000087100000|  0%| F|  |TAMS 0x0000000087000000, 0x0000000087000000| Untracked 
|  79|0x0000000087100000, 0x0000000087100000, 0x0000000087200000|  0%| F|  |TAMS 0x0000000087100000, 0x0000000087100000| Untracked 
|  80|0x0000000087200000, 0x0000000087200000, 0x0000000087300000|  0%| F|  |TAMS 0x0000000087200000, 0x0000000087200000| Untracked 
|  81|0x0000000087300000, 0x0000000087300000, 0x0000000087400000|  0%| F|  |TAMS 0x0000000087300000, 0x0000000087300000| Untracked 
|  82|0x0000000087400000, 0x0000000087400000, 0x0000000087500000|  0%| F|  |TAMS 0x0000000087400000, 0x0000000087400000| Untracked 
|  83|0x0000000087500000, 0x0000000087500000, 0x0000000087600000|  0%| F|  |TAMS 0x0000000087500000, 0x0000000087500000| Untracked 
|  84|0x0000000087600000, 0x0000000087600000, 0x0000000087700000|  0%| F|  |TAMS 0x0000000087600000, 0x0000000087600000| Untracked 
|  85|0x0000000087700000, 0x0000000087700000, 0x0000000087800000|  0%| F|  |TAMS 0x0000000087700000, 0x0000000087700000| Untracked 
|  86|0x0000000087800000, 0x0000000087800000, 0x0000000087900000|  0%| F|  |TAMS 0x0000000087800000, 0x0000000087800000| Untracked 
|  87|0x0000000087900000, 0x0000000087900000, 0x0000000087a00000|  0%| F|  |TAMS 0x0000000087900000, 0x0000000087900000| Untracked 
|  88|0x0000000087a00000, 0x0000000087a00000, 0x0000000087b00000|  0%| F|  |TAMS 0x0000000087a00000, 0x0000000087a00000| Untracked 
|  89|0x0000000087b00000, 0x0000000087c00000, 0x0000000087c00000|100%| E|  |TAMS 0x0000000087b00000, 0x0000000087b00000| Complete 
|  90|0x0000000087c00000, 0x0000000087d00000, 0x0000000087d00000|100%| E|CS|TAMS 0x0000000087c00000, 0x0000000087c00000| Complete 
|  91|0x0000000087d00000, 0x0000000087e00000, 0x0000000087e00000|100%| E|CS|TAMS 0x0000000087d00000, 0x0000000087d00000| Complete 
|  92|0x0000000087e00000, 0x0000000087f00000, 0x0000000087f00000|100%| E|CS|TAMS 0x0000000087e00000, 0x0000000087e00000| Complete 
|  93|0x0000000087f00000, 0x0000000088000000, 0x0000000088000000|100%| E|CS|TAMS 0x0000000087f00000, 0x0000000087f00000| Complete 
|  94|0x0000000088000000, 0x0000000088100000, 0x0000000088100000|100%| E|CS|TAMS 0x0000000088000000, 0x0000000088000000| Complete 
|  95|0x0000000088100000, 0x0000000088200000, 0x0000000088200000|100%| E|CS|TAMS 0x0000000088100000, 0x0000000088100000| Complete 
|  96|0x0000000088200000, 0x0000000088300000, 0x0000000088300000|100%| E|CS|TAMS 0x0000000088200000, 0x0000000088200000| Complete 
|  97|0x0000000088300000, 0x0000000088400000, 0x0000000088400000|100%| E|CS|TAMS 0x0000000088300000, 0x0000000088300000| Complete 
|  98|0x0000000088400000, 0x0000000088500000, 0x0000000088500000|100%| E|CS|TAMS 0x0000000088400000, 0x0000000088400000| Complete 
|  99|0x0000000088500000, 0x0000000088600000, 0x0000000088600000|100%| E|CS|TAMS 0x0000000088500000, 0x0000000088500000| Complete 
| 100|0x0000000088600000, 0x0000000088695ef8, 0x0000000088700000| 58%| S|CS|TAMS 0x0000000088600000, 0x0000000088600000| Complete 
| 101|0x0000000088700000, 0x0000000088800000, 0x0000000088800000|100%| S|CS|TAMS 0x0000000088700000, 0x0000000088700000| Complete 
| 102|0x0000000088800000, 0x0000000088900000, 0x0000000088900000|100%| E|CS|TAMS 0x0000000088800000, 0x0000000088800000| Complete 
| 103|0x0000000088900000, 0x0000000088a00000, 0x0000000088a00000|100%| E|CS|TAMS 0x0000000088900000, 0x0000000088900000| Complete 
| 104|0x0000000088a00000, 0x0000000088b00000, 0x0000000088b00000|100%| E|CS|TAMS 0x0000000088a00000, 0x0000000088a00000| Complete 
| 105|0x0000000088b00000, 0x0000000088c00000, 0x0000000088c00000|100%| E|CS|TAMS 0x0000000088b00000, 0x0000000088b00000| Complete 
| 106|0x0000000088c00000, 0x0000000088d00000, 0x0000000088d00000|100%| E|CS|TAMS 0x0000000088c00000, 0x0000000088c00000| Complete 
| 107|0x0000000088d00000, 0x0000000088e00000, 0x0000000088e00000|100%| E|CS|TAMS 0x0000000088d00000, 0x0000000088d00000| Complete 
| 108|0x0000000088e00000, 0x0000000088f00000, 0x0000000088f00000|100%| E|CS|TAMS 0x0000000088e00000, 0x0000000088e00000| Complete 
| 109|0x0000000088f00000, 0x0000000089000000, 0x0000000089000000|100%| E|CS|TAMS 0x0000000088f00000, 0x0000000088f00000| Complete 
| 110|0x0000000089000000, 0x0000000089100000, 0x0000000089100000|100%| E|CS|TAMS 0x0000000089000000, 0x0000000089000000| Complete 
| 111|0x0000000089100000, 0x0000000089200000, 0x0000000089200000|100%| E|CS|TAMS 0x0000000089100000, 0x0000000089100000| Complete 
| 112|0x0000000089200000, 0x0000000089300000, 0x0000000089300000|100%| E|CS|TAMS 0x0000000089200000, 0x0000000089200000| Complete 
| 113|0x0000000089300000, 0x0000000089400000, 0x0000000089400000|100%| E|CS|TAMS 0x0000000089300000, 0x0000000089300000| Complete 
| 114|0x0000000089400000, 0x0000000089500000, 0x0000000089500000|100%| E|CS|TAMS 0x0000000089400000, 0x0000000089400000| Complete 
| 115|0x0000000089500000, 0x0000000089600000, 0x0000000089600000|100%| E|CS|TAMS 0x0000000089500000, 0x0000000089500000| Complete 
| 116|0x0000000089600000, 0x0000000089700000, 0x0000000089700000|100%| E|CS|TAMS 0x0000000089600000, 0x0000000089600000| Complete 
| 117|0x0000000089700000, 0x0000000089800000, 0x0000000089800000|100%| E|CS|TAMS 0x0000000089700000, 0x0000000089700000| Complete 
| 118|0x0000000089800000, 0x0000000089900000, 0x0000000089900000|100%| E|CS|TAMS 0x0000000089800000, 0x0000000089800000| Complete 
| 119|0x0000000089900000, 0x0000000089a00000, 0x0000000089a00000|100%| E|CS|TAMS 0x0000000089900000, 0x0000000089900000| Complete 
| 120|0x0000000089a00000, 0x0000000089b00000, 0x0000000089b00000|100%| E|CS|TAMS 0x0000000089a00000, 0x0000000089a00000| Complete 
| 121|0x0000000089b00000, 0x0000000089c00000, 0x0000000089c00000|100%| E|CS|TAMS 0x0000000089b00000, 0x0000000089b00000| Complete 
| 122|0x0000000089c00000, 0x0000000089d00000, 0x0000000089d00000|100%| E|CS|TAMS 0x0000000089c00000, 0x0000000089c00000| Complete 
| 123|0x0000000089d00000, 0x0000000089e00000, 0x0000000089e00000|100%| E|CS|TAMS 0x0000000089d00000, 0x0000000089d00000| Complete 
| 124|0x0000000089e00000, 0x0000000089f00000, 0x0000000089f00000|100%| E|CS|TAMS 0x0000000089e00000, 0x0000000089e00000| Complete 
| 125|0x0000000089f00000, 0x000000008a000000, 0x000000008a000000|100%| E|CS|TAMS 0x0000000089f00000, 0x0000000089f00000| Complete 

Card table byte_map: [0x00000248439e0000,0x0000024843dd0000] _byte_map_base: 0x00000248435cf000

Marking Bits (Prev, Next): (CMBitMap*) 0x000002482a4b3f08, (CMBitMap*) 0x000002482a4b3f48
 Prev Bits: [0x00000248441c0000, 0x0000024846138000)
 Next Bits: [0x0000024846140000, 0x00000248480b8000)

Polling page: 0x000002482a4c0000

Metaspace:

Usage:
  Non-class:     14.14 MB capacity,    13.83 MB ( 98%) used,   265.03 KB (  2%) free+waste,    55.63 KB ( <1%) overhead. 
      Class:      2.13 MB capacity,     1.91 MB ( 89%) used,   201.62 KB (  9%) free+waste,    28.50 KB (  1%) overhead. 
       Both:     16.28 MB capacity,    15.74 MB ( 97%) used,   466.65 KB (  3%) free+waste,    84.13 KB ( <1%) overhead. 

Virtual space:
  Non-class space:       16.00 MB reserved,      14.25 MB ( 89%) committed 
      Class space:        1.00 GB reserved,       2.25 MB ( <1%) committed 
             Both:        1.02 GB reserved,      16.50 MB (  2%) committed 

Chunk freelists:
   Non-Class:  5.63 KB
       Class:  3.00 KB
        Both:  8.63 KB

CodeHeap 'non-profiled nmethods': size=120064Kb used=838Kb max_used=838Kb free=119225Kb
 bounds [0x000002483ba90000, 0x000002483bd00000, 0x0000024842fd0000]
CodeHeap 'profiled nmethods': size=120000Kb used=4364Kb max_used=4364Kb free=115635Kb
 bounds [0x0000024834560000, 0x00000248349b0000, 0x000002483ba90000]
CodeHeap 'non-nmethods': size=5696Kb used=1148Kb max_used=1178Kb free=4547Kb
 bounds [0x0000024833fd0000, 0x0000024834240000, 0x0000024834560000]
 total_blobs=3041 nmethods=2096 adapters=375
 compilation: enabled
              stopped_count=0, restarted_count=0
 full_count=0

Compilation events (10 events):
Event: 4.403 Thread 0x00000248482d6800 2048       3       sun.nio.fs.WindowsPath::<init> (26 bytes)
Event: 4.404 Thread 0x00000248482d6800 nmethod 2048 0x0000024834966a10 code [0x0000024834966be0, 0x0000024834966f38]
Event: 4.418 Thread 0x00000248482d6800 2050   !   3       org.springframework.core.io.DefaultResourceLoader::getResource (144 bytes)
Event: 4.421 Thread 0x00000248482d6800 nmethod 2050 0x0000024834967010 code [0x00000248349673a0, 0x0000024834968b40]
Event: 4.421 Thread 0x00000248482d6800 2051       3       org.springframework.core.io.ClassPathResource::hashCode (8 bytes)
Event: 4.421 Thread 0x00000248482d6800 nmethod 2051 0x0000024834969290 code [0x0000024834969460, 0x0000024834969610]
Event: 4.421 Thread 0x00000248482d6800 2052       3       java.util.stream.Sink$ChainedReference::end (10 bytes)
Event: 4.421 Thread 0x00000248482d6800 nmethod 2052 0x0000024834969710 code [0x00000248349698e0, 0x0000024834969b30]
Event: 4.422 Thread 0x00000248482d6800 2053       3       java.util.WeakHashMap::remove (133 bytes)
Event: 4.424 Thread 0x00000248482d6800 nmethod 2053 0x0000024834969c10 code [0x0000024834969e60, 0x000002483496a9f0]

GC Heap History (6 events):
Event: 1.642 GC heap before
{Heap before GC invocations=0 (full 0):
 garbage-first heap   total 129024K, used 13312K [0x0000000082200000, 0x0000000100000000)
  region size 1024K, 14 young (14336K), 0 survivors (0K)
 Metaspace       used 3733K, capacity 6172K, committed 6272K, reserved 1056768K
  class space    used 389K, capacity 633K, committed 640K, reserved 1048576K
}
Event: 1.655 GC heap after
{Heap after GC invocations=1 (full 0):
 garbage-first heap   total 129024K, used 4671K [0x0000000082200000, 0x0000000100000000)
  region size 1024K, 2 young (2048K), 2 survivors (2048K)
 Metaspace       used 3733K, capacity 6172K, committed 6272K, reserved 1056768K
  class space    used 389K, capacity 633K, committed 640K, reserved 1048576K
}
Event: 1.967 GC heap before
{Heap before GC invocations=1 (full 0):
 garbage-first heap   total 129024K, used 9791K [0x0000000082200000, 0x0000000100000000)
  region size 1024K, 7 young (7168K), 2 survivors (2048K)
 Metaspace       used 4829K, capacity 6995K, committed 7168K, reserved 1056768K
  class space    used 538K, capacity 760K, committed 768K, reserved 1048576K
}
Event: 1.972 GC heap after
{Heap after GC invocations=2 (full 0):
 garbage-first heap   total 129024K, used 5008K [0x0000000082200000, 0x0000000100000000)
  region size 1024K, 1 young (1024K), 1 survivors (1024K)
 Metaspace       used 4829K, capacity 6995K, committed 7168K, reserved 1056768K
  class space    used 538K, capacity 760K, committed 768K, reserved 1048576K
}
Event: 2.923 GC heap before
{Heap before GC invocations=2 (full 0):
 garbage-first heap   total 129024K, used 28560K [0x0000000082200000, 0x0000000100000000)
  region size 1024K, 24 young (24576K), 1 survivors (1024K)
 Metaspace       used 10228K, capacity 11269K, committed 11520K, reserved 1058816K
  class space    used 1246K, capacity 1427K, committed 1536K, reserved 1048576K
}
Event: 2.929 GC heap after
{Heap after GC invocations=3 (full 0):
 garbage-first heap   total 129024K, used 6261K [0x0000000082200000, 0x0000000100000000)
  region size 1024K, 2 young (2048K), 2 survivors (2048K)
 Metaspace       used 10228K, capacity 11269K, committed 11520K, reserved 1058816K
  class space    used 1246K, capacity 1427K, committed 1536K, reserved 1048576K
}

Deoptimization events (10 events):
Event: 2.893 Thread 0x000002482a475000 Uncommon trap: reason=unstable_if action=reinterpret pc=0x000002483bad3ff0 method=java.util.HashMap.hash(Ljava/lang/Object;)I @ 1 c2
Event: 2.951 Thread 0x000002482a475000 Uncommon trap: reason=unstable_if action=reinterpret pc=0x000002483baf9438 method=java.util.HashMap.getNode(ILjava/lang/Object;)Ljava/util/HashMap$Node; @ 129 c2
Event: 2.951 Thread 0x000002482a475000 Uncommon trap: reason=class_check action=maybe_recompile pc=0x000002483bb02c84 method=java.util.HashMap.putVal(ILjava/lang/Object;Ljava/lang/Object;ZZ)Ljava/lang/Object; @ 203 c2
Event: 2.968 Thread 0x000002482a475000 Uncommon trap: reason=class_check action=maybe_recompile pc=0x000002483bb02c84 method=java.util.HashMap.putVal(ILjava/lang/Object;Ljava/lang/Object;ZZ)Ljava/lang/Object; @ 203 c2
Event: 3.368 Thread 0x000002482a475000 Uncommon trap: reason=unstable_if action=reinterpret pc=0x000002483baee2f4 method=java.util.concurrent.ConcurrentHashMap.putVal(Ljava/lang/Object;Ljava/lang/Object;Z)Ljava/lang/Object; @ 231 c2
Event: 3.411 Thread 0x000002482a475000 Uncommon trap: reason=unstable_if action=reinterpret pc=0x000002483baf03dc method=java.util.concurrent.ConcurrentHashMap.addCount(JI)V @ 34 c2
Event: 3.463 Thread 0x000002482a475000 Uncommon trap: reason=unstable_if action=reinterpret pc=0x000002483badcd28 method=java.util.concurrent.ConcurrentHashMap.get(Ljava/lang/Object;)Ljava/lang/Object; @ 76 c2
Event: 3.581 Thread 0x000002482a475000 Uncommon trap: reason=unstable_if action=reinterpret pc=0x000002483bab5b6c method=java.util.zip.ZipFile$Source.getEntryPos([BZ)I @ 156 c2
Event: 4.056 Thread 0x000002482a475000 Uncommon trap: reason=bimorphic_or_optimized_type_check action=maybe_recompile pc=0x000002483bb184dc method=java.util.HashMap.putVal(ILjava/lang/Object;Ljava/lang/Object;ZZ)Ljava/lang/Object; @ 203 c2
Event: 4.272 Thread 0x000002482a475000 Uncommon trap: reason=unstable_if action=reinterpret pc=0x000002483bb0b0f0 method=org.springframework.boot.context.properties.source.ConfigurationPropertyName$ElementsParser.add(IILorg/springframework/boot/context/properties/source/ConfigurationPropertyNa

Classes redefined (0 events):
No events

Internal exceptions (10 events):
Event: 3.594 Thread 0x000002484bea3000 Exception <a 'java/lang/NoSuchMethodError'{0x0000000088e52fa8}: java.lang.invoke.DirectMethodHandle$Holder.invokeStatic(Ljava/lang/Object;Ljava/lang/Object;)J> (0x0000000088e52fa8) thrown at [t:/workspace/open/src/hotspot/share/interpreter/linkResolver.cp
Event: 3.594 Thread 0x000002484bea3000 Exception <a 'java/lang/NoSuchMethodError'{0x0000000088e55dc0}: java.lang.invoke.DirectMethodHandle$Holder.invokeStaticInit(Ljava/lang/Object;Ljava/lang/Object;)J> (0x0000000088e55dc0) thrown at [t:/workspace/open/src/hotspot/share/interpreter/linkResolve
Event: 3.600 Thread 0x000002484bea3000 Exception <a 'java/lang/NoSuchMethodError'{0x0000000088e61808}: java.lang.invoke.DirectMethodHandle$Holder.invokeInterface(Ljava/lang/Object;Ljava/lang/Object;)J> (0x0000000088e61808) thrown at [t:/workspace/open/src/hotspot/share/interpreter/linkResolver
Event: 3.600 Thread 0x000002484bea3000 Exception <a 'java/lang/IncompatibleClassChangeError'{0x0000000088e64328}: Found class java.lang.Object, but interface was expected> (0x0000000088e64328) thrown at [t:/workspace/open/src/hotspot/share/interpreter/linkResolver.cpp, line 843]
Event: 3.625 Thread 0x000002484bea3000 Exception <a 'java/lang/NoSuchMethodError'{0x0000000088dd1628}: java.lang.invoke.DirectMethodHandle$Holder.invokeVirtual(Ljava/lang/Object;Ljava/lang/Object;Ljava/lang/Object;Ljava/lang/Object;)Ljava/lang/Object;> (0x0000000088dd1628) thrown at [t:/worksp
Event: 3.637 Thread 0x000002482a475000 Exception <a 'java/lang/NoSuchMethodError'{0x0000000088d696a8}: java.lang.invoke.DirectMethodHandle$Holder.invokeSpecialIFC(Ljava/lang/Object;Ljava/lang/Object;Ljava/lang/Object;Ljava/lang/Object;)I> (0x0000000088d696a8) thrown at [t:/workspace/open/src/h
Event: 3.818 Thread 0x000002482a475000 Exception <a 'java/lang/NoClassDefFoundError'{0x00000000888edb38}: javax/servlet/Filter> (0x00000000888edb38) thrown at [t:/workspace/open/src/hotspot/share/classfile/systemDictionary.cpp, line 224]
Event: 3.862 Thread 0x000002482a475000 Exception <a 'java/lang/IncompatibleClassChangeError'{0x0000000088498770}: Found class java.lang.Object, but interface was expected> (0x0000000088498770) thrown at [t:/workspace/open/src/hotspot/share/interpreter/linkResolver.cpp, line 843]
Event: 4.009 Thread 0x000002482a475000 Exception <a 'java/lang/NoSuchMethodError'{0x000000008824d000}: java.lang.invoke.DirectMethodHandle$Holder.invokeInterface(Ljava/lang/Object;Ljava/lang/Object;Ljava/lang/Object;Ljava/lang/Object;)V> (0x000000008824d000) thrown at [t:/workspace/open/src/ho
Event: 4.236 Thread 0x000002482a475000 Exception <a 'java/lang/NoSuchMethodError'{0x0000000087f31230}: java.lang.invoke.DelegatingMethodHandle$Holder.delegate(Ljava/lang/Object;Ljava/lang/Object;ILjava/lang/Object;)V> (0x0000000087f31230) thrown at [t:/workspace/open/src/hotspot/share/interpre

Events (10 events):
Event: 4.452 loading class org/springframework/boot/autoconfigure/cache/CouchbaseCacheConfiguration
Event: 4.452 loading class org/springframework/boot/autoconfigure/cache/CouchbaseCacheConfiguration done
Event: 4.453 loading class org/springframework/boot/autoconfigure/cache/RedisCacheConfiguration
Event: 4.453 loading class org/springframework/boot/autoconfigure/cache/RedisCacheConfiguration done
Event: 4.454 loading class org/springframework/boot/autoconfigure/cache/CaffeineCacheConfiguration
Event: 4.454 loading class org/springframework/boot/autoconfigure/cache/CaffeineCacheConfiguration done
Event: 4.473 loading class org/springframework/boot/autoconfigure/cache/SimpleCacheConfiguration
Event: 4.473 loading class org/springframework/boot/autoconfigure/cache/SimpleCacheConfiguration done
Event: 4.479 loading class org/springframework/boot/autoconfigure/cache/NoOpCacheConfiguration
Event: 4.479 loading class org/springframework/boot/autoconfigure/cache/NoOpCacheConfiguration done


Dynamic libraries:
0x00007ff792150000 - 0x00007ff79215f000 	C:\Program Files\Java\jdk-12.0.1\bin\java.exe
0x00007ffa7e2a0000 - 0x00007ffa7e490000 	C:\WINDOWS\SYSTEM32\ntdll.dll
0x00007ffa7dff0000 - 0x00007ffa7e0a2000 	C:\WINDOWS\System32\KERNEL32.DLL
0x00007ffa7bd80000 - 0x00007ffa7c025000 	C:\WINDOWS\System32\KERNELBASE.dll
0x00007ffa7c180000 - 0x00007ffa7c27a000 	C:\WINDOWS\System32\ucrtbase.dll
0x00007ffa5e2f0000 - 0x00007ffa5e306000 	C:\Program Files\Java\jdk-12.0.1\bin\VCRUNTIME140.dll
0x00007ffa5e2d0000 - 0x00007ffa5e2e8000 	C:\Program Files\Java\jdk-12.0.1\bin\jli.dll
0x00007ffa7df40000 - 0x00007ffa7dfe3000 	C:\WINDOWS\System32\ADVAPI32.dll
0x00007ffa7c7c0000 - 0x00007ffa7c85e000 	C:\WINDOWS\System32\msvcrt.dll
0x00007ffa7cf40000 - 0x00007ffa7cfd7000 	C:\WINDOWS\System32\sechost.dll
0x00007ffa7d280000 - 0x00007ffa7d3a0000 	C:\WINDOWS\System32\RPCRT4.dll
0x00007ffa7c4e0000 - 0x00007ffa7c674000 	C:\WINDOWS\System32\USER32.dll
0x00007ffa7b210000 - 0x00007ffa7b231000 	C:\WINDOWS\System32\win32u.dll
0x00007ffa7ce90000 - 0x00007ffa7ceb6000 	C:\WINDOWS\System32\GDI32.dll
0x00007ffa7b240000 - 0x00007ffa7b3d6000 	C:\WINDOWS\System32\gdi32full.dll
0x00007ffa7c2b0000 - 0x00007ffa7c34e000 	C:\WINDOWS\System32\msvcp_win.dll
0x00007ffa6f0b0000 - 0x00007ffa6f334000 	C:\WINDOWS\WinSxS\amd64_microsoft.windows.common-controls_6595b64144ccf1df_6.0.18362.1256_none_9e7e379be45e40e2\COMCTL32.dll
0x00007ffa7db90000 - 0x00007ffa7dec6000 	C:\WINDOWS\System32\combase.dll
0x00007ffa7bc40000 - 0x00007ffa7bcc1000 	C:\WINDOWS\System32\bcryptPrimitives.dll
0x00007ffa7aeb0000 - 0x00007ffa7aeba000 	C:\WINDOWS\SYSTEM32\VERSION.dll
0x00007ffa7c860000 - 0x00007ffa7c88e000 	C:\WINDOWS\System32\IMM32.DLL
0x00007ffa7aed0000 - 0x00007ffa7af06000 	C:\WINDOWS\system32\DriverStore\FileRepository\nvfm.inf_amd64_76974c92c44bbb6b\nvinitx.dll
0x00007ffa7d3a0000 - 0x00007ffa7da87000 	C:\WINDOWS\System32\Shell32.dll
0x00007ffa7bd30000 - 0x00007ffa7bd7a000 	C:\WINDOWS\System32\cfgmgr32.dll
0x00007ffa7c350000 - 0x00007ffa7c3f9000 	C:\WINDOWS\System32\shcore.dll
0x00007ffa7b3e0000 - 0x00007ffa7bb61000 	C:\WINDOWS\System32\windows.storage.dll
0x00007ffa7b1e0000 - 0x00007ffa7b203000 	C:\WINDOWS\System32\profapi.dll
0x00007ffa7b170000 - 0x00007ffa7b1ba000 	C:\WINDOWS\System32\powrprof.dll
0x00007ffa7b140000 - 0x00007ffa7b150000 	C:\WINDOWS\System32\UMPDC.dll
0x00007ffa7c890000 - 0x00007ffa7c8e2000 	C:\WINDOWS\System32\shlwapi.dll
0x00007ffa7b150000 - 0x00007ffa7b161000 	C:\WINDOWS\System32\kernel.appcore.dll
0x00007ffa7bb70000 - 0x00007ffa7bb87000 	C:\WINDOWS\System32\cryptsp.dll
0x0000000054ff0000 - 0x0000000054ff6000 	C:\Program Files\NVIDIA Corporation\CoProcManager\_etoured.dll
0x00007ffa70c10000 - 0x00007ffa70c53000 	C:\Program Files\NVIDIA Corporation\CoProcManager\nvd3d9wrapx.dll
0x00007ffa7ca20000 - 0x00007ffa7ce90000 	C:\WINDOWS\System32\SETUPAPI.dll
0x00007ffa7c280000 - 0x00007ffa7c2a6000 	C:\WINDOWS\System32\bcrypt.dll
0x00007ffa79cf0000 - 0x00007ffa79d10000 	C:\WINDOWS\SYSTEM32\dxcore.dll
0x00007ffa70be0000 - 0x00007ffa70c0d000 	C:\Program Files\NVIDIA Corporation\CoProcManager\nvdxgiwrapx.dll
0x00007ffa5db00000 - 0x00007ffa5dbaa000 	C:\Program Files\Java\jdk-12.0.1\bin\msvcp140.dll
0x00007ffa33480000 - 0x00007ffa33ff4000 	C:\Program Files\Java\jdk-12.0.1\bin\server\jvm.dll
0x00007ffa7c400000 - 0x00007ffa7c408000 	C:\WINDOWS\System32\PSAPI.DLL
0x00007ffa78970000 - 0x00007ffa78979000 	C:\WINDOWS\SYSTEM32\WSOCK32.dll
0x00007ffa7ded0000 - 0x00007ffa7df3f000 	C:\WINDOWS\System32\WS2_32.dll
0x00007ffa788c0000 - 0x00007ffa788e4000 	C:\WINDOWS\SYSTEM32\WINMM.dll
0x00007ffa78890000 - 0x00007ffa788bd000 	C:\WINDOWS\SYSTEM32\WINMMBASE.dll
0x00007ffa5e2b0000 - 0x00007ffa5e2c1000 	C:\Program Files\Java\jdk-12.0.1\bin\verify.dll
0x00007ffa79a80000 - 0x00007ffa79c74000 	C:\WINDOWS\SYSTEM32\DBGHELP.DLL
0x00007ffa69050000 - 0x00007ffa6907a000 	C:\WINDOWS\SYSTEM32\dbgcore.DLL
0x00007ffa5e090000 - 0x00007ffa5e0b6000 	C:\Program Files\Java\jdk-12.0.1\bin\java.dll
0x00007ffa6e1e0000 - 0x00007ffa6e1ee000 	C:\Program Files\Java\jdk-12.0.1\bin\instrument.dll
0x00007ffa5dfc0000 - 0x00007ffa5dfd7000 	C:\Program Files\Java\jdk-12.0.1\bin\zip.dll
0x00007ffa752f0000 - 0x00007ffa752fa000 	C:\Program Files\Java\jdk-12.0.1\bin\jimage.dll
0x00007ffa5dfa0000 - 0x00007ffa5dfb9000 	C:\Program Files\Java\jdk-12.0.1\bin\net.dll
0x00007ffa6fdb0000 - 0x00007ffa6fea0000 	C:\WINDOWS\SYSTEM32\WINHTTP.dll
0x00007ffa6c2d0000 - 0x00007ffa6c4a6000 	C:\WINDOWS\SYSTEM32\urlmon.dll
0x00007ffa6c830000 - 0x00007ffa6cad7000 	C:\WINDOWS\SYSTEM32\iertutil.dll
0x00007ffa7aa10000 - 0x00007ffa7aa1c000 	C:\WINDOWS\SYSTEM32\CRYPTBASE.DLL
0x00007ffa7a890000 - 0x00007ffa7a8f7000 	C:\WINDOWS\system32\mswsock.dll
0x00007ffa5df80000 - 0x00007ffa5df93000 	C:\Program Files\Java\jdk-12.0.1\bin\nio.dll
0x00007ffa65060000 - 0x00007ffa6507a000 	C:\Program Files\JetBrains\IntelliJ IDEA Community Edition 2020.1.1\bin\breakgen64.dll
0x00007ffa74ca0000 - 0x00007ffa74ca9000 	C:\Program Files\Java\jdk-12.0.1\bin\management.dll
0x00007ffa74c50000 - 0x00007ffa74c5c000 	C:\Program Files\Java\jdk-12.0.1\bin\management_ext.dll
0x00007ffa64f30000 - 0x00007ffa64f46000 	C:\WINDOWS\system32\napinsp.dll
0x00007ffa64f10000 - 0x00007ffa64f2a000 	C:\WINDOWS\system32\pnrpnsp.dll
0x00007ffa7a5f0000 - 0x00007ffa7a6bb000 	C:\WINDOWS\SYSTEM32\DNSAPI.dll
0x00007ffa7c680000 - 0x00007ffa7c688000 	C:\WINDOWS\System32\NSI.dll
0x00007ffa7a5b0000 - 0x00007ffa7a5ea000 	C:\WINDOWS\SYSTEM32\IPHLPAPI.DLL
0x00007ffa64880000 - 0x00007ffa6488e000 	C:\WINDOWS\System32\winrnr.dll
0x00007ffa775e0000 - 0x00007ffa775fc000 	C:\WINDOWS\system32\NLAapi.dll
0x00007ffa75fa0000 - 0x00007ffa75fb5000 	C:\WINDOWS\system32\wshbth.dll
0x00007ffa6f880000 - 0x00007ffa6f88a000 	C:\Windows\System32\rasadhlp.dll
0x00007ffa70c80000 - 0x00007ffa70cf7000 	C:\WINDOWS\System32\fwpuclnt.dll

dbghelp: loaded successfully - version: 4.0.5 - missing functions: none
symbol engine: initialized successfully - sym options: 0x614 - pdb path: .;C:\Program Files\Java\jdk-12.0.1\bin;C:\WINDOWS\SYSTEM32;C:\WINDOWS\WinSxS\amd64_microsoft.windows.common-controls_6595b64144ccf1df_6.0.18362.1256_none_9e7e379be45e40e2;C:\WINDOWS\system32\DriverStore\FileRepository\nvfm.inf_amd64_76974c92c44bbb6b;C:\Program Files\NVIDIA Corporation\CoProcManager;C:\Program Files\Java\jdk-12.0.1\bin\server;C:\Program Files\JetBrains\IntelliJ IDEA Community Edition 2020.1.1\bin

VM Arguments:
jvm_args: -javaagent:C:\Program Files\JetBrains\IntelliJ IDEA Community Edition 2020.1.1\lib\idea_rt.jar=58306:C:\Program Files\JetBrains\IntelliJ IDEA Community Edition 2020.1.1\bin -Dfile.encoding=UTF-8 
java_command: com.dskushnir.testExercise.TestExerciseApplication
java_class_path (initial): D:\testExercise\out\production\classes;D:\testExercise\out\production\resources;C:\Gradle\gradle-5.5\caches\modules-2\files-2.1\org.springframework.boot\spring-boot-starter-data-mongodb-reactive\2.4.1\655a05dfabfab178a2365c40b762f2be67698d36\spring-boot-starter-data-mongodb-reactive-2.4.1.jar;C:\Gradle\gradle-5.5\caches\modules-2\files-2.1\org.springframework.boot\spring-boot-starter-webflux\2.4.1\e54535216a6b6becffc044fd8abff3e6011e576d\spring-boot-starter-webflux-2.4.1.jar;C:\Gradle\gradle-5.5\caches\modules-2\files-2.1\org.springframework.boot\spring-boot-starter\2.4.1\15d81ffe81e26de37986d491e1cf4c1e3a324ca3\spring-boot-starter-2.4.1.jar;C:\Gradle\gradle-5.5\caches\modules-2\files-2.1\io.projectreactor\reactor-core\3.4.1\a443a39c29a2cc7b53c3d165afad456c78e5db2b\reactor-core-3.4.1.jar;C:\Gradle\gradle-5.5\caches\modules-2\files-2.1\org.mongodb\mongodb-driver-reactivestreams\4.1.1\2623286fa67c23a03e8c522cf2f1c4207c170b54\mongodb-driver-reactivestreams-4.1.1.jar;C:\Gradle\gradle-5.5\caches\modules-2\files-2.1\org.springframework.data\spring-data-mongodb\3.1.2\edb9d0bfbb930b84719b3c0c0a8c2743fbb58fb8\spring-data-mongodb-3.1.2.jar;C:\Gradle\gradle-5.5\caches\modules-2\files-2.1\org.springframework.boot\spring-boot-starter-json\2.4.1\5a4b7088c88be531cb416ef218da3e19309f8cea\spring-boot-starter-json-2.4.1.jar;C:\Gradle\gradle-5.5\caches\modules-2\files-2.1\org.springframework\spring-webflux\5.3.2\63fe694e07b0430991671eebac9fbb0ffba08483\spring-webflux-5.3.2.jar;C:\Gradle\gradle-5.5\caches\modules-2\files-2.1\org.springframework.boot\spring-boot-starter-reactor-netty\2.4.1\f4e512e25c75839c946b26756e18e7bee4307091\spring-boot-starter-reactor-netty-2.4.1.jar;C:\Gradle\gradle-5.5\caches\modules-2\files-2.1\org.springframework\spring-web\5.3.2\5ea6e1536ee6a70bb5c2efbd579c688c09a93a4b\spring-web-5.3.2.jar;C:\Gradle\gradle-5.5\caches\modules-2\files-2.1\org.springframework.boot\spring-boot-autoconfigure\2.4.1\9af62d8d15ee71efb9baf35dc5263fc953230a
Launcher Type: SUN_STANDARD

[Global flags]
     intx CICompilerCount                          = 3                                         {product} {ergonomic}
     uint ConcGCThreads                            = 1                                         {product} {ergonomic}
     uint G1ConcRefinementThreads                  = 4                                         {product} {ergonomic}
   size_t G1HeapRegionSize                         = 1048576                                   {product} {ergonomic}
    uintx GCDrainStackTargetSize                   = 64                                        {product} {ergonomic}
   size_t InitialHeapSize                          = 132120576                                 {product} {ergonomic}
   size_t MarkStackSize                            = 4194304                                   {product} {ergonomic}
   size_t MaxHeapSize                              = 2111832064                                {product} {ergonomic}
   size_t MaxNewSize                               = 1266679808                                {product} {ergonomic}
   size_t MinHeapDeltaBytes                        = 1048576                                   {product} {ergonomic}
    uintx NonNMethodCodeHeapSize                   = 5830732                                {pd product} {ergonomic}
    uintx NonProfiledCodeHeapSize                  = 122913754                              {pd product} {ergonomic}
    uintx ProfiledCodeHeapSize                     = 122913754                              {pd product} {ergonomic}
    uintx ReservedCodeCacheSize                    = 251658240                              {pd product} {ergonomic}
     bool SegmentedCodeCache                       = true                                      {product} {ergonomic}
     bool UseCompressedClassPointers               = true                                 {lp64_product} {ergonomic}
     bool UseCompressedOops                        = true                                 {lp64_product} {ergonomic}
     bool UseG1GC                                  = true                                      {product} {ergonomic}
     bool UseLargePagesIndividualAllocation        = false                                  {pd product} {ergonomic}

Logging:
Log output configuration:
 #0: stdout all=warning uptime,level,tags
 #1: stderr all=off uptime,level,tags

Environment Variables:
JAVA_HOME=C:\Program Files\Java\jdk-12.0.1
PATH=C:\ProgramData\DockerDesktop\version-bin;C:\Program Files\Docker\Docker\Resources\bin;C:\WINDOWS\system32;C:\WINDOWS;C:\WINDOWS\System32\Wbem;C:\WINDOWS\System32\WindowsPowerShell\v1.0\;C:\WINDOWS\System32\OpenSSH\;C:\Program Files\Git\cmd;C:\Gradle\gradle-5.5\bin;C:\Go\bin;C:\Program Files\MySQL\MySQL Shell 8.0\bin\;C:\Users\Diana\AppData\Local\Microsoft\WindowsApps;;C:\Program Files\JetBrains\IntelliJ IDEA Community Edition 2019.1.3\bin;;C:\Users\Diana\go\bin;C:\Users\Diana\AppData\Local\Programs\Microsoft VS Code\bin
USERNAME=Diana
OS=Windows_NT
PROCESSOR_IDENTIFIER=Intel64 Family 6 Model 42 Stepping 7, GenuineIntel



---------------  S Y S T E M  ---------------

OS: Windows 10 , 64 bit Build 18362 (10.0.18362.1110)

CPU:total 4 (initial active 4) (2 cores per cpu, 2 threads per core) family 6 model 42 stepping 7, cmov, cx8, fxsr, mmx, sse, sse2, sse3, ssse3, sse4.1, sse4.2, popcnt, avx, clmul, ht, tsc, tscinvbit

Memory: 4k page, system-wide physical 8048M (752M free)
TotalPageFile size 8848M (AvailPageFile size 5M)
current process WorkingSet (physical memory assigned to process): 123M, peak: 123M
current process commit charge ("private bytes"): 237M, peak: 237M

vm_info: Java HotSpot(TM) 64-Bit Server VM (12.0.1+12) for windows-amd64 JRE (12.0.1+12), built on Apr  2 2019 14:02:19 by "mach5one" with MS VC++ 15.5 (VS2017)

END.
