#
# There is insufficient memory for the Java Runtime Environment to continue.
# Native memory allocation (mmap) failed to map 132120576 bytes for Failed to commit area from 0x00000000e0000000 to 0x00000000e7e00000 of length 132120576.
# Possible reasons:
#   The system is out of physical RAM or swap space
#   The process is running with CompressedOops enabled, and the Java Heap may be blocking the growth of the native heap
# Possible solutions:
#   Reduce memory load on the system
#   Increase physical memory or swap space
#   Check if swap backing store is full
#   Decrease Java heap size (-Xmx/-Xms)
#   Decrease number of Java threads
#   Decrease Java thread stack sizes (-Xss)
#   Set larger code cache with -XX:ReservedCodeCacheSize=
# This output file may be truncated or incomplete.
#
#  Out of Memory Error (t:/workspace/open/src/hotspot/os/windows/os_windows.cpp:3254), pid=5448, tid=10068
#
# JRE version:  (12.0.1+12) (build )
# Java VM: Java HotSpot(TM) 64-Bit Server VM (12.0.1+12, mixed mode, aot, sharing, tiered, compressed oops, g1 gc, windows-amd64)
# No core dump will be written. Minidumps are not enabled by default on client versions of Windows
#

---------------  S U M M A R Y ------------

Command Line: -Dorg.gradle.native=false -Xmx512m -Dfile.encoding=windows-1251 -Duser.country=RU -Duser.language=ru -Duser.variant -ea worker.org.gradle.process.internal.worker.GradleWorkerMain 'Gradle Test Executor 2'

Host: Intel(R) Core(TM) i3-2328M CPU @ 2.20GHz, 4 cores, 7G,  Windows 10 , 64 bit Build 18362 (10.0.18362.1110)
Time: Sat Jan  9 17:37:49 2021 Oeieyiaey (ceia) elapsed time: 0 seconds (0d 0h 0m 0s)

---------------  T H R E A D  ---------------

Current thread (0x00000256a2beb800):  JavaThread "Unknown thread" [_thread_in_vm, id=10068, stack(0x00000097d9800000,0x00000097d9900000)]

Stack: [0x00000097d9800000,0x00000097d9900000]
Native frames: (J=compiled Java code, j=interpreted, Vv=VM code, C=native code)
V  [jvm.dll+0x63948a]
V  [jvm.dll+0x78b31f]
V  [jvm.dll+0x78c9c1]
V  [jvm.dll+0x78d013]
V  [jvm.dll+0x262138]
V  [jvm.dll+0x63698a]
V  [jvm.dll+0x62b505]
V  [jvm.dll+0x31d9bc]
V  [jvm.dll+0x31d7ef]
V  [jvm.dll+0x323526]
V  [jvm.dll+0x370f76]
V  [jvm.dll+0x370750]
V  [jvm.dll+0x2f786a]
V  [jvm.dll+0x2f8af2]
V  [jvm.dll+0x7657b7]
V  [jvm.dll+0x766e95]
V  [jvm.dll+0x37f089]
V  [jvm.dll+0x749b14]
V  [jvm.dll+0x3ee48d]
V  [jvm.dll+0x3f03c1]
C  [jli.dll+0x51cf]
C  [ucrtbase.dll+0x210b2]
C  [KERNEL32.DLL+0x17c24]
C  [ntdll.dll+0x6d4d1]


---------------  P R O C E S S  ---------------

Threads class SMR info:
_java_thread_list=0x00007ffb16d848e8, length=0, elements={
}

Java Threads: ( => current thread )

Other Threads:
  0x00000256a2c10000 GCTaskThread "GC Thread#0" [stack: 0x00000097d9900000,0x00000097d9a00000] [id=1156]
  0x00000256a2c24800 ConcurrentGCThread "G1 Main Marker" [stack: 0x00000097d9a00000,0x00000097d9b00000] [id=7028]
  0x00000256a2c26800 ConcurrentGCThread "G1 Conc#0" [stack: 0x00000097d9b00000,0x00000097d9c00000] [id=9800]

[error occurred during error reporting (printing all threads), id 0xc0000005, EXCEPTION_ACCESS_VIOLATION (0xc0000005) at pc=0x00007ffb165b7a37]

VM state:not at safepoint (not fully initialized)

VM Mutex/Monitor currently owned by a thread:  ([mutex/lock_event])
[0x00000256a2be8050] Heap_lock - owner thread: 0x00000256a2beb800

Heap address: 0x00000000e0000000, size: 512 MB, Compressed Oops mode: Non-zero based: 0x00000000e0000000
Narrow klass base: 0x0000000000000000, Narrow klass shift: 0

GC Heap History (0 events):
No events

Deoptimization events (0 events):
No events

Classes redefined (0 events):
No events

Internal exceptions (0 events):
No events

Events (0 events):
No events


Dynamic libraries:
0x00007ff639bb0000 - 0x00007ff639bbf000 	C:\Program Files\Java\jdk-12.0.1\bin\java.exe
0x00007ffb62060000 - 0x00007ffb62250000 	C:\WINDOWS\SYSTEM32\ntdll.dll
0x00007ffb61cf0000 - 0x00007ffb61da2000 	C:\WINDOWS\System32\KERNEL32.DLL
0x00007ffb5efd0000 - 0x00007ffb5f275000 	C:\WINDOWS\System32\KERNELBASE.dll
0x00007ffb5f280000 - 0x00007ffb5f37a000 	C:\WINDOWS\System32\ucrtbase.dll
0x00007ffb46140000 - 0x00007ffb46156000 	C:\Program Files\Java\jdk-12.0.1\bin\VCRUNTIME140.dll
0x00007ffb4e940000 - 0x00007ffb4e958000 	C:\Program Files\Java\jdk-12.0.1\bin\jli.dll
0x00007ffb60520000 - 0x00007ffb605c3000 	C:\WINDOWS\System32\ADVAPI32.dll
0x00007ffb61f40000 - 0x00007ffb61fde000 	C:\WINDOWS\System32\msvcrt.dll
0x00007ffb61db0000 - 0x00007ffb61e47000 	C:\WINDOWS\System32\sechost.dll
0x00007ffb615e0000 - 0x00007ffb61700000 	C:\WINDOWS\System32\RPCRT4.dll
0x00007ffb60b10000 - 0x00007ffb60ca4000 	C:\WINDOWS\System32\USER32.dll
0x00007ffb5fc10000 - 0x00007ffb5fc31000 	C:\WINDOWS\System32\win32u.dll
0x00007ffb523e0000 - 0x00007ffb52664000 	C:\WINDOWS\WinSxS\amd64_microsoft.windows.common-controls_6595b64144ccf1df_6.0.18362.1256_none_9e7e379be45e40e2\COMCTL32.dll
0x00007ffb60d60000 - 0x00007ffb60d86000 	C:\WINDOWS\System32\GDI32.dll
0x00007ffb60110000 - 0x00007ffb60446000 	C:\WINDOWS\System32\combase.dll
0x00007ffb5ff70000 - 0x00007ffb60106000 	C:\WINDOWS\System32\gdi32full.dll
0x00007ffb5fcf0000 - 0x00007ffb5fd71000 	C:\WINDOWS\System32\bcryptPrimitives.dll
0x00007ffb5fed0000 - 0x00007ffb5ff6e000 	C:\WINDOWS\System32\msvcp_win.dll
0x00007ffb5ec00000 - 0x00007ffb5ec0a000 	C:\WINDOWS\SYSTEM32\VERSION.dll
0x00007ffb61ff0000 - 0x00007ffb6201e000 	C:\WINDOWS\System32\IMM32.DLL
0x00007ffb5ec10000 - 0x00007ffb5ec46000 	C:\WINDOWS\system32\DriverStore\FileRepository\nvfm.inf_amd64_76974c92c44bbb6b\nvinitx.dll
0x00007ffb60ef0000 - 0x00007ffb615d7000 	C:\WINDOWS\System32\Shell32.dll
0x00007ffb5fb10000 - 0x00007ffb5fb5a000 	C:\WINDOWS\System32\cfgmgr32.dll
0x00007ffb61a30000 - 0x00007ffb61ad9000 	C:\WINDOWS\System32\shcore.dll
0x00007ffb5f380000 - 0x00007ffb5fb01000 	C:\WINDOWS\System32\windows.storage.dll
0x00007ffb5efa0000 - 0x00007ffb5efc3000 	C:\WINDOWS\System32\profapi.dll
0x00007ffb5ef10000 - 0x00007ffb5ef5a000 	C:\WINDOWS\System32\powrprof.dll
0x00007ffb5ef00000 - 0x00007ffb5ef10000 	C:\WINDOWS\System32\UMPDC.dll
0x00007ffb61ae0000 - 0x00007ffb61b32000 	C:\WINDOWS\System32\shlwapi.dll
0x00007ffb5ef60000 - 0x00007ffb5ef71000 	C:\WINDOWS\System32\kernel.appcore.dll
0x00007ffb5fc40000 - 0x00007ffb5fc57000 	C:\WINDOWS\System32\cryptsp.dll
0x0000000072560000 - 0x0000000072566000 	C:\Program Files\NVIDIA Corporation\CoProcManager\_etoured.dll
0x00007ffb553e0000 - 0x00007ffb55423000 	C:\Program Files\NVIDIA Corporation\CoProcManager\nvd3d9wrapx.dll
0x00007ffb606a0000 - 0x00007ffb60b10000 	C:\WINDOWS\System32\SETUPAPI.dll
0x00007ffb5fc60000 - 0x00007ffb5fc86000 	C:\WINDOWS\System32\bcrypt.dll
0x00007ffb5dab0000 - 0x00007ffb5dad0000 	C:\WINDOWS\SYSTEM32\dxcore.dll
0x00007ffb553b0000 - 0x00007ffb553dd000 	C:\Program Files\NVIDIA Corporation\CoProcManager\nvdxgiwrapx.dll
0x00007ffb1fed0000 - 0x00007ffb1ff7a000 	C:\Program Files\Java\jdk-12.0.1\bin\msvcp140.dll
0x00007ffb162b0000 - 0x00007ffb16e24000 	C:\Program Files\Java\jdk-12.0.1\bin\server\jvm.dll
0x00007ffb61940000 - 0x00007ffb61948000 	C:\WINDOWS\System32\PSAPI.DLL
0x00007ffb5bb00000 - 0x00007ffb5bb24000 	C:\WINDOWS\SYSTEM32\WINMM.dll
0x00007ffb5a5b0000 - 0x00007ffb5a5b9000 	C:\WINDOWS\SYSTEM32\WSOCK32.dll
0x00007ffb619c0000 - 0x00007ffb61a2f000 	C:\WINDOWS\System32\WS2_32.dll
0x00007ffb5bad0000 - 0x00007ffb5bafd000 	C:\WINDOWS\SYSTEM32\winmmbase.dll
0x00007ffb3b690000 - 0x00007ffb3b6a1000 	C:\Program Files\Java\jdk-12.0.1\bin\verify.dll
0x00007ffb5d6f0000 - 0x00007ffb5d8e4000 	C:\WINDOWS\SYSTEM32\DBGHELP.DLL
0x00007ffb4bae0000 - 0x00007ffb4bb0a000 	C:\WINDOWS\SYSTEM32\dbgcore.DLL
0x00007ffb36be0000 - 0x00007ffb36c06000 	C:\Program Files\Java\jdk-12.0.1\bin\java.dll
0x00007ffb36bc0000 - 0x00007ffb36bd7000 	C:\Program Files\Java\jdk-12.0.1\bin\zip.dll
0x00007ffb5a020000 - 0x00007ffb5a02a000 	C:\Program Files\Java\jdk-12.0.1\bin\jimage.dll

dbghelp: loaded successfully - version: 4.0.5 - missing functions: none
symbol engine: initialized successfully - sym options: 0x614 - pdb path: .;C:\Program Files\Java\jdk-12.0.1\bin;C:\WINDOWS\SYSTEM32;C:\WINDOWS\WinSxS\amd64_microsoft.windows.common-controls_6595b64144ccf1df_6.0.18362.1256_none_9e7e379be45e40e2;C:\WINDOWS\system32\DriverStore\FileRepository\nvfm.inf_amd64_76974c92c44bbb6b;C:\Program Files\NVIDIA Corporation\CoProcManager;C:\Program Files\Java\jdk-12.0.1\bin\server

VM Arguments:
jvm_args: -Dorg.gradle.native=false -Xmx512m -Dfile.encoding=windows-1251 -Duser.country=RU -Duser.language=ru -Duser.variant -ea 
java_command: worker.org.gradle.process.internal.worker.GradleWorkerMain 'Gradle Test Executor 2'
java_class_path (initial): C:\\Gradle\\gradle-5.5\\caches\\6.7.1\\workerMain\\gradle-worker.jar;D:\\testExercise\\build\\classes\\java\\test;D:\\testExercise\\build\\resources\\test;D:\\testExercise\\build\\classes\\java\\main;D:\\testExercise\\build\\resources\\main;C:\\Gradle\\gradle-5.5\\caches\\modules-2\\files-2.1\\org.springframework.boot\\spring-boot-starter-data-mongodb-reactive\\2.4.1\\655a05dfabfab178a2365c40b762f2be67698d36\\spring-boot-starter-data-mongodb-reactive-2.4.1.jar;C:\\Gradle\\gradle-5.5\\caches\\modules-2\\files-2.1\\org.springframework.boot\\spring-boot-starter-webflux\\2.4.1\\e54535216a6b6becffc044fd8abff3e6011e576d\\spring-boot-starter-webflux-2.4.1.jar;C:\\Gradle\\gradle-5.5\\caches\\modules-2\\files-2.1\\org.springframework.boot\\spring-boot-starter-test\\2.4.1\\50147ab5f3b431a397d27e2c0af313b9147cd058\\spring-boot-starter-test-2.4.1.jar;C:\\Gradle\\gradle-5.5\\caches\\modules-2\\files-2.1\\de.flapdoodle.embed\\de.flapdoodle.embed.mongo\\2.2.0\\781d14f4e3d9eeb0b4c3e00a4ec165a04b3dc5c4\\de.flapdoodle.embed.mongo-2.2.0.jar;C:\\Gradle\\gradle-5.5\\caches\\modules-2\\files-2.1\\io.projectreactor\\reactor-test\\3.4.1\\ec8cef652db7d41ebf5967910872367b5423e989\\reactor-test-3.4.1.jar;C:\\Gradle\\gradle-5.5\\caches\\modules-2\\files-2.1\\org.springframework.boot\\spring-boot-starter-json\\2.4.1\\5a4b7088c88be531cb416ef218da3e19309f8cea\\spring-boot-starter-json-2.4.1.jar;C:\\Gradle\\gradle-5.5\\caches\\modules-2\\files-2.1\\org.springframework.boot\\spring-boot-starter\\2.4.1\\15d81ffe81e26de37986d491e1cf4c1e3a324ca3\\spring-boot-starter-2.4.1.jar;C:\\Gradle\\gradle-5.5\\caches\\modules-2\\files-2.1\\org.springframework\\spring-webflux\\5.3.2\\63fe694e07b0430991671eebac9fbb0ffba08483\\spring-webflux-5.3.2.jar;C:\\Gradle\\gradle-5.5\\caches\\modules-2\\files-2.1\\org.springframework.boot\\spring-boot-starter-reactor-netty\\2.4.1\\f4e512e25c75839c946b26756e18e7bee4307091\\spring-boot-starter-reactor-netty-2.4.1.jar;C:\\Gradle\\gradle-5.5\\caches\
Launcher Type: SUN_STANDARD

[Global flags]
     intx CICompilerCount                          = 3                                         {product} {ergonomic}
     uint ConcGCThreads                            = 1                                         {product} {ergonomic}
     uint G1ConcRefinementThreads                  = 4                                         {product} {ergonomic}
   size_t G1HeapRegionSize                         = 1048576                                   {product} {ergonomic}
    uintx GCDrainStackTargetSize                   = 64                                        {product} {ergonomic}
   size_t InitialHeapSize                          = 132120576                                 {product} {ergonomic}
   size_t MarkStackSize                            = 4194304                                   {product} {ergonomic}
   size_t MaxHeapSize                              = 536870912                                 {product} {command line}
   size_t MinHeapDeltaBytes                        = 1048576                                   {product} {ergonomic}
    uintx NonNMethodCodeHeapSize                   = 5830732                                {pd product} {ergonomic}
    uintx NonProfiledCodeHeapSize                  = 122913754                              {pd product} {ergonomic}
    uintx ProfiledCodeHeapSize                     = 122913754                              {pd product} {ergonomic}
    uintx ReservedCodeCacheSize                    = 251658240                              {pd product} {ergonomic}
     bool SegmentedCodeCache                       = true                                      {product} {ergonomic}
     bool UseCompressedClassPointers               = true                                 {lp64_product} {ergonomic}
     bool UseCompressedOops                        = true                                 {lp64_product} {ergonomic}
     bool UseG1GC                                  = true                                      {product} {ergonomic}
     bool UseLargePagesIndividualAllocation        = false                                  {pd product} {ergonomic}

Logging:
Log output configuration:
 #0: stdout all=warning uptime,level,tags
 #1: stderr all=off uptime,level,tags

Environment Variables:
JAVA_HOME=C:\Program Files\Java\jdk-12.0.1
PATH=C:\ProgramData\DockerDesktop\version-bin;C:\Program Files\Docker\Docker\Resources\bin;C:\WINDOWS\system32;C:\WINDOWS;C:\WINDOWS\System32\Wbem;C:\WINDOWS\System32\WindowsPowerShell\v1.0\;C:\WINDOWS\System32\OpenSSH\;C:\Program Files\Git\cmd;C:\Gradle\gradle-5.5\bin;C:\Go\bin;C:\Program Files\MySQL\MySQL Shell 8.0\bin\;C:\Users\Diana\AppData\Local\Microsoft\WindowsApps;;C:\Program Files\JetBrains\IntelliJ IDEA Community Edition 2019.1.3\bin;;C:\Users\Diana\go\bin;C:\Users\Diana\AppData\Local\Programs\Microsoft VS Code\bin
USERNAME=Diana
OS=Windows_NT
PROCESSOR_IDENTIFIER=Intel64 Family 6 Model 42 Stepping 7, GenuineIntel



---------------  S Y S T E M  ---------------

OS: Windows 10 , 64 bit Build 18362 (10.0.18362.1110)

CPU:total 4 (initial active 4) (2 cores per cpu, 2 threads per core) family 6 model 42 stepping 7, cmov, cx8, fxsr, mmx, sse, sse2, sse3, ssse3, sse4.1, sse4.2, popcnt, avx, clmul, ht, tsc, tscinvbit

Memory: 4k page, system-wide physical 8048M (670M free)
TotalPageFile size 8848M (AvailPageFile size 116M)
current process WorkingSet (physical memory assigned to process): 12M, peak: 12M
current process commit charge ("private bytes"): 52M, peak: 178M

vm_info: Java HotSpot(TM) 64-Bit Server VM (12.0.1+12) for windows-amd64 JRE (12.0.1+12), built on Apr  2 2019 14:02:19 by "mach5one" with MS VC++ 15.5 (VS2017)

END.
