#
# There is insufficient memory for the Java Runtime Environment to continue.
# Native memory allocation (malloc) failed to allocate 382416 bytes for Chunk::new
# Possible reasons:
#   The system is out of physical RAM or swap space
#   The process is running with CompressedOops enabled, and the Java Heap may be blocking the growth of the native heap
# Possible solutions:
#   Reduce memory load on the system
#   Increase physical memory or swap space
#   Check if swap backing store is full
#   Decrease Java heap size (-Xmx/-Xms)
#   Decrease number of Java threads
#   Decrease Java thread stack sizes (-Xss)
#   Set larger code cache with -XX:ReservedCodeCacheSize=
#   JVM is running with Unscaled Compressed Oops mode in which the Java heap is
#     placed in the first 4GB address space. The Java Heap base address is the
#     maximum limit for the native heap growth. Please use -XX:HeapBaseMinAddress
#     to set the Java Heap base and to place the Java Heap above 4GB virtual address.
# This output file may be truncated or incomplete.
#
#  Out of Memory Error (t:/workspace/open/src/hotspot/share/memory/arena.cpp:197), pid=8048, tid=8264
#
# JRE version: Java(TM) SE Runtime Environment (12.0.1+12) (build 12.0.1+12)
# Java VM: Java HotSpot(TM) 64-Bit Server VM (12.0.1+12, mixed mode, sharing, tiered, compressed oops, g1 gc, windows-amd64)
# No core dump will be written. Minidumps are not enabled by default on client versions of Windows
#

---------------  S U M M A R Y ------------

Command Line: --add-opens=java.base/java.util=ALL-UNNAMED --add-opens=java.base/java.lang=ALL-UNNAMED --add-opens=java.base/java.lang.invoke=ALL-UNNAMED --add-opens=java.prefs/java.util.prefs=ALL-UNNAMED -XX:MaxMetaspaceSize=256m -XX:+HeapDumpOnOutOfMemoryError -Xms256m -Xmx512m -Dfile.encoding=windows-1251 -Duser.country=RU -Duser.language=ru -Duser.variant org.gradle.launcher.daemon.bootstrap.GradleDaemon 6.7.1

Host: Intel(R) Core(TM) i3-2328M CPU @ 2.20GHz, 4 cores, 7G,  Windows 10 , 64 bit Build 18362 (10.0.18362.1110)
Time: Mon Jan 11 14:38:13 2021 Oeieyiaey (ceia) elapsed time: 772 seconds (0d 0h 12m 52s)

---------------  T H R E A D  ---------------

Current thread (0x0000020c70a36800):  JavaThread "C2 CompilerThread1" daemon [_thread_in_native, id=8264, stack(0x000000fc06e00000,0x000000fc06f00000)]


Current CompileTask:
C2: 772629 12684   !   4       jdk.internal.reflect.GeneratedMethodAccessor20::invoke (76 bytes)

Stack: [0x000000fc06e00000,0x000000fc06f00000]
Native frames: (J=compiled Java code, j=interpreted, Vv=VM code, C=native code)
V  [jvm.dll+0x63948a]
V  [jvm.dll+0x78b31f]
V  [jvm.dll+0x78c9c1]
V  [jvm.dll+0x78d013]
V  [jvm.dll+0x262138]
V  [jvm.dll+0xc582c]
V  [jvm.dll+0xc5dac]
V  [jvm.dll+0x379662]
V  [jvm.dll+0x1aecab]
V  [jvm.dll+0x21c142]
V  [jvm.dll+0x21b20a]
V  [jvm.dll+0x199890]
V  [jvm.dll+0x22a534]
V  [jvm.dll+0x228b88]
V  [jvm.dll+0x74f660]
V  [jvm.dll+0x748648]
V  [jvm.dll+0x638566]
C  [ucrtbase.dll+0x210b2]
C  [KERNEL32.DLL+0x17c24]
C  [ntdll.dll+0x6d4d1]


---------------  P R O C E S S  ---------------

Threads class SMR info:
_java_thread_list=0x0000020c71ffd2c0, length=70, elements={
0x0000020c5272e000, 0x0000020c6f4b4800, 0x0000020c6f4b6000, 0x0000020c6f4cf000,
0x0000020c6f4d0000, 0x0000020c6f4d3800, 0x0000020c6f4d8800, 0x0000020c6f4dc800,
0x0000020c6feb7800, 0x0000020c6febb800, 0x0000020c733a8800, 0x0000020c709c2000,
0x0000020c7175e800, 0x0000020c71bc8000, 0x0000020c71bc7000, 0x0000020c71bc8800,
0x0000020c71bc6800, 0x0000020c75986000, 0x0000020c73a75000, 0x0000020c73a76000,
0x0000020c73a77800, 0x0000020c73a7e000, 0x0000020c73a7f000, 0x0000020c75983800,
0x0000020c75984000, 0x0000020c75985000, 0x0000020c75981800, 0x0000020c75988000,
0x0000020c7598c800, 0x0000020c75989000, 0x0000020c7598a000, 0x0000020c7598b800,
0x0000020c75986800, 0x0000020c75990800, 0x0000020c7598e000, 0x0000020c7598d000,
0x0000020c7598f000, 0x0000020c7598f800, 0x0000020c71bcc000, 0x0000020c71bcd000,
0x0000020c71bc9800, 0x0000020c71bcb000, 0x0000020c71bca800, 0x0000020c73a76800,
0x0000020c73a73800, 0x0000020c73a78800, 0x0000020c73a72800, 0x0000020c73a79000,
0x0000020c73a7a000, 0x0000020c73a74800, 0x0000020c73a7c800, 0x0000020c73a7f800,
0x0000020c73a80800, 0x0000020c73a7b000, 0x0000020c73a81800, 0x0000020c73a7b800,
0x0000020c73a7d800, 0x0000020c7598a800, 0x0000020c762d2800, 0x0000020c762d3000,
0x0000020c762d4000, 0x0000020c762ce000, 0x0000020c762d5000, 0x0000020c762cf000,
0x0000020c7363b000, 0x0000020c7363c000, 0x0000020c73638000, 0x0000020c7363a800,
0x0000020c7363d000, 0x0000020c70a36800
}

Java Threads: ( => current thread )
  0x0000020c5272e000 JavaThread "main" [_thread_blocked, id=9436, stack(0x000000fc04f00000,0x000000fc05000000)]
  0x0000020c6f4b4800 JavaThread "Reference Handler" daemon [_thread_blocked, id=2060, stack(0x000000fc05600000,0x000000fc05700000)]
  0x0000020c6f4b6000 JavaThread "Finalizer" daemon [_thread_blocked, id=10516, stack(0x000000fc05700000,0x000000fc05800000)]
  0x0000020c6f4cf000 JavaThread "Signal Dispatcher" daemon [_thread_blocked, id=1900, stack(0x000000fc05800000,0x000000fc05900000)]
  0x0000020c6f4d0000 JavaThread "Attach Listener" daemon [_thread_blocked, id=10920, stack(0x000000fc05900000,0x000000fc05a00000)]
  0x0000020c6f4d3800 JavaThread "C2 CompilerThread0" daemon [_thread_in_native, id=6568, stack(0x000000fc05a00000,0x000000fc05b00000)]
  0x0000020c6f4d8800 JavaThread "C1 CompilerThread0" daemon [_thread_blocked, id=3624, stack(0x000000fc05b00000,0x000000fc05c00000)]
  0x0000020c6f4dc800 JavaThread "Sweeper thread" daemon [_thread_blocked, id=10392, stack(0x000000fc05c00000,0x000000fc05d00000)]
  0x0000020c6feb7800 JavaThread "Common-Cleaner" daemon [_thread_blocked, id=10036, stack(0x000000fc05d00000,0x000000fc05e00000)]
  0x0000020c6febb800 JavaThread "Service Thread" daemon [_thread_blocked, id=1412, stack(0x000000fc05e00000,0x000000fc05f00000)]
  0x0000020c733a8800 JavaThread "Daemon health stats" [_thread_blocked, id=11072, stack(0x000000fc06400000,0x000000fc06500000)]
  0x0000020c709c2000 JavaThread "Incoming local TCP Connector on port 53979" [_thread_in_native, id=8908, stack(0x000000fc06600000,0x000000fc06700000)]
  0x0000020c7175e800 JavaThread "Daemon periodic checks" [_thread_blocked, id=8008, stack(0x000000fc06700000,0x000000fc06800000)]
  0x0000020c71bc8000 JavaThread "Cache worker for file hash cache (C:\Gradle\gradle-5.5\caches\6.7.1\fileHashes)" [_thread_blocked, id=8080, stack(0x000000fc06f00000,0x000000fc07000000)]
  0x0000020c71bc7000 JavaThread "File lock request listener" [_thread_in_native, id=11236, stack(0x000000fc07000000,0x000000fc07100000)]
  0x0000020c71bc8800 JavaThread "Cache worker for journal cache (C:\Gradle\gradle-5.5\caches\journal-1)" [_thread_blocked, id=10976, stack(0x000000fc07100000,0x000000fc07200000)]
  0x0000020c71bc6800 JavaThread "Cache worker for execution history cache (C:\Gradle\gradle-5.5\caches\6.7.1\executionHistory)" [_thread_blocked, id=8172, stack(0x000000fc07700000,0x000000fc07800000)]
  0x0000020c75986000 JavaThread "Cache worker for file content cache (C:\Gradle\gradle-5.5\caches\6.7.1\fileContent)" [_thread_blocked, id=6792, stack(0x000000fc07800000,0x000000fc07900000)]
  0x0000020c73a75000 JavaThread "Memory manager" [_thread_blocked, id=2688, stack(0x000000fc07900000,0x000000fc07a00000)]
  0x0000020c73a76000 JavaThread "Daemon Thread 2" [_thread_blocked, id=6668, stack(0x000000fc04c00000,0x000000fc04d00000)]
  0x0000020c73a77800 JavaThread "Daemon worker Thread 2" [_thread_blocked, id=8004, stack(0x000000fc06000000,0x000000fc06100000)]
  0x0000020c73a7e000 JavaThread "jar transforms Thread 18" [_thread_blocked, id=1860, stack(0x000000fc07600000,0x000000fc07700000)]
  0x0000020c73a7f000 JavaThread "jar transforms Thread 19" [_thread_blocked, id=3032, stack(0x000000fc07a00000,0x000000fc07b00000)]
  0x0000020c75983800 JavaThread "jar transforms Thread 20" [_thread_blocked, id=6320, stack(0x000000fc07b00000,0x000000fc07c00000)]
  0x0000020c75984000 JavaThread "jar transforms Thread 21" [_thread_blocked, id=8152, stack(0x000000fc07c00000,0x000000fc07d00000)]
  0x0000020c75985000 JavaThread "jar transforms Thread 22" [_thread_blocked, id=3504, stack(0x000000fc07d00000,0x000000fc07e00000)]
  0x0000020c75981800 JavaThread "jar transforms Thread 23" [_thread_blocked, id=9516, stack(0x000000fc07e00000,0x000000fc07f00000)]
  0x0000020c75988000 JavaThread "jar transforms Thread 24" [_thread_blocked, id=6840, stack(0x000000fc07f00000,0x000000fc08000000)]
  0x0000020c7598c800 JavaThread "jar transforms Thread 25" [_thread_blocked, id=9376, stack(0x000000fc08000000,0x000000fc08100000)]
  0x0000020c75989000 JavaThread "jar transforms Thread 26" [_thread_blocked, id=5052, stack(0x000000fc08100000,0x000000fc08200000)]
  0x0000020c7598a000 JavaThread "jar transforms Thread 27" [_thread_blocked, id=10096, stack(0x000000fc08200000,0x000000fc08300000)]
  0x0000020c7598b800 JavaThread "jar transforms Thread 28" [_thread_blocked, id=9744, stack(0x000000fc08300000,0x000000fc08400000)]
  0x0000020c75986800 JavaThread "jar transforms Thread 29" [_thread_blocked, id=9892, stack(0x000000fc08400000,0x000000fc08500000)]
  0x0000020c75990800 JavaThread "jar transforms Thread 30" [_thread_blocked, id=9964, stack(0x000000fc08500000,0x000000fc08600000)]
  0x0000020c7598e000 JavaThread "jar transforms Thread 31" [_thread_blocked, id=10484, stack(0x000000fc08600000,0x000000fc08700000)]
  0x0000020c7598d000 JavaThread "jar transforms Thread 32" [_thread_blocked, id=10156, stack(0x000000fc08700000,0x000000fc08800000)]
  0x0000020c7598f000 JavaThread "jar transforms Thread 33" [_thread_blocked, id=9412, stack(0x000000fc08800000,0x000000fc08900000)]
  0x0000020c7598f800 JavaThread "jar transforms Thread 34" [_thread_blocked, id=6492, stack(0x000000fc08900000,0x000000fc08a00000)]
  0x0000020c71bcc000 JavaThread "Handler for socket connection from /127.0.0.1:53979 to /127.0.0.1:54346" [_thread_in_native, id=8036, stack(0x000000fc04d00000,0x000000fc04e00000)]
  0x0000020c71bcd000 JavaThread "Cancel handler" [_thread_blocked, id=3784, stack(0x000000fc04e00000,0x000000fc04f00000)]
  0x0000020c71bc9800 JavaThread "Asynchronous log dispatcher for DefaultDaemonConnection: socket connection from /127.0.0.1:53979 to /127.0.0.1:54346" [_thread_blocked, id=8632, stack(0x000000fc06500000,0x000000fc06600000)]
  0x0000020c71bcb000 JavaThread "Stdin handler" [_thread_blocked, id=11084, stack(0x000000fc06800000,0x000000fc06900000)]
  0x0000020c71bca800 JavaThread "Thread-98" [_thread_blocked, id=7012, stack(0x000000fc06900000,0x000000fc06a00000)]
  0x0000020c73a76800 JavaThread "Cache worker for file hash cache (D:\testExercise\.gradle\6.7.1\fileHashes)" [_thread_blocked, id=8628, stack(0x000000fc06a00000,0x000000fc06b00000)]
  0x0000020c73a73800 JavaThread "Cache worker for checksums cache (D:\testExercise\.gradle\checksums)" [_thread_blocked, id=5236, stack(0x000000fc06b00000,0x000000fc06c00000)]
  0x0000020c73a78800 JavaThread "Cache worker for cache directory md-supplier (C:\Gradle\gradle-5.5\caches\6.7.1\md-supplier)" [_thread_blocked, id=9740, stack(0x000000fc06c00000,0x000000fc06d00000)]
  0x0000020c73a72800 JavaThread "Cache worker for cache directory md-rule (C:\Gradle\gradle-5.5\caches\6.7.1\md-rule)" [_thread_blocked, id=7288, stack(0x000000fc06d00000,0x000000fc06e00000)]
  0x0000020c73a79000 JavaThread "Cache worker for Build Output Cleanup Cache (D:\testExercise\.gradle\buildOutputCleanup)" [_thread_blocked, id=10736, stack(0x000000fc07200000,0x000000fc07300000)]
  0x0000020c73a7a000 JavaThread "Build operations" [_thread_blocked, id=11092, stack(0x000000fc07300000,0x000000fc07400000)]
  0x0000020c73a74800 JavaThread "Build operations Thread 2" [_thread_blocked, id=8604, stack(0x000000fc07400000,0x000000fc07500000)]
  0x0000020c73a7c800 JavaThread "Build operations Thread 3" [_thread_blocked, id=1000, stack(0x000000fc07500000,0x000000fc07600000)]
  0x0000020c73a7f800 JavaThread "Build operations Thread 4" [_thread_blocked, id=7532, stack(0x000000fc08a00000,0x000000fc08b00000)]
  0x0000020c73a80800 JavaThread "Execution worker for ':'" [_thread_blocked, id=7884, stack(0x000000fc08b00000,0x000000fc08c00000)]
  0x0000020c73a7b000 JavaThread "Execution worker for ':' Thread 2" [_thread_blocked, id=1160, stack(0x000000fc08c00000,0x000000fc08d00000)]
  0x0000020c73a81800 JavaThread "Execution worker for ':' Thread 3" [_thread_blocked, id=984, stack(0x000000fc08d00000,0x000000fc08e00000)]
  0x0000020c73a7b800 JavaThread "Cache worker for execution history cache (D:\testExercise\.gradle\6.7.1\executionHistory)" [_thread_blocked, id=9240, stack(0x000000fc08e00000,0x000000fc08f00000)]
  0x0000020c73a7d800 JavaThread "Cache worker for Java compile cache (C:\Gradle\gradle-5.5\caches\6.7.1\javaCompile)" [_thread_blocked, id=8764, stack(0x000000fc08f00000,0x000000fc09000000)]
  0x0000020c7598a800 JavaThread "Cache worker for Java compile cache (D:\testExercise\.gradle\6.7.1\javaCompile)" [_thread_blocked, id=10012, stack(0x000000fc09000000,0x000000fc09100000)]
  0x0000020c762d2800 JavaThread "Dispatch org.gradle.api.internal.tasks.testing.results.AttachParentTestResultProcessor@56509958" [_thread_blocked, id=9624, stack(0x000000fc09100000,0x000000fc09200000)]
  0x0000020c762d3000 JavaThread "Dispatch org.gradle.api.internal.tasks.testing.processors.RestartEveryNTestClassProcessor@7fb8d09e" [_thread_blocked, id=4124, stack(0x000000fc09200000,0x000000fc09300000)]
  0x0000020c762d4000 JavaThread "Incoming local TCP Connector on port 54351" [_thread_blocked, id=5412, stack(0x000000fc09300000,0x000000fc09400000)]
  0x0000020c762ce000 JavaThread "Exec process Thread 5" [_thread_in_native, id=7676, stack(0x000000fc09400000,0x000000fc09500000)]
  0x0000020c762d5000 JavaThread "Exec process Thread 6" [_thread_blocked, id=9064, stack(0x000000fc09600000,0x000000fc09700000)]
  0x0000020c762cf000 JavaThread "Exec process Thread 7" [_thread_in_native, id=9528, stack(0x000000fc09700000,0x000000fc09800000)]
  0x0000020c7363b000 JavaThread "Exec process Thread 8" [_thread_in_Java, id=10324, stack(0x000000fc09800000,0x000000fc09900000)]
  0x0000020c7363c000 JavaThread "/127.0.0.1:54351 to /127.0.0.1:54352 workers" [_thread_blocked, id=11108, stack(0x000000fc09500000,0x000000fc09600000)]
  0x0000020c73638000 JavaThread "/127.0.0.1:54351 to /127.0.0.1:54352 workers Thread 2" [_thread_blocked, id=7132, stack(0x000000fc09900000,0x000000fc09a00000)]
  0x0000020c7363a800 JavaThread "/127.0.0.1:54351 to /127.0.0.1:54352 workers Thread 3" [_thread_blocked, id=5480, stack(0x000000fc09a00000,0x000000fc09b00000)]
  0x0000020c7363d000 JavaThread "/127.0.0.1:54351 to /127.0.0.1:54352 workers Thread 4" [_thread_blocked, id=9956, stack(0x000000fc09b00000,0x000000fc09c00000)]
=>0x0000020c70a36800 JavaThread "C2 CompilerThread1" daemon [_thread_in_native, id=8264, stack(0x000000fc06e00000,0x000000fc06f00000)]

Other Threads:
  0x0000020c6f4b3000 VMThread "VM Thread" [stack: 0x000000fc05500000,0x000000fc05600000] [id=6732]
  0x0000020c6febc800 WatcherThread [stack: 0x000000fc05f00000,0x000000fc06000000] [id=8852]
  0x0000020c54975800 GCTaskThread "GC Thread#0" [stack: 0x000000fc05000000,0x000000fc05100000] [id=6052]
  0x0000020c708a2800 GCTaskThread "GC Thread#1" [stack: 0x000000fc06100000,0x000000fc06200000] [id=7944]
  0x0000020c700a7000 GCTaskThread "GC Thread#2" [stack: 0x000000fc06200000,0x000000fc06300000] [id=1256]
  0x0000020c700a7800 GCTaskThread "GC Thread#3" [stack: 0x000000fc06300000,0x000000fc06400000] [id=10216]
  0x0000020c5497b800 ConcurrentGCThread "G1 Main Marker" [stack: 0x000000fc05100000,0x000000fc05200000] [id=3092]
  0x0000020c5497d800 ConcurrentGCThread "G1 Conc#0" [stack: 0x000000fc05200000,0x000000fc05300000] [id=7452]
  0x0000020c6f3d9800 ConcurrentGCThread "G1 Refine#0" [stack: 0x000000fc05300000,0x000000fc05400000] [id=7076]
  0x0000020c6f3dc800 ConcurrentGCThread "G1 Young RemSet Sampling" [stack: 0x000000fc05400000,0x000000fc05500000] [id=2036]

Threads with active compile tasks:
C2 CompilerThread0  12689   !   4       java.io.ObjectOutputStream::writeObject0 (619 bytes)
C1 CompilerThread0  12692       3       org.gradle.internal.io.LinePerThreadBufferingOutputStream::write (9 bytes)
C2 CompilerThread1  12684   !   4       jdk.internal.reflect.GeneratedMethodAccessor20::invoke (76 bytes)

VM state:not at safepoint (normal execution)

VM Mutex/Monitor currently owned by a thread:  ([mutex/lock_event])
[0x0000020c54951790] CompileThread_lock - owner thread: 0x0000000000000000

Heap address: 0x00000000e0000000, size: 512 MB, Compressed Oops mode: 32-bit
Narrow klass base: 0x0000000800000000, Narrow klass shift: 3
Compressed class space size: 260046848 Address: 0x00000008011a0000

Heap:
 garbage-first heap   total 262144K, used 149862K [0x00000000e0000000, 0x0000000100000000)
  region size 1024K, 90 young (92160K), 7 survivors (7168K)
 Metaspace       used 64059K, capacity 66016K, committed 66220K, reserved 311296K
  class space    used 8220K, capacity 8923K, committed 8960K, reserved 253952K
Heap Regions: E=young(eden), S=young(survivor), O=old, HS=humongous(starts), HC=humongous(continues), CS=collection set, F=free, A=archive, TAMS=top-at-mark-start (previous, next)
|   0|0x00000000e0000000, 0x00000000e0100000, 0x00000000e0100000|100%| O|  |TAMS 0x00000000e0100000, 0x00000000e0000000| Untracked 
|   1|0x00000000e0100000, 0x00000000e0200000, 0x00000000e0200000|100%| O|  |TAMS 0x00000000e0200000, 0x00000000e0100000| Untracked 
|   2|0x00000000e0200000, 0x00000000e0300000, 0x00000000e0300000|100%| O|  |TAMS 0x00000000e0300000, 0x00000000e0200000| Untracked 
|   3|0x00000000e0300000, 0x00000000e0400000, 0x00000000e0400000|100%|HS|  |TAMS 0x00000000e0400000, 0x00000000e0300000| Complete 
|   4|0x00000000e0400000, 0x00000000e0500000, 0x00000000e0500000|100%|HC|  |TAMS 0x00000000e0500000, 0x00000000e0400000| Complete 
|   5|0x00000000e0500000, 0x00000000e0600000, 0x00000000e0600000|100%|HC|  |TAMS 0x00000000e0600000, 0x00000000e0500000| Complete 
|   6|0x00000000e0600000, 0x00000000e0700000, 0x00000000e0700000|100%| O|  |TAMS 0x00000000e0700000, 0x00000000e0600000| Untracked 
|   7|0x00000000e0700000, 0x00000000e0800000, 0x00000000e0800000|100%| O|  |TAMS 0x00000000e0800000, 0x00000000e0700000| Untracked 
|   8|0x00000000e0800000, 0x00000000e0900000, 0x00000000e0900000|100%| O|  |TAMS 0x00000000e0900000, 0x00000000e0800000| Untracked 
|   9|0x00000000e0900000, 0x00000000e0a00000, 0x00000000e0a00000|100%| O|  |TAMS 0x00000000e0a00000, 0x00000000e0900000| Untracked 
|  10|0x00000000e0a00000, 0x00000000e0b00000, 0x00000000e0b00000|100%| O|  |TAMS 0x00000000e0b00000, 0x00000000e0a00000| Untracked 
|  11|0x00000000e0b00000, 0x00000000e0c00000, 0x00000000e0c00000|100%| O|  |TAMS 0x00000000e0c00000, 0x00000000e0b00000| Untracked 
|  12|0x00000000e0c00000, 0x00000000e0d00000, 0x00000000e0d00000|100%| O|  |TAMS 0x00000000e0d00000, 0x00000000e0c00000| Untracked 
|  13|0x00000000e0d00000, 0x00000000e0e00000, 0x00000000e0e00000|100%| O|  |TAMS 0x00000000e0e00000, 0x00000000e0d00000| Untracked 
|  14|0x00000000e0e00000, 0x00000000e0f00000, 0x00000000e0f00000|100%| O|  |TAMS 0x00000000e0f00000, 0x00000000e0e00000| Untracked 
|  15|0x00000000e0f00000, 0x00000000e1000000, 0x00000000e1000000|100%| O|  |TAMS 0x00000000e1000000, 0x00000000e0f00000| Untracked 
|  16|0x00000000e1000000, 0x00000000e1100000, 0x00000000e1100000|100%| O|  |TAMS 0x00000000e1100000, 0x00000000e1000000| Untracked 
|  17|0x00000000e1100000, 0x00000000e1200000, 0x00000000e1200000|100%| O|  |TAMS 0x00000000e1200000, 0x00000000e1100000| Untracked 
|  18|0x00000000e1200000, 0x00000000e1300000, 0x00000000e1300000|100%| O|  |TAMS 0x00000000e1300000, 0x00000000e1200000| Untracked 
|  19|0x00000000e1300000, 0x00000000e1400000, 0x00000000e1400000|100%| O|  |TAMS 0x00000000e1400000, 0x00000000e1300000| Untracked 
|  20|0x00000000e1400000, 0x00000000e1500000, 0x00000000e1500000|100%| O|  |TAMS 0x00000000e1500000, 0x00000000e1400000| Untracked 
|  21|0x00000000e1500000, 0x00000000e1600000, 0x00000000e1600000|100%| O|  |TAMS 0x00000000e1600000, 0x00000000e1500000| Untracked 
|  22|0x00000000e1600000, 0x00000000e1700000, 0x00000000e1700000|100%| O|  |TAMS 0x00000000e1700000, 0x00000000e1600000| Untracked 
|  23|0x00000000e1700000, 0x00000000e1800000, 0x00000000e1800000|100%| O|  |TAMS 0x00000000e1800000, 0x00000000e1700000| Untracked 
|  24|0x00000000e1800000, 0x00000000e1900000, 0x00000000e1900000|100%| O|  |TAMS 0x00000000e1900000, 0x00000000e1800000| Untracked 
|  25|0x00000000e1900000, 0x00000000e1a00000, 0x00000000e1a00000|100%| O|  |TAMS 0x00000000e1a00000, 0x00000000e1900000| Untracked 
|  26|0x00000000e1a00000, 0x00000000e1b00000, 0x00000000e1b00000|100%| O|  |TAMS 0x00000000e1b00000, 0x00000000e1a00000| Untracked 
|  27|0x00000000e1b00000, 0x00000000e1c00000, 0x00000000e1c00000|100%| O|  |TAMS 0x00000000e1c00000, 0x00000000e1b00000| Untracked 
|  28|0x00000000e1c00000, 0x00000000e1d00000, 0x00000000e1d00000|100%| O|  |TAMS 0x00000000e1d00000, 0x00000000e1c00000| Untracked 
|  29|0x00000000e1d00000, 0x00000000e1e00000, 0x00000000e1e00000|100%| O|  |TAMS 0x00000000e1e00000, 0x00000000e1d00000| Untracked 
|  30|0x00000000e1e00000, 0x00000000e1f00000, 0x00000000e1f00000|100%| O|  |TAMS 0x00000000e1ef4000, 0x00000000e1e00000| Untracked 
|  31|0x00000000e1f00000, 0x00000000e2000000, 0x00000000e2000000|100%| O|  |TAMS 0x00000000e1f00000, 0x00000000e1f00000| Untracked 
|  32|0x00000000e2000000, 0x00000000e2100000, 0x00000000e2100000|100%| O|  |TAMS 0x00000000e2000000, 0x00000000e2000000| Untracked 
|  33|0x00000000e2100000, 0x00000000e2200000, 0x00000000e2200000|100%| O|  |TAMS 0x00000000e2100000, 0x00000000e2100000| Untracked 
|  34|0x00000000e2200000, 0x00000000e2300000, 0x00000000e2300000|100%| O|  |TAMS 0x00000000e2200000, 0x00000000e2200000| Untracked 
|  35|0x00000000e2300000, 0x00000000e2400000, 0x00000000e2400000|100%| O|  |TAMS 0x00000000e2300000, 0x00000000e2300000| Untracked 
|  36|0x00000000e2400000, 0x00000000e2500000, 0x00000000e2500000|100%| O|  |TAMS 0x00000000e2400000, 0x00000000e2400000| Untracked 
|  37|0x00000000e2500000, 0x00000000e2600000, 0x00000000e2600000|100%| O|  |TAMS 0x00000000e2500000, 0x00000000e2500000| Untracked 
|  38|0x00000000e2600000, 0x00000000e2700000, 0x00000000e2700000|100%| O|  |TAMS 0x00000000e2600000, 0x00000000e2600000| Untracked 
|  39|0x00000000e2700000, 0x00000000e2800000, 0x00000000e2800000|100%| O|  |TAMS 0x00000000e2700000, 0x00000000e2700000| Untracked 
|  40|0x00000000e2800000, 0x00000000e2900000, 0x00000000e2900000|100%| O|  |TAMS 0x00000000e2800000, 0x00000000e2800000| Untracked 
|  41|0x00000000e2900000, 0x00000000e2a00000, 0x00000000e2a00000|100%| O|  |TAMS 0x00000000e2900000, 0x00000000e2900000| Untracked 
|  42|0x00000000e2a00000, 0x00000000e2b00000, 0x00000000e2b00000|100%| O|  |TAMS 0x00000000e2a00000, 0x00000000e2a00000| Untracked 
|  43|0x00000000e2b00000, 0x00000000e2c00000, 0x00000000e2c00000|100%| O|  |TAMS 0x00000000e2b00000, 0x00000000e2b00000| Untracked 
|  44|0x00000000e2c00000, 0x00000000e2d00000, 0x00000000e2d00000|100%| O|  |TAMS 0x00000000e2c00000, 0x00000000e2c00000| Untracked 
|  45|0x00000000e2d00000, 0x00000000e2e00000, 0x00000000e2e00000|100%| O|  |TAMS 0x00000000e2d00000, 0x00000000e2d00000| Untracked 
|  46|0x00000000e2e00000, 0x00000000e2f00000, 0x00000000e2f00000|100%| O|  |TAMS 0x00000000e2e00000, 0x00000000e2e00000| Untracked 
|  47|0x00000000e2f00000, 0x00000000e3000000, 0x00000000e3000000|100%| O|  |TAMS 0x00000000e2f00000, 0x00000000e2f00000| Untracked 
|  48|0x00000000e3000000, 0x00000000e3100000, 0x00000000e3100000|100%| O|  |TAMS 0x00000000e3000000, 0x00000000e3000000| Untracked 
|  49|0x00000000e3100000, 0x00000000e3200000, 0x00000000e3200000|100%| O|  |TAMS 0x00000000e3100000, 0x00000000e3100000| Untracked 
|  50|0x00000000e3200000, 0x00000000e3300000, 0x00000000e3300000|100%| O|  |TAMS 0x00000000e3200000, 0x00000000e3200000| Untracked 
|  51|0x00000000e3300000, 0x00000000e3400000, 0x00000000e3400000|100%| O|  |TAMS 0x00000000e3300000, 0x00000000e3300000| Untracked 
|  52|0x00000000e3400000, 0x00000000e3500000, 0x00000000e3500000|100%| O|  |TAMS 0x00000000e3400000, 0x00000000e3400000| Untracked 
|  53|0x00000000e3500000, 0x00000000e3600000, 0x00000000e3600000|100%| O|  |TAMS 0x00000000e3500000, 0x00000000e3500000| Untracked 
|  54|0x00000000e3600000, 0x00000000e3700000, 0x00000000e3700000|100%| O|  |TAMS 0x00000000e3600000, 0x00000000e3600000| Untracked 
|  55|0x00000000e3700000, 0x00000000e3800000, 0x00000000e3800000|100%| O|  |TAMS 0x00000000e3700000, 0x00000000e3700000| Untracked 
|  56|0x00000000e3800000, 0x00000000e3859a00, 0x00000000e3900000| 35%| O|  |TAMS 0x00000000e3800000, 0x00000000e3800000| Untracked 
|  57|0x00000000e3900000, 0x00000000e3a00000, 0x00000000e3a00000|100%|HS|  |TAMS 0x00000000e3900000, 0x00000000e3900000| Complete 
|  58|0x00000000e3a00000, 0x00000000e3a00000, 0x00000000e3b00000|  0%| F|  |TAMS 0x00000000e3a00000, 0x00000000e3a00000| Untracked 
|  59|0x00000000e3b00000, 0x00000000e3b00000, 0x00000000e3c00000|  0%| F|  |TAMS 0x00000000e3b00000, 0x00000000e3b00000| Untracked 
|  60|0x00000000e3c00000, 0x00000000e3c00000, 0x00000000e3d00000|  0%| F|  |TAMS 0x00000000e3c00000, 0x00000000e3c00000| Untracked 
|  61|0x00000000e3d00000, 0x00000000e3d00000, 0x00000000e3e00000|  0%| F|  |TAMS 0x00000000e3d00000, 0x00000000e3d00000| Untracked 
|  62|0x00000000e3e00000, 0x00000000e3e00000, 0x00000000e3f00000|  0%| F|  |TAMS 0x00000000e3e00000, 0x00000000e3e00000| Untracked 
|  63|0x00000000e3f00000, 0x00000000e3f00000, 0x00000000e4000000|  0%| F|  |TAMS 0x00000000e3f00000, 0x00000000e3f00000| Untracked 
|  64|0x00000000e4000000, 0x00000000e4000000, 0x00000000e4100000|  0%| F|  |TAMS 0x00000000e4000000, 0x00000000e4000000| Untracked 
|  65|0x00000000e4100000, 0x00000000e4100000, 0x00000000e4200000|  0%| F|  |TAMS 0x00000000e4100000, 0x00000000e4100000| Untracked 
|  66|0x00000000e4200000, 0x00000000e4200000, 0x00000000e4300000|  0%| F|  |TAMS 0x00000000e4200000, 0x00000000e4200000| Untracked 
|  67|0x00000000e4300000, 0x00000000e4300000, 0x00000000e4400000|  0%| F|  |TAMS 0x00000000e4300000, 0x00000000e4300000| Untracked 
|  68|0x00000000e4400000, 0x00000000e4400000, 0x00000000e4500000|  0%| F|  |TAMS 0x00000000e4400000, 0x00000000e4400000| Untracked 
|  69|0x00000000e4500000, 0x00000000e4500000, 0x00000000e4600000|  0%| F|  |TAMS 0x00000000e4500000, 0x00000000e4500000| Untracked 
|  70|0x00000000e4600000, 0x00000000e4600000, 0x00000000e4700000|  0%| F|  |TAMS 0x00000000e4600000, 0x00000000e4600000| Untracked 
|  71|0x00000000e4700000, 0x00000000e4700000, 0x00000000e4800000|  0%| F|  |TAMS 0x00000000e4700000, 0x00000000e4700000| Untracked 
|  72|0x00000000e4800000, 0x00000000e4800000, 0x00000000e4900000|  0%| F|  |TAMS 0x00000000e4800000, 0x00000000e4800000| Untracked 
|  73|0x00000000e4900000, 0x00000000e4900000, 0x00000000e4a00000|  0%| F|  |TAMS 0x00000000e4900000, 0x00000000e4900000| Untracked 
|  74|0x00000000e4a00000, 0x00000000e4a00000, 0x00000000e4b00000|  0%| F|  |TAMS 0x00000000e4a00000, 0x00000000e4a00000| Untracked 
|  75|0x00000000e4b00000, 0x00000000e4b00000, 0x00000000e4c00000|  0%| F|  |TAMS 0x00000000e4b00000, 0x00000000e4b00000| Untracked 
|  76|0x00000000e4c00000, 0x00000000e4c00000, 0x00000000e4d00000|  0%| F|  |TAMS 0x00000000e4c00000, 0x00000000e4c00000| Untracked 
|  77|0x00000000e4d00000, 0x00000000e4d00000, 0x00000000e4e00000|  0%| F|  |TAMS 0x00000000e4d00000, 0x00000000e4d00000| Untracked 
|  78|0x00000000e4e00000, 0x00000000e4e00000, 0x00000000e4f00000|  0%| F|  |TAMS 0x00000000e4e00000, 0x00000000e4e00000| Untracked 
|  79|0x00000000e4f00000, 0x00000000e4f00000, 0x00000000e5000000|  0%| F|  |TAMS 0x00000000e4f00000, 0x00000000e4f00000| Untracked 
|  80|0x00000000e5000000, 0x00000000e5000000, 0x00000000e5100000|  0%| F|  |TAMS 0x00000000e5000000, 0x00000000e5000000| Untracked 
|  81|0x00000000e5100000, 0x00000000e5100000, 0x00000000e5200000|  0%| F|  |TAMS 0x00000000e5100000, 0x00000000e5100000| Untracked 
|  82|0x00000000e5200000, 0x00000000e5200000, 0x00000000e5300000|  0%| F|  |TAMS 0x00000000e5200000, 0x00000000e5200000| Untracked 
|  83|0x00000000e5300000, 0x00000000e5300000, 0x00000000e5400000|  0%| F|  |TAMS 0x00000000e5300000, 0x00000000e5300000| Untracked 
|  84|0x00000000e5400000, 0x00000000e5400000, 0x00000000e5500000|  0%| F|  |TAMS 0x00000000e5400000, 0x00000000e5400000| Untracked 
|  85|0x00000000e5500000, 0x00000000e5500000, 0x00000000e5600000|  0%| F|  |TAMS 0x00000000e5500000, 0x00000000e5500000| Untracked 
|  86|0x00000000e5600000, 0x00000000e5600000, 0x00000000e5700000|  0%| F|  |TAMS 0x00000000e5600000, 0x00000000e5600000| Untracked 
|  87|0x00000000e5700000, 0x00000000e5700000, 0x00000000e5800000|  0%| F|  |TAMS 0x00000000e5700000, 0x00000000e5700000| Untracked 
|  88|0x00000000e5800000, 0x00000000e5800000, 0x00000000e5900000|  0%| F|  |TAMS 0x00000000e5800000, 0x00000000e5800000| Untracked 
|  89|0x00000000e5900000, 0x00000000e5900000, 0x00000000e5a00000|  0%| F|  |TAMS 0x00000000e5900000, 0x00000000e5900000| Untracked 
|  90|0x00000000e5a00000, 0x00000000e5a00000, 0x00000000e5b00000|  0%| F|  |TAMS 0x00000000e5a00000, 0x00000000e5a00000| Untracked 
|  91|0x00000000e5b00000, 0x00000000e5b00000, 0x00000000e5c00000|  0%| F|  |TAMS 0x00000000e5b00000, 0x00000000e5b00000| Untracked 
|  92|0x00000000e5c00000, 0x00000000e5c00000, 0x00000000e5d00000|  0%| F|  |TAMS 0x00000000e5c00000, 0x00000000e5c00000| Untracked 
|  93|0x00000000e5d00000, 0x00000000e5d00000, 0x00000000e5e00000|  0%| F|  |TAMS 0x00000000e5d00000, 0x00000000e5d00000| Untracked 
|  94|0x00000000e5e00000, 0x00000000e5e00000, 0x00000000e5f00000|  0%| F|  |TAMS 0x00000000e5e00000, 0x00000000e5e00000| Untracked 
|  95|0x00000000e5f00000, 0x00000000e5f00000, 0x00000000e6000000|  0%| F|  |TAMS 0x00000000e5f00000, 0x00000000e5f00000| Untracked 
|  96|0x00000000e6000000, 0x00000000e6000000, 0x00000000e6100000|  0%| F|  |TAMS 0x00000000e6000000, 0x00000000e6000000| Untracked 
|  97|0x00000000e6100000, 0x00000000e6100000, 0x00000000e6200000|  0%| F|  |TAMS 0x00000000e6100000, 0x00000000e6100000| Untracked 
|  98|0x00000000e6200000, 0x00000000e6200000, 0x00000000e6300000|  0%| F|  |TAMS 0x00000000e6200000, 0x00000000e6200000| Untracked 
|  99|0x00000000e6300000, 0x00000000e6300000, 0x00000000e6400000|  0%| F|  |TAMS 0x00000000e6300000, 0x00000000e6300000| Untracked 
| 100|0x00000000e6400000, 0x00000000e6400000, 0x00000000e6500000|  0%| F|  |TAMS 0x00000000e6400000, 0x00000000e6400000| Untracked 
| 101|0x00000000e6500000, 0x00000000e6500000, 0x00000000e6600000|  0%| F|  |TAMS 0x00000000e6500000, 0x00000000e6500000| Untracked 
| 102|0x00000000e6600000, 0x00000000e6600000, 0x00000000e6700000|  0%| F|  |TAMS 0x00000000e6600000, 0x00000000e6600000| Untracked 
| 103|0x00000000e6700000, 0x00000000e6700000, 0x00000000e6800000|  0%| F|  |TAMS 0x00000000e6700000, 0x00000000e6700000| Untracked 
| 104|0x00000000e6800000, 0x00000000e6800000, 0x00000000e6900000|  0%| F|  |TAMS 0x00000000e6800000, 0x00000000e6800000| Untracked 
| 105|0x00000000e6900000, 0x00000000e6900000, 0x00000000e6a00000|  0%| F|  |TAMS 0x00000000e6900000, 0x00000000e6900000| Untracked 
| 106|0x00000000e6a00000, 0x00000000e6a00000, 0x00000000e6b00000|  0%| F|  |TAMS 0x00000000e6a00000, 0x00000000e6a00000| Untracked 
| 107|0x00000000e6b00000, 0x00000000e6b00000, 0x00000000e6c00000|  0%| F|  |TAMS 0x00000000e6b00000, 0x00000000e6b00000| Untracked 
| 108|0x00000000e6c00000, 0x00000000e6c00000, 0x00000000e6d00000|  0%| F|  |TAMS 0x00000000e6c00000, 0x00000000e6c00000| Untracked 
| 109|0x00000000e6d00000, 0x00000000e6d00000, 0x00000000e6e00000|  0%| F|  |TAMS 0x00000000e6d00000, 0x00000000e6d00000| Untracked 
| 110|0x00000000e6e00000, 0x00000000e6e00000, 0x00000000e6f00000|  0%| F|  |TAMS 0x00000000e6e00000, 0x00000000e6e00000| Untracked 
| 111|0x00000000e6f00000, 0x00000000e6f00000, 0x00000000e7000000|  0%| F|  |TAMS 0x00000000e6f00000, 0x00000000e6f00000| Untracked 
| 112|0x00000000e7000000, 0x00000000e7000000, 0x00000000e7100000|  0%| F|  |TAMS 0x00000000e7000000, 0x00000000e7000000| Untracked 
| 113|0x00000000e7100000, 0x00000000e7100000, 0x00000000e7200000|  0%| F|  |TAMS 0x00000000e7100000, 0x00000000e7100000| Untracked 
| 114|0x00000000e7200000, 0x00000000e7200000, 0x00000000e7300000|  0%| F|  |TAMS 0x00000000e7200000, 0x00000000e7200000| Untracked 
| 115|0x00000000e7300000, 0x00000000e7300000, 0x00000000e7400000|  0%| F|  |TAMS 0x00000000e7300000, 0x00000000e7300000| Untracked 
| 116|0x00000000e7400000, 0x00000000e7400000, 0x00000000e7500000|  0%| F|  |TAMS 0x00000000e7400000, 0x00000000e7400000| Untracked 
| 117|0x00000000e7500000, 0x00000000e7500000, 0x00000000e7600000|  0%| F|  |TAMS 0x00000000e7500000, 0x00000000e7500000| Untracked 
| 118|0x00000000e7600000, 0x00000000e7600000, 0x00000000e7700000|  0%| F|  |TAMS 0x00000000e7600000, 0x00000000e7600000| Untracked 
| 119|0x00000000e7700000, 0x00000000e7700000, 0x00000000e7800000|  0%| F|  |TAMS 0x00000000e7700000, 0x00000000e7700000| Untracked 
| 120|0x00000000e7800000, 0x00000000e7800000, 0x00000000e7900000|  0%| F|  |TAMS 0x00000000e7800000, 0x00000000e7800000| Untracked 
| 121|0x00000000e7900000, 0x00000000e7900000, 0x00000000e7a00000|  0%| F|  |TAMS 0x00000000e7900000, 0x00000000e7900000| Untracked 
| 122|0x00000000e7a00000, 0x00000000e7a00000, 0x00000000e7b00000|  0%| F|  |TAMS 0x00000000e7a00000, 0x00000000e7a00000| Untracked 
| 123|0x00000000e7b00000, 0x00000000e7b00000, 0x00000000e7c00000|  0%| F|  |TAMS 0x00000000e7b00000, 0x00000000e7b00000| Untracked 
| 124|0x00000000e7c00000, 0x00000000e7c00000, 0x00000000e7d00000|  0%| F|  |TAMS 0x00000000e7c00000, 0x00000000e7c00000| Untracked 
| 125|0x00000000e7d00000, 0x00000000e7d00000, 0x00000000e7e00000|  0%| F|  |TAMS 0x00000000e7d00000, 0x00000000e7d00000| Untracked 
| 126|0x00000000e7e00000, 0x00000000e7e00000, 0x00000000e7f00000|  0%| F|  |TAMS 0x00000000e7e00000, 0x00000000e7e00000| Untracked 
| 127|0x00000000e7f00000, 0x00000000e7f00000, 0x00000000e8000000|  0%| F|  |TAMS 0x00000000e7f00000, 0x00000000e7f00000| Untracked 
| 128|0x00000000e8000000, 0x00000000e8000000, 0x00000000e8100000|  0%| F|  |TAMS 0x00000000e8000000, 0x00000000e8000000| Untracked 
| 129|0x00000000e8100000, 0x00000000e8100000, 0x00000000e8200000|  0%| F|  |TAMS 0x00000000e8100000, 0x00000000e8100000| Untracked 
| 130|0x00000000e8200000, 0x00000000e8200000, 0x00000000e8300000|  0%| F|  |TAMS 0x00000000e8200000, 0x00000000e8200000| Untracked 
| 131|0x00000000e8300000, 0x00000000e8400000, 0x00000000e8400000|100%| S|CS|TAMS 0x00000000e8300000, 0x00000000e8300000| Complete 
| 132|0x00000000e8400000, 0x00000000e8500000, 0x00000000e8500000|100%| S|CS|TAMS 0x00000000e8400000, 0x00000000e8400000| Complete 
| 133|0x00000000e8500000, 0x00000000e8600000, 0x00000000e8600000|100%| S|CS|TAMS 0x00000000e8500000, 0x00000000e8500000| Complete 
| 134|0x00000000e8600000, 0x00000000e8700000, 0x00000000e8700000|100%| S|CS|TAMS 0x00000000e8600000, 0x00000000e8600000| Complete 
| 135|0x00000000e8700000, 0x00000000e8800000, 0x00000000e8800000|100%| S|CS|TAMS 0x00000000e8700000, 0x00000000e8700000| Complete 
| 136|0x00000000e8800000, 0x00000000e8900000, 0x00000000e8900000|100%| S|CS|TAMS 0x00000000e8800000, 0x00000000e8800000| Complete 
| 137|0x00000000e8900000, 0x00000000e8a00000, 0x00000000e8a00000|100%| S|CS|TAMS 0x00000000e8900000, 0x00000000e8900000| Complete 
| 138|0x00000000e8a00000, 0x00000000e8a00000, 0x00000000e8b00000|  0%| F|  |TAMS 0x00000000e8a00000, 0x00000000e8a00000| Untracked 
| 139|0x00000000e8b00000, 0x00000000e8b00000, 0x00000000e8c00000|  0%| F|  |TAMS 0x00000000e8b00000, 0x00000000e8b00000| Untracked 
| 140|0x00000000e8c00000, 0x00000000e8c00000, 0x00000000e8d00000|  0%| F|  |TAMS 0x00000000e8c00000, 0x00000000e8c00000| Untracked 
| 141|0x00000000e8d00000, 0x00000000e8d00000, 0x00000000e8e00000|  0%| F|  |TAMS 0x00000000e8d00000, 0x00000000e8d00000| Untracked 
| 142|0x00000000e8e00000, 0x00000000e8e00000, 0x00000000e8f00000|  0%| F|  |TAMS 0x00000000e8e00000, 0x00000000e8e00000| Untracked 
| 143|0x00000000e8f00000, 0x00000000e8f00000, 0x00000000e9000000|  0%| F|  |TAMS 0x00000000e8f00000, 0x00000000e8f00000| Untracked 
| 144|0x00000000e9000000, 0x00000000e9000000, 0x00000000e9100000|  0%| F|  |TAMS 0x00000000e9000000, 0x00000000e9000000| Untracked 
| 145|0x00000000e9100000, 0x00000000e9100000, 0x00000000e9200000|  0%| F|  |TAMS 0x00000000e9100000, 0x00000000e9100000| Untracked 
| 146|0x00000000e9200000, 0x00000000e9200000, 0x00000000e9300000|  0%| F|  |TAMS 0x00000000e9200000, 0x00000000e9200000| Untracked 
| 147|0x00000000e9300000, 0x00000000e9300000, 0x00000000e9400000|  0%| F|  |TAMS 0x00000000e9300000, 0x00000000e9300000| Untracked 
| 148|0x00000000e9400000, 0x00000000e9400000, 0x00000000e9500000|  0%| F|  |TAMS 0x00000000e9400000, 0x00000000e9400000| Untracked 
| 149|0x00000000e9500000, 0x00000000e9500000, 0x00000000e9600000|  0%| F|  |TAMS 0x00000000e9500000, 0x00000000e9500000| Untracked 
| 150|0x00000000e9600000, 0x00000000e9600000, 0x00000000e9700000|  0%| F|  |TAMS 0x00000000e9600000, 0x00000000e9600000| Untracked 
| 151|0x00000000e9700000, 0x00000000e9700000, 0x00000000e9800000|  0%| F|  |TAMS 0x00000000e9700000, 0x00000000e9700000| Untracked 
| 152|0x00000000e9800000, 0x00000000e9800000, 0x00000000e9900000|  0%| F|  |TAMS 0x00000000e9800000, 0x00000000e9800000| Untracked 
| 153|0x00000000e9900000, 0x00000000e9900000, 0x00000000e9a00000|  0%| F|  |TAMS 0x00000000e9900000, 0x00000000e9900000| Untracked 
| 154|0x00000000e9a00000, 0x00000000e9a00000, 0x00000000e9b00000|  0%| F|  |TAMS 0x00000000e9a00000, 0x00000000e9a00000| Untracked 
| 155|0x00000000e9b00000, 0x00000000e9b00000, 0x00000000e9c00000|  0%| F|  |TAMS 0x00000000e9b00000, 0x00000000e9b00000| Untracked 
| 156|0x00000000e9c00000, 0x00000000e9c00000, 0x00000000e9d00000|  0%| F|  |TAMS 0x00000000e9c00000, 0x00000000e9c00000| Untracked 
| 157|0x00000000e9d00000, 0x00000000e9d00000, 0x00000000e9e00000|  0%| F|  |TAMS 0x00000000e9d00000, 0x00000000e9d00000| Untracked 
| 158|0x00000000e9e00000, 0x00000000e9e00000, 0x00000000e9f00000|  0%| F|  |TAMS 0x00000000e9e00000, 0x00000000e9e00000| Untracked 
| 159|0x00000000e9f00000, 0x00000000e9f00000, 0x00000000ea000000|  0%| F|  |TAMS 0x00000000e9f00000, 0x00000000e9f00000| Untracked 
| 160|0x00000000ea000000, 0x00000000ea000000, 0x00000000ea100000|  0%| F|  |TAMS 0x00000000ea000000, 0x00000000ea000000| Untracked 
| 161|0x00000000ea100000, 0x00000000ea100000, 0x00000000ea200000|  0%| F|  |TAMS 0x00000000ea100000, 0x00000000ea100000| Untracked 
| 162|0x00000000ea200000, 0x00000000ea200000, 0x00000000ea300000|  0%| F|  |TAMS 0x00000000ea200000, 0x00000000ea200000| Untracked 
| 163|0x00000000ea300000, 0x00000000ea300000, 0x00000000ea400000|  0%| F|  |TAMS 0x00000000ea300000, 0x00000000ea300000| Untracked 
| 164|0x00000000ea400000, 0x00000000ea400000, 0x00000000ea500000|  0%| F|  |TAMS 0x00000000ea400000, 0x00000000ea400000| Untracked 
| 165|0x00000000ea500000, 0x00000000ea500000, 0x00000000ea600000|  0%| F|  |TAMS 0x00000000ea500000, 0x00000000ea500000| Untracked 
| 166|0x00000000ea600000, 0x00000000ea600000, 0x00000000ea700000|  0%| F|  |TAMS 0x00000000ea600000, 0x00000000ea600000| Untracked 
| 167|0x00000000ea700000, 0x00000000ea700000, 0x00000000ea800000|  0%| F|  |TAMS 0x00000000ea700000, 0x00000000ea700000| Untracked 
| 168|0x00000000ea800000, 0x00000000ea800000, 0x00000000ea900000|  0%| F|  |TAMS 0x00000000ea800000, 0x00000000ea800000| Untracked 
| 169|0x00000000ea900000, 0x00000000ea900000, 0x00000000eaa00000|  0%| F|  |TAMS 0x00000000ea900000, 0x00000000ea900000| Untracked 
| 170|0x00000000eaa00000, 0x00000000eaa00000, 0x00000000eab00000|  0%| F|  |TAMS 0x00000000eaa00000, 0x00000000eaa00000| Untracked 
| 171|0x00000000eab00000, 0x00000000eab00000, 0x00000000eac00000|  0%| F|  |TAMS 0x00000000eab00000, 0x00000000eab00000| Untracked 
| 172|0x00000000eac00000, 0x00000000eac00000, 0x00000000ead00000|  0%| F|  |TAMS 0x00000000eac00000, 0x00000000eac00000| Untracked 
| 173|0x00000000ead00000, 0x00000000ead64a00, 0x00000000eae00000| 39%| E|  |TAMS 0x00000000ead00000, 0x00000000ead00000| Complete 
| 174|0x00000000eae00000, 0x00000000eaf00000, 0x00000000eaf00000|100%| E|CS|TAMS 0x00000000eae00000, 0x00000000eae00000| Complete 
| 175|0x00000000eaf00000, 0x00000000eb000000, 0x00000000eb000000|100%| E|CS|TAMS 0x00000000eaf00000, 0x00000000eaf00000| Complete 
| 176|0x00000000eb000000, 0x00000000eb100000, 0x00000000eb100000|100%| E|CS|TAMS 0x00000000eb000000, 0x00000000eb000000| Complete 
| 177|0x00000000eb100000, 0x00000000eb200000, 0x00000000eb200000|100%| E|CS|TAMS 0x00000000eb100000, 0x00000000eb100000| Complete 
| 178|0x00000000eb200000, 0x00000000eb300000, 0x00000000eb300000|100%| E|CS|TAMS 0x00000000eb200000, 0x00000000eb200000| Complete 
| 179|0x00000000eb300000, 0x00000000eb400000, 0x00000000eb400000|100%| E|CS|TAMS 0x00000000eb300000, 0x00000000eb300000| Complete 
| 180|0x00000000eb400000, 0x00000000eb500000, 0x00000000eb500000|100%| E|CS|TAMS 0x00000000eb400000, 0x00000000eb400000| Complete 
| 181|0x00000000eb500000, 0x00000000eb600000, 0x00000000eb600000|100%| E|CS|TAMS 0x00000000eb500000, 0x00000000eb500000| Complete 
| 182|0x00000000eb600000, 0x00000000eb700000, 0x00000000eb700000|100%| E|CS|TAMS 0x00000000eb600000, 0x00000000eb600000| Complete 
| 183|0x00000000eb700000, 0x00000000eb800000, 0x00000000eb800000|100%| E|CS|TAMS 0x00000000eb700000, 0x00000000eb700000| Complete 
| 184|0x00000000eb800000, 0x00000000eb900000, 0x00000000eb900000|100%| E|CS|TAMS 0x00000000eb800000, 0x00000000eb800000| Complete 
| 185|0x00000000eb900000, 0x00000000eba00000, 0x00000000eba00000|100%| E|CS|TAMS 0x00000000eb900000, 0x00000000eb900000| Complete 
| 186|0x00000000eba00000, 0x00000000ebb00000, 0x00000000ebb00000|100%| E|CS|TAMS 0x00000000eba00000, 0x00000000eba00000| Complete 
| 187|0x00000000ebb00000, 0x00000000ebc00000, 0x00000000ebc00000|100%| E|CS|TAMS 0x00000000ebb00000, 0x00000000ebb00000| Complete 
| 188|0x00000000ebc00000, 0x00000000ebd00000, 0x00000000ebd00000|100%| E|CS|TAMS 0x00000000ebc00000, 0x00000000ebc00000| Complete 
| 189|0x00000000ebd00000, 0x00000000ebe00000, 0x00000000ebe00000|100%| E|CS|TAMS 0x00000000ebd00000, 0x00000000ebd00000| Complete 
| 190|0x00000000ebe00000, 0x00000000ebf00000, 0x00000000ebf00000|100%| E|CS|TAMS 0x00000000ebe00000, 0x00000000ebe00000| Complete 
| 191|0x00000000ebf00000, 0x00000000ec000000, 0x00000000ec000000|100%| E|CS|TAMS 0x00000000ebf00000, 0x00000000ebf00000| Complete 
| 192|0x00000000ec000000, 0x00000000ec100000, 0x00000000ec100000|100%| E|CS|TAMS 0x00000000ec000000, 0x00000000ec000000| Complete 
| 193|0x00000000ec100000, 0x00000000ec200000, 0x00000000ec200000|100%| E|CS|TAMS 0x00000000ec100000, 0x00000000ec100000| Complete 
| 194|0x00000000ec200000, 0x00000000ec300000, 0x00000000ec300000|100%| E|CS|TAMS 0x00000000ec200000, 0x00000000ec200000| Complete 
| 195|0x00000000ec300000, 0x00000000ec400000, 0x00000000ec400000|100%| E|CS|TAMS 0x00000000ec300000, 0x00000000ec300000| Complete 
| 196|0x00000000ec400000, 0x00000000ec500000, 0x00000000ec500000|100%| E|CS|TAMS 0x00000000ec400000, 0x00000000ec400000| Complete 
| 197|0x00000000ec500000, 0x00000000ec600000, 0x00000000ec600000|100%| E|CS|TAMS 0x00000000ec500000, 0x00000000ec500000| Complete 
| 198|0x00000000ec600000, 0x00000000ec700000, 0x00000000ec700000|100%| E|CS|TAMS 0x00000000ec600000, 0x00000000ec600000| Complete 
| 199|0x00000000ec700000, 0x00000000ec800000, 0x00000000ec800000|100%| E|CS|TAMS 0x00000000ec700000, 0x00000000ec700000| Complete 
| 200|0x00000000ec800000, 0x00000000ec900000, 0x00000000ec900000|100%| E|CS|TAMS 0x00000000ec800000, 0x00000000ec800000| Complete 
| 201|0x00000000ec900000, 0x00000000eca00000, 0x00000000eca00000|100%| E|CS|TAMS 0x00000000ec900000, 0x00000000ec900000| Complete 
| 202|0x00000000eca00000, 0x00000000ecb00000, 0x00000000ecb00000|100%| E|CS|TAMS 0x00000000eca00000, 0x00000000eca00000| Complete 
| 203|0x00000000ecb00000, 0x00000000ecc00000, 0x00000000ecc00000|100%| E|CS|TAMS 0x00000000ecb00000, 0x00000000ecb00000| Complete 
| 204|0x00000000ecc00000, 0x00000000ecd00000, 0x00000000ecd00000|100%| E|CS|TAMS 0x00000000ecc00000, 0x00000000ecc00000| Complete 
| 205|0x00000000ecd00000, 0x00000000ece00000, 0x00000000ece00000|100%| E|CS|TAMS 0x00000000ecd00000, 0x00000000ecd00000| Complete 
| 206|0x00000000ece00000, 0x00000000ecf00000, 0x00000000ecf00000|100%| E|CS|TAMS 0x00000000ece00000, 0x00000000ece00000| Complete 
| 207|0x00000000ecf00000, 0x00000000ed000000, 0x00000000ed000000|100%| E|CS|TAMS 0x00000000ecf00000, 0x00000000ecf00000| Complete 
| 208|0x00000000ed000000, 0x00000000ed100000, 0x00000000ed100000|100%| E|CS|TAMS 0x00000000ed000000, 0x00000000ed000000| Complete 
| 209|0x00000000ed100000, 0x00000000ed200000, 0x00000000ed200000|100%| E|CS|TAMS 0x00000000ed100000, 0x00000000ed100000| Complete 
| 210|0x00000000ed200000, 0x00000000ed300000, 0x00000000ed300000|100%| E|CS|TAMS 0x00000000ed200000, 0x00000000ed200000| Complete 
| 211|0x00000000ed300000, 0x00000000ed400000, 0x00000000ed400000|100%| E|CS|TAMS 0x00000000ed300000, 0x00000000ed300000| Complete 
| 212|0x00000000ed400000, 0x00000000ed500000, 0x00000000ed500000|100%| E|CS|TAMS 0x00000000ed400000, 0x00000000ed400000| Complete 
| 213|0x00000000ed500000, 0x00000000ed600000, 0x00000000ed600000|100%| E|CS|TAMS 0x00000000ed500000, 0x00000000ed500000| Complete 
| 214|0x00000000ed600000, 0x00000000ed700000, 0x00000000ed700000|100%| E|CS|TAMS 0x00000000ed600000, 0x00000000ed600000| Complete 
| 215|0x00000000ed700000, 0x00000000ed800000, 0x00000000ed800000|100%| E|CS|TAMS 0x00000000ed700000, 0x00000000ed700000| Complete 
| 216|0x00000000ed800000, 0x00000000ed900000, 0x00000000ed900000|100%| E|CS|TAMS 0x00000000ed800000, 0x00000000ed800000| Complete 
| 217|0x00000000ed900000, 0x00000000eda00000, 0x00000000eda00000|100%| E|CS|TAMS 0x00000000ed900000, 0x00000000ed900000| Complete 
| 218|0x00000000eda00000, 0x00000000edb00000, 0x00000000edb00000|100%| E|CS|TAMS 0x00000000eda00000, 0x00000000eda00000| Complete 
| 219|0x00000000edb00000, 0x00000000edc00000, 0x00000000edc00000|100%| E|CS|TAMS 0x00000000edb00000, 0x00000000edb00000| Complete 
| 220|0x00000000edc00000, 0x00000000edd00000, 0x00000000edd00000|100%| E|CS|TAMS 0x00000000edc00000, 0x00000000edc00000| Complete 
| 221|0x00000000edd00000, 0x00000000ede00000, 0x00000000ede00000|100%| E|CS|TAMS 0x00000000edd00000, 0x00000000edd00000| Complete 
| 222|0x00000000ede00000, 0x00000000edf00000, 0x00000000edf00000|100%| E|CS|TAMS 0x00000000ede00000, 0x00000000ede00000| Complete 
| 223|0x00000000edf00000, 0x00000000ee000000, 0x00000000ee000000|100%| E|CS|TAMS 0x00000000edf00000, 0x00000000edf00000| Complete 
| 224|0x00000000ee000000, 0x00000000ee100000, 0x00000000ee100000|100%| E|CS|TAMS 0x00000000ee000000, 0x00000000ee000000| Complete 
| 225|0x00000000ee100000, 0x00000000ee200000, 0x00000000ee200000|100%| E|CS|TAMS 0x00000000ee100000, 0x00000000ee100000| Complete 
| 226|0x00000000ee200000, 0x00000000ee300000, 0x00000000ee300000|100%| E|CS|TAMS 0x00000000ee200000, 0x00000000ee200000| Complete 
| 227|0x00000000ee300000, 0x00000000ee400000, 0x00000000ee400000|100%| E|CS|TAMS 0x00000000ee300000, 0x00000000ee300000| Complete 
| 228|0x00000000ee400000, 0x00000000ee500000, 0x00000000ee500000|100%| E|CS|TAMS 0x00000000ee400000, 0x00000000ee400000| Complete 
| 229|0x00000000ee500000, 0x00000000ee600000, 0x00000000ee600000|100%| E|CS|TAMS 0x00000000ee500000, 0x00000000ee500000| Complete 
| 230|0x00000000ee600000, 0x00000000ee700000, 0x00000000ee700000|100%| E|CS|TAMS 0x00000000ee600000, 0x00000000ee600000| Complete 
| 231|0x00000000ee700000, 0x00000000ee800000, 0x00000000ee800000|100%| E|CS|TAMS 0x00000000ee700000, 0x00000000ee700000| Complete 
| 232|0x00000000ee800000, 0x00000000ee900000, 0x00000000ee900000|100%| E|CS|TAMS 0x00000000ee800000, 0x00000000ee800000| Complete 
| 233|0x00000000ee900000, 0x00000000eea00000, 0x00000000eea00000|100%| E|CS|TAMS 0x00000000ee900000, 0x00000000ee900000| Complete 
| 234|0x00000000eea00000, 0x00000000eeb00000, 0x00000000eeb00000|100%| E|CS|TAMS 0x00000000eea00000, 0x00000000eea00000| Complete 
| 235|0x00000000eeb00000, 0x00000000eec00000, 0x00000000eec00000|100%| E|CS|TAMS 0x00000000eeb00000, 0x00000000eeb00000| Complete 
| 236|0x00000000eec00000, 0x00000000eed00000, 0x00000000eed00000|100%| E|CS|TAMS 0x00000000eec00000, 0x00000000eec00000| Complete 
| 237|0x00000000eed00000, 0x00000000eee00000, 0x00000000eee00000|100%| E|CS|TAMS 0x00000000eed00000, 0x00000000eed00000| Complete 
| 238|0x00000000eee00000, 0x00000000eef00000, 0x00000000eef00000|100%| E|CS|TAMS 0x00000000eee00000, 0x00000000eee00000| Complete 
| 239|0x00000000eef00000, 0x00000000ef000000, 0x00000000ef000000|100%| E|CS|TAMS 0x00000000eef00000, 0x00000000eef00000| Complete 
| 240|0x00000000ef000000, 0x00000000ef100000, 0x00000000ef100000|100%| E|CS|TAMS 0x00000000ef000000, 0x00000000ef000000| Complete 
| 241|0x00000000ef100000, 0x00000000ef200000, 0x00000000ef200000|100%| E|CS|TAMS 0x00000000ef100000, 0x00000000ef100000| Complete 
| 242|0x00000000ef200000, 0x00000000ef300000, 0x00000000ef300000|100%| E|CS|TAMS 0x00000000ef200000, 0x00000000ef200000| Complete 
| 243|0x00000000ef300000, 0x00000000ef400000, 0x00000000ef400000|100%| E|CS|TAMS 0x00000000ef300000, 0x00000000ef300000| Complete 
| 244|0x00000000ef400000, 0x00000000ef500000, 0x00000000ef500000|100%| E|CS|TAMS 0x00000000ef400000, 0x00000000ef400000| Complete 
| 245|0x00000000ef500000, 0x00000000ef600000, 0x00000000ef600000|100%| E|CS|TAMS 0x00000000ef500000, 0x00000000ef500000| Complete 
| 246|0x00000000ef600000, 0x00000000ef700000, 0x00000000ef700000|100%| E|CS|TAMS 0x00000000ef600000, 0x00000000ef600000| Complete 
| 247|0x00000000ef700000, 0x00000000ef800000, 0x00000000ef800000|100%| E|CS|TAMS 0x00000000ef700000, 0x00000000ef700000| Complete 
| 248|0x00000000ef800000, 0x00000000ef900000, 0x00000000ef900000|100%| E|CS|TAMS 0x00000000ef800000, 0x00000000ef800000| Complete 
| 249|0x00000000ef900000, 0x00000000efa00000, 0x00000000efa00000|100%| E|CS|TAMS 0x00000000ef900000, 0x00000000ef900000| Complete 
| 250|0x00000000efa00000, 0x00000000efb00000, 0x00000000efb00000|100%| E|CS|TAMS 0x00000000efa00000, 0x00000000efa00000| Complete 
| 251|0x00000000efb00000, 0x00000000efc00000, 0x00000000efc00000|100%| E|CS|TAMS 0x00000000efb00000, 0x00000000efb00000| Complete 
| 252|0x00000000efc00000, 0x00000000efd00000, 0x00000000efd00000|100%| E|CS|TAMS 0x00000000efc00000, 0x00000000efc00000| Complete 
| 253|0x00000000efd00000, 0x00000000efe00000, 0x00000000efe00000|100%| E|CS|TAMS 0x00000000efd00000, 0x00000000efd00000| Complete 
| 254|0x00000000efe00000, 0x00000000eff00000, 0x00000000eff00000|100%| E|CS|TAMS 0x00000000efe00000, 0x00000000efe00000| Complete 
| 255|0x00000000eff00000, 0x00000000f0000000, 0x00000000f0000000|100%| E|CS|TAMS 0x00000000eff00000, 0x00000000eff00000| Complete 

Card table byte_map: [0x0000020c6bce0000,0x0000020c6bde0000] _byte_map_base: 0x0000020c6b5e0000

Marking Bits (Prev, Next): (CMBitMap*) 0x0000020c54977a48, (CMBitMap*) 0x0000020c54977a08
 Prev Bits: [0x0000020c6c6e0000, 0x0000020c6cee0000)
 Next Bits: [0x0000020c6bee0000, 0x0000020c6c6e0000)

Polling page: 0x0000020c52600000

Metaspace:

Usage:
  Non-class:     55.75 MB capacity,    54.54 MB ( 98%) used,     1.02 MB (  2%) free+waste,   207.38 KB ( <1%) overhead. 
      Class:      8.71 MB capacity,     8.03 MB ( 92%) used,   607.12 KB (  7%) free+waste,    94.94 KB (  1%) overhead. 
       Both:     64.47 MB capacity,    62.56 MB ( 97%) used,     1.61 MB (  2%) free+waste,   302.31 KB ( <1%) overhead. 

Virtual space:
  Non-class space:       56.00 MB reserved,      55.92 MB (>99%) committed 
      Class space:      248.00 MB reserved,       8.75 MB (  4%) committed 
             Both:      304.00 MB reserved,      64.67 MB ( 21%) committed 

Chunk freelists:
   Non-Class:  384 bytes
       Class:  0 bytes
        Both:  384 bytes

CodeHeap 'non-profiled nmethods': size=120064Kb used=6583Kb max_used=6655Kb free=113480Kb
 bounds [0x0000020c647a0000, 0x0000020c64e40000, 0x0000020c6bce0000]
CodeHeap 'profiled nmethods': size=120000Kb used=24667Kb max_used=25439Kb free=95332Kb
 bounds [0x0000020c5d270000, 0x0000020c5eb70000, 0x0000020c647a0000]
CodeHeap 'non-nmethods': size=5696Kb used=2291Kb max_used=2370Kb free=3404Kb
 bounds [0x0000020c5cce0000, 0x0000020c5cf50000, 0x0000020c5d270000]
 total_blobs=16475 nmethods=10761 adapters=784
 compilation: enabled
              stopped_count=0, restarted_count=0
 full_count=0

Compilation events (10 events):
Event: 772.320 Thread 0x0000020c70a36800 12684   !   4       jdk.internal.reflect.GeneratedMethodAccessor20::invoke (76 bytes)
Event: 772.323 Thread 0x0000020c6f4d3800 12685       4       java.io.ObjectInputStream$BlockDataInputStream::peekByte (20 bytes)
Event: 772.324 Thread 0x0000020c6f4d8800 12686       3       java.io.ObjectInputStream$BlockDataInputStream::skipBlockData (32 bytes)
Event: 772.325 Thread 0x0000020c6f4d8800 nmethod 12686 0x0000020c5ddc9990 code [0x0000020c5ddc9b80, 0x0000020c5ddc9f00]
Event: 772.326 Thread 0x0000020c6f4d8800 12687       3       java.io.ObjectInputStream$BlockDataInputStream::readShort (73 bytes)
Event: 772.327 Thread 0x0000020c6f4d8800 nmethod 12687 0x0000020c5de40b10 code [0x0000020c5de40d00, 0x0000020c5de410a0]
Event: 772.337 Thread 0x0000020c6f4d8800 12688       1       java.util.Arrays$ArrayList::get (7 bytes)
Event: 772.337 Thread 0x0000020c6f4d8800 nmethod 12688 0x0000020c64a50090 code [0x0000020c64a50240, 0x0000020c64a50398]
Event: 772.344 Thread 0x0000020c6f4d3800 nmethod 12685 0x0000020c64aa9d90 code [0x0000020c64aa9f60, 0x0000020c64aaa6e8]
Event: 772.344 Thread 0x0000020c6f4d3800 12689   !   4       java.io.ObjectOutputStream::writeObject0 (619 bytes)

GC Heap History (10 events):
Event: 76.225 GC heap before
{Heap before GC invocations=9 (full 0):
 garbage-first heap   total 262144K, used 171536K [0x00000000e0000000, 0x0000000100000000)
  region size 1024K, 146 young (149504K), 14 survivors (14336K)
 Metaspace       used 48105K, capacity 49770K, committed 49920K, reserved 296960K
  class space    used 6473K, capacity 7090K, committed 7168K, reserved 253952K
}
Event: 76.267 GC heap after
{Heap after GC invocations=10 (full 0):
 garbage-first heap   total 262144K, used 41424K [0x00000000e0000000, 0x0000000100000000)
  region size 1024K, 10 young (10240K), 10 survivors (10240K)
 Metaspace       used 48105K, capacity 49770K, committed 49920K, reserved 296960K
  class space    used 6473K, capacity 7090K, committed 7168K, reserved 253952K
}
Event: 728.350 GC heap before
{Heap before GC invocations=10 (full 0):
 garbage-first heap   total 262144K, used 179664K [0x00000000e0000000, 0x0000000100000000)
  region size 1024K, 146 young (149504K), 10 survivors (10240K)
 Metaspace       used 50539K, capacity 52242K, committed 52352K, reserved 299008K
  class space    used 6665K, capacity 7266K, committed 7296K, reserved 253952K
}
Event: 728.377 GC heap after
{Heap after GC invocations=11 (full 0):
 garbage-first heap   total 262144K, used 46032K [0x00000000e0000000, 0x0000000100000000)
  region size 1024K, 14 young (14336K), 14 survivors (14336K)
 Metaspace       used 50539K, capacity 52242K, committed 52352K, reserved 299008K
  class space    used 6665K, capacity 7266K, committed 7296K, reserved 253952K
}
Event: 730.041 GC heap before
{Heap before GC invocations=11 (full 0):
 garbage-first heap   total 262144K, used 73680K [0x00000000e0000000, 0x0000000100000000)
  region size 1024K, 42 young (43008K), 14 survivors (14336K)
 Metaspace       used 57922K, capacity 59867K, committed 59948K, reserved 307200K
  class space    used 7596K, capacity 8292K, committed 8320K, reserved 253952K
}
Event: 730.088 GC heap after
{Heap after GC invocations=12 (full 0):
 garbage-first heap   total 262144K, used 49152K [0x00000000e0000000, 0x0000000100000000)
  region size 1024K, 12 young (12288K), 12 survivors (12288K)
 Metaspace       used 57922K, capacity 59867K, committed 59948K, reserved 307200K
  class space    used 7596K, capacity 8292K, committed 8320K, reserved 253952K
}
Event: 735.686 GC heap before
{Heap before GC invocations=13 (full 0):
 garbage-first heap   total 262144K, used 175104K [0x00000000e0000000, 0x0000000100000000)
  region size 1024K, 136 young (139264K), 12 survivors (12288K)
 Metaspace       used 62583K, capacity 64493K, committed 64556K, reserved 311296K
  class space    used 8087K, capacity 8794K, committed 8832K, reserved 253952K
}
Event: 735.739 GC heap after
{Heap after GC invocations=14 (full 0):
 garbage-first heap   total 262144K, used 63002K [0x00000000e0000000, 0x0000000100000000)
  region size 1024K, 17 young (17408K), 17 survivors (17408K)
 Metaspace       used 62583K, capacity 64493K, committed 64556K, reserved 311296K
  class space    used 8087K, capacity 8794K, committed 8832K, reserved 253952K
}
Event: 738.412 GC heap before
{Heap before GC invocations=14 (full 0):
 garbage-first heap   total 262144K, used 182810K [0x00000000e0000000, 0x0000000100000000)
  region size 1024K, 135 young (138240K), 17 survivors (17408K)
 Metaspace       used 63610K, capacity 65638K, committed 65964K, reserved 311296K
  class space    used 8181K, capacity 8888K, committed 8960K, reserved 253952K
}
Event: 738.450 GC heap after
{Heap after GC invocations=15 (full 0):
 garbage-first heap   total 262144K, used 64870K [0x00000000e0000000, 0x0000000100000000)
  region size 1024K, 7 young (7168K), 7 survivors (7168K)
 Metaspace       used 63610K, capacity 65638K, committed 65964K, reserved 311296K
  class space    used 8181K, capacity 8888K, committed 8960K, reserved 253952K
}

Deoptimization events (10 events):
Event: 738.259 Thread 0x0000020c73a80800 Uncommon trap: reason=unstable_if action=reinterpret pc=0x0000020c64e1994c method=sun.nio.fs.WindowsPathParser.nextNonSlash(Ljava/lang/String;II)I @ 2 c2
Event: 738.269 Thread 0x0000020c73a80800 Uncommon trap: reason=null_check action=make_not_entrant pc=0x0000020c64cdde74 method=jdk.nio.zipfs.ZipFileSystem$IndexNode.keyOf([B)Ljdk/nio/zipfs/ZipFileSystem$IndexNode; @ 6 c2
Event: 738.751 Thread 0x0000020c73a80800 Uncommon trap: reason=unstable_if action=reinterpret pc=0x0000020c64cbac78 method=java.time.LocalDateTime.compareTo0(Ljava/time/LocalDateTime;)I @ 13 c2
Event: 739.232 Thread 0x0000020c73a80800 Uncommon trap: reason=class_check action=maybe_recompile pc=0x0000020c64d7f7bc method=java.util.HashMap.removeNode(ILjava/lang/Object;Ljava/lang/Object;ZZ)Ljava/util/HashMap$Node; @ 143 c2
Event: 739.272 Thread 0x0000020c73a75000 Uncommon trap: reason=class_check action=maybe_recompile pc=0x0000020c64cc85d4 method=java.util.concurrent.locks.ReentrantReadWriteLock$Sync.tryAcquireShared(I)I @ 33 c2
Event: 739.272 Thread 0x0000020c73a75000 Uncommon trap: reason=class_check action=maybe_recompile pc=0x0000020c64cc85d4 method=java.util.concurrent.locks.ReentrantReadWriteLock$Sync.tryAcquireShared(I)I @ 33 c2
Event: 739.358 Thread 0x0000020c73a80800 Uncommon trap: reason=unstable_if action=reinterpret pc=0x0000020c64d706dc method=com.sun.tools.javac.code.Scope$ScopeImpl.lookup(Lcom/sun/tools/javac/util/Name;Lcom/sun/tools/javac/util/Filter;)Lcom/sun/tools/javac/code/Scope$Entry; @ 19 c2
Event: 739.520 Thread 0x0000020c7598a800 Uncommon trap: reason=unstable_if action=reinterpret pc=0x0000020c64da8738 method=com.google.common.collect.ImmutableSet.construct(I[Ljava/lang/Object;)Lcom/google/common/collect/ImmutableSet; @ 1 c2
Event: 739.775 Thread 0x0000020c73a81800 Uncommon trap: reason=unstable_if action=reinterpret pc=0x0000020c64916cc4 method=java.lang.ref.SoftReference.get()Ljava/lang/Object; @ 6 c2
Event: 739.944 Thread 0x0000020c73a81800 Uncommon trap: reason=unstable_if action=reinterpret pc=0x0000020c64836e90 method=java.lang.ref.SoftReference.get()Ljava/lang/Object; @ 6 c2

Classes redefined (0 events):
No events

Internal exceptions (10 events):
Event: 739.998 Thread 0x0000020c71bca800 Exception <a 'java/lang/NoSuchMethodError'{0x00000000eb6f58b0}: <clinit>> (0x00000000eb6f58b0) thrown at [t:/workspace/open/src/hotspot/share/prims/jni.cpp, line 1362]
Event: 740.087 Thread 0x0000020c762d3000 Exception <a 'java/lang/NoSuchMethodError'{0x00000000eb42b128}: <clinit>> (0x00000000eb42b128) thrown at [t:/workspace/open/src/hotspot/share/prims/jni.cpp, line 1362]
Event: 740.089 Thread 0x0000020c762d3000 Exception <a 'java/lang/NoSuchMethodError'{0x00000000eb43f190}: <clinit>> (0x00000000eb43f190) thrown at [t:/workspace/open/src/hotspot/share/prims/jni.cpp, line 1362]
Event: 740.090 Thread 0x0000020c762d3000 Exception <a 'java/lang/NoSuchMethodError'{0x00000000eb4412a8}: <clinit>> (0x00000000eb4412a8) thrown at [t:/workspace/open/src/hotspot/share/prims/jni.cpp, line 1362]
Event: 742.723 Thread 0x0000020c71bca800 Exception <a 'java/lang/NoSuchMethodError'{0x00000000eb384bf8}: <clinit>> (0x00000000eb384bf8) thrown at [t:/workspace/open/src/hotspot/share/prims/jni.cpp, line 1362]
Event: 761.784 Thread 0x0000020c71bca800 Exception <a 'java/lang/NoSuchMethodError'{0x00000000eb233df0}: <clinit>> (0x00000000eb233df0) thrown at [t:/workspace/open/src/hotspot/share/prims/jni.cpp, line 1362]
Event: 761.790 Thread 0x0000020c71bca800 Exception <a 'java/lang/NoSuchMethodError'{0x00000000eb244528}: <clinit>> (0x00000000eb244528) thrown at [t:/workspace/open/src/hotspot/share/prims/jni.cpp, line 1362]
Event: 761.790 Thread 0x0000020c71bca800 Exception <a 'java/lang/NoSuchMethodError'{0x00000000eb2452b8}: <clinit>> (0x00000000eb2452b8) thrown at [t:/workspace/open/src/hotspot/share/prims/jni.cpp, line 1362]
Event: 772.263 Thread 0x0000020c71bca800 Exception <a 'java/lang/NoSuchMethodError'{0x00000000eaf43a20}: <clinit>> (0x00000000eaf43a20) thrown at [t:/workspace/open/src/hotspot/share/prims/jni.cpp, line 1362]
Event: 772.264 Thread 0x0000020c71bca800 Exception <a 'java/lang/NoSuchMethodError'{0x00000000eaf6cc80}: <clinit>> (0x00000000eaf6cc80) thrown at [t:/workspace/open/src/hotspot/share/prims/jni.cpp, line 1362]

Events (10 events):
Event: 772.327 loading class org/springframework/core/ResolvableType$DefaultVariableResolver
Event: 772.327 loading class org/springframework/core/ResolvableType$DefaultVariableResolver done
Event: 772.327 loading class org/springframework/beans/factory/NoSuchBeanDefinitionException
Event: 772.327 loading class org/springframework/beans/factory/NoSuchBeanDefinitionException done
Event: 772.327 loading class org/springframework/beans/factory/UnsatisfiedDependencyException
Event: 772.327 loading class org/springframework/beans/factory/UnsatisfiedDependencyException done
Event: 772.330 Executing VM operation: RevokeBias
Event: 772.330 Executing VM operation: RevokeBias done
Event: 772.331 Executing VM operation: RevokeBias
Event: 772.331 Executing VM operation: RevokeBias done


Dynamic libraries:
0x00007ff704450000 - 0x00007ff70445f000 	C:\Program Files\Java\jdk-12.0.1\bin\java.exe
0x00007ffb62ca0000 - 0x00007ffb62e90000 	C:\WINDOWS\SYSTEM32\ntdll.dll
0x00007ffb62a30000 - 0x00007ffb62ae2000 	C:\WINDOWS\System32\KERNEL32.DLL
0x00007ffb5fea0000 - 0x00007ffb60145000 	C:\WINDOWS\System32\KERNELBASE.dll
0x00007ffb5fcc0000 - 0x00007ffb5fdba000 	C:\WINDOWS\System32\ucrtbase.dll
0x00007ffb5c130000 - 0x00007ffb5c146000 	C:\Program Files\Java\jdk-12.0.1\bin\VCRUNTIME140.dll
0x00007ffb5c110000 - 0x00007ffb5c128000 	C:\Program Files\Java\jdk-12.0.1\bin\jli.dll
0x00007ffb62ba0000 - 0x00007ffb62c43000 	C:\WINDOWS\System32\ADVAPI32.dll
0x00007ffb627e0000 - 0x00007ffb6287e000 	C:\WINDOWS\System32\msvcrt.dll
0x00007ffb62620000 - 0x00007ffb626b7000 	C:\WINDOWS\System32\sechost.dll
0x00007ffb626c0000 - 0x00007ffb627e0000 	C:\WINDOWS\System32\RPCRT4.dll
0x00007ffb61890000 - 0x00007ffb61a24000 	C:\WINDOWS\System32\USER32.dll
0x00007ffb5fdc0000 - 0x00007ffb5fde1000 	C:\WINDOWS\System32\win32u.dll
0x00007ffb62590000 - 0x00007ffb625b6000 	C:\WINDOWS\System32\GDI32.dll
0x00007ffb53a00000 - 0x00007ffb53c84000 	C:\WINDOWS\WinSxS\amd64_microsoft.windows.common-controls_6595b64144ccf1df_6.0.18362.1256_none_9e7e379be45e40e2\COMCTL32.dll
0x00007ffb60b50000 - 0x00007ffb60ce6000 	C:\WINDOWS\System32\gdi32full.dll
0x00007ffb60150000 - 0x00007ffb601ee000 	C:\WINDOWS\System32\msvcp_win.dll
0x00007ffb61550000 - 0x00007ffb61886000 	C:\WINDOWS\System32\combase.dll
0x00007ffb5fe10000 - 0x00007ffb5fe91000 	C:\WINDOWS\System32\bcryptPrimitives.dll
0x00007ffb5f8e0000 - 0x00007ffb5f8ea000 	C:\WINDOWS\SYSTEM32\VERSION.dll
0x00007ffb61ca0000 - 0x00007ffb61cce000 	C:\WINDOWS\System32\IMM32.DLL
0x00007ffb5f8f0000 - 0x00007ffb5f926000 	C:\WINDOWS\system32\DriverStore\FileRepository\nvfm.inf_amd64_76974c92c44bbb6b\nvinitx.dll
0x00007ffb61d40000 - 0x00007ffb62427000 	C:\WINDOWS\System32\Shell32.dll
0x00007ffb60b00000 - 0x00007ffb60b4a000 	C:\WINDOWS\System32\cfgmgr32.dll
0x00007ffb60d50000 - 0x00007ffb60df9000 	C:\WINDOWS\System32\shcore.dll
0x00007ffb60220000 - 0x00007ffb609a1000 	C:\WINDOWS\System32\windows.storage.dll
0x00007ffb5fbc0000 - 0x00007ffb5fbe3000 	C:\WINDOWS\System32\profapi.dll
0x00007ffb5fb70000 - 0x00007ffb5fbba000 	C:\WINDOWS\System32\powrprof.dll
0x00007ffb5fb40000 - 0x00007ffb5fb50000 	C:\WINDOWS\System32\UMPDC.dll
0x00007ffb629d0000 - 0x00007ffb62a22000 	C:\WINDOWS\System32\shlwapi.dll
0x00007ffb5fb50000 - 0x00007ffb5fb61000 	C:\WINDOWS\System32\kernel.appcore.dll
0x00007ffb5fdf0000 - 0x00007ffb5fe07000 	C:\WINDOWS\System32\cryptsp.dll
0x0000000067470000 - 0x0000000067476000 	C:\Program Files\NVIDIA Corporation\CoProcManager\_etoured.dll
0x00007ffb55350000 - 0x00007ffb55393000 	C:\Program Files\NVIDIA Corporation\CoProcManager\nvd3d9wrapx.dll
0x00007ffb60fd0000 - 0x00007ffb61440000 	C:\WINDOWS\System32\SETUPAPI.dll
0x00007ffb601f0000 - 0x00007ffb60216000 	C:\WINDOWS\System32\bcrypt.dll
0x00007ffb5e6f0000 - 0x00007ffb5e710000 	C:\WINDOWS\SYSTEM32\dxcore.dll
0x00007ffb55320000 - 0x00007ffb5534d000 	C:\Program Files\NVIDIA Corporation\CoProcManager\nvdxgiwrapx.dll
0x00007ffb4a960000 - 0x00007ffb4aa0a000 	C:\Program Files\Java\jdk-12.0.1\bin\msvcp140.dll
0x00007ffb255d0000 - 0x00007ffb26144000 	C:\Program Files\Java\jdk-12.0.1\bin\server\jvm.dll
0x00007ffb62880000 - 0x00007ffb62888000 	C:\WINDOWS\System32\PSAPI.DLL
0x00007ffb5d840000 - 0x00007ffb5d864000 	C:\WINDOWS\SYSTEM32\WINMM.dll
0x00007ffb5d870000 - 0x00007ffb5d879000 	C:\WINDOWS\SYSTEM32\WSOCK32.dll
0x0000020c52800000 - 0x0000020c5286f000 	C:\WINDOWS\System32\WS2_32.dll
0x00007ffb5d810000 - 0x00007ffb5d83d000 	C:\WINDOWS\SYSTEM32\WINMMBASE.dll
0x00007ffb5bfb0000 - 0x00007ffb5bfc1000 	C:\Program Files\Java\jdk-12.0.1\bin\verify.dll
0x00007ffb5e480000 - 0x00007ffb5e674000 	C:\WINDOWS\SYSTEM32\DBGHELP.DLL
0x00007ffb4ef90000 - 0x00007ffb4efba000 	C:\WINDOWS\SYSTEM32\dbgcore.DLL
0x00007ffb56ca0000 - 0x00007ffb56cc6000 	C:\Program Files\Java\jdk-12.0.1\bin\java.dll
0x00007ffb52b80000 - 0x00007ffb52b97000 	C:\Program Files\Java\jdk-12.0.1\bin\zip.dll
0x00007ffb58660000 - 0x00007ffb5866a000 	C:\Program Files\Java\jdk-12.0.1\bin\jimage.dll
0x00007ffb52b60000 - 0x00007ffb52b79000 	C:\Program Files\Java\jdk-12.0.1\bin\net.dll
0x00007ffb54300000 - 0x00007ffb543f0000 	C:\WINDOWS\SYSTEM32\WINHTTP.dll
0x00007ffb50c10000 - 0x00007ffb50de6000 	C:\WINDOWS\SYSTEM32\urlmon.dll
0x00007ffb51590000 - 0x00007ffb51837000 	C:\WINDOWS\SYSTEM32\iertutil.dll
0x00007ffb5f470000 - 0x00007ffb5f47c000 	C:\WINDOWS\SYSTEM32\CRYPTBASE.DLL
0x00007ffb5f290000 - 0x00007ffb5f2f7000 	C:\WINDOWS\system32\mswsock.dll
0x00007ffb529b0000 - 0x00007ffb529c3000 	C:\Program Files\Java\jdk-12.0.1\bin\nio.dll
0x00007ffb53260000 - 0x00007ffb53287000 	C:\Gradle\gradle-5.5\native\fdc75f09e3144964f2cf3f50f0aa648679c211496f362492102eb8c894070792\windows-amd64\native-platform.dll
0x00007ffb21de0000 - 0x00007ffb21f76000 	C:\Gradle\gradle-5.5\native\12488b8bf47d2d4c9fbf2f6322a914ad602e24e48041cd04a747c6da556b65c4\windows-amd64\native-platform-file-events.dll
0x00007ffb56c90000 - 0x00007ffb56c99000 	C:\Program Files\Java\jdk-12.0.1\bin\management.dll
0x00007ffb53250000 - 0x00007ffb5325c000 	C:\Program Files\Java\jdk-12.0.1\bin\management_ext.dll
0x00007ffb5ee10000 - 0x00007ffb5ee43000 	C:\WINDOWS\system32\rsaenh.dll
0x00007ffb5fa20000 - 0x00007ffb5fa45000 	C:\WINDOWS\SYSTEM32\USERENV.dll
0x00007ffb5efb0000 - 0x00007ffb5efea000 	C:\WINDOWS\SYSTEM32\IPHLPAPI.DLL
0x00007ffb61440000 - 0x00007ffb61448000 	C:\WINDOWS\System32\NSI.dll
0x00007ffb558d0000 - 0x00007ffb558e6000 	C:\WINDOWS\SYSTEM32\dhcpcsvc6.DLL
0x00007ffb558b0000 - 0x00007ffb558cc000 	C:\WINDOWS\SYSTEM32\dhcpcsvc.DLL
0x00007ffb5eff0000 - 0x00007ffb5f0bb000 	C:\WINDOWS\SYSTEM32\DNSAPI.dll
0x00007ffb55ac0000 - 0x00007ffb55acb000 	C:\WINDOWS\SYSTEM32\WINNSI.DLL

dbghelp: loaded successfully - version: 4.0.5 - missing functions: none
symbol engine: initialized successfully - sym options: 0x614 - pdb path: .;C:\Program Files\Java\jdk-12.0.1\bin;C:\WINDOWS\SYSTEM32;C:\WINDOWS\WinSxS\amd64_microsoft.windows.common-controls_6595b64144ccf1df_6.0.18362.1256_none_9e7e379be45e40e2;C:\WINDOWS\system32\DriverStore\FileRepository\nvfm.inf_amd64_76974c92c44bbb6b;C:\Program Files\NVIDIA Corporation\CoProcManager;C:\Program Files\Java\jdk-12.0.1\bin\server;C:\Gradle\gradle-5.5\native\fdc75f09e3144964f2cf3f50f0aa648679c211496f362492102eb8c894070792\windows-amd64;C:\Gradle\gradle-5.5\native\12488b8bf47d2d4c9fbf2f6322a914ad602e24e48041cd04a747c6da556b65c4\windows-amd64

VM Arguments:
jvm_args: --add-opens=java.base/java.util=ALL-UNNAMED --add-opens=java.base/java.lang=ALL-UNNAMED --add-opens=java.base/java.lang.invoke=ALL-UNNAMED --add-opens=java.prefs/java.util.prefs=ALL-UNNAMED -XX:MaxMetaspaceSize=256m -XX:+HeapDumpOnOutOfMemoryError -Xms256m -Xmx512m -Dfile.encoding=windows-1251 -Duser.country=RU -Duser.language=ru -Duser.variant 
java_command: org.gradle.launcher.daemon.bootstrap.GradleDaemon 6.7.1
java_class_path (initial): C:\Gradle\gradle-5.5\wrapper\dists\gradle-6.7.1-bin\bwlcbys1h7rz3272sye1xwiv6\gradle-6.7.1\lib\gradle-launcher-6.7.1.jar
Launcher Type: SUN_STANDARD

[Global flags]
     intx CICompilerCount                          = 3                                         {product} {ergonomic}
   size_t CompressedClassSpaceSize                 = 260046848                                 {product} {ergonomic}
     uint ConcGCThreads                            = 1                                         {product} {ergonomic}
     uint G1ConcRefinementThreads                  = 4                                         {product} {ergonomic}
   size_t G1HeapRegionSize                         = 1048576                                   {product} {ergonomic}
    uintx GCDrainStackTargetSize                   = 64                                        {product} {ergonomic}
     bool HeapDumpOnOutOfMemoryError               = true                                   {manageable} {command line}
   size_t InitialHeapSize                          = 268435456                                 {product} {command line}
   size_t MarkStackSize                            = 4194304                                   {product} {ergonomic}
   size_t MaxHeapSize                              = 536870912                                 {product} {command line}
   size_t MaxMetaspaceSize                         = 268435456                                 {product} {command line}
   size_t MaxNewSize                               = 321912832                                 {product} {ergonomic}
   size_t MinHeapDeltaBytes                        = 1048576                                   {product} {ergonomic}
    uintx NonNMethodCodeHeapSize                   = 5830732                                {pd product} {ergonomic}
    uintx NonProfiledCodeHeapSize                  = 122913754                              {pd product} {ergonomic}
    uintx ProfiledCodeHeapSize                     = 122913754                              {pd product} {ergonomic}
    uintx ReservedCodeCacheSize                    = 251658240                              {pd product} {ergonomic}
     bool SegmentedCodeCache                       = true                                      {product} {ergonomic}
     bool UseCompressedClassPointers               = true                                 {lp64_product} {ergonomic}
     bool UseCompressedOops                        = true                                 {lp64_product} {ergonomic}
     bool UseG1GC                                  = true                                      {product} {ergonomic}
     bool UseLargePagesIndividualAllocation        = false                                  {pd product} {ergonomic}

Logging:
Log output configuration:
 #0: stdout all=warning uptime,level,tags
 #1: stderr all=off uptime,level,tags

Environment Variables:
JAVA_HOME=C:\Program Files\Java\jdk-12.0.1
PATH=C:\ProgramData\DockerDesktop\version-bin;C:\Program Files\Docker\Docker\Resources\bin;C:\WINDOWS\system32;C:\WINDOWS;C:\WINDOWS\System32\Wbem;C:\WINDOWS\System32\WindowsPowerShell\v1.0\;C:\WINDOWS\System32\OpenSSH\;C:\Program Files\Git\cmd;C:\Gradle\gradle-5.5\bin;C:\Go\bin;C:\Program Files\MySQL\MySQL Shell 8.0\bin\;C:\Users\Diana\AppData\Local\Microsoft\WindowsApps;;C:\Program Files\JetBrains\IntelliJ IDEA Community Edition 2019.1.3\bin;;C:\Users\Diana\go\bin;C:\Users\Diana\AppData\Local\Programs\Microsoft VS Code\bin
USERNAME=Diana
OS=Windows_NT
PROCESSOR_IDENTIFIER=Intel64 Family 6 Model 42 Stepping 7, GenuineIntel



---------------  S Y S T E M  ---------------

OS: Windows 10 , 64 bit Build 18362 (10.0.18362.1110)

CPU:total 4 (initial active 4) (2 cores per cpu, 2 threads per core) family 6 model 42 stepping 7, cmov, cx8, fxsr, mmx, sse, sse2, sse3, ssse3, sse4.1, sse4.2, popcnt, avx, clmul, ht, tsc, tscinvbit

Memory: 4k page, system-wide physical 8048M (862M free)
TotalPageFile size 8848M (AvailPageFile size 1M)
current process WorkingSet (physical memory assigned to process): 445M, peak: 464M
current process commit charge ("private bytes"): 507M, peak: 520M

vm_info: Java HotSpot(TM) 64-Bit Server VM (12.0.1+12) for windows-amd64 JRE (12.0.1+12), built on Apr  2 2019 14:02:19 by "mach5one" with MS VC++ 15.5 (VS2017)

END.
