#
# There is insufficient memory for the Java Runtime Environment to continue.
# Native memory allocation (malloc) failed to allocate 618256 bytes for Chunk::new
# Possible reasons:
#   The system is out of physical RAM or swap space
#   The process is running with CompressedOops enabled, and the Java Heap may be blocking the growth of the native heap
# Possible solutions:
#   Reduce memory load on the system
#   Increase physical memory or swap space
#   Check if swap backing store is full
#   Decrease Java heap size (-Xmx/-Xms)
#   Decrease number of Java threads
#   Decrease Java thread stack sizes (-Xss)
#   Set larger code cache with -XX:ReservedCodeCacheSize=
#   JVM is running with Unscaled Compressed Oops mode in which the Java heap is
#     placed in the first 4GB address space. The Java Heap base address is the
#     maximum limit for the native heap growth. Please use -XX:HeapBaseMinAddress
#     to set the Java Heap base and to place the Java Heap above 4GB virtual address.
# This output file may be truncated or incomplete.
#
#  Out of Memory Error (t:/workspace/open/src/hotspot/share/memory/arena.cpp:197), pid=8412, tid=5044
#
# JRE version: Java(TM) SE Runtime Environment (12.0.1+12) (build 12.0.1+12)
# Java VM: Java HotSpot(TM) 64-Bit Server VM (12.0.1+12, mixed mode, sharing, tiered, compressed oops, g1 gc, windows-amd64)
# No core dump will be written. Minidumps are not enabled by default on client versions of Windows
#

---------------  S U M M A R Y ------------

Command Line: -javaagent:C:\Program Files\JetBrains\IntelliJ IDEA Community Edition 2020.1.1\lib\idea_rt.jar=58296:C:\Program Files\JetBrains\IntelliJ IDEA Community Edition 2020.1.1\bin -Dfile.encoding=UTF-8 com.dskushnir.testExercise.TestExerciseApplication

Host: Intel(R) Core(TM) i3-2328M CPU @ 2.20GHz, 4 cores, 7G,  Windows 10 , 64 bit Build 18362 (10.0.18362.1110)
Time: Sun Jan  3 13:46:23 2021 Oeieyiaey (ceia) elapsed time: 7 seconds (0d 0h 0m 7s)

---------------  T H R E A D  ---------------

Current thread (0x000001b89a2e1800):  JavaThread "C2 CompilerThread1" daemon [_thread_in_native, id=5044, stack(0x000000acc8d00000,0x000000acc8e00000)]


Current CompileTask:
C2:   7100 2099       4       jdk.internal.module.SystemModuleFinders$SystemModuleReader::findImageLocation (42 bytes)

Stack: [0x000000acc8d00000,0x000000acc8e00000]
Native frames: (J=compiled Java code, j=interpreted, Vv=VM code, C=native code)
V  [jvm.dll+0x63948a]
V  [jvm.dll+0x78b31f]
V  [jvm.dll+0x78c9c1]
V  [jvm.dll+0x78d013]
V  [jvm.dll+0x262138]
V  [jvm.dll+0xc582c]
V  [jvm.dll+0xc5dac]
V  [jvm.dll+0x3796a7]
V  [jvm.dll+0x345493]
V  [jvm.dll+0x34485a]
V  [jvm.dll+0x21c035]
V  [jvm.dll+0x21b20a]
V  [jvm.dll+0x199890]
V  [jvm.dll+0x22a534]
V  [jvm.dll+0x228b88]
V  [jvm.dll+0x74f660]
V  [jvm.dll+0x748648]
V  [jvm.dll+0x638566]
C  [ucrtbase.dll+0x210b2]
C  [KERNEL32.DLL+0x17c24]
C  [ntdll.dll+0x6d4d1]


---------------  P R O C E S S  ---------------

Threads class SMR info:
_java_thread_list=0x000001b899596640, length=12, elements={
0x000001b8fa193800, 0x000001b8fee8e800, 0x000001b8fee8f800, 0x000001b8feea4800,
0x000001b8feea5800, 0x000001b8feea9000, 0x000001b8ffa6d000, 0x000001b8ffa62000,
0x000001b8ffbb0800, 0x000001b8ffdda000, 0x000001b89941f800, 0x000001b89a2e1800
}

Java Threads: ( => current thread )
  0x000001b8fa193800 JavaThread "main" [_thread_in_Java, id=5336, stack(0x000000acc7900000,0x000000acc7a00000)]
  0x000001b8fee8e800 JavaThread "Reference Handler" daemon [_thread_blocked, id=8436, stack(0x000000acc8000000,0x000000acc8100000)]
  0x000001b8fee8f800 JavaThread "Finalizer" daemon [_thread_blocked, id=5424, stack(0x000000acc8100000,0x000000acc8200000)]
  0x000001b8feea4800 JavaThread "Signal Dispatcher" daemon [_thread_blocked, id=10036, stack(0x000000acc8200000,0x000000acc8300000)]
  0x000001b8feea5800 JavaThread "Attach Listener" daemon [_thread_blocked, id=9300, stack(0x000000acc8300000,0x000000acc8400000)]
  0x000001b8feea9000 JavaThread "C2 CompilerThread0" daemon [_thread_in_native, id=9388, stack(0x000000acc8400000,0x000000acc8500000)]
  0x000001b8ffa6d000 JavaThread "C1 CompilerThread0" daemon [_thread_blocked, id=9272, stack(0x000000acc8500000,0x000000acc8600000)]
  0x000001b8ffa62000 JavaThread "Sweeper thread" daemon [_thread_blocked, id=5556, stack(0x000000acc8600000,0x000000acc8700000)]
  0x000001b8ffbb0800 JavaThread "Common-Cleaner" daemon [_thread_blocked, id=7940, stack(0x000000acc8700000,0x000000acc8800000)]
  0x000001b8ffdda000 JavaThread "Monitor Ctrl-Break" daemon [_thread_in_native, id=2968, stack(0x000000acc8800000,0x000000acc8900000)]
  0x000001b89941f800 JavaThread "Service Thread" daemon [_thread_blocked, id=9088, stack(0x000000acc8900000,0x000000acc8a00000)]
=>0x000001b89a2e1800 JavaThread "C2 CompilerThread1" daemon [_thread_in_native, id=5044, stack(0x000000acc8d00000,0x000000acc8e00000)]

Other Threads:
  0x000001b8fee8c800 VMThread "VM Thread" [stack: 0x000000acc7f00000,0x000000acc8000000] [id=7064]
  0x000001b899421000 WatcherThread [stack: 0x000000acc8a00000,0x000000acc8b00000] [id=4720]
  0x000001b8fa1d2800 GCTaskThread "GC Thread#0" [stack: 0x000000acc7a00000,0x000000acc7b00000] [id=7832]
  0x000001b899a0c800 GCTaskThread "GC Thread#1" [stack: 0x000000acc8b00000,0x000000acc8c00000] [id=340]
  0x000001b899a0e000 GCTaskThread "GC Thread#2" [stack: 0x000000acc8c00000,0x000000acc8d00000] [id=9100]
  0x000001b8fecf2800 ConcurrentGCThread "G1 Main Marker" [stack: 0x000000acc7b00000,0x000000acc7c00000] [id=684]
  0x000001b8fa1de000 ConcurrentGCThread "G1 Conc#0" [stack: 0x000000acc7c00000,0x000000acc7d00000] [id=4768]
  0x000001b8fed85000 ConcurrentGCThread "G1 Refine#0" [stack: 0x000000acc7d00000,0x000000acc7e00000] [id=6304]
  0x000001b8fed86000 ConcurrentGCThread "G1 Young RemSet Sampling" [stack: 0x000000acc7e00000,0x000000acc7f00000] [id=9984]

Threads with active compile tasks:
C2 CompilerThread0  2296  s    4       java.io.DataOutputStream::write (14 bytes)
C2 CompilerThread1  2099       4       jdk.internal.module.SystemModuleFinders$SystemModuleReader::findImageLocation (42 bytes)

VM state:not at safepoint (normal execution)

VM Mutex/Monitor currently owned by a thread: None

Heap address: 0x0000000082200000, size: 2014 MB, Compressed Oops mode: 32-bit
Narrow klass base: 0x0000000800000000, Narrow klass shift: 3
Compressed class space size: 1073741824 Address: 0x00000008011a0000

Heap:
 garbage-first heap   total 34816K, used 8098K [0x0000000082200000, 0x0000000100000000)
  region size 1024K, 7 young (7168K), 6 survivors (6144K)
 Metaspace       used 17068K, capacity 17687K, committed 18048K, reserved 1071104K
  class space    used 2069K, capacity 2306K, committed 2432K, reserved 1048576K
Heap Regions: E=young(eden), S=young(survivor), O=old, HS=humongous(starts), HC=humongous(continues), CS=collection set, F=free, A=archive, TAMS=top-at-mark-start (previous, next)
|   0|0x0000000082200000, 0x0000000082300000, 0x0000000082300000|100%| O|  |TAMS 0x0000000082300000, 0x0000000082200000| Untracked 
|   1|0x0000000082300000, 0x0000000082400000, 0x0000000082400000|100%| O|  |TAMS 0x0000000082400000, 0x0000000082300000| Untracked 
|   2|0x0000000082400000, 0x0000000082486600, 0x0000000082500000| 52%| O|  |TAMS 0x0000000082486600, 0x0000000082400000| Untracked 
|   3|0x0000000082500000, 0x0000000082500000, 0x0000000082600000|  0%| F|  |TAMS 0x0000000082500000, 0x0000000082500000| Untracked 
|   4|0x0000000082600000, 0x0000000082600000, 0x0000000082700000|  0%| F|  |TAMS 0x0000000082600000, 0x0000000082600000| Untracked 
|   5|0x0000000082700000, 0x0000000082700000, 0x0000000082800000|  0%| F|  |TAMS 0x0000000082700000, 0x0000000082700000| Untracked 
|   6|0x0000000082800000, 0x0000000082800000, 0x0000000082900000|  0%| F|  |TAMS 0x0000000082800000, 0x0000000082800000| Untracked 
|   7|0x0000000082900000, 0x0000000082900000, 0x0000000082a00000|  0%| F|  |TAMS 0x0000000082900000, 0x0000000082900000| Untracked 
|   8|0x0000000082a00000, 0x0000000082a00000, 0x0000000082b00000|  0%| F|  |TAMS 0x0000000082a00000, 0x0000000082a00000| Untracked 
|   9|0x0000000082b00000, 0x0000000082b00000, 0x0000000082c00000|  0%| F|  |TAMS 0x0000000082b00000, 0x0000000082b00000| Untracked 
|  10|0x0000000082c00000, 0x0000000082c00000, 0x0000000082d00000|  0%| F|  |TAMS 0x0000000082c00000, 0x0000000082c00000| Untracked 
|  11|0x0000000082d00000, 0x0000000082d00000, 0x0000000082e00000|  0%| F|  |TAMS 0x0000000082d00000, 0x0000000082d00000| Untracked 
|  12|0x0000000082e00000, 0x0000000082e00000, 0x0000000082f00000|  0%| F|  |TAMS 0x0000000082e00000, 0x0000000082e00000| Untracked 
|  13|0x0000000082f00000, 0x0000000082f00000, 0x0000000083000000|  0%| F|  |TAMS 0x0000000082f00000, 0x0000000082f00000| Untracked 
|  14|0x0000000083000000, 0x0000000083000000, 0x0000000083100000|  0%| F|  |TAMS 0x0000000083000000, 0x0000000083000000| Untracked 
|  15|0x0000000083100000, 0x0000000083100000, 0x0000000083200000|  0%| F|  |TAMS 0x0000000083100000, 0x0000000083100000| Untracked 
|  16|0x0000000083200000, 0x0000000083200000, 0x0000000083300000|  0%| F|  |TAMS 0x0000000083200000, 0x0000000083200000| Untracked 
|  17|0x0000000083300000, 0x0000000083300000, 0x0000000083400000|  0%| F|  |TAMS 0x0000000083300000, 0x0000000083300000| Untracked 
|  18|0x0000000083400000, 0x0000000083400000, 0x0000000083500000|  0%| F|  |TAMS 0x0000000083400000, 0x0000000083400000| Untracked 
|  19|0x0000000083500000, 0x0000000083500000, 0x0000000083600000|  0%| F|  |TAMS 0x0000000083500000, 0x0000000083500000| Untracked 
|  20|0x0000000083600000, 0x0000000083600000, 0x0000000083700000|  0%| F|  |TAMS 0x0000000083600000, 0x0000000083600000| Untracked 
|  21|0x0000000083700000, 0x0000000083700000, 0x0000000083800000|  0%| F|  |TAMS 0x0000000083700000, 0x0000000083700000| Untracked 
|  22|0x0000000083800000, 0x0000000083800000, 0x0000000083900000|  0%| F|  |TAMS 0x0000000083800000, 0x0000000083800000| Untracked 
|  23|0x0000000083900000, 0x0000000083900000, 0x0000000083a00000|  0%| F|  |TAMS 0x0000000083900000, 0x0000000083900000| Untracked 
|  24|0x0000000083a00000, 0x0000000083a00000, 0x0000000083b00000|  0%| F|  |TAMS 0x0000000083a00000, 0x0000000083a00000| Untracked 
|  25|0x0000000083b00000, 0x0000000083b00000, 0x0000000083c00000|  0%| F|  |TAMS 0x0000000083b00000, 0x0000000083b00000| Untracked 
|  26|0x0000000083c00000, 0x0000000083c00000, 0x0000000083d00000|  0%| F|  |TAMS 0x0000000083c00000, 0x0000000083c00000| Untracked 
|  47|0x0000000085100000, 0x00000000851622c0, 0x0000000085200000| 38%| S|CS|TAMS 0x0000000085100000, 0x0000000085100000| Complete 
|  48|0x0000000085200000, 0x0000000085300000, 0x0000000085300000|100%| S|CS|TAMS 0x0000000085200000, 0x0000000085200000| Complete 
|  49|0x0000000085300000, 0x0000000085400000, 0x0000000085400000|100%| S|CS|TAMS 0x0000000085300000, 0x0000000085300000| Complete 
|  50|0x0000000085400000, 0x0000000085500000, 0x0000000085500000|100%| S|CS|TAMS 0x0000000085400000, 0x0000000085400000| Complete 
|  51|0x0000000085500000, 0x0000000085600000, 0x0000000085600000|100%| S|CS|TAMS 0x0000000085500000, 0x0000000085500000| Complete 
|  52|0x0000000085600000, 0x0000000085700000, 0x0000000085700000|100%| S|CS|TAMS 0x0000000085600000, 0x0000000085600000| Complete 
| 125|0x0000000089f00000, 0x0000000089ff2d38, 0x000000008a000000| 94%| E|  |TAMS 0x0000000089f00000, 0x0000000089f00000| Complete 

Card table byte_map: [0x000001b8fa5d0000,0x000001b8fa9c0000] _byte_map_base: 0x000001b8fa1bf000

Marking Bits (Prev, Next): (CMBitMap*) 0x000001b8fa1d36a8, (CMBitMap*) 0x000001b8fa1d3668
 Prev Bits: [0x000001b8fcd30000, 0x000001b8feca8000)
 Next Bits: [0x000001b8fadb0000, 0x000001b8fcd28000)

Polling page: 0x000001b8f7f90000

Metaspace:

Usage:
  Non-class:     15.02 MB capacity,    14.66 MB ( 98%) used,   306.66 KB (  2%) free+waste,    60.00 KB ( <1%) overhead. 
      Class:      2.25 MB capacity,     2.02 MB ( 90%) used,   203.35 KB (  9%) free+waste,    30.31 KB (  1%) overhead. 
       Both:     17.27 MB capacity,    16.69 MB ( 97%) used,   510.01 KB (  3%) free+waste,    90.31 KB ( <1%) overhead. 

Virtual space:
  Non-class space:       22.00 MB reserved,      15.25 MB ( 69%) committed 
      Class space:        1.00 GB reserved,       2.38 MB ( <1%) committed 
             Both:        1.02 GB reserved,      17.63 MB (  2%) committed 

Chunk freelists:
   Non-Class:  5.38 KB
       Class:  0 bytes
        Both:  5.38 KB

CodeHeap 'non-profiled nmethods': size=120064Kb used=987Kb max_used=987Kb free=119076Kb
 bounds [0x000001b88fdf0000, 0x000001b890060000, 0x000001b897330000]
CodeHeap 'profiled nmethods': size=120000Kb used=4970Kb max_used=4970Kb free=115029Kb
 bounds [0x000001b8888c0000, 0x000001b888da0000, 0x000001b88fdf0000]
CodeHeap 'non-nmethods': size=5696Kb used=1147Kb max_used=1176Kb free=4548Kb
 bounds [0x000001b888330000, 0x000001b8885a0000, 0x000001b8888c0000]
 total_blobs=3289 nmethods=2310 adapters=375
 compilation: enabled
              stopped_count=0, restarted_count=0
 full_count=0

Compilation events (10 events):
Event: 7.073 Thread 0x000001b8ffa6d000 2154       3       java.util.stream.ReduceOps$ReduceOp::<init> (10 bytes)
Event: 7.074 Thread 0x000001b8feea9000 nmethod 2151 0x000001b88fed4790 code [0x000001b88fed4940, 0x000001b88fed4b18]
Event: 7.074 Thread 0x000001b8ffa6d000 nmethod 2154 0x000001b888d3dd90 code [0x000001b888d3df60, 0x000001b888d3e198]
Event: 7.074 Thread 0x000001b8feea9000 2034       4       java.util.LinkedHashMap::get (33 bytes)
Event: 7.074 Thread 0x000001b8ffa6d000 2155       3       java.util.stream.ReduceOps$ReduceOp::evaluateSequential (18 bytes)
Event: 7.074 Thread 0x000001b8ffa6d000 nmethod 2155 0x000001b888d3e290 code [0x000001b888d3e480, 0x000001b888d3e990]
Event: 7.083 Thread 0x000001b8feea9000 nmethod 2034 0x000001b88fed5090 code [0x000001b88fed5240, 0x000001b88fed5538]
Event: 7.083 Thread 0x000001b8feea9000 2157       4       java.lang.reflect.ProxyGenerator$ConstantPool::getUtf8 (18 bytes)
Event: 7.084 Thread 0x000001b8ffa6d000 2159       3       java.lang.PublicMethods$MethodList::<init> (10 bytes)
Event: 7.084 Thread 0x000001b8ffa6d000 nmethod 2159 0x000001b888d3eb10 code [0x000001b888d3ece0, 0x000001b888d3ef18]

GC Heap History (2 events):
Event: 3.119 GC heap before
{Heap before GC invocations=0 (full 0):
 garbage-first heap   total 129024K, used 13312K [0x0000000082200000, 0x0000000100000000)
  region size 1024K, 14 young (14336K), 0 survivors (0K)
 Metaspace       used 3691K, capacity 6140K, committed 6272K, reserved 1056768K
  class space    used 382K, capacity 601K, committed 640K, reserved 1048576K
}
Event: 3.144 GC heap after
{Heap after GC invocations=1 (full 0):
 garbage-first heap   total 129024K, used 4633K [0x0000000082200000, 0x0000000100000000)
  region size 1024K, 2 young (2048K), 2 survivors (2048K)
 Metaspace       used 3691K, capacity 6140K, committed 6272K, reserved 1056768K
  class space    used 382K, capacity 601K, committed 640K, reserved 1048576K
}

Deoptimization events (10 events):
Event: 6.458 Thread 0x000001b8fa193800 Uncommon trap: reason=bimorphic_or_optimized_type_check action=maybe_recompile pc=0x000001b88fe7e770 method=java.util.HashMap.putVal(ILjava/lang/Object;Ljava/lang/Object;ZZ)Ljava/lang/Object; @ 203 c2
Event: 6.600 Thread 0x000001b8fa193800 Uncommon trap: reason=unstable_if action=reinterpret pc=0x000001b88fe69924 method=org.springframework.boot.context.properties.source.ConfigurationPropertyName$ElementsParser.add(IILorg/springframework/boot/context/properties/source/ConfigurationPropertyNa
Event: 6.865 Thread 0x000001b8fa193800 Uncommon trap: reason=profile_predicate action=maybe_recompile pc=0x000001b88fec6b40 method=jdk.internal.jimage.ImageStringsReader.charsFromByteBuffer([CLjava/nio/ByteBuffer;)V @ 6 c2
Event: 6.865 Thread 0x000001b8fa193800 Uncommon trap: reason=profile_predicate action=maybe_recompile pc=0x000001b88fec6b40 method=jdk.internal.jimage.ImageStringsReader.charsFromByteBuffer([CLjava/nio/ByteBuffer;)V @ 6 c2
Event: 6.866 Thread 0x000001b8fa193800 Uncommon trap: reason=profile_predicate action=maybe_recompile pc=0x000001b88fec6b40 method=jdk.internal.jimage.ImageStringsReader.charsFromByteBuffer([CLjava/nio/ByteBuffer;)V @ 6 c2
Event: 6.866 Thread 0x000001b8fa193800 Uncommon trap: reason=profile_predicate action=maybe_recompile pc=0x000001b88fec6b40 method=jdk.internal.jimage.ImageStringsReader.charsFromByteBuffer([CLjava/nio/ByteBuffer;)V @ 6 c2
Event: 7.043 Thread 0x000001b8fa193800 Uncommon trap: reason=class_check action=maybe_recompile pc=0x000001b88fdfa974 method=java.lang.String.equals(Ljava/lang/Object;)Z @ 8 c2
Event: 7.043 Thread 0x000001b8fa193800 Uncommon trap: reason=class_check action=maybe_recompile pc=0x000001b88fdfa974 method=java.lang.String.equals(Ljava/lang/Object;)Z @ 8 c2
Event: 7.044 Thread 0x000001b8fa193800 Uncommon trap: reason=class_check action=maybe_recompile pc=0x000001b88fdfa974 method=java.lang.String.equals(Ljava/lang/Object;)Z @ 8 c2
Event: 7.046 Thread 0x000001b8fa193800 Uncommon trap: reason=class_check action=maybe_recompile pc=0x000001b88fdfa974 method=java.lang.String.equals(Ljava/lang/Object;)Z @ 8 c2

Classes redefined (0 events):
No events

Internal exceptions (10 events):
Event: 6.043 Thread 0x000001b899cee800 Exception <a 'java/lang/NoSuchMethodError'{0x0000000086f2b5e0}: java.lang.invoke.DirectMethodHandle$Holder.invokeStatic(Ljava/lang/Object;Ljava/lang/Object;)J> (0x0000000086f2b5e0) thrown at [t:/workspace/open/src/hotspot/share/interpreter/linkResolver.cp
Event: 6.044 Thread 0x000001b899cee800 Exception <a 'java/lang/NoSuchMethodError'{0x0000000086f2e3f8}: java.lang.invoke.DirectMethodHandle$Holder.invokeStaticInit(Ljava/lang/Object;Ljava/lang/Object;)J> (0x0000000086f2e3f8) thrown at [t:/workspace/open/src/hotspot/share/interpreter/linkResolve
Event: 6.048 Thread 0x000001b899cee800 Exception <a 'java/lang/NoSuchMethodError'{0x0000000086f39e40}: java.lang.invoke.DirectMethodHandle$Holder.invokeInterface(Ljava/lang/Object;Ljava/lang/Object;)J> (0x0000000086f39e40) thrown at [t:/workspace/open/src/hotspot/share/interpreter/linkResolver
Event: 6.049 Thread 0x000001b899cee800 Exception <a 'java/lang/IncompatibleClassChangeError'{0x0000000086f3c960}: Found class java.lang.Object, but interface was expected> (0x0000000086f3c960) thrown at [t:/workspace/open/src/hotspot/share/interpreter/linkResolver.cpp, line 843]
Event: 6.071 Thread 0x000001b8fa193800 Exception <a 'java/lang/NoSuchMethodError'{0x0000000086e035b0}: java.lang.invoke.DirectMethodHandle$Holder.invokeSpecialIFC(Ljava/lang/Object;Ljava/lang/Object;Ljava/lang/Object;Ljava/lang/Object;)I> (0x0000000086e035b0) thrown at [t:/workspace/open/src/h
Event: 6.084 Thread 0x000001b899cee800 Exception <a 'java/lang/NoSuchMethodError'{0x0000000086ebdbd0}: java.lang.invoke.DirectMethodHandle$Holder.invokeVirtual(Ljava/lang/Object;Ljava/lang/Object;Ljava/lang/Object;Ljava/lang/Object;)Ljava/lang/Object;> (0x0000000086ebdbd0) thrown at [t:/worksp
Event: 6.281 Thread 0x000001b8fa193800 Exception <a 'java/lang/NoClassDefFoundError'{0x00000000869d5f68}: javax/servlet/Filter> (0x00000000869d5f68) thrown at [t:/workspace/open/src/hotspot/share/classfile/systemDictionary.cpp, line 224]
Event: 6.321 Thread 0x000001b8fa193800 Exception <a 'java/lang/IncompatibleClassChangeError'{0x00000000867613d8}: Found class java.lang.Object, but interface was expected> (0x00000000867613d8) thrown at [t:/workspace/open/src/hotspot/share/interpreter/linkResolver.cpp, line 843]
Event: 6.416 Thread 0x000001b8fa193800 Exception <a 'java/lang/NoSuchMethodError'{0x0000000086516950}: java.lang.invoke.DirectMethodHandle$Holder.invokeInterface(Ljava/lang/Object;Ljava/lang/Object;Ljava/lang/Object;Ljava/lang/Object;)V> (0x0000000086516950) thrown at [t:/workspace/open/src/ho
Event: 6.578 Thread 0x000001b8fa193800 Exception <a 'java/lang/NoSuchMethodError'{0x00000000863f7fd0}: java.lang.invoke.DelegatingMethodHandle$Holder.delegate(Ljava/lang/Object;Ljava/lang/Object;ILjava/lang/Object;)V> (0x00000000863f7fd0) thrown at [t:/workspace/open/src/hotspot/share/interpre

Events (10 events):
Event: 7.069 loading class org/springframework/beans/factory/annotation/RequiredAnnotationBeanPostProcessor
Event: 7.069 loading class org/springframework/beans/factory/annotation/RequiredAnnotationBeanPostProcessor done
Event: 7.070 loading class org/springframework/beans/factory/BeanInitializationException
Event: 7.070 loading class org/springframework/beans/factory/BeanInitializationException done
Event: 7.074 loading class org/springframework/boot/web/reactive/server/ReactiveWebServerFactory
Event: 7.074 loading class org/springframework/boot/web/reactive/server/ReactiveWebServerFactory done
Event: 7.077 loading class org/springframework/context/annotation/BeanAnnotationHelper
Event: 7.077 loading class org/springframework/context/annotation/BeanAnnotationHelper done
Event: 7.078 loading class org/springframework/core/annotation/AnnotatedElementUtils
Event: 7.078 loading class org/springframework/core/annotation/AnnotatedElementUtils done


Dynamic libraries:
0x00007ff792150000 - 0x00007ff79215f000 	C:\Program Files\Java\jdk-12.0.1\bin\java.exe
0x00007ffa7e2a0000 - 0x00007ffa7e490000 	C:\WINDOWS\SYSTEM32\ntdll.dll
0x00007ffa7dff0000 - 0x00007ffa7e0a2000 	C:\WINDOWS\System32\KERNEL32.DLL
0x00007ffa7bd80000 - 0x00007ffa7c025000 	C:\WINDOWS\System32\KERNELBASE.dll
0x00007ffa7c180000 - 0x00007ffa7c27a000 	C:\WINDOWS\System32\ucrtbase.dll
0x00007ffa5e2d0000 - 0x00007ffa5e2e8000 	C:\Program Files\Java\jdk-12.0.1\bin\jli.dll
0x00007ffa7df40000 - 0x00007ffa7dfe3000 	C:\WINDOWS\System32\ADVAPI32.dll
0x00007ffa5e2f0000 - 0x00007ffa5e306000 	C:\Program Files\Java\jdk-12.0.1\bin\VCRUNTIME140.dll
0x00007ffa7c7c0000 - 0x00007ffa7c85e000 	C:\WINDOWS\System32\msvcrt.dll
0x00007ffa7cf40000 - 0x00007ffa7cfd7000 	C:\WINDOWS\System32\sechost.dll
0x00007ffa7d280000 - 0x00007ffa7d3a0000 	C:\WINDOWS\System32\RPCRT4.dll
0x00007ffa7c4e0000 - 0x00007ffa7c674000 	C:\WINDOWS\System32\USER32.dll
0x00007ffa7b210000 - 0x00007ffa7b231000 	C:\WINDOWS\System32\win32u.dll
0x00007ffa7ce90000 - 0x00007ffa7ceb6000 	C:\WINDOWS\System32\GDI32.dll
0x00007ffa7b240000 - 0x00007ffa7b3d6000 	C:\WINDOWS\System32\gdi32full.dll
0x00007ffa6f0b0000 - 0x00007ffa6f334000 	C:\WINDOWS\WinSxS\amd64_microsoft.windows.common-controls_6595b64144ccf1df_6.0.18362.1256_none_9e7e379be45e40e2\COMCTL32.dll
0x00007ffa7c2b0000 - 0x00007ffa7c34e000 	C:\WINDOWS\System32\msvcp_win.dll
0x00007ffa7db90000 - 0x00007ffa7dec6000 	C:\WINDOWS\System32\combase.dll
0x00007ffa7bc40000 - 0x00007ffa7bcc1000 	C:\WINDOWS\System32\bcryptPrimitives.dll
0x00007ffa7aeb0000 - 0x00007ffa7aeba000 	C:\WINDOWS\SYSTEM32\VERSION.dll
0x00007ffa7c860000 - 0x00007ffa7c88e000 	C:\WINDOWS\System32\IMM32.DLL
0x00007ffa7aed0000 - 0x00007ffa7af06000 	C:\WINDOWS\system32\DriverStore\FileRepository\nvfm.inf_amd64_76974c92c44bbb6b\nvinitx.dll
0x00007ffa7d3a0000 - 0x00007ffa7da87000 	C:\WINDOWS\System32\Shell32.dll
0x00007ffa7bd30000 - 0x00007ffa7bd7a000 	C:\WINDOWS\System32\cfgmgr32.dll
0x00007ffa7c350000 - 0x00007ffa7c3f9000 	C:\WINDOWS\System32\shcore.dll
0x00007ffa7b3e0000 - 0x00007ffa7bb61000 	C:\WINDOWS\System32\windows.storage.dll
0x00007ffa7b1e0000 - 0x00007ffa7b203000 	C:\WINDOWS\System32\profapi.dll
0x00007ffa7b170000 - 0x00007ffa7b1ba000 	C:\WINDOWS\System32\powrprof.dll
0x00007ffa7b140000 - 0x00007ffa7b150000 	C:\WINDOWS\System32\UMPDC.dll
0x00007ffa7c890000 - 0x00007ffa7c8e2000 	C:\WINDOWS\System32\shlwapi.dll
0x00007ffa7b150000 - 0x00007ffa7b161000 	C:\WINDOWS\System32\kernel.appcore.dll
0x00007ffa7bb70000 - 0x00007ffa7bb87000 	C:\WINDOWS\System32\cryptsp.dll
0x0000000054ff0000 - 0x0000000054ff6000 	C:\Program Files\NVIDIA Corporation\CoProcManager\_etoured.dll
0x00007ffa70c10000 - 0x00007ffa70c53000 	C:\Program Files\NVIDIA Corporation\CoProcManager\nvd3d9wrapx.dll
0x00007ffa7ca20000 - 0x00007ffa7ce90000 	C:\WINDOWS\System32\SETUPAPI.dll
0x00007ffa7c280000 - 0x00007ffa7c2a6000 	C:\WINDOWS\System32\bcrypt.dll
0x00007ffa79cf0000 - 0x00007ffa79d10000 	C:\WINDOWS\SYSTEM32\dxcore.dll
0x00007ffa70be0000 - 0x00007ffa70c0d000 	C:\Program Files\NVIDIA Corporation\CoProcManager\nvdxgiwrapx.dll
0x00007ffa5db00000 - 0x00007ffa5dbaa000 	C:\Program Files\Java\jdk-12.0.1\bin\msvcp140.dll
0x00007ffa33480000 - 0x00007ffa33ff4000 	C:\Program Files\Java\jdk-12.0.1\bin\server\jvm.dll
0x00007ffa7c400000 - 0x00007ffa7c408000 	C:\WINDOWS\System32\PSAPI.DLL
0x00007ffa78970000 - 0x00007ffa78979000 	C:\WINDOWS\SYSTEM32\WSOCK32.dll
0x00007ffa7ded0000 - 0x00007ffa7df3f000 	C:\WINDOWS\System32\WS2_32.dll
0x00007ffa788c0000 - 0x00007ffa788e4000 	C:\WINDOWS\SYSTEM32\WINMM.dll
0x00007ffa78890000 - 0x00007ffa788bd000 	C:\WINDOWS\SYSTEM32\winmmbase.dll
0x00007ffa5e2b0000 - 0x00007ffa5e2c1000 	C:\Program Files\Java\jdk-12.0.1\bin\verify.dll
0x00007ffa79a80000 - 0x00007ffa79c74000 	C:\WINDOWS\SYSTEM32\DBGHELP.DLL
0x00007ffa69050000 - 0x00007ffa6907a000 	C:\WINDOWS\SYSTEM32\dbgcore.DLL
0x00007ffa5e090000 - 0x00007ffa5e0b6000 	C:\Program Files\Java\jdk-12.0.1\bin\java.dll
0x00007ffa6e1e0000 - 0x00007ffa6e1ee000 	C:\Program Files\Java\jdk-12.0.1\bin\instrument.dll
0x00007ffa5dfc0000 - 0x00007ffa5dfd7000 	C:\Program Files\Java\jdk-12.0.1\bin\zip.dll
0x00007ffa752f0000 - 0x00007ffa752fa000 	C:\Program Files\Java\jdk-12.0.1\bin\jimage.dll
0x00007ffa5dfa0000 - 0x00007ffa5dfb9000 	C:\Program Files\Java\jdk-12.0.1\bin\net.dll
0x00007ffa6fdb0000 - 0x00007ffa6fea0000 	C:\WINDOWS\SYSTEM32\WINHTTP.dll
0x00007ffa6c2d0000 - 0x00007ffa6c4a6000 	C:\WINDOWS\SYSTEM32\urlmon.dll
0x00007ffa6c830000 - 0x00007ffa6cad7000 	C:\WINDOWS\SYSTEM32\iertutil.dll
0x00007ffa7aa10000 - 0x00007ffa7aa1c000 	C:\WINDOWS\SYSTEM32\CRYPTBASE.DLL
0x00007ffa7a890000 - 0x00007ffa7a8f7000 	C:\WINDOWS\system32\mswsock.dll
0x00007ffa5df80000 - 0x00007ffa5df93000 	C:\Program Files\Java\jdk-12.0.1\bin\nio.dll
0x00007ffa65060000 - 0x00007ffa6507a000 	C:\Program Files\JetBrains\IntelliJ IDEA Community Edition 2020.1.1\bin\breakgen64.dll
0x00007ffa74ca0000 - 0x00007ffa74ca9000 	C:\Program Files\Java\jdk-12.0.1\bin\management.dll
0x00007ffa74c50000 - 0x00007ffa74c5c000 	C:\Program Files\Java\jdk-12.0.1\bin\management_ext.dll
0x00007ffa64f30000 - 0x00007ffa64f46000 	C:\WINDOWS\system32\napinsp.dll
0x00007ffa64f10000 - 0x00007ffa64f2a000 	C:\WINDOWS\system32\pnrpnsp.dll
0x00007ffa7a5f0000 - 0x00007ffa7a6bb000 	C:\WINDOWS\SYSTEM32\DNSAPI.dll
0x00007ffa7c680000 - 0x00007ffa7c688000 	C:\WINDOWS\System32\NSI.dll
0x00007ffa7a5b0000 - 0x00007ffa7a5ea000 	C:\WINDOWS\SYSTEM32\IPHLPAPI.DLL
0x00007ffa64880000 - 0x00007ffa6488e000 	C:\WINDOWS\System32\winrnr.dll
0x00007ffa775e0000 - 0x00007ffa775fc000 	C:\WINDOWS\system32\NLAapi.dll
0x00007ffa75fa0000 - 0x00007ffa75fb5000 	C:\WINDOWS\system32\wshbth.dll
0x00007ffa6f880000 - 0x00007ffa6f88a000 	C:\Windows\System32\rasadhlp.dll
0x00007ffa70c80000 - 0x00007ffa70cf7000 	C:\WINDOWS\System32\fwpuclnt.dll

dbghelp: loaded successfully - version: 4.0.5 - missing functions: none
symbol engine: initialized successfully - sym options: 0x614 - pdb path: .;C:\Program Files\Java\jdk-12.0.1\bin;C:\WINDOWS\SYSTEM32;C:\WINDOWS\WinSxS\amd64_microsoft.windows.common-controls_6595b64144ccf1df_6.0.18362.1256_none_9e7e379be45e40e2;C:\WINDOWS\system32\DriverStore\FileRepository\nvfm.inf_amd64_76974c92c44bbb6b;C:\Program Files\NVIDIA Corporation\CoProcManager;C:\Program Files\Java\jdk-12.0.1\bin\server;C:\Program Files\JetBrains\IntelliJ IDEA Community Edition 2020.1.1\bin

VM Arguments:
jvm_args: -javaagent:C:\Program Files\JetBrains\IntelliJ IDEA Community Edition 2020.1.1\lib\idea_rt.jar=58296:C:\Program Files\JetBrains\IntelliJ IDEA Community Edition 2020.1.1\bin -Dfile.encoding=UTF-8 
java_command: com.dskushnir.testExercise.TestExerciseApplication
java_class_path (initial): D:\testExercise\out\production\classes;D:\testExercise\out\production\resources;C:\Gradle\gradle-5.5\caches\modules-2\files-2.1\org.springframework.boot\spring-boot-starter-data-mongodb-reactive\2.4.1\655a05dfabfab178a2365c40b762f2be67698d36\spring-boot-starter-data-mongodb-reactive-2.4.1.jar;C:\Gradle\gradle-5.5\caches\modules-2\files-2.1\org.springframework.boot\spring-boot-starter-webflux\2.4.1\e54535216a6b6becffc044fd8abff3e6011e576d\spring-boot-starter-webflux-2.4.1.jar;C:\Gradle\gradle-5.5\caches\modules-2\files-2.1\org.springframework.boot\spring-boot-starter\2.4.1\15d81ffe81e26de37986d491e1cf4c1e3a324ca3\spring-boot-starter-2.4.1.jar;C:\Gradle\gradle-5.5\caches\modules-2\files-2.1\io.projectreactor\reactor-core\3.4.1\a443a39c29a2cc7b53c3d165afad456c78e5db2b\reactor-core-3.4.1.jar;C:\Gradle\gradle-5.5\caches\modules-2\files-2.1\org.mongodb\mongodb-driver-reactivestreams\4.1.1\2623286fa67c23a03e8c522cf2f1c4207c170b54\mongodb-driver-reactivestreams-4.1.1.jar;C:\Gradle\gradle-5.5\caches\modules-2\files-2.1\org.springframework.data\spring-data-mongodb\3.1.2\edb9d0bfbb930b84719b3c0c0a8c2743fbb58fb8\spring-data-mongodb-3.1.2.jar;C:\Gradle\gradle-5.5\caches\modules-2\files-2.1\org.springframework.boot\spring-boot-starter-json\2.4.1\5a4b7088c88be531cb416ef218da3e19309f8cea\spring-boot-starter-json-2.4.1.jar;C:\Gradle\gradle-5.5\caches\modules-2\files-2.1\org.springframework\spring-webflux\5.3.2\63fe694e07b0430991671eebac9fbb0ffba08483\spring-webflux-5.3.2.jar;C:\Gradle\gradle-5.5\caches\modules-2\files-2.1\org.springframework.boot\spring-boot-starter-reactor-netty\2.4.1\f4e512e25c75839c946b26756e18e7bee4307091\spring-boot-starter-reactor-netty-2.4.1.jar;C:\Gradle\gradle-5.5\caches\modules-2\files-2.1\org.springframework\spring-web\5.3.2\5ea6e1536ee6a70bb5c2efbd579c688c09a93a4b\spring-web-5.3.2.jar;C:\Gradle\gradle-5.5\caches\modules-2\files-2.1\org.springframework.boot\spring-boot-autoconfigure\2.4.1\9af62d8d15ee71efb9baf35dc5263fc953230a
Launcher Type: SUN_STANDARD

[Global flags]
     intx CICompilerCount                          = 3                                         {product} {ergonomic}
     uint ConcGCThreads                            = 1                                         {product} {ergonomic}
     uint G1ConcRefinementThreads                  = 4                                         {product} {ergonomic}
   size_t G1HeapRegionSize                         = 1048576                                   {product} {ergonomic}
    uintx GCDrainStackTargetSize                   = 64                                        {product} {ergonomic}
   size_t InitialHeapSize                          = 132120576                                 {product} {ergonomic}
   size_t MarkStackSize                            = 4194304                                   {product} {ergonomic}
   size_t MaxHeapSize                              = 2111832064                                {product} {ergonomic}
   size_t MaxNewSize                               = 1266679808                                {product} {ergonomic}
   size_t MinHeapDeltaBytes                        = 1048576                                   {product} {ergonomic}
    uintx NonNMethodCodeHeapSize                   = 5830732                                {pd product} {ergonomic}
    uintx NonProfiledCodeHeapSize                  = 122913754                              {pd product} {ergonomic}
    uintx ProfiledCodeHeapSize                     = 122913754                              {pd product} {ergonomic}
    uintx ReservedCodeCacheSize                    = 251658240                              {pd product} {ergonomic}
     bool SegmentedCodeCache                       = true                                      {product} {ergonomic}
     bool UseCompressedClassPointers               = true                                 {lp64_product} {ergonomic}
     bool UseCompressedOops                        = true                                 {lp64_product} {ergonomic}
     bool UseG1GC                                  = true                                      {product} {ergonomic}
     bool UseLargePagesIndividualAllocation        = false                                  {pd product} {ergonomic}

Logging:
Log output configuration:
 #0: stdout all=warning uptime,level,tags
 #1: stderr all=off uptime,level,tags

Environment Variables:
JAVA_HOME=C:\Program Files\Java\jdk-12.0.1
PATH=C:\ProgramData\DockerDesktop\version-bin;C:\Program Files\Docker\Docker\Resources\bin;C:\WINDOWS\system32;C:\WINDOWS;C:\WINDOWS\System32\Wbem;C:\WINDOWS\System32\WindowsPowerShell\v1.0\;C:\WINDOWS\System32\OpenSSH\;C:\Program Files\Git\cmd;C:\Gradle\gradle-5.5\bin;C:\Go\bin;C:\Program Files\MySQL\MySQL Shell 8.0\bin\;C:\Users\Diana\AppData\Local\Microsoft\WindowsApps;;C:\Program Files\JetBrains\IntelliJ IDEA Community Edition 2019.1.3\bin;;C:\Users\Diana\go\bin;C:\Users\Diana\AppData\Local\Programs\Microsoft VS Code\bin
USERNAME=Diana
OS=Windows_NT
PROCESSOR_IDENTIFIER=Intel64 Family 6 Model 42 Stepping 7, GenuineIntel



---------------  S Y S T E M  ---------------

OS: Windows 10 , 64 bit Build 18362 (10.0.18362.1110)

CPU:total 4 (initial active 4) (2 cores per cpu, 2 threads per core) family 6 model 42 stepping 7, cmov, cx8, fxsr, mmx, sse, sse2, sse3, ssse3, sse4.1, sse4.2, popcnt, avx, clmul, ht, tsc, tscinvbit

Memory: 4k page, system-wide physical 8048M (768M free)
TotalPageFile size 8848M (AvailPageFile size 97M)
current process WorkingSet (physical memory assigned to process): 92M, peak: 161M
current process commit charge ("private bytes"): 143M, peak: 239M

vm_info: Java HotSpot(TM) 64-Bit Server VM (12.0.1+12) for windows-amd64 JRE (12.0.1+12), built on Apr  2 2019 14:02:19 by "mach5one" with MS VC++ 15.5 (VS2017)

END.
