#
# There is insufficient memory for the Java Runtime Environment to continue.
# Native memory allocation (malloc) failed to allocate 1831536 bytes for Chunk::new
# Possible reasons:
#   The system is out of physical RAM or swap space
#   The process is running with CompressedOops enabled, and the Java Heap may be blocking the growth of the native heap
# Possible solutions:
#   Reduce memory load on the system
#   Increase physical memory or swap space
#   Check if swap backing store is full
#   Decrease Java heap size (-Xmx/-Xms)
#   Decrease number of Java threads
#   Decrease Java thread stack sizes (-Xss)
#   Set larger code cache with -XX:ReservedCodeCacheSize=
#   JVM is running with Unscaled Compressed Oops mode in which the Java heap is
#     placed in the first 4GB address space. The Java Heap base address is the
#     maximum limit for the native heap growth. Please use -XX:HeapBaseMinAddress
#     to set the Java Heap base and to place the Java Heap above 4GB virtual address.
# This output file may be truncated or incomplete.
#
#  Out of Memory Error (t:/workspace/open/src/hotspot/share/memory/arena.cpp:197), pid=9860, tid=7740
#
# JRE version: Java(TM) SE Runtime Environment (12.0.1+12) (build 12.0.1+12)
# Java VM: Java HotSpot(TM) 64-Bit Server VM (12.0.1+12, mixed mode, sharing, tiered, compressed oops, g1 gc, windows-amd64)
# No core dump will be written. Minidumps are not enabled by default on client versions of Windows
#

---------------  S U M M A R Y ------------

Command Line: -Dorg.gradle.native=false -Xmx512m -Dfile.encoding=windows-1251 -Duser.country=RU -Duser.language=ru -Duser.variant -ea worker.org.gradle.process.internal.worker.GradleWorkerMain 'Gradle Test Executor 4'

Host: Intel(R) Core(TM) i3-2328M CPU @ 2.20GHz, 4 cores, 7G,  Windows 10 , 64 bit Build 18362 (10.0.18362.1110)
Time: Sun Jan 10 14:20:21 2021 Oeieyiaey (ceia) elapsed time: 17 seconds (0d 0h 0m 17s)

---------------  T H R E A D  ---------------

Current thread (0x000001dbd0cc7000):  JavaThread "C2 CompilerThread0" daemon [_thread_in_native, id=7740, stack(0x0000000101100000,0x0000000101200000)]


Current CompileTask:
C2:  17896 3806       4       sun.reflect.generics.parser.SignatureParser::parsePackageNameAndSimpleClassTypeSignature (119 bytes)

Stack: [0x0000000101100000,0x0000000101200000]
Native frames: (J=compiled Java code, j=interpreted, Vv=VM code, C=native code)
V  [jvm.dll+0x63948a]
V  [jvm.dll+0x78b31f]
V  [jvm.dll+0x78c9c1]
V  [jvm.dll+0x78d013]
V  [jvm.dll+0x262138]
V  [jvm.dll+0xc582c]
V  [jvm.dll+0xc5dac]
V  [jvm.dll+0x3796a7]
V  [jvm.dll+0x345493]
V  [jvm.dll+0x34485a]
V  [jvm.dll+0x21c035]
V  [jvm.dll+0x21b20a]
V  [jvm.dll+0x199890]
V  [jvm.dll+0x22a534]
V  [jvm.dll+0x228b88]
V  [jvm.dll+0x74f660]
V  [jvm.dll+0x748648]
V  [jvm.dll+0x638566]
C  [ucrtbase.dll+0x210b2]
C  [KERNEL32.DLL+0x17c24]
C  [ntdll.dll+0x6d4d1]


---------------  P R O C E S S  ---------------

Threads class SMR info:
_java_thread_list=0x000001dbd0f64af0, length=19, elements={
0x000001dbb57eb800, 0x000001dbd0396800, 0x000001dbd039b000, 0x000001dbd0cc3800,
0x000001dbd0cc6000, 0x000001dbd0cc7000, 0x000001dbd0ccc800, 0x000001dbd0cce000,
0x000001dbd0e10000, 0x000001dbd0e33800, 0x000001dbd160d000, 0x000001dbd16ca800,
0x000001dbd16cb800, 0x000001dbd23e0800, 0x000001dbd27cf000, 0x000001dbd4d62000,
0x000001dbd334f000, 0x000001dbd4a52800, 0x000001dbd4620000
}

Java Threads: ( => current thread )
  0x000001dbb57eb800 JavaThread "main" [_thread_blocked, id=9008, stack(0x0000000100600000,0x0000000100700000)]
  0x000001dbd0396800 JavaThread "Reference Handler" daemon [_thread_blocked, id=10124, stack(0x0000000100d00000,0x0000000100e00000)]
  0x000001dbd039b000 JavaThread "Finalizer" daemon [_thread_blocked, id=9808, stack(0x0000000100e00000,0x0000000100f00000)]
  0x000001dbd0cc3800 JavaThread "Signal Dispatcher" daemon [_thread_blocked, id=2624, stack(0x0000000100f00000,0x0000000101000000)]
  0x000001dbd0cc6000 JavaThread "Attach Listener" daemon [_thread_blocked, id=6120, stack(0x0000000101000000,0x0000000101100000)]
=>0x000001dbd0cc7000 JavaThread "C2 CompilerThread0" daemon [_thread_in_native, id=7740, stack(0x0000000101100000,0x0000000101200000)]
  0x000001dbd0ccc800 JavaThread "C1 CompilerThread0" daemon [_thread_blocked, id=7984, stack(0x0000000101200000,0x0000000101300000)]
  0x000001dbd0cce000 JavaThread "Sweeper thread" daemon [_thread_blocked, id=9444, stack(0x0000000101300000,0x0000000101400000)]
  0x000001dbd0e10000 JavaThread "Service Thread" daemon [_thread_blocked, id=9916, stack(0x0000000101400000,0x0000000101500000)]
  0x000001dbd0e33800 JavaThread "Common-Cleaner" daemon [_thread_blocked, id=9964, stack(0x0000000101600000,0x0000000101700000)]
  0x000001dbd160d000 JavaThread "Test worker" [_thread_in_vm, id=1132, stack(0x0000000101b00000,0x0000000101c00000)]
  0x000001dbd16ca800 JavaThread "/127.0.0.1:51787 to /127.0.0.1:51786 workers Thread 2" [_thread_blocked, id=3424, stack(0x0000000101c00000,0x0000000101d00000)]
  0x000001dbd16cb800 JavaThread "/127.0.0.1:51787 to /127.0.0.1:51786 workers Thread 3" [_thread_in_native, id=8856, stack(0x0000000101d00000,0x0000000101e00000)]
  0x000001dbd23e0800 JavaThread "Thread-4" daemon [_thread_in_native, id=9176, stack(0x0000000101f00000,0x0000000102000000)]
  0x000001dbd27cf000 JavaThread "Thread-5" daemon [_thread_in_native, id=4176, stack(0x0000000102000000,0x0000000102100000)]
  0x000001dbd4d62000 JavaThread "cluster-ClusterId{value='5ffaf103435b213ce4142efc', description='null'}-localhost:51805" daemon [_thread_blocked, id=680, stack(0x0000000102200000,0x0000000102300000)]
  0x000001dbd334f000 JavaThread "cluster-rtt-ClusterId{value='5ffaf103435b213ce4142efc', description='null'}-localhost:51805" daemon [_thread_in_native, id=10204, stack(0x0000000102300000,0x0000000102400000)]
  0x000001dbd4a52800 JavaThread "C2 CompilerThread1" daemon [_thread_in_native, id=1928, stack(0x0000000102100000,0x0000000102200000)]
  0x000001dbd4620000 JavaThread "boundedElastic-evictor-1" daemon [_thread_blocked, id=648, stack(0x0000000102400000,0x0000000102500000)]

Other Threads:
  0x000001dbd0395000 VMThread "VM Thread" [stack: 0x0000000100c00000,0x0000000100d00000] [id=8872]
  0x000001dbd0e1a800 WatcherThread [stack: 0x0000000101500000,0x0000000101600000] [id=4856]
  0x000001dbb580d800 GCTaskThread "GC Thread#0" [stack: 0x0000000100700000,0x0000000100800000] [id=460]
  0x000001dbd15e3800 GCTaskThread "GC Thread#1" [stack: 0x0000000101800000,0x0000000101900000] [id=7300]
  0x000001dbd15e4800 GCTaskThread "GC Thread#2" [stack: 0x0000000101900000,0x0000000101a00000] [id=7420]
  0x000001dbd16c8800 GCTaskThread "GC Thread#3" [stack: 0x0000000101e00000,0x0000000101f00000] [id=2744]
  0x000001dbb5813000 ConcurrentGCThread "G1 Main Marker" [stack: 0x0000000100800000,0x0000000100900000] [id=9840]
  0x000001dbb5815000 ConcurrentGCThread "G1 Conc#0" [stack: 0x0000000100900000,0x0000000100a00000] [id=6940]
  0x000001dbd020d800 ConcurrentGCThread "G1 Refine#0" [stack: 0x0000000100a00000,0x0000000100b00000] [id=9388]
  0x000001dbd1604000 ConcurrentGCThread "G1 Refine#1" [stack: 0x0000000101a00000,0x0000000101b00000] [id=1412]
  0x000001dbd0210000 ConcurrentGCThread "G1 Young RemSet Sampling" [stack: 0x0000000100b00000,0x0000000100c00000] [id=9288]

Threads with active compile tasks:
C2 CompilerThread0  3806       4       sun.reflect.generics.parser.SignatureParser::parsePackageNameAndSimpleClassTypeSignature (119 bytes)
C2 CompilerThread1  3798       4       org.springframework.boot.context.properties.source.ConfigurationPropertyName$ElementsParser::parse (234 bytes)

VM state:not at safepoint (normal execution)

VM Mutex/Monitor currently owned by a thread: None

Heap address: 0x00000000e0000000, size: 512 MB, Compressed Oops mode: 32-bit
Narrow klass base: 0x0000000800000000, Narrow klass shift: 3
Compressed class space size: 1073741824 Address: 0x00000008011a0000

Heap:
 garbage-first heap   total 40960K, used 23714K [0x00000000e0000000, 0x0000000100000000)
  region size 1024K, 7 young (7168K), 2 survivors (2048K)
 Metaspace       used 36958K, capacity 38379K, committed 38656K, reserved 1083392K
  class space    used 5038K, capacity 5600K, committed 5632K, reserved 1048576K
Heap Regions: E=young(eden), S=young(survivor), O=old, HS=humongous(starts), HC=humongous(continues), CS=collection set, F=free, A=archive, TAMS=top-at-mark-start (previous, next)
|   0|0x00000000e0000000, 0x00000000e0100000, 0x00000000e0100000|100%| O|  |TAMS 0x00000000e0100000, 0x00000000e0000000| Untracked 
|   1|0x00000000e0100000, 0x00000000e0200000, 0x00000000e0200000|100%| O|  |TAMS 0x00000000e0200000, 0x00000000e0100000| Untracked 
|   2|0x00000000e0200000, 0x00000000e0300000, 0x00000000e0300000|100%| O|  |TAMS 0x00000000e0300000, 0x00000000e0200000| Untracked 
|   3|0x00000000e0300000, 0x00000000e0400000, 0x00000000e0400000|100%| O|  |TAMS 0x00000000e0400000, 0x00000000e0300000| Untracked 
|   4|0x00000000e0400000, 0x00000000e0500000, 0x00000000e0500000|100%| O|  |TAMS 0x00000000e0500000, 0x00000000e0400000| Untracked 
|   5|0x00000000e0500000, 0x00000000e0600000, 0x00000000e0600000|100%| O|  |TAMS 0x00000000e0600000, 0x00000000e0500000| Untracked 
|   6|0x00000000e0600000, 0x00000000e06e4c00, 0x00000000e0700000| 89%| O|  |TAMS 0x00000000e06e4c00, 0x00000000e0600000| Untracked 
|   7|0x00000000e0700000, 0x00000000e0800000, 0x00000000e0800000|100%| O|  |TAMS 0x00000000e0800000, 0x00000000e0700000| Untracked 
|   8|0x00000000e0800000, 0x00000000e0900000, 0x00000000e0900000|100%| O|  |TAMS 0x00000000e0900000, 0x00000000e0800000| Untracked 
|   9|0x00000000e0900000, 0x00000000e0a00000, 0x00000000e0a00000|100%| O|  |TAMS 0x00000000e0a00000, 0x00000000e0900000| Untracked 
|  10|0x00000000e0a00000, 0x00000000e0b00000, 0x00000000e0b00000|100%| O|  |TAMS 0x00000000e0b00000, 0x00000000e0a00000| Untracked 
|  11|0x00000000e0b00000, 0x00000000e0c00000, 0x00000000e0c00000|100%| O|  |TAMS 0x00000000e0c00000, 0x00000000e0b00000| Untracked 
|  12|0x00000000e0c00000, 0x00000000e0d00000, 0x00000000e0d00000|100%| O|  |TAMS 0x00000000e0d00000, 0x00000000e0c00000| Untracked 
|  13|0x00000000e0d00000, 0x00000000e0e00000, 0x00000000e0e00000|100%| O|  |TAMS 0x00000000e0e00000, 0x00000000e0d00000| Untracked 
|  14|0x00000000e0e00000, 0x00000000e0f00000, 0x00000000e0f00000|100%| O|  |TAMS 0x00000000e0f00000, 0x00000000e0e00000| Untracked 
|  15|0x00000000e0f00000, 0x00000000e1000000, 0x00000000e1000000|100%| O|  |TAMS 0x00000000e0f2be00, 0x00000000e0f00000| Untracked 
|  16|0x00000000e1000000, 0x00000000e1100000, 0x00000000e1100000|100%| O|  |TAMS 0x00000000e1000000, 0x00000000e1000000| Untracked 
|  17|0x00000000e1100000, 0x00000000e115f400, 0x00000000e1200000| 37%| O|  |TAMS 0x00000000e1100000, 0x00000000e1100000| Untracked 
|  18|0x00000000e1200000, 0x00000000e1200000, 0x00000000e1300000|  0%| F|  |TAMS 0x00000000e1200000, 0x00000000e1200000| Untracked 
|  19|0x00000000e1300000, 0x00000000e1300000, 0x00000000e1400000|  0%| F|  |TAMS 0x00000000e1300000, 0x00000000e1300000| Untracked 
|  20|0x00000000e1400000, 0x00000000e1400000, 0x00000000e1500000|  0%| F|  |TAMS 0x00000000e1400000, 0x00000000e1400000| Untracked 
|  21|0x00000000e1500000, 0x00000000e1500000, 0x00000000e1600000|  0%| F|  |TAMS 0x00000000e1500000, 0x00000000e1500000| Untracked 
|  22|0x00000000e1600000, 0x00000000e1600000, 0x00000000e1700000|  0%| F|  |TAMS 0x00000000e1600000, 0x00000000e1600000| Untracked 
|  23|0x00000000e1700000, 0x00000000e1700000, 0x00000000e1800000|  0%| F|  |TAMS 0x00000000e1700000, 0x00000000e1700000| Untracked 
|  24|0x00000000e1800000, 0x00000000e1800000, 0x00000000e1900000|  0%| F|  |TAMS 0x00000000e1800000, 0x00000000e1800000| Untracked 
|  25|0x00000000e1900000, 0x00000000e1900000, 0x00000000e1a00000|  0%| F|  |TAMS 0x00000000e1900000, 0x00000000e1900000| Untracked 
|  26|0x00000000e1a00000, 0x00000000e1ae4a20, 0x00000000e1b00000| 89%| S|CS|TAMS 0x00000000e1a00000, 0x00000000e1a00000| Complete 
|  27|0x00000000e1b00000, 0x00000000e1c00000, 0x00000000e1c00000|100%| S|CS|TAMS 0x00000000e1b00000, 0x00000000e1b00000| Complete 
|  28|0x00000000e1c00000, 0x00000000e1c00000, 0x00000000e1d00000|  0%| F|  |TAMS 0x00000000e1c00000, 0x00000000e1c00000| Untracked 
|  29|0x00000000e1d00000, 0x00000000e1d00000, 0x00000000e1e00000|  0%| F|  |TAMS 0x00000000e1d00000, 0x00000000e1d00000| Untracked 
|  30|0x00000000e1e00000, 0x00000000e1e00000, 0x00000000e1f00000|  0%| F|  |TAMS 0x00000000e1e00000, 0x00000000e1e00000| Untracked 
|  31|0x00000000e1f00000, 0x00000000e1f00000, 0x00000000e2000000|  0%| F|  |TAMS 0x00000000e1f00000, 0x00000000e1f00000| Untracked 
|  32|0x00000000e2000000, 0x00000000e2000000, 0x00000000e2100000|  0%| F|  |TAMS 0x00000000e2000000, 0x00000000e2000000| Untracked 
|  33|0x00000000e2100000, 0x00000000e2100000, 0x00000000e2200000|  0%| F|  |TAMS 0x00000000e2100000, 0x00000000e2100000| Untracked 
|  34|0x00000000e2200000, 0x00000000e2200000, 0x00000000e2300000|  0%| F|  |TAMS 0x00000000e2200000, 0x00000000e2200000| Untracked 
|  91|0x00000000e5b00000, 0x00000000e5bdc108, 0x00000000e5c00000| 85%| E|  |TAMS 0x00000000e5b00000, 0x00000000e5b00000| Complete 
|  92|0x00000000e5c00000, 0x00000000e5d00000, 0x00000000e5d00000|100%| E|CS|TAMS 0x00000000e5c00000, 0x00000000e5c00000| Complete 
|  93|0x00000000e5d00000, 0x00000000e5e00000, 0x00000000e5e00000|100%| E|CS|TAMS 0x00000000e5d00000, 0x00000000e5d00000| Complete 
|  94|0x00000000e5e00000, 0x00000000e5f00000, 0x00000000e5f00000|100%| E|CS|TAMS 0x00000000e5e00000, 0x00000000e5e00000| Complete 
| 125|0x00000000e7d00000, 0x00000000e7e00000, 0x00000000e7e00000|100%| E|CS|TAMS 0x00000000e7d00000, 0x00000000e7d00000| Complete 

Card table byte_map: [0x000001dbccb70000,0x000001dbccc70000] _byte_map_base: 0x000001dbcc470000

Marking Bits (Prev, Next): (CMBitMap*) 0x000001dbb580f348, (CMBitMap*) 0x000001dbb580f308
 Prev Bits: [0x000001dbcd570000, 0x000001dbcdd70000)
 Next Bits: [0x000001dbccd70000, 0x000001dbcd570000)

Polling page: 0x000001dbb3660000

Metaspace:

Usage:
  Non-class:     32.01 MB capacity,    31.18 MB ( 97%) used,   685.86 KB (  2%) free+waste,   163.19 KB ( <1%) overhead. 
      Class:      5.47 MB capacity,     4.92 MB ( 90%) used,   477.95 KB (  9%) free+waste,    82.88 KB (  1%) overhead. 
       Both:     37.48 MB capacity,    36.10 MB ( 96%) used,     1.14 MB (  3%) free+waste,   246.06 KB ( <1%) overhead. 

Virtual space:
  Non-class space:       34.00 MB reserved,      32.25 MB ( 95%) committed 
      Class space:        1.00 GB reserved,       5.50 MB ( <1%) committed 
             Both:        1.03 GB reserved,      37.75 MB (  4%) committed 

Chunk freelists:
   Non-Class:  6.63 KB
       Class:  0 bytes
        Both:  6.63 KB

CodeHeap 'non-profiled nmethods': size=120064Kb used=1961Kb max_used=1961Kb free=118102Kb
 bounds [0x000001dbc5630000, 0x000001dbc58a0000, 0x000001dbccb70000]
CodeHeap 'profiled nmethods': size=120000Kb used=8845Kb max_used=8845Kb free=111154Kb
 bounds [0x000001dbbe100000, 0x000001dbbe9b0000, 0x000001dbc5630000]
CodeHeap 'non-nmethods': size=5696Kb used=1186Kb max_used=1226Kb free=4509Kb
 bounds [0x000001dbbdb70000, 0x000001dbbdde0000, 0x000001dbbe100000]
 total_blobs=5192 nmethods=3707 adapters=433
 compilation: enabled
              stopped_count=0, restarted_count=0
 full_count=0

Compilation events (10 events):
Event: 17.867 Thread 0x000001dbd0ccc800 3827       3       sun.reflect.generics.visitor.Reifier::visitWildcard (22 bytes)
Event: 17.868 Thread 0x000001dbd0ccc800 nmethod 3827 0x000001dbbe998010 code [0x000001dbbe998240, 0x000001dbbe9989b8]
Event: 17.877 Thread 0x000001dbd0ccc800 3828       1       org.springframework.context.support.GenericApplicationContext::getBeanFactory (5 bytes)
Event: 17.877 Thread 0x000001dbd0ccc800 nmethod 3828 0x000001dbc581a190 code [0x000001dbc581a340, 0x000001dbc581a478]
Event: 17.878 Thread 0x000001dbd0ccc800 3829   !   3       org.springframework.beans.factory.support.AbstractBeanFactory::resolveBeanClass (117 bytes)
Event: 17.881 Thread 0x000001dbd0ccc800 nmethod 3829 0x000001dbbe998c90 code [0x000001dbbe9990a0, 0x000001dbbe99ba50]
Event: 17.882 Thread 0x000001dbd0ccc800 3830       3       java.util.HashSet::<init> (17 bytes)
Event: 17.882 Thread 0x000001dbd0ccc800 nmethod 3830 0x000001dbbe99c510 code [0x000001dbbe99c720, 0x000001dbbe99cb50]
Event: 17.889 Thread 0x000001dbd0ccc800 3831   !   3       org.springframework.util.ConcurrentReferenceHashMap$Segment::doTask (179 bytes)
Event: 17.892 Thread 0x000001dbd0ccc800 nmethod 3831 0x000001dbbe99cd10 code [0x000001dbbe99d0c0, 0x000001dbbe99ebd0]

GC Heap History (10 events):
Event: 15.324 GC heap before
{Heap before GC invocations=11 (full 0):
 garbage-first heap   total 40960K, used 30183K [0x00000000e0000000, 0x0000000100000000)
  region size 1024K, 18 young (18432K), 2 survivors (2048K)
 Metaspace       used 31715K, capacity 32781K, committed 32896K, reserved 1077248K
  class space    used 4252K, capacity 4661K, committed 4736K, reserved 1048576K
}
Event: 15.330 GC heap after
{Heap after GC invocations=12 (full 0):
 garbage-first heap   total 40960K, used 15709K [0x00000000e0000000, 0x0000000100000000)
  region size 1024K, 2 young (2048K), 2 survivors (2048K)
 Metaspace       used 31715K, capacity 32781K, committed 32896K, reserved 1077248K
  class space    used 4252K, capacity 4661K, committed 4736K, reserved 1048576K
}
Event: 16.328 GC heap before
{Heap before GC invocations=12 (full 0):
 garbage-first heap   total 40960K, used 31069K [0x00000000e0000000, 0x0000000100000000)
  region size 1024K, 17 young (17408K), 2 survivors (2048K)
 Metaspace       used 33724K, capacity 35015K, committed 35072K, reserved 1079296K
  class space    used 4595K, capacity 5091K, committed 5120K, reserved 1048576K
}
Event: 16.334 GC heap after
{Heap after GC invocations=13 (full 0):
 garbage-first heap   total 40960K, used 16779K [0x00000000e0000000, 0x0000000100000000)
  region size 1024K, 3 young (3072K), 3 survivors (3072K)
 Metaspace       used 33724K, capacity 35015K, committed 35072K, reserved 1079296K
  class space    used 4595K, capacity 5091K, committed 5120K, reserved 1048576K
}
Event: 16.820 GC heap before
{Heap before GC invocations=13 (full 0):
 garbage-first heap   total 40960K, used 24971K [0x00000000e0000000, 0x0000000100000000)
  region size 1024K, 12 young (12288K), 3 survivors (3072K)
 Metaspace       used 34547K, capacity 35791K, committed 35840K, reserved 1079296K
  class space    used 4717K, capacity 5202K, committed 5248K, reserved 1048576K
}
Event: 16.827 GC heap after
{Heap after GC invocations=14 (full 0):
 garbage-first heap   total 40960K, used 17699K [0x00000000e0000000, 0x0000000100000000)
  region size 1024K, 3 young (3072K), 3 survivors (3072K)
 Metaspace       used 34547K, capacity 35791K, committed 35840K, reserved 1079296K
  class space    used 4717K, capacity 5202K, committed 5248K, reserved 1048576K
}
Event: 17.271 GC heap before
{Heap before GC invocations=15 (full 0):
 garbage-first heap   total 40960K, used 29987K [0x00000000e0000000, 0x0000000100000000)
  region size 1024K, 15 young (15360K), 3 survivors (3072K)
 Metaspace       used 35531K, capacity 36912K, committed 37248K, reserved 1081344K
  class space    used 4861K, capacity 5386K, committed 5504K, reserved 1048576K
}
Event: 17.280 GC heap after
{Heap after GC invocations=16 (full 0):
 garbage-first heap   total 40960K, used 18680K [0x00000000e0000000, 0x0000000100000000)
  region size 1024K, 2 young (2048K), 2 survivors (2048K)
 Metaspace       used 35531K, capacity 36912K, committed 37248K, reserved 1081344K
  class space    used 4861K, capacity 5386K, committed 5504K, reserved 1048576K
}
Event: 17.747 GC heap before
{Heap before GC invocations=17 (full 0):
 garbage-first heap   total 40960K, used 30968K [0x00000000e0000000, 0x0000000100000000)
  region size 1024K, 14 young (14336K), 2 survivors (2048K)
 Metaspace       used 36413K, capacity 37866K, committed 38144K, reserved 1081344K
  class space    used 4966K, capacity 5512K, committed 5632K, reserved 1048576K
}
Event: 17.754 GC heap after
{Heap after GC invocations=18 (full 0):
 garbage-first heap   total 40960K, used 19618K [0x00000000e0000000, 0x0000000100000000)
  region size 1024K, 2 young (2048K), 2 survivors (2048K)
 Metaspace       used 36413K, capacity 37866K, committed 38144K, reserved 1081344K
  class space    used 4966K, capacity 5512K, committed 5632K, reserved 1048576K
}

Deoptimization events (10 events):
Event: 17.011 Thread 0x000001dbd160d000 Uncommon trap: reason=class_check action=maybe_recompile pc=0x000001dbc57bd408 method=org.springframework.beans.factory.support.AbstractBeanFactory.isTypeMatch(Ljava/lang/String;Lorg/springframework/core/ResolvableType;Z)Z @ 53 c2
Event: 17.431 Thread 0x000001dbd160d000 Uncommon trap: reason=profile_predicate action=maybe_recompile pc=0x000001dbc58102a8 method=java.lang.PublicMethods$MethodList.filter([Ljava/lang/reflect/Method;Ljava/lang/String;[Ljava/lang/Class;Z)Ljava/lang/PublicMethods$MethodList; @ 21 c2
Event: 17.431 Thread 0x000001dbd160d000 Uncommon trap: reason=profile_predicate action=maybe_recompile pc=0x000001dbc58102a8 method=java.lang.PublicMethods$MethodList.filter([Ljava/lang/reflect/Method;Ljava/lang/String;[Ljava/lang/Class;Z)Ljava/lang/PublicMethods$MethodList; @ 21 c2
Event: 17.431 Thread 0x000001dbd160d000 Uncommon trap: reason=profile_predicate action=maybe_recompile pc=0x000001dbc58102a8 method=java.lang.PublicMethods$MethodList.filter([Ljava/lang/reflect/Method;Ljava/lang/String;[Ljava/lang/Class;Z)Ljava/lang/PublicMethods$MethodList; @ 21 c2
Event: 17.431 Thread 0x000001dbd160d000 Uncommon trap: reason=profile_predicate action=maybe_recompile pc=0x000001dbc58102a8 method=java.lang.PublicMethods$MethodList.filter([Ljava/lang/reflect/Method;Ljava/lang/String;[Ljava/lang/Class;Z)Ljava/lang/PublicMethods$MethodList; @ 21 c2
Event: 17.449 Thread 0x000001dbd160d000 Uncommon trap: reason=profile_predicate action=maybe_recompile pc=0x000001dbc580a1c0 method=org.springframework.boot.context.properties.source.ConfigurationPropertyName.hashCode()I @ 58 c2
Event: 17.450 Thread 0x000001dbd160d000 Uncommon trap: reason=profile_predicate action=maybe_recompile pc=0x000001dbc580a1c0 method=org.springframework.boot.context.properties.source.ConfigurationPropertyName.hashCode()I @ 58 c2
Event: 17.524 Thread 0x000001dbd160d000 Uncommon trap: reason=profile_predicate action=maybe_recompile pc=0x000001dbc580a1c0 method=org.springframework.boot.context.properties.source.ConfigurationPropertyName.hashCode()I @ 58 c2
Event: 17.537 Thread 0x000001dbd160d000 Uncommon trap: reason=profile_predicate action=maybe_recompile pc=0x000001dbc580a1c0 method=org.springframework.boot.context.properties.source.ConfigurationPropertyName.hashCode()I @ 58 c2
Event: 17.554 Thread 0x000001dbd160d000 Uncommon trap: reason=unstable_if action=reinterpret pc=0x000001dbc580bd88 method=java.lang.reflect.Method.equals(Ljava/lang/Object;)Z @ 1 c2

Classes redefined (0 events):
No events

Internal exceptions (10 events):
Event: 17.864 Thread 0x000001dbd160d000 Exception <a 'java/lang/ClassNotFoundException'{0x00000000e5d20d18}: org/springframework/boot/autoconfigure/web/format/WebConversionServiceCustomizer> (0x00000000e5d20d18) thrown at [t:/workspace/open/src/hotspot/share/classfile/systemDictionary.cpp, line
Event: 17.865 Thread 0x000001dbd160d000 Exception <a 'java/lang/ClassNotFoundException'{0x00000000e5d36f30}: org/springframework/format/FormatterRegistryCustomizer> (0x00000000e5d36f30) thrown at [t:/workspace/open/src/hotspot/share/classfile/systemDictionary.cpp, line 235]
Event: 17.867 Thread 0x000001dbd160d000 Exception <a 'java/lang/ClassNotFoundException'{0x00000000e5d525f8}: org/springframework/core/convert/converter/ConverterRegistryCustomizer> (0x00000000e5d525f8) thrown at [t:/workspace/open/src/hotspot/share/classfile/systemDictionary.cpp, line 235]
Event: 17.871 Thread 0x000001dbd160d000 Exception <a 'java/lang/ClassNotFoundException'{0x00000000e5d6b840}: org/springframework/context/EmbeddedValueResolverAwareCustomizer> (0x00000000e5d6b840) thrown at [t:/workspace/open/src/hotspot/share/classfile/systemDictionary.cpp, line 235]
Event: 17.873 Thread 0x000001dbd160d000 Exception <a 'java/lang/ClassNotFoundException'{0x00000000e5d7d890}: org/springframework/beans/factory/AwareCustomizer> (0x00000000e5d7d890) thrown at [t:/workspace/open/src/hotspot/share/classfile/systemDictionary.cpp, line 235]
Event: 17.874 Thread 0x000001dbd160d000 Exception <a 'java/lang/ClassNotFoundException'{0x00000000e5d92910}: org/springframework/core/convert/support/ConfigurableConversionServiceCustomizer> (0x00000000e5d92910) thrown at [t:/workspace/open/src/hotspot/share/classfile/systemDictionary.cpp, line
Event: 17.875 Thread 0x000001dbd160d000 Exception <a 'java/lang/ClassNotFoundException'{0x00000000e5da5920}: org/springframework/core/convert/ConversionServiceCustomizer> (0x00000000e5da5920) thrown at [t:/workspace/open/src/hotspot/share/classfile/systemDictionary.cpp, line 235]
Event: 17.876 Thread 0x000001dbd160d000 Exception <a 'java/lang/ClassNotFoundException'{0x00000000e5dbdab8}: org/springframework/core/convert/converter/ConverterRegistryCustomizer> (0x00000000e5dbdab8) thrown at [t:/workspace/open/src/hotspot/share/classfile/systemDictionary.cpp, line 235]
Event: 17.884 Thread 0x000001dbd160d000 Exception <a 'java/lang/IncompatibleClassChangeError'{0x00000000e5dd5428}: Found class java.lang.Object, but interface was expected> (0x00000000e5dd5428) thrown at [t:/workspace/open/src/hotspot/share/interpreter/linkResolver.cpp, line 843]
Event: 17.893 Thread 0x000001dbd160d000 Exception <a 'java/lang/ClassNotFoundException'{0x00000000e5df3318}: java/lang/ObjectCustomizer> (0x00000000e5df3318) thrown at [t:/workspace/open/src/hotspot/share/classfile/systemDictionary.cpp, line 235]

Events (10 events):
Event: 17.886 loading class javax/validation$Validator
Event: 17.886 loading class javax/validation$Validator done
Event: 17.886 loading class org/springframework/web/reactive/config/WebFluxConfigurationSupport$NoOpValidator
Event: 17.886 loading class org/springframework/web/reactive/config/WebFluxConfigurationSupport$NoOpValidator done
Event: 17.888 loading class org/springframework/validation/Errors
Event: 17.888 loading class org/springframework/validation/Errors done
Event: 17.892 loading class java/lang/ObjectCustomizer
Event: 17.892 loading class java/lang/ObjectCustomizer done
Event: 17.893 loading class java/lang/ObjectCustomizer
Event: 17.893 loading class java/lang/ObjectCustomizer done


Dynamic libraries:
0x00007ff629c70000 - 0x00007ff629c7f000 	C:\Program Files\Java\jdk-12.0.1\bin\java.exe
0x00007ffde4780000 - 0x00007ffde4970000 	C:\WINDOWS\SYSTEM32\ntdll.dll
0x00007ffde29f0000 - 0x00007ffde2aa2000 	C:\WINDOWS\System32\KERNEL32.DLL
0x00007ffde17f0000 - 0x00007ffde1a95000 	C:\WINDOWS\System32\KERNELBASE.dll
0x00007ffde16f0000 - 0x00007ffde17ea000 	C:\WINDOWS\System32\ucrtbase.dll
0x00007ffdddb50000 - 0x00007ffdddb66000 	C:\Program Files\Java\jdk-12.0.1\bin\VCRUNTIME140.dll
0x00007ffdddb30000 - 0x00007ffdddb48000 	C:\Program Files\Java\jdk-12.0.1\bin\jli.dll
0x00007ffde2bf0000 - 0x00007ffde2c93000 	C:\WINDOWS\System32\ADVAPI32.dll
0x00007ffde3860000 - 0x00007ffde38fe000 	C:\WINDOWS\System32\msvcrt.dll
0x00007ffde3d40000 - 0x00007ffde3dd7000 	C:\WINDOWS\System32\sechost.dll
0x00007ffde4470000 - 0x00007ffde4590000 	C:\WINDOWS\System32\RPCRT4.dll
0x00007ffde3de0000 - 0x00007ffde3f74000 	C:\WINDOWS\System32\USER32.dll
0x00007ffde27b0000 - 0x00007ffde27d1000 	C:\WINDOWS\System32\win32u.dll
0x00007ffde3730000 - 0x00007ffde3756000 	C:\WINDOWS\System32\GDI32.dll
0x00007ffde2250000 - 0x00007ffde23e6000 	C:\WINDOWS\System32\gdi32full.dll
0x00007ffdd5850000 - 0x00007ffdd5ad4000 	C:\WINDOWS\WinSxS\amd64_microsoft.windows.common-controls_6595b64144ccf1df_6.0.18362.1256_none_9e7e379be45e40e2\COMCTL32.dll
0x00007ffde24e0000 - 0x00007ffde257e000 	C:\WINDOWS\System32\msvcp_win.dll
0x00007ffde2d00000 - 0x00007ffde3036000 	C:\WINDOWS\System32\combase.dll
0x00007ffde2450000 - 0x00007ffde24d1000 	C:\WINDOWS\System32\bcryptPrimitives.dll
0x00007ffde1010000 - 0x00007ffde101a000 	C:\WINDOWS\SYSTEM32\VERSION.dll
0x00007ffde2900000 - 0x00007ffde292e000 	C:\WINDOWS\System32\IMM32.DLL
0x00007ffde1020000 - 0x00007ffde1056000 	C:\WINDOWS\system32\DriverStore\FileRepository\nvfm.inf_amd64_76974c92c44bbb6b\nvinitx.dll
0x00007ffde3040000 - 0x00007ffde3727000 	C:\WINDOWS\System32\Shell32.dll
0x00007ffde27e0000 - 0x00007ffde282a000 	C:\WINDOWS\System32\cfgmgr32.dll
0x00007ffde2850000 - 0x00007ffde28f9000 	C:\WINDOWS\System32\shcore.dll
0x00007ffde1aa0000 - 0x00007ffde2221000 	C:\WINDOWS\System32\windows.storage.dll
0x00007ffde16a0000 - 0x00007ffde16c3000 	C:\WINDOWS\System32\profapi.dll
0x00007ffde1650000 - 0x00007ffde169a000 	C:\WINDOWS\System32\powrprof.dll
0x00007ffde1620000 - 0x00007ffde1630000 	C:\WINDOWS\System32\UMPDC.dll
0x00007ffde3ce0000 - 0x00007ffde3d32000 	C:\WINDOWS\System32\shlwapi.dll
0x00007ffde16d0000 - 0x00007ffde16e1000 	C:\WINDOWS\System32\kernel.appcore.dll
0x00007ffde2230000 - 0x00007ffde2247000 	C:\WINDOWS\System32\cryptsp.dll
0x0000000052430000 - 0x0000000052436000 	C:\Program Files\NVIDIA Corporation\CoProcManager\_etoured.dll
0x00007ffdd6dc0000 - 0x00007ffdd6e03000 	C:\Program Files\NVIDIA Corporation\CoProcManager\nvd3d9wrapx.dll
0x00007ffde3f80000 - 0x00007ffde43f0000 	C:\WINDOWS\System32\SETUPAPI.dll
0x00007ffde26d0000 - 0x00007ffde26f6000 	C:\WINDOWS\System32\bcrypt.dll
0x00007ffde01d0000 - 0x00007ffde01f0000 	C:\WINDOWS\SYSTEM32\dxcore.dll
0x00007ffdd6d90000 - 0x00007ffdd6dbd000 	C:\Program Files\NVIDIA Corporation\CoProcManager\nvdxgiwrapx.dll
0x00007ffdcc770000 - 0x00007ffdcc81a000 	C:\Program Files\Java\jdk-12.0.1\bin\msvcp140.dll
0x00007ffd992e0000 - 0x00007ffd99e54000 	C:\Program Files\Java\jdk-12.0.1\bin\server\jvm.dll
0x00007ffde4460000 - 0x00007ffde4468000 	C:\WINDOWS\System32\PSAPI.DLL
0x00007ffdddb00000 - 0x00007ffdddb09000 	C:\WINDOWS\SYSTEM32\WSOCK32.dll
0x00007ffddf2f0000 - 0x00007ffddf314000 	C:\WINDOWS\SYSTEM32\WINMM.dll
0x00007ffde43f0000 - 0x00007ffde445f000 	C:\WINDOWS\System32\WS2_32.dll
0x00007ffddf2c0000 - 0x00007ffddf2ed000 	C:\WINDOWS\SYSTEM32\WINMMBASE.dll
0x00007ffdddb10000 - 0x00007ffdddb21000 	C:\Program Files\Java\jdk-12.0.1\bin\verify.dll
0x00007ffddff60000 - 0x00007ffde0154000 	C:\WINDOWS\SYSTEM32\DBGHELP.DLL
0x00007ffdd0db0000 - 0x00007ffdd0dda000 	C:\WINDOWS\SYSTEM32\dbgcore.DLL
0x00007ffdd7ab0000 - 0x00007ffdd7ad6000 	C:\Program Files\Java\jdk-12.0.1\bin\java.dll
0x00007ffdd7a90000 - 0x00007ffdd7aa7000 	C:\Program Files\Java\jdk-12.0.1\bin\zip.dll
0x00007ffdddc30000 - 0x00007ffdddc3a000 	C:\Program Files\Java\jdk-12.0.1\bin\jimage.dll
0x00007ffdd7560000 - 0x00007ffdd7579000 	C:\Program Files\Java\jdk-12.0.1\bin\net.dll
0x00007ffdd6a00000 - 0x00007ffdd6af0000 	C:\WINDOWS\SYSTEM32\WINHTTP.dll
0x00007ffdd25b0000 - 0x00007ffdd2786000 	C:\WINDOWS\SYSTEM32\urlmon.dll
0x00007ffdd28b0000 - 0x00007ffdd2b57000 	C:\WINDOWS\SYSTEM32\iertutil.dll
0x00007ffde0f50000 - 0x00007ffde0f5c000 	C:\WINDOWS\SYSTEM32\CRYPTBASE.DLL
0x00007ffde0dd0000 - 0x00007ffde0e37000 	C:\WINDOWS\system32\mswsock.dll
0x00007ffdd4bf0000 - 0x00007ffdd4c03000 	C:\Program Files\Java\jdk-12.0.1\bin\nio.dll
0x00007ffde08f0000 - 0x00007ffde0923000 	C:\WINDOWS\system32\rsaenh.dll
0x00007ffde1500000 - 0x00007ffde1525000 	C:\WINDOWS\SYSTEM32\USERENV.dll
0x00007ffde0af0000 - 0x00007ffde0b2a000 	C:\WINDOWS\SYSTEM32\IPHLPAPI.DLL
0x00007ffde3850000 - 0x00007ffde3858000 	C:\WINDOWS\System32\NSI.dll
0x00007ffdd74c0000 - 0x00007ffdd74d6000 	C:\WINDOWS\SYSTEM32\dhcpcsvc6.DLL
0x00007ffdd74a0000 - 0x00007ffdd74bc000 	C:\WINDOWS\SYSTEM32\dhcpcsvc.DLL
0x00007ffde0b30000 - 0x00007ffde0bfb000 	C:\WINDOWS\SYSTEM32\DNSAPI.dll
0x00007ffdd7a80000 - 0x00007ffdd7a89000 	C:\Program Files\Java\jdk-12.0.1\bin\management.dll
0x00007ffdd4be0000 - 0x00007ffdd4bec000 	C:\Program Files\Java\jdk-12.0.1\bin\management_ext.dll
0x00007ffdc9b20000 - 0x00007ffdc9b36000 	C:\WINDOWS\system32\napinsp.dll
0x00007ffdc9680000 - 0x00007ffdc969a000 	C:\WINDOWS\system32\pnrpnsp.dll
0x00007ffdcbbb0000 - 0x00007ffdcbbbe000 	C:\WINDOWS\System32\winrnr.dll
0x00007ffdddae0000 - 0x00007ffdddafc000 	C:\WINDOWS\system32\NLAapi.dll
0x00007ffddccb0000 - 0x00007ffddccc5000 	C:\WINDOWS\system32\wshbth.dll
0x00007ffdd5d60000 - 0x00007ffdd5d6a000 	C:\Windows\System32\rasadhlp.dll
0x00007ffdd7150000 - 0x00007ffdd71c7000 	C:\WINDOWS\System32\fwpuclnt.dll
0x00007ffde05d0000 - 0x00007ffde0601000 	C:\WINDOWS\SYSTEM32\ntmarta.dll
0x00007ffddf420000 - 0x00007ffddf4af000 	C:\WINDOWS\system32\apphelp.dll

dbghelp: loaded successfully - version: 4.0.5 - missing functions: none
symbol engine: initialized successfully - sym options: 0x614 - pdb path: .;C:\Program Files\Java\jdk-12.0.1\bin;C:\WINDOWS\SYSTEM32;C:\WINDOWS\WinSxS\amd64_microsoft.windows.common-controls_6595b64144ccf1df_6.0.18362.1256_none_9e7e379be45e40e2;C:\WINDOWS\system32\DriverStore\FileRepository\nvfm.inf_amd64_76974c92c44bbb6b;C:\Program Files\NVIDIA Corporation\CoProcManager;C:\Program Files\Java\jdk-12.0.1\bin\server

VM Arguments:
jvm_args: -Dorg.gradle.native=false -Xmx512m -Dfile.encoding=windows-1251 -Duser.country=RU -Duser.language=ru -Duser.variant -ea 
java_command: worker.org.gradle.process.internal.worker.GradleWorkerMain 'Gradle Test Executor 4'
java_class_path (initial): C:\\Gradle\\gradle-5.5\\caches\\6.7.1\\workerMain\\gradle-worker.jar;D:\\testExercise\\build\\classes\\java\\test;D:\\testExercise\\build\\resources\\test;D:\\testExercise\\build\\classes\\java\\main;D:\\testExercise\\build\\resources\\main;C:\\Gradle\\gradle-5.5\\caches\\modules-2\\files-2.1\\org.springframework.boot\\spring-boot-starter-data-mongodb-reactive\\2.4.1\\655a05dfabfab178a2365c40b762f2be67698d36\\spring-boot-starter-data-mongodb-reactive-2.4.1.jar;C:\\Gradle\\gradle-5.5\\caches\\modules-2\\files-2.1\\org.springframework.boot\\spring-boot-starter-webflux\\2.4.1\\e54535216a6b6becffc044fd8abff3e6011e576d\\spring-boot-starter-webflux-2.4.1.jar;C:\\Gradle\\gradle-5.5\\caches\\modules-2\\files-2.1\\org.springframework.boot\\spring-boot-starter-test\\2.4.1\\50147ab5f3b431a397d27e2c0af313b9147cd058\\spring-boot-starter-test-2.4.1.jar;C:\\Gradle\\gradle-5.5\\caches\\modules-2\\files-2.1\\de.flapdoodle.embed\\de.flapdoodle.embed.mongo\\2.2.0\\781d14f4e3d9eeb0b4c3e00a4ec165a04b3dc5c4\\de.flapdoodle.embed.mongo-2.2.0.jar;C:\\Gradle\\gradle-5.5\\caches\\modules-2\\files-2.1\\io.projectreactor\\reactor-test\\3.4.1\\ec8cef652db7d41ebf5967910872367b5423e989\\reactor-test-3.4.1.jar;C:\\Gradle\\gradle-5.5\\caches\\modules-2\\files-2.1\\org.springframework.boot\\spring-boot-starter-json\\2.4.1\\5a4b7088c88be531cb416ef218da3e19309f8cea\\spring-boot-starter-json-2.4.1.jar;C:\\Gradle\\gradle-5.5\\caches\\modules-2\\files-2.1\\org.springframework.boot\\spring-boot-starter\\2.4.1\\15d81ffe81e26de37986d491e1cf4c1e3a324ca3\\spring-boot-starter-2.4.1.jar;C:\\Gradle\\gradle-5.5\\caches\\modules-2\\files-2.1\\org.springframework\\spring-webflux\\5.3.2\\63fe694e07b0430991671eebac9fbb0ffba08483\\spring-webflux-5.3.2.jar;C:\\Gradle\\gradle-5.5\\caches\\modules-2\\files-2.1\\org.springframework.boot\\spring-boot-starter-reactor-netty\\2.4.1\\f4e512e25c75839c946b26756e18e7bee4307091\\spring-boot-starter-reactor-netty-2.4.1.jar;C:\\Gradle\\gradle-5.5\\caches\
Launcher Type: SUN_STANDARD

[Global flags]
     intx CICompilerCount                          = 3                                         {product} {ergonomic}
     uint ConcGCThreads                            = 1                                         {product} {ergonomic}
     uint G1ConcRefinementThreads                  = 4                                         {product} {ergonomic}
   size_t G1HeapRegionSize                         = 1048576                                   {product} {ergonomic}
    uintx GCDrainStackTargetSize                   = 64                                        {product} {ergonomic}
   size_t InitialHeapSize                          = 132120576                                 {product} {ergonomic}
   size_t MarkStackSize                            = 4194304                                   {product} {ergonomic}
   size_t MaxHeapSize                              = 536870912                                 {product} {command line}
   size_t MaxNewSize                               = 321912832                                 {product} {ergonomic}
   size_t MinHeapDeltaBytes                        = 1048576                                   {product} {ergonomic}
    uintx NonNMethodCodeHeapSize                   = 5830732                                {pd product} {ergonomic}
    uintx NonProfiledCodeHeapSize                  = 122913754                              {pd product} {ergonomic}
    uintx ProfiledCodeHeapSize                     = 122913754                              {pd product} {ergonomic}
    uintx ReservedCodeCacheSize                    = 251658240                              {pd product} {ergonomic}
     bool SegmentedCodeCache                       = true                                      {product} {ergonomic}
     bool UseCompressedClassPointers               = true                                 {lp64_product} {ergonomic}
     bool UseCompressedOops                        = true                                 {lp64_product} {ergonomic}
     bool UseG1GC                                  = true                                      {product} {ergonomic}
     bool UseLargePagesIndividualAllocation        = false                                  {pd product} {ergonomic}

Logging:
Log output configuration:
 #0: stdout all=warning uptime,level,tags
 #1: stderr all=off uptime,level,tags

Environment Variables:
JAVA_HOME=C:\Program Files\Java\jdk-12.0.1
PATH=C:\ProgramData\DockerDesktop\version-bin;C:\Program Files\Docker\Docker\Resources\bin;C:\WINDOWS\system32;C:\WINDOWS;C:\WINDOWS\System32\Wbem;C:\WINDOWS\System32\WindowsPowerShell\v1.0\;C:\WINDOWS\System32\OpenSSH\;C:\Program Files\Git\cmd;C:\Gradle\gradle-5.5\bin;C:\Go\bin;C:\Program Files\MySQL\MySQL Shell 8.0\bin\;C:\Users\Diana\AppData\Local\Microsoft\WindowsApps;;C:\Program Files\JetBrains\IntelliJ IDEA Community Edition 2019.1.3\bin;;C:\Users\Diana\go\bin;C:\Users\Diana\AppData\Local\Programs\Microsoft VS Code\bin
USERNAME=Diana
OS=Windows_NT
PROCESSOR_IDENTIFIER=Intel64 Family 6 Model 42 Stepping 7, GenuineIntel



---------------  S Y S T E M  ---------------

OS: Windows 10 , 64 bit Build 18362 (10.0.18362.1110)

CPU:total 4 (initial active 4) (2 cores per cpu, 2 threads per core) family 6 model 42 stepping 7, cmov, cx8, fxsr, mmx, sse, sse2, sse3, ssse3, sse4.1, sse4.2, popcnt, avx, clmul, ht, tsc, tscinvbit

Memory: 4k page, system-wide physical 8048M (640M free)
TotalPageFile size 8848M (AvailPageFile size 5M)
current process WorkingSet (physical memory assigned to process): 177M, peak: 178M
current process commit charge ("private bytes"): 204M, peak: 261M

vm_info: Java HotSpot(TM) 64-Bit Server VM (12.0.1+12) for windows-amd64 JRE (12.0.1+12), built on Apr  2 2019 14:02:19 by "mach5one" with MS VC++ 15.5 (VS2017)

END.
