#
# There is insufficient memory for the Java Runtime Environment to continue.
# Native memory allocation (malloc) failed to allocate 969456 bytes for Chunk::new
# Possible reasons:
#   The system is out of physical RAM or swap space
#   The process is running with CompressedOops enabled, and the Java Heap may be blocking the growth of the native heap
# Possible solutions:
#   Reduce memory load on the system
#   Increase physical memory or swap space
#   Check if swap backing store is full
#   Decrease Java heap size (-Xmx/-Xms)
#   Decrease number of Java threads
#   Decrease Java thread stack sizes (-Xss)
#   Set larger code cache with -XX:ReservedCodeCacheSize=
#   JVM is running with Unscaled Compressed Oops mode in which the Java heap is
#     placed in the first 4GB address space. The Java Heap base address is the
#     maximum limit for the native heap growth. Please use -XX:HeapBaseMinAddress
#     to set the Java Heap base and to place the Java Heap above 4GB virtual address.
# This output file may be truncated or incomplete.
#
#  Out of Memory Error (t:/workspace/open/src/hotspot/share/memory/arena.cpp:197), pid=4260, tid=1112
#
# JRE version: Java(TM) SE Runtime Environment (12.0.1+12) (build 12.0.1+12)
# Java VM: Java HotSpot(TM) 64-Bit Server VM (12.0.1+12, mixed mode, sharing, tiered, compressed oops, g1 gc, windows-amd64)
# No core dump will be written. Minidumps are not enabled by default on client versions of Windows
#

---------------  S U M M A R Y ------------

Command Line: --add-opens=java.base/java.util=ALL-UNNAMED --add-opens=java.base/java.lang=ALL-UNNAMED --add-opens=java.base/java.lang.invoke=ALL-UNNAMED --add-opens=java.prefs/java.util.prefs=ALL-UNNAMED -XX:MaxMetaspaceSize=256m -XX:+HeapDumpOnOutOfMemoryError -Xms256m -Xmx512m -Dfile.encoding=windows-1251 -Duser.country=RU -Duser.language=ru -Duser.variant org.gradle.launcher.daemon.bootstrap.GradleDaemon 6.7.1

Host: Intel(R) Core(TM) i3-2328M CPU @ 2.20GHz, 4 cores, 7G,  Windows 10 , 64 bit Build 18362 (10.0.18362.1110)
Time: Mon Jan 11 16:54:08 2021 Oeieyiaey (ceia) elapsed time: 17 seconds (0d 0h 0m 17s)

---------------  T H R E A D  ---------------

Current thread (0x00000236e23e4800):  JavaThread "C2 CompilerThread0" daemon [_thread_in_native, id=1112, stack(0x000000c06ce00000,0x000000c06cf00000)]


Current CompileTask:
C2:  17456 3965       4       jdk.internal.loader.URLClassPath$JarLoader$2::getManifest (26 bytes)

Stack: [0x000000c06ce00000,0x000000c06cf00000]
Native frames: (J=compiled Java code, j=interpreted, Vv=VM code, C=native code)
V  [jvm.dll+0x63948a]
V  [jvm.dll+0x78b31f]
V  [jvm.dll+0x78c9c1]
V  [jvm.dll+0x78d013]
V  [jvm.dll+0x262138]
V  [jvm.dll+0xc582c]
V  [jvm.dll+0xc5dac]
V  [jvm.dll+0x379662]
V  [jvm.dll+0x345493]
V  [jvm.dll+0x34485a]
V  [jvm.dll+0x21c035]
V  [jvm.dll+0x21b20a]
V  [jvm.dll+0x199890]
V  [jvm.dll+0x22a534]
V  [jvm.dll+0x228b88]
V  [jvm.dll+0x74f660]
V  [jvm.dll+0x748648]
V  [jvm.dll+0x638566]
C  [ucrtbase.dll+0x210b2]
C  [KERNEL32.DLL+0x17c24]
C  [ntdll.dll+0x6d4d1]


---------------  P R O C E S S  ---------------

Threads class SMR info:
_java_thread_list=0x00000236e52a09e0, length=53, elements={
0x00000236c6fdf000, 0x00000236e23cb000, 0x00000236e23cc000, 0x00000236e23e0800,
0x00000236e23e3800, 0x00000236e23e4800, 0x00000236e23e7800, 0x00000236e245a000,
0x00000236e253c000, 0x00000236e257d800, 0x00000236e31e7800, 0x00000236e3f2b800,
0x00000236e505e800, 0x00000236e487d000, 0x00000236e4447000, 0x00000236e38f5000,
0x00000236e3d9e800, 0x00000236e3dcc000, 0x00000236e3dcd000, 0x00000236e3a10800,
0x00000236e400b800, 0x00000236e400d800, 0x00000236e4008800, 0x00000236e4ce2000,
0x00000236e400c800, 0x00000236e4009800, 0x00000236e400a000, 0x00000236e400b000,
0x00000236e4007800, 0x00000236e400e000, 0x00000236e75cf800, 0x00000236e75d1800,
0x00000236e75d2000, 0x00000236e75d3800, 0x00000236e75cf000, 0x00000236e75d9800,
0x00000236e75da800, 0x00000236e75d5800, 0x00000236e75d8000, 0x00000236e75d8800,
0x00000236e75d4800, 0x00000236e75d7000, 0x00000236e75db000, 0x00000236e75dc000,
0x00000236e75d6000, 0x00000236e8121800, 0x00000236e8126000, 0x00000236e8128000,
0x00000236e8122000, 0x00000236e8123000, 0x00000236e8123800, 0x00000236e8128800,
0x00000236e8127000
}

Java Threads: ( => current thread )
  0x00000236c6fdf000 JavaThread "main" [_thread_blocked, id=456, stack(0x000000c06c300000,0x000000c06c400000)]
  0x00000236e23cb000 JavaThread "Reference Handler" daemon [_thread_blocked, id=5268, stack(0x000000c06ca00000,0x000000c06cb00000)]
  0x00000236e23cc000 JavaThread "Finalizer" daemon [_thread_blocked, id=9700, stack(0x000000c06cb00000,0x000000c06cc00000)]
  0x00000236e23e0800 JavaThread "Signal Dispatcher" daemon [_thread_blocked, id=2108, stack(0x000000c06cc00000,0x000000c06cd00000)]
  0x00000236e23e3800 JavaThread "Attach Listener" daemon [_thread_blocked, id=7360, stack(0x000000c06cd00000,0x000000c06ce00000)]
=>0x00000236e23e4800 JavaThread "C2 CompilerThread0" daemon [_thread_in_native, id=1112, stack(0x000000c06ce00000,0x000000c06cf00000)]
  0x00000236e23e7800 JavaThread "C1 CompilerThread0" daemon [_thread_blocked, id=1632, stack(0x000000c06cf00000,0x000000c06d000000)]
  0x00000236e245a000 JavaThread "Sweeper thread" daemon [_thread_blocked, id=1396, stack(0x000000c06d000000,0x000000c06d100000)]
  0x00000236e253c000 JavaThread "Common-Cleaner" daemon [_thread_blocked, id=632, stack(0x000000c06d100000,0x000000c06d200000)]
  0x00000236e257d800 JavaThread "Service Thread" daemon [_thread_blocked, id=3912, stack(0x000000c06d200000,0x000000c06d300000)]
  0x00000236e31e7800 JavaThread "Daemon health stats" [_thread_blocked, id=7108, stack(0x000000c06d400000,0x000000c06d500000)]
  0x00000236e3f2b800 JavaThread "Incoming local TCP Connector on port 55754" [_thread_in_native, id=3040, stack(0x000000c06da00000,0x000000c06db00000)]
  0x00000236e505e800 JavaThread "Daemon periodic checks" [_thread_blocked, id=6904, stack(0x000000c06db00000,0x000000c06dc00000)]
  0x00000236e487d000 JavaThread "Daemon" [_thread_blocked, id=6320, stack(0x000000c06dc00000,0x000000c06dd00000)]
  0x00000236e4447000 JavaThread "Handler for socket connection from /127.0.0.1:55754 to /127.0.0.1:55755" [_thread_in_native, id=2572, stack(0x000000c06dd00000,0x000000c06de00000)]
  0x00000236e38f5000 JavaThread "Cancel handler" [_thread_blocked, id=2688, stack(0x000000c06de00000,0x000000c06df00000)]
  0x00000236e3d9e800 JavaThread "Daemon worker" [_thread_in_Java, id=1904, stack(0x000000c06df00000,0x000000c06e000000)]
  0x00000236e3dcc000 JavaThread "Asynchronous log dispatcher for DefaultDaemonConnection: socket connection from /127.0.0.1:55754 to /127.0.0.1:55755" [_thread_blocked, id=3544, stack(0x000000c06e000000,0x000000c06e100000)]
  0x00000236e3dcd000 JavaThread "Stdin handler" [_thread_blocked, id=1740, stack(0x000000c06e100000,0x000000c06e200000)]
  0x00000236e3a10800 JavaThread "Thread-8" [_thread_blocked, id=1160, stack(0x000000c06e200000,0x000000c06e300000)]
  0x00000236e400b800 JavaThread "Cache worker for file hash cache (C:\Gradle\gradle-5.5\caches\6.7.1\fileHashes)" [_thread_blocked, id=1488, stack(0x000000c06e300000,0x000000c06e400000)]
  0x00000236e400d800 JavaThread "File lock request listener" [_thread_in_native, id=1216, stack(0x000000c06e400000,0x000000c06e500000)]
  0x00000236e4008800 JavaThread "Cache worker for journal cache (C:\Gradle\gradle-5.5\caches\journal-1)" [_thread_blocked, id=1312, stack(0x000000c06e500000,0x000000c06e600000)]
  0x00000236e4ce2000 JavaThread "C2 CompilerThread1" daemon [_thread_in_native, id=4788, stack(0x000000c06e600000,0x000000c06e700000)]
  0x00000236e400c800 JavaThread "Cache worker for file hash cache (D:\testExercise\.gradle\6.7.1\fileHashes)" [_thread_blocked, id=4980, stack(0x000000c06e700000,0x000000c06e800000)]
  0x00000236e4009800 JavaThread "Cache worker for checksums cache (D:\testExercise\.gradle\checksums)" [_thread_blocked, id=9016, stack(0x000000c06e800000,0x000000c06e900000)]
  0x00000236e400a000 JavaThread "Cache worker for cache directory md-supplier (C:\Gradle\gradle-5.5\caches\6.7.1\md-supplier)" [_thread_blocked, id=8068, stack(0x000000c06e900000,0x000000c06ea00000)]
  0x00000236e400b000 JavaThread "Cache worker for cache directory md-rule (C:\Gradle\gradle-5.5\caches\6.7.1\md-rule)" [_thread_blocked, id=5556, stack(0x000000c06ea00000,0x000000c06eb00000)]
  0x00000236e4007800 JavaThread "Cache worker for execution history cache (C:\Gradle\gradle-5.5\caches\6.7.1\executionHistory)" [_thread_blocked, id=8364, stack(0x000000c06eb00000,0x000000c06ec00000)]
  0x00000236e400e000 JavaThread "jar transforms" [_thread_blocked, id=8380, stack(0x000000c06ec00000,0x000000c06ed00000)]
  0x00000236e75cf800 JavaThread "Cache worker for file content cache (C:\Gradle\gradle-5.5\caches\6.7.1\fileContent)" [_thread_blocked, id=1360, stack(0x000000c06ed00000,0x000000c06ee00000)]
  0x00000236e75d1800 JavaThread "Cache worker for Build Output Cleanup Cache (D:\testExercise\.gradle\buildOutputCleanup)" [_thread_blocked, id=1380, stack(0x000000c06ee00000,0x000000c06ef00000)]
  0x00000236e75d2000 JavaThread "Build operations" [_thread_blocked, id=2464, stack(0x000000c06ef00000,0x000000c06f000000)]
  0x00000236e75d3800 JavaThread "Build operations Thread 2" [_thread_blocked, id=6536, stack(0x000000c06f000000,0x000000c06f100000)]
  0x00000236e75cf000 JavaThread "Build operations Thread 3" [_thread_blocked, id=9204, stack(0x000000c06f100000,0x000000c06f200000)]
  0x00000236e75d9800 JavaThread "Build operations Thread 4" [_thread_blocked, id=4496, stack(0x000000c06f200000,0x000000c06f300000)]
  0x00000236e75da800 JavaThread "jar transforms Thread 2" [_thread_blocked, id=2164, stack(0x000000c06f300000,0x000000c06f400000)]
  0x00000236e75d5800 JavaThread "jar transforms Thread 3" [_thread_blocked, id=5200, stack(0x000000c06f400000,0x000000c06f500000)]
  0x00000236e75d8000 JavaThread "jar transforms Thread 4" [_thread_blocked, id=4032, stack(0x000000c06f500000,0x000000c06f600000)]
  0x00000236e75d8800 JavaThread "jar transforms Thread 5" [_thread_blocked, id=2072, stack(0x000000c06f600000,0x000000c06f700000)]
  0x00000236e75d4800 JavaThread "jar transforms Thread 6" [_thread_blocked, id=9572, stack(0x000000c06f700000,0x000000c06f800000)]
  0x00000236e75d7000 JavaThread "jar transforms Thread 7" [_thread_blocked, id=8084, stack(0x000000c06f800000,0x000000c06f900000)]
  0x00000236e75db000 JavaThread "jar transforms Thread 8" [_thread_blocked, id=9332, stack(0x000000c06f900000,0x000000c06fa00000)]
  0x00000236e75dc000 JavaThread "jar transforms Thread 9" [_thread_blocked, id=4128, stack(0x000000c06fa00000,0x000000c06fb00000)]
  0x00000236e75d6000 JavaThread "jar transforms Thread 10" [_thread_blocked, id=4384, stack(0x000000c06fb00000,0x000000c06fc00000)]
  0x00000236e8121800 JavaThread "jar transforms Thread 11" [_thread_blocked, id=9636, stack(0x000000c06fc00000,0x000000c06fd00000)]
  0x00000236e8126000 JavaThread "jar transforms Thread 12" [_thread_blocked, id=7568, stack(0x000000c06fd00000,0x000000c06fe00000)]
  0x00000236e8128000 JavaThread "jar transforms Thread 13" [_thread_blocked, id=5156, stack(0x000000c06fe00000,0x000000c06ff00000)]
  0x00000236e8122000 JavaThread "jar transforms Thread 14" [_thread_blocked, id=9032, stack(0x000000c06ff00000,0x000000c070000000)]
  0x00000236e8123000 JavaThread "jar transforms Thread 15" [_thread_blocked, id=4616, stack(0x000000c070000000,0x000000c070100000)]
  0x00000236e8123800 JavaThread "jar transforms Thread 16" [_thread_blocked, id=7396, stack(0x000000c070100000,0x000000c070200000)]
  0x00000236e8128800 JavaThread "jar transforms Thread 17" [_thread_blocked, id=9948, stack(0x000000c070200000,0x000000c070300000)]
  0x00000236e8127000 JavaThread "Memory manager" [_thread_blocked, id=5252, stack(0x000000c070300000,0x000000c070400000)]

Other Threads:
  0x00000236e23c4000 VMThread "VM Thread" [stack: 0x000000c06c900000,0x000000c06ca00000] [id=4604]
  0x00000236e257e800 WatcherThread [stack: 0x000000c06d300000,0x000000c06d400000] [id=2496]
  0x00000236c7003000 GCTaskThread "GC Thread#0" [stack: 0x000000c06c400000,0x000000c06c500000] [id=6692]
  0x00000236e300f800 GCTaskThread "GC Thread#1" [stack: 0x000000c06d500000,0x000000c06d600000] [id=2120]
  0x00000236e2919800 GCTaskThread "GC Thread#2" [stack: 0x000000c06d600000,0x000000c06d700000] [id=6900]
  0x00000236e2b41000 GCTaskThread "GC Thread#3" [stack: 0x000000c06d700000,0x000000c06d800000] [id=5436]
  0x00000236c7008000 ConcurrentGCThread "G1 Main Marker" [stack: 0x000000c06c500000,0x000000c06c600000] [id=9412]
  0x00000236c700a000 ConcurrentGCThread "G1 Conc#0" [stack: 0x000000c06c600000,0x000000c06c700000] [id=7264]
  0x00000236e1a6d800 ConcurrentGCThread "G1 Refine#0" [stack: 0x000000c06c700000,0x000000c06c800000] [id=3516]
  0x00000236e1a6e000 ConcurrentGCThread "G1 Young RemSet Sampling" [stack: 0x000000c06c800000,0x000000c06c900000] [id=9512]

Threads with active compile tasks:
C2 CompilerThread0  3965       4       jdk.internal.loader.URLClassPath$JarLoader$2::getManifest (26 bytes)
C2 CompilerThread1  3977   !   4       java.lang.ClassLoader::loadClass (122 bytes)

VM state:not at safepoint (normal execution)

VM Mutex/Monitor currently owned by a thread: None

Heap address: 0x00000000e0000000, size: 512 MB, Compressed Oops mode: 32-bit
Narrow klass base: 0x0000000800000000, Narrow klass shift: 3
Compressed class space size: 260046848 Address: 0x00000008011a0000

Heap:
 garbage-first heap   total 262144K, used 78730K [0x00000000e0000000, 0x0000000100000000)
  region size 1024K, 63 young (64512K), 10 survivors (10240K)
 Metaspace       used 39666K, capacity 40878K, committed 41088K, reserved 290816K
  class space    used 5513K, capacity 5975K, committed 6016K, reserved 253952K
Heap Regions: E=young(eden), S=young(survivor), O=old, HS=humongous(starts), HC=humongous(continues), CS=collection set, F=free, A=archive, TAMS=top-at-mark-start (previous, next)
|   0|0x00000000e0000000, 0x00000000e0100000, 0x00000000e0100000|100%| O|  |TAMS 0x00000000e0100000, 0x00000000e0000000| Untracked 
|   1|0x00000000e0100000, 0x00000000e0200000, 0x00000000e0200000|100%| O|  |TAMS 0x00000000e0200000, 0x00000000e0100000| Untracked 
|   2|0x00000000e0200000, 0x00000000e0300000, 0x00000000e0300000|100%| O|  |TAMS 0x00000000e0300000, 0x00000000e0200000| Untracked 
|   3|0x00000000e0300000, 0x00000000e0400000, 0x00000000e0400000|100%|HS|  |TAMS 0x00000000e0400000, 0x00000000e0300000| Complete 
|   4|0x00000000e0400000, 0x00000000e0500000, 0x00000000e0500000|100%|HC|  |TAMS 0x00000000e0500000, 0x00000000e0400000| Complete 
|   5|0x00000000e0500000, 0x00000000e0600000, 0x00000000e0600000|100%|HC|  |TAMS 0x00000000e0600000, 0x00000000e0500000| Complete 
|   6|0x00000000e0600000, 0x00000000e0700000, 0x00000000e0700000|100%| O|  |TAMS 0x00000000e0700000, 0x00000000e0600000| Untracked 
|   7|0x00000000e0700000, 0x00000000e0800000, 0x00000000e0800000|100%| O|  |TAMS 0x00000000e0800000, 0x00000000e0700000| Untracked 
|   8|0x00000000e0800000, 0x00000000e0900000, 0x00000000e0900000|100%| O|  |TAMS 0x00000000e0900000, 0x00000000e0800000| Untracked 
|   9|0x00000000e0900000, 0x00000000e0a00000, 0x00000000e0a00000|100%| O|  |TAMS 0x00000000e0a00000, 0x00000000e0900000| Untracked 
|  10|0x00000000e0a00000, 0x00000000e0b00000, 0x00000000e0b00000|100%| O|  |TAMS 0x00000000e0b00000, 0x00000000e0a00000| Untracked 
|  11|0x00000000e0b00000, 0x00000000e0c00000, 0x00000000e0c00000|100%| O|  |TAMS 0x00000000e0c00000, 0x00000000e0b00000| Untracked 
|  12|0x00000000e0c00000, 0x00000000e0d00000, 0x00000000e0d00000|100%| O|  |TAMS 0x00000000e0d00000, 0x00000000e0c00000| Untracked 
|  13|0x00000000e0d00000, 0x00000000e0d00000, 0x00000000e0e00000|  0%| F|  |TAMS 0x00000000e0d00000, 0x00000000e0d00000| Untracked 
|  14|0x00000000e0e00000, 0x00000000e0e00000, 0x00000000e0f00000|  0%| F|  |TAMS 0x00000000e0e00000, 0x00000000e0e00000| Untracked 
|  15|0x00000000e0f00000, 0x00000000e0f00000, 0x00000000e1000000|  0%| F|  |TAMS 0x00000000e0f00000, 0x00000000e0f00000| Untracked 
|  16|0x00000000e1000000, 0x00000000e1000000, 0x00000000e1100000|  0%| F|  |TAMS 0x00000000e1000000, 0x00000000e1000000| Untracked 
|  17|0x00000000e1100000, 0x00000000e1200000, 0x00000000e1200000|100%| O|  |TAMS 0x00000000e1200000, 0x00000000e1100000| Untracked 
|  18|0x00000000e1200000, 0x00000000e1300000, 0x00000000e1300000|100%| O|  |TAMS 0x00000000e1300000, 0x00000000e1200000| Untracked 
|  19|0x00000000e1300000, 0x00000000e1384800, 0x00000000e1400000| 51%| O|  |TAMS 0x00000000e1384608, 0x00000000e1300000| Untracked 
|  20|0x00000000e1400000, 0x00000000e1400000, 0x00000000e1500000|  0%| F|  |TAMS 0x00000000e1400000, 0x00000000e1400000| Untracked 
|  21|0x00000000e1500000, 0x00000000e1500000, 0x00000000e1600000|  0%| F|  |TAMS 0x00000000e1500000, 0x00000000e1500000| Untracked 
|  22|0x00000000e1600000, 0x00000000e1600000, 0x00000000e1700000|  0%| F|  |TAMS 0x00000000e1600000, 0x00000000e1600000| Untracked 
|  23|0x00000000e1700000, 0x00000000e1700000, 0x00000000e1800000|  0%| F|  |TAMS 0x00000000e1700000, 0x00000000e1700000| Untracked 
|  24|0x00000000e1800000, 0x00000000e1800000, 0x00000000e1900000|  0%| F|  |TAMS 0x00000000e1800000, 0x00000000e1800000| Untracked 
|  25|0x00000000e1900000, 0x00000000e1900000, 0x00000000e1a00000|  0%| F|  |TAMS 0x00000000e1900000, 0x00000000e1900000| Untracked 
|  26|0x00000000e1a00000, 0x00000000e1a00000, 0x00000000e1b00000|  0%| F|  |TAMS 0x00000000e1a00000, 0x00000000e1a00000| Untracked 
|  27|0x00000000e1b00000, 0x00000000e1b00000, 0x00000000e1c00000|  0%| F|  |TAMS 0x00000000e1b00000, 0x00000000e1b00000| Untracked 
|  28|0x00000000e1c00000, 0x00000000e1c00000, 0x00000000e1d00000|  0%| F|  |TAMS 0x00000000e1c00000, 0x00000000e1c00000| Untracked 
|  29|0x00000000e1d00000, 0x00000000e1d00000, 0x00000000e1e00000|  0%| F|  |TAMS 0x00000000e1d00000, 0x00000000e1d00000| Untracked 
|  30|0x00000000e1e00000, 0x00000000e1e00000, 0x00000000e1f00000|  0%| F|  |TAMS 0x00000000e1e00000, 0x00000000e1e00000| Untracked 
|  31|0x00000000e1f00000, 0x00000000e1f00000, 0x00000000e2000000|  0%| F|  |TAMS 0x00000000e1f00000, 0x00000000e1f00000| Untracked 
|  32|0x00000000e2000000, 0x00000000e2000000, 0x00000000e2100000|  0%| F|  |TAMS 0x00000000e2000000, 0x00000000e2000000| Untracked 
|  33|0x00000000e2100000, 0x00000000e2100000, 0x00000000e2200000|  0%| F|  |TAMS 0x00000000e2100000, 0x00000000e2100000| Untracked 
|  34|0x00000000e2200000, 0x00000000e2200000, 0x00000000e2300000|  0%| F|  |TAMS 0x00000000e2200000, 0x00000000e2200000| Untracked 
|  35|0x00000000e2300000, 0x00000000e2300000, 0x00000000e2400000|  0%| F|  |TAMS 0x00000000e2300000, 0x00000000e2300000| Untracked 
|  36|0x00000000e2400000, 0x00000000e2400000, 0x00000000e2500000|  0%| F|  |TAMS 0x00000000e2400000, 0x00000000e2400000| Untracked 
|  37|0x00000000e2500000, 0x00000000e2500000, 0x00000000e2600000|  0%| F|  |TAMS 0x00000000e2500000, 0x00000000e2500000| Untracked 
|  38|0x00000000e2600000, 0x00000000e2600000, 0x00000000e2700000|  0%| F|  |TAMS 0x00000000e2600000, 0x00000000e2600000| Untracked 
|  39|0x00000000e2700000, 0x00000000e2700000, 0x00000000e2800000|  0%| F|  |TAMS 0x00000000e2700000, 0x00000000e2700000| Untracked 
|  40|0x00000000e2800000, 0x00000000e2800000, 0x00000000e2900000|  0%| F|  |TAMS 0x00000000e2800000, 0x00000000e2800000| Untracked 
|  41|0x00000000e2900000, 0x00000000e2900000, 0x00000000e2a00000|  0%| F|  |TAMS 0x00000000e2900000, 0x00000000e2900000| Untracked 
|  42|0x00000000e2a00000, 0x00000000e2a00000, 0x00000000e2b00000|  0%| F|  |TAMS 0x00000000e2a00000, 0x00000000e2a00000| Untracked 
|  43|0x00000000e2b00000, 0x00000000e2b00000, 0x00000000e2c00000|  0%| F|  |TAMS 0x00000000e2b00000, 0x00000000e2b00000| Untracked 
|  44|0x00000000e2c00000, 0x00000000e2c00000, 0x00000000e2d00000|  0%| F|  |TAMS 0x00000000e2c00000, 0x00000000e2c00000| Untracked 
|  45|0x00000000e2d00000, 0x00000000e2d00000, 0x00000000e2e00000|  0%| F|  |TAMS 0x00000000e2d00000, 0x00000000e2d00000| Untracked 
|  46|0x00000000e2e00000, 0x00000000e2e00000, 0x00000000e2f00000|  0%| F|  |TAMS 0x00000000e2e00000, 0x00000000e2e00000| Untracked 
|  47|0x00000000e2f00000, 0x00000000e2f00000, 0x00000000e3000000|  0%| F|  |TAMS 0x00000000e2f00000, 0x00000000e2f00000| Untracked 
|  48|0x00000000e3000000, 0x00000000e3000000, 0x00000000e3100000|  0%| F|  |TAMS 0x00000000e3000000, 0x00000000e3000000| Untracked 
|  49|0x00000000e3100000, 0x00000000e3100000, 0x00000000e3200000|  0%| F|  |TAMS 0x00000000e3100000, 0x00000000e3100000| Untracked 
|  50|0x00000000e3200000, 0x00000000e3200000, 0x00000000e3300000|  0%| F|  |TAMS 0x00000000e3200000, 0x00000000e3200000| Untracked 
|  51|0x00000000e3300000, 0x00000000e3300000, 0x00000000e3400000|  0%| F|  |TAMS 0x00000000e3300000, 0x00000000e3300000| Untracked 
|  52|0x00000000e3400000, 0x00000000e3400000, 0x00000000e3500000|  0%| F|  |TAMS 0x00000000e3400000, 0x00000000e3400000| Untracked 
|  53|0x00000000e3500000, 0x00000000e3500000, 0x00000000e3600000|  0%| F|  |TAMS 0x00000000e3500000, 0x00000000e3500000| Untracked 
|  54|0x00000000e3600000, 0x00000000e3600000, 0x00000000e3700000|  0%| F|  |TAMS 0x00000000e3600000, 0x00000000e3600000| Untracked 
|  55|0x00000000e3700000, 0x00000000e3700000, 0x00000000e3800000|  0%| F|  |TAMS 0x00000000e3700000, 0x00000000e3700000| Untracked 
|  56|0x00000000e3800000, 0x00000000e3800000, 0x00000000e3900000|  0%| F|  |TAMS 0x00000000e3800000, 0x00000000e3800000| Untracked 
|  57|0x00000000e3900000, 0x00000000e3900000, 0x00000000e3a00000|  0%| F|  |TAMS 0x00000000e3900000, 0x00000000e3900000| Untracked 
|  58|0x00000000e3a00000, 0x00000000e3a00000, 0x00000000e3b00000|  0%| F|  |TAMS 0x00000000e3a00000, 0x00000000e3a00000| Untracked 
|  59|0x00000000e3b00000, 0x00000000e3b00000, 0x00000000e3c00000|  0%| F|  |TAMS 0x00000000e3b00000, 0x00000000e3b00000| Untracked 
|  60|0x00000000e3c00000, 0x00000000e3c00000, 0x00000000e3d00000|  0%| F|  |TAMS 0x00000000e3c00000, 0x00000000e3c00000| Untracked 
|  61|0x00000000e3d00000, 0x00000000e3d00000, 0x00000000e3e00000|  0%| F|  |TAMS 0x00000000e3d00000, 0x00000000e3d00000| Untracked 
|  62|0x00000000e3e00000, 0x00000000e3e00000, 0x00000000e3f00000|  0%| F|  |TAMS 0x00000000e3e00000, 0x00000000e3e00000| Untracked 
|  63|0x00000000e3f00000, 0x00000000e3f00000, 0x00000000e4000000|  0%| F|  |TAMS 0x00000000e3f00000, 0x00000000e3f00000| Untracked 
|  64|0x00000000e4000000, 0x00000000e4000000, 0x00000000e4100000|  0%| F|  |TAMS 0x00000000e4000000, 0x00000000e4000000| Untracked 
|  65|0x00000000e4100000, 0x00000000e4100000, 0x00000000e4200000|  0%| F|  |TAMS 0x00000000e4100000, 0x00000000e4100000| Untracked 
|  66|0x00000000e4200000, 0x00000000e4200000, 0x00000000e4300000|  0%| F|  |TAMS 0x00000000e4200000, 0x00000000e4200000| Untracked 
|  67|0x00000000e4300000, 0x00000000e4300000, 0x00000000e4400000|  0%| F|  |TAMS 0x00000000e4300000, 0x00000000e4300000| Untracked 
|  68|0x00000000e4400000, 0x00000000e4400000, 0x00000000e4500000|  0%| F|  |TAMS 0x00000000e4400000, 0x00000000e4400000| Untracked 
|  69|0x00000000e4500000, 0x00000000e4500000, 0x00000000e4600000|  0%| F|  |TAMS 0x00000000e4500000, 0x00000000e4500000| Untracked 
|  70|0x00000000e4600000, 0x00000000e4600000, 0x00000000e4700000|  0%| F|  |TAMS 0x00000000e4600000, 0x00000000e4600000| Untracked 
|  71|0x00000000e4700000, 0x00000000e4700000, 0x00000000e4800000|  0%| F|  |TAMS 0x00000000e4700000, 0x00000000e4700000| Untracked 
|  72|0x00000000e4800000, 0x00000000e4800000, 0x00000000e4900000|  0%| F|  |TAMS 0x00000000e4800000, 0x00000000e4800000| Untracked 
|  73|0x00000000e4900000, 0x00000000e4900000, 0x00000000e4a00000|  0%| F|  |TAMS 0x00000000e4900000, 0x00000000e4900000| Untracked 
|  74|0x00000000e4a00000, 0x00000000e4a00000, 0x00000000e4b00000|  0%| F|  |TAMS 0x00000000e4a00000, 0x00000000e4a00000| Untracked 
|  75|0x00000000e4b00000, 0x00000000e4b00000, 0x00000000e4c00000|  0%| F|  |TAMS 0x00000000e4b00000, 0x00000000e4b00000| Untracked 
|  76|0x00000000e4c00000, 0x00000000e4c00000, 0x00000000e4d00000|  0%| F|  |TAMS 0x00000000e4c00000, 0x00000000e4c00000| Untracked 
|  77|0x00000000e4d00000, 0x00000000e4d00000, 0x00000000e4e00000|  0%| F|  |TAMS 0x00000000e4d00000, 0x00000000e4d00000| Untracked 
|  78|0x00000000e4e00000, 0x00000000e4e00000, 0x00000000e4f00000|  0%| F|  |TAMS 0x00000000e4e00000, 0x00000000e4e00000| Untracked 
|  79|0x00000000e4f00000, 0x00000000e4f00000, 0x00000000e5000000|  0%| F|  |TAMS 0x00000000e4f00000, 0x00000000e4f00000| Untracked 
|  80|0x00000000e5000000, 0x00000000e5000000, 0x00000000e5100000|  0%| F|  |TAMS 0x00000000e5000000, 0x00000000e5000000| Untracked 
|  81|0x00000000e5100000, 0x00000000e5100000, 0x00000000e5200000|  0%| F|  |TAMS 0x00000000e5100000, 0x00000000e5100000| Untracked 
|  82|0x00000000e5200000, 0x00000000e5200000, 0x00000000e5300000|  0%| F|  |TAMS 0x00000000e5200000, 0x00000000e5200000| Untracked 
|  83|0x00000000e5300000, 0x00000000e5300000, 0x00000000e5400000|  0%| F|  |TAMS 0x00000000e5300000, 0x00000000e5300000| Untracked 
|  84|0x00000000e5400000, 0x00000000e5400000, 0x00000000e5500000|  0%| F|  |TAMS 0x00000000e5400000, 0x00000000e5400000| Untracked 
|  85|0x00000000e5500000, 0x00000000e5500000, 0x00000000e5600000|  0%| F|  |TAMS 0x00000000e5500000, 0x00000000e5500000| Untracked 
|  86|0x00000000e5600000, 0x00000000e5600000, 0x00000000e5700000|  0%| F|  |TAMS 0x00000000e5600000, 0x00000000e5600000| Untracked 
|  87|0x00000000e5700000, 0x00000000e5700000, 0x00000000e5800000|  0%| F|  |TAMS 0x00000000e5700000, 0x00000000e5700000| Untracked 
|  88|0x00000000e5800000, 0x00000000e5800000, 0x00000000e5900000|  0%| F|  |TAMS 0x00000000e5800000, 0x00000000e5800000| Untracked 
|  89|0x00000000e5900000, 0x00000000e5900000, 0x00000000e5a00000|  0%| F|  |TAMS 0x00000000e5900000, 0x00000000e5900000| Untracked 
|  90|0x00000000e5a00000, 0x00000000e5a00000, 0x00000000e5b00000|  0%| F|  |TAMS 0x00000000e5a00000, 0x00000000e5a00000| Untracked 
|  91|0x00000000e5b00000, 0x00000000e5b00000, 0x00000000e5c00000|  0%| F|  |TAMS 0x00000000e5b00000, 0x00000000e5b00000| Untracked 
|  92|0x00000000e5c00000, 0x00000000e5c00000, 0x00000000e5d00000|  0%| F|  |TAMS 0x00000000e5c00000, 0x00000000e5c00000| Untracked 
|  93|0x00000000e5d00000, 0x00000000e5d00000, 0x00000000e5e00000|  0%| F|  |TAMS 0x00000000e5d00000, 0x00000000e5d00000| Untracked 
|  94|0x00000000e5e00000, 0x00000000e5e00000, 0x00000000e5f00000|  0%| F|  |TAMS 0x00000000e5e00000, 0x00000000e5e00000| Untracked 
|  95|0x00000000e5f00000, 0x00000000e5f00000, 0x00000000e6000000|  0%| F|  |TAMS 0x00000000e5f00000, 0x00000000e5f00000| Untracked 
|  96|0x00000000e6000000, 0x00000000e6000000, 0x00000000e6100000|  0%| F|  |TAMS 0x00000000e6000000, 0x00000000e6000000| Untracked 
|  97|0x00000000e6100000, 0x00000000e6100000, 0x00000000e6200000|  0%| F|  |TAMS 0x00000000e6100000, 0x00000000e6100000| Untracked 
|  98|0x00000000e6200000, 0x00000000e6200000, 0x00000000e6300000|  0%| F|  |TAMS 0x00000000e6200000, 0x00000000e6200000| Untracked 
|  99|0x00000000e6300000, 0x00000000e6300000, 0x00000000e6400000|  0%| F|  |TAMS 0x00000000e6300000, 0x00000000e6300000| Untracked 
| 100|0x00000000e6400000, 0x00000000e6400000, 0x00000000e6500000|  0%| F|  |TAMS 0x00000000e6400000, 0x00000000e6400000| Untracked 
| 101|0x00000000e6500000, 0x00000000e6500000, 0x00000000e6600000|  0%| F|  |TAMS 0x00000000e6500000, 0x00000000e6500000| Untracked 
| 102|0x00000000e6600000, 0x00000000e6600000, 0x00000000e6700000|  0%| F|  |TAMS 0x00000000e6600000, 0x00000000e6600000| Untracked 
| 103|0x00000000e6700000, 0x00000000e6700000, 0x00000000e6800000|  0%| F|  |TAMS 0x00000000e6700000, 0x00000000e6700000| Untracked 
| 104|0x00000000e6800000, 0x00000000e6800000, 0x00000000e6900000|  0%| F|  |TAMS 0x00000000e6800000, 0x00000000e6800000| Untracked 
| 105|0x00000000e6900000, 0x00000000e6900000, 0x00000000e6a00000|  0%| F|  |TAMS 0x00000000e6900000, 0x00000000e6900000| Untracked 
| 106|0x00000000e6a00000, 0x00000000e6a00000, 0x00000000e6b00000|  0%| F|  |TAMS 0x00000000e6a00000, 0x00000000e6a00000| Untracked 
| 107|0x00000000e6b00000, 0x00000000e6b00000, 0x00000000e6c00000|  0%| F|  |TAMS 0x00000000e6b00000, 0x00000000e6b00000| Untracked 
| 108|0x00000000e6c00000, 0x00000000e6c00000, 0x00000000e6d00000|  0%| F|  |TAMS 0x00000000e6c00000, 0x00000000e6c00000| Untracked 
| 109|0x00000000e6d00000, 0x00000000e6d00000, 0x00000000e6e00000|  0%| F|  |TAMS 0x00000000e6d00000, 0x00000000e6d00000| Untracked 
| 110|0x00000000e6e00000, 0x00000000e6e00000, 0x00000000e6f00000|  0%| F|  |TAMS 0x00000000e6e00000, 0x00000000e6e00000| Untracked 
| 111|0x00000000e6f00000, 0x00000000e6f00000, 0x00000000e7000000|  0%| F|  |TAMS 0x00000000e6f00000, 0x00000000e6f00000| Untracked 
| 112|0x00000000e7000000, 0x00000000e7000000, 0x00000000e7100000|  0%| F|  |TAMS 0x00000000e7000000, 0x00000000e7000000| Untracked 
| 113|0x00000000e7100000, 0x00000000e7100000, 0x00000000e7200000|  0%| F|  |TAMS 0x00000000e7100000, 0x00000000e7100000| Untracked 
| 114|0x00000000e7200000, 0x00000000e7200000, 0x00000000e7300000|  0%| F|  |TAMS 0x00000000e7200000, 0x00000000e7200000| Untracked 
| 115|0x00000000e7300000, 0x00000000e7300000, 0x00000000e7400000|  0%| F|  |TAMS 0x00000000e7300000, 0x00000000e7300000| Untracked 
| 116|0x00000000e7400000, 0x00000000e7400000, 0x00000000e7500000|  0%| F|  |TAMS 0x00000000e7400000, 0x00000000e7400000| Untracked 
| 117|0x00000000e7500000, 0x00000000e7500000, 0x00000000e7600000|  0%| F|  |TAMS 0x00000000e7500000, 0x00000000e7500000| Untracked 
| 118|0x00000000e7600000, 0x00000000e7600000, 0x00000000e7700000|  0%| F|  |TAMS 0x00000000e7600000, 0x00000000e7600000| Untracked 
| 119|0x00000000e7700000, 0x00000000e7700000, 0x00000000e7800000|  0%| F|  |TAMS 0x00000000e7700000, 0x00000000e7700000| Untracked 
| 120|0x00000000e7800000, 0x00000000e7800000, 0x00000000e7900000|  0%| F|  |TAMS 0x00000000e7800000, 0x00000000e7800000| Untracked 
| 121|0x00000000e7900000, 0x00000000e7900000, 0x00000000e7a00000|  0%| F|  |TAMS 0x00000000e7900000, 0x00000000e7900000| Untracked 
| 122|0x00000000e7a00000, 0x00000000e7a00000, 0x00000000e7b00000|  0%| F|  |TAMS 0x00000000e7a00000, 0x00000000e7a00000| Untracked 
| 123|0x00000000e7b00000, 0x00000000e7b00000, 0x00000000e7c00000|  0%| F|  |TAMS 0x00000000e7b00000, 0x00000000e7b00000| Untracked 
| 124|0x00000000e7c00000, 0x00000000e7c00000, 0x00000000e7d00000|  0%| F|  |TAMS 0x00000000e7c00000, 0x00000000e7c00000| Untracked 
| 125|0x00000000e7d00000, 0x00000000e7d00000, 0x00000000e7e00000|  0%| F|  |TAMS 0x00000000e7d00000, 0x00000000e7d00000| Untracked 
| 126|0x00000000e7e00000, 0x00000000e7e00000, 0x00000000e7f00000|  0%| F|  |TAMS 0x00000000e7e00000, 0x00000000e7e00000| Untracked 
| 127|0x00000000e7f00000, 0x00000000e7f00000, 0x00000000e8000000|  0%| F|  |TAMS 0x00000000e7f00000, 0x00000000e7f00000| Untracked 
| 128|0x00000000e8000000, 0x00000000e8000000, 0x00000000e8100000|  0%| F|  |TAMS 0x00000000e8000000, 0x00000000e8000000| Untracked 
| 129|0x00000000e8100000, 0x00000000e8100000, 0x00000000e8200000|  0%| F|  |TAMS 0x00000000e8100000, 0x00000000e8100000| Untracked 
| 130|0x00000000e8200000, 0x00000000e8200000, 0x00000000e8300000|  0%| F|  |TAMS 0x00000000e8200000, 0x00000000e8200000| Untracked 
| 131|0x00000000e8300000, 0x00000000e8300000, 0x00000000e8400000|  0%| F|  |TAMS 0x00000000e8300000, 0x00000000e8300000| Untracked 
| 132|0x00000000e8400000, 0x00000000e8400000, 0x00000000e8500000|  0%| F|  |TAMS 0x00000000e8400000, 0x00000000e8400000| Untracked 
| 133|0x00000000e8500000, 0x00000000e8500000, 0x00000000e8600000|  0%| F|  |TAMS 0x00000000e8500000, 0x00000000e8500000| Untracked 
| 134|0x00000000e8600000, 0x00000000e8600000, 0x00000000e8700000|  0%| F|  |TAMS 0x00000000e8600000, 0x00000000e8600000| Untracked 
| 135|0x00000000e8700000, 0x00000000e8700000, 0x00000000e8800000|  0%| F|  |TAMS 0x00000000e8700000, 0x00000000e8700000| Untracked 
| 136|0x00000000e8800000, 0x00000000e8800000, 0x00000000e8900000|  0%| F|  |TAMS 0x00000000e8800000, 0x00000000e8800000| Untracked 
| 137|0x00000000e8900000, 0x00000000e8900000, 0x00000000e8a00000|  0%| F|  |TAMS 0x00000000e8900000, 0x00000000e8900000| Untracked 
| 138|0x00000000e8a00000, 0x00000000e8a00000, 0x00000000e8b00000|  0%| F|  |TAMS 0x00000000e8a00000, 0x00000000e8a00000| Untracked 
| 139|0x00000000e8b00000, 0x00000000e8b00000, 0x00000000e8c00000|  0%| F|  |TAMS 0x00000000e8b00000, 0x00000000e8b00000| Untracked 
| 140|0x00000000e8c00000, 0x00000000e8c00000, 0x00000000e8d00000|  0%| F|  |TAMS 0x00000000e8c00000, 0x00000000e8c00000| Untracked 
| 141|0x00000000e8d00000, 0x00000000e8d00000, 0x00000000e8e00000|  0%| F|  |TAMS 0x00000000e8d00000, 0x00000000e8d00000| Untracked 
| 142|0x00000000e8e00000, 0x00000000e8e00000, 0x00000000e8f00000|  0%| F|  |TAMS 0x00000000e8e00000, 0x00000000e8e00000| Untracked 
| 143|0x00000000e8f00000, 0x00000000e8f00000, 0x00000000e9000000|  0%| F|  |TAMS 0x00000000e8f00000, 0x00000000e8f00000| Untracked 
| 144|0x00000000e9000000, 0x00000000e9000000, 0x00000000e9100000|  0%| F|  |TAMS 0x00000000e9000000, 0x00000000e9000000| Untracked 
| 145|0x00000000e9100000, 0x00000000e9100000, 0x00000000e9200000|  0%| F|  |TAMS 0x00000000e9100000, 0x00000000e9100000| Untracked 
| 146|0x00000000e9200000, 0x00000000e9200000, 0x00000000e9300000|  0%| F|  |TAMS 0x00000000e9200000, 0x00000000e9200000| Untracked 
| 147|0x00000000e9300000, 0x00000000e9300000, 0x00000000e9400000|  0%| F|  |TAMS 0x00000000e9300000, 0x00000000e9300000| Untracked 
| 148|0x00000000e9400000, 0x00000000e9400000, 0x00000000e9500000|  0%| F|  |TAMS 0x00000000e9400000, 0x00000000e9400000| Untracked 
| 149|0x00000000e9500000, 0x00000000e9500000, 0x00000000e9600000|  0%| F|  |TAMS 0x00000000e9500000, 0x00000000e9500000| Untracked 
| 150|0x00000000e9600000, 0x00000000e9600000, 0x00000000e9700000|  0%| F|  |TAMS 0x00000000e9600000, 0x00000000e9600000| Untracked 
| 151|0x00000000e9700000, 0x00000000e9700000, 0x00000000e9800000|  0%| F|  |TAMS 0x00000000e9700000, 0x00000000e9700000| Untracked 
| 152|0x00000000e9800000, 0x00000000e9800000, 0x00000000e9900000|  0%| F|  |TAMS 0x00000000e9800000, 0x00000000e9800000| Untracked 
| 153|0x00000000e9900000, 0x00000000e9900000, 0x00000000e9a00000|  0%| F|  |TAMS 0x00000000e9900000, 0x00000000e9900000| Untracked 
| 154|0x00000000e9a00000, 0x00000000e9a00000, 0x00000000e9b00000|  0%| F|  |TAMS 0x00000000e9a00000, 0x00000000e9a00000| Untracked 
| 155|0x00000000e9b00000, 0x00000000e9b00000, 0x00000000e9c00000|  0%| F|  |TAMS 0x00000000e9b00000, 0x00000000e9b00000| Untracked 
| 156|0x00000000e9c00000, 0x00000000e9c00000, 0x00000000e9d00000|  0%| F|  |TAMS 0x00000000e9c00000, 0x00000000e9c00000| Untracked 
| 157|0x00000000e9d00000, 0x00000000e9d00000, 0x00000000e9e00000|  0%| F|  |TAMS 0x00000000e9d00000, 0x00000000e9d00000| Untracked 
| 158|0x00000000e9e00000, 0x00000000e9e00000, 0x00000000e9f00000|  0%| F|  |TAMS 0x00000000e9e00000, 0x00000000e9e00000| Untracked 
| 159|0x00000000e9f00000, 0x00000000e9f00000, 0x00000000ea000000|  0%| F|  |TAMS 0x00000000e9f00000, 0x00000000e9f00000| Untracked 
| 160|0x00000000ea000000, 0x00000000ea000000, 0x00000000ea100000|  0%| F|  |TAMS 0x00000000ea000000, 0x00000000ea000000| Untracked 
| 161|0x00000000ea100000, 0x00000000ea100000, 0x00000000ea200000|  0%| F|  |TAMS 0x00000000ea100000, 0x00000000ea100000| Untracked 
| 162|0x00000000ea200000, 0x00000000ea200000, 0x00000000ea300000|  0%| F|  |TAMS 0x00000000ea200000, 0x00000000ea200000| Untracked 
| 163|0x00000000ea300000, 0x00000000ea300000, 0x00000000ea400000|  0%| F|  |TAMS 0x00000000ea300000, 0x00000000ea300000| Untracked 
| 164|0x00000000ea400000, 0x00000000ea400000, 0x00000000ea500000|  0%| F|  |TAMS 0x00000000ea400000, 0x00000000ea400000| Untracked 
| 165|0x00000000ea500000, 0x00000000ea500000, 0x00000000ea600000|  0%| F|  |TAMS 0x00000000ea500000, 0x00000000ea500000| Untracked 
| 166|0x00000000ea600000, 0x00000000ea600000, 0x00000000ea700000|  0%| F|  |TAMS 0x00000000ea600000, 0x00000000ea600000| Untracked 
| 167|0x00000000ea700000, 0x00000000ea700000, 0x00000000ea800000|  0%| F|  |TAMS 0x00000000ea700000, 0x00000000ea700000| Untracked 
| 168|0x00000000ea800000, 0x00000000ea800000, 0x00000000ea900000|  0%| F|  |TAMS 0x00000000ea800000, 0x00000000ea800000| Untracked 
| 169|0x00000000ea900000, 0x00000000ea900000, 0x00000000eaa00000|  0%| F|  |TAMS 0x00000000ea900000, 0x00000000ea900000| Untracked 
| 170|0x00000000eaa00000, 0x00000000eaa00000, 0x00000000eab00000|  0%| F|  |TAMS 0x00000000eaa00000, 0x00000000eaa00000| Untracked 
| 171|0x00000000eab00000, 0x00000000eab00000, 0x00000000eac00000|  0%| F|  |TAMS 0x00000000eab00000, 0x00000000eab00000| Untracked 
| 172|0x00000000eac00000, 0x00000000eac00000, 0x00000000ead00000|  0%| F|  |TAMS 0x00000000eac00000, 0x00000000eac00000| Untracked 
| 173|0x00000000ead00000, 0x00000000ead00000, 0x00000000eae00000|  0%| F|  |TAMS 0x00000000ead00000, 0x00000000ead00000| Untracked 
| 174|0x00000000eae00000, 0x00000000eae00000, 0x00000000eaf00000|  0%| F|  |TAMS 0x00000000eae00000, 0x00000000eae00000| Untracked 
| 175|0x00000000eaf00000, 0x00000000eaf00000, 0x00000000eb000000|  0%| F|  |TAMS 0x00000000eaf00000, 0x00000000eaf00000| Untracked 
| 176|0x00000000eb000000, 0x00000000eb000000, 0x00000000eb100000|  0%| F|  |TAMS 0x00000000eb000000, 0x00000000eb000000| Untracked 
| 177|0x00000000eb100000, 0x00000000eb100000, 0x00000000eb200000|  0%| F|  |TAMS 0x00000000eb100000, 0x00000000eb100000| Untracked 
| 178|0x00000000eb200000, 0x00000000eb200000, 0x00000000eb300000|  0%| F|  |TAMS 0x00000000eb200000, 0x00000000eb200000| Untracked 
| 179|0x00000000eb300000, 0x00000000eb300000, 0x00000000eb400000|  0%| F|  |TAMS 0x00000000eb300000, 0x00000000eb300000| Untracked 
| 180|0x00000000eb400000, 0x00000000eb400000, 0x00000000eb500000|  0%| F|  |TAMS 0x00000000eb400000, 0x00000000eb400000| Untracked 
| 181|0x00000000eb500000, 0x00000000eb500000, 0x00000000eb600000|  0%| F|  |TAMS 0x00000000eb500000, 0x00000000eb500000| Untracked 
| 182|0x00000000eb600000, 0x00000000eb600000, 0x00000000eb700000|  0%| F|  |TAMS 0x00000000eb600000, 0x00000000eb600000| Untracked 
| 183|0x00000000eb700000, 0x00000000eb700000, 0x00000000eb800000|  0%| F|  |TAMS 0x00000000eb700000, 0x00000000eb700000| Untracked 
| 184|0x00000000eb800000, 0x00000000eb800000, 0x00000000eb900000|  0%| F|  |TAMS 0x00000000eb800000, 0x00000000eb800000| Untracked 
| 185|0x00000000eb900000, 0x00000000eb900000, 0x00000000eba00000|  0%| F|  |TAMS 0x00000000eb900000, 0x00000000eb900000| Untracked 
| 186|0x00000000eba00000, 0x00000000eba00000, 0x00000000ebb00000|  0%| F|  |TAMS 0x00000000eba00000, 0x00000000eba00000| Untracked 
| 187|0x00000000ebb00000, 0x00000000ebb00000, 0x00000000ebc00000|  0%| F|  |TAMS 0x00000000ebb00000, 0x00000000ebb00000| Untracked 
| 188|0x00000000ebc00000, 0x00000000ebc00000, 0x00000000ebd00000|  0%| F|  |TAMS 0x00000000ebc00000, 0x00000000ebc00000| Untracked 
| 189|0x00000000ebd00000, 0x00000000ebd00000, 0x00000000ebe00000|  0%| F|  |TAMS 0x00000000ebd00000, 0x00000000ebd00000| Untracked 
| 190|0x00000000ebe00000, 0x00000000ebe00000, 0x00000000ebf00000|  0%| F|  |TAMS 0x00000000ebe00000, 0x00000000ebe00000| Untracked 
| 191|0x00000000ebf00000, 0x00000000ebf00000, 0x00000000ec000000|  0%| F|  |TAMS 0x00000000ebf00000, 0x00000000ebf00000| Untracked 
| 192|0x00000000ec000000, 0x00000000ec000000, 0x00000000ec100000|  0%| F|  |TAMS 0x00000000ec000000, 0x00000000ec000000| Untracked 
| 193|0x00000000ec100000, 0x00000000ec200000, 0x00000000ec200000|100%| E|  |TAMS 0x00000000ec100000, 0x00000000ec100000| Complete 
| 194|0x00000000ec200000, 0x00000000ec300000, 0x00000000ec300000|100%| E|CS|TAMS 0x00000000ec200000, 0x00000000ec200000| Complete 
| 195|0x00000000ec300000, 0x00000000ec400000, 0x00000000ec400000|100%| E|CS|TAMS 0x00000000ec300000, 0x00000000ec300000| Complete 
| 196|0x00000000ec400000, 0x00000000ec500000, 0x00000000ec500000|100%| E|CS|TAMS 0x00000000ec400000, 0x00000000ec400000| Complete 
| 197|0x00000000ec500000, 0x00000000ec600000, 0x00000000ec600000|100%| E|CS|TAMS 0x00000000ec500000, 0x00000000ec500000| Complete 
| 198|0x00000000ec600000, 0x00000000ec700000, 0x00000000ec700000|100%| E|CS|TAMS 0x00000000ec600000, 0x00000000ec600000| Complete 
| 199|0x00000000ec700000, 0x00000000ec800000, 0x00000000ec800000|100%| E|CS|TAMS 0x00000000ec700000, 0x00000000ec700000| Complete 
| 200|0x00000000ec800000, 0x00000000ec900000, 0x00000000ec900000|100%| E|CS|TAMS 0x00000000ec800000, 0x00000000ec800000| Complete 
| 201|0x00000000ec900000, 0x00000000eca00000, 0x00000000eca00000|100%| E|CS|TAMS 0x00000000ec900000, 0x00000000ec900000| Complete 
| 202|0x00000000eca00000, 0x00000000ecb00000, 0x00000000ecb00000|100%| E|CS|TAMS 0x00000000eca00000, 0x00000000eca00000| Complete 
| 203|0x00000000ecb00000, 0x00000000ecc00000, 0x00000000ecc00000|100%| E|CS|TAMS 0x00000000ecb00000, 0x00000000ecb00000| Complete 
| 204|0x00000000ecc00000, 0x00000000ecd00000, 0x00000000ecd00000|100%| E|CS|TAMS 0x00000000ecc00000, 0x00000000ecc00000| Complete 
| 205|0x00000000ecd00000, 0x00000000ece00000, 0x00000000ece00000|100%| E|CS|TAMS 0x00000000ecd00000, 0x00000000ecd00000| Complete 
| 206|0x00000000ece00000, 0x00000000ecf00000, 0x00000000ecf00000|100%| E|CS|TAMS 0x00000000ece00000, 0x00000000ece00000| Complete 
| 207|0x00000000ecf00000, 0x00000000ed000000, 0x00000000ed000000|100%| E|CS|TAMS 0x00000000ecf00000, 0x00000000ecf00000| Complete 
| 208|0x00000000ed000000, 0x00000000ed100000, 0x00000000ed100000|100%| E|CS|TAMS 0x00000000ed000000, 0x00000000ed000000| Complete 
| 209|0x00000000ed100000, 0x00000000ed200000, 0x00000000ed200000|100%| E|CS|TAMS 0x00000000ed100000, 0x00000000ed100000| Complete 
| 210|0x00000000ed200000, 0x00000000ed300000, 0x00000000ed300000|100%| E|CS|TAMS 0x00000000ed200000, 0x00000000ed200000| Complete 
| 211|0x00000000ed300000, 0x00000000ed400000, 0x00000000ed400000|100%| E|CS|TAMS 0x00000000ed300000, 0x00000000ed300000| Complete 
| 212|0x00000000ed400000, 0x00000000ed500000, 0x00000000ed500000|100%| E|CS|TAMS 0x00000000ed400000, 0x00000000ed400000| Complete 
| 213|0x00000000ed500000, 0x00000000ed600000, 0x00000000ed600000|100%| E|CS|TAMS 0x00000000ed500000, 0x00000000ed500000| Complete 
| 214|0x00000000ed600000, 0x00000000ed700000, 0x00000000ed700000|100%| E|CS|TAMS 0x00000000ed600000, 0x00000000ed600000| Complete 
| 215|0x00000000ed700000, 0x00000000ed800000, 0x00000000ed800000|100%| E|CS|TAMS 0x00000000ed700000, 0x00000000ed700000| Complete 
| 216|0x00000000ed800000, 0x00000000ed900000, 0x00000000ed900000|100%| E|CS|TAMS 0x00000000ed800000, 0x00000000ed800000| Complete 
| 217|0x00000000ed900000, 0x00000000eda00000, 0x00000000eda00000|100%| E|CS|TAMS 0x00000000ed900000, 0x00000000ed900000| Complete 
| 218|0x00000000eda00000, 0x00000000edb00000, 0x00000000edb00000|100%| E|CS|TAMS 0x00000000eda00000, 0x00000000eda00000| Complete 
| 219|0x00000000edb00000, 0x00000000edc00000, 0x00000000edc00000|100%| E|CS|TAMS 0x00000000edb00000, 0x00000000edb00000| Complete 
| 220|0x00000000edc00000, 0x00000000edc5e058, 0x00000000edd00000| 36%| S|CS|TAMS 0x00000000edc00000, 0x00000000edc00000| Complete 
| 221|0x00000000edd00000, 0x00000000ede00000, 0x00000000ede00000|100%| S|CS|TAMS 0x00000000edd00000, 0x00000000edd00000| Complete 
| 222|0x00000000ede00000, 0x00000000edf00000, 0x00000000edf00000|100%| S|CS|TAMS 0x00000000ede00000, 0x00000000ede00000| Complete 
| 223|0x00000000edf00000, 0x00000000ee000000, 0x00000000ee000000|100%| S|CS|TAMS 0x00000000edf00000, 0x00000000edf00000| Complete 
| 224|0x00000000ee000000, 0x00000000ee100000, 0x00000000ee100000|100%| S|CS|TAMS 0x00000000ee000000, 0x00000000ee000000| Complete 
| 225|0x00000000ee100000, 0x00000000ee200000, 0x00000000ee200000|100%| S|CS|TAMS 0x00000000ee100000, 0x00000000ee100000| Complete 
| 226|0x00000000ee200000, 0x00000000ee300000, 0x00000000ee300000|100%| S|CS|TAMS 0x00000000ee200000, 0x00000000ee200000| Complete 
| 227|0x00000000ee300000, 0x00000000ee400000, 0x00000000ee400000|100%| S|CS|TAMS 0x00000000ee300000, 0x00000000ee300000| Complete 
| 228|0x00000000ee400000, 0x00000000ee500000, 0x00000000ee500000|100%| S|CS|TAMS 0x00000000ee400000, 0x00000000ee400000| Complete 
| 229|0x00000000ee500000, 0x00000000ee600000, 0x00000000ee600000|100%| S|CS|TAMS 0x00000000ee500000, 0x00000000ee500000| Complete 
| 230|0x00000000ee600000, 0x00000000ee700000, 0x00000000ee700000|100%| E|CS|TAMS 0x00000000ee600000, 0x00000000ee600000| Complete 
| 231|0x00000000ee700000, 0x00000000ee800000, 0x00000000ee800000|100%| E|CS|TAMS 0x00000000ee700000, 0x00000000ee700000| Complete 
| 232|0x00000000ee800000, 0x00000000ee900000, 0x00000000ee900000|100%| E|CS|TAMS 0x00000000ee800000, 0x00000000ee800000| Complete 
| 233|0x00000000ee900000, 0x00000000eea00000, 0x00000000eea00000|100%| E|CS|TAMS 0x00000000ee900000, 0x00000000ee900000| Complete 
| 234|0x00000000eea00000, 0x00000000eeb00000, 0x00000000eeb00000|100%| E|CS|TAMS 0x00000000eea00000, 0x00000000eea00000| Complete 
| 235|0x00000000eeb00000, 0x00000000eec00000, 0x00000000eec00000|100%| E|CS|TAMS 0x00000000eeb00000, 0x00000000eeb00000| Complete 
| 236|0x00000000eec00000, 0x00000000eed00000, 0x00000000eed00000|100%| E|CS|TAMS 0x00000000eec00000, 0x00000000eec00000| Complete 
| 237|0x00000000eed00000, 0x00000000eee00000, 0x00000000eee00000|100%| E|CS|TAMS 0x00000000eed00000, 0x00000000eed00000| Complete 
| 238|0x00000000eee00000, 0x00000000eef00000, 0x00000000eef00000|100%| E|CS|TAMS 0x00000000eee00000, 0x00000000eee00000| Complete 
| 239|0x00000000eef00000, 0x00000000ef000000, 0x00000000ef000000|100%| E|CS|TAMS 0x00000000eef00000, 0x00000000eef00000| Complete 
| 240|0x00000000ef000000, 0x00000000ef100000, 0x00000000ef100000|100%| E|CS|TAMS 0x00000000ef000000, 0x00000000ef000000| Complete 
| 241|0x00000000ef100000, 0x00000000ef200000, 0x00000000ef200000|100%| E|CS|TAMS 0x00000000ef100000, 0x00000000ef100000| Complete 
| 242|0x00000000ef200000, 0x00000000ef300000, 0x00000000ef300000|100%| E|CS|TAMS 0x00000000ef200000, 0x00000000ef200000| Complete 
| 243|0x00000000ef300000, 0x00000000ef400000, 0x00000000ef400000|100%| E|CS|TAMS 0x00000000ef300000, 0x00000000ef300000| Complete 
| 244|0x00000000ef400000, 0x00000000ef500000, 0x00000000ef500000|100%| E|CS|TAMS 0x00000000ef400000, 0x00000000ef400000| Complete 
| 245|0x00000000ef500000, 0x00000000ef600000, 0x00000000ef600000|100%| E|CS|TAMS 0x00000000ef500000, 0x00000000ef500000| Complete 
| 246|0x00000000ef600000, 0x00000000ef700000, 0x00000000ef700000|100%| E|CS|TAMS 0x00000000ef600000, 0x00000000ef600000| Complete 
| 247|0x00000000ef700000, 0x00000000ef800000, 0x00000000ef800000|100%| E|CS|TAMS 0x00000000ef700000, 0x00000000ef700000| Complete 
| 248|0x00000000ef800000, 0x00000000ef900000, 0x00000000ef900000|100%| E|CS|TAMS 0x00000000ef800000, 0x00000000ef800000| Complete 
| 249|0x00000000ef900000, 0x00000000efa00000, 0x00000000efa00000|100%| E|CS|TAMS 0x00000000ef900000, 0x00000000ef900000| Complete 
| 250|0x00000000efa00000, 0x00000000efb00000, 0x00000000efb00000|100%| E|CS|TAMS 0x00000000efa00000, 0x00000000efa00000| Complete 
| 251|0x00000000efb00000, 0x00000000efc00000, 0x00000000efc00000|100%| E|CS|TAMS 0x00000000efb00000, 0x00000000efb00000| Complete 
| 252|0x00000000efc00000, 0x00000000efd00000, 0x00000000efd00000|100%| E|CS|TAMS 0x00000000efc00000, 0x00000000efc00000| Complete 
| 253|0x00000000efd00000, 0x00000000efe00000, 0x00000000efe00000|100%| E|CS|TAMS 0x00000000efd00000, 0x00000000efd00000| Complete 
| 254|0x00000000efe00000, 0x00000000eff00000, 0x00000000eff00000|100%| E|CS|TAMS 0x00000000efe00000, 0x00000000efe00000| Complete 
| 255|0x00000000eff00000, 0x00000000f0000000, 0x00000000f0000000|100%| E|CS|TAMS 0x00000000eff00000, 0x00000000eff00000| Complete 

Card table byte_map: [0x00000236de370000,0x00000236de470000] _byte_map_base: 0x00000236ddc70000

Marking Bits (Prev, Next): (CMBitMap*) 0x00000236c7004168, (CMBitMap*) 0x00000236c70041a8
 Prev Bits: [0x00000236de570000, 0x00000236ded70000)
 Next Bits: [0x00000236ded70000, 0x00000236df570000)

Polling page: 0x00000236c4f60000

Metaspace:

Usage:
  Non-class:     34.08 MB capacity,    33.38 MB ( 98%) used,   615.04 KB (  2%) free+waste,   104.13 KB ( <1%) overhead. 
      Class:      5.83 MB capacity,     5.39 MB ( 92%) used,   403.36 KB (  7%) free+waste,    52.75 KB ( <1%) overhead. 
       Both:     39.92 MB capacity,    38.77 MB ( 97%) used,  1018.40 KB (  2%) free+waste,   156.88 KB ( <1%) overhead. 

Virtual space:
  Non-class space:       36.00 MB reserved,      34.25 MB ( 95%) committed 
      Class space:      248.00 MB reserved,       5.88 MB (  2%) committed 
             Both:      284.00 MB reserved,      40.13 MB ( 14%) committed 

Chunk freelists:
   Non-Class:  128 bytes
       Class:  1.13 KB
        Both:  1.25 KB

CodeHeap 'non-profiled nmethods': size=120064Kb used=2296Kb max_used=2315Kb free=117767Kb
 bounds [0x00000236d6e30000, 0x00000236d70a0000, 0x00000236de370000]
CodeHeap 'profiled nmethods': size=120000Kb used=8593Kb max_used=8598Kb free=111406Kb
 bounds [0x00000236cf900000, 0x00000236d0170000, 0x00000236d6e30000]
CodeHeap 'non-nmethods': size=5696Kb used=2246Kb max_used=2290Kb free=3450Kb
 bounds [0x00000236cf370000, 0x00000236cf5e0000, 0x00000236cf900000]
 total_blobs=5709 nmethods=3776 adapters=712
 compilation: enabled
              stopped_count=0, restarted_count=0
 full_count=0

Compilation events (10 events):
Event: 17.437 Thread 0x00000236e23e7800 3988       3       org.gradle.api.internal.project.taskfactory.DefaultTaskClassInfoStore::createTaskAction (215 bytes)
Event: 17.444 Thread 0x00000236e23e7800 nmethod 3988 0x00000236d014af90 code [0x00000236d014b620, 0x00000236d014f660]
Event: 17.444 Thread 0x00000236e23e7800 3989       3       java.util.concurrent.ConcurrentHashMap::containsKey (14 bytes)
Event: 17.444 Thread 0x00000236e23e7800 nmethod 3989 0x00000236d0150910 code [0x00000236d0150ae0, 0x00000236d0150cf0]
Event: 17.445 Thread 0x00000236e23e7800 3990       3       org.gradle.internal.reflect.MethodSet::add (50 bytes)
Event: 17.446 Thread 0x00000236e23e7800 nmethod 3990 0x00000236d0150d90 code [0x00000236d0150fe0, 0x00000236d0151960]
Event: 17.446 Thread 0x00000236e23e7800 3991       3       java.util.HashMap::getNode (148 bytes)
Event: 17.448 Thread 0x00000236e23e7800 nmethod 3991 0x00000236d0151c10 code [0x00000236d0151e60, 0x00000236d0152a10]
Event: 17.448 Thread 0x00000236e23e7800 3992       3       java.util.LinkedHashMap::get (33 bytes)
Event: 17.448 Thread 0x00000236e23e7800 nmethod 3992 0x00000236d0152d10 code [0x00000236d0152f00, 0x00000236d0153350]

GC Heap History (10 events):
Event: 8.148 GC heap before
{Heap before GC invocations=3 (full 0):
 garbage-first heap   total 262144K, used 53277K [0x00000000e0000000, 0x0000000100000000)
  region size 1024K, 43 young (44032K), 4 survivors (4096K)
 Metaspace       used 10600K, capacity 11027K, committed 11136K, reserved 264192K
  class space    used 1498K, capacity 1648K, committed 1664K, reserved 253952K
}
Event: 8.157 GC heap after
{Heap after GC invocations=4 (full 0):
 garbage-first heap   total 262144K, used 16141K [0x00000000e0000000, 0x0000000100000000)
  region size 1024K, 3 young (3072K), 3 survivors (3072K)
 Metaspace       used 10600K, capacity 11027K, committed 11136K, reserved 264192K
  class space    used 1498K, capacity 1648K, committed 1664K, reserved 253952K
}
Event: 10.193 GC heap before
{Heap before GC invocations=4 (full 0):
 garbage-first heap   total 262144K, used 70413K [0x00000000e0000000, 0x0000000100000000)
  region size 1024K, 57 young (58368K), 3 survivors (3072K)
 Metaspace       used 17295K, capacity 17956K, committed 18176K, reserved 270336K
  class space    used 2530K, capacity 2751K, committed 2816K, reserved 253952K
}
Event: 10.203 GC heap after
{Heap after GC invocations=5 (full 0):
 garbage-first heap   total 262144K, used 18348K [0x00000000e0000000, 0x0000000100000000)
  region size 1024K, 6 young (6144K), 6 survivors (6144K)
 Metaspace       used 17295K, capacity 17956K, committed 18176K, reserved 270336K
  class space    used 2530K, capacity 2751K, committed 2816K, reserved 253952K
}
Event: 11.962 GC heap before
{Heap before GC invocations=5 (full 0):
 garbage-first heap   total 262144K, used 49068K [0x00000000e0000000, 0x0000000100000000)
  region size 1024K, 37 young (37888K), 6 survivors (6144K)
 Metaspace       used 20512K, capacity 21108K, committed 21248K, reserved 272384K
  class space    used 3043K, capacity 3250K, committed 3328K, reserved 253952K
}
Event: 11.978 GC heap after
{Heap after GC invocations=6 (full 0):
 garbage-first heap   total 262144K, used 19459K [0x00000000e0000000, 0x0000000100000000)
  region size 1024K, 7 young (7168K), 7 survivors (7168K)
 Metaspace       used 20512K, capacity 21108K, committed 21248K, reserved 272384K
  class space    used 3043K, capacity 3250K, committed 3328K, reserved 253952K
}
Event: 15.226 GC heap before
{Heap before GC invocations=7 (full 0):
 garbage-first heap   total 262144K, used 101379K [0x00000000e0000000, 0x0000000100000000)
  region size 1024K, 84 young (86016K), 7 survivors (7168K)
 Metaspace       used 32412K, capacity 33250K, committed 33408K, reserved 282624K
  class space    used 4427K, capacity 4712K, committed 4736K, reserved 253952K
}
Event: 15.249 GC heap after
{Heap after GC invocations=8 (full 0):
 garbage-first heap   total 262144K, used 24618K [0x00000000e0000000, 0x0000000100000000)
  region size 1024K, 9 young (9216K), 9 survivors (9216K)
 Metaspace       used 32412K, capacity 33250K, committed 33408K, reserved 282624K
  class space    used 4427K, capacity 4712K, committed 4736K, reserved 253952K
}
Event: 15.920 GC heap before
{Heap before GC invocations=8 (full 0):
 garbage-first heap   total 262144K, used 50218K [0x00000000e0000000, 0x0000000100000000)
  region size 1024K, 35 young (35840K), 9 survivors (9216K)
 Metaspace       used 34709K, capacity 35610K, committed 35840K, reserved 284672K
  class space    used 4761K, capacity 5097K, committed 5120K, reserved 253952K
}
Event: 15.940 GC heap after
{Heap after GC invocations=9 (full 0):
 garbage-first heap   total 262144K, used 25482K [0x00000000e0000000, 0x0000000100000000)
  region size 1024K, 10 young (10240K), 10 survivors (10240K)
 Metaspace       used 34709K, capacity 35610K, committed 35840K, reserved 284672K
  class space    used 4761K, capacity 5097K, committed 5120K, reserved 253952K
}

Deoptimization events (10 events):
Event: 16.374 Thread 0x00000236e75d3800 Uncommon trap: reason=unstable_if action=reinterpret pc=0x00000236d6ef375c method=java.util.concurrent.ConcurrentHashMap.addCount(JI)V @ 34 c2
Event: 16.494 Thread 0x00000236e3d9e800 Uncommon trap: reason=unstable_if action=reinterpret pc=0x00000236d6eac244 method=java.util.jar.Manifest$FastInputStream.readLine([BII)I @ 130 c2
Event: 16.539 Thread 0x00000236e3d9e800 Uncommon trap: reason=intrinsic_or_type_checked_inlining action=make_not_entrant pc=0x00000236d703aa64 method=java.util.ArrayList.toArray([Ljava/lang/Object;)[Ljava/lang/Object; @ 36 c2
Event: 16.889 Thread 0x00000236e3d9e800 Uncommon trap: reason=unstable_if action=reinterpret pc=0x00000236d6ff5de4 method=org.objectweb.asm.Frame.execute(IILorg/objectweb/asm/Symbol;Lorg/objectweb/asm/SymbolTable;)V @ 1 c2
Event: 16.978 Thread 0x00000236e3d9e800 Uncommon trap: reason=predicate action=maybe_recompile pc=0x00000236d6fd9a1c method=java.util.Arrays.binarySearch0([Ljava/lang/Object;IILjava/lang/Object;Ljava/util/Comparator;)I @ 25 c2
Event: 17.304 Thread 0x00000236e3d9e800 Uncommon trap: reason=bimorphic_or_optimized_type_check action=maybe_recompile pc=0x00000236d6f878f0 method=java.util.AbstractCollection.addAll(Ljava/util/Collection;)Z @ 29 c2
Event: 17.444 Thread 0x00000236e3d9e800 Uncommon trap: reason=unstable_if action=reinterpret pc=0x00000236d6e92504 method=java.util.HashMap.resize()[Ljava/util/HashMap$Node; @ 203 c2
Event: 17.445 Thread 0x00000236e3d9e800 Uncommon trap: reason=unstable_if action=reinterpret pc=0x00000236d7050b9c method=java.util.HashMap.getNode(ILjava/lang/Object;)Ljava/util/HashMap$Node; @ 84 c2
Event: 17.445 Thread 0x00000236e3d9e800 Uncommon trap: reason=unstable_if action=reinterpret pc=0x00000236d7041b60 method=java.util.HashMap.getNode(ILjava/lang/Object;)Ljava/util/HashMap$Node; @ 84 c2
Event: 17.445 Thread 0x00000236e3d9e800 Uncommon trap: reason=unstable_if action=reinterpret pc=0x00000236d7017e7c method=java.util.HashMap.getNode(ILjava/lang/Object;)Ljava/util/HashMap$Node; @ 84 c2

Classes redefined (0 events):
No events

Internal exceptions (10 events):
Event: 16.703 Thread 0x00000236e3d9e800 Exception <a 'java/lang/ClassNotFoundException'{0x00000000ed862900}: io/spring/gradle/dependencymanagement/internal/dsl/StandardImportsHandlerCustomizer> (0x00000000ed862900) thrown at [t:/workspace/open/src/hotspot/share/classfile/systemDictionary.cpp, l
Event: 16.887 Thread 0x00000236e3d9e800 Exception <a 'java/lang/NoSuchMethodError'{0x00000000ed2fa0e0}: java.lang.invoke.DirectMethodHandle$Holder.invokeStatic(Ljava/lang/Object;Ljava/lang/Object;Ljava/lang/Object;Ljava/lang/Object;I)Ljava/lang/Object;> (0x00000000ed2fa0e0) thrown at [t:/worksp
Event: 16.888 Thread 0x00000236e3d9e800 Exception <a 'java/lang/NoSuchMethodError'{0x00000000ed2fe8a0}: java.lang.invoke.DirectMethodHandle$Holder.invokeSpecial(Ljava/lang/Object;Ljava/lang/Object;Ljava/lang/Object;Ljava/lang/Object;Ljava/lang/Object;I)Ljava/lang/Object;> (0x00000000ed2fe8a0) t
Event: 16.888 Thread 0x00000236e3d9e800 Exception <a 'java/lang/NoSuchMethodError'{0x00000000ed103268}: java.lang.invoke.Invokers$Holder.linkToTargetMethod(Ljava/lang/Object;Ljava/lang/Object;Ljava/lang/Object;ILjava/lang/Object;)Ljava/lang/Object;> (0x00000000ed103268) thrown at [t:/workspace/
Event: 16.954 Thread 0x00000236e3d9e800 Exception <a 'java/lang/IncompatibleClassChangeError'{0x00000000ed037180}: Found class java.lang.Object, but interface was expected> (0x00000000ed037180) thrown at [t:/workspace/open/src/hotspot/share/interpreter/linkResolver.cpp, line 843]
Event: 17.011 Thread 0x00000236e3d9e800 Exception <a 'java/lang/NoSuchMethodError'{0x00000000ed0ad528}: java.lang.invoke.DirectMethodHandle$Holder.invokeStatic(Ljava/lang/Object;Ljava/lang/Object;Ljava/lang/Object;Ljava/lang/Object;Ljava/lang/Object;)V> (0x00000000ed0ad528) thrown at [t:/worksp
Event: 17.246 Thread 0x00000236e3d9e800 Exception <a 'java/lang/NoSuchMethodError'{0x00000000ec90ada8}: java.lang.invoke.DirectMethodHandle$Holder.invokeStatic(Ljava/lang/Object;ILjava/lang/Object;Ljava/lang/Object;Ljava/lang/Object;)Ljava/lang/Object;> (0x00000000ec90ada8) thrown at [t:/worksp
Event: 17.247 Thread 0x00000236e3d9e800 Exception <a 'java/lang/NoSuchMethodError'{0x00000000ec90f348}: java.lang.invoke.DirectMethodHandle$Holder.invokeSpecial(Ljava/lang/Object;Ljava/lang/Object;ILjava/lang/Object;Ljava/lang/Object;Ljava/lang/Object;)Ljava/lang/Object;> (0x00000000ec90f348) t
Event: 17.250 Thread 0x00000236e3d9e800 Exception <a 'java/lang/NoSuchMethodError'{0x00000000ec91cf10}: java.lang.invoke.DirectMethodHandle$Holder.invokeStatic(Ljava/lang/Object;Ljava/lang/Object;ILjava/lang/Object;)Ljava/lang/Object;> (0x00000000ec91cf10) thrown at [t:/workspace/open/src/hotsp
Event: 17.251 Thread 0x00000236e3d9e800 Exception <a 'java/lang/NoSuchMethodError'{0x00000000ec920d90}: java.lang.invoke.Invokers$Holder.linkToTargetMethod(Ljava/lang/Object;ILjava/lang/Object;Ljava/lang/Object;)Ljava/lang/Object;> (0x00000000ec920d90) thrown at [t:/workspace/open/src/hotspot/s

Events (10 events):
Event: 17.451 loading class org/gradle/api/file/FileCollection
Event: 17.451 loading class org/gradle/api/file/FileCollection done
Event: 17.451 loading class org/gradle/api/tasks/SourceSet
Event: 17.451 loading class org/gradle/api/tasks/SourceSet done
Event: 17.452 loading class org/gradle/jvm/toolchain/JavaToolchainSpec
Event: 17.452 loading class org/gradle/jvm/toolchain/JavaToolchainSpec done
Event: 17.452 loading class org/gradle/jvm/toolchain/JavaToolchainService
Event: 17.452 loading class org/gradle/jvm/toolchain/JavaToolchainService done
Event: 17.452 loading class org/gradle/jvm/toolchain/internal/JavaToolchain
Event: 17.452 loading class org/gradle/jvm/toolchain/internal/JavaToolchain done


Dynamic libraries:
0x00007ff711670000 - 0x00007ff71167f000 	C:\Program Files\Java\jdk-12.0.1\bin\java.exe
0x00007fff07760000 - 0x00007fff07950000 	C:\WINDOWS\SYSTEM32\ntdll.dll
0x00007fff06830000 - 0x00007fff068e2000 	C:\WINDOWS\System32\KERNEL32.DLL
0x00007fff046d0000 - 0x00007fff04975000 	C:\WINDOWS\System32\KERNELBASE.dll
0x00007fff04ad0000 - 0x00007fff04bca000 	C:\WINDOWS\System32\ucrtbase.dll
0x00007ffeff960000 - 0x00007ffeff978000 	C:\Program Files\Java\jdk-12.0.1\bin\jli.dll
0x00007fff063b0000 - 0x00007fff06453000 	C:\WINDOWS\System32\ADVAPI32.dll
0x00007ffefcfe0000 - 0x00007ffefcff6000 	C:\Program Files\Java\jdk-12.0.1\bin\VCRUNTIME140.dll
0x00007fff05840000 - 0x00007fff058de000 	C:\WINDOWS\System32\msvcrt.dll
0x00007fff064e0000 - 0x00007fff06577000 	C:\WINDOWS\System32\sechost.dll
0x00007fff072c0000 - 0x00007fff073e0000 	C:\WINDOWS\System32\RPCRT4.dll
0x00007fff06d70000 - 0x00007fff06f04000 	C:\WINDOWS\System32\USER32.dll
0x00007fff04bd0000 - 0x00007fff04bf1000 	C:\WINDOWS\System32\win32u.dll
0x00007fff061f0000 - 0x00007fff06216000 	C:\WINDOWS\System32\GDI32.dll
0x00007fff053e0000 - 0x00007fff05576000 	C:\WINDOWS\System32\gdi32full.dll
0x00007fff049a0000 - 0x00007fff04a3e000 	C:\WINDOWS\System32\msvcp_win.dll
0x00007ffef71d0000 - 0x00007ffef7454000 	C:\WINDOWS\WinSxS\amd64_microsoft.windows.common-controls_6595b64144ccf1df_6.0.18362.1256_none_9e7e379be45e40e2\COMCTL32.dll
0x00007fff073e0000 - 0x00007fff07716000 	C:\WINDOWS\System32\combase.dll
0x00007fff04150000 - 0x00007fff0415a000 	C:\WINDOWS\SYSTEM32\VERSION.dll
0x00007fff04a40000 - 0x00007fff04ac1000 	C:\WINDOWS\System32\bcryptPrimitives.dll
0x00007fff05810000 - 0x00007fff0583e000 	C:\WINDOWS\System32\IMM32.DLL
0x00007fff04160000 - 0x00007fff04196000 	C:\WINDOWS\system32\DriverStore\FileRepository\nvfm.inf_amd64_76974c92c44bbb6b\nvinitx.dll
0x00007fff05a80000 - 0x00007fff06167000 	C:\WINDOWS\System32\Shell32.dll
0x00007fff05390000 - 0x00007fff053da000 	C:\WINDOWS\System32\cfgmgr32.dll
0x00007fff06720000 - 0x00007fff067c9000 	C:\WINDOWS\System32\shcore.dll
0x00007fff04c00000 - 0x00007fff05381000 	C:\WINDOWS\System32\windows.storage.dll
0x00007fff046a0000 - 0x00007fff046c3000 	C:\WINDOWS\System32\profapi.dll
0x00007fff04610000 - 0x00007fff0465a000 	C:\WINDOWS\System32\powrprof.dll
0x00007fff04600000 - 0x00007fff04610000 	C:\WINDOWS\System32\UMPDC.dll
0x00007fff06f10000 - 0x00007fff06f62000 	C:\WINDOWS\System32\shlwapi.dll
0x00007fff04660000 - 0x00007fff04671000 	C:\WINDOWS\System32\kernel.appcore.dll
0x00007fff04980000 - 0x00007fff04997000 	C:\WINDOWS\System32\cryptsp.dll
0x0000000059e00000 - 0x0000000059e06000 	C:\Program Files\NVIDIA Corporation\CoProcManager\_etoured.dll
0x00007ffef9da0000 - 0x00007ffef9de3000 	C:\Program Files\NVIDIA Corporation\CoProcManager\nvd3d9wrapx.dll
0x00007fff068f0000 - 0x00007fff06d60000 	C:\WINDOWS\System32\SETUPAPI.dll
0x00007fff05580000 - 0x00007fff055a6000 	C:\WINDOWS\System32\bcrypt.dll
0x00007fff031b0000 - 0x00007fff031d0000 	C:\WINDOWS\SYSTEM32\dxcore.dll
0x00007ffef9d70000 - 0x00007ffef9d9d000 	C:\Program Files\NVIDIA Corporation\CoProcManager\nvdxgiwrapx.dll
0x00007ffee9230000 - 0x00007ffee92da000 	C:\Program Files\Java\jdk-12.0.1\bin\msvcp140.dll
0x00007ffee86b0000 - 0x00007ffee9224000 	C:\Program Files\Java\jdk-12.0.1\bin\server\jvm.dll
0x00007fff06d60000 - 0x00007fff06d68000 	C:\WINDOWS\System32\PSAPI.DLL
0x00007ffee1df0000 - 0x00007ffee1df9000 	C:\WINDOWS\SYSTEM32\WSOCK32.dll
0x00007fff06f70000 - 0x00007fff06fdf000 	C:\WINDOWS\System32\WS2_32.dll
0x00007fff007d0000 - 0x00007fff007f4000 	C:\WINDOWS\SYSTEM32\WINMM.dll
0x00007fff007a0000 - 0x00007fff007cd000 	C:\WINDOWS\SYSTEM32\WINMMBASE.dll
0x00007ffef6d60000 - 0x00007ffef6d71000 	C:\Program Files\Java\jdk-12.0.1\bin\verify.dll
0x00007fff02f30000 - 0x00007fff03124000 	C:\WINDOWS\SYSTEM32\DBGHELP.DLL
0x00007ffef0f00000 - 0x00007ffef0f2a000 	C:\WINDOWS\SYSTEM32\dbgcore.DLL
0x00007ffef6d30000 - 0x00007ffef6d56000 	C:\Program Files\Java\jdk-12.0.1\bin\java.dll
0x00007ffef6b50000 - 0x00007ffef6b67000 	C:\Program Files\Java\jdk-12.0.1\bin\zip.dll
0x00007fff00ee0000 - 0x00007fff00eea000 	C:\Program Files\Java\jdk-12.0.1\bin\jimage.dll
0x00007ffef62b0000 - 0x00007ffef62c9000 	C:\Program Files\Java\jdk-12.0.1\bin\net.dll
0x00007ffef8d10000 - 0x00007ffef8e00000 	C:\WINDOWS\SYSTEM32\WINHTTP.dll
0x00007ffef7fa0000 - 0x00007ffef8176000 	C:\WINDOWS\SYSTEM32\urlmon.dll
0x00007ffef77e0000 - 0x00007ffef7a87000 	C:\WINDOWS\SYSTEM32\iertutil.dll
0x00007fff03f30000 - 0x00007fff03f3c000 	C:\WINDOWS\SYSTEM32\CRYPTBASE.DLL
0x00007fff03db0000 - 0x00007fff03e17000 	C:\WINDOWS\system32\mswsock.dll
0x00007ffef6290000 - 0x00007ffef62a3000 	C:\Program Files\Java\jdk-12.0.1\bin\nio.dll
0x00007fff00ef0000 - 0x00007fff00f17000 	C:\Gradle\gradle-5.5\native\fdc75f09e3144964f2cf3f50f0aa648679c211496f362492102eb8c894070792\windows-amd64\native-platform.dll
0x00007ffee92e0000 - 0x00007ffee9476000 	C:\Gradle\gradle-5.5\native\12488b8bf47d2d4c9fbf2f6322a914ad602e24e48041cd04a747c6da556b65c4\windows-amd64\native-platform-file-events.dll
0x00007ffeff010000 - 0x00007ffeff019000 	C:\Program Files\Java\jdk-12.0.1\bin\management.dll
0x00007ffefef70000 - 0x00007ffefef7c000 	C:\Program Files\Java\jdk-12.0.1\bin\management_ext.dll
0x00007fff038d0000 - 0x00007fff03903000 	C:\WINDOWS\system32\rsaenh.dll
0x00007fff04520000 - 0x00007fff04545000 	C:\WINDOWS\SYSTEM32\USERENV.dll
0x00007fff03a70000 - 0x00007fff03aaa000 	C:\WINDOWS\SYSTEM32\IPHLPAPI.DLL
0x00007fff06460000 - 0x00007fff06468000 	C:\WINDOWS\System32\NSI.dll
0x00007ffefa500000 - 0x00007ffefa516000 	C:\WINDOWS\SYSTEM32\dhcpcsvc6.DLL
0x00007ffefa4e0000 - 0x00007ffefa4fc000 	C:\WINDOWS\SYSTEM32\dhcpcsvc.DLL
0x00007fff03ab0000 - 0x00007fff03b7b000 	C:\WINDOWS\SYSTEM32\DNSAPI.dll
0x00007ffefae00000 - 0x00007ffefae0b000 	C:\WINDOWS\SYSTEM32\WINNSI.DLL

dbghelp: loaded successfully - version: 4.0.5 - missing functions: none
symbol engine: initialized successfully - sym options: 0x614 - pdb path: .;C:\Program Files\Java\jdk-12.0.1\bin;C:\WINDOWS\SYSTEM32;C:\WINDOWS\WinSxS\amd64_microsoft.windows.common-controls_6595b64144ccf1df_6.0.18362.1256_none_9e7e379be45e40e2;C:\WINDOWS\system32\DriverStore\FileRepository\nvfm.inf_amd64_76974c92c44bbb6b;C:\Program Files\NVIDIA Corporation\CoProcManager;C:\Program Files\Java\jdk-12.0.1\bin\server;C:\Gradle\gradle-5.5\native\fdc75f09e3144964f2cf3f50f0aa648679c211496f362492102eb8c894070792\windows-amd64;C:\Gradle\gradle-5.5\native\12488b8bf47d2d4c9fbf2f6322a914ad602e24e48041cd04a747c6da556b65c4\windows-amd64

VM Arguments:
jvm_args: --add-opens=java.base/java.util=ALL-UNNAMED --add-opens=java.base/java.lang=ALL-UNNAMED --add-opens=java.base/java.lang.invoke=ALL-UNNAMED --add-opens=java.prefs/java.util.prefs=ALL-UNNAMED -XX:MaxMetaspaceSize=256m -XX:+HeapDumpOnOutOfMemoryError -Xms256m -Xmx512m -Dfile.encoding=windows-1251 -Duser.country=RU -Duser.language=ru -Duser.variant 
java_command: org.gradle.launcher.daemon.bootstrap.GradleDaemon 6.7.1
java_class_path (initial): C:\Gradle\gradle-5.5\wrapper\dists\gradle-6.7.1-bin\bwlcbys1h7rz3272sye1xwiv6\gradle-6.7.1\lib\gradle-launcher-6.7.1.jar
Launcher Type: SUN_STANDARD

[Global flags]
     intx CICompilerCount                          = 3                                         {product} {ergonomic}
   size_t CompressedClassSpaceSize                 = 260046848                                 {product} {ergonomic}
     uint ConcGCThreads                            = 1                                         {product} {ergonomic}
     uint G1ConcRefinementThreads                  = 4                                         {product} {ergonomic}
   size_t G1HeapRegionSize                         = 1048576                                   {product} {ergonomic}
    uintx GCDrainStackTargetSize                   = 64                                        {product} {ergonomic}
     bool HeapDumpOnOutOfMemoryError               = true                                   {manageable} {command line}
   size_t InitialHeapSize                          = 268435456                                 {product} {command line}
   size_t MarkStackSize                            = 4194304                                   {product} {ergonomic}
   size_t MaxHeapSize                              = 536870912                                 {product} {command line}
   size_t MaxMetaspaceSize                         = 268435456                                 {product} {command line}
   size_t MaxNewSize                               = 321912832                                 {product} {ergonomic}
   size_t MinHeapDeltaBytes                        = 1048576                                   {product} {ergonomic}
    uintx NonNMethodCodeHeapSize                   = 5830732                                {pd product} {ergonomic}
    uintx NonProfiledCodeHeapSize                  = 122913754                              {pd product} {ergonomic}
    uintx ProfiledCodeHeapSize                     = 122913754                              {pd product} {ergonomic}
    uintx ReservedCodeCacheSize                    = 251658240                              {pd product} {ergonomic}
     bool SegmentedCodeCache                       = true                                      {product} {ergonomic}
     bool UseCompressedClassPointers               = true                                 {lp64_product} {ergonomic}
     bool UseCompressedOops                        = true                                 {lp64_product} {ergonomic}
     bool UseG1GC                                  = true                                      {product} {ergonomic}
     bool UseLargePagesIndividualAllocation        = false                                  {pd product} {ergonomic}

Logging:
Log output configuration:
 #0: stdout all=warning uptime,level,tags
 #1: stderr all=off uptime,level,tags

Environment Variables:
JAVA_HOME=C:\Program Files\Java\jdk-12.0.1
PATH=C:\ProgramData\DockerDesktop\version-bin;C:\Program Files\Docker\Docker\Resources\bin;C:\WINDOWS\system32;C:\WINDOWS;C:\WINDOWS\System32\Wbem;C:\WINDOWS\System32\WindowsPowerShell\v1.0\;C:\WINDOWS\System32\OpenSSH\;C:\Program Files\Git\cmd;C:\Gradle\gradle-5.5\bin;C:\Go\bin;C:\Program Files\MySQL\MySQL Shell 8.0\bin\;C:\Users\Diana\AppData\Local\Microsoft\WindowsApps;;C:\Program Files\JetBrains\IntelliJ IDEA Community Edition 2019.1.3\bin;;C:\Users\Diana\go\bin;C:\Users\Diana\AppData\Local\Programs\Microsoft VS Code\bin
USERNAME=Diana
OS=Windows_NT
PROCESSOR_IDENTIFIER=Intel64 Family 6 Model 42 Stepping 7, GenuineIntel



---------------  S Y S T E M  ---------------

OS: Windows 10 , 64 bit Build 18362 (10.0.18362.1110)

CPU:total 4 (initial active 4) (2 cores per cpu, 2 threads per core) family 6 model 42 stepping 7, cmov, cx8, fxsr, mmx, sse, sse2, sse3, ssse3, sse4.1, sse4.2, popcnt, avx, clmul, ht, tsc, tscinvbit

Memory: 4k page, system-wide physical 8048M (901M free)
TotalPageFile size 8848M (AvailPageFile size 7M)
current process WorkingSet (physical memory assigned to process): 274M, peak: 276M
current process commit charge ("private bytes"): 448M, peak: 451M

vm_info: Java HotSpot(TM) 64-Bit Server VM (12.0.1+12) for windows-amd64 JRE (12.0.1+12), built on Apr  2 2019 14:02:19 by "mach5one" with MS VC++ 15.5 (VS2017)

END.
