#
# There is insufficient memory for the Java Runtime Environment to continue.
# Native memory allocation (malloc) failed to allocate 910256 bytes for Chunk::new
# Possible reasons:
#   The system is out of physical RAM or swap space
#   The process is running with CompressedOops enabled, and the Java Heap may be blocking the growth of the native heap
# Possible solutions:
#   Reduce memory load on the system
#   Increase physical memory or swap space
#   Check if swap backing store is full
#   Decrease Java heap size (-Xmx/-Xms)
#   Decrease number of Java threads
#   Decrease Java thread stack sizes (-Xss)
#   Set larger code cache with -XX:ReservedCodeCacheSize=
#   JVM is running with Unscaled Compressed Oops mode in which the Java heap is
#     placed in the first 4GB address space. The Java Heap base address is the
#     maximum limit for the native heap growth. Please use -XX:HeapBaseMinAddress
#     to set the Java Heap base and to place the Java Heap above 4GB virtual address.
# This output file may be truncated or incomplete.
#
#  Out of Memory Error (t:/workspace/open/src/hotspot/share/memory/arena.cpp:197), pid=8300, tid=10668
#
# JRE version: Java(TM) SE Runtime Environment (12.0.1+12) (build 12.0.1+12)
# Java VM: Java HotSpot(TM) 64-Bit Server VM (12.0.1+12, mixed mode, sharing, tiered, compressed oops, g1 gc, windows-amd64)
# No core dump will be written. Minidumps are not enabled by default on client versions of Windows
#

---------------  S U M M A R Y ------------

Command Line: -Dorg.gradle.native=false -Xmx512m -Dfile.encoding=windows-1251 -Duser.country=RU -Duser.language=ru -Duser.variant -ea worker.org.gradle.process.internal.worker.GradleWorkerMain 'Gradle Test Executor 1'

Host: Intel(R) Core(TM) i3-2328M CPU @ 2.20GHz, 4 cores, 7G,  Windows 10 , 64 bit Build 18362 (10.0.18362.1110)
Time: Mon Jan  4 19:37:53 2021 Oeieyiaey (ceia) elapsed time: 30 seconds (0d 0h 0m 30s)

---------------  T H R E A D  ---------------

Current thread (0x0000026c83310800):  JavaThread "C2 CompilerThread0" daemon [_thread_in_native, id=10668, stack(0x00000085f5b00000,0x00000085f5c00000)]


Current CompileTask:
C2:  30903 4050   !   4       jdk.internal.loader.BuiltinClassLoader::findClassOnClassPathOrNull (64 bytes)

Stack: [0x00000085f5b00000,0x00000085f5c00000]
Native frames: (J=compiled Java code, j=interpreted, Vv=VM code, C=native code)
V  [jvm.dll+0x63948a]
V  [jvm.dll+0x78b31f]
V  [jvm.dll+0x78c9c1]
V  [jvm.dll+0x78d013]
V  [jvm.dll+0x262138]
V  [jvm.dll+0xc582c]
V  [jvm.dll+0xc5dac]
V  [jvm.dll+0x2d3854]
V  [jvm.dll+0x55596d]
V  [jvm.dll+0x21dba7]
V  [jvm.dll+0x21b0e6]
V  [jvm.dll+0x199890]
V  [jvm.dll+0x22a534]
V  [jvm.dll+0x228b88]
V  [jvm.dll+0x74f660]
V  [jvm.dll+0x748648]
V  [jvm.dll+0x638566]
C  [ucrtbase.dll+0x210b2]
C  [KERNEL32.DLL+0x17c24]
C  [ntdll.dll+0x6d4d1]


---------------  P R O C E S S  ---------------

Threads class SMR info:
_java_thread_list=0x0000026c835afbd0, length=23, elements={
0x0000026ce7e2b800, 0x0000026c829e3800, 0x0000026c829e6800, 0x0000026c829fd000,
0x0000026c829fe000, 0x0000026c83310800, 0x0000026c83313800, 0x0000026c83314800,
0x0000026c83469000, 0x0000026c83477800, 0x0000026c8367f000, 0x0000026c8367e800,
0x0000026c83682800, 0x0000026c83680000, 0x0000026c83683800, 0x0000026c8367d800,
0x0000026c83681800, 0x0000026c83684000, 0x0000026c8606f000, 0x0000026c86072000,
0x0000026c8606c800, 0x0000026c8606d800, 0x0000026c86073000
}

Java Threads: ( => current thread )
  0x0000026ce7e2b800 JavaThread "main" [_thread_blocked, id=5280, stack(0x00000085f5000000,0x00000085f5100000)]
  0x0000026c829e3800 JavaThread "Reference Handler" daemon [_thread_blocked, id=8428, stack(0x00000085f5700000,0x00000085f5800000)]
  0x0000026c829e6800 JavaThread "Finalizer" daemon [_thread_blocked, id=8740, stack(0x00000085f5800000,0x00000085f5900000)]
  0x0000026c829fd000 JavaThread "Signal Dispatcher" daemon [_thread_blocked, id=10876, stack(0x00000085f5900000,0x00000085f5a00000)]
  0x0000026c829fe000 JavaThread "Attach Listener" daemon [_thread_blocked, id=10796, stack(0x00000085f5a00000,0x00000085f5b00000)]
=>0x0000026c83310800 JavaThread "C2 CompilerThread0" daemon [_thread_in_native, id=10668, stack(0x00000085f5b00000,0x00000085f5c00000)]
  0x0000026c83313800 JavaThread "C1 CompilerThread0" daemon [_thread_blocked, id=9316, stack(0x00000085f5c00000,0x00000085f5d00000)]
  0x0000026c83314800 JavaThread "Sweeper thread" daemon [_thread_blocked, id=9608, stack(0x00000085f5d00000,0x00000085f5e00000)]
  0x0000026c83469000 JavaThread "Service Thread" daemon [_thread_blocked, id=4600, stack(0x00000085f5e00000,0x00000085f5f00000)]
  0x0000026c83477800 JavaThread "Common-Cleaner" daemon [_thread_blocked, id=5984, stack(0x00000085f6000000,0x00000085f6100000)]
  0x0000026c8367f000 JavaThread "Test worker" [_thread_in_native, id=3872, stack(0x00000085f6400000,0x00000085f6500000)]
  0x0000026c8367e800 JavaThread "/127.0.0.1:54866 to /127.0.0.1:54861 workers Thread 2" [_thread_blocked, id=10132, stack(0x00000085f6500000,0x00000085f6600000)]
  0x0000026c83682800 JavaThread "/127.0.0.1:54866 to /127.0.0.1:54861 workers Thread 3" [_thread_in_native, id=5488, stack(0x00000085f6600000,0x00000085f6700000)]
  0x0000026c83680000 JavaThread "Thread-4" daemon [_thread_in_native, id=10816, stack(0x00000085f6800000,0x00000085f6900000)]
  0x0000026c83683800 JavaThread "Thread-5" daemon [_thread_in_native, id=10428, stack(0x00000085f6900000,0x00000085f6a00000)]
  0x0000026c8367d800 JavaThread "cluster-ClusterId{value='5ff3526d9a16d92834739f7e', description='null'}-localhost:54898" daemon [_thread_blocked, id=2732, stack(0x00000085f6a00000,0x00000085f6b00000)]
  0x0000026c83681800 JavaThread "cluster-rtt-ClusterId{value='5ff3526d9a16d92834739f7e', description='null'}-localhost:54898" daemon [_thread_blocked, id=1612, stack(0x00000085f6b00000,0x00000085f6c00000)]
  0x0000026c83684000 JavaThread "boundedElastic-evictor-1" daemon [_thread_blocked, id=2604, stack(0x00000085f6d00000,0x00000085f6e00000)]
  0x0000026c8606f000 JavaThread "boundedElastic-evictor-2" daemon [_thread_blocked, id=10488, stack(0x00000085f6e00000,0x00000085f6f00000)]
  0x0000026c86072000 JavaThread "nioEventLoopGroup-2-1" [_thread_in_native, id=4132, stack(0x00000085f6f00000,0x00000085f7000000)]
  0x0000026c8606c800 JavaThread "nioEventLoopGroup-2-2" [_thread_in_native, id=3860, stack(0x00000085f7000000,0x00000085f7100000)]
  0x0000026c8606d800 JavaThread "boundedElastic-evictor-3" daemon [_thread_blocked, id=10716, stack(0x00000085f7100000,0x00000085f7200000)]
  0x0000026c86073000 JavaThread "boundedElastic-evictor-4" daemon [_thread_blocked, id=10764, stack(0x00000085f4d00000,0x00000085f4e00000)]

Other Threads:
  0x0000026c829e0000 VMThread "VM Thread" [stack: 0x00000085f5600000,0x00000085f5700000] [id=6692]
  0x0000026c83474800 WatcherThread [stack: 0x00000085f5f00000,0x00000085f6000000] [id=2716]
  0x0000026ce7e4d800 GCTaskThread "GC Thread#0" [stack: 0x00000085f5100000,0x00000085f5200000] [id=10552]
  0x0000026c83c4b000 GCTaskThread "GC Thread#1" [stack: 0x00000085f6200000,0x00000085f6300000] [id=9720]
  0x0000026c83c4b800 GCTaskThread "GC Thread#2" [stack: 0x00000085f6300000,0x00000085f6400000] [id=1524]
  0x0000026c83df9000 GCTaskThread "GC Thread#3" [stack: 0x00000085f6700000,0x00000085f6800000] [id=10108]
  0x0000026ce7e52000 ConcurrentGCThread "G1 Main Marker" [stack: 0x00000085f5200000,0x00000085f5300000] [id=8120]
  0x0000026ce7e54800 ConcurrentGCThread "G1 Conc#0" [stack: 0x00000085f5300000,0x00000085f5400000] [id=9672]
  0x0000026c8285a800 ConcurrentGCThread "G1 Refine#0" [stack: 0x00000085f5400000,0x00000085f5500000] [id=4932]
  0x0000026c8285b000 ConcurrentGCThread "G1 Young RemSet Sampling" [stack: 0x00000085f5500000,0x00000085f5600000] [id=11096]

Threads with active compile tasks:
C2 CompilerThread0  4050   !   4       jdk.internal.loader.BuiltinClassLoader::findClassOnClassPathOrNull (64 bytes)

VM state:not at safepoint (normal execution)

VM Mutex/Monitor currently owned by a thread: None

Heap address: 0x00000000e0000000, size: 512 MB, Compressed Oops mode: 32-bit
Narrow klass base: 0x0000000800000000, Narrow klass shift: 3
Compressed class space size: 1073741824 Address: 0x00000008011a0000

Heap:
 garbage-first heap   total 40960K, used 27757K [0x00000000e0000000, 0x0000000100000000)
  region size 1024K, 9 young (9216K), 2 survivors (2048K)
 Metaspace       used 39604K, capacity 41110K, committed 41344K, reserved 1085440K
  class space    used 5422K, capacity 5992K, committed 6016K, reserved 1048576K
Heap Regions: E=young(eden), S=young(survivor), O=old, HS=humongous(starts), HC=humongous(continues), CS=collection set, F=free, A=archive, TAMS=top-at-mark-start (previous, next)
|   0|0x00000000e0000000, 0x00000000e0100000, 0x00000000e0100000|100%| O|  |TAMS 0x00000000e0100000, 0x00000000e0000000| Untracked 
|   1|0x00000000e0100000, 0x00000000e0200000, 0x00000000e0200000|100%| O|  |TAMS 0x00000000e0200000, 0x00000000e0100000| Untracked 
|   2|0x00000000e0200000, 0x00000000e0300000, 0x00000000e0300000|100%| O|  |TAMS 0x00000000e0300000, 0x00000000e0200000| Untracked 
|   3|0x00000000e0300000, 0x00000000e0400000, 0x00000000e0400000|100%| O|  |TAMS 0x00000000e0400000, 0x00000000e0300000| Untracked 
|   4|0x00000000e0400000, 0x00000000e0500000, 0x00000000e0500000|100%| O|  |TAMS 0x00000000e0500000, 0x00000000e0400000| Untracked 
|   5|0x00000000e0500000, 0x00000000e0600000, 0x00000000e0600000|100%| O|  |TAMS 0x00000000e0600000, 0x00000000e0500000| Untracked 
|   6|0x00000000e0600000, 0x00000000e067c000, 0x00000000e0700000| 48%| O|  |TAMS 0x00000000e067c000, 0x00000000e0600000| Untracked 
|   7|0x00000000e0700000, 0x00000000e0800000, 0x00000000e0800000|100%| O|  |TAMS 0x00000000e0800000, 0x00000000e0700000| Untracked 
|   8|0x00000000e0800000, 0x00000000e0900000, 0x00000000e0900000|100%| O|  |TAMS 0x00000000e0900000, 0x00000000e0800000| Untracked 
|   9|0x00000000e0900000, 0x00000000e0a00000, 0x00000000e0a00000|100%| O|  |TAMS 0x00000000e0a00000, 0x00000000e0900000| Untracked 
|  10|0x00000000e0a00000, 0x00000000e0b00000, 0x00000000e0b00000|100%| O|  |TAMS 0x00000000e0b00000, 0x00000000e0a00000| Untracked 
|  11|0x00000000e0b00000, 0x00000000e0c00000, 0x00000000e0c00000|100%| O|  |TAMS 0x00000000e0c00000, 0x00000000e0b00000| Untracked 
|  12|0x00000000e0c00000, 0x00000000e0d00000, 0x00000000e0d00000|100%| O|  |TAMS 0x00000000e0d00000, 0x00000000e0c00000| Untracked 
|  13|0x00000000e0d00000, 0x00000000e0e00000, 0x00000000e0e00000|100%| O|  |TAMS 0x00000000e0e00000, 0x00000000e0d00000| Untracked 
|  14|0x00000000e0e00000, 0x00000000e0f00000, 0x00000000e0f00000|100%| O|  |TAMS 0x00000000e0f00000, 0x00000000e0e00000| Untracked 
|  15|0x00000000e0f00000, 0x00000000e1000000, 0x00000000e1000000|100%| O|  |TAMS 0x00000000e1000000, 0x00000000e0f00000| Untracked 
|  16|0x00000000e1000000, 0x00000000e1100000, 0x00000000e1100000|100%| O|  |TAMS 0x00000000e1100000, 0x00000000e1000000| Untracked 
|  17|0x00000000e1100000, 0x00000000e1200000, 0x00000000e1200000|100%| O|  |TAMS 0x00000000e1200000, 0x00000000e1100000| Untracked 
|  18|0x00000000e1200000, 0x00000000e1300000, 0x00000000e1300000|100%| O|  |TAMS 0x00000000e1263a00, 0x00000000e1200000| Untracked 
|  19|0x00000000e1300000, 0x00000000e13fcc00, 0x00000000e1400000| 98%| O|  |TAMS 0x00000000e1300000, 0x00000000e1300000| Untracked 
|  20|0x00000000e1400000, 0x00000000e1400000, 0x00000000e1500000|  0%| F|  |TAMS 0x00000000e1400000, 0x00000000e1400000| Untracked 
|  21|0x00000000e1500000, 0x00000000e1500000, 0x00000000e1600000|  0%| F|  |TAMS 0x00000000e1500000, 0x00000000e1500000| Untracked 
|  22|0x00000000e1600000, 0x00000000e1600000, 0x00000000e1700000|  0%| F|  |TAMS 0x00000000e1600000, 0x00000000e1600000| Untracked 
|  23|0x00000000e1700000, 0x00000000e1700000, 0x00000000e1800000|  0%| F|  |TAMS 0x00000000e1700000, 0x00000000e1700000| Untracked 
|  24|0x00000000e1800000, 0x00000000e1800000, 0x00000000e1900000|  0%| F|  |TAMS 0x00000000e1800000, 0x00000000e1800000| Untracked 
|  25|0x00000000e1900000, 0x00000000e1900000, 0x00000000e1a00000|  0%| F|  |TAMS 0x00000000e1900000, 0x00000000e1900000| Untracked 
|  26|0x00000000e1a00000, 0x00000000e1aa2a28, 0x00000000e1b00000| 63%| S|CS|TAMS 0x00000000e1a00000, 0x00000000e1a00000| Complete 
|  27|0x00000000e1b00000, 0x00000000e1b00000, 0x00000000e1c00000|  0%| F|  |TAMS 0x00000000e1b00000, 0x00000000e1b00000| Untracked 
|  28|0x00000000e1c00000, 0x00000000e1c00000, 0x00000000e1d00000|  0%| F|  |TAMS 0x00000000e1c00000, 0x00000000e1c00000| Untracked 
|  29|0x00000000e1d00000, 0x00000000e1e00000, 0x00000000e1e00000|100%| S|CS|TAMS 0x00000000e1d00000, 0x00000000e1d00000| Complete 
|  30|0x00000000e1e00000, 0x00000000e1e00000, 0x00000000e1f00000|  0%| F|  |TAMS 0x00000000e1e00000, 0x00000000e1e00000| Untracked 
|  31|0x00000000e1f00000, 0x00000000e1f00000, 0x00000000e2000000|  0%| F|  |TAMS 0x00000000e1f00000, 0x00000000e1f00000| Untracked 
|  32|0x00000000e2000000, 0x00000000e2000000, 0x00000000e2100000|  0%| F|  |TAMS 0x00000000e2000000, 0x00000000e2000000| Untracked 
|  33|0x00000000e2100000, 0x00000000e21ef6b8, 0x00000000e2200000| 93%| E|  |TAMS 0x00000000e2100000, 0x00000000e2100000| Complete 
|  34|0x00000000e2200000, 0x00000000e2300000, 0x00000000e2300000|100%| E|CS|TAMS 0x00000000e2200000, 0x00000000e2200000| Complete 
|  92|0x00000000e5c00000, 0x00000000e5d00000, 0x00000000e5d00000|100%| E|CS|TAMS 0x00000000e5c00000, 0x00000000e5c00000| Complete 
|  93|0x00000000e5d00000, 0x00000000e5e00000, 0x00000000e5e00000|100%| E|CS|TAMS 0x00000000e5d00000, 0x00000000e5d00000| Complete 
|  94|0x00000000e5e00000, 0x00000000e5f00000, 0x00000000e5f00000|100%| E|CS|TAMS 0x00000000e5e00000, 0x00000000e5e00000| Complete 
|  95|0x00000000e5f00000, 0x00000000e6000000, 0x00000000e6000000|100%| E|CS|TAMS 0x00000000e5f00000, 0x00000000e5f00000| Complete 
| 125|0x00000000e7d00000, 0x00000000e7e00000, 0x00000000e7e00000|100%| E|CS|TAMS 0x00000000e7d00000, 0x00000000e7d00000| Complete 

Card table byte_map: [0x0000026cff1b0000,0x0000026cff2b0000] _byte_map_base: 0x0000026cfeab0000

Marking Bits (Prev, Next): (CMBitMap*) 0x0000026ce7e4e778, (CMBitMap*) 0x0000026ce7e4e738
 Prev Bits: [0x0000026c80000000, 0x0000026c80800000)
 Next Bits: [0x0000026cff3b0000, 0x0000026cffbb0000)

Polling page: 0x0000026ce5d70000

Metaspace:

Usage:
  Non-class:     34.29 MB capacity,    33.38 MB ( 97%) used,   761.31 KB (  2%) free+waste,   174.56 KB ( <1%) overhead. 
      Class:      5.85 MB capacity,     5.30 MB ( 91%) used,   481.23 KB (  8%) free+waste,    88.00 KB (  1%) overhead. 
       Both:     40.15 MB capacity,    38.68 MB ( 96%) used,     1.21 MB (  3%) free+waste,   262.56 KB ( <1%) overhead. 

Virtual space:
  Non-class space:       36.00 MB reserved,      34.50 MB ( 96%) committed 
      Class space:        1.00 GB reserved,       5.88 MB ( <1%) committed 
             Both:        1.04 GB reserved,      40.38 MB (  4%) committed 

Chunk freelists:
   Non-Class:  2.25 KB
       Class:  3.00 KB
        Both:  5.25 KB

CodeHeap 'non-profiled nmethods': size=120064Kb used=2198Kb max_used=2198Kb free=117865Kb
 bounds [0x0000026cf7c70000, 0x0000026cf7ee0000, 0x0000026cff1b0000]
CodeHeap 'profiled nmethods': size=120000Kb used=9472Kb max_used=9472Kb free=110527Kb
 bounds [0x0000026cf0740000, 0x0000026cf1090000, 0x0000026cf7c70000]
CodeHeap 'non-nmethods': size=5696Kb used=1191Kb max_used=1224Kb free=4504Kb
 bounds [0x0000026cf01b0000, 0x0000026cf0420000, 0x0000026cf0740000]
 total_blobs=5559 nmethods=3958 adapters=441
 compilation: enabled
              stopped_count=0, restarted_count=0
 full_count=0

Compilation events (10 events):
Event: 30.741 Thread 0x0000026c83313800 nmethod 4048 0x0000026cf107f390 code [0x0000026cf107f5c0, 0x0000026cf107ff30]
Event: 30.745 Thread 0x0000026c83313800 4049       1       org.springframework.core.annotation.AnnotationTypeMapping::getSource (5 bytes)
Event: 30.745 Thread 0x0000026c83313800 nmethod 4049 0x0000026cf7e95190 code [0x0000026cf7e95340, 0x0000026cf7e95478]
Event: 30.747 Thread 0x0000026c83310800 4050   !   4       jdk.internal.loader.BuiltinClassLoader::findClassOnClassPathOrNull (64 bytes)
Event: 30.747 Thread 0x0000026c83313800 4051       3       java.lang.Class::isLocalOrAnonymousClass (5 bytes)
Event: 30.748 Thread 0x0000026c83313800 nmethod 4051 0x0000026cf1080210 code [0x0000026cf10803e0, 0x0000026cf1080660]
Event: 30.748 Thread 0x0000026c83313800 4052       3       java.lang.Class::hasEnclosingMethodInfo (17 bytes)
Event: 30.748 Thread 0x0000026c83313800 nmethod 4052 0x0000026cf1080790 code [0x0000026cf1080960, 0x0000026cf1080b80]
Event: 30.801 Thread 0x0000026c83313800 4057       3       java.util.LinkedHashMap::get (33 bytes)
Event: 30.802 Thread 0x0000026c83313800 nmethod 4057 0x0000026cf1080c10 code [0x0000026cf1080e00, 0x0000026cf10812d0]

GC Heap History (10 events):
Event: 28.740 GC heap before
{Heap before GC invocations=15 (full 0):
 garbage-first heap   total 40960K, used 29673K [0x00000000e0000000, 0x0000000100000000)
  region size 1024K, 14 young (14336K), 2 survivors (2048K)
 Metaspace       used 35311K, capacity 36664K, committed 36992K, reserved 1081344K
  class space    used 4844K, capacity 5384K, committed 5504K, reserved 1048576K
}
Event: 28.747 GC heap after
{Heap after GC invocations=16 (full 0):
 garbage-first heap   total 40960K, used 18349K [0x00000000e0000000, 0x0000000100000000)
  region size 1024K, 2 young (2048K), 2 survivors (2048K)
 Metaspace       used 35311K, capacity 36664K, committed 36992K, reserved 1081344K
  class space    used 4844K, capacity 5384K, committed 5504K, reserved 1048576K
}
Event: 29.168 GC heap before
{Heap before GC invocations=16 (full 0):
 garbage-first heap   total 40960K, used 29613K [0x00000000e0000000, 0x0000000100000000)
  region size 1024K, 13 young (13312K), 2 survivors (2048K)
 Metaspace       used 36074K, capacity 37496K, committed 37760K, reserved 1081344K
  class space    used 4930K, capacity 5468K, committed 5504K, reserved 1048576K
}
Event: 29.173 GC heap after
{Heap after GC invocations=17 (full 0):
 garbage-first heap   total 40960K, used 19294K [0x00000000e0000000, 0x0000000100000000)
  region size 1024K, 2 young (2048K), 2 survivors (2048K)
 Metaspace       used 36074K, capacity 37496K, committed 37760K, reserved 1081344K
  class space    used 4930K, capacity 5468K, committed 5504K, reserved 1048576K
}
Event: 29.545 GC heap before
{Heap before GC invocations=17 (full 0):
 garbage-first heap   total 40960K, used 30558K [0x00000000e0000000, 0x0000000100000000)
  region size 1024K, 13 young (13312K), 2 survivors (2048K)
 Metaspace       used 37256K, capacity 38749K, committed 39040K, reserved 1083392K
  class space    used 5082K, capacity 5655K, committed 5760K, reserved 1048576K
}
Event: 29.551 GC heap after
{Heap after GC invocations=18 (full 0):
 garbage-first heap   total 40960K, used 20000K [0x00000000e0000000, 0x0000000100000000)
  region size 1024K, 2 young (2048K), 2 survivors (2048K)
 Metaspace       used 37256K, capacity 38749K, committed 39040K, reserved 1083392K
  class space    used 5082K, capacity 5655K, committed 5760K, reserved 1048576K
}
Event: 29.873 GC heap before
{Heap before GC invocations=18 (full 0):
 garbage-first heap   total 40960K, used 31264K [0x00000000e0000000, 0x0000000100000000)
  region size 1024K, 13 young (13312K), 2 survivors (2048K)
 Metaspace       used 38549K, capacity 40025K, committed 40192K, reserved 1083392K
  class space    used 5262K, capacity 5825K, committed 5888K, reserved 1048576K
}
Event: 29.880 GC heap after
{Heap after GC invocations=19 (full 0):
 garbage-first heap   total 40960K, used 20664K [0x00000000e0000000, 0x0000000100000000)
  region size 1024K, 2 young (2048K), 2 survivors (2048K)
 Metaspace       used 38549K, capacity 40025K, committed 40192K, reserved 1083392K
  class space    used 5262K, capacity 5825K, committed 5888K, reserved 1048576K
}
Event: 30.443 GC heap before
{Heap before GC invocations=20 (full 0):
 garbage-first heap   total 40960K, used 30904K [0x00000000e0000000, 0x0000000100000000)
  region size 1024K, 12 young (12288K), 2 survivors (2048K)
 Metaspace       used 39000K, capacity 40448K, committed 40576K, reserved 1083392K
  class space    used 5319K, capacity 5900K, committed 6016K, reserved 1048576K
}
Event: 30.449 GC heap after
{Heap after GC invocations=21 (full 0):
 garbage-first heap   total 40960K, used 21613K [0x00000000e0000000, 0x0000000100000000)
  region size 1024K, 2 young (2048K), 2 survivors (2048K)
 Metaspace       used 39000K, capacity 40448K, committed 40576K, reserved 1083392K
  class space    used 5319K, capacity 5900K, committed 6016K, reserved 1048576K
}

Deoptimization events (10 events):
Event: 28.975 Thread 0x0000026c8367f000 Uncommon trap: reason=profile_predicate action=maybe_recompile pc=0x0000026cf7e419e8 method=org.springframework.boot.context.properties.source.ConfigurationPropertyName.hashCode()I @ 58 c2
Event: 29.025 Thread 0x0000026c8367f000 Uncommon trap: reason=class_check action=make_not_entrant pc=0x0000026cf7e4a6e0 method=java.util.ArrayList.toArray([Ljava/lang/Object;)[Ljava/lang/Object; @ 21 c2
Event: 29.399 Thread 0x0000026c8367f000 Uncommon trap: reason=unstable_if action=reinterpret pc=0x0000026cf7e56a90 method=java.util.StringJoiner.toString()Ljava/lang/String; @ 92 c2
Event: 29.448 Thread 0x0000026c8367f000 Uncommon trap: reason=unstable_if action=reinterpret pc=0x0000026cf7e3be00 method=org.springframework.beans.factory.support.AbstractBeanFactory.isTypeMatch(Ljava/lang/String;Lorg/springframework/core/ResolvableType;Z)Z @ 72 c2
Event: 29.539 Thread 0x0000026c8367d800 Uncommon trap: reason=unstable_if action=reinterpret pc=0x0000026cf7e28144 method=java.lang.reflect.Executable.declaredAnnotations()Ljava/util/Map; @ 19 c2
Event: 29.810 Thread 0x0000026c8367d800 Uncommon trap: reason=unstable_if action=reinterpret pc=0x0000026cf7e29928 method=java.util.ArrayDeque.addLast(Ljava/lang/Object;)V @ 42 c2
Event: 30.272 Thread 0x0000026c8367f000 Uncommon trap: reason=unstable_if action=reinterpret pc=0x0000026cf7dc7624 method=org.springframework.beans.factory.support.AbstractAutowireCapableBeanFactory.predictBeanType(Ljava/lang/String;Lorg/springframework/beans/factory/support/RootBeanDefinition;
Event: 30.512 Thread 0x0000026c8367f000 Uncommon trap: reason=class_check action=maybe_recompile pc=0x0000026cf7d2fff8 method=org.springframework.boot.context.properties.source.ConfigurationPropertyName$Elements.charAt(II)C @ 43 c2
Event: 30.513 Thread 0x0000026c8367f000 Uncommon trap: reason=class_check action=maybe_recompile pc=0x0000026cf7d2fff8 method=org.springframework.boot.context.properties.source.ConfigurationPropertyName$Elements.charAt(II)C @ 43 c2
Event: 30.729 Thread 0x0000026c8367f000 Uncommon trap: reason=unstable_if action=reinterpret pc=0x0000026cf7d65530 method=java.util.LinkedHashMap.get(Ljava/lang/Object;)Ljava/lang/Object; @ 20 c2

Classes redefined (0 events):
No events

Internal exceptions (10 events):
Event: 30.541 Thread 0x0000026c8367f000 Exception <a 'java/lang/ClassNotFoundException'{0x00000000e5fb7698}: java/lang/ObjectCustomizer> (0x00000000e5fb7698) thrown at [t:/workspace/open/src/hotspot/share/classfile/systemDictionary.cpp, line 235]
Event: 30.543 Thread 0x0000026c8367f000 Exception <a 'java/lang/ClassNotFoundException'{0x00000000e5fd6720}: org/springframework/boot/autoconfigure/web/reactive/function/client/WebClientAutoConfiguration$WebClientCodecsConfigurationCustomizer> (0x00000000e5fd6720) thrown at [t:/workspace/open/s
Event: 30.550 Thread 0x0000026c8367f000 Exception <a 'java/lang/ClassNotFoundException'{0x00000000e5fe4188}: java/lang/ObjectCustomizer> (0x00000000e5fe4188) thrown at [t:/workspace/open/src/hotspot/share/classfile/systemDictionary.cpp, line 235]
Event: 30.552 Thread 0x0000026c8367f000 Exception <a 'java/lang/ClassNotFoundException'{0x00000000e5ffef80}: org/springframework/boot/autoconfigure/web/reactive/function/client/WebClientCodecCustomizerCustomizer> (0x00000000e5ffef80) thrown at [t:/workspace/open/src/hotspot/share/classfile/syst
Event: 30.554 Thread 0x0000026c8367f000 Exception <a 'java/lang/ClassNotFoundException'{0x00000000e5e16620}: org/springframework/boot/web/reactive/function/client/WebClientCustomizerCustomizer> (0x00000000e5e16620) thrown at [t:/workspace/open/src/hotspot/share/classfile/systemDictionary.cpp, l
Event: 30.556 Thread 0x0000026c8367f000 Exception <a 'java/lang/ClassNotFoundException'{0x00000000e5e1e160}: java/lang/ObjectCustomizer> (0x00000000e5e1e160) thrown at [t:/workspace/open/src/hotspot/share/classfile/systemDictionary.cpp, line 235]
Event: 30.558 Thread 0x0000026c8367f000 Exception <a 'java/lang/ClassNotFoundException'{0x00000000e5e39020}: org/springframework/boot/autoconfigure/web/reactive/function/client/WebClientAutoConfigurationCustomizer> (0x00000000e5e39020) thrown at [t:/workspace/open/src/hotspot/share/classfile/sy
Event: 30.659 Thread 0x0000026c8367f000 Exception <a 'java/lang/ClassNotFoundException'{0x00000000e5d00c00}: java/lang/ObjectCustomizer> (0x00000000e5d00c00) thrown at [t:/workspace/open/src/hotspot/share/classfile/systemDictionary.cpp, line 235]
Event: 30.660 Thread 0x0000026c8367f000 Exception <a 'java/lang/ClassNotFoundException'{0x00000000e5d15d40}: com/dskushnir/testExercise/TestExerciseApplicationTestsCustomizer> (0x00000000e5d15d40) thrown at [t:/workspace/open/src/hotspot/share/classfile/systemDictionary.cpp, line 235]
Event: 30.752 Thread 0x0000026c8367f000 Exception <a 'java/lang/NoSuchMethodError'{0x00000000e5d82250}: java.lang.invoke.DirectMethodHandle$Holder.invokeSpecial(Ljava/lang/Object;Ljava/lang/Object;Ljava/lang/Object;Ljava/lang/Object;Ljava/lang/Object;I)Ljava/lang/Object;> (0x00000000e5d82250) t

Events (10 events):
Event: 30.860 loading class org/mockito/internal/util/StringUtil
Event: 30.860 loading class org/mockito/internal/util/StringUtil done
Event: 30.864 loading class net/bytebuddy/dynamic/loading/ClassInjector$UsingReflection
Event: 30.864 loading class net/bytebuddy/dynamic/loading/ClassInjector$UsingReflection done
Event: 30.873 loading class net/bytebuddy/dynamic/loading/ClassInjector$AbstractBase
Event: 30.873 loading class net/bytebuddy/dynamic/loading/ClassInjector$AbstractBase done
Event: 30.887 loading class net/bytebuddy/dynamic/loading/ClassInjector
Event: 30.887 loading class net/bytebuddy/dynamic/loading/ClassInjector done
Event: 30.889 loading class net/bytebuddy/dynamic/loading/PackageDefinitionStrategy
Event: 30.889 loading class net/bytebuddy/dynamic/loading/PackageDefinitionStrategy done


Dynamic libraries:
0x00007ff655720000 - 0x00007ff65572f000 	C:\Program Files\Java\jdk-12.0.1\bin\java.exe
0x00007ffdbdcc0000 - 0x00007ffdbdeb0000 	C:\WINDOWS\SYSTEM32\ntdll.dll
0x00007ffdbdb90000 - 0x00007ffdbdc42000 	C:\WINDOWS\System32\KERNEL32.DLL
0x00007ffdbae60000 - 0x00007ffdbb105000 	C:\WINDOWS\System32\KERNELBASE.dll
0x00007ffdbb240000 - 0x00007ffdbb33a000 	C:\WINDOWS\System32\ucrtbase.dll
0x00007ffda4700000 - 0x00007ffda4716000 	C:\Program Files\Java\jdk-12.0.1\bin\VCRUNTIME140.dll
0x00007ffda4170000 - 0x00007ffda4188000 	C:\Program Files\Java\jdk-12.0.1\bin\jli.dll
0x00007ffdbcfc0000 - 0x00007ffdbd063000 	C:\WINDOWS\System32\ADVAPI32.dll
0x00007ffdbcf20000 - 0x00007ffdbcfbe000 	C:\WINDOWS\System32\msvcrt.dll
0x00007ffdbc140000 - 0x00007ffdbc1d7000 	C:\WINDOWS\System32\sechost.dll
0x00007ffdbd0e0000 - 0x00007ffdbd200000 	C:\WINDOWS\System32\RPCRT4.dll
0x00007ffdbcb10000 - 0x00007ffdbcca4000 	C:\WINDOWS\System32\USER32.dll
0x00007ffdbb3f0000 - 0x00007ffdbb411000 	C:\WINDOWS\System32\win32u.dll
0x00007ffdbdc50000 - 0x00007ffdbdc76000 	C:\WINDOWS\System32\GDI32.dll
0x00007ffdbacc0000 - 0x00007ffdbae56000 	C:\WINDOWS\System32\gdi32full.dll
0x00007ffdbb1a0000 - 0x00007ffdbb23e000 	C:\WINDOWS\System32\msvcp_win.dll
0x00007ffdad490000 - 0x00007ffdad714000 	C:\WINDOWS\WinSxS\amd64_microsoft.windows.common-controls_6595b64144ccf1df_6.0.18362.1256_none_9e7e379be45e40e2\COMCTL32.dll
0x00007ffdbc7d0000 - 0x00007ffdbcb06000 	C:\WINDOWS\System32\combase.dll
0x00007ffdbac30000 - 0x00007ffdbacb1000 	C:\WINDOWS\System32\bcryptPrimitives.dll
0x00007ffdba900000 - 0x00007ffdba90a000 	C:\WINDOWS\SYSTEM32\VERSION.dll
0x00007ffdbd8f0000 - 0x00007ffdbd91e000 	C:\WINDOWS\System32\IMM32.DLL
0x00007ffdba940000 - 0x00007ffdba976000 	C:\WINDOWS\system32\DriverStore\FileRepository\nvfm.inf_amd64_76974c92c44bbb6b\nvinitx.dll
0x00007ffdbd200000 - 0x00007ffdbd8e7000 	C:\WINDOWS\System32\Shell32.dll
0x00007ffdbbd20000 - 0x00007ffdbbd6a000 	C:\WINDOWS\System32\cfgmgr32.dll
0x00007ffdbd920000 - 0x00007ffdbd9c9000 	C:\WINDOWS\System32\shcore.dll
0x00007ffdbb590000 - 0x00007ffdbbd11000 	C:\WINDOWS\System32\windows.storage.dll
0x00007ffdbac00000 - 0x00007ffdbac23000 	C:\WINDOWS\System32\profapi.dll
0x00007ffdbab70000 - 0x00007ffdbabba000 	C:\WINDOWS\System32\powrprof.dll
0x00007ffdbab60000 - 0x00007ffdbab70000 	C:\WINDOWS\System32\UMPDC.dll
0x00007ffdbccb0000 - 0x00007ffdbcd02000 	C:\WINDOWS\System32\shlwapi.dll
0x00007ffdbabe0000 - 0x00007ffdbabf1000 	C:\WINDOWS\System32\kernel.appcore.dll
0x00007ffdbb570000 - 0x00007ffdbb587000 	C:\WINDOWS\System32\cryptsp.dll
0x000000005e340000 - 0x000000005e346000 	C:\Program Files\NVIDIA Corporation\CoProcManager\_etoured.dll
0x00007ffdb0380000 - 0x00007ffdb03c3000 	C:\Program Files\NVIDIA Corporation\CoProcManager\nvd3d9wrapx.dll
0x00007ffdbc360000 - 0x00007ffdbc7d0000 	C:\WINDOWS\System32\SETUPAPI.dll
0x00007ffdbb170000 - 0x00007ffdbb196000 	C:\WINDOWS\System32\bcrypt.dll
0x00007ffdb9710000 - 0x00007ffdb9730000 	C:\WINDOWS\SYSTEM32\dxcore.dll
0x00007ffdb0350000 - 0x00007ffdb037d000 	C:\Program Files\NVIDIA Corporation\CoProcManager\nvdxgiwrapx.dll
0x00007ffd870a0000 - 0x00007ffd8714a000 	C:\Program Files\Java\jdk-12.0.1\bin\msvcp140.dll
0x00007ffd72460000 - 0x00007ffd72fd4000 	C:\Program Files\Java\jdk-12.0.1\bin\server\jvm.dll
0x00007ffdbd070000 - 0x00007ffdbd078000 	C:\WINDOWS\System32\PSAPI.DLL
0x00007ffdb7070000 - 0x00007ffdb7079000 	C:\WINDOWS\SYSTEM32\WSOCK32.dll
0x00007ffdbce40000 - 0x00007ffdbceaf000 	C:\WINDOWS\System32\WS2_32.dll
0x00007ffdb7480000 - 0x00007ffdb74a4000 	C:\WINDOWS\SYSTEM32\WINMM.dll
0x00007ffdb7450000 - 0x00007ffdb747d000 	C:\WINDOWS\SYSTEM32\WINMMBASE.dll
0x00007ffd99a20000 - 0x00007ffd99a31000 	C:\Program Files\Java\jdk-12.0.1\bin\verify.dll
0x00007ffdb9350000 - 0x00007ffdb9544000 	C:\WINDOWS\SYSTEM32\DBGHELP.DLL
0x00007ffda6900000 - 0x00007ffda692a000 	C:\WINDOWS\SYSTEM32\dbgcore.DLL
0x00007ffd990e0000 - 0x00007ffd99106000 	C:\Program Files\Java\jdk-12.0.1\bin\java.dll
0x00007ffd98020000 - 0x00007ffd98037000 	C:\Program Files\Java\jdk-12.0.1\bin\zip.dll
0x00007ffdb3980000 - 0x00007ffdb398a000 	C:\Program Files\Java\jdk-12.0.1\bin\jimage.dll
0x00007ffd964b0000 - 0x00007ffd964c9000 	C:\Program Files\Java\jdk-12.0.1\bin\net.dll
0x00007ffdb0220000 - 0x00007ffdb0310000 	C:\WINDOWS\SYSTEM32\WINHTTP.dll
0x00007ffdaac80000 - 0x00007ffdaae56000 	C:\WINDOWS\SYSTEM32\urlmon.dll
0x00007ffdab070000 - 0x00007ffdab317000 	C:\WINDOWS\SYSTEM32\iertutil.dll
0x00007ffdba490000 - 0x00007ffdba49c000 	C:\WINDOWS\SYSTEM32\CRYPTBASE.DLL
0x00007ffdba310000 - 0x00007ffdba377000 	C:\WINDOWS\system32\mswsock.dll
0x00007ffd92580000 - 0x00007ffd92593000 	C:\Program Files\Java\jdk-12.0.1\bin\nio.dll
0x00007ffdb9e30000 - 0x00007ffdb9e63000 	C:\WINDOWS\system32\rsaenh.dll
0x00007ffdbaa40000 - 0x00007ffdbaa65000 	C:\WINDOWS\SYSTEM32\USERENV.dll
0x00007ffdba030000 - 0x00007ffdba06a000 	C:\WINDOWS\SYSTEM32\IPHLPAPI.DLL
0x00007ffdbbff0000 - 0x00007ffdbbff8000 	C:\WINDOWS\System32\NSI.dll
0x00007ffdb08d0000 - 0x00007ffdb08e6000 	C:\WINDOWS\SYSTEM32\dhcpcsvc6.DLL
0x00007ffdb08b0000 - 0x00007ffdb08cc000 	C:\WINDOWS\SYSTEM32\dhcpcsvc.DLL
0x00007ffdba070000 - 0x00007ffdba13b000 	C:\WINDOWS\SYSTEM32\DNSAPI.dll
0x00007ffdb37a0000 - 0x00007ffdb37a9000 	C:\Program Files\Java\jdk-12.0.1\bin\management.dll
0x00007ffdadad0000 - 0x00007ffdadadc000 	C:\Program Files\Java\jdk-12.0.1\bin\management_ext.dll
0x00007ffda59d0000 - 0x00007ffda59e6000 	C:\WINDOWS\system32\napinsp.dll
0x00007ffda59b0000 - 0x00007ffda59ca000 	C:\WINDOWS\system32\pnrpnsp.dll
0x00007ffda5990000 - 0x00007ffda599e000 	C:\WINDOWS\System32\winrnr.dll
0x00007ffdb7000000 - 0x00007ffdb701c000 	C:\WINDOWS\system32\NLAapi.dll
0x00007ffdb5110000 - 0x00007ffdb5125000 	C:\WINDOWS\system32\wshbth.dll
0x00007ffdada10000 - 0x00007ffdada1a000 	C:\Windows\System32\rasadhlp.dll
0x00007ffdb06b0000 - 0x00007ffdb0727000 	C:\WINDOWS\System32\fwpuclnt.dll
0x00007ffdb9b10000 - 0x00007ffdb9b41000 	C:\WINDOWS\SYSTEM32\ntmarta.dll
0x00007ffdb8960000 - 0x00007ffdb89ef000 	C:\WINDOWS\system32\apphelp.dll

dbghelp: loaded successfully - version: 4.0.5 - missing functions: none
symbol engine: initialized successfully - sym options: 0x614 - pdb path: .;C:\Program Files\Java\jdk-12.0.1\bin;C:\WINDOWS\SYSTEM32;C:\WINDOWS\WinSxS\amd64_microsoft.windows.common-controls_6595b64144ccf1df_6.0.18362.1256_none_9e7e379be45e40e2;C:\WINDOWS\system32\DriverStore\FileRepository\nvfm.inf_amd64_76974c92c44bbb6b;C:\Program Files\NVIDIA Corporation\CoProcManager;C:\Program Files\Java\jdk-12.0.1\bin\server

VM Arguments:
jvm_args: -Dorg.gradle.native=false -Xmx512m -Dfile.encoding=windows-1251 -Duser.country=RU -Duser.language=ru -Duser.variant -ea 
java_command: worker.org.gradle.process.internal.worker.GradleWorkerMain 'Gradle Test Executor 1'
java_class_path (initial): C:\\Gradle\\gradle-5.5\\caches\\6.7.1\\workerMain\\gradle-worker.jar;D:\\testExercise\\build\\classes\\java\\test;D:\\testExercise\\build\\resources\\test;D:\\testExercise\\build\\classes\\java\\main;D:\\testExercise\\build\\resources\\main;C:\\Gradle\\gradle-5.5\\caches\\modules-2\\files-2.1\\org.springframework.boot\\spring-boot-starter-data-mongodb-reactive\\2.4.1\\655a05dfabfab178a2365c40b762f2be67698d36\\spring-boot-starter-data-mongodb-reactive-2.4.1.jar;C:\\Gradle\\gradle-5.5\\caches\\modules-2\\files-2.1\\org.springframework.boot\\spring-boot-starter-webflux\\2.4.1\\e54535216a6b6becffc044fd8abff3e6011e576d\\spring-boot-starter-webflux-2.4.1.jar;C:\\Gradle\\gradle-5.5\\caches\\modules-2\\files-2.1\\org.springframework.boot\\spring-boot-starter-test\\2.4.1\\50147ab5f3b431a397d27e2c0af313b9147cd058\\spring-boot-starter-test-2.4.1.jar;C:\\Gradle\\gradle-5.5\\caches\\modules-2\\files-2.1\\de.flapdoodle.embed\\de.flapdoodle.embed.mongo\\2.2.0\\781d14f4e3d9eeb0b4c3e00a4ec165a04b3dc5c4\\de.flapdoodle.embed.mongo-2.2.0.jar;C:\\Gradle\\gradle-5.5\\caches\\modules-2\\files-2.1\\io.projectreactor\\reactor-test\\3.4.1\\ec8cef652db7d41ebf5967910872367b5423e989\\reactor-test-3.4.1.jar;C:\\Gradle\\gradle-5.5\\caches\\modules-2\\files-2.1\\org.springframework.boot\\spring-boot-starter-json\\2.4.1\\5a4b7088c88be531cb416ef218da3e19309f8cea\\spring-boot-starter-json-2.4.1.jar;C:\\Gradle\\gradle-5.5\\caches\\modules-2\\files-2.1\\org.springframework.boot\\spring-boot-starter\\2.4.1\\15d81ffe81e26de37986d491e1cf4c1e3a324ca3\\spring-boot-starter-2.4.1.jar;C:\\Gradle\\gradle-5.5\\caches\\modules-2\\files-2.1\\org.springframework\\spring-webflux\\5.3.2\\63fe694e07b0430991671eebac9fbb0ffba08483\\spring-webflux-5.3.2.jar;C:\\Gradle\\gradle-5.5\\caches\\modules-2\\files-2.1\\org.springframework.boot\\spring-boot-starter-reactor-netty\\2.4.1\\f4e512e25c75839c946b26756e18e7bee4307091\\spring-boot-starter-reactor-netty-2.4.1.jar;C:\\Gradle\\gradle-5.5\\caches\
Launcher Type: SUN_STANDARD

[Global flags]
     intx CICompilerCount                          = 3                                         {product} {ergonomic}
     uint ConcGCThreads                            = 1                                         {product} {ergonomic}
     uint G1ConcRefinementThreads                  = 4                                         {product} {ergonomic}
   size_t G1HeapRegionSize                         = 1048576                                   {product} {ergonomic}
    uintx GCDrainStackTargetSize                   = 64                                        {product} {ergonomic}
   size_t InitialHeapSize                          = 132120576                                 {product} {ergonomic}
   size_t MarkStackSize                            = 4194304                                   {product} {ergonomic}
   size_t MaxHeapSize                              = 536870912                                 {product} {command line}
   size_t MaxNewSize                               = 321912832                                 {product} {ergonomic}
   size_t MinHeapDeltaBytes                        = 1048576                                   {product} {ergonomic}
    uintx NonNMethodCodeHeapSize                   = 5830732                                {pd product} {ergonomic}
    uintx NonProfiledCodeHeapSize                  = 122913754                              {pd product} {ergonomic}
    uintx ProfiledCodeHeapSize                     = 122913754                              {pd product} {ergonomic}
    uintx ReservedCodeCacheSize                    = 251658240                              {pd product} {ergonomic}
     bool SegmentedCodeCache                       = true                                      {product} {ergonomic}
     bool UseCompressedClassPointers               = true                                 {lp64_product} {ergonomic}
     bool UseCompressedOops                        = true                                 {lp64_product} {ergonomic}
     bool UseG1GC                                  = true                                      {product} {ergonomic}
     bool UseLargePagesIndividualAllocation        = false                                  {pd product} {ergonomic}

Logging:
Log output configuration:
 #0: stdout all=warning uptime,level,tags
 #1: stderr all=off uptime,level,tags

Environment Variables:
JAVA_HOME=C:\Program Files\Java\jdk-12.0.1
PATH=C:\ProgramData\DockerDesktop\version-bin;C:\Program Files\Docker\Docker\Resources\bin;C:\WINDOWS\system32;C:\WINDOWS;C:\WINDOWS\System32\Wbem;C:\WINDOWS\System32\WindowsPowerShell\v1.0\;C:\WINDOWS\System32\OpenSSH\;C:\Program Files\Git\cmd;C:\Gradle\gradle-5.5\bin;C:\Go\bin;C:\Program Files\MySQL\MySQL Shell 8.0\bin\;C:\Users\Diana\AppData\Local\Microsoft\WindowsApps;;C:\Program Files\JetBrains\IntelliJ IDEA Community Edition 2019.1.3\bin;;C:\Users\Diana\go\bin;C:\Users\Diana\AppData\Local\Programs\Microsoft VS Code\bin
USERNAME=Diana
OS=Windows_NT
PROCESSOR_IDENTIFIER=Intel64 Family 6 Model 42 Stepping 7, GenuineIntel



---------------  S Y S T E M  ---------------

OS: Windows 10 , 64 bit Build 18362 (10.0.18362.1110)

CPU:total 4 (initial active 4) (2 cores per cpu, 2 threads per core) family 6 model 42 stepping 7, cmov, cx8, fxsr, mmx, sse, sse2, sse3, ssse3, sse4.1, sse4.2, popcnt, avx, clmul, ht, tsc, tscinvbit

Memory: 4k page, system-wide physical 8048M (760M free)
TotalPageFile size 8848M (AvailPageFile size 3M)
current process WorkingSet (physical memory assigned to process): 189M, peak: 190M
current process commit charge ("private bytes"): 214M, peak: 252M

vm_info: Java HotSpot(TM) 64-Bit Server VM (12.0.1+12) for windows-amd64 JRE (12.0.1+12), built on Apr  2 2019 14:02:19 by "mach5one" with MS VC++ 15.5 (VS2017)

END.
