#
# There is insufficient memory for the Java Runtime Environment to continue.
# Native memory allocation (malloc) failed to allocate 32744 bytes for ChunkPool::allocate
# Possible reasons:
#   The system is out of physical RAM or swap space
#   The process is running with CompressedOops enabled, and the Java Heap may be blocking the growth of the native heap
# Possible solutions:
#   Reduce memory load on the system
#   Increase physical memory or swap space
#   Check if swap backing store is full
#   Decrease Java heap size (-Xmx/-Xms)
#   Decrease number of Java threads
#   Decrease Java thread stack sizes (-Xss)
#   Set larger code cache with -XX:ReservedCodeCacheSize=
#   JVM is running with Unscaled Compressed Oops mode in which the Java heap is
#     placed in the first 4GB address space. The Java Heap base address is the
#     maximum limit for the native heap growth. Please use -XX:HeapBaseMinAddress
#     to set the Java Heap base and to place the Java Heap above 4GB virtual address.
# This output file may be truncated or incomplete.
#
#  Out of Memory Error (t:/workspace/open/src/hotspot/share/memory/arena.cpp:81), pid=4936, tid=9788
#
# JRE version: Java(TM) SE Runtime Environment (12.0.1+12) (build 12.0.1+12)
# Java VM: Java HotSpot(TM) 64-Bit Server VM (12.0.1+12, mixed mode, sharing, tiered, compressed oops, g1 gc, windows-amd64)
# No core dump will be written. Minidumps are not enabled by default on client versions of Windows
#

---------------  S U M M A R Y ------------

Command Line: -Dorg.gradle.native=false -Xmx512m -Dfile.encoding=windows-1251 -Duser.country=RU -Duser.language=ru -Duser.variant -ea worker.org.gradle.process.internal.worker.GradleWorkerMain 'Gradle Test Executor 5'

Host: Intel(R) Core(TM) i3-2328M CPU @ 2.20GHz, 4 cores, 7G,  Windows 10 , 64 bit Build 18362 (10.0.18362.1110)
Time: Sat Jan  9 17:57:15 2021 Oeieyiaey (ceia) elapsed time: 14 seconds (0d 0h 0m 14s)

---------------  T H R E A D  ---------------

Current thread (0x0000017b456df000):  JavaThread "Test worker" [_thread_in_vm, id=9788, stack(0x0000001941f00000,0x0000001942000000)]

Stack: [0x0000001941f00000,0x0000001942000000]
Native frames: (J=compiled Java code, j=interpreted, Vv=VM code, C=native code)
V  [jvm.dll+0x63948a]
V  [jvm.dll+0x78b31f]
V  [jvm.dll+0x78c9c1]
V  [jvm.dll+0x78d013]
V  [jvm.dll+0x262138]
V  [jvm.dll+0xc5a56]
V  [jvm.dll+0xc5dac]
V  [jvm.dll+0x7791c1]
V  [jvm.dll+0x385bd3]
V  [jvm.dll+0x384de8]
V  [jvm.dll+0x384d88]
V  [jvm.dll+0x538372]
V  [jvm.dll+0x5373b4]
V  [jvm.dll+0x3975bb]
V  [jvm.dll+0x396c83]
C  0x0000017b31c4e3ce

Java frames: (J=compiled Java code, j=interpreted, Vv=VM code)
j  org.springframework.data.mapping.context.AbstractMappingContext$PersistentPropertyCreator.lambda$doWith$0(Lorg/springframework/data/util/TypeInformation;Ljava/lang/reflect/Field;Ljava/beans/PropertyDescriptor;)Lorg/springframework/data/mapping/model/Property;+3
j  org.springframework.data.mapping.context.AbstractMappingContext$PersistentPropertyCreator$$Lambda$800.apply(Ljava/lang/Object;)Ljava/lang/Object;+12
j  java.util.Optional.map(Ljava/util/function/Function;)Ljava/util/Optional;+21 java.base@12.0.1
j  org.springframework.data.mapping.context.AbstractMappingContext$PersistentPropertyCreator.doWith(Ljava/lang/reflect/Field;)V+39
j  org.springframework.util.ReflectionUtils.doWithFields(Ljava/lang/Class;Lorg/springframework/util/ReflectionUtils$FieldCallback;Lorg/springframework/util/ReflectionUtils$FieldFilter;)V+55
j  org.springframework.data.mapping.context.AbstractMappingContext.addPersistentEntity(Lorg/springframework/data/util/TypeInformation;)Ljava/util/Optional;+202
j  org.springframework.data.mapping.context.AbstractMappingContext.addPersistentEntity(Ljava/lang/Class;)Ljava/util/Optional;+5
j  org.springframework.data.mapping.context.AbstractMappingContext$$Lambda$793.accept(Ljava/lang/Object;)V+8
j  java.lang.Iterable.forEach(Ljava/util/function/Consumer;)V+30 java.base@12.0.1
j  org.springframework.data.mapping.context.AbstractMappingContext.initialize()V+10
j  org.springframework.data.mapping.context.AbstractMappingContext.afterPropertiesSet()V+1
j  org.springframework.beans.factory.support.AbstractAutowireCapableBeanFactory.invokeInitMethods(Ljava/lang/String;Ljava/lang/Object;Lorg/springframework/beans/factory/support/RootBeanDefinition;)V+106
j  org.springframework.beans.factory.support.AbstractAutowireCapableBeanFactory.initializeBean(Ljava/lang/String;Ljava/lang/Object;Lorg/springframework/beans/factory/support/RootBeanDefinition;)Ljava/lang/Object;+59
j  org.springframework.beans.factory.support.AbstractAutowireCapableBeanFactory.doCreateBean(Ljava/lang/String;Lorg/springframework/beans/factory/support/RootBeanDefinition;[Ljava/lang/Object;)Ljava/lang/Object;+245
j  org.springframework.beans.factory.support.AbstractAutowireCapableBeanFactory.createBean(Ljava/lang/String;Lorg/springframework/beans/factory/support/RootBeanDefinition;[Ljava/lang/Object;)Ljava/lang/Object;+169
j  org.springframework.beans.factory.support.AbstractBeanFactory.lambda$doGetBean$0(Ljava/lang/String;Lorg/springframework/beans/factory/support/RootBeanDefinition;[Ljava/lang/Object;)Ljava/lang/Object;+4
j  org.springframework.beans.factory.support.AbstractBeanFactory$$Lambda$534.getObject()Ljava/lang/Object;+16
j  org.springframework.beans.factory.support.DefaultSingletonBeanRegistry.getSingleton(Ljava/lang/String;Lorg/springframework/beans/factory/ObjectFactory;)Ljava/lang/Object;+132
J 2835 c1 org.springframework.beans.factory.support.AbstractBeanFactory.doGetBean(Ljava/lang/String;Ljava/lang/Class;[Ljava/lang/Object;Z)Ljava/lang/Object; (952 bytes) @ 0x0000017b327b1c8c [0x0000017b327afc60+0x000000000000202c]
j  org.springframework.beans.factory.support.AbstractBeanFactory.getBean(Ljava/lang/String;)Ljava/lang/Object;+5
j  org.springframework.beans.factory.config.DependencyDescriptor.resolveCandidate(Ljava/lang/String;Ljava/lang/Class;Lorg/springframework/beans/factory/BeanFactory;)Ljava/lang/Object;+2
j  org.springframework.beans.factory.support.DefaultListableBeanFactory.doResolveDependency(Lorg/springframework/beans/factory/config/DependencyDescriptor;Ljava/lang/String;Ljava/util/Set;Lorg/springframework/beans/TypeConverter;)Ljava/lang/Object;+440
j  org.springframework.beans.factory.support.DefaultListableBeanFactory.resolveDependency(Lorg/springframework/beans/factory/config/DependencyDescriptor;Ljava/lang/String;Ljava/util/Set;Lorg/springframework/beans/TypeConverter;)Ljava/lang/Object;+108
j  org.springframework.beans.factory.support.ConstructorResolver.resolveAutowiredArgument(Lorg/springframework/core/MethodParameter;Ljava/lang/String;Ljava/util/Set;Lorg/springframework/beans/TypeConverter;Z)Ljava/lang/Object;+79
j  org.springframework.beans.factory.support.ConstructorResolver.createArgumentArray(Ljava/lang/String;Lorg/springframework/beans/factory/support/RootBeanDefinition;Lorg/springframework/beans/factory/config/ConstructorArgumentValues;Lorg/springframework/beans/BeanWrapper;[Ljava/lang/Class;[Ljava/lang/String;Ljava/lang/reflect/Executable;ZZ)Lorg/springframework/beans/factory/support/ConstructorResolver$ArgumentsHolder;+434
j  org.springframework.beans.factory.support.ConstructorResolver.instantiateUsingFactoryMethod(Ljava/lang/String;Lorg/springframework/beans/factory/support/RootBeanDefinition;[Ljava/lang/Object;)Lorg/springframework/beans/BeanWrapper;+736
j  org.springframework.beans.factory.support.AbstractAutowireCapableBeanFactory.instantiateUsingFactoryMethod(Ljava/lang/String;Lorg/springframework/beans/factory/support/RootBeanDefinition;[Ljava/lang/Object;)Lorg/springframework/beans/BeanWrapper;+11
j  org.springframework.beans.factory.support.AbstractAutowireCapableBeanFactory.createBeanInstance(Ljava/lang/String;Lorg/springframework/beans/factory/support/RootBeanDefinition;[Ljava/lang/Object;)Lorg/springframework/beans/BeanWrapper;+102
j  org.springframework.beans.factory.support.AbstractAutowireCapableBeanFactory.doCreateBean(Ljava/lang/String;Lorg/springframework/beans/factory/support/RootBeanDefinition;[Ljava/lang/Object;)Ljava/lang/Object;+34
j  org.springframework.beans.factory.support.AbstractAutowireCapableBeanFactory.createBean(Ljava/lang/String;Lorg/springframework/beans/factory/support/RootBeanDefinition;[Ljava/lang/Object;)Ljava/lang/Object;+169
j  org.springframework.beans.factory.support.AbstractBeanFactory.lambda$doGetBean$0(Ljava/lang/String;Lorg/springframework/beans/factory/support/RootBeanDefinition;[Ljava/lang/Object;)Ljava/lang/Object;+4
j  org.springframework.beans.factory.support.AbstractBeanFactory$$Lambda$534.getObject()Ljava/lang/Object;+16
j  org.springframework.beans.factory.support.DefaultSingletonBeanRegistry.getSingleton(Ljava/lang/String;Lorg/springframework/beans/factory/ObjectFactory;)Ljava/lang/Object;+132
J 2835 c1 org.springframework.beans.factory.support.AbstractBeanFactory.doGetBean(Ljava/lang/String;Ljava/lang/Class;[Ljava/lang/Object;Z)Ljava/lang/Object; (952 bytes) @ 0x0000017b327b1c8c [0x0000017b327afc60+0x000000000000202c]
j  org.springframework.beans.factory.support.AbstractBeanFactory.getBean(Ljava/lang/String;)Ljava/lang/Object;+5
j  org.springframework.beans.factory.config.DependencyDescriptor.resolveCandidate(Ljava/lang/String;Ljava/lang/Class;Lorg/springframework/beans/factory/BeanFactory;)Ljava/lang/Object;+2
j  org.springframework.beans.factory.support.DefaultListableBeanFactory.doResolveDependency(Lorg/springframework/beans/factory/config/DependencyDescriptor;Ljava/lang/String;Ljava/util/Set;Lorg/springframework/beans/TypeConverter;)Ljava/lang/Object;+440
j  org.springframework.beans.factory.support.DefaultListableBeanFactory.resolveDependency(Lorg/springframework/beans/factory/config/DependencyDescriptor;Ljava/lang/String;Ljava/util/Set;Lorg/springframework/beans/TypeConverter;)Ljava/lang/Object;+108
j  org.springframework.beans.factory.support.ConstructorResolver.resolveAutowiredArgument(Lorg/springframework/core/MethodParameter;Ljava/lang/String;Ljava/util/Set;Lorg/springframework/beans/TypeConverter;Z)Ljava/lang/Object;+79
j  org.springframework.beans.factory.support.ConstructorResolver.createArgumentArray(Ljava/lang/String;Lorg/springframework/beans/factory/support/RootBeanDefinition;Lorg/springframework/beans/factory/config/ConstructorArgumentValues;Lorg/springframework/beans/BeanWrapper;[Ljava/lang/Class;[Ljava/lang/String;Ljava/lang/reflect/Executable;ZZ)Lorg/springframework/beans/factory/support/ConstructorResolver$ArgumentsHolder;+434
j  org.springframework.beans.factory.support.ConstructorResolver.instantiateUsingFactoryMethod(Ljava/lang/String;Lorg/springframework/beans/factory/support/RootBeanDefinition;[Ljava/lang/Object;)Lorg/springframework/beans/BeanWrapper;+736
j  org.springframework.beans.factory.support.AbstractAutowireCapableBeanFactory.instantiateUsingFactoryMethod(Ljava/lang/String;Lorg/springframework/beans/factory/support/RootBeanDefinition;[Ljava/lang/Object;)Lorg/springframework/beans/BeanWrapper;+11
j  org.springframework.beans.factory.support.AbstractAutowireCapableBeanFactory.createBeanInstance(Ljava/lang/String;Lorg/springframework/beans/factory/support/RootBeanDefinition;[Ljava/lang/Object;)Lorg/springframework/beans/BeanWrapper;+102
j  org.springframework.beans.factory.support.AbstractAutowireCapableBeanFactory.doCreateBean(Ljava/lang/String;Lorg/springframework/beans/factory/support/RootBeanDefinition;[Ljava/lang/Object;)Ljava/lang/Object;+34
j  org.springframework.beans.factory.support.AbstractAutowireCapableBeanFactory.createBean(Ljava/lang/String;Lorg/springframework/beans/factory/support/RootBeanDefinition;[Ljava/lang/Object;)Ljava/lang/Object;+169
j  org.springframework.beans.factory.support.AbstractBeanFactory.lambda$doGetBean$0(Ljava/lang/String;Lorg/springframework/beans/factory/support/RootBeanDefinition;[Ljava/lang/Object;)Ljava/lang/Object;+4
j  org.springframework.beans.factory.support.AbstractBeanFactory$$Lambda$534.getObject()Ljava/lang/Object;+16
j  org.springframework.beans.factory.support.DefaultSingletonBeanRegistry.getSingleton(Ljava/lang/String;Lorg/springframework/beans/factory/ObjectFactory;)Ljava/lang/Object;+132
J 2835 c1 org.springframework.beans.factory.support.AbstractBeanFactory.doGetBean(Ljava/lang/String;Ljava/lang/Class;[Ljava/lang/Object;Z)Ljava/lang/Object; (952 bytes) @ 0x0000017b327b1c8c [0x0000017b327afc60+0x000000000000202c]
j  org.springframework.beans.factory.support.AbstractBeanFactory.getBean(Ljava/lang/String;)Ljava/lang/Object;+5
j  org.springframework.beans.factory.support.BeanDefinitionValueResolver.resolveReference(Ljava/lang/Object;Lorg/springframework/beans/factory/config/RuntimeBeanReference;)Ljava/lang/Object;+163
j  org.springframework.beans.factory.support.BeanDefinitionValueResolver.resolveValueIfNecessary(Ljava/lang/Object;Ljava/lang/Object;)Ljava/lang/Object;+15
j  org.springframework.beans.factory.support.AbstractAutowireCapableBeanFactory.applyPropertyValues(Ljava/lang/String;Lorg/springframework/beans/factory/config/BeanDefinition;Lorg/springframework/beans/BeanWrapper;Lorg/springframework/beans/PropertyValues;)V+308
j  org.springframework.beans.factory.support.AbstractAutowireCapableBeanFactory.populateBean(Ljava/lang/String;Lorg/springframework/beans/factory/support/RootBeanDefinition;Lorg/springframework/beans/BeanWrapper;)V+368
j  org.springframework.beans.factory.support.AbstractAutowireCapableBeanFactory.doCreateBean(Ljava/lang/String;Lorg/springframework/beans/factory/support/RootBeanDefinition;[Ljava/lang/Object;)Ljava/lang/Object;+237
j  org.springframework.beans.factory.support.AbstractAutowireCapableBeanFactory.createBean(Ljava/lang/String;Lorg/springframework/beans/factory/support/RootBeanDefinition;[Ljava/lang/Object;)Ljava/lang/Object;+169
j  org.springframework.beans.factory.support.AbstractBeanFactory.lambda$doGetBean$0(Ljava/lang/String;Lorg/springframework/beans/factory/support/RootBeanDefinition;[Ljava/lang/Object;)Ljava/lang/Object;+4
j  org.springframework.beans.factory.support.AbstractBeanFactory$$Lambda$534.getObject()Ljava/lang/Object;+16
j  org.springframework.beans.factory.support.DefaultSingletonBeanRegistry.getSingleton(Ljava/lang/String;Lorg/springframework/beans/factory/ObjectFactory;)Ljava/lang/Object;+132
J 2835 c1 org.springframework.beans.factory.support.AbstractBeanFactory.doGetBean(Ljava/lang/String;Ljava/lang/Class;[Ljava/lang/Object;Z)Ljava/lang/Object; (952 bytes) @ 0x0000017b327b1c8c [0x0000017b327afc60+0x000000000000202c]
j  org.springframework.beans.factory.support.AbstractBeanFactory.getBean(Ljava/lang/String;)Ljava/lang/Object;+5
j  org.springframework.beans.factory.config.DependencyDescriptor.resolveCandidate(Ljava/lang/String;Ljava/lang/Class;Lorg/springframework/beans/factory/BeanFactory;)Ljava/lang/Object;+2
j  org.springframework.beans.factory.support.DefaultListableBeanFactory.doResolveDependency(Lorg/springframework/beans/factory/config/DependencyDescriptor;Ljava/lang/String;Ljava/util/Set;Lorg/springframework/beans/TypeConverter;)Ljava/lang/Object;+440
j  org.springframework.beans.factory.support.DefaultListableBeanFactory.resolveDependency(Lorg/springframework/beans/factory/config/DependencyDescriptor;Ljava/lang/String;Ljava/util/Set;Lorg/springframework/beans/TypeConverter;)Ljava/lang/Object;+108
j  org.springframework.beans.factory.support.ConstructorResolver.resolveAutowiredArgument(Lorg/springframework/core/MethodParameter;Ljava/lang/String;Ljava/util/Set;Lorg/springframework/beans/TypeConverter;Z)Ljava/lang/Object;+79
j  org.springframework.beans.factory.support.ConstructorResolver.createArgumentArray(Ljava/lang/String;Lorg/springframework/beans/factory/support/RootBeanDefinition;Lorg/springframework/beans/factory/config/ConstructorArgumentValues;Lorg/springframework/beans/BeanWrapper;[Ljava/lang/Class;[Ljava/lang/String;Ljava/lang/reflect/Executable;ZZ)Lorg/springframework/beans/factory/support/ConstructorResolver$ArgumentsHolder;+434
j  org.springframework.beans.factory.support.ConstructorResolver.autowireConstructor(Ljava/lang/String;Lorg/springframework/beans/factory/support/RootBeanDefinition;[Ljava/lang/reflect/Constructor;[Ljava/lang/Object;)Lorg/springframework/beans/BeanWrapper;+545
j  org.springframework.beans.factory.support.AbstractAutowireCapableBeanFactory.autowireConstructor(Ljava/lang/String;Lorg/springframework/beans/factory/support/RootBeanDefinition;[Ljava/lang/reflect/Constructor;[Ljava/lang/Object;)Lorg/springframework/beans/BeanWrapper;+13
j  org.springframework.beans.factory.support.AbstractAutowireCapableBeanFactory.createBeanInstance(Ljava/lang/String;Lorg/springframework/beans/factory/support/RootBeanDefinition;[Ljava/lang/Object;)Lorg/springframework/beans/BeanWrapper;+222
j  org.springframework.beans.factory.support.AbstractAutowireCapableBeanFactory.doCreateBean(Ljava/lang/String;Lorg/springframework/beans/factory/support/RootBeanDefinition;[Ljava/lang/Object;)Ljava/lang/Object;+34
j  org.springframework.beans.factory.support.AbstractAutowireCapableBeanFactory.createBean(Ljava/lang/String;Lorg/springframework/beans/factory/support/RootBeanDefinition;[Ljava/lang/Object;)Ljava/lang/Object;+169
j  org.springframework.beans.factory.support.AbstractBeanFactory.lambda$doGetBean$0(Ljava/lang/String;Lorg/springframework/beans/factory/support/RootBeanDefinition;[Ljava/lang/Object;)Ljava/lang/Object;+4
j  org.springframework.beans.factory.support.AbstractBeanFactory$$Lambda$534.getObject()Ljava/lang/Object;+16
j  org.springframework.beans.factory.support.DefaultSingletonBeanRegistry.getSingleton(Ljava/lang/String;Lorg/springframework/beans/factory/ObjectFactory;)Ljava/lang/Object;+132
J 2835 c1 org.springframework.beans.factory.support.AbstractBeanFactory.doGetBean(Ljava/lang/String;Ljava/lang/Class;[Ljava/lang/Object;Z)Ljava/lang/Object; (952 bytes) @ 0x0000017b327b1c8c [0x0000017b327afc60+0x000000000000202c]
j  org.springframework.beans.factory.support.AbstractBeanFactory.getBean(Ljava/lang/String;)Ljava/lang/Object;+5
j  org.springframework.beans.factory.config.DependencyDescriptor.resolveCandidate(Ljava/lang/String;Ljava/lang/Class;Lorg/springframework/beans/factory/BeanFactory;)Ljava/lang/Object;+2
j  org.springframework.beans.factory.support.DefaultListableBeanFactory.doResolveDependency(Lorg/springframework/beans/factory/config/DependencyDescriptor;Ljava/lang/String;Ljava/util/Set;Lorg/springframework/beans/TypeConverter;)Ljava/lang/Object;+440
j  org.springframework.beans.factory.support.DefaultListableBeanFactory.resolveDependency(Lorg/springframework/beans/factory/config/DependencyDescriptor;Ljava/lang/String;Ljava/util/Set;Lorg/springframework/beans/TypeConverter;)Ljava/lang/Object;+108
j  org.springframework.beans.factory.support.ConstructorResolver.resolveAutowiredArgument(Lorg/springframework/core/MethodParameter;Ljava/lang/String;Ljava/util/Set;Lorg/springframework/beans/TypeConverter;Z)Ljava/lang/Object;+79
j  org.springframework.beans.factory.support.ConstructorResolver.createArgumentArray(Ljava/lang/String;Lorg/springframework/beans/factory/support/RootBeanDefinition;Lorg/springframework/beans/factory/config/ConstructorArgumentValues;Lorg/springframework/beans/BeanWrapper;[Ljava/lang/Class;[Ljava/lang/String;Ljava/lang/reflect/Executable;ZZ)Lorg/springframework/beans/factory/support/ConstructorResolver$ArgumentsHolder;+434
j  org.springframework.beans.factory.support.ConstructorResolver.autowireConstructor(Ljava/lang/String;Lorg/springframework/beans/factory/support/RootBeanDefinition;[Ljava/lang/reflect/Constructor;[Ljava/lang/Object;)Lorg/springframework/beans/BeanWrapper;+545
j  org.springframework.beans.factory.support.AbstractAutowireCapableBeanFactory.autowireConstructor(Ljava/lang/String;Lorg/springframework/beans/factory/support/RootBeanDefinition;[Ljava/lang/reflect/Constructor;[Ljava/lang/Object;)Lorg/springframework/beans/BeanWrapper;+13
j  org.springframework.beans.factory.support.AbstractAutowireCapableBeanFactory.createBeanInstance(Ljava/lang/String;Lorg/springframework/beans/factory/support/RootBeanDefinition;[Ljava/lang/Object;)Lorg/springframework/beans/BeanWrapper;+222
j  org.springframework.beans.factory.support.AbstractAutowireCapableBeanFactory.doCreateBean(Ljava/lang/String;Lorg/springframework/beans/factory/support/RootBeanDefinition;[Ljava/lang/Object;)Ljava/lang/Object;+34
j  org.springframework.beans.factory.support.AbstractAutowireCapableBeanFactory.createBean(Ljava/lang/String;Lorg/springframework/beans/factory/support/RootBeanDefinition;[Ljava/lang/Object;)Ljava/lang/Object;+169
j  org.springframework.beans.factory.support.AbstractBeanFactory.lambda$doGetBean$0(Ljava/lang/String;Lorg/springframework/beans/factory/support/RootBeanDefinition;[Ljava/lang/Object;)Ljava/lang/Object;+4
j  org.springframework.beans.factory.support.AbstractBeanFactory$$Lambda$534.getObject()Ljava/lang/Object;+16
j  org.springframework.beans.factory.support.DefaultSingletonBeanRegistry.getSingleton(Ljava/lang/String;Lorg/springframework/beans/factory/ObjectFactory;)Ljava/lang/Object;+132
J 2835 c1 org.springframework.beans.factory.support.AbstractBeanFactory.doGetBean(Ljava/lang/String;Ljava/lang/Class;[Ljava/lang/Object;Z)Ljava/lang/Object; (952 bytes) @ 0x0000017b327b1c8c [0x0000017b327afc60+0x000000000000202c]
j  org.springframework.beans.factory.support.AbstractBeanFactory.getBean(Ljava/lang/String;)Ljava/lang/Object;+5
j  org.springframework.beans.factory.support.DefaultListableBeanFactory.preInstantiateSingletons()V+248
j  org.springframework.context.support.AbstractApplicationContext.finishBeanFactoryInitialization(Lorg/springframework/beans/factory/config/ConfigurableListableBeanFactory;)V+124
j  org.springframework.context.support.AbstractApplicationContext.refresh()V+86
j  org.springframework.boot.SpringApplication.refresh(Lorg/springframework/context/ConfigurableApplicationContext;)V+1
j  org.springframework.boot.SpringApplication.refresh(Lorg/springframework/context/ApplicationContext;)V+12
j  org.springframework.boot.SpringApplication.refreshContext(Lorg/springframework/context/ConfigurableApplicationContext;)V+19
j  org.springframework.boot.SpringApplication.run([Ljava/lang/String;)Lorg/springframework/context/ConfigurableApplicationContext;+111
j  org.springframework.boot.test.context.SpringBootContextLoader.loadContext(Lorg/springframework/test/context/MergedContextConfiguration;)Lorg/springframework/context/ApplicationContext;+268
j  org.springframework.test.context.cache.DefaultCacheAwareContextLoaderDelegate.loadContextInternal(Lorg/springframework/test/context/MergedContextConfiguration;)Lorg/springframework/context/ApplicationContext;+27
j  org.springframework.test.context.cache.DefaultCacheAwareContextLoaderDelegate.loadContext(Lorg/springframework/test/context/MergedContextConfiguration;)Lorg/springframework/context/ApplicationContext;+24
j  org.springframework.test.context.support.DefaultTestContext.getApplicationContext()Lorg/springframework/context/ApplicationContext;+8
j  org.springframework.test.context.support.DependencyInjectionTestExecutionListener.injectDependencies(Lorg/springframework/test/context/TestContext;)V+15
j  org.springframework.test.context.support.DependencyInjectionTestExecutionListener.prepareTestInstance(Lorg/springframework/test/context/TestContext;)V+45
j  org.springframework.boot.test.autoconfigure.SpringBootDependencyInjectionTestExecutionListener.prepareTestInstance(Lorg/springframework/test/context/TestContext;)V+2
j  org.springframework.test.context.TestContextManager.prepareTestInstance(Ljava/lang/Object;)V+89
j  org.springframework.test.context.junit.jupiter.SpringExtension.postProcessTestInstance(Ljava/lang/Object;Lorg/junit/jupiter/api/extension/ExtensionContext;)V+10
j  org.junit.jupiter.engine.descriptor.ClassBasedTestDescriptor.lambda$invokeTestInstancePostProcessors$6(Lorg/junit/jupiter/api/extension/TestInstancePostProcessor;Ljava/lang/Object;Lorg/junit/jupiter/api/extension/ExtensionContext;)V+3
j  org.junit.jupiter.engine.descriptor.ClassBasedTestDescriptor$$Lambda$375.execute()V+12
j  org.junit.jupiter.engine.descriptor.ClassBasedTestDescriptor.executeAndMaskThrowable(Lorg/junit/jupiter/api/function/Executable;)V+1
j  org.junit.jupiter.engine.descriptor.ClassBasedTestDescriptor.lambda$invokeTestInstancePostProcessors$7(Ljava/lang/Object;Lorg/junit/jupiter/api/extension/ExtensionContext;Lorg/junit/jupiter/api/extension/TestInstancePostProcessor;)V+9
j  org.junit.jupiter.engine.descriptor.ClassBasedTestDescriptor$$Lambda$374.accept(Ljava/lang/Object;)V+16
j  java.util.stream.StreamSpliterators$WrappingSpliterator$$Lambda$5.accept(Ljava/lang/Object;)V+5 java.base@12.0.1
j  java.util.stream.ReferencePipeline$3$1.accept(Ljava/lang/Object;)V+17 java.base@12.0.1
j  java.util.stream.ReferencePipeline$2$1.accept(Ljava/lang/Object;)V+21 java.base@12.0.1
j  java.util.ArrayList$ArrayListSpliterator.forEachRemaining(Ljava/util/function/Consumer;)V+95 java.base@12.0.1
j  java.util.stream.AbstractPipeline.copyInto(Ljava/util/stream/Sink;Ljava/util/Spliterator;)V+32 java.base@12.0.1
j  java.util.stream.AbstractPipeline.wrapAndCopyInto(Ljava/util/stream/Sink;Ljava/util/Spliterator;)Ljava/util/stream/Sink;+13 java.base@12.0.1
j  java.util.stream.StreamSpliterators$WrappingSpliterator.forEachRemaining(Ljava/util/function/Consumer;)V+42 java.base@12.0.1
j  java.util.stream.Streams$ConcatSpliterator.forEachRemaining(Ljava/util/function/Consumer;)V+22 java.base@12.0.1
j  java.util.stream.Streams$ConcatSpliterator.forEachRemaining(Ljava/util/function/Consumer;)V+12 java.base@12.0.1
j  java.util.stream.ReferencePipeline$Head.forEach(Ljava/util/function/Consumer;)V+12 java.base@12.0.1
j  org.junit.jupiter.engine.descriptor.ClassBasedTestDescriptor.invokeTestInstancePostProcessors(Ljava/lang/Object;Lorg/junit/jupiter/engine/extension/ExtensionRegistry;Lorg/junit/jupiter/api/extension/ExtensionContext;)V+16
j  org.junit.jupiter.engine.descriptor.ClassBasedTestDescriptor.lambda$instantiateAndPostProcessTestInstance$4(Lorg/junit/jupiter/api/extension/TestInstances;Lorg/junit/jupiter/engine/extension/ExtensionRegistry;Lorg/junit/jupiter/api/extension/ExtensionContext;Lorg/junit/jupiter/engine/extension/ExtensionRegistrar;)V+9
j  org.junit.jupiter.engine.descriptor.ClassBasedTestDescriptor$$Lambda$373.execute()V+20
j  org.junit.platform.engine.support.hierarchical.ThrowableCollector.execute(Lorg/junit/platform/engine/support/hierarchical/ThrowableCollector$Executable;)V+1
j  org.junit.jupiter.engine.descriptor.ClassBasedTestDescriptor.instantiateAndPostProcessTestInstance(Lorg/junit/jupiter/engine/execution/JupiterEngineExecutionContext;Lorg/junit/jupiter/api/extension/ExtensionContext;Lorg/junit/jupiter/engine/extension/ExtensionRegistry;Lorg/junit/jupiter/engine/extension/ExtensionRegistrar;Lorg/junit/platform/engine/support/hierarchical/ThrowableCollector;)Lorg/junit/jupiter/api/extension/TestInstances;+27
j  org.junit.jupiter.engine.descriptor.ClassBasedTestDescriptor.lambda$testInstancesProvider$2(Lorg/junit/jupiter/engine/execution/JupiterEngineExecutionContext;Lorg/junit/jupiter/engine/descriptor/ClassExtensionContext;Lorg/junit/jupiter/engine/extension/ExtensionRegistry;Lorg/junit/jupiter/engine/extension/ExtensionRegistrar;Lorg/junit/platform/engine/support/hierarchical/ThrowableCollector;)Lorg/junit/jupiter/api/extension/TestInstances;+8
j  org.junit.jupiter.engine.descriptor.ClassBasedTestDescriptor$$Lambda$366.get()Ljava/lang/Object;+24
j  java.util.Optional.orElseGet(Ljava/util/function/Supplier;)Ljava/lang/Object;+15 java.base@12.0.1
j  org.junit.jupiter.engine.descriptor.ClassBasedTestDescriptor.lambda$testInstancesProvider$3(Lorg/junit/jupiter/engine/descriptor/ClassExtensionContext;Lorg/junit/jupiter/engine/execution/JupiterEngineExecutionContext;Lorg/junit/jupiter/engine/extension/ExtensionRegistry;Lorg/junit/jupiter/engine/extension/ExtensionRegistrar;Lorg/junit/platform/engine/support/hierarchical/ThrowableCollector;)Lorg/junit/jupiter/api/extension/TestInstances;+17
j  org.junit.jupiter.engine.descriptor.ClassBasedTestDescriptor$$Lambda$262.getTestInstances(Lorg/junit/jupiter/engine/extension/ExtensionRegistry;Lorg/junit/jupiter/engine/extension/ExtensionRegistrar;Lorg/junit/platform/engine/support/hierarchical/ThrowableCollector;)Lorg/junit/jupiter/api/extension/TestInstances;+15
j  org.junit.jupiter.engine.execution.TestInstancesProvider.getTestInstances(Lorg/junit/jupiter/engine/extension/MutableExtensionRegistry;Lorg/junit/platform/engine/support/hierarchical/ThrowableCollector;)Lorg/junit/jupiter/api/extension/TestInstances;+4
j  org.junit.jupiter.engine.descriptor.TestMethodTestDescriptor.lambda$prepare$0(Lorg/junit/jupiter/engine/execution/JupiterEngineExecutionContext;Lorg/junit/jupiter/engine/extension/MutableExtensionRegistry;Lorg/junit/platform/engine/support/hierarchical/ThrowableCollector;Lorg/junit/jupiter/engine/descriptor/MethodExtensionContext;)V+6
j  org.junit.jupiter.engine.descriptor.TestMethodTestDescriptor$$Lambda$365.execute()V+16
j  org.junit.platform.engine.support.hierarchical.ThrowableCollector.execute(Lorg/junit/platform/engine/support/hierarchical/ThrowableCollector$Executable;)V+1
j  org.junit.jupiter.engine.descriptor.TestMethodTestDescriptor.prepare(Lorg/junit/jupiter/engine/execution/JupiterEngineExecutionContext;)Lorg/junit/jupiter/engine/execution/JupiterEngineExecutionContext;+44
j  org.junit.jupiter.engine.descriptor.TestMethodTestDescriptor.prepare(Lorg/junit/platform/engine/support/hierarchical/EngineExecutionContext;)Lorg/junit/platform/engine/support/hierarchical/EngineExecutionContext;+5
j  org.junit.platform.engine.support.hierarchical.NodeTestTask.lambda$prepare$1()V+9
j  org.junit.platform.engine.support.hierarchical.NodeTestTask$$Lambda$208.execute()V+4
j  org.junit.platform.engine.support.hierarchical.ThrowableCollector.execute(Lorg/junit/platform/engine/support/hierarchical/ThrowableCollector$Executable;)V+1
j  org.junit.platform.engine.support.hierarchical.NodeTestTask.prepare()V+10
j  org.junit.platform.engine.support.hierarchical.NodeTestTask.execute()V+17
j  org.junit.platform.engine.support.hierarchical.SameThreadHierarchicalTestExecutorService$$Lambda$230.accept(Ljava/lang/Object;)V+4
j  java.util.ArrayList.forEach(Ljava/util/function/Consumer;)V+46 java.base@12.0.1
j  org.junit.platform.engine.support.hierarchical.SameThreadHierarchicalTestExecutorService.invokeAll(Ljava/util/List;)V+6
j  org.junit.platform.engine.support.hierarchical.NodeTestTask.lambda$executeRecursively$5()V+116
j  org.junit.platform.engine.support.hierarchical.NodeTestTask$$Lambda$226.execute()V+4
j  org.junit.platform.engine.support.hierarchical.ThrowableCollector.execute(Lorg/junit/platform/engine/support/hierarchical/ThrowableCollector$Executable;)V+1
j  org.junit.platform.engine.support.hierarchical.NodeTestTask.lambda$executeRecursively$7(Lorg/junit/platform/engine/support/hierarchical/EngineExecutionContext;)V+15
j  org.junit.platform.engine.support.hierarchical.NodeTestTask$$Lambda$225.invoke(Lorg/junit/platform/engine/support/hierarchical/EngineExecutionContext;)V+5
j  org.junit.platform.engine.support.hierarchical.Node.around(Lorg/junit/platform/engine/support/hierarchical/EngineExecutionContext;Lorg/junit/platform/engine/support/hierarchical/Node$Invocation;)V+2
j  org.junit.platform.engine.support.hierarchical.NodeTestTask.lambda$executeRecursively$8()V+14
j  org.junit.platform.engine.support.hierarchical.NodeTestTask$$Lambda$224.execute()V+4
j  org.junit.platform.engine.support.hierarchical.ThrowableCollector.execute(Lorg/junit/platform/engine/support/hierarchical/ThrowableCollector$Executable;)V+1
j  org.junit.platform.engine.support.hierarchical.NodeTestTask.executeRecursively()V+31
j  org.junit.platform.engine.support.hierarchical.NodeTestTask.execute()V+55
j  org.junit.platform.engine.support.hierarchical.SameThreadHierarchicalTestExecutorService$$Lambda$230.accept(Ljava/lang/Object;)V+4
j  java.util.ArrayList.forEach(Ljava/util/function/Consumer;)V+46 java.base@12.0.1
j  org.junit.platform.engine.support.hierarchical.SameThreadHierarchicalTestExecutorService.invokeAll(Ljava/util/List;)V+6
j  org.junit.platform.engine.support.hierarchical.NodeTestTask.lambda$executeRecursively$5()V+116
j  org.junit.platform.engine.support.hierarchical.NodeTestTask$$Lambda$226.execute()V+4
j  org.junit.platform.engine.support.hierarchical.ThrowableCollector.execute(Lorg/junit/platform/engine/support/hierarchical/ThrowableCollector$Executable;)V+1
j  org.junit.platform.engine.support.hierarchical.NodeTestTask.lambda$executeRecursively$7(Lorg/junit/platform/engine/support/hierarchical/EngineExecutionContext;)V+15
j  org.junit.platform.engine.support.hierarchical.NodeTestTask$$Lambda$225.invoke(Lorg/junit/platform/engine/support/hierarchical/EngineExecutionContext;)V+5
j  org.junit.platform.engine.support.hierarchical.Node.around(Lorg/junit/platform/engine/support/hierarchical/EngineExecutionContext;Lorg/junit/platform/engine/support/hierarchical/Node$Invocation;)V+2
j  org.junit.platform.engine.support.hierarchical.NodeTestTask.lambda$executeRecursively$8()V+14
j  org.junit.platform.engine.support.hierarchical.NodeTestTask$$Lambda$224.execute()V+4
j  org.junit.platform.engine.support.hierarchical.ThrowableCollector.execute(Lorg/junit/platform/engine/support/hierarchical/ThrowableCollector$Executable;)V+1
j  org.junit.platform.engine.support.hierarchical.NodeTestTask.executeRecursively()V+31
j  org.junit.platform.engine.support.hierarchical.NodeTestTask.execute()V+55
j  org.junit.platform.engine.support.hierarchical.SameThreadHierarchicalTestExecutorService.submit(Lorg/junit/platform/engine/support/hierarchical/HierarchicalTestExecutorService$TestTask;)Ljava/util/concurrent/Future;+1
j  org.junit.platform.engine.support.hierarchical.HierarchicalTestExecutor.execute()Ljava/util/concurrent/Future;+74
j  org.junit.platform.engine.support.hierarchical.HierarchicalTestEngine.execute(Lorg/junit/platform/engine/ExecutionRequest;)V+31
j  org.junit.platform.launcher.core.DefaultLauncher.execute(Lorg/junit/platform/engine/TestDescriptor;Lorg/junit/platform/engine/EngineExecutionListener;Lorg/junit/platform/engine/ConfigurationParameters;Lorg/junit/platform/engine/TestEngine;)V+24
j  org.junit.platform.launcher.core.DefaultLauncher.lambda$execute$5(Lorg/junit/platform/launcher/core/InternalTestPlan;Lorg/junit/platform/launcher/core/Root;Lorg/junit/platform/engine/ConfigurationParameters;Lorg/junit/platform/launcher/TestExecutionListener;)V+105
j  org.junit.platform.launcher.core.DefaultLauncher$$Lambda$186.accept(Ljava/lang/Object;)V+20
j  org.junit.platform.launcher.core.DefaultLauncher.withInterceptedStreams(Lorg/junit/platform/engine/ConfigurationParameters;Lorg/junit/platform/launcher/core/TestExecutionListenerRegistry;Ljava/util/function/Consumer;)V+43
j  org.junit.platform.launcher.core.DefaultLauncher.execute(Lorg/junit/platform/launcher/core/InternalTestPlan;[Lorg/junit/platform/launcher/TestExecutionListener;)V+33
j  org.junit.platform.launcher.core.DefaultLauncher.execute(Lorg/junit/platform/launcher/LauncherDiscoveryRequest;[Lorg/junit/platform/launcher/TestExecutionListener;)V+33
j  org.gradle.api.internal.tasks.testing.junitplatform.JUnitPlatformTestClassProcessor$CollectAllTestClassesExecutor.processAllTestClasses()V+58
j  org.gradle.api.internal.tasks.testing.junitplatform.JUnitPlatformTestClassProcessor$CollectAllTestClassesExecutor.access$000(Lorg/gradle/api/internal/tasks/testing/junitplatform/JUnitPlatformTestClassProcessor$CollectAllTestClassesExecutor;)V+1
j  org.gradle.api.internal.tasks.testing.junitplatform.JUnitPlatformTestClassProcessor.stop()V+4
j  org.gradle.api.internal.tasks.testing.SuiteTestClassProcessor.stop()V+4
v  ~StubRoutines::call_stub
j  jdk.internal.reflect.NativeMethodAccessorImpl.invoke0(Ljava/lang/reflect/Method;Ljava/lang/Object;[Ljava/lang/Object;)Ljava/lang/Object;+0 java.base@12.0.1
j  jdk.internal.reflect.NativeMethodAccessorImpl.invoke(Ljava/lang/Object;[Ljava/lang/Object;)Ljava/lang/Object;+100 java.base@12.0.1
j  jdk.internal.reflect.DelegatingMethodAccessorImpl.invoke(Ljava/lang/Object;[Ljava/lang/Object;)Ljava/lang/Object;+6 java.base@12.0.1
j  java.lang.reflect.Method.invoke(Ljava/lang/Object;[Ljava/lang/Object;)Ljava/lang/Object;+59 java.base@12.0.1
j  org.gradle.internal.dispatch.ReflectionDispatch.dispatch(Lorg/gradle/internal/dispatch/MethodInvocation;)V+19
j  org.gradle.internal.dispatch.ReflectionDispatch.dispatch(Ljava/lang/Object;)V+5
j  org.gradle.internal.dispatch.ContextClassLoaderDispatch.dispatch(Ljava/lang/Object;)V+22
j  org.gradle.internal.dispatch.ProxyDispatchAdapter$DispatchingInvocationHandler.invoke(Ljava/lang/Object;Ljava/lang/reflect/Method;[Ljava/lang/Object;)Ljava/lang/Object;+177
j  com.sun.proxy.$Proxy2.stop()V+9
j  org.gradle.api.internal.tasks.testing.worker.TestWorker.stop()V+12
v  ~StubRoutines::call_stub
j  jdk.internal.reflect.NativeMethodAccessorImpl.invoke0(Ljava/lang/reflect/Method;Ljava/lang/Object;[Ljava/lang/Object;)Ljava/lang/Object;+0 java.base@12.0.1
j  jdk.internal.reflect.NativeMethodAccessorImpl.invoke(Ljava/lang/Object;[Ljava/lang/Object;)Ljava/lang/Object;+100 java.base@12.0.1
j  jdk.internal.reflect.DelegatingMethodAccessorImpl.invoke(Ljava/lang/Object;[Ljava/lang/Object;)Ljava/lang/Object;+6 java.base@12.0.1
j  java.lang.reflect.Method.invoke(Ljava/lang/Object;[Ljava/lang/Object;)Ljava/lang/Object;+59 java.base@12.0.1
j  org.gradle.internal.dispatch.ReflectionDispatch.dispatch(Lorg/gradle/internal/dispatch/MethodInvocation;)V+19
j  org.gradle.internal.dispatch.ReflectionDispatch.dispatch(Ljava/lang/Object;)V+5
j  org.gradle.internal.remote.internal.hub.MessageHubBackedObjectConnection$DispatchWrapper.dispatch(Lorg/gradle/internal/dispatch/MethodInvocation;)V+5
j  org.gradle.internal.remote.internal.hub.MessageHubBackedObjectConnection$DispatchWrapper.dispatch(Ljava/lang/Object;)V+5
j  org.gradle.internal.remote.internal.hub.MessageHub$Handler.run()V+174
j  org.gradle.internal.concurrent.ExecutorPolicy$CatchAndRecordFailures.onExecute(Ljava/lang/Runnable;)V+1
j  org.gradle.internal.concurrent.ManagedExecutorImpl$1.run()V+25
j  java.util.concurrent.ThreadPoolExecutor.runWorker(Ljava/util/concurrent/ThreadPoolExecutor$Worker;)V+92 java.base@12.0.1
j  java.util.concurrent.ThreadPoolExecutor$Worker.run()V+5 java.base@12.0.1
j  org.gradle.internal.concurrent.ThreadFactoryImpl$ManagedThreadRunnable.run()V+7
j  java.lang.Thread.run()V+11 java.base@12.0.1
v  ~StubRoutines::call_stub

---------------  P R O C E S S  ---------------

Threads class SMR info:
_java_thread_list=0x0000017b47c029c0, length=18, elements={
0x0000017b298ac800, 0x0000017b4445a000, 0x0000017b44462000, 0x0000017b4446b000,
0x0000017b4446e000, 0x0000017b44c7b800, 0x0000017b44c87800, 0x0000017b44c89000,
0x0000017b44e0b000, 0x0000017b44e1a000, 0x0000017b456df000, 0x0000017b457fe800,
0x0000017b45756000, 0x0000017b47617800, 0x0000017b47259000, 0x0000017b47308800,
0x0000017b4af62800, 0x0000017b49286800
}

Java Threads: ( => current thread )
  0x0000017b298ac800 JavaThread "main" [_thread_blocked, id=7972, stack(0x0000001940b00000,0x0000001940c00000)]
  0x0000017b4445a000 JavaThread "Reference Handler" daemon [_thread_blocked, id=1168, stack(0x0000001941200000,0x0000001941300000)]
  0x0000017b44462000 JavaThread "Finalizer" daemon [_thread_blocked, id=7764, stack(0x0000001941300000,0x0000001941400000)]
  0x0000017b4446b000 JavaThread "Signal Dispatcher" daemon [_thread_blocked, id=6540, stack(0x0000001941400000,0x0000001941500000)]
  0x0000017b4446e000 JavaThread "Attach Listener" daemon [_thread_blocked, id=8588, stack(0x0000001941500000,0x0000001941600000)]
  0x0000017b44c7b800 JavaThread "C2 CompilerThread0" daemon [_thread_in_native, id=4476, stack(0x0000001941600000,0x0000001941700000)]
  0x0000017b44c87800 JavaThread "C1 CompilerThread0" daemon [_thread_in_native, id=3652, stack(0x0000001941700000,0x0000001941800000)]
  0x0000017b44c89000 JavaThread "Sweeper thread" daemon [_thread_blocked, id=9640, stack(0x0000001941800000,0x0000001941900000)]
  0x0000017b44e0b000 JavaThread "Service Thread" daemon [_thread_blocked, id=6156, stack(0x0000001941900000,0x0000001941a00000)]
  0x0000017b44e1a000 JavaThread "Common-Cleaner" daemon [_thread_blocked, id=6056, stack(0x0000001941b00000,0x0000001941c00000)]
=>0x0000017b456df000 JavaThread "Test worker" [_thread_in_vm, id=9788, stack(0x0000001941f00000,0x0000001942000000)]
  0x0000017b457fe800 JavaThread "/127.0.0.1:54789 to /127.0.0.1:54782 workers Thread 2" [_thread_blocked, id=9472, stack(0x0000001942000000,0x0000001942100000)]
  0x0000017b45756000 JavaThread "/127.0.0.1:54789 to /127.0.0.1:54782 workers Thread 3" [_thread_in_native, id=2136, stack(0x0000001942100000,0x0000001942200000)]
  0x0000017b47617800 JavaThread "Thread-4" daemon [_thread_in_native, id=2296, stack(0x0000001942300000,0x0000001942400000)]
  0x0000017b47259000 JavaThread "Thread-5" daemon [_thread_in_native, id=3288, stack(0x0000001942400000,0x0000001942500000)]
  0x0000017b47308800 JavaThread "cluster-ClusterId{value='5ff9d25a007e5d4c9c2d41e5', description='null'}-localhost:54823" daemon [_thread_blocked, id=8612, stack(0x0000001942500000,0x0000001942600000)]
  0x0000017b4af62800 JavaThread "cluster-rtt-ClusterId{value='5ff9d25a007e5d4c9c2d41e5', description='null'}-localhost:54823" daemon [_thread_in_native, id=7372, stack(0x0000001942600000,0x0000001942700000)]
  0x0000017b49286800 JavaThread "C2 CompilerThread1" daemon [_thread_blocked, id=7428, stack(0x0000001942700000,0x0000001942800000)]

Other Threads:
  0x0000017b44457000 VMThread "VM Thread" [stack: 0x0000001941100000,0x0000001941200000] [id=9720]
  0x0000017b44e14800 WatcherThread [stack: 0x0000001941a00000,0x0000001941b00000] [id=2972]
  0x0000017b298cd800 GCTaskThread "GC Thread#0" [stack: 0x0000001940c00000,0x0000001940d00000] [id=5780]
  0x0000017b456b5800 GCTaskThread "GC Thread#1" [stack: 0x0000001941d00000,0x0000001941e00000] [id=2164]
  0x0000017b456db800 GCTaskThread "GC Thread#2" [stack: 0x0000001941e00000,0x0000001941f00000] [id=716]
  0x0000017b4578d000 GCTaskThread "GC Thread#3" [stack: 0x0000001942200000,0x0000001942300000] [id=3784]
  0x0000017b298d3000 ConcurrentGCThread "G1 Main Marker" [stack: 0x0000001940d00000,0x0000001940e00000] [id=712]
  0x0000017b298d5000 ConcurrentGCThread "G1 Conc#0" [stack: 0x0000001940e00000,0x0000001940f00000] [id=9956]
  0x0000017b442d0800 ConcurrentGCThread "G1 Refine#0" [stack: 0x0000001940f00000,0x0000001941000000] [id=1956]
  0x0000017b442d3800 ConcurrentGCThread "G1 Young RemSet Sampling" [stack: 0x0000001941000000,0x0000001941100000] [id=2468]

Threads with active compile tasks:
C2 CompilerThread0  3223   !   4       jdk.internal.loader.URLClassPath$JarLoader::getResource (353 bytes)
C1 CompilerThread0  3413   !   3       java.beans.PropertyDescriptor::findPropertyType (144 bytes)

VM state:not at safepoint (normal execution)

VM Mutex/Monitor currently owned by a thread: None

Heap address: 0x00000000e0000000, size: 512 MB, Compressed Oops mode: 32-bit
Narrow klass base: 0x0000000800000000, Narrow klass shift: 3
Compressed class space size: 1073741824 Address: 0x00000008011a0000

Heap:
 garbage-first heap   total 40960K, used 20617K [0x00000000e0000000, 0x0000000100000000)
  region size 1024K, 8 young (8192K), 2 survivors (2048K)
 Metaspace       used 32981K, capacity 34202K, committed 34432K, reserved 1079296K
  class space    used 4467K, capacity 4920K, committed 4992K, reserved 1048576K
Heap Regions: E=young(eden), S=young(survivor), O=old, HS=humongous(starts), HC=humongous(continues), CS=collection set, F=free, A=archive, TAMS=top-at-mark-start (previous, next)
|   0|0x00000000e0000000, 0x00000000e0100000, 0x00000000e0100000|100%| O|  |TAMS 0x00000000e0100000, 0x00000000e0000000| Untracked 
|   1|0x00000000e0100000, 0x00000000e0200000, 0x00000000e0200000|100%| O|  |TAMS 0x00000000e0200000, 0x00000000e0100000| Untracked 
|   2|0x00000000e0200000, 0x00000000e0300000, 0x00000000e0300000|100%| O|  |TAMS 0x00000000e0300000, 0x00000000e0200000| Untracked 
|   3|0x00000000e0300000, 0x00000000e0400000, 0x00000000e0400000|100%| O|  |TAMS 0x00000000e0400000, 0x00000000e0300000| Untracked 
|   4|0x00000000e0400000, 0x00000000e0500000, 0x00000000e0500000|100%| O|  |TAMS 0x00000000e0500000, 0x00000000e0400000| Untracked 
|   5|0x00000000e0500000, 0x00000000e0600000, 0x00000000e0600000|100%| O|  |TAMS 0x00000000e0600000, 0x00000000e0500000| Untracked 
|   6|0x00000000e0600000, 0x00000000e068b000, 0x00000000e0700000| 54%| O|  |TAMS 0x00000000e068b000, 0x00000000e0600000| Untracked 
|   7|0x00000000e0700000, 0x00000000e0800000, 0x00000000e0800000|100%| O|  |TAMS 0x00000000e0700000, 0x00000000e0700000| Untracked 
|   8|0x00000000e0800000, 0x00000000e0900000, 0x00000000e0900000|100%| O|  |TAMS 0x00000000e0800000, 0x00000000e0800000| Untracked 
|   9|0x00000000e0900000, 0x00000000e0a00000, 0x00000000e0a00000|100%| O|  |TAMS 0x00000000e0900000, 0x00000000e0900000| Untracked 
|  10|0x00000000e0a00000, 0x00000000e0b00000, 0x00000000e0b00000|100%| O|  |TAMS 0x00000000e0a00000, 0x00000000e0a00000| Untracked 
|  11|0x00000000e0b00000, 0x00000000e0c00000, 0x00000000e0c00000|100%| O|  |TAMS 0x00000000e0b00000, 0x00000000e0b00000| Untracked 
|  12|0x00000000e0c00000, 0x00000000e0d00000, 0x00000000e0d00000|100%| O|  |TAMS 0x00000000e0c00000, 0x00000000e0c00000| Untracked 
|  13|0x00000000e0d00000, 0x00000000e0dc7a00, 0x00000000e0e00000| 77%| O|  |TAMS 0x00000000e0d00000, 0x00000000e0d00000| Untracked 
|  14|0x00000000e0e00000, 0x00000000e0e00000, 0x00000000e0f00000|  0%| F|  |TAMS 0x00000000e0e00000, 0x00000000e0e00000| Untracked 
|  15|0x00000000e0f00000, 0x00000000e0f00000, 0x00000000e1000000|  0%| F|  |TAMS 0x00000000e0f00000, 0x00000000e0f00000| Untracked 
|  16|0x00000000e1000000, 0x00000000e1000000, 0x00000000e1100000|  0%| F|  |TAMS 0x00000000e1000000, 0x00000000e1000000| Untracked 
|  17|0x00000000e1100000, 0x00000000e1100000, 0x00000000e1200000|  0%| F|  |TAMS 0x00000000e1100000, 0x00000000e1100000| Untracked 
|  18|0x00000000e1200000, 0x00000000e1200000, 0x00000000e1300000|  0%| F|  |TAMS 0x00000000e1200000, 0x00000000e1200000| Untracked 
|  19|0x00000000e1300000, 0x00000000e1300000, 0x00000000e1400000|  0%| F|  |TAMS 0x00000000e1300000, 0x00000000e1300000| Untracked 
|  20|0x00000000e1400000, 0x00000000e14cfab0, 0x00000000e1500000| 81%| S|CS|TAMS 0x00000000e1400000, 0x00000000e1400000| Complete 
|  21|0x00000000e1500000, 0x00000000e1500000, 0x00000000e1600000|  0%| F|  |TAMS 0x00000000e1500000, 0x00000000e1500000| Untracked 
|  22|0x00000000e1600000, 0x00000000e1700000, 0x00000000e1700000|100%| S|CS|TAMS 0x00000000e1600000, 0x00000000e1600000| Complete 
|  23|0x00000000e1700000, 0x00000000e1700000, 0x00000000e1800000|  0%| F|  |TAMS 0x00000000e1700000, 0x00000000e1700000| Untracked 
|  24|0x00000000e1800000, 0x00000000e1800000, 0x00000000e1900000|  0%| F|  |TAMS 0x00000000e1800000, 0x00000000e1800000| Untracked 
|  25|0x00000000e1900000, 0x00000000e1900000, 0x00000000e1a00000|  0%| F|  |TAMS 0x00000000e1900000, 0x00000000e1900000| Untracked 
|  26|0x00000000e1a00000, 0x00000000e1a00000, 0x00000000e1b00000|  0%| F|  |TAMS 0x00000000e1a00000, 0x00000000e1a00000| Untracked 
|  27|0x00000000e1b00000, 0x00000000e1b00000, 0x00000000e1c00000|  0%| F|  |TAMS 0x00000000e1b00000, 0x00000000e1b00000| Untracked 
|  28|0x00000000e1c00000, 0x00000000e1c00000, 0x00000000e1d00000|  0%| F|  |TAMS 0x00000000e1c00000, 0x00000000e1c00000| Untracked 
|  29|0x00000000e1d00000, 0x00000000e1d00000, 0x00000000e1e00000|  0%| F|  |TAMS 0x00000000e1d00000, 0x00000000e1d00000| Untracked 
|  30|0x00000000e1e00000, 0x00000000e1e00000, 0x00000000e1f00000|  0%| F|  |TAMS 0x00000000e1e00000, 0x00000000e1e00000| Untracked 
|  31|0x00000000e1f00000, 0x00000000e1f00000, 0x00000000e2000000|  0%| F|  |TAMS 0x00000000e1f00000, 0x00000000e1f00000| Untracked 
|  32|0x00000000e2000000, 0x00000000e2000000, 0x00000000e2100000|  0%| F|  |TAMS 0x00000000e2000000, 0x00000000e2000000| Untracked 
|  33|0x00000000e2100000, 0x00000000e2100000, 0x00000000e2200000|  0%| F|  |TAMS 0x00000000e2100000, 0x00000000e2100000| Untracked 
|  34|0x00000000e2200000, 0x00000000e2245810, 0x00000000e2300000| 27%| E|  |TAMS 0x00000000e2200000, 0x00000000e2200000| Complete 
|  90|0x00000000e5a00000, 0x00000000e5b00000, 0x00000000e5b00000|100%| E|CS|TAMS 0x00000000e5a00000, 0x00000000e5a00000| Complete 
|  91|0x00000000e5b00000, 0x00000000e5c00000, 0x00000000e5c00000|100%| E|CS|TAMS 0x00000000e5b00000, 0x00000000e5b00000| Complete 
|  92|0x00000000e5c00000, 0x00000000e5d00000, 0x00000000e5d00000|100%| E|CS|TAMS 0x00000000e5c00000, 0x00000000e5c00000| Complete 
|  93|0x00000000e5d00000, 0x00000000e5e00000, 0x00000000e5e00000|100%| E|CS|TAMS 0x00000000e5d00000, 0x00000000e5d00000| Complete 
| 125|0x00000000e7d00000, 0x00000000e7e00000, 0x00000000e7e00000|100%| E|CS|TAMS 0x00000000e7d00000, 0x00000000e7d00000| Complete 

Card table byte_map: [0x0000017b40c30000,0x0000017b40d30000] _byte_map_base: 0x0000017b40530000

Marking Bits (Prev, Next): (CMBitMap*) 0x0000017b298cf158, (CMBitMap*) 0x0000017b298cf118
 Prev Bits: [0x0000017b41630000, 0x0000017b41e30000)
 Next Bits: [0x0000017b40e30000, 0x0000017b41630000)

Polling page: 0x0000017b27810000

Metaspace:

Usage:
  Non-class:     28.60 MB capacity,    27.85 MB ( 97%) used,   635.24 KB (  2%) free+waste,   133.44 KB ( <1%) overhead. 
      Class:      4.80 MB capacity,     4.36 MB ( 91%) used,   384.53 KB (  8%) free+waste,    67.50 KB (  1%) overhead. 
       Both:     33.40 MB capacity,    32.21 MB ( 96%) used,  1019.77 KB (  3%) free+waste,   200.94 KB ( <1%) overhead. 

Virtual space:
  Non-class space:       30.00 MB reserved,      28.75 MB ( 96%) committed 
      Class space:        1.00 GB reserved,       4.88 MB ( <1%) committed 
             Both:        1.03 GB reserved,      33.63 MB (  3%) committed 

Chunk freelists:
   Non-Class:  3.75 KB
       Class:  1.00 KB
        Both:  4.75 KB

CodeHeap 'non-profiled nmethods': size=120064Kb used=1624Kb max_used=1624Kb free=118439Kb
 bounds [0x0000017b396f0000, 0x0000017b39960000, 0x0000017b40c30000]
CodeHeap 'profiled nmethods': size=120000Kb used=7625Kb max_used=7625Kb free=112374Kb
 bounds [0x0000017b321c0000, 0x0000017b32940000, 0x0000017b396f0000]
CodeHeap 'non-nmethods': size=5696Kb used=1179Kb max_used=1235Kb free=4516Kb
 bounds [0x0000017b31c30000, 0x0000017b31ea0000, 0x0000017b321c0000]
 total_blobs=4634 nmethods=3240 adapters=423
 compilation: enabled
              stopped_count=0, restarted_count=0
 full_count=0

Compilation events (10 events):
Event: 14.665 Thread 0x0000017b44c87800 nmethod 3408 0x0000017b32932c10 code [0x0000017b32932ea0, 0x0000017b32933990]
Event: 14.685 Thread 0x0000017b44c87800 3409       3       java.lang.Module::isExported (15 bytes)
Event: 14.686 Thread 0x0000017b44c87800 nmethod 3409 0x0000017b32933d10 code [0x0000017b32933f00, 0x0000017b32934240]
Event: 14.691 Thread 0x0000017b49286800 3410       4       java.util.Arrays::hashCode (56 bytes)
Event: 14.693 Thread 0x0000017b44c87800 3411       3       java.util.TreeMap::values (25 bytes)
Event: 14.694 Thread 0x0000017b44c87800 nmethod 3411 0x0000017b32934390 code [0x0000017b32934560, 0x0000017b32934958]
Event: 14.694 Thread 0x0000017b44c87800 3412       3       java.util.TreeMap$Values::<init> (10 bytes)
Event: 14.694 Thread 0x0000017b44c87800 nmethod 3412 0x0000017b32934a90 code [0x0000017b32934c60, 0x0000017b32934ef8]
Event: 14.694 Thread 0x0000017b44c87800 3413   !   3       java.beans.PropertyDescriptor::findPropertyType (144 bytes)
Event: 14.696 Thread 0x0000017b49286800 nmethod 3410 0x0000017b39885d10 code [0x0000017b39885ec0, 0x0000017b39886038]

GC Heap History (10 events):
Event: 7.338 GC heap before
{Heap before GC invocations=7 (full 0):
 garbage-first heap   total 40960K, used 26082K [0x00000000e0000000, 0x0000000100000000)
  region size 1024K, 17 young (17408K), 3 survivors (3072K)
 Metaspace       used 23458K, capacity 24389K, committed 24448K, reserved 1071104K
  class space    used 3062K, capacity 3441K, committed 3456K, reserved 1048576K
}
Event: 7.343 GC heap after
{Heap after GC invocations=8 (full 0):
 garbage-first heap   total 40960K, used 12157K [0x00000000e0000000, 0x0000000100000000)
  region size 1024K, 2 young (2048K), 2 survivors (2048K)
 Metaspace       used 23458K, capacity 24389K, committed 24448K, reserved 1071104K
  class space    used 3062K, capacity 3441K, committed 3456K, reserved 1048576K
}
Event: 7.908 GC heap before
{Heap before GC invocations=8 (full 0):
 garbage-first heap   total 40960K, used 28541K [0x00000000e0000000, 0x0000000100000000)
  region size 1024K, 18 young (18432K), 2 survivors (2048K)
 Metaspace       used 25917K, capacity 26976K, committed 27264K, reserved 1073152K
  class space    used 3493K, capacity 3903K, committed 3968K, reserved 1048576K
}
Event: 7.914 GC heap after
{Heap after GC invocations=9 (full 0):
 garbage-first heap   total 40960K, used 12717K [0x00000000e0000000, 0x0000000100000000)
  region size 1024K, 3 young (3072K), 3 survivors (3072K)
 Metaspace       used 25917K, capacity 26976K, committed 27264K, reserved 1073152K
  class space    used 3493K, capacity 3903K, committed 3968K, reserved 1048576K
}
Event: 8.554 GC heap before
{Heap before GC invocations=9 (full 0):
 garbage-first heap   total 40960K, used 29101K [0x00000000e0000000, 0x0000000100000000)
  region size 1024K, 19 young (19456K), 3 survivors (3072K)
 Metaspace       used 27300K, capacity 28364K, committed 28544K, reserved 1073152K
  class space    used 3685K, capacity 4105K, committed 4224K, reserved 1048576K
}
Event: 8.562 GC heap after
{Heap after GC invocations=10 (full 0):
 garbage-first heap   total 40960K, used 13718K [0x00000000e0000000, 0x0000000100000000)
  region size 1024K, 3 young (3072K), 3 survivors (3072K)
 Metaspace       used 27300K, capacity 28364K, committed 28544K, reserved 1073152K
  class space    used 3685K, capacity 4105K, committed 4224K, reserved 1048576K
}
Event: 13.985 GC heap before
{Heap before GC invocations=10 (full 0):
 garbage-first heap   total 40960K, used 29078K [0x00000000e0000000, 0x0000000100000000)
  region size 1024K, 18 young (18432K), 3 survivors (3072K)
 Metaspace       used 29512K, capacity 30644K, committed 30848K, reserved 1075200K
  class space    used 3998K, capacity 4436K, committed 4480K, reserved 1048576K
}
Event: 13.992 GC heap after
{Heap after GC invocations=11 (full 0):
 garbage-first heap   total 40960K, used 14416K [0x00000000e0000000, 0x0000000100000000)
  region size 1024K, 2 young (2048K), 2 survivors (2048K)
 Metaspace       used 29512K, capacity 30644K, committed 30848K, reserved 1075200K
  class space    used 3998K, capacity 4436K, committed 4480K, reserved 1048576K
}
Event: 14.497 GC heap before
{Heap before GC invocations=11 (full 0):
 garbage-first heap   total 40960K, used 30800K [0x00000000e0000000, 0x0000000100000000)
  region size 1024K, 18 young (18432K), 2 survivors (2048K)
 Metaspace       used 32454K, capacity 33634K, committed 33792K, reserved 1079296K
  class space    used 4389K, capacity 4814K, committed 4864K, reserved 1048576K
}
Event: 14.503 GC heap after
{Heap after GC invocations=12 (full 0):
 garbage-first heap   total 40960K, used 15497K [0x00000000e0000000, 0x0000000100000000)
  region size 1024K, 2 young (2048K), 2 survivors (2048K)
 Metaspace       used 32454K, capacity 33634K, committed 33792K, reserved 1079296K
  class space    used 4389K, capacity 4814K, committed 4864K, reserved 1048576K
}

Deoptimization events (10 events):
Event: 13.004 Thread 0x0000017b47617800 Uncommon trap: reason=unstable_if action=reinterpret pc=0x0000017b397167a0 method=java.lang.String.isLatin1()Z @ 10 c2
Event: 13.004 Thread 0x0000017b47617800 Uncommon trap: reason=unstable_if action=reinterpret pc=0x0000017b397db190 method=java.lang.String.indexOf([BBILjava/lang/String;I)I @ 62 c2
Event: 13.674 Thread 0x0000017b456df000 Uncommon trap: reason=unstable_if action=reinterpret pc=0x0000017b396f1508 method=java.lang.String.isLatin1()Z @ 10 c2
Event: 13.692 Thread 0x0000017b456df000 Uncommon trap: reason=intrinsic_or_type_checked_inlining action=make_not_entrant pc=0x0000017b39872b9c method=java.util.Arrays.copyOf([Ljava/lang/Object;ILjava/lang/Class;)[Ljava/lang/Object; @ 35 c2
Event: 14.203 Thread 0x0000017b456df000 Uncommon trap: reason=unstable_if action=reinterpret pc=0x0000017b397655f0 method=java.lang.AbstractStringBuilder.append(Ljava/lang/String;)Ljava/lang/AbstractStringBuilder; @ 1 c2
Event: 14.204 Thread 0x0000017b456df000 Uncommon trap: reason=unstable_if action=reinterpret pc=0x0000017b397649e8 method=java.lang.AbstractStringBuilder.append(Ljava/lang/String;)Ljava/lang/AbstractStringBuilder; @ 1 c2
Event: 14.224 Thread 0x0000017b4af62800 Uncommon trap: reason=unstable_if action=reinterpret pc=0x0000017b3975a2bc method=java.util.concurrent.ConcurrentHashMap.putVal(Ljava/lang/Object;Ljava/lang/Object;Z)Ljava/lang/Object; @ 97 c2
Event: 14.376 Thread 0x0000017b456df000 Uncommon trap: reason=unstable_if action=reinterpret pc=0x0000017b3976c36c method=java.lang.String.equals(Ljava/lang/Object;)Z @ 34 c2
Event: 14.634 Thread 0x0000017b456df000 Uncommon trap: reason=unstable_if action=reinterpret pc=0x0000017b3982e3b4 method=org.springframework.util.ConcurrentReferenceHashMap$Segment.findInChain(Lorg/springframework/util/ConcurrentReferenceHashMap$Reference;Ljava/lang/Object;I)Lorg/springframewo
Event: 14.636 Thread 0x0000017b456df000 Uncommon trap: reason=unstable_if action=reinterpret pc=0x0000017b39820994 method=org.springframework.util.ConcurrentReferenceHashMap$Segment.findInChain(Lorg/springframework/util/ConcurrentReferenceHashMap$Reference;Ljava/lang/Object;I)Lorg/springframewo

Classes redefined (0 events):
No events

Internal exceptions (10 events):
Event: 14.649 Thread 0x0000017b456df000 Exception <a 'java/lang/ClassNotFoundException'{0x00000000e5b41080}: org/springframework/context/ApplicationContextAwareCustomizer> (0x00000000e5b41080) thrown at [t:/workspace/open/src/hotspot/share/classfile/systemDictionary.cpp, line 235]
Event: 14.650 Thread 0x0000017b456df000 Exception <a 'java/lang/ClassNotFoundException'{0x00000000e5b53c90}: org/springframework/beans/factory/AwareCustomizer> (0x00000000e5b53c90) thrown at [t:/workspace/open/src/hotspot/share/classfile/systemDictionary.cpp, line 235]
Event: 14.650 Thread 0x0000017b456df000 Exception <a 'java/lang/ClassNotFoundException'{0x00000000e5b672e8}: org/springframework/data/mapping/context/MappingContextCustomizer> (0x00000000e5b672e8) thrown at [t:/workspace/open/src/hotspot/share/classfile/systemDictionary.cpp, line 235]
Event: 14.654 Thread 0x0000017b456df000 Exception <a 'java/lang/ClassNotFoundException'{0x00000000e5b8a060}: org/springframework/context/ApplicationEventPublisherAwareCustomizer> (0x00000000e5b8a060) thrown at [t:/workspace/open/src/hotspot/share/classfile/systemDictionary.cpp, line 235]
Event: 14.655 Thread 0x0000017b456df000 Exception <a 'java/lang/ClassNotFoundException'{0x00000000e5b9c460}: org/springframework/beans/factory/AwareCustomizer> (0x00000000e5b9c460) thrown at [t:/workspace/open/src/hotspot/share/classfile/systemDictionary.cpp, line 235]
Event: 14.656 Thread 0x0000017b456df000 Exception <a 'java/lang/ClassNotFoundException'{0x00000000e5baf168}: org/springframework/context/ApplicationContextAwareCustomizer> (0x00000000e5baf168) thrown at [t:/workspace/open/src/hotspot/share/classfile/systemDictionary.cpp, line 235]
Event: 14.657 Thread 0x0000017b456df000 Exception <a 'java/lang/ClassNotFoundException'{0x00000000e5bc1690}: org/springframework/beans/factory/AwareCustomizer> (0x00000000e5bc1690) thrown at [t:/workspace/open/src/hotspot/share/classfile/systemDictionary.cpp, line 235]
Event: 14.658 Thread 0x0000017b456df000 Exception <a 'java/lang/ClassNotFoundException'{0x00000000e5bd45c0}: org/springframework/beans/factory/InitializingBeanCustomizer> (0x00000000e5bd45c0) thrown at [t:/workspace/open/src/hotspot/share/classfile/systemDictionary.cpp, line 235]
Event: 14.691 Thread 0x0000017b456df000 Exception <a 'java/lang/ClassNotFoundException'{0x00000000e5abc168}: java/lang/ObjectCustomizer> (0x00000000e5abc168) thrown at [t:/workspace/open/src/hotspot/share/classfile/systemDictionary.cpp, line 235]
Event: 14.693 Thread 0x0000017b456df000 Exception <a 'java/lang/ClassNotFoundException'{0x00000000e5ad1168}: com/dskushnir/testExercise/document/NodeCustomizer> (0x00000000e5ad1168) thrown at [t:/workspace/open/src/hotspot/share/classfile/systemDictionary.cpp, line 235]

Events (10 events):
Event: 14.697 loading class org/springframework/data/mapping/context/AbstractMappingContext$PersistentPropertyFilter
Event: 14.697 loading class org/springframework/data/mapping/context/AbstractMappingContext$PersistentPropertyFilter done
Event: 14.698 loading class org/springframework/data/mapping/context/AbstractMappingContext$PersistentPropertyFilter$PropertyMatch
Event: 14.698 loading class org/springframework/data/mapping/context/AbstractMappingContext$PersistentPropertyFilter$PropertyMatch done
Event: 14.699 loading class org/springframework/data/mapping/context/AbstractMappingContext$PersistentPropertyFilter$PropertyMatch
Event: 14.699 loading class org/springframework/data/mapping/context/AbstractMappingContext$PersistentPropertyFilter$PropertyMatch done
Event: 14.700 loading class org/springframework/data/util/TypeInformation
Event: 14.700 loading class org/springframework/data/util/TypeInformation done
Event: 14.700 loading class org/springframework/data/util/TypeInformation
Event: 14.700 loading class org/springframework/data/util/TypeInformation done


Dynamic libraries:
0x00007ff639bb0000 - 0x00007ff639bbf000 	C:\Program Files\Java\jdk-12.0.1\bin\java.exe
0x00007ffb62060000 - 0x00007ffb62250000 	C:\WINDOWS\SYSTEM32\ntdll.dll
0x00007ffb61cf0000 - 0x00007ffb61da2000 	C:\WINDOWS\System32\KERNEL32.DLL
0x00007ffb5efd0000 - 0x00007ffb5f275000 	C:\WINDOWS\System32\KERNELBASE.dll
0x00007ffb5f280000 - 0x00007ffb5f37a000 	C:\WINDOWS\System32\ucrtbase.dll
0x00007ffb46140000 - 0x00007ffb46156000 	C:\Program Files\Java\jdk-12.0.1\bin\VCRUNTIME140.dll
0x00007ffb4e940000 - 0x00007ffb4e958000 	C:\Program Files\Java\jdk-12.0.1\bin\jli.dll
0x00007ffb60520000 - 0x00007ffb605c3000 	C:\WINDOWS\System32\ADVAPI32.dll
0x00007ffb61f40000 - 0x00007ffb61fde000 	C:\WINDOWS\System32\msvcrt.dll
0x00007ffb61db0000 - 0x00007ffb61e47000 	C:\WINDOWS\System32\sechost.dll
0x00007ffb615e0000 - 0x00007ffb61700000 	C:\WINDOWS\System32\RPCRT4.dll
0x00007ffb60b10000 - 0x00007ffb60ca4000 	C:\WINDOWS\System32\USER32.dll
0x00007ffb5fc10000 - 0x00007ffb5fc31000 	C:\WINDOWS\System32\win32u.dll
0x00007ffb60d60000 - 0x00007ffb60d86000 	C:\WINDOWS\System32\GDI32.dll
0x00007ffb523e0000 - 0x00007ffb52664000 	C:\WINDOWS\WinSxS\amd64_microsoft.windows.common-controls_6595b64144ccf1df_6.0.18362.1256_none_9e7e379be45e40e2\COMCTL32.dll
0x00007ffb5ff70000 - 0x00007ffb60106000 	C:\WINDOWS\System32\gdi32full.dll
0x00007ffb5fed0000 - 0x00007ffb5ff6e000 	C:\WINDOWS\System32\msvcp_win.dll
0x00007ffb60110000 - 0x00007ffb60446000 	C:\WINDOWS\System32\combase.dll
0x00007ffb5fcf0000 - 0x00007ffb5fd71000 	C:\WINDOWS\System32\bcryptPrimitives.dll
0x00007ffb5ec00000 - 0x00007ffb5ec0a000 	C:\WINDOWS\SYSTEM32\VERSION.dll
0x00007ffb61ff0000 - 0x00007ffb6201e000 	C:\WINDOWS\System32\IMM32.DLL
0x00007ffb5ec10000 - 0x00007ffb5ec46000 	C:\WINDOWS\system32\DriverStore\FileRepository\nvfm.inf_amd64_76974c92c44bbb6b\nvinitx.dll
0x00007ffb60ef0000 - 0x00007ffb615d7000 	C:\WINDOWS\System32\Shell32.dll
0x00007ffb5fb10000 - 0x00007ffb5fb5a000 	C:\WINDOWS\System32\cfgmgr32.dll
0x00007ffb61a30000 - 0x00007ffb61ad9000 	C:\WINDOWS\System32\shcore.dll
0x00007ffb5f380000 - 0x00007ffb5fb01000 	C:\WINDOWS\System32\windows.storage.dll
0x00007ffb5efa0000 - 0x00007ffb5efc3000 	C:\WINDOWS\System32\profapi.dll
0x00007ffb5ef10000 - 0x00007ffb5ef5a000 	C:\WINDOWS\System32\powrprof.dll
0x00007ffb5ef00000 - 0x00007ffb5ef10000 	C:\WINDOWS\System32\UMPDC.dll
0x00007ffb61ae0000 - 0x00007ffb61b32000 	C:\WINDOWS\System32\shlwapi.dll
0x00007ffb5ef60000 - 0x00007ffb5ef71000 	C:\WINDOWS\System32\kernel.appcore.dll
0x00007ffb5fc40000 - 0x00007ffb5fc57000 	C:\WINDOWS\System32\cryptsp.dll
0x0000000072560000 - 0x0000000072566000 	C:\Program Files\NVIDIA Corporation\CoProcManager\_etoured.dll
0x00007ffb553e0000 - 0x00007ffb55423000 	C:\Program Files\NVIDIA Corporation\CoProcManager\nvd3d9wrapx.dll
0x00007ffb606a0000 - 0x00007ffb60b10000 	C:\WINDOWS\System32\SETUPAPI.dll
0x00007ffb5fc60000 - 0x00007ffb5fc86000 	C:\WINDOWS\System32\bcrypt.dll
0x00007ffb5dab0000 - 0x00007ffb5dad0000 	C:\WINDOWS\SYSTEM32\dxcore.dll
0x00007ffb553b0000 - 0x00007ffb553dd000 	C:\Program Files\NVIDIA Corporation\CoProcManager\nvdxgiwrapx.dll
0x00007ffb1fed0000 - 0x00007ffb1ff7a000 	C:\Program Files\Java\jdk-12.0.1\bin\msvcp140.dll
0x00007ffb162b0000 - 0x00007ffb16e24000 	C:\Program Files\Java\jdk-12.0.1\bin\server\jvm.dll
0x00007ffb61940000 - 0x00007ffb61948000 	C:\WINDOWS\System32\PSAPI.DLL
0x00007ffb5a5b0000 - 0x00007ffb5a5b9000 	C:\WINDOWS\SYSTEM32\WSOCK32.dll
0x00007ffb5bb00000 - 0x00007ffb5bb24000 	C:\WINDOWS\SYSTEM32\WINMM.dll
0x00007ffb619c0000 - 0x00007ffb61a2f000 	C:\WINDOWS\System32\WS2_32.dll
0x00007ffb5bad0000 - 0x00007ffb5bafd000 	C:\WINDOWS\SYSTEM32\WINMMBASE.dll
0x00007ffb3b690000 - 0x00007ffb3b6a1000 	C:\Program Files\Java\jdk-12.0.1\bin\verify.dll
0x00007ffb5d6f0000 - 0x00007ffb5d8e4000 	C:\WINDOWS\SYSTEM32\DBGHELP.DLL
0x00007ffb4bae0000 - 0x00007ffb4bb0a000 	C:\WINDOWS\SYSTEM32\dbgcore.DLL
0x00007ffb36be0000 - 0x00007ffb36c06000 	C:\Program Files\Java\jdk-12.0.1\bin\java.dll
0x00007ffb36bc0000 - 0x00007ffb36bd7000 	C:\Program Files\Java\jdk-12.0.1\bin\zip.dll
0x00007ffb5a020000 - 0x00007ffb5a02a000 	C:\Program Files\Java\jdk-12.0.1\bin\jimage.dll
0x00007ffb330f0000 - 0x00007ffb33109000 	C:\Program Files\Java\jdk-12.0.1\bin\net.dll
0x00007ffb53400000 - 0x00007ffb534f0000 	C:\WINDOWS\SYSTEM32\WINHTTP.dll
0x00007ffb4fcf0000 - 0x00007ffb4fec6000 	C:\WINDOWS\SYSTEM32\urlmon.dll
0x00007ffb500e0000 - 0x00007ffb50387000 	C:\WINDOWS\SYSTEM32\iertutil.dll
0x00007ffb5e830000 - 0x00007ffb5e83c000 	C:\WINDOWS\SYSTEM32\CRYPTBASE.DLL
0x00007ffb5e650000 - 0x00007ffb5e6b7000 	C:\WINDOWS\system32\mswsock.dll
0x00007ffb330d0000 - 0x00007ffb330e3000 	C:\Program Files\Java\jdk-12.0.1\bin\nio.dll
0x00007ffb5e1d0000 - 0x00007ffb5e203000 	C:\WINDOWS\system32\rsaenh.dll
0x00007ffb5ee20000 - 0x00007ffb5ee45000 	C:\WINDOWS\SYSTEM32\USERENV.dll
0x00007ffb5e370000 - 0x00007ffb5e3aa000 	C:\WINDOWS\SYSTEM32\IPHLPAPI.DLL
0x00007ffb61f30000 - 0x00007ffb61f38000 	C:\WINDOWS\System32\NSI.dll
0x00007ffb542f0000 - 0x00007ffb54306000 	C:\WINDOWS\SYSTEM32\dhcpcsvc6.DLL
0x00007ffb542d0000 - 0x00007ffb542ec000 	C:\WINDOWS\SYSTEM32\dhcpcsvc.DLL
0x00007ffb5e3c0000 - 0x00007ffb5e48b000 	C:\WINDOWS\SYSTEM32\DNSAPI.dll
0x00007ffb4e7d0000 - 0x00007ffb4e7d9000 	C:\Program Files\Java\jdk-12.0.1\bin\management.dll
0x00007ffb4e4e0000 - 0x00007ffb4e4ec000 	C:\Program Files\Java\jdk-12.0.1\bin\management_ext.dll
0x00007ffb471e0000 - 0x00007ffb471f6000 	C:\WINDOWS\system32\napinsp.dll
0x00007ffb471c0000 - 0x00007ffb471da000 	C:\WINDOWS\system32\pnrpnsp.dll
0x00007ffb471b0000 - 0x00007ffb471be000 	C:\WINDOWS\System32\winrnr.dll
0x00007ffb5b3c0000 - 0x00007ffb5b3dc000 	C:\WINDOWS\system32\NLAapi.dll
0x00007ffb5a720000 - 0x00007ffb5a735000 	C:\WINDOWS\system32\wshbth.dll
0x00007ffb52cc0000 - 0x00007ffb52cca000 	C:\Windows\System32\rasadhlp.dll
0x00007ffb540d0000 - 0x00007ffb54147000 	C:\WINDOWS\System32\fwpuclnt.dll
0x00007ffb5deb0000 - 0x00007ffb5dee1000 	C:\WINDOWS\SYSTEM32\ntmarta.dll
0x00007ffb5cd10000 - 0x00007ffb5cd9f000 	C:\WINDOWS\system32\apphelp.dll

dbghelp: loaded successfully - version: 4.0.5 - missing functions: none
symbol engine: initialized successfully - sym options: 0x614 - pdb path: .;C:\Program Files\Java\jdk-12.0.1\bin;C:\WINDOWS\SYSTEM32;C:\WINDOWS\WinSxS\amd64_microsoft.windows.common-controls_6595b64144ccf1df_6.0.18362.1256_none_9e7e379be45e40e2;C:\WINDOWS\system32\DriverStore\FileRepository\nvfm.inf_amd64_76974c92c44bbb6b;C:\Program Files\NVIDIA Corporation\CoProcManager;C:\Program Files\Java\jdk-12.0.1\bin\server

VM Arguments:
jvm_args: -Dorg.gradle.native=false -Xmx512m -Dfile.encoding=windows-1251 -Duser.country=RU -Duser.language=ru -Duser.variant -ea 
java_command: worker.org.gradle.process.internal.worker.GradleWorkerMain 'Gradle Test Executor 5'
java_class_path (initial): C:\\Gradle\\gradle-5.5\\caches\\6.7.1\\workerMain\\gradle-worker.jar;D:\\testExercise\\build\\classes\\java\\test;D:\\testExercise\\build\\resources\\test;D:\\testExercise\\build\\classes\\java\\main;D:\\testExercise\\build\\resources\\main;C:\\Gradle\\gradle-5.5\\caches\\modules-2\\files-2.1\\org.springframework.boot\\spring-boot-starter-data-mongodb-reactive\\2.4.1\\655a05dfabfab178a2365c40b762f2be67698d36\\spring-boot-starter-data-mongodb-reactive-2.4.1.jar;C:\\Gradle\\gradle-5.5\\caches\\modules-2\\files-2.1\\org.springframework.boot\\spring-boot-starter-webflux\\2.4.1\\e54535216a6b6becffc044fd8abff3e6011e576d\\spring-boot-starter-webflux-2.4.1.jar;C:\\Gradle\\gradle-5.5\\caches\\modules-2\\files-2.1\\org.springframework.boot\\spring-boot-starter-test\\2.4.1\\50147ab5f3b431a397d27e2c0af313b9147cd058\\spring-boot-starter-test-2.4.1.jar;C:\\Gradle\\gradle-5.5\\caches\\modules-2\\files-2.1\\de.flapdoodle.embed\\de.flapdoodle.embed.mongo\\2.2.0\\781d14f4e3d9eeb0b4c3e00a4ec165a04b3dc5c4\\de.flapdoodle.embed.mongo-2.2.0.jar;C:\\Gradle\\gradle-5.5\\caches\\modules-2\\files-2.1\\io.projectreactor\\reactor-test\\3.4.1\\ec8cef652db7d41ebf5967910872367b5423e989\\reactor-test-3.4.1.jar;C:\\Gradle\\gradle-5.5\\caches\\modules-2\\files-2.1\\org.springframework.boot\\spring-boot-starter-json\\2.4.1\\5a4b7088c88be531cb416ef218da3e19309f8cea\\spring-boot-starter-json-2.4.1.jar;C:\\Gradle\\gradle-5.5\\caches\\modules-2\\files-2.1\\org.springframework.boot\\spring-boot-starter\\2.4.1\\15d81ffe81e26de37986d491e1cf4c1e3a324ca3\\spring-boot-starter-2.4.1.jar;C:\\Gradle\\gradle-5.5\\caches\\modules-2\\files-2.1\\org.springframework\\spring-webflux\\5.3.2\\63fe694e07b0430991671eebac9fbb0ffba08483\\spring-webflux-5.3.2.jar;C:\\Gradle\\gradle-5.5\\caches\\modules-2\\files-2.1\\org.springframework.boot\\spring-boot-starter-reactor-netty\\2.4.1\\f4e512e25c75839c946b26756e18e7bee4307091\\spring-boot-starter-reactor-netty-2.4.1.jar;C:\\Gradle\\gradle-5.5\\caches\
Launcher Type: SUN_STANDARD

[Global flags]
     intx CICompilerCount                          = 3                                         {product} {ergonomic}
     uint ConcGCThreads                            = 1                                         {product} {ergonomic}
     uint G1ConcRefinementThreads                  = 4                                         {product} {ergonomic}
   size_t G1HeapRegionSize                         = 1048576                                   {product} {ergonomic}
    uintx GCDrainStackTargetSize                   = 64                                        {product} {ergonomic}
   size_t InitialHeapSize                          = 132120576                                 {product} {ergonomic}
   size_t MarkStackSize                            = 4194304                                   {product} {ergonomic}
   size_t MaxHeapSize                              = 536870912                                 {product} {command line}
   size_t MaxNewSize                               = 321912832                                 {product} {ergonomic}
   size_t MinHeapDeltaBytes                        = 1048576                                   {product} {ergonomic}
    uintx NonNMethodCodeHeapSize                   = 5830732                                {pd product} {ergonomic}
    uintx NonProfiledCodeHeapSize                  = 122913754                              {pd product} {ergonomic}
    uintx ProfiledCodeHeapSize                     = 122913754                              {pd product} {ergonomic}
    uintx ReservedCodeCacheSize                    = 251658240                              {pd product} {ergonomic}
     bool SegmentedCodeCache                       = true                                      {product} {ergonomic}
     bool UseCompressedClassPointers               = true                                 {lp64_product} {ergonomic}
     bool UseCompressedOops                        = true                                 {lp64_product} {ergonomic}
     bool UseG1GC                                  = true                                      {product} {ergonomic}
     bool UseLargePagesIndividualAllocation        = false                                  {pd product} {ergonomic}

Logging:
Log output configuration:
 #0: stdout all=warning uptime,level,tags
 #1: stderr all=off uptime,level,tags

Environment Variables:
JAVA_HOME=C:\Program Files\Java\jdk-12.0.1
PATH=C:\ProgramData\DockerDesktop\version-bin;C:\Program Files\Docker\Docker\Resources\bin;C:\WINDOWS\system32;C:\WINDOWS;C:\WINDOWS\System32\Wbem;C:\WINDOWS\System32\WindowsPowerShell\v1.0\;C:\WINDOWS\System32\OpenSSH\;C:\Program Files\Git\cmd;C:\Gradle\gradle-5.5\bin;C:\Go\bin;C:\Program Files\MySQL\MySQL Shell 8.0\bin\;C:\Users\Diana\AppData\Local\Microsoft\WindowsApps;;C:\Program Files\JetBrains\IntelliJ IDEA Community Edition 2019.1.3\bin;;C:\Users\Diana\go\bin;C:\Users\Diana\AppData\Local\Programs\Microsoft VS Code\bin
USERNAME=Diana
OS=Windows_NT
PROCESSOR_IDENTIFIER=Intel64 Family 6 Model 42 Stepping 7, GenuineIntel



---------------  S Y S T E M  ---------------

OS: Windows 10 , 64 bit Build 18362 (10.0.18362.1110)

CPU:total 4 (initial active 4) (2 cores per cpu, 2 threads per core) family 6 model 42 stepping 7, cmov, cx8, fxsr, mmx, sse, sse2, sse3, ssse3, sse4.1, sse4.2, popcnt, avx, clmul, ht, tsc, tscinvbit

Memory: 4k page, system-wide physical 8048M (944M free)
TotalPageFile size 8848M (AvailPageFile size 4M)
current process WorkingSet (physical memory assigned to process): 170M, peak: 186M
current process commit charge ("private bytes"): 198M, peak: 257M

vm_info: Java HotSpot(TM) 64-Bit Server VM (12.0.1+12) for windows-amd64 JRE (12.0.1+12), built on Apr  2 2019 14:02:19 by "mach5one" with MS VC++ 15.5 (VS2017)

END.
